#
# A fatal error has been detected by the Java Runtime Environment:
#
#  SIGSEGV (0xb) at pc=0xb76b3f3c, pid=7707, tid=2998262592
#
# JRE version: OpenJDK Runtime Environment (7.0_111-b01) (build 1.7.0_111-b01)
# Java VM: OpenJDK Client VM (24.111-b01 mixed mode, sharing linux-x86 )
# Derivative: IcedTea 2.6.7
# Distribution: Ubuntu 14.04 LTS, package 7u111-2.6.7-0ubuntu0.14.04.3
# Problematic frame:
# C  [libc.so.6+0x141f3c]
#
# Failed to write core dump. Core dumps have been disabled. To enable core dumping, try "ulimit -c unlimited" before starting Java again
#
# If you would like to submit a bug report, please include
# instructions on how to reproduce the bug and visit:
#   http://icedtea.classpath.org/bugzilla
# The crash happened outside the Java Virtual Machine in native code.
# See problematic frame for where to report the bug.
#

---------------  T H R E A D  ---------------

Current thread (0x08bd0000):  JavaThread "Thread-5" [_thread_in_native, id=7831, stack(0xb2b0d000,0xb2b5e000)]

siginfo:si_signo=SIGSEGV: si_errno=0, si_code=1 (SEGV_MAPERR), si_addr=0x00000000

Registers:
EAX=0x00000008, EBX=0xb76b3f3c, ECX=0x00000008, EDX=0x00000008
ESP=0xb28ad144, EBP=0xb28ad164, ESI=0x00000000, EDI=0x00000000
EIP=0xb76b3f3c, EFLAGS=0x00010287, CR2=0x00000000

Top of Stack: (sp=0xb28ad144)
0xb28ad144:   b28ab0f4 b289cffc 00000000 00000000
0xb28ad154:   00000008 b28af1e0 00000000 b76a558f
0xb28ad164:   b28ad1d4 b289bbad 00000000 00000000
0xb28ad174:   00000010 b28af1f8 b28ab1f1 b28b040a
0xb28ad184:   b28ad238 b28b0360 b28ab118 b28b04b0
0xb28ad194:   ffffffff 8089d81d 00000000 b28b3390
0xb28ad1a4:   b28b3380 b28b2b8c 0000002e b28af1e0
0xb28ad1b4:   00000000 000080fe 00000000 01000102 

Instructions: (pc=0xb76b3f3c)
0xb76b3f1c:   c8 8d 76 00 8b 48 f0 8b 5a f0 39 d9 0f 85 f2 09
0xb76b3f2c:   00 00 8b 48 f4 8b 5a f4 39 d9 0f 85 e4 09 00 00
0xb76b3f3c:   8b 48 f8 8b 5a f8 39 d9 0f 85 d6 09 00 00 8b 48
0xb76b3f4c:   fc 8b 5a fc 39 d9 b8 00 00 00 00 0f 85 c3 09 00 

Register to memory mapping:

EAX=0x00000008 is an unknown value
EBX=0xb76b3f3c: <offset 0x141f3c> in /lib/i386-linux-gnu/libc.so.6 at 0xb7572000
ECX=0x00000008 is an unknown value
EDX=0x00000008 is an unknown value
ESP=0xb28ad144: <offset 0x32144> in /home/user/Desktop/nfs/examples/ipv6/rpl-udp/obj_cooja/mtype940.cooja at 0xb287b000
EBP=0xb28ad164: <offset 0x32164> in /home/user/Desktop/nfs/examples/ipv6/rpl-udp/obj_cooja/mtype940.cooja at 0xb287b000
ESI=0x00000000 is an unknown value
EDI=0x00000000 is an unknown value


Stack: [0xb2b0d000,0xb2b5e000],  sp=0xb28ad144,  free space=4191872k
Native frames: (J=compiled Java code, j=interpreted, Vv=VM code, C=native code)
C  [libc.so.6+0x141f3c]
C  [mtype940.cooja+0x20bad]  dao_output_target_seq+0x2d3
C  [mtype940.cooja+0x208d8]  dao_output_target+0x34
C  [mtype940.cooja+0x20891]  dao_output+0xb4
C  [mtype940.cooja+0x214a8]  handle_dao_timer+0x98
C  [mtype940.cooja+0x121c4]  process_thread_ctimer_process+0xe7
C  [mtype940.cooja+0x129e1]  call_process+0x57
C  [mtype940.cooja+0x12c05]  do_event+0x141
C  [mtype940.cooja+0x12c22]  process_run+0x1b
C  [mtype940.cooja+0x105bf]  process_run_thread_loop+0x1f

Java frames: (J=compiled Java code, j=interpreted, Vv=VM code)
j  org.contikios.cooja.corecomm.Lib2.tick()V+0
j  org.contikios.cooja.contikimote.ContikiMoteType.tick()V+4
j  org.contikios.cooja.contikimote.ContikiMote.execute(J)V+63
j  org.contikios.cooja.motes.AbstractWakeupMote$1.execute(J)V+5
j  org.contikios.cooja.Simulation.run()V+184
j  java.lang.Thread.run()V+11
v  ~StubRoutines::call_stub

---------------  P R O C E S S  ---------------

Java Threads: ( => current thread )
=>0x08bd0000 JavaThread "Thread-5" [_thread_in_native, id=7831, stack(0xb2b0d000,0xb2b5e000)]
  0xb38a7400 JavaThread "Thread-4" [_thread_blocked, id=7821, stack(0xb2a30000,0xb2a81000)]
  0xb38a9000 JavaThread "Thread-3" [_thread_blocked, id=7820, stack(0xb2905000,0xb2956000)]
  0xb38a1800 JavaThread "Thread-2" [_thread_blocked, id=7773, stack(0xb29df000,0xb2a30000)]
  0xb38a2c00 JavaThread "Thread-1" [_thread_blocked, id=7772, stack(0xb298e000,0xb29df000)]
  0xb389c800 JavaThread "process reaper" daemon [_thread_blocked, id=7727, stack(0xb2a81000,0xb2a9a000)]
  0x089e1c00 JavaThread "TimerQueue" daemon [_thread_blocked, id=7724, stack(0xb3255000,0xb32a6000)]
  0xb6807800 JavaThread "DestroyJavaVM" [_thread_blocked, id=7709, stack(0xb6924000,0xb6975000)]
  0xb3854800 JavaThread "AWT-EventQueue-0" [_thread_blocked, id=7723, stack(0xb32a6000,0xb32f7000)]
  0xb3854000 JavaThread "AWT-Shutdown" [_thread_blocked, id=7722, stack(0xb32f7000,0xb3348000)]
  0xb3849c00 JavaThread "AWT-XAWT" daemon [_thread_in_native, id=7721, stack(0xb33ee000,0xb343f000)]
  0xb383ac00 JavaThread "Java2D Disposer" daemon [_thread_blocked, id=7720, stack(0xb3450000,0xb34a1000)]
  0xb684cc00 JavaThread "Service Thread" daemon [_thread_blocked, id=7718, stack(0xb3d8c000,0xb3ddd000)]
  0xb684ac00 JavaThread "C1 CompilerThread0" daemon [_thread_blocked, id=7717, stack(0xb3ddd000,0xb3e5e000)]
  0xb6849000 JavaThread "Signal Dispatcher" daemon [_thread_blocked, id=7716, stack(0xb3e5e000,0xb3eaf000)]
  0xb6833400 JavaThread "Finalizer" daemon [_thread_blocked, id=7715, stack(0xb40af000,0xb4100000)]
  0xb6831c00 JavaThread "Reference Handler" daemon [_thread_blocked, id=7714, stack(0xb4250000,0xb42a1000)]

Other Threads:
  0xb6830400 VMThread [stack: 0xb42a1000,0xb4322000] [id=7713]
  0xb684f000 WatcherThread [stack: 0xb3d0b000,0xb3d8c000] [id=7719]

VM state:not at safepoint (normal execution)

VM Mutex/Monitor currently owned by a thread: None

Heap
 def new generation   total 4992K, used 3945K [0x6e800000, 0x6ed60000, 0x792a0000)
  eden space 4480K,  81% used [0x6e800000, 0x6eb8d218, 0x6ec60000)
  from space 512K,  60% used [0x6ec60000, 0x6ecad4d8, 0x6ece0000)
  to   space 512K,   0% used [0x6ece0000, 0x6ece0000, 0x6ed60000)
 tenured generation   total 10944K, used 6722K [0x792a0000, 0x79d50000, 0x8e800000)
   the space 10944K,  61% used [0x792a0000, 0x79930810, 0x79930a00, 0x79d50000)
 compacting perm gen  total 12288K, used 6601K [0x8e800000, 0x8f400000, 0x92800000)
   the space 12288K,  53% used [0x8e800000, 0x8ee724e0, 0x8ee72600, 0x8f400000)
    ro space 10240K,  59% used [0x92800000, 0x92dfe3d8, 0x92dfe400, 0x93200000)
    rw space 12288K,  59% used [0x93200000, 0x9391c2b0, 0x9391c400, 0x93e00000)

Card table byte_map: [0xb45f1000,0xb471d000] byte_map_base: 0xb427d000

Polling page: 0xb7727000

Code Cache  [0xb479d000, 0xb49f5000, 0xb679d000)
 total_blobs=1529 nmethods=1235 adapters=230 free_code_cache=30387Kb largest_free_block=31115776

Compilation events (10 events):
Event: 14.244 Thread 0xb684ac00 1238             org.contikios.cooja.mote.memory.Memory::getIntValueOf (38 bytes)
Event: 14.244 Thread 0xb684ac00 nmethod 1238 0xb49ee708 code [0xb49ee890, 0xb49eeb68]
Event: 14.244 Thread 0xb684ac00 1239             org.contikios.cooja.mote.memory.MemoryBuffer::getInt (60 bytes)
Event: 14.244 Thread 0xb684ac00 nmethod 1239 0xb49eef48 code [0xb49ef070, 0xb49ef170]
Event: 14.245 Thread 0xb684ac00 1240             org.contikios.cooja.mote.memory.VarMemory::getIntValueOf (15 bytes)
Event: 14.245 Thread 0xb684ac00 nmethod 1240 0xb49ef248 code [0xb49ef380, 0xb49ef508]
Event: 14.245 Thread 0xb684ac00 1241             org.contikios.cooja.MoteInterfaceHandler::doActiveActionsAfterTick (113 bytes)
Event: 14.245 Thread 0xb684ac00 nmethod 1241 0xb49ef6c8 code [0xb49ef850, 0xb49efd08]
Event: 14.245 Thread 0xb684ac00 1242             org.contikios.cooja.mote.memory.SectionMoteMemory::pollForMemoryChanges (42 bytes)
Event: 14.246 Thread 0xb684ac00 nmethod 1242 0xb49f0188 code [0xb49f02b0, 0xb49f0464]

GC Heap History (10 events):
Event: 12.838 GC heap before
{Heap before GC invocations=176 (full 1):
 def new generation   total 4992K, used 4634K [0x6e800000, 0x6ed60000, 0x792a0000)
  eden space 4480K, 100% used [0x6e800000, 0x6ec60000, 0x6ec60000)
  from space 512K,  30% used [0x6ece0000, 0x6ed068a8, 0x6ed60000)
  to   space 512K,   0% used [0x6ec60000, 0x6ec60000, 0x6ece0000)
 tenured generation   total 10944K, used 5544K [0x792a0000, 0x79d50000, 0x8e800000)
   the space 10944K,  50% used [0x792a0000, 0x7980a140, 0x7980a200, 0x79d50000)
 compacting perm gen  total 12288K, used 6266K [0x8e800000, 0x8f400000, 0x92800000)
   the space 12288K,  50% used [0x8e800000, 0x8ee1e9d8, 0x8ee1ea00, 0x8f400000)
    ro space 10240K,  59% used [0x92800000, 0x92dfe3d8, 0x92dfe400, 0x93200000)
    rw space 12288K,  59% used [0x93200000, 0x9391c2b0, 0x9391c400, 0x93e00000)
Event: 12.841 GC heap after
Heap after GC invocations=177 (full 1):
 def new generation   total 4992K, used 512K [0x6e800000, 0x6ed60000, 0x792a0000)
  eden space 4480K,   0% used [0x6e800000, 0x6e800000, 0x6ec60000)
  from space 512K, 100% used [0x6ec60000, 0x6ece0000, 0x6ece0000)
  to   space 512K,   0% used [0x6ece0000, 0x6ece0000, 0x6ed60000)
 tenured generation   total 10944K, used 5827K [0x792a0000, 0x79d50000, 0x8e800000)
   the space 10944K,  53% used [0x792a0000, 0x79850f50, 0x79851000, 0x79d50000)
 compacting perm gen  total 12288K, used 6266K [0x8e800000, 0x8f400000, 0x92800000)
   the space 12288K,  50% used [0x8e800000, 0x8ee1e9d8, 0x8ee1ea00, 0x8f400000)
    ro space 10240K,  59% used [0x92800000, 0x92dfe3d8, 0x92dfe400, 0x93200000)
    rw space 12288K,  59% used [0x93200000, 0x9391c2b0, 0x9391c400, 0x93e00000)
}
Event: 12.930 GC heap before
{Heap before GC invocations=177 (full 1):
 def new generation   total 4992K, used 4992K [0x6e800000, 0x6ed60000, 0x792a0000)
  eden space 4480K, 100% used [0x6e800000, 0x6ec60000, 0x6ec60000)
  from space 512K, 100% used [0x6ec60000, 0x6ece0000, 0x6ece0000)
  to   space 512K,   0% used [0x6ece0000, 0x6ece0000, 0x6ed60000)
 tenured generation   total 10944K, used 5827K [0x792a0000, 0x79d50000, 0x8e800000)
   the space 10944K,  53% used [0x792a0000, 0x79850f50, 0x79851000, 0x79d50000)
 compacting perm gen  total 12288K, used 6468K [0x8e800000, 0x8f400000, 0x92800000)
   the space 12288K,  52% used [0x8e800000, 0x8ee513f8, 0x8ee51400, 0x8f400000)
    ro space 10240K,  59% used [0x92800000, 0x92dfe3d8, 0x92dfe400, 0x93200000)
    rw space 12288K,  59% used [0x93200000, 0x9391c2b0, 0x9391c400, 0x93e00000)
Event: 12.932 GC heap after
Heap after GC invocations=178 (full 1):
 def new generation   total 4992K, used 222K [0x6e800000, 0x6ed60000, 0x792a0000)
  eden space 4480K,   0% used [0x6e800000, 0x6e800000, 0x6ec60000)
  from space 512K,  43% used [0x6ece0000, 0x6ed17ac0, 0x6ed60000)
  to   space 512K,   0% used [0x6ec60000, 0x6ec60000, 0x6ece0000)
 tenured generation   total 10944K, used 6334K [0x792a0000, 0x79d50000, 0x8e800000)
   the space 10944K,  57% used [0x792a0000, 0x798cfbe0, 0x798cfc00, 0x79d50000)
 compacting perm gen  total 12288K, used 6468K [0x8e800000, 0x8f400000, 0x92800000)
   the space 12288K,  52% used [0x8e800000, 0x8ee513f8, 0x8ee51400, 0x8f400000)
    ro space 10240K,  59% used [0x92800000, 0x92dfe3d8, 0x92dfe400, 0x93200000)
    rw space 12288K,  59% used [0x93200000, 0x9391c2b0, 0x9391c400, 0x93e00000)
}
Event: 13.020 GC heap before
{Heap before GC invocations=178 (full 1):
 def new generation   total 4992K, used 4702K [0x6e800000, 0x6ed60000, 0x792a0000)
  eden space 4480K, 100% used [0x6e800000, 0x6ec60000, 0x6ec60000)
  from space 512K,  43% used [0x6ece0000, 0x6ed17ac0, 0x6ed60000)
  to   space 512K,   0% used [0x6ec60000, 0x6ec60000, 0x6ece0000)
 tenured generation   total 10944K, used 6334K [0x792a0000, 0x79d50000, 0x8e800000)
   the space 10944K,  57% used [0x792a0000, 0x798cfbe0, 0x798cfc00, 0x79d50000)
 compacting perm gen  total 12288K, used 6555K [0x8e800000, 0x8f400000, 0x92800000)
   the space 12288K,  53% used [0x8e800000, 0x8ee66d60, 0x8ee66e00, 0x8f400000)
    ro space 10240K,  59% used [0x92800000, 0x92dfe3d8, 0x92dfe400, 0x93200000)
    rw space 12288K,  59% used [0x93200000, 0x9391c2b0, 0x9391c400, 0x93e00000)
Event: 13.022 GC heap after
Heap after GC invocations=179 (full 1):
 def new generation   total 4992K, used 451K [0x6e800000, 0x6ed60000, 0x792a0000)
  eden space 4480K,   0% used [0x6e800000, 0x6e800000, 0x6ec60000)
  from space 512K,  88% used [0x6ec60000, 0x6ecd0c40, 0x6ece0000)
  to   space 512K,   0% used [0x6ece0000, 0x6ece0000, 0x6ed60000)
 tenured generation   total 10944K, used 6334K [0x792a0000, 0x79d50000, 0x8e800000)
   the space 10944K,  57% used [0x792a0000, 0x798cfbe0, 0x798cfc00, 0x79d50000)
 compacting perm gen  total 12288K, used 6555K [0x8e800000, 0x8f400000, 0x92800000)
   the space 12288K,  53% used [0x8e800000, 0x8ee66d60, 0x8ee66e00, 0x8f400000)
    ro space 10240K,  59% used [0x92800000, 0x92dfe3d8, 0x92dfe400, 0x93200000)
    rw space 12288K,  59% used [0x93200000, 0x9391c2b0, 0x9391c400, 0x93e00000)
}
Event: 13.111 GC heap before
{Heap before GC invocations=179 (full 1):
 def new generation   total 4992K, used 4931K [0x6e800000, 0x6ed60000, 0x792a0000)
  eden space 4480K, 100% used [0x6e800000, 0x6ec60000, 0x6ec60000)
  from space 512K,  88% used [0x6ec60000, 0x6ecd0c40, 0x6ece0000)
  to   space 512K,   0% used [0x6ece0000, 0x6ece0000, 0x6ed60000)
 tenured generation   total 10944K, used 6334K [0x792a0000, 0x79d50000, 0x8e800000)
   the space 10944K,  57% used [0x792a0000, 0x798cfbe0, 0x798cfc00, 0x79d50000)
 compacting perm gen  total 12288K, used 6577K [0x8e800000, 0x8f400000, 0x92800000)
   the space 12288K,  53% used [0x8e800000, 0x8ee6c4c8, 0x8ee6c600, 0x8f400000)
    ro space 10240K,  59% used [0x92800000, 0x92dfe3d8, 0x92dfe400, 0x93200000)
    rw space 12288K,  59% used [0x93200000, 0x9391c2b0, 0x9391c400, 0x93e00000)
Event: 13.113 GC heap after
Heap after GC invocations=180 (full 1):
 def new generation   total 4992K, used 414K [0x6e800000, 0x6ed60000, 0x792a0000)
  eden space 4480K,   0% used [0x6e800000, 0x6e800000, 0x6ec60000)
  from space 512K,  80% used [0x6ece0000, 0x6ed47970, 0x6ed60000)
  to   space 512K,   0% used [0x6ec60000, 0x6ec60000, 0x6ece0000)
 tenured generation   total 10944K, used 6530K [0x792a0000, 0x79d50000, 0x8e800000)
   the space 10944K,  59% used [0x792a0000, 0x79900b98, 0x79900c00, 0x79d50000)
 compacting perm gen  total 12288K, used 6577K [0x8e800000, 0x8f400000, 0x92800000)
   the space 12288K,  53% used [0x8e800000, 0x8ee6c4c8, 0x8ee6c600, 0x8f400000)
    ro space 10240K,  59% used [0x92800000, 0x92dfe3d8, 0x92dfe400, 0x93200000)
    rw space 12288K,  59% used [0x93200000, 0x9391c2b0, 0x9391c400, 0x93e00000)
}
Event: 14.157 GC heap before
{Heap before GC invocations=180 (full 1):
 def new generation   total 4992K, used 4894K [0x6e800000, 0x6ed60000, 0x792a0000)
  eden space 4480K, 100% used [0x6e800000, 0x6ec60000, 0x6ec60000)
  from space 512K,  80% used [0x6ece0000, 0x6ed47970, 0x6ed60000)
  to   space 512K,   0% used [0x6ec60000, 0x6ec60000, 0x6ece0000)
 tenured generation   total 10944K, used 6530K [0x792a0000, 0x79d50000, 0x8e800000)
   the space 10944K,  59% used [0x792a0000, 0x79900b98, 0x79900c00, 0x79d50000)
 compacting perm gen  total 12288K, used 6580K [0x8e800000, 0x8f400000, 0x92800000)
   the space 12288K,  53% used [0x8e800000, 0x8ee6d208, 0x8ee6d400, 0x8f400000)
    ro space 10240K,  59% used [0x92800000, 0x92dfe3d8, 0x92dfe400, 0x93200000)
    rw space 12288K,  59% used [0x93200000, 0x9391c2b0, 0x9391c400, 0x93e00000)
Event: 14.159 GC heap after
Heap after GC invocations=181 (full 1):
 def new generation   total 4992K, used 309K [0x6e800000, 0x6ed60000, 0x792a0000)
  eden space 4480K,   0% used [0x6e800000, 0x6e800000, 0x6ec60000)
  from space 512K,  60% used [0x6ec60000, 0x6ecad4d8, 0x6ece0000)
  to   space 512K,   0% used [0x6ece0000, 0x6ece0000, 0x6ed60000)
 tenured generation   total 10944K, used 6722K [0x792a0000, 0x79d50000, 0x8e800000)
   the space 10944K,  61% used [0x792a0000, 0x79930810, 0x79930a00, 0x79d50000)
 compacting perm gen  total 12288K, used 6580K [0x8e800000, 0x8f400000, 0x92800000)
   the space 12288K,  53% used [0x8e800000, 0x8ee6d208, 0x8ee6d400, 0x8f400000)
    ro space 10240K,  59% used [0x92800000, 0x92dfe3d8, 0x92dfe400, 0x93200000)
    rw space 12288K,  59% used [0x93200000, 0x9391c2b0, 0x9391c400, 0x93e00000)
}

Deoptimization events (0 events):
No events

Internal exceptions (10 events):
Event: 13.242 Thread 0xb3854800 Threw 0x6ebe4e10 at /build/openjdk-7-Ylwexc/openjdk-7-7u111-2.6.7/build/openjdk/hotspot/src/share/vm/prims/jvm.cpp:1322
Event: 14.214 Thread 0x08bd0000 Threw 0x6e9cede8 at /build/openjdk-7-Ylwexc/openjdk-7-7u111-2.6.7/build/openjdk/hotspot/src/share/vm/prims/jvm.cpp:1322
Event: 14.214 Thread 0x08bd0000 Threw 0x6e9d1810 at /build/openjdk-7-Ylwexc/openjdk-7-7u111-2.6.7/build/openjdk/hotspot/src/share/vm/prims/jvm.cpp:1322
Event: 14.216 Thread 0x08bd0000 Threw 0x6e9d44c0 at /build/openjdk-7-Ylwexc/openjdk-7-7u111-2.6.7/build/openjdk/hotspot/src/share/vm/prims/jvm.cpp:1322
Event: 14.218 Thread 0x08bd0000 Threw 0x6e9e7708 at /build/openjdk-7-Ylwexc/openjdk-7-7u111-2.6.7/build/openjdk/hotspot/src/share/vm/prims/jvm.cpp:1322
Event: 14.219 Thread 0x08bd0000 Threw 0x6e9ea3c8 at /build/openjdk-7-Ylwexc/openjdk-7-7u111-2.6.7/build/openjdk/hotspot/src/share/vm/prims/jvm.cpp:1322
Event: 14.220 Thread 0x08bd0000 Threw 0x6e9f2a18 at /build/openjdk-7-Ylwexc/openjdk-7-7u111-2.6.7/build/openjdk/hotspot/src/share/vm/prims/jvm.cpp:1322
Event: 14.225 Thread 0x08bd0000 Threw 0x6ea145e8 at /build/openjdk-7-Ylwexc/openjdk-7-7u111-2.6.7/build/openjdk/hotspot/src/share/vm/prims/jvm.cpp:1322
Event: 14.226 Thread 0x08bd0000 Threw 0x6ea2b420 at /build/openjdk-7-Ylwexc/openjdk-7-7u111-2.6.7/build/openjdk/hotspot/src/share/vm/prims/jvm.cpp:1322
Event: 14.227 Thread 0x08bd0000 Threw 0x6ea37878 at /build/openjdk-7-Ylwexc/openjdk-7-7u111-2.6.7/build/openjdk/hotspot/src/share/vm/prims/jvm.cpp:1322

Events (10 events):
Event: 14.222 Executing VM operation: RevokeBias
Event: 14.222 Executing VM operation: RevokeBias done
Event: 14.222 Executing VM operation: RevokeBias
Event: 14.222 Executing VM operation: RevokeBias done
Event: 14.225 loading class 0xb3897b00
Event: 14.225 loading class 0xb3897b00 done
Event: 14.226 loading class 0x08a7e798
Event: 14.226 loading class 0x08a7e798 done
Event: 14.227 loading class 0xb68d7548
Event: 14.227 loading class 0xb68d7548 done


Dynamic libraries:
08048000-08049000 r-xp 00000000 08:01 277188     /usr/lib/jvm/java-7-openjdk-i386/jre/bin/java
08049000-0804a000 r--p 00000000 08:01 277188     /usr/lib/jvm/java-7-openjdk-i386/jre/bin/java
0804a000-0804b000 rw-p 00001000 08:01 277188     /usr/lib/jvm/java-7-openjdk-i386/jre/bin/java
088e4000-08cde000 rw-p 00000000 00:00 0          [heap]
6e800000-6ed60000 rw-p 00000000 00:00 0 
6ed60000-792a0000 rw-p 00000000 00:00 0 
792a0000-79d50000 rw-p 00000000 00:00 0 
79d50000-8e800000 rw-p 00000000 00:00 0 
8e800000-8f400000 rw-p 00000000 00:00 0 
8f400000-92800000 rw-p 00000000 00:00 0 
92800000-92dff000 r--p 00001000 08:01 199405     /usr/lib/jvm/java-7-openjdk-i386/jre/lib/i386/client/classes.jsa
92dff000-93200000 rw-p 00000000 00:00 0 
93200000-9391d000 rw-p 00600000 08:01 199405     /usr/lib/jvm/java-7-openjdk-i386/jre/lib/i386/client/classes.jsa
9391d000-93e00000 rw-p 00000000 00:00 0 
93e00000-94114000 rw-p 00d1d000 08:01 199405     /usr/lib/jvm/java-7-openjdk-i386/jre/lib/i386/client/classes.jsa
94114000-94200000 rw-p 00000000 00:00 0 
94200000-94209000 r-xp 01031000 08:01 199405     /usr/lib/jvm/java-7-openjdk-i386/jre/lib/i386/client/classes.jsa
94209000-94600000 rw-p 00000000 00:00 0 
b277b000-b287b000 rw-p 00000000 00:00 0 
b287b000-b28aa000 r-xp 00000000 00:1e 3675210    /home/user/Desktop/nfs/examples/ipv6/rpl-udp/obj_cooja/mtype940.cooja
b28aa000-b28ab000 r--p 0002e000 00:1e 3675210    /home/user/Desktop/nfs/examples/ipv6/rpl-udp/obj_cooja/mtype940.cooja
b28ab000-b28ac000 rw-p 0002f000 00:1e 3675210    /home/user/Desktop/nfs/examples/ipv6/rpl-udp/obj_cooja/mtype940.cooja
b28ac000-b28b4000 rw-p 00000000 00:00 0          [stack:7831]
b28b4000-b28b7000 ---p 00000000 00:00 0 
b28b7000-b2905000 rw-p 00000000 00:00 0 
b2905000-b2908000 ---p 00000000 00:00 0 
b2908000-b2956000 rw-p 00000000 00:00 0          [stack:7820]
b2956000-b2984000 r-xp 00000000 00:1e 3675195    /home/user/Desktop/nfs/examples/ipv6/rpl-udp/obj_cooja/mtype161.cooja
b2984000-b2985000 r--p 0002d000 00:1e 3675195    /home/user/Desktop/nfs/examples/ipv6/rpl-udp/obj_cooja/mtype161.cooja
b2985000-b2986000 rw-p 0002e000 00:1e 3675195    /home/user/Desktop/nfs/examples/ipv6/rpl-udp/obj_cooja/mtype161.cooja
b2986000-b298e000 rw-p 00000000 00:00 0 
b298e000-b2991000 ---p 00000000 00:00 0 
b2991000-b29df000 rw-p 00000000 00:00 0          [stack:7772]
b29df000-b29e2000 ---p 00000000 00:00 0 
b29e2000-b2a30000 rw-p 00000000 00:00 0          [stack:7773]
b2a30000-b2a33000 ---p 00000000 00:00 0 
b2a33000-b2a81000 rw-p 00000000 00:00 0          [stack:7821]
b2a81000-b2a84000 ---p 00000000 00:00 0 
b2a84000-b2a9a000 rw-p 00000000 00:00 0          [stack:7727]
b2ad5000-b2b0d000 rw-s 00000000 00:04 23953427   /SYSV00000000 (deleted)
b2b0d000-b2b10000 ---p 00000000 00:00 0 
b2b10000-b2b5e000 rw-p 00000000 00:00 0 
b2b67000-b2b68000 rw-p 00000000 00:00 0 
b2b68000-b31fd000 rw-s 00000000 00:04 23298064   /SYSV00000000 (deleted)
b31fd000-b31ff000 r--s 00003000 00:1e 6161349    /home/user/Desktop/nfs/tools/cooja/apps/powertracker/lib/powertracker.jar
b31ff000-b3200000 r--s 00002000 00:1e 3683091    /home/user/Desktop/nfs/tools/cooja/apps/collect-view/cooja-collect-view.jar
b3200000-b3202000 r--s 00008000 00:1e 10105265   /home/user/Desktop/nfs/tools/cooja/apps/serial_socket/lib/serial_socket.jar
b3202000-b323c000 r--s 001e1000 00:1e 9048202    /home/user/Desktop/nfs/tools/cooja/apps/avrora/lib/avrora-small.jar
b323c000-b323d000 r--s 00008000 00:1e 9047568    /home/user/Desktop/nfs/tools/cooja/apps/avrora/lib/cooja_avrora.jar
b323d000-b323f000 r--s 00010000 00:1e 6161792    /home/user/Desktop/nfs/tools/cooja/apps/mspsim/lib/jipv6.jar
b323f000-b3240000 r--s 00004000 00:1e 6161304    /home/user/Desktop/nfs/tools/cooja/apps/mspsim/lib/coffee.jar
b3240000-b324c000 r--s 000eb000 00:1e 6161348    /home/user/Desktop/nfs/tools/cooja/apps/mspsim/lib/mspsim.jar
b324c000-b3252000 r--s 00062000 00:1e 6161344    /home/user/Desktop/nfs/tools/cooja/apps/mspsim/lib/cooja_mspsim.jar
b3252000-b3255000 r--s 0001e000 00:1e 6161303    /home/user/Desktop/nfs/tools/cooja/apps/mrm/lib/mrm.jar
b3255000-b3258000 ---p 00000000 00:00 0 
b3258000-b32a6000 rw-p 00000000 00:00 0          [stack:7724]
b32a6000-b32a9000 ---p 00000000 00:00 0 
b32a9000-b32f7000 rw-p 00000000 00:00 0          [stack:7723]
b32f7000-b32fa000 ---p 00000000 00:00 0 
b32fa000-b3348000 rw-p 00000000 00:00 0          [stack:7722]
b3348000-b3349000 r--s 00000000 08:01 403951     /var/cache/fontconfig/c05880de57d1f5e948fdfacc138775d9-le32d4.cache-4
b3349000-b3351000 r--s 00000000 08:01 395165     /var/cache/fontconfig/945677eb7aeaf62f1d50efc3fb3ec7d8-le32d4.cache-4
b3351000-b3353000 r--s 00000000 08:01 403828     /var/cache/fontconfig/99e8ed0e538f840c565b6ed5dad60d56-le32d4.cache-4
b3353000-b3357000 r--s 00000000 08:01 403701     /var/cache/fontconfig/2cd17615ca594fa2959ae173292e504c-le32d4.cache-4
b3357000-b3358000 r--s 00000000 08:01 403278     /var/cache/fontconfig/e7071f4a29fa870f4323321c154eba04-le32d4.cache-4
b3358000-b3359000 r--s 00000000 08:01 402342     /var/cache/fontconfig/0d8c3b2ac0904cb8a57a757ad11a4a08-le32d4.cache-4
b3359000-b335e000 r--s 00000000 08:01 402341     /var/cache/fontconfig/a755afe4a08bf5b97852ceb7400b47bc-le32d4.cache-4
b335e000-b3367000 r--s 00000000 08:01 401848     /var/cache/fontconfig/6d41288fd70b0be22e8c3a91e032eec0-le32d4.cache-4
b3367000-b3376000 r--s 00000000 08:01 401847     /var/cache/fontconfig/04aabc0a78ac019cf9454389977116d2-le32d4.cache-4
b3376000-b3377000 r--s 00000000 08:01 401846     /var/cache/fontconfig/1ac9eb803944fde146138c791f5cc56a-le32d4.cache-4
b3377000-b337a000 r--s 00000000 08:01 401845     /var/cache/fontconfig/385c0604a188198f04d133e54aba7fe7-le32d4.cache-4
b337a000-b337b000 r--s 00000000 08:01 401843     /var/cache/fontconfig/dc05db6664285cc2f12bf69c139ae4c3-le32d4.cache-4
b337b000-b337d000 r--s 00000000 08:01 393795     /var/cache/fontconfig/767a8244fc0220cfb567a839d0392e0b-le32d4.cache-4
b337d000-b337e000 r--s 00000000 08:01 401842     /var/cache/fontconfig/4794a0821666d79190d59a36cb4f44b5-le32d4.cache-4
b337e000-b3382000 r--s 00000000 08:01 401841     /var/cache/fontconfig/8801497958630a81b71ace7c5f9b32a8-le32d4.cache-4
b3382000-b3387000 r--s 00000000 08:01 401840     /var/cache/fontconfig/3047814df9a2f067bd2d96a2b9c36e5a-le32d4.cache-4
b3387000-b338b000 r--s 00000000 08:01 401837     /var/cache/fontconfig/b47c4e1ecd0709278f4910c18777a504-le32d4.cache-4
b338b000-b339b000 r--s 00000000 08:01 401836     /var/cache/fontconfig/d52a8644073d54c13679302ca1180695-le32d4.cache-4
b339b000-b33eb000 r-xp 00000000 08:01 177825     /usr/lib/jvm/java-7-openjdk-i386/jre/lib/i386/libfontmanager.so
b33eb000-b33ed000 r--p 0004f000 08:01 177825     /usr/lib/jvm/java-7-openjdk-i386/jre/lib/i386/libfontmanager.so
b33ed000-b33ee000 rw-p 00051000 08:01 177825     /usr/lib/jvm/java-7-openjdk-i386/jre/lib/i386/libfontmanager.so
b33ee000-b33f1000 ---p 00000000 00:00 0 
b33f1000-b343f000 rw-p 00000000 00:00 0          [stack:7721]
b343f000-b3443000 r-xp 00000000 08:01 7640       /usr/lib/i386-linux-gnu/libXfixes.so.3.1.0
b3443000-b3444000 r--p 00003000 08:01 7640       /usr/lib/i386-linux-gnu/libXfixes.so.3.1.0
b3444000-b3445000 rw-p 00004000 08:01 7640       /usr/lib/i386-linux-gnu/libXfixes.so.3.1.0
b3445000-b344e000 r-xp 00000000 08:01 9790       /usr/lib/i386-linux-gnu/libXcursor.so.1.0.2
b344e000-b344f000 r--p 00008000 08:01 9790       /usr/lib/i386-linux-gnu/libXcursor.so.1.0.2
b344f000-b3450000 rw-p 00009000 08:01 9790       /usr/lib/i386-linux-gnu/libXcursor.so.1.0.2
b3450000-b3453000 ---p 00000000 00:00 0 
b3453000-b34a1000 rw-p 00000000 00:00 0          [stack:7720]
b34a1000-b34c7000 r-xp 00000000 08:01 142122     /lib/i386-linux-gnu/libpng12.so.0.50.0
b34c7000-b34c8000 r--p 00025000 08:01 142122     /lib/i386-linux-gnu/libpng12.so.0.50.0
b34c8000-b34c9000 rw-p 00026000 08:01 142122     /lib/i386-linux-gnu/libpng12.so.0.50.0
b34c9000-b34ce000 r-xp 00000000 08:01 5406       /usr/lib/i386-linux-gnu/libXdmcp.so.6.0.0
b34ce000-b34cf000 r--p 00004000 08:01 5406       /usr/lib/i386-linux-gnu/libXdmcp.so.6.0.0
b34cf000-b34d0000 rw-p 00005000 08:01 5406       /usr/lib/i386-linux-gnu/libXdmcp.so.6.0.0
b34d0000-b34d2000 r-xp 00000000 08:01 5352       /usr/lib/i386-linux-gnu/libXau.so.6.0.0
b34d2000-b34d3000 r--p 00001000 08:01 5352       /usr/lib/i386-linux-gnu/libXau.so.6.0.0
b34d3000-b34d4000 rw-p 00002000 08:01 5352       /usr/lib/i386-linux-gnu/libXau.so.6.0.0
b34d4000-b34f9000 r-xp 00000000 08:01 131117     /lib/i386-linux-gnu/libexpat.so.1.6.0
b34f9000-b34fa000 ---p 00025000 08:01 131117     /lib/i386-linux-gnu/libexpat.so.1.6.0
b34fa000-b34fc000 r--p 00025000 08:01 131117     /lib/i386-linux-gnu/libexpat.so.1.6.0
b34fc000-b34fd000 rw-p 00027000 08:01 131117     /lib/i386-linux-gnu/libexpat.so.1.6.0
b34fd000-b3598000 r-xp 00000000 08:01 9145       /usr/lib/i386-linux-gnu/libfreetype.so.6.11.1
b3598000-b359c000 r--p 0009a000 08:01 9145       /usr/lib/i386-linux-gnu/libfreetype.so.6.11.1
b359c000-b359d000 rw-p 0009e000 08:01 9145       /usr/lib/i386-linux-gnu/libfreetype.so.6.11.1
b359d000-b35bd000 r-xp 00000000 08:01 66655      /usr/lib/i386-linux-gnu/libxcb.so.1.1.0
b35bd000-b35be000 r--p 0001f000 08:01 66655      /usr/lib/i386-linux-gnu/libxcb.so.1.1.0
b35be000-b35bf000 rw-p 00020000 08:01 66655      /usr/lib/i386-linux-gnu/libxcb.so.1.1.0
b35bf000-b35f8000 r-xp 00000000 08:01 9181       /usr/lib/i386-linux-gnu/libfontconfig.so.1.8.0
b35f8000-b35f9000 r--p 00039000 08:01 9181       /usr/lib/i386-linux-gnu/libfontconfig.so.1.8.0
b35f9000-b35fa000 rw-p 0003a000 08:01 9181       /usr/lib/i386-linux-gnu/libfontconfig.so.1.8.0
b35fa000-b3608000 r-xp 00000000 08:01 7577       /usr/lib/i386-linux-gnu/libXi.so.6.1.0
b3608000-b3609000 r--p 0000e000 08:01 7577       /usr/lib/i386-linux-gnu/libXi.so.6.1.0
b3609000-b360a000 rw-p 0000f000 08:01 7577       /usr/lib/i386-linux-gnu/libXi.so.6.1.0
b360a000-b360f000 r-xp 00000000 08:01 10292      /usr/lib/i386-linux-gnu/libXtst.so.6.1.0
b360f000-b3610000 r--p 00004000 08:01 10292      /usr/lib/i386-linux-gnu/libXtst.so.6.1.0
b3610000-b3611000 rw-p 00005000 08:01 10292      /usr/lib/i386-linux-gnu/libXtst.so.6.1.0
b3611000-b3741000 r-xp 00000000 08:01 10842      /usr/lib/i386-linux-gnu/libX11.so.6.3.0
b3741000-b3742000 r--p 00130000 08:01 10842      /usr/lib/i386-linux-gnu/libX11.so.6.3.0
b3742000-b3744000 rw-p 00131000 08:01 10842      /usr/lib/i386-linux-gnu/libX11.so.6.3.0
b3744000-b3745000 rw-p 00000000 00:00 0 
b3745000-b37d4000 r-xp 00000000 08:01 177836     /usr/lib/jvm/java-7-openjdk-i386/jre/lib/i386/libawt.so
b37d4000-b37d5000 r--p 0008f000 08:01 177836     /usr/lib/jvm/java-7-openjdk-i386/jre/lib/i386/libawt.so
b37d5000-b37dc000 rw-p 00090000 08:01 177836     /usr/lib/jvm/java-7-openjdk-i386/jre/lib/i386/libawt.so
b37dc000-b3800000 rw-p 00000000 00:00 0 
b3800000-b38d5000 rw-p 00000000 00:00 0 
b38d5000-b3900000 ---p 00000000 00:00 0 
b3900000-b3901000 r--s 00000000 08:01 401839     /var/cache/fontconfig/56cf4f4769d0f4abc89a4895d7bd3ae1-le32d4.cache-4
b3901000-b3903000 r-xp 00000000 08:01 3489       /usr/lib/i386-linux-gnu/libXcomposite.so.1.0.0
b3903000-b3904000 r--p 00001000 08:01 3489       /usr/lib/i386-linux-gnu/libXcomposite.so.1.0.0
b3904000-b3905000 rw-p 00002000 08:01 3489       /usr/lib/i386-linux-gnu/libXcomposite.so.1.0.0
b3905000-b390e000 r-xp 00000000 08:01 6199       /usr/lib/i386-linux-gnu/libXrender.so.1.3.0
b390e000-b390f000 r--p 00008000 08:01 6199       /usr/lib/i386-linux-gnu/libXrender.so.1.3.0
b390f000-b3910000 rw-p 00009000 08:01 6199       /usr/lib/i386-linux-gnu/libXrender.so.1.3.0
b3910000-b3921000 r-xp 00000000 08:01 6183       /usr/lib/i386-linux-gnu/libXext.so.6.4.0
b3921000-b3922000 r--p 00010000 08:01 6183       /usr/lib/i386-linux-gnu/libXext.so.6.4.0
b3922000-b3923000 rw-p 00011000 08:01 6183       /usr/lib/i386-linux-gnu/libXext.so.6.4.0
b3923000-b396b000 r-xp 00000000 08:01 136659     /usr/lib/jvm/java-7-openjdk-i386/jre/lib/i386/xawt/libmawt.so
b396b000-b396c000 r--p 00048000 08:01 136659     /usr/lib/jvm/java-7-openjdk-i386/jre/lib/i386/xawt/libmawt.so
b396c000-b396e000 rw-p 00049000 08:01 136659     /usr/lib/jvm/java-7-openjdk-i386/jre/lib/i386/xawt/libmawt.so
b396e000-b396f000 rw-p 00000000 00:00 0 
b396f000-b39ab000 r-xp 00000000 08:01 132344     /lib/i386-linux-gnu/libpcre.so.3.13.1
b39ab000-b39ac000 r--p 0003b000 08:01 132344     /lib/i386-linux-gnu/libpcre.so.3.13.1
b39ac000-b39ad000 rw-p 0003c000 08:01 132344     /lib/i386-linux-gnu/libpcre.so.3.13.1
b39ad000-b39c0000 r-xp 00000000 08:01 158559     /lib/i386-linux-gnu/libresolv-2.19.so
b39c0000-b39c1000 ---p 00013000 08:01 158559     /lib/i386-linux-gnu/libresolv-2.19.so
b39c1000-b39c2000 r--p 00013000 08:01 158559     /lib/i386-linux-gnu/libresolv-2.19.so
b39c2000-b39c3000 rw-p 00014000 08:01 158559     /lib/i386-linux-gnu/libresolv-2.19.so
b39c3000-b39c5000 rw-p 00000000 00:00 0 
b39c5000-b39e5000 r-xp 00000000 08:01 131406     /lib/i386-linux-gnu/libselinux.so.1
b39e5000-b39e6000 r--p 0001f000 08:01 131406     /lib/i386-linux-gnu/libselinux.so.1
b39e6000-b39e7000 rw-p 00020000 08:01 131406     /lib/i386-linux-gnu/libselinux.so.1
b39e7000-b39e8000 rw-p 00000000 00:00 0 
b39e8000-b3af2000 r-xp 00000000 08:01 136564     /lib/i386-linux-gnu/libglib-2.0.so.0.4002.0
b3af2000-b3af3000 r--p 00109000 08:01 136564     /lib/i386-linux-gnu/libglib-2.0.so.0.4002.0
b3af3000-b3af4000 rw-p 0010a000 08:01 136564     /lib/i386-linux-gnu/libglib-2.0.so.0.4002.0
b3af4000-b3b44000 r-xp 00000000 08:01 1672       /usr/lib/i386-linux-gnu/libgobject-2.0.so.0.4002.0
b3b44000-b3b45000 r--p 0004f000 08:01 1672       /usr/lib/i386-linux-gnu/libgobject-2.0.so.0.4002.0
b3b45000-b3b46000 rw-p 00050000 08:01 1672       /usr/lib/i386-linux-gnu/libgobject-2.0.so.0.4002.0
b3b46000-b3cc3000 r-xp 00000000 08:01 1674       /usr/lib/i386-linux-gnu/libgio-2.0.so.0.4002.0
b3cc3000-b3cc5000 r--p 0017d000 08:01 1674       /usr/lib/i386-linux-gnu/libgio-2.0.so.0.4002.0
b3cc5000-b3cc6000 rw-p 0017f000 08:01 1674       /usr/lib/i386-linux-gnu/libgio-2.0.so.0.4002.0
b3cc6000-b3cc7000 rw-p 00000000 00:00 0 
b3cc7000-b3cc8000 r--s 00000000 08:01 401838     /var/cache/fontconfig/b9d506c9ac06c20b433354fa67a72993-le32d4.cache-4
b3cc8000-b3ccf000 r--s 00000000 08:01 401835     /var/cache/fontconfig/3f7329c5293ffd510edef78f73874cfd-le32d4.cache-4
b3ccf000-b3cd8000 r--s 00000000 08:01 401834     /var/cache/fontconfig/d589a48862398ed80a3d6066f4f56f4c-le32d4.cache-4
b3cd8000-b3cd9000 r--s 00000000 08:01 401833     /var/cache/fontconfig/0c9eb80ebd1c36541ebe2852d3bb0c49-le32d4.cache-4
b3cd9000-b3cdb000 r--s 00000000 08:01 394475     /var/cache/fontconfig/e13b20fdb08344e0e664864cc2ede53d-le32d4.cache-4
b3cdb000-b3cde000 r--s 00000000 08:01 394702     /var/cache/fontconfig/7ef2298fde41cc6eeb7af42e48b7d293-le32d4.cache-4
b3cde000-b3cf6000 r-xp 00000000 08:01 153628     /usr/lib/jvm/java-7-openjdk-i386/jre/lib/i386/libnet.so
b3cf6000-b3cf7000 r--p 00017000 08:01 153628     /usr/lib/jvm/java-7-openjdk-i386/jre/lib/i386/libnet.so
b3cf7000-b3cf8000 rw-p 00018000 08:01 153628     /usr/lib/jvm/java-7-openjdk-i386/jre/lib/i386/libnet.so
b3cf8000-b3d09000 r-xp 00000000 08:01 177810     /usr/lib/jvm/java-7-openjdk-i386/jre/lib/i386/libnio.so
b3d09000-b3d0a000 r--p 00010000 08:01 177810     /usr/lib/jvm/java-7-openjdk-i386/jre/lib/i386/libnio.so
b3d0a000-b3d0b000 rw-p 00011000 08:01 177810     /usr/lib/jvm/java-7-openjdk-i386/jre/lib/i386/libnio.so
b3d0b000-b3d0c000 ---p 00000000 00:00 0 
b3d0c000-b3d8c000 rw-p 00000000 00:00 0          [stack:7719]
b3d8c000-b3d8f000 ---p 00000000 00:00 0 
b3d8f000-b3ddd000 rw-p 00000000 00:00 0          [stack:7718]
b3ddd000-b3de0000 ---p 00000000 00:00 0 
b3de0000-b3e5e000 rw-p 00000000 00:00 0          [stack:7717]
b3e5e000-b3e61000 ---p 00000000 00:00 0 
b3e61000-b3eaf000 rw-p 00000000 00:00 0          [stack:7716]
b3eaf000-b40af000 r--p 00000000 08:01 369        /usr/lib/locale/locale-archive
b40af000-b40b2000 ---p 00000000 00:00 0 
b40b2000-b4100000 rw-p 00000000 00:00 0          [stack:7715]
b4100000-b4129000 rw-p 00000000 00:00 0 
b4129000-b4200000 ---p 00000000 00:00 0 
b4200000-b4205000 r-xp 00000000 08:01 9076       /usr/lib/i386-linux-gnu/libffi.so.6.0.1
b4205000-b4206000 r--p 00005000 08:01 9076       /usr/lib/i386-linux-gnu/libffi.so.6.0.1
b4206000-b4207000 rw-p 00006000 08:01 9076       /usr/lib/i386-linux-gnu/libffi.so.6.0.1
b4207000-b420a000 r-xp 00000000 08:01 1675       /usr/lib/i386-linux-gnu/libgmodule-2.0.so.0.4002.0
b420a000-b420b000 r--p 00002000 08:01 1675       /usr/lib/i386-linux-gnu/libgmodule-2.0.so.0.4002.0
b420b000-b420c000 rw-p 00003000 08:01 1675       /usr/lib/i386-linux-gnu/libgmodule-2.0.so.0.4002.0
b420c000-b4216000 r--s 000ae000 08:01 136823     /usr/lib/jvm/java-7-openjdk-i386/jre/lib/resources.jar
b4216000-b4233000 r--s 0014f000 00:1e 3709046    /home/user/Desktop/nfs/tools/cooja/lib/swingx-all-1.6.4.jar
b4233000-b423a000 r--s 0005b000 00:1e 3706283    /home/user/Desktop/nfs/tools/cooja/lib/jsyntaxpane.jar
b423a000-b4241000 r--s 0004f000 00:1e 3702728    /home/user/Desktop/nfs/tools/cooja/lib/log4j.jar
b4241000-b4244000 r--s 00022000 00:1e 3705387    /home/user/Desktop/nfs/tools/cooja/lib/jdom.jar
b4244000-b4248000 r--s 00085000 08:01 177967     /usr/lib/jvm/java-7-openjdk-i386/jre/lib/ext/localedata.jar
b4248000-b4249000 r--s 00002000 08:01 177972     /usr/lib/jvm/java-7-openjdk-i386/jre/lib/ext/dnsns.jar
b4249000-b424d000 r--s 00034000 08:01 177971     /usr/lib/jvm/java-7-openjdk-i386/jre/lib/ext/sunjce_provider.jar
b424d000-b4250000 r--s 0000f000 08:01 177961     /usr/lib/jvm/java-7-openjdk-i386/jre/lib/ext/icedtea-sound.jar
b4250000-b4253000 ---p 00000000 00:00 0 
b4253000-b42a1000 rw-p 00000000 00:00 0          [stack:7714]
b42a1000-b42a2000 ---p 00000000 00:00 0 
b42a2000-b436b000 rw-p 00000000 00:00 0          [stack:7713]
b436b000-b451e000 r--s 01d3d000 08:01 136821     /usr/lib/jvm/java-7-openjdk-i386/jre/lib/rt.jar
b451e000-b452c000 rw-p 00000000 00:00 0 
b452c000-b4546000 rw-p 00000000 00:00 0 
b4546000-b454c000 rw-p 00000000 00:00 0 
b454c000-b45f1000 rw-p 00000000 00:00 0 
b45f1000-b45f4000 rw-p 00000000 00:00 0 
b45f4000-b4646000 rw-p 00000000 00:00 0 
b4646000-b464c000 rw-p 00000000 00:00 0 
b464c000-b46f1000 rw-p 00000000 00:00 0 
b46f1000-b46f7000 rw-p 00000000 00:00 0 
b46f7000-b4711000 rw-p 00000000 00:00 0 
b4711000-b4727000 rw-p 00000000 00:00 0 
b4727000-b479d000 rw-p 00000000 00:00 0 
b479d000-b49f5000 rwxp 00000000 00:00 0 
b49f5000-b679d000 rw-p 00000000 00:00 0 
b679d000-b67a7000 r-xp 00000000 08:01 159039     /lib/i386-linux-gnu/libnss_files-2.19.so
b67a7000-b67a8000 r--p 00009000 08:01 159039     /lib/i386-linux-gnu/libnss_files-2.19.so
b67a8000-b67a9000 rw-p 0000a000 08:01 159039     /lib/i386-linux-gnu/libnss_files-2.19.so
b67a9000-b67b3000 r-xp 00000000 08:01 158574     /lib/i386-linux-gnu/libnss_nis-2.19.so
b67b3000-b67b4000 r--p 00009000 08:01 158574     /lib/i386-linux-gnu/libnss_nis-2.19.so
b67b4000-b67b5000 rw-p 0000a000 08:01 158574     /lib/i386-linux-gnu/libnss_nis-2.19.so
b67b5000-b67ca000 r-xp 00000000 08:01 158568     /lib/i386-linux-gnu/libnsl-2.19.so
b67ca000-b67cb000 r--p 00015000 08:01 158568     /lib/i386-linux-gnu/libnsl-2.19.so
b67cb000-b67cc000 rw-p 00016000 08:01 158568     /lib/i386-linux-gnu/libnsl-2.19.so
b67cc000-b67ce000 rw-p 00000000 00:00 0 
b67ce000-b67d5000 r-xp 00000000 08:01 158567     /lib/i386-linux-gnu/libnss_compat-2.19.so
b67d5000-b67d6000 r--p 00006000 08:01 158567     /lib/i386-linux-gnu/libnss_compat-2.19.so
b67d6000-b67d7000 rw-p 00007000 08:01 158567     /lib/i386-linux-gnu/libnss_compat-2.19.so
b67d7000-b67fe000 r-xp 00000000 08:01 136829     /usr/lib/jvm/java-7-openjdk-i386/jre/lib/i386/libjava.so
b67fe000-b67ff000 r--p 00026000 08:01 136829     /usr/lib/jvm/java-7-openjdk-i386/jre/lib/i386/libjava.so
b67ff000-b6800000 rw-p 00027000 08:01 136829     /usr/lib/jvm/java-7-openjdk-i386/jre/lib/i386/libjava.so
b6800000-b68f6000 rw-p 00000000 00:00 0 
b68f6000-b6900000 ---p 00000000 00:00 0 
b6900000-b6903000 r--s 0003d000 08:01 177959     /usr/lib/jvm/java-7-openjdk-i386/jre/lib/ext/sunpkcs11.jar
b6903000-b6909000 rw-p 00000000 00:00 0 
b6909000-b6911000 r-xp 00000000 08:01 177878     /usr/lib/jvm/java-7-openjdk-i386/jre/lib/i386/libzip.so
b6911000-b6912000 r--p 00007000 08:01 177878     /usr/lib/jvm/java-7-openjdk-i386/jre/lib/i386/libzip.so
b6912000-b6913000 rw-p 00008000 08:01 177878     /usr/lib/jvm/java-7-openjdk-i386/jre/lib/i386/libzip.so
b6913000-b691b000 rw-s 00000000 08:01 132388     /tmp/hsperfdata_user/7707
b691b000-b6922000 r-xp 00000000 08:01 158579     /lib/i386-linux-gnu/librt-2.19.so
b6922000-b6923000 r--p 00006000 08:01 158579     /lib/i386-linux-gnu/librt-2.19.so
b6923000-b6924000 rw-p 00007000 08:01 158579     /lib/i386-linux-gnu/librt-2.19.so
b6924000-b6927000 ---p 00000000 00:00 0 
b6927000-b6975000 rw-p 00000000 00:00 0          [stack:7709]
b6975000-b6991000 r-xp 00000000 08:01 158999     /lib/i386-linux-gnu/libgcc_s.so.1
b6991000-b6992000 rw-p 0001b000 08:01 158999     /lib/i386-linux-gnu/libgcc_s.so.1
b6992000-b69d6000 r-xp 00000000 08:01 158561     /lib/i386-linux-gnu/libm-2.19.so
b69d6000-b69d7000 r--p 00043000 08:01 158561     /lib/i386-linux-gnu/libm-2.19.so
b69d7000-b69d8000 rw-p 00044000 08:01 158561     /lib/i386-linux-gnu/libm-2.19.so
b69d8000-b6ab4000 r-xp 00000000 08:01 289        /usr/lib/i386-linux-gnu/libstdc++.so.6.0.19
b6ab4000-b6ab8000 r--p 000dc000 08:01 289        /usr/lib/i386-linux-gnu/libstdc++.so.6.0.19
b6ab8000-b6ab9000 rw-p 000e0000 08:01 289        /usr/lib/i386-linux-gnu/libstdc++.so.6.0.19
b6ab9000-b6ac0000 rw-p 00000000 00:00 0 
b6ac0000-b70f6000 r-xp 00000000 08:01 177850     /usr/lib/jvm/java-7-openjdk-i386/jre/lib/i386/client/libjvm.so
b70f6000-b710c000 r--p 00635000 08:01 177850     /usr/lib/jvm/java-7-openjdk-i386/jre/lib/i386/client/libjvm.so
b710c000-b711b000 rw-p 0064b000 08:01 177850     /usr/lib/jvm/java-7-openjdk-i386/jre/lib/i386/client/libjvm.so
b711b000-b7537000 rw-p 00000000 00:00 0 
b7537000-b754f000 r-xp 00000000 08:01 158556     /lib/i386-linux-gnu/libz.so.1.2.8
b754f000-b7550000 r--p 00017000 08:01 158556     /lib/i386-linux-gnu/libz.so.1.2.8
b7550000-b7551000 rw-p 00018000 08:01 158556     /lib/i386-linux-gnu/libz.so.1.2.8
b7551000-b7569000 r-xp 00000000 08:01 158571     /lib/i386-linux-gnu/libpthread-2.19.so
b7569000-b756a000 r--p 00018000 08:01 158571     /lib/i386-linux-gnu/libpthread-2.19.so
b756a000-b756b000 rw-p 00019000 08:01 158571     /lib/i386-linux-gnu/libpthread-2.19.so
b756b000-b756d000 rw-p 00000000 00:00 0 
b756d000-b7570000 r-xp 00000000 08:01 158563     /lib/i386-linux-gnu/libdl-2.19.so
b7570000-b7571000 r--p 00002000 08:01 158563     /lib/i386-linux-gnu/libdl-2.19.so
b7571000-b7572000 rw-p 00003000 08:01 158563     /lib/i386-linux-gnu/libdl-2.19.so
b7572000-b771a000 r-xp 00000000 08:01 158580     /lib/i386-linux-gnu/libc-2.19.so
b771a000-b771b000 ---p 001a8000 08:01 158580     /lib/i386-linux-gnu/libc-2.19.so
b771b000-b771d000 r--p 001a8000 08:01 158580     /lib/i386-linux-gnu/libc-2.19.so
b771d000-b771e000 rw-p 001aa000 08:01 158580     /lib/i386-linux-gnu/libc-2.19.so
b771e000-b7721000 rw-p 00000000 00:00 0 
b7721000-b7723000 r--s 00006000 08:01 276693     /usr/share/java/java-atk-wrapper.jar
b7723000-b7725000 r--s 00012000 08:01 177976     /usr/lib/jvm/java-7-openjdk-i386/jre/lib/ext/zipfs.jar
b7725000-b7726000 r--p 002c5000 08:01 369        /usr/lib/locale/locale-archive
b7726000-b7727000 rw-p 00000000 00:00 0 
b7727000-b7728000 r--p 00000000 00:00 0 
b7728000-b7736000 r-xp 00000000 08:01 136825     /usr/lib/jvm/java-7-openjdk-i386/jre/lib/i386/libverify.so
b7736000-b7737000 r--p 0000d000 08:01 136825     /usr/lib/jvm/java-7-openjdk-i386/jre/lib/i386/libverify.so
b7737000-b7738000 rw-p 0000e000 08:01 136825     /usr/lib/jvm/java-7-openjdk-i386/jre/lib/i386/libverify.so
b7738000-b7744000 r-xp 00000000 08:01 136926     /usr/lib/jvm/java-7-openjdk-i386/jre/lib/i386/jli/libjli.so
b7744000-b7745000 r--p 0000c000 08:01 136926     /usr/lib/jvm/java-7-openjdk-i386/jre/lib/i386/jli/libjli.so
b7745000-b7746000 rw-p 0000d000 08:01 136926     /usr/lib/jvm/java-7-openjdk-i386/jre/lib/i386/jli/libjli.so
b7746000-b7749000 rw-p 00000000 00:00 0 
b7749000-b774a000 r-xp 00000000 00:00 0          [vdso]
b774a000-b776a000 r-xp 00000000 08:01 158572     /lib/i386-linux-gnu/ld-2.19.so
b776a000-b776b000 r--p 0001f000 08:01 158572     /lib/i386-linux-gnu/ld-2.19.so
b776b000-b776c000 rw-p 00020000 08:01 158572     /lib/i386-linux-gnu/ld-2.19.so
bfb2c000-bfb2d000 rwxp 00000000 00:00 0 
bfb5f000-bfb80000 rw-p 00000000 00:00 0          [stack]

VM Arguments:
jvm_args: -Xmx512m -Duser.language=en 
java_command: org.contikios.cooja.Cooja
Launcher Type: SUN_STANDARD

Environment Variables:
JAVA_HOME=/usr/lib/jvm/java-7-openjdk-i386
PATH=/usr/local/sdcc/bin:/usr/local/sbin:/usr/local/bin:/usr/sbin:/usr/bin:/sbin:/bin:/usr/games:/usr/local/games:/home/user/CodeSourcery/Sourcery_G++_Lite/bin:/usr/local/msp430/bin:/home/user/CodeSourcery/Sourcery_G++_Lite/bin
LD_LIBRARY_PATH=.
SHELL=/bin/bash
DISPLAY=:0

Signal Handlers:
SIGSEGV: [libjvm.so+0x4efa90], sa_mask[0]=0x7ffbfeff, sa_flags=0x10000004
SIGBUS: [libjvm.so+0x4efa90], sa_mask[0]=0x7ffbfeff, sa_flags=0x10000004
SIGFPE: [libjvm.so+0x3cb5a0], sa_mask[0]=0x7ffbfeff, sa_flags=0x10000004
SIGPIPE: [libjvm.so+0x3cb5a0], sa_mask[0]=0x7ffbfeff, sa_flags=0x10000004
SIGXFSZ: [libjvm.so+0x3cb5a0], sa_mask[0]=0x7ffbfeff, sa_flags=0x10000004
SIGILL: [libjvm.so+0x3cb5a0], sa_mask[0]=0x7ffbfeff, sa_flags=0x10000004
SIGUSR1: SIG_DFL, sa_mask[0]=0x00000000, sa_flags=0x00000000
SIGUSR2: [libjvm.so+0x3cb700], sa_mask[0]=0x00000004, sa_flags=0x10000004
SIGHUP: [libjvm.so+0x3cb660], sa_mask[0]=0x7ffbfeff, sa_flags=0x10000004
SIGINT: [libjvm.so+0x3cb660], sa_mask[0]=0x7ffbfeff, sa_flags=0x10000004
SIGTERM: [libjvm.so+0x3cb660], sa_mask[0]=0x7ffbfeff, sa_flags=0x10000004
SIGQUIT: [libjvm.so+0x3cb660], sa_mask[0]=0x7ffbfeff, sa_flags=0x10000004
SIGTRAP: SIG_DFL, sa_mask[0]=0x00000000, sa_flags=0x00000000


---------------  S Y S T E M  ---------------

OS:Ubuntu 14.04 (trusty)
uname:Linux 3.13.0-98-generic #145-Ubuntu SMP Sat Oct 8 20:13:07 UTC 2016 i686
libc:glibc 2.19 NPTL 2.19 
rlimit: STACK 8192k, CORE 0k, NPROC 15972, NOFILE 4096, AS infinity
load average:0.38 0.27 0.32

/proc/meminfo:
MemTotal:        2063736 kB
MemFree:          640520 kB
Buffers:          175884 kB
Cached:           753680 kB
SwapCached:            0 kB
Active:           833216 kB
Inactive:         469960 kB
Active(anon):     374608 kB
Inactive(anon):    25540 kB
Active(file):     458608 kB
Inactive(file):   444420 kB
Unevictable:          32 kB
Mlocked:              32 kB
HighTotal:       1183624 kB
HighFree:         469364 kB
LowTotal:         880112 kB
LowFree:          171156 kB
SwapTotal:       1046524 kB
SwapFree:        1046524 kB
Dirty:               348 kB
Writeback:             0 kB
AnonPages:        373656 kB
Mapped:           134772 kB
Shmem:             26520 kB
Slab:              81272 kB
SReclaimable:      66048 kB
SUnreclaim:        15224 kB
KernelStack:        2984 kB
PageTables:         6848 kB
NFS_Unstable:          0 kB
Bounce:                0 kB
WritebackTmp:          0 kB
CommitLimit:     2078392 kB
Committed_AS:    2427768 kB
VmallocTotal:     122880 kB
VmallocUsed:       24628 kB
VmallocChunk:      87548 kB
HardwareCorrupted:     0 kB
AnonHugePages:    165888 kB
HugePages_Total:       0
HugePages_Free:        0
HugePages_Rsvd:        0
HugePages_Surp:        0
Hugepagesize:       2048 kB
DirectMap4k:       28664 kB
DirectMap2M:      884736 kB


CPU:total 1 (1 cores per cpu, 1 threads per core) family 6 model 94 stepping 3, cmov, cx8, fxsr, mmx, sse, sse2, sse3, ssse3, sse4.1, sse4.2, popcnt, avx, aes, tsc, tscinvbit

/proc/cpuinfo:
processor	: 0
vendor_id	: GenuineIntel
cpu family	: 6
model		: 94
model name	: Intel(R) Core(TM) i5-6500 CPU @ 3.20GHz
stepping	: 3
microcode	: 0x76
cpu MHz		: 3600.000
cache size	: 6144 KB
physical id	: 0
siblings	: 1
core id		: 0
cpu cores	: 1
apicid		: 0
initial apicid	: 0
fdiv_bug	: no
f00f_bug	: no
coma_bug	: no
fpu		: yes
fpu_exception	: yes
cpuid level	: 22
wp		: yes
flags		: fpu vme de pse tsc msr pae mce cx8 apic sep mtrr pge mca cmov pat pse36 clflush dts mmx fxsr sse sse2 ss nx rdtscp lm constant_tsc arch_perfmon pebs bts tsc_reliable nonstop_tsc aperfmperf pni pclmulqdq ssse3 fma cx16 sse4_1 sse4_2 movbe popcnt aes xsave avx hypervisor lahf_lm 3dnowprefetch ida arat epb pln pts dtherm
bogomips	: 7200.00
clflush size	: 64
cache_alignment	: 64
address sizes	: 40 bits physical, 48 bits virtual
power management:



Memory: 4k page, physical 2063736k(640520k free), swap 1046524k(1046524k free)

vm_info: OpenJDK Client VM (24.111-b01) for linux-x86 JRE (1.7.0_111-b01), built on Aug 12 2016 05:36:14 by "buildd" with gcc 4.8.4

time: Sat Oct 15 12:28:04 2016
elapsed time: 14 seconds

