#
# A fatal error has been detected by the Java Runtime Environment:
#
#  SIGSEGV (0xb) at pc=0xb767dc41, pid=3301, tid=2992687936
#
# JRE version: OpenJDK Runtime Environment (7.0_79-b14) (build 1.7.0_79-b14)
# Java VM: OpenJDK Client VM (24.79-b02 mixed mode, sharing linux-x86 )
# Derivative: IcedTea 2.5.6
# Distribution: Ubuntu 14.04 LTS, package 7u79-2.5.6-0ubuntu1.14.04.1
# Problematic frame:
# C  [libc.so.6+0x133c41]
#
# Failed to write core dump. Core dumps have been disabled. To enable core dumping, try "ulimit -c unlimited" before starting Java again
#
# If you would like to submit a bug report, please include
# instructions on how to reproduce the bug and visit:
#   http://icedtea.classpath.org/bugzilla
# The crash happened outside the Java Virtual Machine in native code.
# See problematic frame for where to report the bug.
#

---------------  T H R E A D  ---------------

Current thread (0x08e14400):  JavaThread "Thread-49" [_thread_in_native, id=5009, stack(0xb25bc000,0xb260d000)]

siginfo:si_signo=SIGSEGV: si_errno=0, si_code=2 (SEGV_ACCERR), si_addr=0xb1fddf5c

Registers:
EAX=0x08e0ec60, EBX=0xb76b4bc0, ECX=0x0000029e, EDX=0xb1fddf60
ESP=0xb260bd80, EBP=0xb260bdb8, ESI=0xb1fddf5c, EDI=0x00000000
EIP=0xb767dc41, EFLAGS=0x00010202, CR2=0xb1fddf5c

Top of Stack: (sp=0xb260bd80)
0xb260bd80:   8eeeb43c 08e14400 8eeeb440 b1fbc9e6
0xb260bd90:   b1fddf5c 08e0ec60 000002c2 8ed4c8f8
0xb260bda0:   8eeeb440 8eeeb43c 08e14400 08e0ec60
0xb260bdb0:   b4786ade 08e14400 b260be00 b4786be3
0xb260bdc0:   08e14528 b260be1c 00034020 000002c2
0xb260bdd0:   b260be10 b4acbc80 6ec32740 7cebfaa8
0xb260bde0:   b260bde0 8eeeb43c b260be1c 8eeeb5d8
0xb260bdf0:   00000000 8eeeb440 00000000 b260be20 

Instructions: (pc=0xb767dc41)
0xb767dc21:   5f 03 1c 8b ff e3 89 f6 8d bc 27 00 00 00 00 81
0xb767dc31:   c3 90 6f 03 00 83 e8 04 0f 28 08 31 ff 83 e9 20
0xb767dc41:   f3 0f 7f 06 5e 66 0f 6f 54 38 10 83 e9 20 66 0f
0xb767dc51:   6f 5c 38 20 66 0f 6f e3 66 0f 3a 0f da 04 66 0f 

Register to memory mapping:

EAX=0x08e0ec60 is an unknown value
EBX=0xb76b4bc0: <offset 0x16abc0> in /lib/i386-linux-gnu/libc.so.6 at 0xb754a000
ECX=0x0000029e is an unknown value
EDX=0xb1fddf60: <offset 0x32f60> in /home/user/Desktop/Dual-radio-simulation/lanada/obj_cooja/mtype638.cooja at 0xb1fab000
ESP=0xb260bd80 is pointing into the stack for thread: 0x08e14400
EBP=0xb260bdb8 is pointing into the stack for thread: 0x08e14400
ESI=0xb1fddf5c: <offset 0x32f5c> in /home/user/Desktop/Dual-radio-simulation/lanada/obj_cooja/mtype638.cooja at 0xb1fab000
EDI=0x00000000 is an unknown value


Stack: [0xb25bc000,0xb260d000],  sp=0xb260bd80,  free space=319k
Native frames: (J=compiled Java code, j=interpreted, Vv=VM code, C=native code)
C  [libc.so.6+0x133c41]
j  org.contikios.cooja.corecomm.Lib13.setMemory(II[B)V+0
J 1849 C1 org.contikios.cooja.contikimote.ContikiMoteType.setCoreMemory(Lorg/contikios/cooja/mote/memory/SectionMoteMemory;)V (66 bytes) @ 0xb4abeb88 [0xb4abea90+0xf8]
J 1916 C1 org.contikios.cooja.contikimote.ContikiMote.execute(J)V (99 bytes) @ 0xb4ae2a16 [0xb4ae28c0+0x156]
J 1915 C1 org.contikios.cooja.motes.AbstractWakeupMote$1.execute(J)V (9 bytes) @ 0xb4ae2607 [0xb4ae25d0+0x37]
J 2277 C1 org.contikios.cooja.Simulation.run()V (432 bytes) @ 0xb4b624fd [0xb4b621b0+0x34d]
j  java.lang.Thread.run()V+11
v  ~StubRoutines::call_stub
V  [libjvm.so+0x2ad116]  JavaCalls::call_helper(JavaValue*, methodHandle*, JavaCallArguments*, Thread*)+0x386

Java frames: (J=compiled Java code, j=interpreted, Vv=VM code)
j  org.contikios.cooja.corecomm.Lib13.setMemory(II[B)V+0
J 1849 C1 org.contikios.cooja.contikimote.ContikiMoteType.setCoreMemory(Lorg/contikios/cooja/mote/memory/SectionMoteMemory;)V (66 bytes) @ 0xb4abeb88 [0xb4abea90+0xf8]
J 1916 C1 org.contikios.cooja.contikimote.ContikiMote.execute(J)V (99 bytes) @ 0xb4ae2a16 [0xb4ae28c0+0x156]
J 1915 C1 org.contikios.cooja.motes.AbstractWakeupMote$1.execute(J)V (9 bytes) @ 0xb4ae2607 [0xb4ae25d0+0x37]
J 2277 C1 org.contikios.cooja.Simulation.run()V (432 bytes) @ 0xb4b624fd [0xb4b621b0+0x34d]
j  java.lang.Thread.run()V+11
v  ~StubRoutines::call_stub

---------------  P R O C E S S  ---------------

Java Threads: ( => current thread )
=>0x08e14400 JavaThread "Thread-49" [_thread_in_native, id=5009, stack(0xb25bc000,0xb260d000)]
  0x08bf9c00 JavaThread "Thread-48" [_thread_blocked, id=4999, stack(0xb1dda000,0xb1e2b000)]
  0x08bf1000 JavaThread "Thread-47" [_thread_blocked, id=4998, stack(0xb1c81000,0xb1cd2000)]
  0x08bf9800 JavaThread "Thread-46" [_thread_blocked, id=4951, stack(0xb1e67000,0xb1eb8000)]
  0x08bfa800 JavaThread "Thread-45" [_thread_blocked, id=4950, stack(0xb2372000,0xb23c3000)]
  0x08bf9000 JavaThread "process reaper" daemon [_thread_blocked, id=4753, stack(0xb26af000,0xb26c8000)]
  0xb414f000 JavaThread "Thread-39" [_thread_blocked, id=4736, stack(0xb1cd2000,0xb1d23000)]
  0xb4189400 JavaThread "Thread-37" [_thread_blocked, id=4688, stack(0xb20eb000,0xb213c000)]
  0x08ccc000 JavaThread "Thread-36" [_thread_blocked, id=4650, stack(0xb218d000,0xb21de000)]
  0xb4140400 JavaThread "Thread-34" [_thread_blocked, id=4639, stack(0xb1f5a000,0xb1fab000)]
  0x08d7d800 JavaThread "Thread-29" [_thread_blocked, id=4395, stack(0xb1f09000,0xb1f5a000)]
  0x08d7cc00 JavaThread "Thread-27" [_thread_blocked, id=4347, stack(0xb1eb8000,0xb1f09000)]
  0x08a0fc00 JavaThread "Thread-26" [_thread_blocked, id=4309, stack(0xb200c000,0xb205d000)]
  0x08a0b000 JavaThread "Thread-24" [_thread_blocked, id=4298, stack(0xb205d000,0xb20ae000)]
  0x08a1e400 JavaThread "Thread-23" [_thread_blocked, id=4265, stack(0xb2257000,0xb22a8000)]
  0x08a1f400 JavaThread "Thread-21" [_thread_blocked, id=4254, stack(0xb213c000,0xb218d000)]
  0x08a1d000 JavaThread "Thread-19" [_thread_blocked, id=4211, stack(0xb2450000,0xb24a1000)]
  0x08ccb800 JavaThread "Thread-16" [_thread_blocked, id=4121, stack(0xb22a8000,0xb22f9000)]
  0x08c83c00 JavaThread "Thread-14" [_thread_blocked, id=4073, stack(0xb265e000,0xb26af000)]
  0x08aca400 JavaThread "Thread-11" [_thread_blocked, id=3886, stack(0xb23c3000,0xb2414000)]
  0x08ac9c00 JavaThread "Thread-9" [_thread_blocked, id=3838, stack(0xb273a000,0xb278b000)]
  0x08d66c00 JavaThread "Thread-8" [_thread_blocked, id=3627, stack(0xb24de000,0xb252f000)]
  0xb38aa400 JavaThread "Thread-3" [_thread_blocked, id=3406, stack(0xb252f000,0xb2580000)]
  0xb38a5800 JavaThread "Thread-1" [_thread_blocked, id=3358, stack(0xb260d000,0xb265e000)]
  0x08ad5c00 JavaThread "TimerQueue" daemon [_thread_blocked, id=3318, stack(0xb2e7d000,0xb2ece000)]
  0xb6807800 JavaThread "DestroyJavaVM" [_thread_blocked, id=3303, stack(0xb6908000,0xb6959000)]
  0xb3876400 JavaThread "AWT-EventQueue-0" [_thread_in_native, id=3317, stack(0xb2ece000,0xb2f1f000)]
  0xb3874c00 JavaThread "AWT-Shutdown" [_thread_blocked, id=3316, stack(0xb2f1f000,0xb2f70000)]
  0xb384c400 JavaThread "AWT-XAWT" daemon [_thread_blocked, id=3315, stack(0xb3016000,0xb3067000)]
  0xb383d400 JavaThread "Java2D Disposer" daemon [_thread_blocked, id=3314, stack(0xb3078000,0xb30c9000)]
  0xb684cc00 JavaThread "Service Thread" daemon [_thread_blocked, id=3312, stack(0xb3d8c000,0xb3ddd000)]
  0xb684ac00 JavaThread "C1 CompilerThread0" daemon [_thread_blocked, id=3311, stack(0xb3ddd000,0xb3e5e000)]
  0xb6849000 JavaThread "Signal Dispatcher" daemon [_thread_blocked, id=3310, stack(0xb3e5e000,0xb3eaf000)]
  0xb6833400 JavaThread "Finalizer" daemon [_thread_blocked, id=3309, stack(0xb40af000,0xb4100000)]
  0xb6831c00 JavaThread "Reference Handler" daemon [_thread_blocked, id=3308, stack(0xb4238000,0xb4289000)]

Other Threads:
  0xb6830400 VMThread [stack: 0xb4289000,0xb430a000] [id=3307]
  0xb684f000 WatcherThread [stack: 0xb3d0b000,0xb3d8c000] [id=3313]

VM state:not at safepoint (normal execution)

VM Mutex/Monitor currently owned by a thread: None

Heap
 def new generation   total 47360K, used 27061K [0x6e800000, 0x71b60000, 0x792a0000)
  eden space 42112K,  63% used [0x6e800000, 0x70228e38, 0x71120000)
  from space 5248K,   5% used [0x71120000, 0x711647d0, 0x71640000)
  to   space 5248K,   0% used [0x71640000, 0x71640000, 0x71b60000)
 tenured generation   total 104956K, used 63089K [0x792a0000, 0x7f91f000, 0x8e800000)
   the space 104956K,  60% used [0x792a0000, 0x7d03c618, 0x7d03c800, 0x7f91f000)
 compacting perm gen  total 12288K, used 7085K [0x8e800000, 0x8f400000, 0x92800000)
   the space 12288K,  57% used [0x8e800000, 0x8eeeb668, 0x8eeeb800, 0x8f400000)
    ro space 10240K,  58% used [0x92800000, 0x92de1330, 0x92de1400, 0x93200000)
    rw space 12288K,  59% used [0x93200000, 0x93916340, 0x93916400, 0x93e00000)

Card table byte_map: [0xb45d0000,0xb46fc000] byte_map_base: 0xb425c000

Polling page: 0xb76fe000

Code Cache  [0xb477c000, 0xb4ce4000, 0xb677c000)
 total_blobs=3455 nmethods=3141 adapters=246 free_code_cache=27261Kb largest_free_block=27912448

Compilation events (10 events):
Event: 9773.193 Thread 0xb684ac00 3150   !         java.awt.KeyboardFocusManager::retargetFocusEvent (244 bytes)
Event: 9773.195 Thread 0xb684ac00 nmethod 3150 0xb4cdb4c8 code [0xb4cdb850, 0xb4cdc790]
Event: 9773.195 Thread 0xb684ac00 3151             javax.swing.text.html.BlockView::layoutMinorAxis (173 bytes)
Event: 9773.196 Thread 0xb684ac00 nmethod 3151 0xb4c00088 code [0xb4c00220, 0xb4c005ac]
Event: 9773.349 Thread 0xb684ac00 3152   !         javax.swing.text.AbstractDocument$LeafElement::<init> (58 bytes)
Event: 9773.350 Thread 0xb684ac00 nmethod 3152 0xb4bff548 code [0xb4bff6f0, 0xb4bffc18]
Event: 9773.374 Thread 0xb684ac00 3153             javax.swing.text.html.StyleSheet::getBackground (12 bytes)
Event: 9773.374 Thread 0xb684ac00 nmethod 3153 0xb4bff248 code [0xb4bff360, 0xb4bff44c]
Event: 9773.449 Thread 0xb684ac00 3154             sun.awt.im.InputContext::getComponentWindow (26 bytes)
Event: 9773.450 Thread 0xb684ac00 nmethod 3154 0xb4bfef88 code [0xb4bff090, 0xb4bff19c]

GC Heap History (10 events):
Event: 9772.633 GC heap before
{Heap before GC invocations=1823 (full 13):
 def new generation   total 47360K, used 42670K [0x6e800000, 0x71b60000, 0x792a0000)
  eden space 42112K, 100% used [0x6e800000, 0x71120000, 0x71120000)
  from space 5248K,  10% used [0x71640000, 0x716cb9f0, 0x71b60000)
  to   space 5248K,   0% used [0x71120000, 0x71120000, 0x71640000)
 tenured generation   total 104956K, used 63074K [0x792a0000, 0x7f91f000, 0x8e800000)
   the space 104956K,  60% used [0x792a0000, 0x7d038818, 0x7d038a00, 0x7f91f000)
 compacting perm gen  total 12288K, used 7085K [0x8e800000, 0x8f400000, 0x92800000)
   the space 12288K,  57% used [0x8e800000, 0x8eeeb628, 0x8eeeb800, 0x8f400000)
    ro space 10240K,  58% used [0x92800000, 0x92de1330, 0x92de1400, 0x93200000)
    rw space 12288K,  59% used [0x93200000, 0x93916340, 0x93916400, 0x93e00000)
Event: 9772.634 GC heap after
Heap after GC invocations=1824 (full 13):
 def new generation   total 47360K, used 559K [0x6e800000, 0x71b60000, 0x792a0000)
  eden space 42112K,   0% used [0x6e800000, 0x6e800000, 0x71120000)
  from space 5248K,  10% used [0x71120000, 0x711abd88, 0x71640000)
  to   space 5248K,   0% used [0x71640000, 0x71640000, 0x71b60000)
 tenured generation   total 104956K, used 63075K [0x792a0000, 0x7f91f000, 0x8e800000)
   the space 104956K,  60% used [0x792a0000, 0x7d038c18, 0x7d038e00, 0x7f91f000)
 compacting perm gen  total 12288K, used 7085K [0x8e800000, 0x8f400000, 0x92800000)
   the space 12288K,  57% used [0x8e800000, 0x8eeeb628, 0x8eeeb800, 0x8f400000)
    ro space 10240K,  58% used [0x92800000, 0x92de1330, 0x92de1400, 0x93200000)
    rw space 12288K,  59% used [0x93200000, 0x93916340, 0x93916400, 0x93e00000)
}
Event: 9772.665 GC heap before
{Heap before GC invocations=1824 (full 13):
 def new generation   total 47360K, used 42671K [0x6e800000, 0x71b60000, 0x792a0000)
  eden space 42112K, 100% used [0x6e800000, 0x71120000, 0x71120000)
  from space 5248K,  10% used [0x71120000, 0x711abd88, 0x71640000)
  to   space 5248K,   0% used [0x71640000, 0x71640000, 0x71b60000)
 tenured generation   total 104956K, used 63075K [0x792a0000, 0x7f91f000, 0x8e800000)
   the space 104956K,  60% used [0x792a0000, 0x7d038c18, 0x7d038e00, 0x7f91f000)
 compacting perm gen  total 12288K, used 7085K [0x8e800000, 0x8f400000, 0x92800000)
   the space 12288K,  57% used [0x8e800000, 0x8eeeb628, 0x8eeeb800, 0x8f400000)
    ro space 10240K,  58% used [0x92800000, 0x92de1330, 0x92de1400, 0x93200000)
    rw space 12288K,  59% used [0x93200000, 0x93916340, 0x93916400, 0x93e00000)
Event: 9772.666 GC heap after
Heap after GC invocations=1825 (full 13):
 def new generation   total 47360K, used 559K [0x6e800000, 0x71b60000, 0x792a0000)
  eden space 42112K,   0% used [0x6e800000, 0x6e800000, 0x71120000)
  from space 5248K,  10% used [0x71640000, 0x716cbc50, 0x71b60000)
  to   space 5248K,   0% used [0x71120000, 0x71120000, 0x71640000)
 tenured generation   total 104956K, used 63076K [0x792a0000, 0x7f91f000, 0x8e800000)
   the space 104956K,  60% used [0x792a0000, 0x7d0393f8, 0x7d039400, 0x7f91f000)
 compacting perm gen  total 12288K, used 7085K [0x8e800000, 0x8f400000, 0x92800000)
   the space 12288K,  57% used [0x8e800000, 0x8eeeb628, 0x8eeeb800, 0x8f400000)
    ro space 10240K,  58% used [0x92800000, 0x92de1330, 0x92de1400, 0x93200000)
    rw space 12288K,  59% used [0x93200000, 0x93916340, 0x93916400, 0x93e00000)
}
Event: 9772.703 GC heap before
{Heap before GC invocations=1825 (full 13):
 def new generation   total 47360K, used 42671K [0x6e800000, 0x71b60000, 0x792a0000)
  eden space 42112K, 100% used [0x6e800000, 0x71120000, 0x71120000)
  from space 5248K,  10% used [0x71640000, 0x716cbc50, 0x71b60000)
  to   space 5248K,   0% used [0x71120000, 0x71120000, 0x71640000)
 tenured generation   total 104956K, used 63076K [0x792a0000, 0x7f91f000, 0x8e800000)
   the space 104956K,  60% used [0x792a0000, 0x7d0393f8, 0x7d039400, 0x7f91f000)
 compacting perm gen  total 12288K, used 7085K [0x8e800000, 0x8f400000, 0x92800000)
   the space 12288K,  57% used [0x8e800000, 0x8eeeb628, 0x8eeeb800, 0x8f400000)
    ro space 10240K,  58% used [0x92800000, 0x92de1330, 0x92de1400, 0x93200000)
    rw space 12288K,  59% used [0x93200000, 0x93916340, 0x93916400, 0x93e00000)
Event: 9772.704 GC heap after
Heap after GC invocations=1826 (full 13):
 def new generation   total 47360K, used 560K [0x6e800000, 0x71b60000, 0x792a0000)
  eden space 42112K,   0% used [0x6e800000, 0x6e800000, 0x71120000)
  from space 5248K,  10% used [0x71120000, 0x711ac250, 0x71640000)
  to   space 5248K,   0% used [0x71640000, 0x71640000, 0x71b60000)
 tenured generation   total 104956K, used 63077K [0x792a0000, 0x7f91f000, 0x8e800000)
   the space 104956K,  60% used [0x792a0000, 0x7d0397c8, 0x7d039800, 0x7f91f000)
 compacting perm gen  total 12288K, used 7085K [0x8e800000, 0x8f400000, 0x92800000)
   the space 12288K,  57% used [0x8e800000, 0x8eeeb628, 0x8eeeb800, 0x8f400000)
    ro space 10240K,  58% used [0x92800000, 0x92de1330, 0x92de1400, 0x93200000)
    rw space 12288K,  59% used [0x93200000, 0x93916340, 0x93916400, 0x93e00000)
}
Event: 9772.751 GC heap before
{Heap before GC invocations=1826 (full 13):
 def new generation   total 47360K, used 42672K [0x6e800000, 0x71b60000, 0x792a0000)
  eden space 42112K, 100% used [0x6e800000, 0x71120000, 0x71120000)
  from space 5248K,  10% used [0x71120000, 0x711ac250, 0x71640000)
  to   space 5248K,   0% used [0x71640000, 0x71640000, 0x71b60000)
 tenured generation   total 104956K, used 63077K [0x792a0000, 0x7f91f000, 0x8e800000)
   the space 104956K,  60% used [0x792a0000, 0x7d0397c8, 0x7d039800, 0x7f91f000)
 compacting perm gen  total 12288K, used 7085K [0x8e800000, 0x8f400000, 0x92800000)
   the space 12288K,  57% used [0x8e800000, 0x8eeeb628, 0x8eeeb800, 0x8f400000)
    ro space 10240K,  58% used [0x92800000, 0x92de1330, 0x92de1400, 0x93200000)
    rw space 12288K,  59% used [0x93200000, 0x93916340, 0x93916400, 0x93e00000)
Event: 9772.752 GC heap after
Heap after GC invocations=1827 (full 13):
 def new generation   total 47360K, used 560K [0x6e800000, 0x71b60000, 0x792a0000)
  eden space 42112K,   0% used [0x6e800000, 0x6e800000, 0x71120000)
  from space 5248K,  10% used [0x71640000, 0x716cc1c0, 0x71b60000)
  to   space 5248K,   0% used [0x71120000, 0x71120000, 0x71640000)
 tenured generation   total 104956K, used 63081K [0x792a0000, 0x7f91f000, 0x8e800000)
   the space 104956K,  60% used [0x792a0000, 0x7d03a798, 0x7d03a800, 0x7f91f000)
 compacting perm gen  total 12288K, used 7085K [0x8e800000, 0x8f400000, 0x92800000)
   the space 12288K,  57% used [0x8e800000, 0x8eeeb628, 0x8eeeb800, 0x8f400000)
    ro space 10240K,  58% used [0x92800000, 0x92de1330, 0x92de1400, 0x93200000)
    rw space 12288K,  59% used [0x93200000, 0x93916340, 0x93916400, 0x93e00000)
}
Event: 9772.881 GC heap before
{Heap before GC invocations=1827 (full 13):
 def new generation   total 47360K, used 42672K [0x6e800000, 0x71b60000, 0x792a0000)
  eden space 42112K, 100% used [0x6e800000, 0x71120000, 0x71120000)
  from space 5248K,  10% used [0x71640000, 0x716cc1c0, 0x71b60000)
  to   space 5248K,   0% used [0x71120000, 0x71120000, 0x71640000)
 tenured generation   total 104956K, used 63081K [0x792a0000, 0x7f91f000, 0x8e800000)
   the space 104956K,  60% used [0x792a0000, 0x7d03a798, 0x7d03a800, 0x7f91f000)
 compacting perm gen  total 12288K, used 7085K [0x8e800000, 0x8f400000, 0x92800000)
   the space 12288K,  57% used [0x8e800000, 0x8eeeb628, 0x8eeeb800, 0x8f400000)
    ro space 10240K,  58% used [0x92800000, 0x92de1330, 0x92de1400, 0x93200000)
    rw space 12288K,  59% used [0x93200000, 0x93916340, 0x93916400, 0x93e00000)
Event: 9772.882 GC heap after
Heap after GC invocations=1828 (full 13):
 def new generation   total 47360K, used 273K [0x6e800000, 0x71b60000, 0x792a0000)
  eden space 42112K,   0% used [0x6e800000, 0x6e800000, 0x71120000)
  from space 5248K,   5% used [0x71120000, 0x711647d0, 0x71640000)
  to   space 5248K,   0% used [0x71640000, 0x71640000, 0x71b60000)
 tenured generation   total 104956K, used 63089K [0x792a0000, 0x7f91f000, 0x8e800000)
   the space 104956K,  60% used [0x792a0000, 0x7d03c618, 0x7d03c800, 0x7f91f000)
 compacting perm gen  total 12288K, used 7085K [0x8e800000, 0x8f400000, 0x92800000)
   the space 12288K,  57% used [0x8e800000, 0x8eeeb628, 0x8eeeb800, 0x8f400000)
    ro space 10240K,  58% used [0x92800000, 0x92de1330, 0x92de1400, 0x93200000)
    rw space 12288K,  59% used [0x93200000, 0x93916340, 0x93916400, 0x93e00000)
}

Deoptimization events (0 events):
No events

Internal exceptions (10 events):
Event: 9626.429 Thread 0xb3876400 Threw 0x6f71de10 at /build/openjdk-7-OXg_HK/openjdk-7-7u79-2.5.6/build/openjdk/hotspot/src/share/vm/prims/jni.cpp:747
Event: 9628.655 Thread 0x08e0a000 Threw 0x6fb38270 at /build/openjdk-7-OXg_HK/openjdk-7-7u79-2.5.6/build/openjdk/hotspot/src/share/vm/prims/jvm.cpp:1284
Event: 9628.656 Thread 0x08e0a000 Threw 0x6fb3a3a0 at /build/openjdk-7-OXg_HK/openjdk-7-7u79-2.5.6/build/openjdk/hotspot/src/share/vm/prims/nativeLookup.cpp:381
Event: 9628.656 Thread 0x08e0a000 Threw 0x6fb3a4b8 at /build/openjdk-7-OXg_HK/openjdk-7-7u79-2.5.6/build/openjdk/hotspot/src/share/vm/runtime/reflection.cpp:1030
Event: 9628.760 Thread 0xb3876400 Threw 0x6fca3910 at /build/openjdk-7-OXg_HK/openjdk-7-7u79-2.5.6/build/openjdk/hotspot/src/share/vm/prims/jni.cpp:747
Event: 9631.995 Thread 0x08e0a000 Threw 0x6e8b7dd8 at /build/openjdk-7-OXg_HK/openjdk-7-7u79-2.5.6/build/openjdk/hotspot/src/share/vm/prims/jvm.cpp:1284
Event: 9683.587 Thread 0xb3876400 Threw 0x6ee95200 at /build/openjdk-7-OXg_HK/openjdk-7-7u79-2.5.6/build/openjdk/hotspot/src/share/vm/prims/jvm.cpp:1284
Event: 9768.743 Thread 0xb3876400 Threw 0x70df1460 at /build/openjdk-7-OXg_HK/openjdk-7-7u79-2.5.6/build/openjdk/hotspot/src/share/vm/prims/jni.cpp:747
Event: 9770.979 Thread 0x08e12c00 Threw 0x6f4e8a18 at /build/openjdk-7-OXg_HK/openjdk-7-7u79-2.5.6/build/openjdk/hotspot/src/share/vm/prims/jvm.cpp:1284
Event: 9772.302 Thread 0x08e12c00 Threw 0x70840d80 at /build/openjdk-7-OXg_HK/openjdk-7-7u79-2.5.6/build/openjdk/hotspot/src/share/vm/prims/jvm.cpp:1284

Events (10 events):
Event: 9773.278 Executing VM operation: RevokeBias done
Event: 9773.279 Executing VM operation: RevokeBias
Event: 9773.279 Executing VM operation: RevokeBias done
Event: 9773.446 Thread 0x08e14400 Thread added: 0x08e14400
Event: 9773.455 Executing VM operation: RevokeBias
Event: 9773.455 Executing VM operation: RevokeBias done
Event: 9773.455 Executing VM operation: RevokeBias
Event: 9773.455 Executing VM operation: RevokeBias done
Event: 9773.456 Executing VM operation: RevokeBias
Event: 9773.456 Executing VM operation: RevokeBias done


Dynamic libraries:
08048000-08049000 r-xp 00000000 08:01 282989     /usr/lib/jvm/java-7-openjdk-i386/jre/bin/java
08049000-0804a000 r--p 00000000 08:01 282989     /usr/lib/jvm/java-7-openjdk-i386/jre/bin/java
0804a000-0804b000 rw-p 00001000 08:01 282989     /usr/lib/jvm/java-7-openjdk-i386/jre/bin/java
089d9000-08e66000 rw-p 00000000 00:00 0          [heap]
6e800000-71b60000 rw-p 00000000 00:00 0 
71b60000-792a0000 rw-p 00000000 00:00 0 
792a0000-7f91f000 rw-p 00000000 00:00 0 
7f91f000-8e800000 rw-p 00000000 00:00 0 
8e800000-8f400000 rw-p 00000000 00:00 0 
8f400000-92800000 rw-p 00000000 00:00 0 
92800000-92de2000 r--p 00001000 08:01 153627     /usr/lib/jvm/java-7-openjdk-i386/jre/lib/i386/client/classes.jsa
92de2000-93200000 rw-p 00000000 00:00 0 
93200000-93917000 rw-p 005e3000 08:01 153627     /usr/lib/jvm/java-7-openjdk-i386/jre/lib/i386/client/classes.jsa
93917000-93e00000 rw-p 00000000 00:00 0 
93e00000-94112000 rw-p 00cfa000 08:01 153627     /usr/lib/jvm/java-7-openjdk-i386/jre/lib/i386/client/classes.jsa
94112000-94200000 rw-p 00000000 00:00 0 
94200000-94209000 r-xp 0100c000 08:01 153627     /usr/lib/jvm/java-7-openjdk-i386/jre/lib/i386/client/classes.jsa
94209000-94600000 rw-p 00000000 00:00 0 
b1a9c000-b1b7a000 rw-p 00000000 00:00 0 
b1b7a000-b1bad000 r-xp 00000000 08:01 158173     /home/user/Desktop/Dual-radio-simulation/lanada/obj_cooja/mtype329.cooja
b1bad000-b1bae000 r--p 00032000 08:01 158173     /home/user/Desktop/Dual-radio-simulation/lanada/obj_cooja/mtype329.cooja
b1bae000-b1baf000 rw-p 00033000 08:01 158173     /home/user/Desktop/Dual-radio-simulation/lanada/obj_cooja/mtype329.cooja
b1baf000-b1bb7000 rw-p 00000000 00:00 0 
b1bb7000-b1bba000 ---p 00000000 00:00 0 
b1bba000-b1c08000 rw-p 00000000 00:00 0 
b1c08000-b1c3a000 r-xp 00000000 08:01 158165     /home/user/Desktop/Dual-radio-simulation/lanada/obj_cooja/mtype184.cooja
b1c3a000-b1c3b000 r--p 00031000 08:01 158165     /home/user/Desktop/Dual-radio-simulation/lanada/obj_cooja/mtype184.cooja
b1c3b000-b1c3c000 rw-p 00032000 08:01 158165     /home/user/Desktop/Dual-radio-simulation/lanada/obj_cooja/mtype184.cooja
b1c3c000-b1c44000 rw-p 00000000 00:00 0 
b1c44000-b1c77000 r-xp 00000000 08:01 158163     /home/user/Desktop/Dual-radio-simulation/lanada/obj_cooja/mtype925.cooja
b1c77000-b1c78000 r--p 00032000 08:01 158163     /home/user/Desktop/Dual-radio-simulation/lanada/obj_cooja/mtype925.cooja
b1c78000-b1c79000 rw-p 00033000 08:01 158163     /home/user/Desktop/Dual-radio-simulation/lanada/obj_cooja/mtype925.cooja
b1c79000-b1c81000 rw-p 00000000 00:00 0 
b1c81000-b1c84000 ---p 00000000 00:00 0 
b1c84000-b1cd2000 rw-p 00000000 00:00 0          [stack:4998]
b1cd2000-b1cd5000 ---p 00000000 00:00 0 
b1cd5000-b1d23000 rw-p 00000000 00:00 0          [stack:4736]
b1d23000-b1d56000 r-xp 00000000 08:01 158154     /home/user/Desktop/Dual-radio-simulation/lanada/obj_cooja/mtype291.cooja
b1d56000-b1d57000 r--p 00032000 08:01 158154     /home/user/Desktop/Dual-radio-simulation/lanada/obj_cooja/mtype291.cooja
b1d57000-b1d58000 rw-p 00033000 08:01 158154     /home/user/Desktop/Dual-radio-simulation/lanada/obj_cooja/mtype291.cooja
b1d58000-b1d60000 rw-p 00000000 00:00 0 
b1d60000-b1d93000 r-xp 00000000 08:01 158146     /home/user/Desktop/Dual-radio-simulation/lanada/obj_cooja/mtype41.cooja
b1d93000-b1d94000 r--p 00032000 08:01 158146     /home/user/Desktop/Dual-radio-simulation/lanada/obj_cooja/mtype41.cooja
b1d94000-b1d95000 rw-p 00033000 08:01 158146     /home/user/Desktop/Dual-radio-simulation/lanada/obj_cooja/mtype41.cooja
b1d95000-b1d9d000 rw-p 00000000 00:00 0 
b1d9d000-b1dd0000 r-xp 00000000 08:01 158142     /home/user/Desktop/Dual-radio-simulation/lanada/obj_cooja/mtype197.cooja
b1dd0000-b1dd1000 r--p 00032000 08:01 158142     /home/user/Desktop/Dual-radio-simulation/lanada/obj_cooja/mtype197.cooja
b1dd1000-b1dd2000 rw-p 00033000 08:01 158142     /home/user/Desktop/Dual-radio-simulation/lanada/obj_cooja/mtype197.cooja
b1dd2000-b1dda000 rw-p 00000000 00:00 0 
b1dda000-b1ddd000 ---p 00000000 00:00 0 
b1ddd000-b1e2b000 rw-p 00000000 00:00 0          [stack:4999]
b1e2b000-b1e5d000 r-xp 00000000 08:01 158133     /home/user/Desktop/Dual-radio-simulation/lanada/obj_cooja/mtype927.cooja
b1e5d000-b1e5e000 r--p 00031000 08:01 158133     /home/user/Desktop/Dual-radio-simulation/lanada/obj_cooja/mtype927.cooja
b1e5e000-b1e5f000 rw-p 00032000 08:01 158133     /home/user/Desktop/Dual-radio-simulation/lanada/obj_cooja/mtype927.cooja
b1e5f000-b1e67000 rw-p 00000000 00:00 0 
b1e67000-b1e6a000 ---p 00000000 00:00 0 
b1e6a000-b1eb8000 rw-p 00000000 00:00 0          [stack:4951]
b1eb8000-b1ebb000 ---p 00000000 00:00 0 
b1ebb000-b1f09000 rw-p 00000000 00:00 0          [stack:4347]
b1f09000-b1f0c000 ---p 00000000 00:00 0 
b1f0c000-b1f5a000 rw-p 00000000 00:00 0          [stack:4395]
b1f5a000-b1f5d000 ---p 00000000 00:00 0 
b1f5d000-b1fab000 rw-p 00000000 00:00 0          [stack:4639]
b1fab000-b1fdd000 r-xp 00000000 08:01 158116     /home/user/Desktop/Dual-radio-simulation/lanada/obj_cooja/mtype638.cooja
b1fdd000-b1fde000 r--p 00031000 08:01 158116     /home/user/Desktop/Dual-radio-simulation/lanada/obj_cooja/mtype638.cooja
b1fde000-b1fdf000 rw-p 00032000 08:01 158116     /home/user/Desktop/Dual-radio-simulation/lanada/obj_cooja/mtype638.cooja
b1fdf000-b1fe7000 rw-p 00000000 00:00 0 
b1fe7000-b200c000 rw-s 00000000 00:04 8192026    /SYSV00000000 (deleted)
b200c000-b200f000 ---p 00000000 00:00 0 
b200f000-b205d000 rw-p 00000000 00:00 0          [stack:4309]
b205d000-b2060000 ---p 00000000 00:00 0 
b2060000-b20ae000 rw-p 00000000 00:00 0          [stack:4298]
b20ae000-b20e1000 r-xp 00000000 08:01 158120     /home/user/Desktop/Dual-radio-simulation/lanada/obj_cooja/mtype465.cooja
b20e1000-b20e2000 r--p 00032000 08:01 158120     /home/user/Desktop/Dual-radio-simulation/lanada/obj_cooja/mtype465.cooja
b20e2000-b20e3000 rw-p 00033000 08:01 158120     /home/user/Desktop/Dual-radio-simulation/lanada/obj_cooja/mtype465.cooja
b20e3000-b20eb000 rw-p 00000000 00:00 0 
b20eb000-b20ee000 ---p 00000000 00:00 0 
b20ee000-b213c000 rw-p 00000000 00:00 0          [stack:4688]
b213c000-b213f000 ---p 00000000 00:00 0 
b213f000-b218d000 rw-p 00000000 00:00 0          [stack:4254]
b218d000-b2190000 ---p 00000000 00:00 0 
b2190000-b21de000 rw-p 00000000 00:00 0          [stack:4650]
b21de000-b2210000 r-xp 00000000 08:01 158124     /home/user/Desktop/Dual-radio-simulation/lanada/obj_cooja/mtype413.cooja
b2210000-b2211000 r--p 00031000 08:01 158124     /home/user/Desktop/Dual-radio-simulation/lanada/obj_cooja/mtype413.cooja
b2211000-b2212000 rw-p 00032000 08:01 158124     /home/user/Desktop/Dual-radio-simulation/lanada/obj_cooja/mtype413.cooja
b2212000-b221a000 rw-p 00000000 00:00 0 
b221a000-b224d000 r-xp 00000000 08:01 158114     /home/user/Desktop/Dual-radio-simulation/lanada/obj_cooja/mtype215.cooja
b224d000-b224e000 r--p 00032000 08:01 158114     /home/user/Desktop/Dual-radio-simulation/lanada/obj_cooja/mtype215.cooja
b224e000-b224f000 rw-p 00033000 08:01 158114     /home/user/Desktop/Dual-radio-simulation/lanada/obj_cooja/mtype215.cooja
b224f000-b2257000 rw-p 00000000 00:00 0 
b2257000-b225a000 ---p 00000000 00:00 0 
b225a000-b22a8000 rw-p 00000000 00:00 0          [stack:4265]
b22a8000-b22ab000 ---p 00000000 00:00 0 
b22ab000-b22f9000 rw-p 00000000 00:00 0          [stack:4121]
b22f9000-b232b000 r-xp 00000000 08:01 158106     /home/user/Desktop/Dual-radio-simulation/lanada/obj_cooja/mtype442.cooja
b232b000-b232c000 r--p 00031000 08:01 158106     /home/user/Desktop/Dual-radio-simulation/lanada/obj_cooja/mtype442.cooja
b232c000-b232d000 rw-p 00032000 08:01 158106     /home/user/Desktop/Dual-radio-simulation/lanada/obj_cooja/mtype442.cooja
b232d000-b2335000 rw-p 00000000 00:00 0 
b2335000-b2368000 r-xp 00000000 08:01 158100     /home/user/Desktop/Dual-radio-simulation/lanada/obj_cooja/mtype5.cooja
b2368000-b2369000 r--p 00032000 08:01 158100     /home/user/Desktop/Dual-radio-simulation/lanada/obj_cooja/mtype5.cooja
b2369000-b236a000 rw-p 00033000 08:01 158100     /home/user/Desktop/Dual-radio-simulation/lanada/obj_cooja/mtype5.cooja
b236a000-b2372000 rw-p 00000000 00:00 0 
b2372000-b2375000 ---p 00000000 00:00 0 
b2375000-b23c3000 rw-p 00000000 00:00 0          [stack:4950]
b23c3000-b23c6000 ---p 00000000 00:00 0 
b23c6000-b2414000 rw-p 00000000 00:00 0          [stack:3886]
b2414000-b2446000 r-xp 00000000 08:01 157861     /home/user/Desktop/Dual-radio-simulation/lanada/obj_cooja/mtype191.cooja
b2446000-b2447000 r--p 00031000 08:01 157861     /home/user/Desktop/Dual-radio-simulation/lanada/obj_cooja/mtype191.cooja
b2447000-b2448000 rw-p 00032000 08:01 157861     /home/user/Desktop/Dual-radio-simulation/lanada/obj_cooja/mtype191.cooja
b2448000-b2450000 rw-p 00000000 00:00 0 
b2450000-b2453000 ---p 00000000 00:00 0 
b2453000-b24a1000 rw-p 00000000 00:00 0          [stack:4211]
b24a1000-b24d4000 r-xp 00000000 08:01 157848     /home/user/Desktop/Dual-radio-simulation/lanada/obj_cooja/mtype83.cooja
b24d4000-b24d5000 r--p 00032000 08:01 157848     /home/user/Desktop/Dual-radio-simulation/lanada/obj_cooja/mtype83.cooja
b24d5000-b24d6000 rw-p 00033000 08:01 157848     /home/user/Desktop/Dual-radio-simulation/lanada/obj_cooja/mtype83.cooja
b24d6000-b24de000 rw-p 00000000 00:00 0 
b24de000-b24e1000 ---p 00000000 00:00 0 
b24e1000-b252f000 rw-p 00000000 00:00 0          [stack:3627]
b252f000-b2532000 ---p 00000000 00:00 0 
b2532000-b2580000 rw-p 00000000 00:00 0          [stack:3406]
b2580000-b25b2000 r-xp 00000000 08:01 157844     /home/user/Desktop/Dual-radio-simulation/lanada/obj_cooja/mtype574.cooja
b25b2000-b25b3000 r--p 00031000 08:01 157844     /home/user/Desktop/Dual-radio-simulation/lanada/obj_cooja/mtype574.cooja
b25b3000-b25b4000 rw-p 00032000 08:01 157844     /home/user/Desktop/Dual-radio-simulation/lanada/obj_cooja/mtype574.cooja
b25b4000-b25bc000 rw-p 00000000 00:00 0 
b25bc000-b25bf000 ---p 00000000 00:00 0 
b25bf000-b260d000 rw-p 00000000 00:00 0          [stack:5009]
b260d000-b2610000 ---p 00000000 00:00 0 
b2610000-b265e000 rw-p 00000000 00:00 0          [stack:3358]
b265e000-b2661000 ---p 00000000 00:00 0 
b2661000-b26af000 rw-p 00000000 00:00 0          [stack:4073]
b26af000-b26b2000 ---p 00000000 00:00 0 
b26b2000-b26c8000 rw-p 00000000 00:00 0          [stack:4753]
b2729000-b2734000 rw-s 00000000 00:04 8060952    /SYSV00000000 (deleted)
b273a000-b273d000 ---p 00000000 00:00 0 
b273d000-b278b000 rw-p 00000000 00:00 0          [stack:3838]
b278e000-b2790000 rw-p 00000000 00:00 0 
b2790000-b2e25000 rw-s 00000000 00:04 2261015    /SYSV00000000 (deleted)
b2e25000-b2e27000 r--s 00003000 08:01 240239     /home/user/Desktop/Dual-radio-simulation/tools/cooja/apps/powertracker/lib/powertracker.jar
b2e27000-b2e28000 r--s 00002000 08:01 221744     /home/user/Desktop/Dual-radio-simulation/tools/cooja/apps/collect-view/cooja-collect-view.jar
b2e28000-b2e2a000 r--s 00008000 08:01 240241     /home/user/Desktop/Dual-radio-simulation/tools/cooja/apps/serial_socket/lib/serial_socket.jar
b2e2a000-b2e64000 r--s 001e1000 08:01 215649     /home/user/Desktop/Dual-radio-simulation/tools/cooja/apps/avrora/lib/avrora-small.jar
b2e64000-b2e65000 r--s 00008000 08:01 221742     /home/user/Desktop/Dual-radio-simulation/tools/cooja/apps/avrora/lib/cooja_avrora.jar
b2e65000-b2e67000 r--s 00010000 08:01 216078     /home/user/Desktop/Dual-radio-simulation/tools/cooja/apps/mspsim/lib/jipv6.jar
b2e67000-b2e68000 r--s 00004000 08:01 240237     /home/user/Desktop/Dual-radio-simulation/tools/cooja/apps/mspsim/lib/coffee.jar
b2e68000-b2e74000 r--s 000eb000 08:01 221748     /home/user/Desktop/Dual-radio-simulation/tools/cooja/apps/mspsim/lib/mspsim.jar
b2e74000-b2e7a000 r--s 00062000 08:01 221747     /home/user/Desktop/Dual-radio-simulation/tools/cooja/apps/mspsim/lib/cooja_mspsim.jar
b2e7a000-b2e7d000 r--s 0001e000 08:01 221746     /home/user/Desktop/Dual-radio-simulation/tools/cooja/apps/mrm/lib/mrm.jar
b2e7d000-b2e80000 ---p 00000000 00:00 0 
b2e80000-b2ece000 rw-p 00000000 00:00 0          [stack:3318]
b2ece000-b2ed1000 ---p 00000000 00:00 0 
b2ed1000-b2f1f000 rw-p 00000000 00:00 0          [stack:3317]
b2f1f000-b2f22000 ---p 00000000 00:00 0 
b2f22000-b2f70000 rw-p 00000000 00:00 0          [stack:3316]
b2f70000-b2f71000 r--s 00000000 08:01 395215     /var/cache/fontconfig/c05880de57d1f5e948fdfacc138775d9-le32d4.cache-4
b2f71000-b2f79000 r--s 00000000 08:01 395167     /var/cache/fontconfig/945677eb7aeaf62f1d50efc3fb3ec7d8-le32d4.cache-4
b2f79000-b2f7b000 r--s 00000000 08:01 395164     /var/cache/fontconfig/99e8ed0e538f840c565b6ed5dad60d56-le32d4.cache-4
b2f7b000-b2f7f000 r--s 00000000 08:01 395159     /var/cache/fontconfig/2cd17615ca594fa2959ae173292e504c-le32d4.cache-4
b2f7f000-b2f80000 r--s 00000000 08:01 395064     /var/cache/fontconfig/e7071f4a29fa870f4323321c154eba04-le32d4.cache-4
b2f80000-b2f81000 r--s 00000000 08:01 394991     /var/cache/fontconfig/0d8c3b2ac0904cb8a57a757ad11a4a08-le32d4.cache-4
b2f81000-b2f86000 r--s 00000000 08:01 394968     /var/cache/fontconfig/a755afe4a08bf5b97852ceb7400b47bc-le32d4.cache-4
b2f86000-b2f8f000 r--s 00000000 08:01 394962     /var/cache/fontconfig/6d41288fd70b0be22e8c3a91e032eec0-le32d4.cache-4
b2f8f000-b2f9e000 r--s 00000000 08:01 394955     /var/cache/fontconfig/04aabc0a78ac019cf9454389977116d2-le32d4.cache-4
b2f9e000-b2f9f000 r--s 00000000 08:01 394954     /var/cache/fontconfig/1ac9eb803944fde146138c791f5cc56a-le32d4.cache-4
b2f9f000-b2fa2000 r--s 00000000 08:01 394928     /var/cache/fontconfig/385c0604a188198f04d133e54aba7fe7-le32d4.cache-4
b2fa2000-b2fa3000 r--s 00000000 08:01 394926     /var/cache/fontconfig/dc05db6664285cc2f12bf69c139ae4c3-le32d4.cache-4
b2fa3000-b2fa5000 r--s 00000000 08:01 394921     /var/cache/fontconfig/767a8244fc0220cfb567a839d0392e0b-le32d4.cache-4
b2fa5000-b2fa6000 r--s 00000000 08:01 394913     /var/cache/fontconfig/4794a0821666d79190d59a36cb4f44b5-le32d4.cache-4
b2fa6000-b2faa000 r--s 00000000 08:01 394858     /var/cache/fontconfig/8801497958630a81b71ace7c5f9b32a8-le32d4.cache-4
b2faa000-b2faf000 r--s 00000000 08:01 394798     /var/cache/fontconfig/3047814df9a2f067bd2d96a2b9c36e5a-le32d4.cache-4
b2faf000-b2fb3000 r--s 00000000 08:01 394795     /var/cache/fontconfig/b47c4e1ecd0709278f4910c18777a504-le32d4.cache-4
b2fb3000-b2fc3000 r--s 00000000 08:01 394737     /var/cache/fontconfig/d52a8644073d54c13679302ca1180695-le32d4.cache-4
b2fc3000-b3013000 r-xp 00000000 08:01 138960     /usr/lib/jvm/java-7-openjdk-i386/jre/lib/i386/libfontmanager.so
b3013000-b3015000 r--p 0004f000 08:01 138960     /usr/lib/jvm/java-7-openjdk-i386/jre/lib/i386/libfontmanager.so
b3015000-b3016000 rw-p 00051000 08:01 138960     /usr/lib/jvm/java-7-openjdk-i386/jre/lib/i386/libfontmanager.so
b3016000-b3019000 ---p 00000000 00:00 0 
b3019000-b3067000 rw-p 00000000 00:00 0          [stack:3315]
b3067000-b306b000 r-xp 00000000 08:01 7640       /usr/lib/i386-linux-gnu/libXfixes.so.3.1.0
b306b000-b306c000 r--p 00003000 08:01 7640       /usr/lib/i386-linux-gnu/libXfixes.so.3.1.0
b306c000-b306d000 rw-p 00004000 08:01 7640       /usr/lib/i386-linux-gnu/libXfixes.so.3.1.0
b306d000-b3076000 r-xp 00000000 08:01 9790       /usr/lib/i386-linux-gnu/libXcursor.so.1.0.2
b3076000-b3077000 r--p 00008000 08:01 9790       /usr/lib/i386-linux-gnu/libXcursor.so.1.0.2
b3077000-b3078000 rw-p 00009000 08:01 9790       /usr/lib/i386-linux-gnu/libXcursor.so.1.0.2
b3078000-b307b000 ---p 00000000 00:00 0 
b307b000-b30c9000 rw-p 00000000 00:00 0          [stack:3314]
b30c9000-b30cc000 r-xp 00000000 08:01 131371     /lib/i386-linux-gnu/libgpg-error.so.0.10.0
b30cc000-b30cd000 r--p 00002000 08:01 131371     /lib/i386-linux-gnu/libgpg-error.so.0.10.0
b30cd000-b30ce000 rw-p 00003000 08:01 131371     /lib/i386-linux-gnu/libgpg-error.so.0.10.0
b30ce000-b30d0000 r-xp 00000000 08:01 132278     /lib/i386-linux-gnu/libkeyutils.so.1.4
b30d0000-b30d1000 r--p 00002000 08:01 132278     /lib/i386-linux-gnu/libkeyutils.so.1.4
b30d1000-b30d2000 rw-p 00003000 08:01 132278     /lib/i386-linux-gnu/libkeyutils.so.1.4
b30d2000-b30f8000 r-xp 00000000 08:01 158418     /lib/i386-linux-gnu/libpng12.so.0.50.0
b30f8000-b30f9000 r--p 00025000 08:01 158418     /lib/i386-linux-gnu/libpng12.so.0.50.0
b30f9000-b30fa000 rw-p 00026000 08:01 158418     /lib/i386-linux-gnu/libpng12.so.0.50.0
b30fa000-b3143000 r-xp 00000000 08:01 131443     /lib/i386-linux-gnu/libdbus-1.so.3.7.6
b3143000-b3144000 r--p 00048000 08:01 131443     /lib/i386-linux-gnu/libdbus-1.so.3.7.6
b3144000-b3145000 rw-p 00049000 08:01 131443     /lib/i386-linux-gnu/libdbus-1.so.3.7.6
b3145000-b317c000 r-xp 00000000 08:01 712        /usr/lib/i386-linux-gnu/libp11-kit.so.0.0.0
b317c000-b317d000 ---p 00037000 08:01 712        /usr/lib/i386-linux-gnu/libp11-kit.so.0.0.0
b317d000-b3180000 r--p 00037000 08:01 712        /usr/lib/i386-linux-gnu/libp11-kit.so.0.0.0
b3180000-b3181000 rw-p 0003a000 08:01 712        /usr/lib/i386-linux-gnu/libp11-kit.so.0.0.0
b3181000-b3193000 r-xp 00000000 08:01 38286      /usr/lib/i386-linux-gnu/libtasn1.so.6.2.0
b3193000-b3194000 r--p 00011000 08:01 38286      /usr/lib/i386-linux-gnu/libtasn1.so.6.2.0
b3194000-b3195000 rw-p 00012000 08:01 38286      /usr/lib/i386-linux-gnu/libtasn1.so.6.2.0
b3195000-b3217000 r-xp 00000000 08:01 131206     /lib/i386-linux-gnu/libgcrypt.so.11.8.2
b3217000-b3218000 r--p 00082000 08:01 131206     /lib/i386-linux-gnu/libgcrypt.so.11.8.2
b3218000-b321a000 rw-p 00083000 08:01 131206     /lib/i386-linux-gnu/libgcrypt.so.11.8.2
b321a000-b321b000 rw-p 00000000 00:00 0 
b321b000-b3225000 r-xp 00000000 08:01 56557      /usr/lib/i386-linux-gnu/libkrb5support.so.0.1
b3225000-b3226000 r--p 00009000 08:01 56557      /usr/lib/i386-linux-gnu/libkrb5support.so.0.1
b3226000-b3227000 rw-p 0000a000 08:01 56557      /usr/lib/i386-linux-gnu/libkrb5support.so.0.1
b3227000-b322a000 r-xp 00000000 08:01 138844     /lib/i386-linux-gnu/libcom_err.so.2.1
b322a000-b322b000 r--p 00002000 08:01 138844     /lib/i386-linux-gnu/libcom_err.so.2.1
b322b000-b322c000 rw-p 00003000 08:01 138844     /lib/i386-linux-gnu/libcom_err.so.2.1
b322c000-b325a000 r-xp 00000000 08:01 56585      /usr/lib/i386-linux-gnu/libk5crypto.so.3.1
b325a000-b325b000 r--p 0002d000 08:01 56585      /usr/lib/i386-linux-gnu/libk5crypto.so.3.1
b325b000-b325c000 rw-p 0002e000 08:01 56585      /usr/lib/i386-linux-gnu/libk5crypto.so.3.1
b325c000-b3313000 r-xp 00000000 08:01 56629      /usr/lib/i386-linux-gnu/libkrb5.so.3.3
b3313000-b3319000 r--p 000b7000 08:01 56629      /usr/lib/i386-linux-gnu/libkrb5.so.3.3
b3319000-b331a000 rw-p 000bd000 08:01 56629      /usr/lib/i386-linux-gnu/libkrb5.so.3.3
b331a000-b331f000 r-xp 00000000 08:01 5406       /usr/lib/i386-linux-gnu/libXdmcp.so.6.0.0
b331f000-b3320000 r--p 00004000 08:01 5406       /usr/lib/i386-linux-gnu/libXdmcp.so.6.0.0
b3320000-b3321000 rw-p 00005000 08:01 5406       /usr/lib/i386-linux-gnu/libXdmcp.so.6.0.0
b3321000-b3323000 r-xp 00000000 08:01 5352       /usr/lib/i386-linux-gnu/libXau.so.6.0.0
b3323000-b3324000 r--p 00001000 08:01 5352       /usr/lib/i386-linux-gnu/libXau.so.6.0.0
b3324000-b3325000 rw-p 00002000 08:01 5352       /usr/lib/i386-linux-gnu/libXau.so.6.0.0
b3325000-b334a000 r-xp 00000000 08:01 131422     /lib/i386-linux-gnu/libexpat.so.1.6.0
b334a000-b334b000 ---p 00025000 08:01 131422     /lib/i386-linux-gnu/libexpat.so.1.6.0
b334b000-b334d000 r--p 00025000 08:01 131422     /lib/i386-linux-gnu/libexpat.so.1.6.0
b334d000-b334e000 rw-p 00027000 08:01 131422     /lib/i386-linux-gnu/libexpat.so.1.6.0
b334e000-b33e9000 r-xp 00000000 08:01 5308       /usr/lib/i386-linux-gnu/libfreetype.so.6.11.1
b33e9000-b33ed000 r--p 0009a000 08:01 5308       /usr/lib/i386-linux-gnu/libfreetype.so.6.11.1
b33ed000-b33ee000 rw-p 0009e000 08:01 5308       /usr/lib/i386-linux-gnu/libfreetype.so.6.11.1
b33ee000-b33fe000 r-xp 00000000 08:01 10788      /usr/lib/i386-linux-gnu/libavahi-client.so.3.2.9
b33fe000-b33ff000 r--p 0000f000 08:01 10788      /usr/lib/i386-linux-gnu/libavahi-client.so.3.2.9
b33ff000-b3400000 rw-p 00010000 08:01 10788      /usr/lib/i386-linux-gnu/libavahi-client.so.3.2.9
b3400000-b340c000 r-xp 00000000 08:01 8766       /usr/lib/i386-linux-gnu/libavahi-common.so.3.5.3
b340c000-b340d000 r--p 0000b000 08:01 8766       /usr/lib/i386-linux-gnu/libavahi-common.so.3.5.3
b340d000-b340e000 rw-p 0000c000 08:01 8766       /usr/lib/i386-linux-gnu/libavahi-common.so.3.5.3
b340e000-b34cf000 r-xp 00000000 08:01 43756      /usr/lib/i386-linux-gnu/libgnutls.so.26.22.6
b34cf000-b34d3000 r--p 000c0000 08:01 43756      /usr/lib/i386-linux-gnu/libgnutls.so.26.22.6
b34d3000-b34d4000 rw-p 000c4000 08:01 43756      /usr/lib/i386-linux-gnu/libgnutls.so.26.22.6
b34d4000-b3517000 r-xp 00000000 08:01 56613      /usr/lib/i386-linux-gnu/libgssapi_krb5.so.2.2
b3517000-b3518000 r--p 00042000 08:01 56613      /usr/lib/i386-linux-gnu/libgssapi_krb5.so.2.2
b3518000-b3519000 rw-p 00043000 08:01 56613      /usr/lib/i386-linux-gnu/libgssapi_krb5.so.2.2
b3519000-b3539000 r-xp 00000000 08:01 66655      /usr/lib/i386-linux-gnu/libxcb.so.1.1.0
b3539000-b353a000 r--p 0001f000 08:01 66655      /usr/lib/i386-linux-gnu/libxcb.so.1.1.0
b353a000-b353b000 rw-p 00020000 08:01 66655      /usr/lib/i386-linux-gnu/libxcb.so.1.1.0
b353b000-b3574000 r-xp 00000000 08:01 10898      /usr/lib/i386-linux-gnu/libfontconfig.so.1.8.0
b3574000-b3575000 r--p 00039000 08:01 10898      /usr/lib/i386-linux-gnu/libfontconfig.so.1.8.0
b3575000-b3576000 rw-p 0003a000 08:01 10898      /usr/lib/i386-linux-gnu/libfontconfig.so.1.8.0
b3576000-b35dd000 r-xp 00000000 08:01 6693       /usr/lib/i386-linux-gnu/libcups.so.2
b35dd000-b35de000 ---p 00067000 08:01 6693       /usr/lib/i386-linux-gnu/libcups.so.2
b35de000-b35e2000 r--p 00067000 08:01 6693       /usr/lib/i386-linux-gnu/libcups.so.2
b35e2000-b35e3000 rw-p 0006b000 08:01 6693       /usr/lib/i386-linux-gnu/libcups.so.2
b35e3000-b35f1000 r-xp 00000000 08:01 7577       /usr/lib/i386-linux-gnu/libXi.so.6.1.0
b35f1000-b35f2000 r--p 0000e000 08:01 7577       /usr/lib/i386-linux-gnu/libXi.so.6.1.0
b35f2000-b35f3000 rw-p 0000f000 08:01 7577       /usr/lib/i386-linux-gnu/libXi.so.6.1.0
b35f3000-b35fc000 r-xp 00000000 08:01 6199       /usr/lib/i386-linux-gnu/libXrender.so.1.3.0
b35fc000-b35fd000 r--p 00008000 08:01 6199       /usr/lib/i386-linux-gnu/libXrender.so.1.3.0
b35fd000-b35fe000 rw-p 00009000 08:01 6199       /usr/lib/i386-linux-gnu/libXrender.so.1.3.0
b35fe000-b372e000 r-xp 00000000 08:01 10842      /usr/lib/i386-linux-gnu/libX11.so.6.3.0
b372e000-b372f000 r--p 00130000 08:01 10842      /usr/lib/i386-linux-gnu/libX11.so.6.3.0
b372f000-b3731000 rw-p 00131000 08:01 10842      /usr/lib/i386-linux-gnu/libX11.so.6.3.0
b3731000-b3732000 rw-p 00000000 00:00 0 
b3732000-b3743000 r-xp 00000000 08:01 6183       /usr/lib/i386-linux-gnu/libXext.so.6.4.0
b3743000-b3744000 r--p 00010000 08:01 6183       /usr/lib/i386-linux-gnu/libXext.so.6.4.0
b3744000-b3745000 rw-p 00011000 08:01 6183       /usr/lib/i386-linux-gnu/libXext.so.6.4.0
b3745000-b37d4000 r-xp 00000000 08:01 138964     /usr/lib/jvm/java-7-openjdk-i386/jre/lib/i386/libawt.so
b37d4000-b37d5000 r--p 0008f000 08:01 138964     /usr/lib/jvm/java-7-openjdk-i386/jre/lib/i386/libawt.so
b37d5000-b37dc000 rw-p 00090000 08:01 138964     /usr/lib/jvm/java-7-openjdk-i386/jre/lib/i386/libawt.so
b37dc000-b3800000 rw-p 00000000 00:00 0 
b3800000-b38c2000 rw-p 00000000 00:00 0 
b38c2000-b3900000 ---p 00000000 00:00 0 
b3900000-b3905000 r-xp 00000000 08:01 10292      /usr/lib/i386-linux-gnu/libXtst.so.6.1.0
b3905000-b3906000 r--p 00004000 08:01 10292      /usr/lib/i386-linux-gnu/libXtst.so.6.1.0
b3906000-b3907000 rw-p 00005000 08:01 10292      /usr/lib/i386-linux-gnu/libXtst.so.6.1.0
b3907000-b394f000 r-xp 00000000 08:01 136828     /usr/lib/jvm/java-7-openjdk-i386/jre/lib/i386/xawt/libmawt.so
b394f000-b3950000 r--p 00047000 08:01 136828     /usr/lib/jvm/java-7-openjdk-i386/jre/lib/i386/xawt/libmawt.so
b3950000-b3952000 rw-p 00048000 08:01 136828     /usr/lib/jvm/java-7-openjdk-i386/jre/lib/i386/xawt/libmawt.so
b3952000-b3953000 rw-p 00000000 00:00 0 
b3953000-b398f000 r-xp 00000000 08:01 136082     /lib/i386-linux-gnu/libpcre.so.3.13.1
b398f000-b3990000 r--p 0003b000 08:01 136082     /lib/i386-linux-gnu/libpcre.so.3.13.1
b3990000-b3991000 rw-p 0003c000 08:01 136082     /lib/i386-linux-gnu/libpcre.so.3.13.1
b3991000-b39a4000 r-xp 00000000 08:01 159740     /lib/i386-linux-gnu/libresolv-2.19.so
b39a4000-b39a5000 ---p 00013000 08:01 159740     /lib/i386-linux-gnu/libresolv-2.19.so
b39a5000-b39a6000 r--p 00013000 08:01 159740     /lib/i386-linux-gnu/libresolv-2.19.so
b39a6000-b39a7000 rw-p 00014000 08:01 159740     /lib/i386-linux-gnu/libresolv-2.19.so
b39a7000-b39a9000 rw-p 00000000 00:00 0 
b39a9000-b39c9000 r-xp 00000000 08:01 131406     /lib/i386-linux-gnu/libselinux.so.1
b39c9000-b39ca000 r--p 0001f000 08:01 131406     /lib/i386-linux-gnu/libselinux.so.1
b39ca000-b39cb000 rw-p 00020000 08:01 131406     /lib/i386-linux-gnu/libselinux.so.1
b39cb000-b39cc000 rw-p 00000000 00:00 0 
b39cc000-b3ad6000 r-xp 00000000 08:01 136564     /lib/i386-linux-gnu/libglib-2.0.so.0.4002.0
b3ad6000-b3ad7000 r--p 00109000 08:01 136564     /lib/i386-linux-gnu/libglib-2.0.so.0.4002.0
b3ad7000-b3ad8000 rw-p 0010a000 08:01 136564     /lib/i386-linux-gnu/libglib-2.0.so.0.4002.0
b3ad8000-b3b28000 r-xp 00000000 08:01 1672       /usr/lib/i386-linux-gnu/libgobject-2.0.so.0.4002.0
b3b28000-b3b29000 r--p 0004f000 08:01 1672       /usr/lib/i386-linux-gnu/libgobject-2.0.so.0.4002.0
b3b29000-b3b2a000 rw-p 00050000 08:01 1672       /usr/lib/i386-linux-gnu/libgobject-2.0.so.0.4002.0
b3b2a000-b3ca7000 r-xp 00000000 08:01 1674       /usr/lib/i386-linux-gnu/libgio-2.0.so.0.4002.0
b3ca7000-b3ca9000 r--p 0017d000 08:01 1674       /usr/lib/i386-linux-gnu/libgio-2.0.so.0.4002.0
b3ca9000-b3caa000 rw-p 0017f000 08:01 1674       /usr/lib/i386-linux-gnu/libgio-2.0.so.0.4002.0
b3caa000-b3cab000 rw-p 00000000 00:00 0 
b3cab000-b3cac000 r--s 00000000 08:01 394797     /var/cache/fontconfig/56cf4f4769d0f4abc89a4895d7bd3ae1-le32d4.cache-4
b3cac000-b3cad000 r--s 00000000 08:01 394796     /var/cache/fontconfig/b9d506c9ac06c20b433354fa67a72993-le32d4.cache-4
b3cad000-b3cb4000 r--s 00000000 08:01 394735     /var/cache/fontconfig/3f7329c5293ffd510edef78f73874cfd-le32d4.cache-4
b3cb4000-b3cbd000 r--s 00000000 08:01 394733     /var/cache/fontconfig/d589a48862398ed80a3d6066f4f56f4c-le32d4.cache-4
b3cbd000-b3cbf000 r--s 00000000 08:01 393797     /var/cache/fontconfig/e13b20fdb08344e0e664864cc2ede53d-le32d4.cache-4
b3cbf000-b3cc2000 r--s 00000000 08:01 394715     /var/cache/fontconfig/7ef2298fde41cc6eeb7af42e48b7d293-le32d4.cache-4
b3cc2000-b3cd9000 r-xp 00000000 08:01 138987     /usr/lib/jvm/java-7-openjdk-i386/jre/lib/i386/libnet.so
b3cd9000-b3cda000 r--p 00017000 08:01 138987     /usr/lib/jvm/java-7-openjdk-i386/jre/lib/i386/libnet.so
b3cda000-b3cdb000 rw-p 00018000 08:01 138987     /usr/lib/jvm/java-7-openjdk-i386/jre/lib/i386/libnet.so
b3cdb000-b3cec000 r-xp 00000000 08:01 138994     /usr/lib/jvm/java-7-openjdk-i386/jre/lib/i386/libnio.so
b3cec000-b3ced000 r--p 00010000 08:01 138994     /usr/lib/jvm/java-7-openjdk-i386/jre/lib/i386/libnio.so
b3ced000-b3cee000 rw-p 00011000 08:01 138994     /usr/lib/jvm/java-7-openjdk-i386/jre/lib/i386/libnio.so
b3cee000-b3d0b000 r--s 0014f000 08:01 218137     /home/user/Desktop/Dual-radio-simulation/tools/cooja/lib/swingx-all-1.6.4.jar
b3d0b000-b3d0c000 ---p 00000000 00:00 0 
b3d0c000-b3d8c000 rw-p 00000000 00:00 0          [stack:3313]
b3d8c000-b3d8f000 ---p 00000000 00:00 0 
b3d8f000-b3ddd000 rw-p 00000000 00:00 0          [stack:3312]
b3ddd000-b3de0000 ---p 00000000 00:00 0 
b3de0000-b3e5e000 rw-p 00000000 00:00 0          [stack:3311]
b3e5e000-b3e61000 ---p 00000000 00:00 0 
b3e61000-b3eaf000 rw-p 00000000 00:00 0          [stack:3310]
b3eaf000-b40af000 r--p 00000000 08:01 369        /usr/lib/locale/locale-archive
b40af000-b40b2000 ---p 00000000 00:00 0 
b40b2000-b4100000 rw-p 00000000 00:00 0          [stack:3309]
b4100000-b41d7000 rw-p 00000000 00:00 0 
b41d7000-b4200000 ---p 00000000 00:00 0 
b4200000-b4201000 r--s 00000000 08:01 394716     /var/cache/fontconfig/0c9eb80ebd1c36541ebe2852d3bb0c49-le32d4.cache-4
b4201000-b4206000 r-xp 00000000 08:01 1818       /usr/lib/i386-linux-gnu/libffi.so.6.0.1
b4206000-b4207000 r--p 00005000 08:01 1818       /usr/lib/i386-linux-gnu/libffi.so.6.0.1
b4207000-b4208000 rw-p 00006000 08:01 1818       /usr/lib/i386-linux-gnu/libffi.so.6.0.1
b4208000-b420b000 r-xp 00000000 08:01 1675       /usr/lib/i386-linux-gnu/libgmodule-2.0.so.0.4002.0
b420b000-b420c000 r--p 00002000 08:01 1675       /usr/lib/i386-linux-gnu/libgmodule-2.0.so.0.4002.0
b420c000-b420d000 rw-p 00003000 08:01 1675       /usr/lib/i386-linux-gnu/libgmodule-2.0.so.0.4002.0
b420d000-b4217000 r--s 000ae000 08:01 136954     /usr/lib/jvm/java-7-openjdk-i386/jre/lib/resources.jar
b4217000-b421e000 r--s 0005b000 08:01 218134     /home/user/Desktop/Dual-radio-simulation/tools/cooja/lib/jsyntaxpane.jar
b421e000-b4225000 r--s 0004f000 08:01 218135     /home/user/Desktop/Dual-radio-simulation/tools/cooja/lib/log4j.jar
b4225000-b4228000 r--s 00022000 08:01 218133     /home/user/Desktop/Dual-radio-simulation/tools/cooja/lib/jdom.jar
b4228000-b422c000 r--s 00085000 08:01 144112     /usr/lib/jvm/java-7-openjdk-i386/jre/lib/ext/localedata.jar
b422c000-b422d000 r--s 00002000 08:01 144114     /usr/lib/jvm/java-7-openjdk-i386/jre/lib/ext/dnsns.jar
b422d000-b4231000 r--s 00034000 08:01 144116     /usr/lib/jvm/java-7-openjdk-i386/jre/lib/ext/sunjce_provider.jar
b4231000-b4234000 r--s 0000f000 08:01 144120     /usr/lib/jvm/java-7-openjdk-i386/jre/lib/ext/icedtea-sound.jar
b4234000-b4238000 r--s 0003c000 08:01 144118     /usr/lib/jvm/java-7-openjdk-i386/jre/lib/ext/sunpkcs11.jar
b4238000-b423b000 ---p 00000000 00:00 0 
b423b000-b4289000 rw-p 00000000 00:00 0          [stack:3308]
b4289000-b428a000 ---p 00000000 00:00 0 
b428a000-b4353000 rw-p 00000000 00:00 0          [stack:3307]
b4353000-b4504000 r--s 01d29000 08:01 136944     /usr/lib/jvm/java-7-openjdk-i386/jre/lib/rt.jar
b4504000-b450b000 rw-p 00000000 00:00 0 
b450b000-b4525000 rw-p 00000000 00:00 0 
b4525000-b4559000 rw-p 00000000 00:00 0 
b4559000-b45d0000 rw-p 00000000 00:00 0 
b45d0000-b45ea000 rw-p 00000000 00:00 0 
b45ea000-b4625000 rw-p 00000000 00:00 0 
b4625000-b4659000 rw-p 00000000 00:00 0 
b4659000-b46d0000 rw-p 00000000 00:00 0 
b46d0000-b46d6000 rw-p 00000000 00:00 0 
b46d6000-b46f0000 rw-p 00000000 00:00 0 
b46f0000-b4712000 rw-p 00000000 00:00 0 
b4712000-b477c000 rw-p 00000000 00:00 0 
b477c000-b4ce4000 rwxp 00000000 00:00 0 
b4ce4000-b677c000 rw-p 00000000 00:00 0 
b677c000-b6787000 r-xp 00000000 08:01 159744     /lib/i386-linux-gnu/libnss_files-2.19.so
b6787000-b6788000 r--p 0000a000 08:01 159744     /lib/i386-linux-gnu/libnss_files-2.19.so
b6788000-b6789000 rw-p 0000b000 08:01 159744     /lib/i386-linux-gnu/libnss_files-2.19.so
b6789000-b6793000 r-xp 00000000 08:01 159715     /lib/i386-linux-gnu/libnss_nis-2.19.so
b6793000-b6794000 r--p 00009000 08:01 159715     /lib/i386-linux-gnu/libnss_nis-2.19.so
b6794000-b6795000 rw-p 0000a000 08:01 159715     /lib/i386-linux-gnu/libnss_nis-2.19.so
b6795000-b67aa000 r-xp 00000000 08:01 159717     /lib/i386-linux-gnu/libnsl-2.19.so
b67aa000-b67ab000 r--p 00015000 08:01 159717     /lib/i386-linux-gnu/libnsl-2.19.so
b67ab000-b67ac000 rw-p 00016000 08:01 159717     /lib/i386-linux-gnu/libnsl-2.19.so
b67ac000-b67ae000 rw-p 00000000 00:00 0 
b67ae000-b67b5000 r-xp 00000000 08:01 159727     /lib/i386-linux-gnu/libnss_compat-2.19.so
b67b5000-b67b6000 r--p 00006000 08:01 159727     /lib/i386-linux-gnu/libnss_compat-2.19.so
b67b6000-b67b7000 rw-p 00007000 08:01 159727     /lib/i386-linux-gnu/libnss_compat-2.19.so
b67b7000-b67c4000 rw-p 00000000 00:00 0 
b67c4000-b67cc000 r-xp 00000000 08:01 138893     /usr/lib/jvm/java-7-openjdk-i386/jre/lib/i386/libzip.so
b67cc000-b67cd000 r--p 00007000 08:01 138893     /usr/lib/jvm/java-7-openjdk-i386/jre/lib/i386/libzip.so
b67cd000-b67ce000 rw-p 00008000 08:01 138893     /usr/lib/jvm/java-7-openjdk-i386/jre/lib/i386/libzip.so
b67ce000-b67f5000 r-xp 00000000 08:01 144073     /usr/lib/jvm/java-7-openjdk-i386/jre/lib/i386/libjava.so
b67f5000-b67f6000 r--p 00026000 08:01 144073     /usr/lib/jvm/java-7-openjdk-i386/jre/lib/i386/libjava.so
b67f6000-b67f7000 rw-p 00027000 08:01 144073     /usr/lib/jvm/java-7-openjdk-i386/jre/lib/i386/libjava.so
b67f7000-b67fe000 r-xp 00000000 08:01 159746     /lib/i386-linux-gnu/librt-2.19.so
b67fe000-b67ff000 r--p 00006000 08:01 159746     /lib/i386-linux-gnu/librt-2.19.so
b67ff000-b6800000 rw-p 00007000 08:01 159746     /lib/i386-linux-gnu/librt-2.19.so
b6800000-b68f7000 rw-p 00000000 00:00 0 
b68f7000-b6900000 ---p 00000000 00:00 0 
b6900000-b6908000 rw-s 00000000 08:01 157348     /tmp/hsperfdata_user/3301
b6908000-b690b000 ---p 00000000 00:00 0 
b690b000-b6959000 rw-p 00000000 00:00 0          [stack:3303]
b6959000-b6975000 r-xp 00000000 08:01 131377     /lib/i386-linux-gnu/libgcc_s.so.1
b6975000-b6976000 rw-p 0001b000 08:01 131377     /lib/i386-linux-gnu/libgcc_s.so.1
b6976000-b69ba000 r-xp 00000000 08:01 159725     /lib/i386-linux-gnu/libm-2.19.so
b69ba000-b69bb000 r--p 00043000 08:01 159725     /lib/i386-linux-gnu/libm-2.19.so
b69bb000-b69bc000 rw-p 00044000 08:01 159725     /lib/i386-linux-gnu/libm-2.19.so
b69bc000-b6a98000 r-xp 00000000 08:01 540        /usr/lib/i386-linux-gnu/libstdc++.so.6.0.19
b6a98000-b6a9c000 r--p 000dc000 08:01 540        /usr/lib/i386-linux-gnu/libstdc++.so.6.0.19
b6a9c000-b6a9d000 rw-p 000e0000 08:01 540        /usr/lib/i386-linux-gnu/libstdc++.so.6.0.19
b6a9d000-b6aa4000 rw-p 00000000 00:00 0 
b6aa4000-b70cf000 r-xp 00000000 08:01 144071     /usr/lib/jvm/java-7-openjdk-i386/jre/lib/i386/client/libjvm.so
b70cf000-b70e5000 r--p 0062a000 08:01 144071     /usr/lib/jvm/java-7-openjdk-i386/jre/lib/i386/client/libjvm.so
b70e5000-b70f4000 rw-p 00640000 08:01 144071     /usr/lib/jvm/java-7-openjdk-i386/jre/lib/i386/client/libjvm.so
b70f4000-b750f000 rw-p 00000000 00:00 0 
b750f000-b7527000 r-xp 00000000 08:01 158556     /lib/i386-linux-gnu/libz.so.1.2.8
b7527000-b7528000 r--p 00017000 08:01 158556     /lib/i386-linux-gnu/libz.so.1.2.8
b7528000-b7529000 rw-p 00018000 08:01 158556     /lib/i386-linux-gnu/libz.so.1.2.8
b7529000-b7541000 r-xp 00000000 08:01 159736     /lib/i386-linux-gnu/libpthread-2.19.so
b7541000-b7542000 r--p 00018000 08:01 159736     /lib/i386-linux-gnu/libpthread-2.19.so
b7542000-b7543000 rw-p 00019000 08:01 159736     /lib/i386-linux-gnu/libpthread-2.19.so
b7543000-b7545000 rw-p 00000000 00:00 0 
b7545000-b7548000 r-xp 00000000 08:01 159003     /lib/i386-linux-gnu/libdl-2.19.so
b7548000-b7549000 r--p 00002000 08:01 159003     /lib/i386-linux-gnu/libdl-2.19.so
b7549000-b754a000 rw-p 00003000 08:01 159003     /lib/i386-linux-gnu/libdl-2.19.so
b754a000-b76f2000 r-xp 00000000 08:01 159001     /lib/i386-linux-gnu/libc-2.19.so
b76f2000-b76f4000 r--p 001a8000 08:01 159001     /lib/i386-linux-gnu/libc-2.19.so
b76f4000-b76f5000 rw-p 001aa000 08:01 159001     /lib/i386-linux-gnu/libc-2.19.so
b76f5000-b76f8000 rw-p 00000000 00:00 0 
b76f8000-b76fa000 r--s 00006000 08:01 276693     /usr/share/java/java-atk-wrapper.jar
b76fa000-b76fc000 r--s 00012000 08:01 144121     /usr/lib/jvm/java-7-openjdk-i386/jre/lib/ext/zipfs.jar
b76fc000-b76fd000 r--p 002c5000 08:01 369        /usr/lib/locale/locale-archive
b76fd000-b76fe000 rw-p 00000000 00:00 0 
b76fe000-b76ff000 r--p 00000000 00:00 0 
b76ff000-b770d000 r-xp 00000000 08:01 138970     /usr/lib/jvm/java-7-openjdk-i386/jre/lib/i386/libverify.so
b770d000-b770e000 r--p 0000d000 08:01 138970     /usr/lib/jvm/java-7-openjdk-i386/jre/lib/i386/libverify.so
b770e000-b770f000 rw-p 0000e000 08:01 138970     /usr/lib/jvm/java-7-openjdk-i386/jre/lib/i386/libverify.so
b770f000-b771b000 r-xp 00000000 08:01 138927     /usr/lib/jvm/java-7-openjdk-i386/jre/lib/i386/jli/libjli.so
b771b000-b771c000 r--p 0000c000 08:01 138927     /usr/lib/jvm/java-7-openjdk-i386/jre/lib/i386/jli/libjli.so
b771c000-b771d000 rw-p 0000d000 08:01 138927     /usr/lib/jvm/java-7-openjdk-i386/jre/lib/i386/jli/libjli.so
b771d000-b7720000 rw-p 00000000 00:00 0 
b7720000-b7721000 r-xp 00000000 00:00 0          [vdso]
b7721000-b7741000 r-xp 00000000 08:01 159713     /lib/i386-linux-gnu/ld-2.19.so
b7741000-b7742000 r--p 0001f000 08:01 159713     /lib/i386-linux-gnu/ld-2.19.so
b7742000-b7743000 rw-p 00020000 08:01 159713     /lib/i386-linux-gnu/ld-2.19.so
bff2f000-bff30000 rwxp 00000000 00:00 0 
bff62000-bff83000 rw-p 00000000 00:00 0          [stack]

VM Arguments:
jvm_args: -Xmx512m -Duser.language=en 
java_command: org.contikios.cooja.Cooja
Launcher Type: SUN_STANDARD

Environment Variables:
JAVA_HOME=/usr/lib/jvm/java-7-openjdk-i386
PATH=/usr/local/sdcc/bin:/usr/local/sbin:/usr/local/bin:/usr/sbin:/usr/bin:/sbin:/bin:/usr/games:/usr/local/games:/home/user/CodeSourcery/Sourcery_G++_Lite/bin:/usr/local/msp430/bin:/home/user/CodeSourcery/Sourcery_G++_Lite/bin
LD_LIBRARY_PATH=.
SHELL=/bin/bash
DISPLAY=:0

Signal Handlers:
SIGSEGV: [libjvm.so+0x4e6b10], sa_mask[0]=0x7ffbfeff, sa_flags=0x10000004
SIGBUS: [libjvm.so+0x4e6b10], sa_mask[0]=0x7ffbfeff, sa_flags=0x10000004
SIGFPE: [libjvm.so+0x3c5790], sa_mask[0]=0x7ffbfeff, sa_flags=0x10000004
SIGPIPE: [libjvm.so+0x3c5790], sa_mask[0]=0x7ffbfeff, sa_flags=0x10000004
SIGXFSZ: [libjvm.so+0x3c5790], sa_mask[0]=0x7ffbfeff, sa_flags=0x10000004
SIGILL: [libjvm.so+0x3c5790], sa_mask[0]=0x7ffbfeff, sa_flags=0x10000004
SIGUSR1: SIG_DFL, sa_mask[0]=0x00000000, sa_flags=0x00000000
SIGUSR2: [libjvm.so+0x3c5620], sa_mask[0]=0x00000004, sa_flags=0x10000004
SIGHUP: [libjvm.so+0x3c5850], sa_mask[0]=0x7ffbfeff, sa_flags=0x10000004
SIGINT: [libjvm.so+0x3c5850], sa_mask[0]=0x7ffbfeff, sa_flags=0x10000004
SIGTERM: [libjvm.so+0x3c5850], sa_mask[0]=0x7ffbfeff, sa_flags=0x10000004
SIGQUIT: [libjvm.so+0x3c5850], sa_mask[0]=0x7ffbfeff, sa_flags=0x10000004
SIGTRAP: SIG_DFL, sa_mask[0]=0x00000000, sa_flags=0x00000000


---------------  S Y S T E M  ---------------

OS:Ubuntu 14.04 (trusty)
uname:Linux 3.13.0-62-generic #102-Ubuntu SMP Tue Aug 11 14:28:35 UTC 2015 i686
libc:glibc 2.19 NPTL 2.19 
rlimit: STACK 8192k, CORE 0k, NPROC 32116, NOFILE 4096, AS infinity
load average:0.28 0.25 0.16

/proc/meminfo:
MemTotal:        4130164 kB
MemFree:         2721700 kB
Buffers:          131676 kB
Cached:           671364 kB
SwapCached:            0 kB
Active:           882856 kB
Inactive:         432112 kB
Active(anon):     512920 kB
Inactive(anon):    26448 kB
Active(file):     369936 kB
Inactive(file):   405664 kB
Unevictable:          32 kB
Mlocked:              32 kB
HighTotal:       3280776 kB
HighFree:        2248204 kB
LowTotal:         849388 kB
LowFree:          473496 kB
SwapTotal:       1046524 kB
SwapFree:        1046524 kB
Dirty:              1908 kB
Writeback:             0 kB
AnonPages:        511972 kB
Mapped:           144176 kB
Shmem:             27472 kB
Slab:              57220 kB
SReclaimable:      43408 kB
SUnreclaim:        13812 kB
KernelStack:        3008 kB
PageTables:         7180 kB
NFS_Unstable:          0 kB
Bounce:                0 kB
WritebackTmp:          0 kB
CommitLimit:     3111604 kB
Committed_AS:    2588592 kB
VmallocTotal:     122880 kB
VmallocUsed:       23368 kB
VmallocChunk:      90924 kB
HardwareCorrupted:     0 kB
AnonHugePages:    299008 kB
HugePages_Total:       0
HugePages_Free:        0
HugePages_Rsvd:        0
HugePages_Surp:        0
Hugepagesize:       2048 kB
DirectMap4k:       14328 kB
DirectMap2M:      899072 kB


CPU:total 1 (1 cores per cpu, 1 threads per core) family 6 model 94 stepping 3, cmov, cx8, fxsr, mmx, sse, sse2, sse3, ssse3, sse4.1, sse4.2, popcnt, avx, aes, tsc, tscinvbit

/proc/cpuinfo:
processor	: 0
vendor_id	: GenuineIntel
cpu family	: 6
model		: 94
model name	: Intel(R) Core(TM) i5-6500 CPU @ 3.20GHz
stepping	: 3
microcode	: 0x76
cpu MHz		: 3191.991
cache size	: 6144 KB
physical id	: 0
siblings	: 1
core id		: 0
cpu cores	: 1
apicid		: 0
initial apicid	: 0
fdiv_bug	: no
f00f_bug	: no
coma_bug	: no
fpu		: yes
fpu_exception	: yes
cpuid level	: 22
wp		: yes
flags		: fpu vme de pse tsc msr pae mce cx8 apic sep mtrr pge mca cmov pat pse36 clflush dts mmx fxsr sse sse2 ss nx rdtscp lm constant_tsc arch_perfmon pebs bts tsc_reliable nonstop_tsc aperfmperf pni pclmulqdq ssse3 fma cx16 sse4_1 sse4_2 movbe popcnt aes xsave avx hypervisor lahf_lm 3dnowprefetch ida arat epb pln pts dtherm
bogomips	: 6383.98
clflush size	: 64
cache_alignment	: 64
address sizes	: 40 bits physical, 48 bits virtual
power management:



Memory: 4k page, physical 4130164k(2721700k free), swap 1046524k(1046524k free)

vm_info: OpenJDK Client VM (24.79-b02) for linux-x86 JRE (1.7.0_79-b14), built on Jul 24 2015 08:28:59 by "buildd" with gcc 4.8.2

time: Tue Apr 25 06:54:53 2017
elapsed time: 9773 seconds

