#
# A fatal error has been detected by the Java Runtime Environment:
#
#  SIGSEGV (0xb) at pc=0x0000fd7d, pid=5747, tid=2994568000
#
# JRE version: OpenJDK Runtime Environment (7.0_79-b14) (build 1.7.0_79-b14)
# Java VM: OpenJDK Client VM (24.79-b02 mixed mode, sharing linux-x86 )
# Derivative: IcedTea 2.5.6
# Distribution: Ubuntu 14.04 LTS, package 7u79-2.5.6-0ubuntu1.14.04.1
# Problematic frame:
# C  0x0000fd7d
#
# Failed to write core dump. Core dumps have been disabled. To enable core dumping, try "ulimit -c unlimited" before starting Java again
#
# If you would like to submit a bug report, please include
# instructions on how to reproduce the bug and visit:
#   http://icedtea.classpath.org/bugzilla
# The crash happened outside the Java Virtual Machine in native code.
# See problematic frame for where to report the bug.
#

---------------  T H R E A D  ---------------

Current thread (0x09e1d000):  JavaThread "Thread-16" [_thread_in_native, id=5932, stack(0xb2787000,0xb27d8000)]

siginfo:si_signo=SIGSEGV: si_errno=0, si_code=1 (SEGV_MAPERR), si_addr=0x0000fd7d

Registers:
EAX=0x0000fd7d, EBX=0xb26f5023, ECX=0x00000000, EDX=0x00000069
ESP=0xb27141c8, EBP=0xb27141e4, ESI=0x0000004a, EDI=0x00000000
EIP=0x0000fd7d, EFLAGS=0x00010206, CR2=0x0000fd7d

Top of Stack: (sp=0xb27141c8)
0xb27141c8:   b2706b79 00000000 00000001 00000001
0xb27141d8:   00000052 b2705b61 b26f5023 b2714224
0xb27141e8:   b2706deb 0000fd7d 00000000 00000001
0xb27141f8:   00000001 b27176c2 b27176e0 1fdc610c
0xb2714208:   00000001 00050005 00068005 00060006
0xb2714218:   00000052 0006823a 00060006 3d029b06
0xb2714228:   00401eea 0000fd7d 00000000 00000000
0xb2714238:   0000feff 00120501 0000fd80 00000000 

Instructions: (pc=0x0000fd7d)
0x0000fd5d:   
[error occurred during error reporting (printing registers, top of stack, instructions near pc), id 0xb]

Register to memory mapping:

EAX=0x0000fd7d is an unknown value
EBX=0xb26f5023: <offset 0x11023> in /home/user/longrange/Dual-radio-simulation/examples/ipv6/rpl-udp/obj_cooja/mtype301.cooja at 0xb26e4000
ECX=0x00000000 is an unknown value
EDX=0x00000069 is an unknown value
ESP=0xb27141c8: <offset 0x301c8> in /home/user/longrange/Dual-radio-simulation/examples/ipv6/rpl-udp/obj_cooja/mtype301.cooja at 0xb26e4000
EBP=0xb27141e4: <offset 0x301e4> in /home/user/longrange/Dual-radio-simulation/examples/ipv6/rpl-udp/obj_cooja/mtype301.cooja at 0xb26e4000
ESI=0x0000004a is an unknown value
EDI=0x00000000 is an unknown value


Stack: [0xb2787000,0xb27d8000],  sp=0xb27141c8,  free space=4193844k
Native frames: (J=compiled Java code, j=interpreted, Vv=VM code, C=native code)
C  0x0000fd7d
C  [mtype301.cooja+0x22deb]  send_one_packet+0x1f7

Java frames: (J=compiled Java code, j=interpreted, Vv=VM code)
J 2282  org.contikios.cooja.corecomm.Lib2.tick()V (0 bytes) @ 0xb4be0210 [0xb4be01d0+0x40]
