#
# A fatal error has been detected by the Java Runtime Environment:
#
#  SIGSEGV (0xb) at pc=0x000000fd, pid=6003, tid=2993474368
#
# JRE version: OpenJDK Runtime Environment (7.0_79-b14) (build 1.7.0_79-b14)
# Java VM: OpenJDK Client VM (24.79-b02 mixed mode, sharing linux-x86 )
# Derivative: IcedTea 2.5.6
# Distribution: Ubuntu 14.04 LTS, package 7u79-2.5.6-0ubuntu1.14.04.1
# Problematic frame:
# C  0x000000fd
#
# Failed to write core dump. Core dumps have been disabled. To enable core dumping, try "ulimit -c unlimited" before starting Java again
#
# If you would like to submit a bug report, please include
# instructions on how to reproduce the bug and visit:
#   http://icedtea.classpath.org/bugzilla
# The crash happened outside the Java Virtual Machine in native code.
# See problematic frame for where to report the bug.
#

---------------  T H R E A D  ---------------

Current thread (0x09b94400):  JavaThread "Thread-5" [_thread_in_native, id=6129, stack(0xb267c000,0xb26cd000)]

siginfo:si_signo=SIGSEGV: si_errno=0, si_code=1 (SEGV_MAPERR), si_addr=0x000000fd

Registers:
EAX=0x000000fd, EBX=0xb24dc023, ECX=0x00000000, EDX=0x00000069
ESP=0xb24fb1c8, EBP=0xb24fb1e4, ESI=0x0000004a, EDI=0x00000000
EIP=0x000000fd, EFLAGS=0x00010202, CR2=0x000000fd

Top of Stack: (sp=0xb24fb1c8)
0xb24fb1c8:   b24edb79 00000000 00000001 00000001
0xb24fb1d8:   00000067 b24ecb61 b24dc023 b24fb224
0xb24fb1e8:   b24eddeb 000000fd 00000000 00000001
0xb24fb1f8:   00000001 b24fe6c2 b24fe6e0 23d841ff
0xb24fb208:   00000001 00090009 80090009 823a1b7a
0xb24fb218:   00000067 1a090009 0b59019b 0002f01e
0xb24fb228:   0000f210 000000fd 00000000 ff000000
0xb24fb238:   010000fe 08000e04 00070a0c 01000001 

Instructions: (pc=0x000000fd)
0x000000dd:   
[error occurred during error reporting (printing registers, top of stack, instructions near pc), id 0xb]

Register to memory mapping:

EAX=0x000000fd is an unknown value
EBX=0xb24dc023: <offset 0x11023> in /home/user/longrange/Dual-radio-simulation/examples/ipv6/rpl-udp/obj_cooja/mtype436.cooja at 0xb24cb000
ECX=0x00000000 is an unknown value
EDX=0x00000069 is an unknown value
ESP=0xb24fb1c8: <offset 0x301c8> in /home/user/longrange/Dual-radio-simulation/examples/ipv6/rpl-udp/obj_cooja/mtype436.cooja at 0xb24cb000
EBP=0xb24fb1e4: <offset 0x301e4> in /home/user/longrange/Dual-radio-simulation/examples/ipv6/rpl-udp/obj_cooja/mtype436.cooja at 0xb24cb000
ESI=0x0000004a is an unknown value
EDI=0x00000000 is an unknown value


Stack: [0xb267c000,0xb26cd000],  sp=0xb24fb1c8,  free space=4192764k
Native frames: (J=compiled Java code, j=interpreted, Vv=VM code, C=native code)
C  0x000000fd
C  [mtype436.cooja+0x22deb]  send_one_packet+0x1f7

Java frames: (J=compiled Java code, j=interpreted, Vv=VM code)
J 1648  org.contikios.cooja.corecomm.Lib2.tick()V (0 bytes) @ 0xb4a63050 [0xb4a63010+0x40]
