#
# A fatal error has been detected by the Java Runtime Environment:
#
#  SIGSEGV (0xb) at pc=0x0000fdfc, pid=13445, tid=0x836e6b40
#
# JRE version: Java(TM) SE Runtime Environment (8.0_101-b13) (build 1.8.0_101-b13)
# Java VM: Java HotSpot(TM) Server VM (25.101-b13 mixed mode linux-x86 )
# Problematic frame:
# C  0x0000fdfc
#
# Core dump written. Default location: /home/user/longrange/Dual-radio-simulation/tools/cooja/build/core or core.13445
#
# If you would like to submit a bug report, please visit:
#   http://bugreport.java.com/bugreport/crash.jsp
# The crash happened outside the Java Virtual Machine in native code.
# See problematic frame for where to report the bug.
#

---------------  T H R E A D  ---------------

Current thread (0x846c5000):  JavaThread "Thread-7" [_thread_in_native, id=13570, stack(0x83696000,0x836e7000)]

siginfo: si_signo: 11 (SIGSEGV), si_code: 1 (SEGV_MAPERR), si_addr: 0x0000fdfc

Registers:
EAX=0x0000fdfc, EBX=0x831e8a03, ECX=0x00000000, EDX=0x00000069
ESP=0x832061c8, EBP=0x832061e4, ESI=0x00000052, EDI=0x00000000
EIP=0x0000fdfc, EFLAGS=0x00010206, CR2=0x0000fdfc

Top of Stack: (sp=0x832061c8)
0x832061c8:   831f9c8e 00000000 00000001 00000001
0x832061d8:   00000052 831f8c76 831e8a03 83206224
0x832061e8:   831f9f00 0000fdfc 00000000 00000001
0x832061f8:   00000001 83209772 83209790 dcdc61d5
0x83206208:   00000001 00010001 00100001 00100010
0x83206218:   00000052 0010823a 00100010 bd029b10
0x83206228:   00401e2f 0000fdfc 00000000 00000000
0x83206238:   0000feff 00120501 0000fd80 00000000 

Instructions: (pc=0x0000fdfc)
0x0000fddc:   
[error occurred during error reporting (printing registers, top of stack, instructions near pc), id 0xb]

Register to memory mapping:

EAX=0x0000fdfc is an unknown value
EBX=0x831e8a03: <offset 0x10a03> in /home/user/longrange/Dual-radio-simulation/examples/ipv6/rpl-udp/obj_cooja/mtype642.cooja at 0x831d8000
ECX=0x00000000 is an unknown value
EDX=0x00000069 is an unknown value
ESP=0x832061c8: <offset 0x2e1c8> in /home/user/longrange/Dual-radio-simulation/examples/ipv6/rpl-udp/obj_cooja/mtype642.cooja at 0x831d8000
EBP=0x832061e4: <offset 0x2e1e4> in /home/user/longrange/Dual-radio-simulation/examples/ipv6/rpl-udp/obj_cooja/mtype642.cooja at 0x831d8000
ESI=0x00000052 is an unknown value
EDI=0x00000000 is an unknown value


Stack: [0x83696000,0x836e7000],  sp=0x832061c8,  free space=4189632k
Native frames: (J=compiled Java code, j=interpreted, Vv=VM code, C=native code)
C