#
# A fatal error has been detected by the Java Runtime Environment:
#
#  SIGSEGV (0xb) at pc=0xb298c59a, pid=6284, tid=2999036736
#
# JRE version: OpenJDK Runtime Environment (7.0_79-b14) (build 1.7.0_79-b14)
# Java VM: OpenJDK Client VM (24.79-b02 mixed mode, sharing linux-x86 )
# Derivative: IcedTea 2.5.6
# Distribution: Ubuntu 14.04 LTS, package 7u79-2.5.6-0ubuntu1.14.04.1
# Problematic frame:
# C  [mtype892.cooja+0x2459a]  nbr_set_bit+0x56
#
# Failed to write core dump. Core dumps have been disabled. To enable core dumping, try "ulimit -c unlimited" before starting Java again
#
# If you would like to submit a bug report, please include
# instructions on how to reproduce the bug and visit:
#   http://icedtea.classpath.org/bugzilla
# The crash happened outside the Java Virtual Machine in native code.
# See problematic frame for where to report the bug.
#

---------------  T H R E A D  ---------------

Current thread (0x08ca1800):  JavaThread "Thread-5" [_thread_in_native, id=6408, stack(0xb2bca000,0xb2c1b000)]

siginfo:si_signo=SIGSEGV: si_errno=0, si_code=2 (SEGV_ACCERR), si_addr=0xb770e37c

Registers:
EAX=0x00000004, EBX=0x00000000, ECX=0x00000002, EDX=0xb770e37c
ESP=0xb299a1ac, EBP=0xb299a1cc, ESI=0x00000004, EDI=0x00000000
EIP=0xb298c59a, EFLAGS=0x00010202, CR2=0xb770e37c

Top of Stack: (sp=0xb299a1ac)
0xb299a1ac:   b29981b8 000a9300 b299a1e4 b2983cb6
0xb299a1bc:   00000002 04d70bd4 b2998120 00000000
0xb299a1cc:   b299a1e4 b298caa4 b299d7a8 b29981b8
0xb299a1dc:   000a9300 00000001 b299a214 b29844d8
0xb299a1ec:   b29981b8 000a9300 b299a214 b297b0ee
0xb299a1fc:   b2998124 00000009 00000000 000a9300
0xb299a20c:   b299d780 00000028 b299a244 b2985699
0xb299a21c:   b29a0490 000a9300 b299a254 b297c05b 

Instructions: (pc=0xb298c59a)
0xb298c57a:   c2 8b 4d f4 8b 45 08 01 c8 0f b6 00 89 c3 8b 45
0xb298c58a:   0c 8b 00 be 01 00 00 00 89 c1 d3 e6 89 f0 09 d8
0xb298c59a:   88 02 eb 2b 8b 55 f4 8b 45 08 01 c2 8b 4d f4 8b
0xb298c5aa:   45 08 01 c8 0f b6 00 89 c3 8b 45 0c 8b 00 be 01 

Register to memory mapping:

EAX=0x00000004 is an unknown value
EBX=0x00000000 is an unknown value
ECX=0x00000002 is an unknown value
EDX=0xb770e37c: <offset 0xc37c> in /usr/lib/jvm/java-7-openjdk-i386/jre/bin/../lib/i386/jli/libjli.so at 0xb7702000
ESP=0xb299a1ac: <offset 0x321ac> in /home/user/Desktop/Dual-radio-simulation/lanada/obj_cooja/mtype892.cooja at 0xb2968000
EBP=0xb299a1cc: <offset 0x321cc> in /home/user/Desktop/Dual-radio-simulation/lanada/obj_cooja/mtype892.cooja at 0xb2968000
ESI=0x00000004 is an unknown value
EDI=0x00000000 is an unknown value


Stack: [0xb2bca000,0xb2c1b000],  sp=0xb299a1ac,  free space=4192064k
Native frames: (J=compiled Java code, j=interpreted, Vv=VM code, C=native code)
C  [mtype892.cooja+0x2459a]  nbr_set_bit+0x56
C  [mtype892.cooja+0x24aa4]  nbr_table_lock+0x28
C  [mtype892.cooja+0x1c4d8]  rpl_set_preferred_parent+0x42
C  [mtype892.cooja+0x1d699]  rpl_select_parent+0x2c
C  [mtype892.cooja+0x1d287]  rpl_select_dag+0x50
C  [mtype892.cooja+0x1e200]  rpl_process_parent_event+0x65
C  [mtype892.cooja+0x1e17c]  rpl_recalculate_ranks+0x67
C  [mtype892.cooja+0x21d15]  handle_periodic_timer+0x15
C  [mtype892.cooja+0x12e81]  process_thread_ctimer_process+0xe7
C  [mtype892.cooja+0x1377b]  call_process+0x57
C  [mtype892.cooja+0x1399f]  do_event+0x141
C  [mtype892.cooja+0x139bc]  process_run+0x1b
C  [mtype892.cooja+0x1101d]  process_run_thread_loop+0x2b

Java frames: (J=compiled Java code, j=interpreted, Vv=VM code)
J 1302  org.contikios.cooja.corecomm.Lib2.tick()V (0 bytes) @ 0xb49682d0 [0xb4968290+0x40]

[error occurred during error reporting (printing Java stack), id 0xb]


---------------  P R O C E S S  ---------------

Java Threads: ( => current thread )
=>