#
# A fatal error has been detected by the Java Runtime Environment:
#
#  SIGSEGV (0xb) at pc=0xb75b6817, pid=5320, tid=2998143808
#
# JRE version: OpenJDK Runtime Environment (7.0_121) (build 1.7.0_121-b00)
# Java VM: OpenJDK Client VM (24.121-b00 mixed mode, sharing linux-x86 )
# Derivative: IcedTea 2.6.8
# Distribution: Ubuntu 14.04 LTS, package 7u121-2.6.8-1ubuntu0.14.04.1
# Problematic frame:
# C  [libc.so.6+0x64817]  fwrite+0x27
#
# Failed to write core dump. Core dumps have been disabled. To enable core dumping, try "ulimit -c unlimited" before starting Java again
#
# If you would like to submit a bug report, please include
# instructions on how to reproduce the bug and visit:
#   http://icedtea.classpath.org/bugzilla
# The crash happened outside the Java Virtual Machine in native code.
# See problematic frame for where to report the bug.
#

---------------  T H R E A D  ---------------

Current thread (0x09ea8000):  JavaThread "Thread-3" [_thread_in_native, id=5397, stack(0xb2af0000,0xb2b41000)]

siginfo:si_signo=SIGSEGV: si_errno=0, si_code=1 (SEGV_MAPERR), si_addr=0x00000000

Registers:
EAX=0x00000000, EBX=0xb76fd000, ECX=0x00000028, EDX=0x00000000
ESP=0xb292a1ec, EBP=0xb292a2b4, ESI=0x00000000, EDI=0x00000006
EIP=0xb75b6817, EFLAGS=0x00010206, CR2=0x00000000

Top of Stack: (sp=0xb292a1ec)
0xb292a1ec:   b75b5e97 b76fd000 00000001 b75b5f8b
0xb292a1fc:   b291fa78 b291fa75 00000001 00000000
0xb292a20c:   00000001 00000000 b292a2b4 b290a433
0xb292a21c:   b291faa0 00000001 00000006 00000000
0xb292a22c:   00000001 00000000 00000001 00000000
0xb292a23c:   00000001 000003dc 00000001 00000000
0xb292a24c:   000003df 000003e0 000003e1 000003e2
0xb292a25c:   000003e3 000003e4 000003e5 000003e6 

Instructions: (pc=0xb75b6817)
0xb75b67f7:   8b 7c 24 34 0f af 7c 24 38 e8 d6 1f 0c 00 81 c3
0xb75b6807:   fb 67 14 00 8b 74 24 3c 85 ff 0f 84 b1 00 00 00
0xb75b6817:   8b 06 25 00 80 00 00 75 35 8b 56 48 65 8b 2d 08
0xb75b6827:   00 00 00 3b 6a 08 74 22 b9 01 00 00 00 65 83 3d 

Register to memory mapping:

EAX=0x00000000 is an unknown value
EBX=0xb76fd000: <offset 0x1ab000> in /lib/i386-linux-gnu/libc.so.6 at 0xb7552000
ECX=0x00000028 is an unknown value
EDX=0x00000000 is an unknown value
ESP=0xb292a1ec: <offset 0x2f1ec> in /home/user/Desktop/Dual-radio-simulation/lanada/log_test/obj_cooja/mtype383.cooja at 0xb28fb000
EBP=0xb292a2b4: <offset 0x2f2b4> in /home/user/Desktop/Dual-radio-simulation/lanada/log_test/obj_cooja/mtype383.cooja at 0xb28fb000
ESI=0x00000000 is an unknown value
EDI=0x00000006 is an unknown value


Stack: [0xb2af0000,0xb2b41000],  sp=0xb292a1ec,  free space=4192488k
Native frames: (J=compiled Java code, j=interpreted, Vv=VM code, C=native code)
C  [libc.so.6+0x64817]  fwrite+0x27
C  [mtype383.cooja+0xf875]  process_run_thread_loop+0x1a

Java frames: (J=compiled Java code, j=interpreted, Vv=VM code)
j  org.contikios.cooja.corecomm.Lib1.tick()V+0
j  org.contikios.cooja.contikimote.ContikiMoteType.tick()V+4
j  org.contikios.cooja.contikimote.ContikiMote.execute(J)V+63
j  org.contikios.cooja.motes.AbstractWakeupMote$1.execute(J)V+5
j  org.contikios.cooja.Simulation.run()V+184
j  java.lang.Thread.run()V+11
v  ~StubRoutines::call_stub

---------------  P R O C E S S  ---------------

Java Threads: ( => current thread )
=>0x09ea8000 JavaThread "Thread-3" [_thread_in_native, id=5397, stack(0xb2af0000,0xb2b41000)]
  0xb389ac00 JavaThread "Thread-2" [_thread_blocked, id=5387, stack(0xb2a95000,0xb2ae6000)]
  0xb389a800 JavaThread "Thread-1" [_thread_blocked, id=5386, stack(0xb293a000,0xb298b000)]
  0xb389a000 JavaThread "process reaper" daemon [_thread_blocked, id=5350, stack(0xb29f3000,0xb2a44000)]
  0x09e62000 JavaThread "TimerQueue" daemon [_thread_blocked, id=5337, stack(0xb3233000,0xb3284000)]
  0xb6807800 JavaThread "DestroyJavaVM" [_thread_blocked, id=5322, stack(0xb6902000,0xb6953000)]
  0xb385d000 JavaThread "AWT-EventQueue-0" [_thread_in_vm, id=5336, stack(0xb3284000,0xb32d5000)]
  0xb3874000 JavaThread "AWT-Shutdown" [_thread_blocked, id=5335, stack(0xb32d5000,0xb3326000)]
  0xb3849400 JavaThread "AWT-XAWT" daemon [_thread_blocked, id=5334, stack(0xb33ca000,0xb341b000)]
  0xb383b400 JavaThread "Java2D Disposer" daemon [_thread_blocked, id=5333, stack(0xb3426000,0xb3477000)]
  0xb684cc00 JavaThread "Service Thread" daemon [_thread_blocked, id=5331, stack(0xb3d8c000,0xb3ddd000)]
  0xb684ac00 JavaThread "C1 CompilerThread0" daemon [_thread_blocked, id=5330, stack(0xb3ddd000,0xb3e5e000)]
  0xb6849000 JavaThread "Signal Dispatcher" daemon [_thread_blocked, id=5329, stack(0xb3e5e000,0xb3eaf000)]
  0xb6833400 JavaThread "Finalizer" daemon [_thread_blocked, id=5328, stack(0xb40af000,0xb4100000)]
  0xb6831c00 JavaThread "Reference Handler" daemon [_thread_blocked, id=5327, stack(0xb422a000,0xb427b000)]

Other Threads:
  0xb6830400 VMThread [stack: 0xb427b000,0xb42fc000] [id=5326]
  0xb684f000 WatcherThread [stack: 0xb3d0b000,0xb3d8c000] [id=5332]

VM state:not at safepoint (normal execution)

VM Mutex/Monitor currently owned by a thread: None

Heap
 def new generation   total 4992K, used 1524K [0x6e800000, 0x6ed60000, 0x792a0000)
  eden space 4480K,  32% used [0x6e800000, 0x6e96bcd8, 0x6ec60000)
  from space 512K,  13% used [0x6ece0000, 0x6ecf16a0, 0x6ed60000)
  to   space 512K,   0% used [0x6ec60000, 0x6ec60000, 0x6ece0000)
 tenured generation   total 10944K, used 6308K [0x792a0000, 0x79d50000, 0x8e800000)
   the space 10944K,  57% used [0x792a0000, 0x798c9368, 0x798c9400, 0x79d50000)
 compacting perm gen  total 12288K, used 6942K [0x8e800000, 0x8f400000, 0x92800000)
   the space 12288K,  56% used [0x8e800000, 0x8eec7930, 0x8eec7a00, 0x8f400000)
    ro space 10240K,  60% used [0x92800000, 0x92e00d38, 0x92e00e00, 0x93200000)
    rw space 12288K,  59% used [0x93200000, 0x9391e858, 0x9391ea00, 0x93e00000)

Card table byte_map: [0xb45d1000,0xb46fd000] byte_map_base: 0xb425d000

Polling page: 0xb7707000

Code Cache  [0xb477d000, 0xb49b5000, 0xb677d000)
 total_blobs=1425 nmethods=1122 adapters=238 free_code_cache=30527Kb largest_free_block=31259328

Compilation events (10 events):
Event: 14.364 Thread 0xb684ac00 1124             javax.swing.border.AbstractBorder::getBorderInsets (17 bytes)
Event: 14.364 Thread 0xb684ac00 nmethod 1124 0xb49acb88 code [0xb49acc90, 0xb49acd7c]
Event: 14.395 Thread 0xb684ac00 1125             java.awt.geom.RoundRectIterator::next (11 bytes)
Event: 14.395 Thread 0xb684ac00 nmethod 1125 0xb49ace08 code [0xb49acf00, 0xb49acf80]
Event: 14.398 Thread 0xb684ac00 1126             javax.swing.JButton::getUIClassID (3 bytes)
Event: 14.399 Thread 0xb684ac00 nmethod 1126 0xb49acfc8 code [0xb49ad0c0, 0xb49ad140]
Event: 14.399 Thread 0xb684ac00 1127             javax.swing.JComponent::isValidateRoot (2 bytes)
Event: 14.400 Thread 0xb684ac00 nmethod 1127 0xb49ad188 code [0xb49ad280, 0xb49ad300]
Event: 14.400 Thread 0xb684ac00 1128             sun.font.FontDesignMetrics::getAscent (10 bytes)
Event: 14.400 Thread 0xb684ac00 nmethod 1128 0xb49ad348 code [0xb49ad440, 0xb49ad4f0]

GC Heap History (10 events):
Event: 13.192 GC heap before
{Heap before GC invocations=94 (full 1):
 def new generation   total 4992K, used 4650K [0x6e800000, 0x6ed60000, 0x792a0000)
  eden space 4480K, 100% used [0x6e800000, 0x6ec60000, 0x6ec60000)
  from space 512K,  33% used [0x6ec60000, 0x6ec8aa60, 0x6ece0000)
  to   space 512K,   0% used [0x6ece0000, 0x6ece0000, 0x6ed60000)
 tenured generation   total 10944K, used 5126K [0x792a0000, 0x79d50000, 0x8e800000)
   the space 10944K,  46% used [0x792a0000, 0x797a1a88, 0x797a1c00, 0x79d50000)
 compacting perm gen  total 12288K, used 6621K [0x8e800000, 0x8f400000, 0x92800000)
   the space 12288K,  53% used [0x8e800000, 0x8ee777d8, 0x8ee77800, 0x8f400000)
    ro space 10240K,  60% used [0x92800000, 0x92e00d38, 0x92e00e00, 0x93200000)
    rw space 12288K,  59% used [0x93200000, 0x9391e858, 0x9391ea00, 0x93e00000)
Event: 13.193 GC heap after
Heap after GC invocations=95 (full 1):
 def new generation   total 4992K, used 512K [0x6e800000, 0x6ed60000, 0x792a0000)
  eden space 4480K,   0% used [0x6e800000, 0x6e800000, 0x6ec60000)
  from space 512K, 100% used [0x6ece0000, 0x6ed60000, 0x6ed60000)
  to   space 512K,   0% used [0x6ec60000, 0x6ec60000, 0x6ece0000)
 tenured generation   total 10944K, used 5167K [0x792a0000, 0x79d50000, 0x8e800000)
   the space 10944K,  47% used [0x792a0000, 0x797abfd8, 0x797ac000, 0x79d50000)
 compacting perm gen  total 12288K, used 6621K [0x8e800000, 0x8f400000, 0x92800000)
   the space 12288K,  53% used [0x8e800000, 0x8ee777d8, 0x8ee77800, 0x8f400000)
    ro space 10240K,  60% used [0x92800000, 0x92e00d38, 0x92e00e00, 0x93200000)
    rw space 12288K,  59% used [0x93200000, 0x9391e858, 0x9391ea00, 0x93e00000)
}
Event: 13.315 GC heap before
{Heap before GC invocations=95 (full 1):
 def new generation   total 4992K, used 4992K [0x6e800000, 0x6ed60000, 0x792a0000)
  eden space 4480K, 100% used [0x6e800000, 0x6ec60000, 0x6ec60000)
  from space 512K, 100% used [0x6ece0000, 0x6ed60000, 0x6ed60000)
  to   space 512K,   0% used [0x6ec60000, 0x6ec60000, 0x6ece0000)
 tenured generation   total 10944K, used 5167K [0x792a0000, 0x79d50000, 0x8e800000)
   the space 10944K,  47% used [0x792a0000, 0x797abfd8, 0x797ac000, 0x79d50000)
 compacting perm gen  total 12288K, used 6810K [0x8e800000, 0x8f400000, 0x92800000)
   the space 12288K,  55% used [0x8e800000, 0x8eea68f8, 0x8eea6a00, 0x8f400000)
    ro space 10240K,  60% used [0x92800000, 0x92e00d38, 0x92e00e00, 0x93200000)
    rw space 12288K,  59% used [0x93200000, 0x9391e858, 0x9391ea00, 0x93e00000)
Event: 13.318 GC heap after
Heap after GC invocations=96 (full 1):
 def new generation   total 4992K, used 244K [0x6e800000, 0x6ed60000, 0x792a0000)
  eden space 4480K,   0% used [0x6e800000, 0x6e800000, 0x6ec60000)
  from space 512K,  47% used [0x6ec60000, 0x6ec9d270, 0x6ece0000)
  to   space 512K,   0% used [0x6ece0000, 0x6ece0000, 0x6ed60000)
 tenured generation   total 10944K, used 5649K [0x792a0000, 0x79d50000, 0x8e800000)
   the space 10944K,  51% used [0x792a0000, 0x798246f8, 0x79824800, 0x79d50000)
 compacting perm gen  total 12288K, used 6810K [0x8e800000, 0x8f400000, 0x92800000)
   the space 12288K,  55% used [0x8e800000, 0x8eea68f8, 0x8eea6a00, 0x8f400000)
    ro space 10240K,  60% used [0x92800000, 0x92e00d38, 0x92e00e00, 0x93200000)
    rw space 12288K,  59% used [0x93200000, 0x9391e858, 0x9391ea00, 0x93e00000)
}
Event: 13.428 GC heap before
{Heap before GC invocations=96 (full 1):
 def new generation   total 4992K, used 4724K [0x6e800000, 0x6ed60000, 0x792a0000)
  eden space 4480K, 100% used [0x6e800000, 0x6ec60000, 0x6ec60000)
  from space 512K,  47% used [0x6ec60000, 0x6ec9d270, 0x6ece0000)
  to   space 512K,   0% used [0x6ece0000, 0x6ece0000, 0x6ed60000)
 tenured generation   total 10944K, used 5649K [0x792a0000, 0x79d50000, 0x8e800000)
   the space 10944K,  51% used [0x792a0000, 0x798246f8, 0x79824800, 0x79d50000)
 compacting perm gen  total 12288K, used 6908K [0x8e800000, 0x8f400000, 0x92800000)
   the space 12288K,  56% used [0x8e800000, 0x8eebf388, 0x8eebf400, 0x8f400000)
    ro space 10240K,  60% used [0x92800000, 0x92e00d38, 0x92e00e00, 0x93200000)
    rw space 12288K,  59% used [0x93200000, 0x9391e858, 0x9391ea00, 0x93e00000)
Event: 13.430 GC heap after
Heap after GC invocations=97 (full 1):
 def new generation   total 4992K, used 448K [0x6e800000, 0x6ed60000, 0x792a0000)
  eden space 4480K,   0% used [0x6e800000, 0x6e800000, 0x6ec60000)
  from space 512K,  87% used [0x6ece0000, 0x6ed500d0, 0x6ed60000)
  to   space 512K,   0% used [0x6ec60000, 0x6ec60000, 0x6ece0000)
 tenured generation   total 10944K, used 5649K [0x792a0000, 0x79d50000, 0x8e800000)
   the space 10944K,  51% used [0x792a0000, 0x798246f8, 0x79824800, 0x79d50000)
 compacting perm gen  total 12288K, used 6908K [0x8e800000, 0x8f400000, 0x92800000)
   the space 12288K,  56% used [0x8e800000, 0x8eebf388, 0x8eebf400, 0x8f400000)
    ro space 10240K,  60% used [0x92800000, 0x92e00d38, 0x92e00e00, 0x93200000)
    rw space 12288K,  59% used [0x93200000, 0x9391e858, 0x9391ea00, 0x93e00000)
}
Event: 13.537 GC heap before
{Heap before GC invocations=97 (full 1):
 def new generation   total 4992K, used 4928K [0x6e800000, 0x6ed60000, 0x792a0000)
  eden space 4480K, 100% used [0x6e800000, 0x6ec60000, 0x6ec60000)
  from space 512K,  87% used [0x6ece0000, 0x6ed500d0, 0x6ed60000)
  to   space 512K,   0% used [0x6ec60000, 0x6ec60000, 0x6ece0000)
 tenured generation   total 10944K, used 5649K [0x792a0000, 0x79d50000, 0x8e800000)
   the space 10944K,  51% used [0x792a0000, 0x798246f8, 0x79824800, 0x79d50000)
 compacting perm gen  total 12288K, used 6930K [0x8e800000, 0x8f400000, 0x92800000)
   the space 12288K,  56% used [0x8e800000, 0x8eec4a60, 0x8eec4c00, 0x8f400000)
    ro space 10240K,  60% used [0x92800000, 0x92e00d38, 0x92e00e00, 0x93200000)
    rw space 12288K,  59% used [0x93200000, 0x9391e858, 0x9391ea00, 0x93e00000)
Event: 13.539 GC heap after
Heap after GC invocations=98 (full 1):
 def new generation   total 4992K, used 294K [0x6e800000, 0x6ed60000, 0x792a0000)
  eden space 4480K,   0% used [0x6e800000, 0x6e800000, 0x6ec60000)
  from space 512K,  57% used [0x6ec60000, 0x6eca9840, 0x6ece0000)
  to   space 512K,   0% used [0x6ece0000, 0x6ece0000, 0x6ed60000)
 tenured generation   total 10944K, used 6045K [0x792a0000, 0x79d50000, 0x8e800000)
   the space 10944K,  55% used [0x792a0000, 0x79887530, 0x79887600, 0x79d50000)
 compacting perm gen  total 12288K, used 6930K [0x8e800000, 0x8f400000, 0x92800000)
   the space 12288K,  56% used [0x8e800000, 0x8eec4a60, 0x8eec4c00, 0x8f400000)
    ro space 10240K,  60% used [0x92800000, 0x92e00d38, 0x92e00e00, 0x93200000)
    rw space 12288K,  59% used [0x93200000, 0x9391e858, 0x9391ea00, 0x93e00000)
}
Event: 13.682 GC heap before
{Heap before GC invocations=98 (full 1):
 def new generation   total 4992K, used 4774K [0x6e800000, 0x6ed60000, 0x792a0000)
  eden space 4480K, 100% used [0x6e800000, 0x6ec60000, 0x6ec60000)
  from space 512K,  57% used [0x6ec60000, 0x6eca9840, 0x6ece0000)
  to   space 512K,   0% used [0x6ece0000, 0x6ece0000, 0x6ed60000)
 tenured generation   total 10944K, used 6045K [0x792a0000, 0x79d50000, 0x8e800000)
   the space 10944K,  55% used [0x792a0000, 0x79887530, 0x79887600, 0x79d50000)
 compacting perm gen  total 12288K, used 6936K [0x8e800000, 0x8f400000, 0x92800000)
   the space 12288K,  56% used [0x8e800000, 0x8eec6280, 0x8eec6400, 0x8f400000)
    ro space 10240K,  60% used [0x92800000, 0x92e00d38, 0x92e00e00, 0x93200000)
    rw space 12288K,  59% used [0x93200000, 0x9391e858, 0x9391ea00, 0x93e00000)
Event: 13.683 GC heap after
Heap after GC invocations=99 (full 1):
 def new generation   total 4992K, used 69K [0x6e800000, 0x6ed60000, 0x792a0000)
  eden space 4480K,   0% used [0x6e800000, 0x6e800000, 0x6ec60000)
  from space 512K,  13% used [0x6ece0000, 0x6ecf16a0, 0x6ed60000)
  to   space 512K,   0% used [0x6ec60000, 0x6ec60000, 0x6ece0000)
 tenured generation   total 10944K, used 6308K [0x792a0000, 0x79d50000, 0x8e800000)
   the space 10944K,  57% used [0x792a0000, 0x798c9368, 0x798c9400, 0x79d50000)
 compacting perm gen  total 12288K, used 6936K [0x8e800000, 0x8f400000, 0x92800000)
   the space 12288K,  56% used [0x8e800000, 0x8eec6280, 0x8eec6400, 0x8f400000)
    ro space 10240K,  60% used [0x92800000, 0x92e00d38, 0x92e00e00, 0x93200000)
    rw space 12288K,  59% used [0x93200000, 0x9391e858, 0x9391ea00, 0x93e00000)
}

Deoptimization events (0 events):
No events

Internal exceptions (10 events):
Event: 13.390 Thread 0x09ea8000 Threw 0x6ea73540 at /build/openjdk-7-mks0zz/openjdk-7-7u121-2.6.8/build/openjdk/hotspot/src/share/vm/prims/jvm.cpp:1322
Event: 13.391 Thread 0x09ea8000 Threw 0x6ea76470 at /build/openjdk-7-mks0zz/openjdk-7-7u121-2.6.8/build/openjdk/hotspot/src/share/vm/prims/jvm.cpp:1322
Event: 13.393 Thread 0x09ea8000 Threw 0x6ea7b1b0 at /build/openjdk-7-mks0zz/openjdk-7-7u121-2.6.8/build/openjdk/hotspot/src/share/vm/prims/jvm.cpp:1322
Event: 13.394 Thread 0x09ea8000 Threw 0x6eaaab78 at /build/openjdk-7-mks0zz/openjdk-7-7u121-2.6.8/build/openjdk/hotspot/src/share/vm/prims/jvm.cpp:1322
Event: 13.490 Thread 0x09ea8000 Threw 0x6ea1a440 at /build/openjdk-7-mks0zz/openjdk-7-7u121-2.6.8/build/openjdk/hotspot/src/share/vm/prims/jvm.cpp:1322
Event: 13.491 Thread 0x09ea8000 Threw 0x6ea1c9b8 at /build/openjdk-7-mks0zz/openjdk-7-7u121-2.6.8/build/openjdk/hotspot/src/share/vm/prims/jvm.cpp:1322
Event: 13.491 Thread 0x09ea8000 Threw 0x6ea1f830 at /build/openjdk-7-mks0zz/openjdk-7-7u121-2.6.8/build/openjdk/hotspot/src/share/vm/prims/jvm.cpp:1322
Event: 14.436 Thread 0x09ea8000 Threw 0x6e952de8 at /build/openjdk-7-mks0zz/openjdk-7-7u121-2.6.8/build/openjdk/hotspot/src/share/vm/prims/jvm.cpp:1322
Event: 14.440 Thread 0x09ea8000 Threw 0x6e955e78 at /build/openjdk-7-mks0zz/openjdk-7-7u121-2.6.8/build/openjdk/hotspot/src/share/vm/prims/jvm.cpp:1322
Event: 14.441 Thread 0x09ea8000 Threw 0x6e966ba0 at /build/openjdk-7-mks0zz/openjdk-7-7u121-2.6.8/build/openjdk/hotspot/src/share/vm/prims/jvm.cpp:1322

Events (10 events):
Event: 14.193 Executing VM operation: RevokeBias done
Event: 14.433 Thread 0x09ea8000 Thread added: 0x09ea8000
Event: 14.436 loading class 0xb38a1650
Event: 14.436 loading class 0xb38a1650 done
Event: 14.440 loading class 0xb38a2960
Event: 14.440 loading class 0xb38a2960 done
Event: 14.441 loading class 0x09efc860
Event: 14.441 loading class 0x09efc860 done
Event: 14.441 loading class 0x93e1baf0
Event: 14.441 loading class 0x93e1baf0 done


Dynamic libraries:
08048000-08049000 r-xp 00000000 08:01 277177     /usr/lib/jvm/java-7-openjdk-i386/jre/bin/java
08049000-0804a000 r--p 00000000 08:01 277177     /usr/lib/jvm/java-7-openjdk-i386/jre/bin/java
0804a000-0804b000 rw-p 00001000 08:01 277177     /usr/lib/jvm/java-7-openjdk-i386/jre/bin/java
09d6c000-0a1ab000 rw-p 00000000 00:00 0          [heap]
6e800000-6ed60000 rw-p 00000000 00:00 0 
6ed60000-792a0000 rw-p 00000000 00:00 0 
792a0000-79d50000 rw-p 00000000 00:00 0 
79d50000-8e800000 rw-p 00000000 00:00 0 
8e800000-8f400000 rw-p 00000000 00:00 0 
8f400000-92800000 rw-p 00000000 00:00 0 
92800000-92e01000 r--p 00001000 08:01 179396     /usr/lib/jvm/java-7-openjdk-i386/jre/lib/i386/client/classes.jsa
92e01000-93200000 rw-p 00000000 00:00 0 
93200000-9391f000 rw-p 00602000 08:01 179396     /usr/lib/jvm/java-7-openjdk-i386/jre/lib/i386/client/classes.jsa
9391f000-93e00000 rw-p 00000000 00:00 0 
93e00000-94115000 rw-p 00d21000 08:01 179396     /usr/lib/jvm/java-7-openjdk-i386/jre/lib/i386/client/classes.jsa
94115000-94200000 rw-p 00000000 00:00 0 
94200000-94209000 r-xp 01036000 08:01 179396     /usr/lib/jvm/java-7-openjdk-i386/jre/lib/i386/client/classes.jsa
94209000-94600000 rw-p 00000000 00:00 0 
b286f000-b28fb000 rw-s 00000000 00:04 13762580   /SYSV00000000 (deleted)
b28fb000-b2927000 r-xp 00000000 08:01 304987     /home/user/Desktop/Dual-radio-simulation/lanada/log_test/obj_cooja/mtype383.cooja
b2927000-b2928000 r--p 0002b000 08:01 304987     /home/user/Desktop/Dual-radio-simulation/lanada/log_test/obj_cooja/mtype383.cooja
b2928000-b2929000 rw-p 0002c000 08:01 304987     /home/user/Desktop/Dual-radio-simulation/lanada/log_test/obj_cooja/mtype383.cooja
b2929000-b293a000 rw-p 00000000 00:00 0          [stack:5397]
b293a000-b293d000 ---p 00000000 00:00 0 
b293d000-b298b000 rw-p 00000000 00:00 0          [stack:5386]
b29f3000-b29f6000 ---p 00000000 00:00 0 
b29f6000-b2a44000 rw-p 00000000 00:00 0          [stack:5350]
b2a44000-b2a47000 ---p 00000000 00:00 0 
b2a47000-b2a95000 rw-p 00000000 00:00 0 
b2a95000-b2a98000 ---p 00000000 00:00 0 
b2a98000-b2ae6000 rw-p 00000000 00:00 0          [stack:5387]
b2af0000-b2af3000 ---p 00000000 00:00 0 
b2af3000-b2b41000 rw-p 00000000 00:00 0 
b2b45000-b2b46000 rw-p 00000000 00:00 0 
b2b46000-b31db000 rw-s 00000000 00:04 12943379   /SYSV00000000 (deleted)
b31db000-b31dd000 r--s 00003000 08:01 289777     /home/user/Desktop/Dual-radio-simulation/tools/cooja/apps/powertracker/lib/powertracker.jar
b31dd000-b31de000 r--s 00002000 08:01 266126     /home/user/Desktop/Dual-radio-simulation/tools/cooja/apps/collect-view/cooja-collect-view.jar
b31de000-b31e0000 r--s 00008000 08:01 289775     /home/user/Desktop/Dual-radio-simulation/tools/cooja/apps/serial_socket/lib/serial_socket.jar
b31e0000-b321a000 r--s 001e1000 08:01 291798     /home/user/Desktop/Dual-radio-simulation/tools/cooja/apps/avrora/lib/avrora-small.jar
b321a000-b321b000 r--s 00008000 08:01 265385     /home/user/Desktop/Dual-radio-simulation/tools/cooja/apps/avrora/lib/cooja_avrora.jar
b321b000-b321d000 r--s 00010000 08:01 292113     /home/user/Desktop/Dual-radio-simulation/tools/cooja/apps/mspsim/lib/jipv6.jar
b321d000-b321e000 r--s 00004000 08:01 289779     /home/user/Desktop/Dual-radio-simulation/tools/cooja/apps/mspsim/lib/coffee.jar
b321e000-b322a000 r--s 000eb000 08:01 269680     /home/user/Desktop/Dual-radio-simulation/tools/cooja/apps/mspsim/lib/mspsim.jar
b322a000-b3230000 r--s 00062000 08:01 268623     /home/user/Desktop/Dual-radio-simulation/tools/cooja/apps/mspsim/lib/cooja_mspsim.jar
b3230000-b3233000 r--s 0001e000 08:01 266127     /home/user/Desktop/Dual-radio-simulation/tools/cooja/apps/mrm/lib/mrm.jar
b3233000-b3236000 ---p 00000000 00:00 0 
b3236000-b3284000 rw-p 00000000 00:00 0          [stack:5337]
b3284000-b3287000 ---p 00000000 00:00 0 
b3287000-b32d5000 rw-p 00000000 00:00 0          [stack:5336]
b32d5000-b32d8000 ---p 00000000 00:00 0 
b32d8000-b3326000 rw-p 00000000 00:00 0          [stack:5335]
b3326000-b3327000 r--s 00000000 08:01 403278     /var/cache/fontconfig/c05880de57d1f5e948fdfacc138775d9-le32d4.cache-4
b3327000-b332f000 r--s 00000000 08:01 395165     /var/cache/fontconfig/945677eb7aeaf62f1d50efc3fb3ec7d8-le32d4.cache-4
b332f000-b3331000 r--s 00000000 08:01 401858     /var/cache/fontconfig/99e8ed0e538f840c565b6ed5dad60d56-le32d4.cache-4
b3331000-b3335000 r--s 00000000 08:01 401857     /var/cache/fontconfig/2cd17615ca594fa2959ae173292e504c-le32d4.cache-4
b3335000-b3336000 r--s 00000000 08:01 401856     /var/cache/fontconfig/e7071f4a29fa870f4323321c154eba04-le32d4.cache-4
b3336000-b3337000 r--s 00000000 08:01 401855     /var/cache/fontconfig/0d8c3b2ac0904cb8a57a757ad11a4a08-le32d4.cache-4
b3337000-b333c000 r--s 00000000 08:01 401853     /var/cache/fontconfig/a755afe4a08bf5b97852ceb7400b47bc-le32d4.cache-4
b333c000-b3345000 r--s 00000000 08:01 401852     /var/cache/fontconfig/6d41288fd70b0be22e8c3a91e032eec0-le32d4.cache-4
b3345000-b3354000 r--s 00000000 08:01 401851     /var/cache/fontconfig/04aabc0a78ac019cf9454389977116d2-le32d4.cache-4
b3354000-b3355000 r--s 00000000 08:01 401850     /var/cache/fontconfig/1ac9eb803944fde146138c791f5cc56a-le32d4.cache-4
b3355000-b3358000 r--s 00000000 08:01 401849     /var/cache/fontconfig/385c0604a188198f04d133e54aba7fe7-le32d4.cache-4
b3358000-b3359000 r--s 00000000 08:01 401848     /var/cache/fontconfig/dc05db6664285cc2f12bf69c139ae4c3-le32d4.cache-4
b3359000-b335b000 r--s 00000000 08:01 393795     /var/cache/fontconfig/767a8244fc0220cfb567a839d0392e0b-le32d4.cache-4
b335b000-b335c000 r--s 00000000 08:01 401847     /var/cache/fontconfig/4794a0821666d79190d59a36cb4f44b5-le32d4.cache-4
b335c000-b3360000 r--s 00000000 08:01 401846     /var/cache/fontconfig/8801497958630a81b71ace7c5f9b32a8-le32d4.cache-4
b3360000-b3365000 r--s 00000000 08:01 401845     /var/cache/fontconfig/3047814df9a2f067bd2d96a2b9c36e5a-le32d4.cache-4
b3365000-b3366000 r--s 00000000 08:01 401844     /var/cache/fontconfig/56cf4f4769d0f4abc89a4895d7bd3ae1-le32d4.cache-4
b3366000-b3367000 r--s 00000000 08:01 401843     /var/cache/fontconfig/b9d506c9ac06c20b433354fa67a72993-le32d4.cache-4
b3367000-b3377000 r--s 00000000 08:01 401830     /var/cache/fontconfig/d52a8644073d54c13679302ca1180695-le32d4.cache-4
b3377000-b33c7000 r-xp 00000000 08:01 171756     /usr/lib/jvm/java-7-openjdk-i386/jre/lib/i386/libfontmanager.so
b33c7000-b33c9000 r--p 0004f000 08:01 171756     /usr/lib/jvm/java-7-openjdk-i386/jre/lib/i386/libfontmanager.so
b33c9000-b33ca000 rw-p 00051000 08:01 171756     /usr/lib/jvm/java-7-openjdk-i386/jre/lib/i386/libfontmanager.so
b33ca000-b33cd000 ---p 00000000 00:00 0 
b33cd000-b341b000 rw-p 00000000 00:00 0          [stack:5334]
b341b000-b3424000 r-xp 00000000 08:01 9790       /usr/lib/i386-linux-gnu/libXcursor.so.1.0.2
b3424000-b3425000 r--p 00008000 08:01 9790       /usr/lib/i386-linux-gnu/libXcursor.so.1.0.2
b3425000-b3426000 rw-p 00009000 08:01 9790       /usr/lib/i386-linux-gnu/libXcursor.so.1.0.2
b3426000-b3429000 ---p 00000000 00:00 0 
b3429000-b3477000 rw-p 00000000 00:00 0          [stack:5333]
b3477000-b349d000 r-xp 00000000 08:01 142126     /lib/i386-linux-gnu/libpng12.so.0.50.0
b349d000-b349e000 r--p 00025000 08:01 142126     /lib/i386-linux-gnu/libpng12.so.0.50.0
b349e000-b349f000 rw-p 00026000 08:01 142126     /lib/i386-linux-gnu/libpng12.so.0.50.0
b349f000-b34c4000 r-xp 00000000 08:01 131117     /lib/i386-linux-gnu/libexpat.so.1.6.0
b34c4000-b34c5000 ---p 00025000 08:01 131117     /lib/i386-linux-gnu/libexpat.so.1.6.0
b34c5000-b34c7000 r--p 00025000 08:01 131117     /lib/i386-linux-gnu/libexpat.so.1.6.0
b34c7000-b34c8000 rw-p 00027000 08:01 131117     /lib/i386-linux-gnu/libexpat.so.1.6.0
b34c8000-b3563000 r-xp 00000000 08:01 9114       /usr/lib/i386-linux-gnu/libfreetype.so.6.11.1
b3563000-b3567000 r--p 0009a000 08:01 9114       /usr/lib/i386-linux-gnu/libfreetype.so.6.11.1
b3567000-b3568000 rw-p 0009e000 08:01 9114       /usr/lib/i386-linux-gnu/libfreetype.so.6.11.1
b3568000-b3588000 r-xp 00000000 08:01 66655      /usr/lib/i386-linux-gnu/libxcb.so.1.1.0
b3588000-b3589000 r--p 0001f000 08:01 66655      /usr/lib/i386-linux-gnu/libxcb.so.1.1.0
b3589000-b358a000 rw-p 00020000 08:01 66655      /usr/lib/i386-linux-gnu/libxcb.so.1.1.0
b358a000-b35c3000 r-xp 00000000 08:01 9177       /usr/lib/i386-linux-gnu/libfontconfig.so.1.8.0
b35c3000-b35c4000 r--p 00039000 08:01 9177       /usr/lib/i386-linux-gnu/libfontconfig.so.1.8.0
b35c4000-b35c5000 rw-p 0003a000 08:01 9177       /usr/lib/i386-linux-gnu/libfontconfig.so.1.8.0
b35c5000-b36f5000 r-xp 00000000 08:01 10842      /usr/lib/i386-linux-gnu/libX11.so.6.3.0
b36f5000-b36f6000 r--p 00130000 08:01 10842      /usr/lib/i386-linux-gnu/libX11.so.6.3.0
b36f6000-b36f8000 rw-p 00131000 08:01 10842      /usr/lib/i386-linux-gnu/libX11.so.6.3.0
b36f8000-b36f9000 rw-p 00000000 00:00 0 
b36f9000-b3741000 r-xp 00000000 08:01 136650     /usr/lib/jvm/java-7-openjdk-i386/jre/lib/i386/xawt/libmawt.so
b3741000-b3742000 r--p 00048000 08:01 136650     /usr/lib/jvm/java-7-openjdk-i386/jre/lib/i386/xawt/libmawt.so
b3742000-b3744000 rw-p 00049000 08:01 136650     /usr/lib/jvm/java-7-openjdk-i386/jre/lib/i386/xawt/libmawt.so
b3744000-b3745000 rw-p 00000000 00:00 0 
b3745000-b37d4000 r-xp 00000000 08:01 171844     /usr/lib/jvm/java-7-openjdk-i386/jre/lib/i386/libawt.so
b37d4000-b37d5000 r--p 0008f000 08:01 171844     /usr/lib/jvm/java-7-openjdk-i386/jre/lib/i386/libawt.so
b37d5000-b37dc000 rw-p 00090000 08:01 171844     /usr/lib/jvm/java-7-openjdk-i386/jre/lib/i386/libawt.so
b37dc000-b3800000 rw-p 00000000 00:00 0 
b3800000-b38bc000 rw-p 00000000 00:00 0 
b38bc000-b3900000 ---p 00000000 00:00 0 
b3900000-b3904000 r-xp 00000000 08:01 7640       /usr/lib/i386-linux-gnu/libXfixes.so.3.1.0
b3904000-b3905000 r--p 00003000 08:01 7640       /usr/lib/i386-linux-gnu/libXfixes.so.3.1.0
b3905000-b3906000 rw-p 00004000 08:01 7640       /usr/lib/i386-linux-gnu/libXfixes.so.3.1.0
b3906000-b390b000 r-xp 00000000 08:01 5406       /usr/lib/i386-linux-gnu/libXdmcp.so.6.0.0
b390b000-b390c000 r--p 00004000 08:01 5406       /usr/lib/i386-linux-gnu/libXdmcp.so.6.0.0
b390c000-b390d000 rw-p 00005000 08:01 5406       /usr/lib/i386-linux-gnu/libXdmcp.so.6.0.0
b390d000-b390f000 r-xp 00000000 08:01 5352       /usr/lib/i386-linux-gnu/libXau.so.6.0.0
b390f000-b3910000 r--p 00001000 08:01 5352       /usr/lib/i386-linux-gnu/libXau.so.6.0.0
b3910000-b3911000 rw-p 00002000 08:01 5352       /usr/lib/i386-linux-gnu/libXau.so.6.0.0
b3911000-b391f000 r-xp 00000000 08:01 7577       /usr/lib/i386-linux-gnu/libXi.so.6.1.0
b391f000-b3920000 r--p 0000e000 08:01 7577       /usr/lib/i386-linux-gnu/libXi.so.6.1.0
b3920000-b3921000 rw-p 0000f000 08:01 7577       /usr/lib/i386-linux-gnu/libXi.so.6.1.0
b3921000-b3926000 r-xp 00000000 08:01 10292      /usr/lib/i386-linux-gnu/libXtst.so.6.1.0
b3926000-b3927000 r--p 00004000 08:01 10292      /usr/lib/i386-linux-gnu/libXtst.so.6.1.0
b3927000-b3928000 rw-p 00005000 08:01 10292      /usr/lib/i386-linux-gnu/libXtst.so.6.1.0
b3928000-b3931000 r-xp 00000000 08:01 6199       /usr/lib/i386-linux-gnu/libXrender.so.1.3.0
b3931000-b3932000 r--p 00008000 08:01 6199       /usr/lib/i386-linux-gnu/libXrender.so.1.3.0
b3932000-b3933000 rw-p 00009000 08:01 6199       /usr/lib/i386-linux-gnu/libXrender.so.1.3.0
b3933000-b3944000 r-xp 00000000 08:01 6183       /usr/lib/i386-linux-gnu/libXext.so.6.4.0
b3944000-b3945000 r--p 00010000 08:01 6183       /usr/lib/i386-linux-gnu/libXext.so.6.4.0
b3945000-b3946000 rw-p 00011000 08:01 6183       /usr/lib/i386-linux-gnu/libXext.so.6.4.0
b3946000-b3982000 r-xp 00000000 08:01 132344     /lib/i386-linux-gnu/libpcre.so.3.13.1
b3982000-b3983000 r--p 0003b000 08:01 132344     /lib/i386-linux-gnu/libpcre.so.3.13.1
b3983000-b3984000 rw-p 0003c000 08:01 132344     /lib/i386-linux-gnu/libpcre.so.3.13.1
b3984000-b3989000 r-xp 00000000 08:01 9076       /usr/lib/i386-linux-gnu/libffi.so.6.0.1
b3989000-b398a000 r--p 00005000 08:01 9076       /usr/lib/i386-linux-gnu/libffi.so.6.0.1
b398a000-b398b000 rw-p 00006000 08:01 9076       /usr/lib/i386-linux-gnu/libffi.so.6.0.1
b398b000-b399e000 r-xp 00000000 08:01 158559     /lib/i386-linux-gnu/libresolv-2.19.so
b399e000-b399f000 ---p 00013000 08:01 158559     /lib/i386-linux-gnu/libresolv-2.19.so
b399f000-b39a0000 r--p 00013000 08:01 158559     /lib/i386-linux-gnu/libresolv-2.19.so
b39a0000-b39a1000 rw-p 00014000 08:01 158559     /lib/i386-linux-gnu/libresolv-2.19.so
b39a1000-b39a3000 rw-p 00000000 00:00 0 
b39a3000-b39c3000 r-xp 00000000 08:01 131406     /lib/i386-linux-gnu/libselinux.so.1
b39c3000-b39c4000 r--p 0001f000 08:01 131406     /lib/i386-linux-gnu/libselinux.so.1
b39c4000-b39c5000 rw-p 00020000 08:01 131406     /lib/i386-linux-gnu/libselinux.so.1
b39c5000-b39c6000 rw-p 00000000 00:00 0 
b39c6000-b39c9000 r-xp 00000000 08:01 1675       /usr/lib/i386-linux-gnu/libgmodule-2.0.so.0.4002.0
b39c9000-b39ca000 r--p 00002000 08:01 1675       /usr/lib/i386-linux-gnu/libgmodule-2.0.so.0.4002.0
b39ca000-b39cb000 rw-p 00003000 08:01 1675       /usr/lib/i386-linux-gnu/libgmodule-2.0.so.0.4002.0
b39cb000-b3ad5000 r-xp 00000000 08:01 136564     /lib/i386-linux-gnu/libglib-2.0.so.0.4002.0
b3ad5000-b3ad6000 r--p 00109000 08:01 136564     /lib/i386-linux-gnu/libglib-2.0.so.0.4002.0
b3ad6000-b3ad7000 rw-p 0010a000 08:01 136564     /lib/i386-linux-gnu/libglib-2.0.so.0.4002.0
b3ad7000-b3b27000 r-xp 00000000 08:01 1672       /usr/lib/i386-linux-gnu/libgobject-2.0.so.0.4002.0
b3b27000-b3b28000 r--p 0004f000 08:01 1672       /usr/lib/i386-linux-gnu/libgobject-2.0.so.0.4002.0
b3b28000-b3b29000 rw-p 00050000 08:01 1672       /usr/lib/i386-linux-gnu/libgobject-2.0.so.0.4002.0
b3b29000-b3ca6000 r-xp 00000000 08:01 1674       /usr/lib/i386-linux-gnu/libgio-2.0.so.0.4002.0
b3ca6000-b3ca8000 r--p 0017d000 08:01 1674       /usr/lib/i386-linux-gnu/libgio-2.0.so.0.4002.0
b3ca8000-b3ca9000 rw-p 0017f000 08:01 1674       /usr/lib/i386-linux-gnu/libgio-2.0.so.0.4002.0
b3ca9000-b3caa000 rw-p 00000000 00:00 0 
b3caa000-b3cae000 r--s 00000000 08:01 401842     /var/cache/fontconfig/b47c4e1ecd0709278f4910c18777a504-le32d4.cache-4
b3cae000-b3cb5000 r--s 00000000 08:01 401829     /var/cache/fontconfig/3f7329c5293ffd510edef78f73874cfd-le32d4.cache-4
b3cb5000-b3cbe000 r--s 00000000 08:01 401785     /var/cache/fontconfig/d589a48862398ed80a3d6066f4f56f4c-le32d4.cache-4
b3cbe000-b3cc1000 r--s 00000000 08:01 394702     /var/cache/fontconfig/7ef2298fde41cc6eeb7af42e48b7d293-le32d4.cache-4
b3cc1000-b3cd9000 r-xp 00000000 08:01 171836     /usr/lib/jvm/java-7-openjdk-i386/jre/lib/i386/libnet.so
b3cd9000-b3cda000 r--p 00017000 08:01 171836     /usr/lib/jvm/java-7-openjdk-i386/jre/lib/i386/libnet.so
b3cda000-b3cdb000 rw-p 00018000 08:01 171836     /usr/lib/jvm/java-7-openjdk-i386/jre/lib/i386/libnet.so
b3cdb000-b3cec000 r-xp 00000000 08:01 171778     /usr/lib/jvm/java-7-openjdk-i386/jre/lib/i386/libnio.so
b3cec000-b3ced000 r--p 00010000 08:01 171778     /usr/lib/jvm/java-7-openjdk-i386/jre/lib/i386/libnio.so
b3ced000-b3cee000 rw-p 00011000 08:01 171778     /usr/lib/jvm/java-7-openjdk-i386/jre/lib/i386/libnio.so
b3cee000-b3d0b000 r--s 0014f000 08:01 293673     /home/user/Desktop/Dual-radio-simulation/tools/cooja/lib/swingx-all-1.6.4.jar
b3d0b000-b3d0c000 ---p 00000000 00:00 0 
b3d0c000-b3d8c000 rw-p 00000000 00:00 0          [stack:5332]
b3d8c000-b3d8f000 ---p 00000000 00:00 0 
b3d8f000-b3ddd000 rw-p 00000000 00:00 0          [stack:5331]
b3ddd000-b3de0000 ---p 00000000 00:00 0 
b3de0000-b3e5e000 rw-p 00000000 00:00 0          [stack:5330]
b3e5e000-b3e61000 ---p 00000000 00:00 0 
b3e61000-b3eaf000 rw-p 00000000 00:00 0          [stack:5329]
b3eaf000-b40af000 r--p 00000000 08:01 369        /usr/lib/locale/locale-archive
b40af000-b40b2000 ---p 00000000 00:00 0 
b40b2000-b4100000 rw-p 00000000 00:00 0          [stack:5328]
b4100000-b412a000 rw-p 00000000 00:00 0 
b412a000-b4200000 ---p 00000000 00:00 0 
b4200000-b4202000 r-xp 00000000 08:01 3489       /usr/lib/i386-linux-gnu/libXcomposite.so.1.0.0
b4202000-b4203000 r--p 00001000 08:01 3489       /usr/lib/i386-linux-gnu/libXcomposite.so.1.0.0
b4203000-b4204000 rw-p 00002000 08:01 3489       /usr/lib/i386-linux-gnu/libXcomposite.so.1.0.0
b4204000-b420e000 r--s 000ae000 08:01 136921     /usr/lib/jvm/java-7-openjdk-i386/jre/lib/resources.jar
b420e000-b4215000 r--s 0005b000 08:01 293671     /home/user/Desktop/Dual-radio-simulation/tools/cooja/lib/jsyntaxpane.jar
b4215000-b421c000 r--s 0004f000 08:01 293672     /home/user/Desktop/Dual-radio-simulation/tools/cooja/lib/log4j.jar
b421c000-b421f000 r--s 00022000 08:01 293670     /home/user/Desktop/Dual-radio-simulation/tools/cooja/lib/jdom.jar
b421f000-b4223000 r--s 00085000 08:01 171728     /usr/lib/jvm/java-7-openjdk-i386/jre/lib/ext/localedata.jar
b4223000-b4227000 r--s 00034000 08:01 136936     /usr/lib/jvm/java-7-openjdk-i386/jre/lib/ext/sunjce_provider.jar
b4227000-b422a000 r--s 0000f000 08:01 153628     /usr/lib/jvm/java-7-openjdk-i386/jre/lib/ext/icedtea-sound.jar
b422a000-b422d000 ---p 00000000 00:00 0 
b422d000-b427b000 rw-p 00000000 00:00 0          [stack:5327]
b427b000-b427c000 ---p 00000000 00:00 0 
b427c000-b4345000 rw-p 00000000 00:00 0          [stack:5326]
b4345000-b44f8000 r--s 01d41000 08:01 136926     /usr/lib/jvm/java-7-openjdk-i386/jre/lib/rt.jar
b44f8000-b450c000 rw-p 00000000 00:00 0 
b450c000-b4526000 rw-p 00000000 00:00 0 
b4526000-b452c000 rw-p 00000000 00:00 0 
b452c000-b45d1000 rw-p 00000000 00:00 0 
b45d1000-b45d4000 rw-p 00000000 00:00 0 
b45d4000-b4626000 rw-p 00000000 00:00 0 
b4626000-b462c000 rw-p 00000000 00:00 0 
b462c000-b46d1000 rw-p 00000000 00:00 0 
b46d1000-b46d7000 rw-p 00000000 00:00 0 
b46d7000-b46f1000 rw-p 00000000 00:00 0 
b46f1000-b4706000 rw-p 00000000 00:00 0 
b4706000-b477d000 rw-p 00000000 00:00 0 
b477d000-b49b5000 rwxp 00000000 00:00 0 
b49b5000-b677d000 rw-p 00000000 00:00 0 
b677d000-b6787000 r-xp 00000000 08:01 159039     /lib/i386-linux-gnu/libnss_files-2.19.so
b6787000-b6788000 r--p 00009000 08:01 159039     /lib/i386-linux-gnu/libnss_files-2.19.so
b6788000-b6789000 rw-p 0000a000 08:01 159039     /lib/i386-linux-gnu/libnss_files-2.19.so
b6789000-b6793000 r-xp 00000000 08:01 158574     /lib/i386-linux-gnu/libnss_nis-2.19.so
b6793000-b6794000 r--p 00009000 08:01 158574     /lib/i386-linux-gnu/libnss_nis-2.19.so
b6794000-b6795000 rw-p 0000a000 08:01 158574     /lib/i386-linux-gnu/libnss_nis-2.19.so
b6795000-b67aa000 r-xp 00000000 08:01 158568     /lib/i386-linux-gnu/libnsl-2.19.so
b67aa000-b67ab000 r--p 00015000 08:01 158568     /lib/i386-linux-gnu/libnsl-2.19.so
b67ab000-b67ac000 rw-p 00016000 08:01 158568     /lib/i386-linux-gnu/libnsl-2.19.so
b67ac000-b67ae000 rw-p 00000000 00:00 0 
b67ae000-b67b5000 r-xp 00000000 08:01 158567     /lib/i386-linux-gnu/libnss_compat-2.19.so
b67b5000-b67b6000 r--p 00006000 08:01 158567     /lib/i386-linux-gnu/libnss_compat-2.19.so
b67b6000-b67b7000 rw-p 00007000 08:01 158567     /lib/i386-linux-gnu/libnss_compat-2.19.so
b67b7000-b67b9000 r--s 00000000 08:01 394475     /var/cache/fontconfig/e13b20fdb08344e0e664864cc2ede53d-le32d4.cache-4
b67b9000-b67bc000 r--s 0003d000 08:01 136934     /usr/lib/jvm/java-7-openjdk-i386/jre/lib/ext/sunpkcs11.jar
b67bc000-b67c4000 r-xp 00000000 08:01 171832     /usr/lib/jvm/java-7-openjdk-i386/jre/lib/i386/libzip.so
b67c4000-b67c5000 r--p 00007000 08:01 171832     /usr/lib/jvm/java-7-openjdk-i386/jre/lib/i386/libzip.so
b67c5000-b67c6000 rw-p 00008000 08:01 171832     /usr/lib/jvm/java-7-openjdk-i386/jre/lib/i386/libzip.so
b67c6000-b67ce000 rw-s 00000000 08:01 167508     /tmp/hsperfdata_user/5320
b67ce000-b67f5000 r-xp 00000000 08:01 171830     /usr/lib/jvm/java-7-openjdk-i386/jre/lib/i386/libjava.so
b67f5000-b67f6000 r--p 00026000 08:01 171830     /usr/lib/jvm/java-7-openjdk-i386/jre/lib/i386/libjava.so
b67f6000-b67f7000 rw-p 00027000 08:01 171830     /usr/lib/jvm/java-7-openjdk-i386/jre/lib/i386/libjava.so
b67f7000-b67fe000 r-xp 00000000 08:01 158579     /lib/i386-linux-gnu/librt-2.19.so
b67fe000-b67ff000 r--p 00006000 08:01 158579     /lib/i386-linux-gnu/librt-2.19.so
b67ff000-b6800000 rw-p 00007000 08:01 158579     /lib/i386-linux-gnu/librt-2.19.so
b6800000-b68ff000 rw-p 00000000 00:00 0 
b68ff000-b6900000 ---p 00000000 00:00 0 
b6900000-b6901000 r--s 00000000 08:01 401740     /var/cache/fontconfig/0c9eb80ebd1c36541ebe2852d3bb0c49-le32d4.cache-4
b6901000-b6902000 r--s 00002000 08:01 136939     /usr/lib/jvm/java-7-openjdk-i386/jre/lib/ext/dnsns.jar
b6902000-b6905000 ---p 00000000 00:00 0 
b6905000-b6953000 rw-p 00000000 00:00 0          [stack:5322]
b6953000-b696f000 r-xp 00000000 08:01 158999     /lib/i386-linux-gnu/libgcc_s.so.1
b696f000-b6970000 rw-p 0001b000 08:01 158999     /lib/i386-linux-gnu/libgcc_s.so.1
b6970000-b69b4000 r-xp 00000000 08:01 158561     /lib/i386-linux-gnu/libm-2.19.so
b69b4000-b69b5000 r--p 00043000 08:01 158561     /lib/i386-linux-gnu/libm-2.19.so
b69b5000-b69b6000 rw-p 00044000 08:01 158561     /lib/i386-linux-gnu/libm-2.19.so
b69b6000-b6a92000 r-xp 00000000 08:01 289        /usr/lib/i386-linux-gnu/libstdc++.so.6.0.19
b6a92000-b6a96000 r--p 000dc000 08:01 289        /usr/lib/i386-linux-gnu/libstdc++.so.6.0.19
b6a96000-b6a97000 rw-p 000e0000 08:01 289        /usr/lib/i386-linux-gnu/libstdc++.so.6.0.19
b6a97000-b6a9e000 rw-p 00000000 00:00 0 
b6a9e000-b70d5000 r-xp 00000000 08:01 171806     /usr/lib/jvm/java-7-openjdk-i386/jre/lib/i386/client/libjvm.so
b70d5000-b70d6000 ---p 00637000 08:01 171806     /usr/lib/jvm/java-7-openjdk-i386/jre/lib/i386/client/libjvm.so
b70d6000-b70ec000 r--p 00637000 08:01 171806     /usr/lib/jvm/java-7-openjdk-i386/jre/lib/i386/client/libjvm.so
b70ec000-b70fb000 rw-p 0064d000 08:01 171806     /usr/lib/jvm/java-7-openjdk-i386/jre/lib/i386/client/libjvm.so
b70fb000-b7517000 rw-p 00000000 00:00 0 
b7517000-b752f000 r-xp 00000000 08:01 158556     /lib/i386-linux-gnu/libz.so.1.2.8
b752f000-b7530000 r--p 00017000 08:01 158556     /lib/i386-linux-gnu/libz.so.1.2.8
b7530000-b7531000 rw-p 00018000 08:01 158556     /lib/i386-linux-gnu/libz.so.1.2.8
b7531000-b7549000 r-xp 00000000 08:01 158571     /lib/i386-linux-gnu/libpthread-2.19.so
b7549000-b754a000 r--p 00018000 08:01 158571     /lib/i386-linux-gnu/libpthread-2.19.so
b754a000-b754b000 rw-p 00019000 08:01 158571     /lib/i386-linux-gnu/libpthread-2.19.so
b754b000-b754d000 rw-p 00000000 00:00 0 
b754d000-b7550000 r-xp 00000000 08:01 158563     /lib/i386-linux-gnu/libdl-2.19.so
b7550000-b7551000 r--p 00002000 08:01 158563     /lib/i386-linux-gnu/libdl-2.19.so
b7551000-b7552000 rw-p 00003000 08:01 158563     /lib/i386-linux-gnu/libdl-2.19.so
b7552000-b76fa000 r-xp 00000000 08:01 158580     /lib/i386-linux-gnu/libc-2.19.so
b76fa000-b76fb000 ---p 001a8000 08:01 158580     /lib/i386-linux-gnu/libc-2.19.so
b76fb000-b76fd000 r--p 001a8000 08:01 158580     /lib/i386-linux-gnu/libc-2.19.so
b76fd000-b76fe000 rw-p 001aa000 08:01 158580     /lib/i386-linux-gnu/libc-2.19.so
b76fe000-b7701000 rw-p 00000000 00:00 0 
b7701000-b7703000 r--s 00006000 08:01 276693     /usr/share/java/java-atk-wrapper.jar
b7703000-b7705000 r--s 00012000 08:01 136938     /usr/lib/jvm/java-7-openjdk-i386/jre/lib/ext/zipfs.jar
b7705000-b7706000 r--p 002c5000 08:01 369        /usr/lib/locale/locale-archive
b7706000-b7707000 rw-p 00000000 00:00 0 
b7707000-b7708000 r--p 00000000 00:00 0 
b7708000-b7716000 r-xp 00000000 08:01 171834     /usr/lib/jvm/java-7-openjdk-i386/jre/lib/i386/libverify.so
b7716000-b7717000 r--p 0000d000 08:01 171834     /usr/lib/jvm/java-7-openjdk-i386/jre/lib/i386/libverify.so
b7717000-b7718000 rw-p 0000e000 08:01 171834     /usr/lib/jvm/java-7-openjdk-i386/jre/lib/i386/libverify.so
b7718000-b7724000 r-xp 00000000 08:01 171842     /usr/lib/jvm/java-7-openjdk-i386/jre/lib/i386/jli/libjli.so
b7724000-b7725000 r--p 0000c000 08:01 171842     /usr/lib/jvm/java-7-openjdk-i386/jre/lib/i386/jli/libjli.so
b7725000-b7726000 rw-p 0000d000 08:01 171842     /usr/lib/jvm/java-7-openjdk-i386/jre/lib/i386/jli/libjli.so
b7726000-b7729000 rw-p 00000000 00:00 0 
b7729000-b772a000 r-xp 00000000 00:00 0          [vdso]
b772a000-b774a000 r-xp 00000000 08:01 158572     /lib/i386-linux-gnu/ld-2.19.so
b774a000-b774b000 r--p 0001f000 08:01 158572     /lib/i386-linux-gnu/ld-2.19.so
b774b000-b774c000 rw-p 00020000 08:01 158572     /lib/i386-linux-gnu/ld-2.19.so
bf864000-bf865000 rwxp 00000000 00:00 0 
bf897000-bf8b8000 rw-p 00000000 00:00 0          [stack]

VM Arguments:
jvm_args: -Xmx512m -Duser.language=en 
java_command: org.contikios.cooja.Cooja
Launcher Type: SUN_STANDARD

Environment Variables:
JAVA_HOME=/usr/lib/jvm/java-7-openjdk-i386
PATH=/usr/local/sdcc/bin:/usr/local/sbin:/usr/local/bin:/usr/sbin:/usr/bin:/sbin:/bin:/usr/games:/usr/local/games:/home/user/CodeSourcery/Sourcery_G++_Lite/bin:/usr/local/msp430/bin:/home/user/CodeSourcery/Sourcery_G++_Lite/bin
LD_LIBRARY_PATH=.
SHELL=/bin/bash
DISPLAY=:0

Signal Handlers:
SIGSEGV: [libjvm.so+0x4f0b20], sa_mask[0]=0x7ffbfeff, sa_flags=0x10000004
SIGBUS: [libjvm.so+0x4f0b20], sa_mask[0]=0x7ffbfeff, sa_flags=0x10000004
SIGFPE: [libjvm.so+0x3cc460], sa_mask[0]=0x7ffbfeff, sa_flags=0x10000004
SIGPIPE: [libjvm.so+0x3cc460], sa_mask[0]=0x7ffbfeff, sa_flags=0x10000004
SIGXFSZ: [libjvm.so+0x3cc460], sa_mask[0]=0x7ffbfeff, sa_flags=0x10000004
SIGILL: [libjvm.so+0x3cc460], sa_mask[0]=0x7ffbfeff, sa_flags=0x10000004
SIGUSR1: SIG_DFL, sa_mask[0]=0x00000000, sa_flags=0x00000000
SIGUSR2: [libjvm.so+0x3cc5c0], sa_mask[0]=0x00000004, sa_flags=0x10000004
SIGHUP: [libjvm.so+0x3cc520], sa_mask[0]=0x7ffbfeff, sa_flags=0x10000004
SIGINT: [libjvm.so+0x3cc520], sa_mask[0]=0x7ffbfeff, sa_flags=0x10000004
SIGTERM: [libjvm.so+0x3cc520], sa_mask[0]=0x7ffbfeff, sa_flags=0x10000004
SIGQUIT: [libjvm.so+0x3cc520], sa_mask[0]=0x7ffbfeff, sa_flags=0x10000004
SIGTRAP: SIG_DFL, sa_mask[0]=0x00000000, sa_flags=0x00000000


---------------  S Y S T E M  ---------------

OS:Ubuntu 14.04 (trusty)
uname:Linux 3.13.0-107-generic #154-Ubuntu SMP Mon Dec 19 19:20:26 UTC 2016 i686
libc:glibc 2.19 NPTL 2.19 
rlimit: STACK 8192k, CORE 0k, NPROC 32110, NOFILE 4096, AS infinity
load average:0.35 0.29 0.26

/proc/meminfo:
MemTotal:        4130132 kB
MemFree:         2124512 kB
Buffers:          197060 kB
Cached:          1291916 kB
SwapCached:            0 kB
Active:           986160 kB
Inactive:         885484 kB
Active(anon):     383600 kB
Inactive(anon):    25964 kB
Active(file):     602560 kB
Inactive(file):   859520 kB
Unevictable:          32 kB
Mlocked:              32 kB
HighTotal:       3280776 kB
HighFree:        1872632 kB
LowTotal:         849356 kB
LowFree:          251880 kB
SwapTotal:       1046524 kB
SwapFree:        1046524 kB
Dirty:              2556 kB
Writeback:             0 kB
AnonPages:        382732 kB
Mapped:           115516 kB
Shmem:             26900 kB
Slab:              96788 kB
SReclaimable:      82988 kB
SUnreclaim:        13800 kB
KernelStack:        2880 kB
PageTables:         6784 kB
NFS_Unstable:          0 kB
Bounce:                0 kB
WritebackTmp:          0 kB
CommitLimit:     3111588 kB
Committed_AS:    2367560 kB
VmallocTotal:     122880 kB
VmallocUsed:       23428 kB
VmallocChunk:      89832 kB
HardwareCorrupted:     0 kB
AnonHugePages:    163840 kB
HugePages_Total:       0
HugePages_Free:        0
HugePages_Rsvd:        0
HugePages_Surp:        0
Hugepagesize:       2048 kB
DirectMap4k:       14328 kB
DirectMap2M:      899072 kB


CPU:total 1 (1 cores per cpu, 1 threads per core) family 6 model 94 stepping 3, cmov, cx8, fxsr, mmx, sse, sse2, sse3, ssse3, sse4.1, sse4.2, popcnt, avx, aes, tsc, tscinvbit

/proc/cpuinfo:
processor	: 0
vendor_id	: GenuineIntel
cpu family	: 6
model		: 94
model name	: Intel(R) Core(TM) i5-6500 CPU @ 3.20GHz
stepping	: 3
microcode	: 0x76
cpu MHz		: 3600.000
cache size	: 6144 KB
physical id	: 0
siblings	: 1
core id		: 0
cpu cores	: 1
apicid		: 0
initial apicid	: 0
fdiv_bug	: no
f00f_bug	: no
coma_bug	: no
fpu		: yes
fpu_exception	: yes
cpuid level	: 22
wp		: yes
flags		: fpu vme de pse tsc msr pae mce cx8 apic sep mtrr pge mca cmov pat pse36 clflush dts mmx fxsr sse sse2 ss nx rdtscp lm constant_tsc arch_perfmon pebs bts tsc_reliable nonstop_tsc aperfmperf pni pclmulqdq ssse3 fma cx16 sse4_1 sse4_2 movbe popcnt aes xsave avx hypervisor lahf_lm 3dnowprefetch ida arat epb pln pts dtherm
bogomips	: 7200.00
clflush size	: 64
cache_alignment	: 64
address sizes	: 40 bits physical, 48 bits virtual
power management:



Memory: 4k page, physical 4130132k(2124512k free), swap 1046524k(1046524k free)

vm_info: OpenJDK Client VM (24.121-b00) for linux-x86 JRE (1.7.0_121-b00), built on Nov 16 2016 00:51:04 by "buildd" with gcc 4.8.4

time: Tue Jan 31 02:55:02 2017
elapsed time: 14 seconds

