#
# A fatal error has been detected by the Java Runtime Environment:
#
#  SIGSEGV (0xb) at pc=0xb26ec4a3, pid=8902, tid=2996316992
#
# JRE version: OpenJDK Runtime Environment (7.0_111-b01) (build 1.7.0_111-b01)
# Java VM: OpenJDK Client VM (24.111-b01 mixed mode, sharing linux-x86 )
# Derivative: IcedTea 2.6.7
# Distribution: Ubuntu 14.04 LTS, package 7u111-2.6.7-0ubuntu0.14.04.3
# Problematic frame:
# C  [mtype54.cooja+0x114a3]  do_poll+0x1a
#
# Failed to write core dump. Core dumps have been disabled. To enable core dumping, try "ulimit -c unlimited" before starting Java again
#
# If you would like to submit a bug report, please include
# instructions on how to reproduce the bug and visit:
#   http://icedtea.classpath.org/bugzilla
# The crash happened outside the Java Virtual Machine in native code.
# See problematic frame for where to report the bug.
#

---------------  T H R E A D  ---------------

Current thread (0x091e5800):  JavaThread "Thread-28" [_thread_in_native, id=9619, stack(0xb2932000,0xb2983000)]

siginfo:si_signo=SIGSEGV: si_errno=0, si_code=1 (SEGV_MAPERR), si_addr=0xffffffab

Registers:
EAX=0xffffff9c, EBX=0x00000000, ECX=0x00000000, EDX=0x00000000
ESP=0xb27092dc, EBP=0xb2709304, ESI=0x00000000, EDI=0x00000000
EIP=0xb26ec4a3, EFLAGS=0x00010286, CR2=0xffffffab

Top of Stack: (sp=0xb27092dc)
0xb27092dc:   b27092fc b27092fc 00000000 00000000
0xb27092ec:   00000000 00000000 00000000 ffffff9c
0xb27092fc:   b2709304 b26ea497 b2709314 b26ec63d
0xb270930c:   00000000 00000000 b2709324 b26ea079
0xb270931c:   00000000 00000000 00000000 00000000
0xb270932c:   00000000 00000000 b2708320 b270832c
0xb270933c:   00000000 00000000 00000000 00000001
0xb270934c:   00000000 00000000 00000000 00000000 

Instructions: (pc=0xb26ec4a3)
0xb26ec483:   c4 a7 70 b2 5d c3 55 89 e5 83 ec 28 c6 05 60 a9
0xb26ec493:   70 b2 00 a1 c0 a7 70 b2 89 45 f4 eb 3c 8b 45 f4
0xb26ec4a3:   0f b6 40 0f 84 c0 74 29 8b 45 f4 c6 40 0e 01 8b
0xb26ec4b3:   45 f4 c6 40 0f 00 c7 44 24 08 00 00 00 00 c7 44 

Register to memory mapping:

EAX=0xffffff9c is an unknown value
EBX=0x00000000 is an unknown value
ECX=0x00000000 is an unknown value
EDX=0x00000000 is an unknown value
ESP=0xb27092dc: <offset 0x2e2dc> in /home/user/Desktop/nfs/examples/ipv6/rpl-udp/obj_cooja/mtype54.cooja at 0xb26db000
EBP=0xb2709304: <offset 0x2e304> in /home/user/Desktop/nfs/examples/ipv6/rpl-udp/obj_cooja/mtype54.cooja at 0xb26db000
ESI=0x00000000 is an unknown value
EDI=0x00000000 is an unknown value


Stack: [0xb2932000,0xb2983000],  sp=0xb27092dc,  free space=4192092k
Native frames: (J=compiled Java code, j=interpreted, Vv=VM code, C=native code)
C  [mtype54.cooja+0x114a3]  do_poll+0x1a
C  [mtype54.cooja+0x1163d]  process_run+0x16
C  [mtype54.cooja+0xf079]  process_run_thread_loop+0x1f

Java frames: (J=compiled Java code, j=interpreted, Vv=VM code)
j  org.contikios.cooja.corecomm.Lib8.tick()V+0
J 1554 C1 org.contikios.cooja.contikimote.ContikiMote.execute(J)V (99 bytes) @ 0xb4ab622c [0xb4ab60c0+0x16c]

[error occurred during error reporting (printing Java stack), id 0xb]


---------------  P R O C E S S  ---------------

Java Threads: ( => current thread )
=>