#
# A fatal error has been detected by the Java Runtime Environment:
#
#  SIGSEGV (0xb) at pc=0xb26b3016, pid=9818, tid=2988186432
#
# JRE version: OpenJDK Runtime Environment (7.0_111-b01) (build 1.7.0_111-b01)
# Java VM: OpenJDK Client VM (24.111-b01 mixed mode, sharing linux-x86 )
# Derivative: IcedTea 2.6.7
# Distribution: Ubuntu 14.04 LTS, package 7u111-2.6.7-0ubuntu0.14.04.3
# Problematic frame:
# C  [mtype967.cooja+0x21016]  nbr_table_register+0x59
#
# Failed to write core dump. Core dumps have been disabled. To enable core dumping, try "ulimit -c unlimited" before starting Java again
#
# If you would like to submit a bug report, please include
# instructions on how to reproduce the bug and visit:
#   http://icedtea.classpath.org/bugzilla
# The crash happened outside the Java Virtual Machine in native code.
# See problematic frame for where to report the bug.
#

---------------  T H R E A D  ---------------

Current thread (0x08562c00):  JavaThread "Thread-73" [_thread_in_native, id=12784, stack(0xb2171000,0xb21c2000)]

siginfo:si_signo=SIGSEGV: si_errno=0, si_code=1 (SEGV_MAPERR), si_addr=0xffffff9c

Registers:
EAX=0xffffff9c, EBX=0xb26c217c, ECX=0x00000000, EDX=0x00000000
ESP=0xb26c415c, EBP=0xb26c4174, ESI=0x00000001, EDI=0x00000000
EIP=0xb26b3016, EFLAGS=0x00010297, CR2=0xffffff9c

Top of Stack: (sp=0xb26c415c)
0xb26c415c:   b26c7400 0000ea60 b26b3441 00000000
0xb26c416c:   fbad8001 b26c4380 b26c4194 b26a64df
0xb26c417c:   ffffff9c b26a6569 00000000 00000001
0xb26c418c:   b26c477f 00000000 b26c41c4 b26a73b2
0xb26c419c:   00000000 00000000 b26c41b4 b26a4b1a
0xb26c41ac:   0000039f 00000000 b26c41d4 b26a42f8
0xb26c41bc:   b26c65a0 000001f4 b26c41d4 b26a834b
0xb26c41cc:   000003a7 b77936e0 b26c4204 b26ab7d3 

Instructions: (pc=0xb26b3016)
0xb26b2ff6:   0e ff ff a1 60 74 6c b2 83 f8 07 77 34 a1 60 74
0xb26b3006:   6c b2 8d 50 01 89 15 60 74 6c b2 89 c2 8b 45 08
0xb26b3016:   89 10 8b 45 08 8b 55 0c 89 50 08 8b 45 08 8b 00
0xb26b3026:   8b 55 08 89 14 85 40 74 6c b2 b8 01 00 00 00 eb 

Register to memory mapping:

EAX=0xffffff9c is an unknown value
EBX=0xb26c217c: tcpip_process+0xc in /home/user/Desktop/nfs/examples/ipv6/rpl-udp/obj_cooja/mtype967.cooja at 0xb2692000
ECX=0x00000000 is an unknown value
EDX=0x00000000 is an unknown value
ESP=0xb26c415c: <offset 0x3215c> in /home/user/Desktop/nfs/examples/ipv6/rpl-udp/obj_cooja/mtype967.cooja at 0xb2692000
EBP=0xb26c4174: <offset 0x32174> in /home/user/Desktop/nfs/examples/ipv6/rpl-udp/obj_cooja/mtype967.cooja at 0xb2692000
ESI=0x00000001 is an unknown value
EDI=0x00000000 is an unknown value


Stack: [0xb2171000,0xb21c2000],  sp=0xb26c415c,  free space=5452k
Native frames: (J=compiled Java code, j=interpreted, Vv=VM code, C=native code)
C  [mtype967.cooja+0x21016]  nbr_table_register+0x59
C  [mtype967.cooja+0x144df]  uip_ds6_neighbors_init+0x1b
C  [mtype967.cooja+0x153b2]  uip_ds6_init+0xb
C  [mtype967.cooja+0x1634b]  uip_init+0xb
C  [mtype967.cooja+0x197d3]
C  [mtype967.cooja+0x1260e]
C  [mtype967.cooja+0x1295c]  process_post_synch+0x2e
C  [mtype967.cooja+0x124cb]  process_start+0x6d
C  [mtype967.cooja+0x10061]  contiki_init+0x1ec
C  [mtype967.cooja+0x10214]

Java frames: (J=compiled Java code, j=interpreted, Vv=VM code)
j  org.contikios.cooja.corecomm.Lib22.tick()V+0
J 1560 C1 org.contikios.cooja.contikimote.ContikiMote.execute(J)V (99 bytes) @ 0xb4aba2ec [0xb4aba180+0x16c]

[error occurred during error reporting (printing Java stack), id 0xb]


---------------  P R O C E S S  ---------------

Java Threads: ( => current thread )
=>