#
# A fatal error has been detected by the Java Runtime Environment:
#
#  SIGSEGV (0xb) at pc=0x0000fd1d, pid=11466, tid=0x82aaeb40
#
# JRE version: Java(TM) SE Runtime Environment (8.0_101-b13) (build 1.8.0_101-b13)
# Java VM: Java HotSpot(TM) Server VM (25.101-b13 mixed mode linux-x86 )
# Problematic frame:
# C  0x0000fd1d
#
# Core dump written. Default location: /home/user/longrange/Dual-radio-simulation/tools/cooja/build/core or core.11466
#
# If you would like to submit a bug report, please visit:
#   http://bugreport.java.com/bugreport/crash.jsp
# The crash happened outside the Java Virtual Machine in native code.
# See problematic frame for where to report the bug.
#

---------------  T H R E A D  ---------------

Current thread (0x8525cc00):  JavaThread "Thread-9" [_thread_in_native, id=11597, stack(0x82a5e000,0x82aaf000)]

siginfo: si_signo: 11 (SIGSEGV), si_code: 1 (SEGV_MAPERR), si_addr: 0x0000fd1d

Registers:
EAX=0x0000fd1d, EBX=0x833d6553, ECX=0x00000000, EDX=0x00000069
ESP=0x833f91c8, EBP=0x833f91e4, ESI=0x0000004a, EDI=0x00000000
EIP=0x0000fd1d, EFLAGS=0x00010206, CR2=0x0000fd1d

Top of Stack: (sp=0x833f91c8)
0x833f91c8:   833e9539 00000000 00000001 00000001
0x833f91d8:   00000052 833e8521 833d6553 833f9224
0x833f91e8:   833e97ab 0000fd1d 00000000 00000001
0x833f91f8:   00000001 833fc6c2 833fc6e0 65dc61f8
0x833f9208:   00000001 00060006 00088006 00080008
0x833f9218:   00000052 0008823a 00080008 3e029b08
0x833f9228:   00401e32 0000fd1d 00000000 00000000
0x833f9238:   0000feff 00120501 0000fd80 00000000 

Instructions: (pc=0x0000fd1d)
0x0000fcfd:   
[error occurred during error reporting (printing registers, top of stack, instructions near pc), id 0xb]

Register to memory mapping:

EAX=0x0000fd1d is an unknown value
EBX=0x833d6553: <offset 0x12553> in /home/user/longrange/Dual-radio-simulation/examples/ipv6/rpl-udp/obj_cooja/mtype56.cooja at 0x833c4000
ECX=0x00000000 is an unknown value
EDX=0x00000069 is an unknown value
ESP=0x833f91c8: <offset 0x351c8> in /home/user/longrange/Dual-radio-simulation/examples/ipv6/rpl-udp/obj_cooja/mtype56.cooja at 0x833c4000
EBP=0x833f91e4: <offset 0x351e4> in /home/user/longrange/Dual-radio-simulation/examples/ipv6/rpl-udp/obj_cooja/mtype56.cooja at 0x833c4000
ESI=0x0000004a is an unknown value
EDI=0x00000000 is an unknown value


Stack: [0x82a5e000,0x82aaf000],  sp=0x833f91c8,  free space=9836k
Native frames: (J=compiled Java code, j=interpreted, Vv=VM code, C=native code)
C