#
# A fatal error has been detected by the Java Runtime Environment:
#
#  SIGSEGV (0xb) at pc=0xffffff9c, pid=4294, tid=2987264832
#
# JRE version: OpenJDK Runtime Environment (7.0_79-b14) (build 1.7.0_79-b14)
# Java VM: OpenJDK Client VM (24.79-b02 mixed mode, sharing linux-x86 )
# Derivative: IcedTea 2.5.6
# Distribution: Ubuntu 14.04 LTS, package 7u79-2.5.6-0ubuntu1.14.04.1
# Problematic frame:
# C  0xffffff9c
#
# Failed to write core dump. Core dumps have been disabled. To enable core dumping, try "ulimit -c unlimited" before starting Java again
#
# If you would like to submit a bug report, please include
# instructions on how to reproduce the bug and visit:
#   http://icedtea.classpath.org/bugzilla
# The crash happened outside the Java Virtual Machine in native code.
# See problematic frame for where to report the bug.
#

---------------  T H R E A D  ---------------

Current thread (0x09727800):  JavaThread "Thread-34" [_thread_in_native, id=5544, stack(0xb2090000,0xb20e1000)]

siginfo:si_signo=SIGSEGV: si_errno=0, si_code=1 (SEGV_MAPERR), si_addr=0xffffff9c

Registers:
EAX=0xffffff9c, EBX=0xb2574130, ECX=0x00000000, EDX=0x00000081
ESP=0xb2576268, EBP=0xb2576294, ESI=0x00000000, EDI=0x00000000
EIP=0xffffff9c, EFLAGS=0x00010286, CR2=0xffffff9c

Top of Stack: (sp=0xb2576268)
0xb2576268:   b25570de b2574130 00000081 00000000
0xb2576278:   00000381 000003b3 000003b4 000003b5
0xb2576288:   000003b6 000003b7 00000000 b25762c4
0xb2576298:   b255742c b2574124 00000081 00000000
0xb25762a8:   00000381 000003bf 000003c0 000003c1
0xb25762b8:   00000000 000003c3 000003c4 b25762f4
0xb25762c8:   b2556f9b b2574124 00000081 00000000
0xb25762d8:   000003ca 000003cb 000003cc 000003cd 

Instructions: (pc=0xffffff9c)
0xffffff7c:   
[error occurred during error reporting (printing registers, top of stack, instructions near pc), id 0xb]

Register to memory mapping:

EAX=0xffffff9c is an unknown value
EBX=0xb2574130: etimer_process+0xc in /home/user/Desktop/Dual-radio-simulation/lanada/obj_cooja/mtype679.cooja at 0xb2543000
ECX=0x00000000 is an unknown value
EDX=0x00000081 is an unknown value
ESP=0xb2576268: <offset 0x33268> in /home/user/Desktop/Dual-radio-simulation/lanada/obj_cooja/mtype679.cooja at 0xb2543000
EBP=0xb2576294: <offset 0x33294> in /home/user/Desktop/Dual-radio-simulation/lanada/obj_cooja/mtype679.cooja at 0xb2543000
ESI=0x00000000 is an unknown value
EDI=0x00000000 is an unknown value


Stack: [0xb2090000,0xb20e1000],  sp=0xb2576268,  free space=5016k
Native frames: (J=compiled Java code, j=interpreted, Vv=VM code, C=native code)
C  0xffffff9c
C  [mtype679.cooja+0x1442c]  process_post_synch+0x2e
C  [mtype679.cooja+0x13f9b]  process_start+0x6d
C  [mtype679.cooja+0x11285]  contiki_init+0x30
C  [mtype679.cooja+0x117d8]  process_run_thread_loop+0x1a

Java frames: (J=compiled Java code, j=interpreted, Vv=VM code)
j  org.contikios.cooja.corecomm.Lib8.tick()V+0
J 2233 C1 org.contikios.cooja.contikimote.ContikiMote.execute(J)V (99 bytes) @ 0xb4beb36c [0xb4beb200+0x16c]
