#
# A fatal error has been detected by the Java Runtime Environment:
#
#  SIGSEGV (0xb) at pc=0x0000fdf5, pid=4144, tid=2994420544
#
# JRE version: OpenJDK Runtime Environment (7.0_79-b14) (build 1.7.0_79-b14)
# Java VM: OpenJDK Client VM (24.79-b02 mixed mode, sharing linux-x86 )
# Derivative: IcedTea 2.5.6
# Distribution: Ubuntu 14.04 LTS, package 7u79-2.5.6-0ubuntu1.14.04.1
# Problematic frame:
# C  0x0000fdf5
#
# Failed to write core dump. Core dumps have been disabled. To enable core dumping, try "ulimit -c unlimited" before starting Java again
#
# If you would like to submit a bug report, please include
# instructions on how to reproduce the bug and visit:
#   http://icedtea.classpath.org/bugzilla
# The crash happened outside the Java Virtual Machine in native code.
# See problematic frame for where to report the bug.
#

---------------  T H R E A D  ---------------

Current thread (0x08a20400):  JavaThread "Thread-6" [_thread_in_native, id=5154, stack(0xb2763000,0xb27b4000)]

siginfo:si_signo=SIGSEGV: si_errno=0, si_code=1 (SEGV_MAPERR), si_addr=0x0000fdf5

Registers:
EAX=0x0000fdf5, EBX=0xb26d1023, ECX=0x00000000, EDX=0x00000069
ESP=0xb26f01c8, EBP=0xb26f01e4, ESI=0x0000004a, EDI=0x00000000
EIP=0x0000fdf5, EFLAGS=0x00010206, CR2=0x0000fdf5

Top of Stack: (sp=0xb26f01c8)
0xb26f01c8:   b26e2b79 00000000 00000001 00000001
0xb26f01d8:   00000052 b26e1b61 b26d1023 b26f0224
0xb26f01e8:   b26e2deb 0000fdf5 00000000 00000001
0xb26f01f8:   00000001 b26f36c2 b26f36e0 94dc61c2
0xb26f0208:   00000001 00120012 000b8012 000b000b
0xb26f0218:   00000052 000b823a 000b000b 3d029b0b
0xb26f0228:   00401e16 0000fdf5 00000000 00000000
0xb26f0238:   0000feff 00120501 0000fd80 00000000 

Instructions: (pc=0x0000fdf5)
0x0000fdd5:   
[error occurred during error reporting (printing registers, top of stack, instructions near pc), id 0xb]

Register to memory mapping:

EAX=0x0000fdf5 is an unknown value
EBX=0xb26d1023: <offset 0x11023> in /home/user/longrange/Dual-radio-simulation/examples/ipv6/rpl-udp/obj_cooja/mtype408.cooja at 0xb26c0000
ECX=0x00000000 is an unknown value
EDX=0x00000069 is an unknown value
ESP=0xb26f01c8: <offset 0x301c8> in /home/user/longrange/Dual-radio-simulation/examples/ipv6/rpl-udp/obj_cooja/mtype408.cooja at 0xb26c0000
EBP=0xb26f01e4: <offset 0x301e4> in /home/user/longrange/Dual-radio-simulation/examples/ipv6/rpl-udp/obj_cooja/mtype408.cooja at 0xb26c0000
ESI=0x0000004a is an unknown value
EDI=0x00000000 is an unknown value


Stack: [0xb2763000,0xb27b4000],  sp=0xb26f01c8,  free space=4193844k
Native frames: (J=compiled Java code, j=interpreted, Vv=VM code, C=native code)
C  0x0000fdf5
C  [mtype408.cooja+0x22deb]  send_one_packet+0x1f7

Java frames: (J=compiled Java code, j=interpreted, Vv=VM code)
J 2132  org.contikios.cooja.corecomm.Lib2.tick()V (0 bytes) @ 0xb4baab90 [0xb4baab50+0x40]
