#
# A fatal error has been detected by the Java Runtime Environment:
#
#  SIGSEGV (0xb) at pc=0xb7648cb1, pid=5225, tid=2986359616
#
# JRE version: OpenJDK Runtime Environment (7.0_111-b01) (build 1.7.0_111-b01)
# Java VM: OpenJDK Client VM (24.111-b01 mixed mode, sharing linux-x86 )
# Derivative: IcedTea 2.6.7
# Distribution: Ubuntu 14.04 LTS, package 7u111-2.6.7-0ubuntu0.14.04.3
# Problematic frame:
# C  [libc.so.6+0x133cb1]
#
# Failed to write core dump. Core dumps have been disabled. To enable core dumping, try "ulimit -c unlimited" before starting Java again
#
# If you would like to submit a bug report, please include
# instructions on how to reproduce the bug and visit:
#   http://icedtea.classpath.org/bugzilla
# The crash happened outside the Java Virtual Machine in native code.
# See problematic frame for where to report the bug.
#

---------------  T H R E A D  ---------------

Current thread (0x09b25c00):  JavaThread "Thread-48" [_thread_in_native, id=6064, stack(0xb1fb3000,0xb2004000)]

siginfo:si_signo=SIGSEGV: si_errno=0, si_code=2 (SEGV_ACCERR), si_addr=0xb26dcfa0

Registers:
EAX=0xb415de20, EBX=0xb767f940, ECX=0x00000216, EDX=0xb26dcfb0
ESP=0xb2002d70, EBP=0xb2002da8, ESI=0xb26dcfa0, EDI=0x00000000
EIP=0xb7648cb1, EFLAGS=0x00010202, CR2=0xb26dcfa0

Top of Stack: (sp=0xb2002d70)
0xb2002d70:   8eec9008 09b25c00 8eec9008 b26bda60
0xb2002d80:   b26dcfa0 b415de18 00000246 8ed4d1b0
0xb2002d90:   8eec9008 8eec9008 09b25c00 b415de18
0xb2002da0:   b470beee 09b25c00 b2002df0 b470bff3
0xb2002db0:   09b25d28 b2002e0c 00030020 00000246
0xb2002dc0:   b2002e00 b49aba96 79971158 7978e5f8
0xb2002dd0:   b2002dd0 8eec9008 b2002e0c 8eec91a0
0xb2002de0:   00000000 8eec9008 00000000 b2002e10 

Instructions: (pc=0xb7648cb1)
0xb7648c91:   5f 03 1c 8b ff e3 89 f6 8d bc 27 00 00 00 00 81
0xb7648ca1:   c3 a0 6c 03 00 83 e8 08 0f 28 08 31 ff 83 e9 20
0xb7648cb1:   f3 0f 7f 06 5e 66 0f 6f 54 38 10 83 e9 20 66 0f
0xb7648cc1:   6f 5c 38 20 66 0f 6f e3 66 0f 3a 0f da 08 66 0f 

Register to memory mapping:

EAX=0xb415de20 is an unknown value
EBX=0xb767f940: <offset 0x16a940> in /lib/i386-linux-gnu/libc.so.6 at 0xb7515000
ECX=0x00000216 is an unknown value
EDX=0xb26dcfb0: <offset 0x2efb0> in /home/user/Desktop/nfs/examples/ipv6/rpl-udp/obj_cooja/mtype157.cooja at 0xb26ae000
ESP=0xb2002d70 is pointing into the stack for thread: 0x09b25c00
EBP=0xb2002da8 is pointing into the stack for thread: 0x09b25c00
ESI=0xb26dcfa0: <offset 0x2efa0> in /home/user/Desktop/nfs/examples/ipv6/rpl-udp/obj_cooja/mtype157.cooja at 0xb26ae000
EDI=0x00000000 is an unknown value


Stack: [0xb1fb3000,0xb2004000],  sp=0xb2002d70,  free space=319k
Native frames: (J=compiled Java code, j=interpreted, Vv=VM code, C=native code)
C  [libc.so.6+0x133cb1]
j  org.contikios.cooja.corecomm.Lib10.setMemory(II[B)V+0
J 1514 C1 org.contikios.cooja.contikimote.ContikiMoteType.setCoreMemory(Lorg/contikios/cooja/mote/memory/SectionMoteMemory;)V (66 bytes) @ 0xb49aa248 [0xb49aa150+0xf8]
J 1994 C1 org.contikios.cooja.contikimote.ContikiMote.execute(J)V (99 bytes) @ 0xb4a7f556 [0xb4a7f400+0x156]
J 2008 C1 org.contikios.cooja.motes.AbstractWakeupMote$1.execute(J)V (9 bytes) @ 0xb4a84587 [0xb4a84550+0x37]
J 2364 C1 org.contikios.cooja.Simulation.run()V (432 bytes) @ 0xb4b09c43 [0xb4b098e0+0x363]
j  java.lang.Thread.run()V+11
v  ~StubRoutines::call_stub
V  [libjvm.so+0x2b2716]

Java frames: (J=compiled Java code, j=interpreted, Vv=VM code)
j  org.contikios.cooja.corecomm.Lib10.setMemory(II[B)V+0
J 1514 C1 org.contikios.cooja.contikimote.ContikiMoteType.setCoreMemory(Lorg/contikios/cooja/mote/memory/SectionMoteMemory;)V (66 bytes) @ 0xb49aa248 [0xb49aa150+0xf8]
J 1994 C1 org.contikios.cooja.contikimote.ContikiMote.execute(J)V (99 bytes) @ 0xb4a7f556 [0xb4a7f400+0x156]
J 2008 C1 org.contikios.cooja.motes.AbstractWakeupMote$1.execute(J)V (9 bytes) @ 0xb4a84587 [0xb4a84550+0x37]
J 2364 C1 org.contikios.cooja.Simulation.run()V (432 bytes) @ 0xb4b09c43 [0xb4b098e0+0x363]
j  java.lang.Thread.run()V+11
v  ~StubRoutines::call_stub

---------------  P R O C E S S  ---------------

Java Threads: ( => current thread )
=>0x09b25c00 JavaThread "Thread-48" [_thread_in_native, id=6064, stack(0xb1fb3000,0xb2004000)]
  0xb415b400 JavaThread "Thread-47" [_thread_blocked, id=6054, stack(0xb23b5000,0xb2406000)]
  0xb415ac00 JavaThread "Thread-46" [_thread_blocked, id=6053, stack(0xb203c000,0xb208d000)]
  0xb415a000 JavaThread "Thread-45" [_thread_blocked, id=6006, stack(0xb25bb000,0xb260c000)]
  0xb4159400 JavaThread "Thread-44" [_thread_blocked, id=6005, stack(0xb24e1000,0xb2532000)]
  0xb414b400 JavaThread "Thread-40" [_thread_blocked, id=5945, stack(0xb1f62000,0xb1fb3000)]
  0xb4148400 JavaThread "Thread-38" [_thread_blocked, id=5897, stack(0xb208d000,0xb20de000)]
  0x09aef400 JavaThread "Thread-37" [_thread_blocked, id=5848, stack(0xb22c2000,0xb2313000)]
  0xb414ec00 JavaThread "Thread-35" [_thread_blocked, id=5837, stack(0xb265d000,0xb26ae000)]
  0x09b8f400 JavaThread "Thread-33" [_thread_blocked, id=5803, stack(0xb2220000,0xb2271000)]
  0x09b91400 JavaThread "Thread-31" [_thread_blocked, id=5792, stack(0xb2271000,0xb22c2000)]
  0x09b8dc00 JavaThread "Thread-30" [_thread_blocked, id=5754, stack(0xb2313000,0xb2364000)]
  0x09b8bc00 JavaThread "Thread-28" [_thread_blocked, id=5743, stack(0xb2364000,0xb23b5000)]
  0x099e1000 JavaThread "Thread-27" [_thread_blocked, id=5705, stack(0xb2406000,0xb2457000)]
  0x099e2400 JavaThread "Thread-25" [_thread_blocked, id=5694, stack(0xb2457000,0xb24a8000)]
  0x09bf7000 JavaThread "Thread-24" [_thread_blocked, id=5661, stack(0xb2857000,0xb28a8000)]
  0x09b24400 JavaThread "Thread-22" [_thread_blocked, id=5650, stack(0xb29d3000,0xb2a24000)]
  0x09bf5800 JavaThread "process reaper" daemon [_thread_blocked, id=5610, stack(0xb2a24000,0xb2a3d000)]
  0xb38b6000 JavaThread "Thread-18" [_thread_blocked, id=5594, stack(0xb2532000,0xb2583000)]
  0xb3834c00 JavaThread "Thread-16" [_thread_blocked, id=5546, stack(0xb260c000,0xb265d000)]
  0x098ec400 JavaThread "Thread-15" [_thread_blocked, id=5507, stack(0xb271f000,0xb2770000)]
  0xb38a7400 JavaThread "Thread-13" [_thread_blocked, id=5496, stack(0xb2931000,0xb2982000)]
  0x09b44800 JavaThread "Thread-9" [_thread_blocked, id=5442, stack(0xb2770000,0xb27c1000)]
  0x09b56c00 JavaThread "Thread-7" [_thread_blocked, id=5392, stack(0xb2ab0000,0xb2b01000)]
  0xb38a9000 JavaThread "Thread-3" [_thread_blocked, id=5331, stack(0xb28a8000,0xb28f9000)]
  0xb38a2c00 JavaThread "Thread-1" [_thread_blocked, id=5282, stack(0xb2982000,0xb29d3000)]
  0x099b9c00 JavaThread "TimerQueue" daemon [_thread_blocked, id=5242, stack(0xb31f8000,0xb3249000)]
  0xb6707800 JavaThread "DestroyJavaVM" [_thread_blocked, id=5227, stack(0xb68c7000,0xb6918000)]
  0xb3854400 JavaThread "AWT-EventQueue-0" [_thread_blocked, id=5241, stack(0xb3249000,0xb329a000)]
  0xb3874000 JavaThread "AWT-Shutdown" [_thread_blocked, id=5240, stack(0xb329a000,0xb32eb000)]
  0xb3849000 JavaThread "AWT-XAWT" daemon [_thread_in_native, id=5239, stack(0xb338b000,0xb33dc000)]
  0xb383a000 JavaThread "Java2D Disposer" daemon [_thread_blocked, id=5238, stack(0xb33ed000,0xb343e000)]
  0xb674cc00 JavaThread "Service Thread" daemon [_thread_blocked, id=5236, stack(0xb3d3b000,0xb3d8c000)]
  0xb674ac00 JavaThread "C1 CompilerThread0" daemon [_thread_blocked, id=5235, stack(0xb3d8c000,0xb3e0d000)]
  0xb6749000 JavaThread "Signal Dispatcher" daemon [_thread_blocked, id=5234, stack(0xb3e0d000,0xb3e5e000)]
  0xb6733400 JavaThread "Finalizer" daemon [_thread_blocked, id=5233, stack(0xb405e000,0xb40af000)]
  0xb6731c00 JavaThread "Reference Handler" daemon [_thread_blocked, id=5232, stack(0xb40af000,0xb4100000)]

Other Threads:
  0xb6730400 VMThread [stack: 0xb422c000,0xb42ad000] [id=5231]
  0xb674f000 WatcherThread [stack: 0xb3cba000,0xb3d3b000] [id=5237]

VM state:not at safepoint (normal execution)

VM Mutex/Monitor currently owned by a thread: None

Heap
 def new generation   total 4992K, used 4116K [0x6e800000, 0x6ed60000, 0x792a0000)
  eden space 4480K,  85% used [0x6e800000, 0x6ebbf528, 0x6ec60000)
  from space 512K,  54% used [0x6ec60000, 0x6eca5ce0, 0x6ece0000)
  to   space 512K,   0% used [0x6ece0000, 0x6ece0000, 0x6ed60000)
 tenured generation   total 10752K, used 7557K [0x792a0000, 0x79d20000, 0x8e800000)
   the space 10752K,  70% used [0x792a0000, 0x79a01730, 0x79a01800, 0x79d20000)
 compacting perm gen  total 12288K, used 6948K [0x8e800000, 0x8f400000, 0x92800000)
   the space 12288K,  56% used [0x8e800000, 0x8eec9350, 0x8eec9400, 0x8f400000)
    ro space 10240K,  59% used [0x92800000, 0x92dfe3d8, 0x92dfe400, 0x93200000)
    rw space 12288K,  59% used [0x93200000, 0x9391c2b0, 0x9391c400, 0x93e00000)

Card table byte_map: [0xb4554000,0xb4680000] byte_map_base: 0xb41e0000

Polling page: 0xb76ca000

Code Cache  [0xb4700000, 0xb4b78000, 0xb6700000)
 total_blobs=2906 nmethods=2596 adapters=243 free_code_cache=28209Kb largest_free_block=28885824

Compilation events (10 events):
Event: 321.443 Thread 0xb674ac00 2603             javax.swing.text.html.CSS::translateHTMLToCSS (300 bytes)
Event: 321.444 Thread 0xb674ac00 nmethod 2603 0xb4b71d08 code [0xb4b71fa0, 0xb4b72588]
Event: 321.444 Thread 0xb674ac00 2604             javax.swing.text.html.CSS::getHTMLTag (26 bytes)
Event: 321.444 Thread 0xb674ac00 nmethod 2604 0xb4b72c88 code [0xb4b72d90, 0xb4b72e8c]
Event: 321.449 Thread 0xb674ac00 2605   !         java.awt.Container::invalidateTree (80 bytes)
Event: 321.450 Thread 0xb674ac00 nmethod 2605 0xb4b72f08 code [0xb4b73080, 0xb4b73434]
Event: 321.505 Thread 0xb674ac00 2606             javax.swing.JEditorPane::getEditorKit (25 bytes)
Event: 321.506 Thread 0xb674ac00 nmethod 2606 0xb4b73788 code [0xb4b73890, 0xb4b7395c]
Event: 321.510 Thread 0xb674ac00 2607             javax.swing.text.CompositeView::<init> (30 bytes)
Event: 321.510 Thread 0xb674ac00 nmethod 2607 0xb4b739c8 code [0xb4b73ad0, 0xb4b73c50]

GC Heap History (10 events):
Event: 321.283 GC heap before
{Heap before GC invocations=1070 (full 10):
 def new generation   total 4992K, used 4497K [0x6e800000, 0x6ed60000, 0x792a0000)
  eden space 4480K, 100% used [0x6e800000, 0x6ec60000, 0x6ec60000)
  from space 512K,   3% used [0x6ece0000, 0x6ece4570, 0x6ed60000)
  to   space 512K,   0% used [0x6ec60000, 0x6ec60000, 0x6ece0000)
 tenured generation   total 10752K, used 6748K [0x792a0000, 0x79d20000, 0x8e800000)
   the space 10752K,  62% used [0x792a0000, 0x79937218, 0x79937400, 0x79d20000)
 compacting perm gen  total 12288K, used 6948K [0x8e800000, 0x8f400000, 0x92800000)
   the space 12288K,  56% used [0x8e800000, 0x8eec91f0, 0x8eec9200, 0x8f400000)
    ro space 10240K,  59% used [0x92800000, 0x92dfe3d8, 0x92dfe400, 0x93200000)
    rw space 12288K,  59% used [0x93200000, 0x9391c2b0, 0x9391c400, 0x93e00000)
Event: 321.284 GC heap after
Heap after GC invocations=1071 (full 10):
 def new generation   total 4992K, used 133K [0x6e800000, 0x6ed60000, 0x792a0000)
  eden space 4480K,   0% used [0x6e800000, 0x6e800000, 0x6ec60000)
  from space 512K,  26% used [0x6ec60000, 0x6ec81708, 0x6ece0000)
  to   space 512K,   0% used [0x6ece0000, 0x6ece0000, 0x6ed60000)
 tenured generation   total 10752K, used 6748K [0x792a0000, 0x79d20000, 0x8e800000)
   the space 10752K,  62% used [0x792a0000, 0x79937290, 0x79937400, 0x79d20000)
 compacting perm gen  total 12288K, used 6948K [0x8e800000, 0x8f400000, 0x92800000)
   the space 12288K,  56% used [0x8e800000, 0x8eec91f0, 0x8eec9200, 0x8f400000)
    ro space 10240K,  59% used [0x92800000, 0x92dfe3d8, 0x92dfe400, 0x93200000)
    rw space 12288K,  59% used [0x93200000, 0x9391c2b0, 0x9391c400, 0x93e00000)
}
Event: 321.334 GC heap before
{Heap before GC invocations=1071 (full 10):
 def new generation   total 4992K, used 4613K [0x6e800000, 0x6ed60000, 0x792a0000)
  eden space 4480K, 100% used [0x6e800000, 0x6ec60000, 0x6ec60000)
  from space 512K,  26% used [0x6ec60000, 0x6ec81708, 0x6ece0000)
  to   space 512K,   0% used [0x6ece0000, 0x6ece0000, 0x6ed60000)
 tenured generation   total 10752K, used 6748K [0x792a0000, 0x79d20000, 0x8e800000)
   the space 10752K,  62% used [0x792a0000, 0x79937290, 0x79937400, 0x79d20000)
 compacting perm gen  total 12288K, used 6948K [0x8e800000, 0x8f400000, 0x92800000)
   the space 12288K,  56% used [0x8e800000, 0x8eec9200, 0x8eec9200, 0x8f400000)
    ro space 10240K,  59% used [0x92800000, 0x92dfe3d8, 0x92dfe400, 0x93200000)
    rw space 12288K,  59% used [0x93200000, 0x9391c2b0, 0x9391c400, 0x93e00000)
Event: 321.336 GC heap after
Heap after GC invocations=1072 (full 10):
 def new generation   total 4992K, used 512K [0x6e800000, 0x6ed60000, 0x792a0000)
  eden space 4480K,   0% used [0x6e800000, 0x6e800000, 0x6ec60000)
  from space 512K, 100% used [0x6ece0000, 0x6ed60000, 0x6ed60000)
  to   space 512K,   0% used [0x6ec60000, 0x6ec60000, 0x6ece0000)
 tenured generation   total 10752K, used 6869K [0x792a0000, 0x79d20000, 0x8e800000)
   the space 10752K,  63% used [0x792a0000, 0x799556a8, 0x79955800, 0x79d20000)
 compacting perm gen  total 12288K, used 6948K [0x8e800000, 0x8f400000, 0x92800000)
   the space 12288K,  56% used [0x8e800000, 0x8eec9200, 0x8eec9200, 0x8f400000)
    ro space 10240K,  59% used [0x92800000, 0x92dfe3d8, 0x92dfe400, 0x93200000)
    rw space 12288K,  59% used [0x93200000, 0x9391c2b0, 0x9391c400, 0x93e00000)
}
Event: 321.392 GC heap before
{Heap before GC invocations=1072 (full 10):
 def new generation   total 4992K, used 4992K [0x6e800000, 0x6ed60000, 0x792a0000)
  eden space 4480K, 100% used [0x6e800000, 0x6ec60000, 0x6ec60000)
  from space 512K, 100% used [0x6ece0000, 0x6ed60000, 0x6ed60000)
  to   space 512K,   0% used [0x6ec60000, 0x6ec60000, 0x6ece0000)
 tenured generation   total 10752K, used 6869K [0x792a0000, 0x79d20000, 0x8e800000)
   the space 10752K,  63% used [0x792a0000, 0x799556a8, 0x79955800, 0x79d20000)
 compacting perm gen  total 12288K, used 6948K [0x8e800000, 0x8f400000, 0x92800000)
   the space 12288K,  56% used [0x8e800000, 0x8eec9200, 0x8eec9200, 0x8f400000)
    ro space 10240K,  59% used [0x92800000, 0x92dfe3d8, 0x92dfe400, 0x93200000)
    rw space 12288K,  59% used [0x93200000, 0x9391c2b0, 0x9391c400, 0x93e00000)
Event: 321.394 GC heap after
Heap after GC invocations=1073 (full 10):
 def new generation   total 4992K, used 242K [0x6e800000, 0x6ed60000, 0x792a0000)
  eden space 4480K,   0% used [0x6e800000, 0x6e800000, 0x6ec60000)
  from space 512K,  47% used [0x6ec60000, 0x6ec9cac0, 0x6ece0000)
  to   space 512K,   0% used [0x6ece0000, 0x6ece0000, 0x6ed60000)
 tenured generation   total 10752K, used 7359K [0x792a0000, 0x79d20000, 0x8e800000)
   the space 10752K,  68% used [0x792a0000, 0x799cff98, 0x799d0000, 0x79d20000)
 compacting perm gen  total 12288K, used 6948K [0x8e800000, 0x8f400000, 0x92800000)
   the space 12288K,  56% used [0x8e800000, 0x8eec9200, 0x8eec9200, 0x8f400000)
    ro space 10240K,  59% used [0x92800000, 0x92dfe3d8, 0x92dfe400, 0x93200000)
    rw space 12288K,  59% used [0x93200000, 0x9391c2b0, 0x9391c400, 0x93e00000)
}
Event: 321.467 GC heap before
{Heap before GC invocations=1073 (full 10):
 def new generation   total 4992K, used 4722K [0x6e800000, 0x6ed60000, 0x792a0000)
  eden space 4480K, 100% used [0x6e800000, 0x6ec60000, 0x6ec60000)
  from space 512K,  47% used [0x6ec60000, 0x6ec9cac0, 0x6ece0000)
  to   space 512K,   0% used [0x6ece0000, 0x6ece0000, 0x6ed60000)
 tenured generation   total 10752K, used 7359K [0x792a0000, 0x79d20000, 0x8e800000)
   the space 10752K,  68% used [0x792a0000, 0x799cff98, 0x799d0000, 0x79d20000)
 compacting perm gen  total 12288K, used 6948K [0x8e800000, 0x8f400000, 0x92800000)
   the space 12288K,  56% used [0x8e800000, 0x8eec9350, 0x8eec9400, 0x8f400000)
    ro space 10240K,  59% used [0x92800000, 0x92dfe3d8, 0x92dfe400, 0x93200000)
    rw space 12288K,  59% used [0x93200000, 0x9391c2b0, 0x9391c400, 0x93e00000)
Event: 321.468 GC heap after
Heap after GC invocations=1074 (full 10):
 def new generation   total 4992K, used 350K [0x6e800000, 0x6ed60000, 0x792a0000)
  eden space 4480K,   0% used [0x6e800000, 0x6e800000, 0x6ec60000)
  from space 512K,  68% used [0x6ece0000, 0x6ed37a38, 0x6ed60000)
  to   space 512K,   0% used [0x6ec60000, 0x6ec60000, 0x6ece0000)
 tenured generation   total 10752K, used 7359K [0x792a0000, 0x79d20000, 0x8e800000)
   the space 10752K,  68% used [0x792a0000, 0x799cff98, 0x799d0000, 0x79d20000)
 compacting perm gen  total 12288K, used 6948K [0x8e800000, 0x8f400000, 0x92800000)
   the space 12288K,  56% used [0x8e800000, 0x8eec9350, 0x8eec9400, 0x8f400000)
    ro space 10240K,  59% used [0x92800000, 0x92dfe3d8, 0x92dfe400, 0x93200000)
    rw space 12288K,  59% used [0x93200000, 0x9391c2b0, 0x9391c400, 0x93e00000)
}
Event: 321.546 GC heap before
{Heap before GC invocations=1074 (full 10):
 def new generation   total 4992K, used 4830K [0x6e800000, 0x6ed60000, 0x792a0000)
  eden space 4480K, 100% used [0x6e800000, 0x6ec60000, 0x6ec60000)
  from space 512K,  68% used [0x6ece0000, 0x6ed37a38, 0x6ed60000)
  to   space 512K,   0% used [0x6ec60000, 0x6ec60000, 0x6ece0000)
 tenured generation   total 10752K, used 7359K [0x792a0000, 0x79d20000, 0x8e800000)
   the space 10752K,  68% used [0x792a0000, 0x799cff98, 0x799d0000, 0x79d20000)
 compacting perm gen  total 12288K, used 6948K [0x8e800000, 0x8f400000, 0x92800000)
   the space 12288K,  56% used [0x8e800000, 0x8eec9350, 0x8eec9400, 0x8f400000)
    ro space 10240K,  59% used [0x92800000, 0x92dfe3d8, 0x92dfe400, 0x93200000)
    rw space 12288K,  59% used [0x93200000, 0x9391c2b0, 0x9391c400, 0x93e00000)
Event: 321.547 GC heap after
Heap after GC invocations=1075 (full 10):
 def new generation   total 4992K, used 279K [0x6e800000, 0x6ed60000, 0x792a0000)
  eden space 4480K,   0% used [0x6e800000, 0x6e800000, 0x6ec60000)
  from space 512K,  54% used [0x6ec60000, 0x6eca5ce0, 0x6ece0000)
  to   space 512K,   0% used [0x6ece0000, 0x6ece0000, 0x6ed60000)
 tenured generation   total 10752K, used 7557K [0x792a0000, 0x79d20000, 0x8e800000)
   the space 10752K,  70% used [0x792a0000, 0x79a01730, 0x79a01800, 0x79d20000)
 compacting perm gen  total 12288K, used 6948K [0x8e800000, 0x8f400000, 0x92800000)
   the space 12288K,  56% used [0x8e800000, 0x8eec9350, 0x8eec9400, 0x8f400000)
    ro space 10240K,  59% used [0x92800000, 0x92dfe3d8, 0x92dfe400, 0x93200000)
    rw space 12288K,  59% used [0x93200000, 0x9391c2b0, 0x9391c400, 0x93e00000)
}

Deoptimization events (0 events):
No events

Internal exceptions (10 events):
Event: 243.111 Thread 0xb3854400 Threw 0x6ec35c80 at /build/openjdk-7-Ylwexc/openjdk-7-7u111-2.6.7/build/openjdk/hotspot/src/share/vm/prims/jni.cpp:747
Event: 249.383 Thread 0xb3854400 Threw 0x6e972010 at /build/openjdk-7-Ylwexc/openjdk-7-7u111-2.6.7/build/openjdk/hotspot/src/share/vm/prims/jni.cpp:747
Event: 252.959 Thread 0x09b25c00 Threw 0x6eb16d28 at /build/openjdk-7-Ylwexc/openjdk-7-7u111-2.6.7/build/openjdk/hotspot/src/share/vm/prims/jvm.cpp:3808
Event: 252.959 Thread 0x09b25c00 Threw 0x6eb16d28 at /build/openjdk-7-Ylwexc/openjdk-7-7u111-2.6.7/build/openjdk/hotspot/src/share/vm/prims/jni.cpp:721
Event: 252.959 Thread 0x09b25c00 Threw 0x6eb16e40 at /build/openjdk-7-Ylwexc/openjdk-7-7u111-2.6.7/build/openjdk/hotspot/src/share/vm/runtime/reflection.cpp:1030
Event: 253.059 Thread 0xb3854400 Threw 0x6ec46a50 at /build/openjdk-7-Ylwexc/openjdk-7-7u111-2.6.7/build/openjdk/hotspot/src/share/vm/prims/jni.cpp:747
Event: 270.274 Thread 0x09b25c00 Threw 0x6ebdddf8 at /build/openjdk-7-Ylwexc/openjdk-7-7u111-2.6.7/build/openjdk/hotspot/src/share/vm/prims/jvm.cpp:1322
Event: 312.150 Thread 0xb3854400 Threw 0x6e80ae18 at /build/openjdk-7-Ylwexc/openjdk-7-7u111-2.6.7/build/openjdk/hotspot/src/share/vm/prims/jni.cpp:747
Event: 316.563 Thread 0x09b25c00 Threw 0x6e9ee438 at /build/openjdk-7-Ylwexc/openjdk-7-7u111-2.6.7/build/openjdk/hotspot/src/share/vm/prims/jvm.cpp:1322
Event: 320.872 Thread 0x09b25c00 Threw 0x6eb40410 at /build/openjdk-7-Ylwexc/openjdk-7-7u111-2.6.7/build/openjdk/hotspot/src/share/vm/prims/jvm.cpp:1322

Events (10 events):
Event: 321.582 Executing VM operation: RevokeBias
Event: 321.582 Executing VM operation: RevokeBias done
Event: 321.582 Executing VM operation: RevokeBias
Event: 321.582 Executing VM operation: RevokeBias done
Event: 321.582 Executing VM operation: BulkRevokeBias
Event: 321.582 Executing VM operation: BulkRevokeBias done
Event: 321.598 Thread 0x09b25c00 Thread exited: 0x09b25c00
Event: 321.656 Executing VM operation: RevokeBias
Event: 321.656 Executing VM operation: RevokeBias done
Event: 323.714 Thread 0x09b25c00 Thread added: 0x09b25c00


Dynamic libraries:
08048000-08049000 r-xp 00000000 08:01 277188     /usr/lib/jvm/java-7-openjdk-i386/jre/bin/java
08049000-0804a000 r--p 00000000 08:01 277188     /usr/lib/jvm/java-7-openjdk-i386/jre/bin/java
0804a000-0804b000 rw-p 00001000 08:01 277188     /usr/lib/jvm/java-7-openjdk-i386/jre/bin/java
098bc000-09d72000 rw-p 00000000 00:00 0          [heap]
6e800000-6ed60000 rw-p 00000000 00:00 0 
6ed60000-792a0000 rw-p 00000000 00:00 0 
792a0000-79d20000 rw-p 00000000 00:00 0 
79d20000-8e800000 rw-p 00000000 00:00 0 
8e800000-8f400000 rw-p 00000000 00:00 0 
8f400000-92800000 rw-p 00000000 00:00 0 
92800000-92dff000 r--p 00001000 08:01 199405     /usr/lib/jvm/java-7-openjdk-i386/jre/lib/i386/client/classes.jsa
92dff000-93200000 rw-p 00000000 00:00 0 
93200000-9391d000 rw-p 00600000 08:01 199405     /usr/lib/jvm/java-7-openjdk-i386/jre/lib/i386/client/classes.jsa
9391d000-93e00000 rw-p 00000000 00:00 0 
93e00000-94114000 rw-p 00d1d000 08:01 199405     /usr/lib/jvm/java-7-openjdk-i386/jre/lib/i386/client/classes.jsa
94114000-94200000 rw-p 00000000 00:00 0 
94200000-94209000 r-xp 01031000 08:01 199405     /usr/lib/jvm/java-7-openjdk-i386/jre/lib/i386/client/classes.jsa
94209000-94600000 rw-p 00000000 00:00 0 
b1e67000-b1e96000 r-xp 00000000 00:1e 3695440    /home/user/Desktop/nfs/examples/ipv6/rpl-udp/obj_cooja/mtype776.cooja
b1e96000-b1e97000 r--p 0002e000 00:1e 3695440    /home/user/Desktop/nfs/examples/ipv6/rpl-udp/obj_cooja/mtype776.cooja
b1e97000-b1e98000 rw-p 0002f000 00:1e 3695440    /home/user/Desktop/nfs/examples/ipv6/rpl-udp/obj_cooja/mtype776.cooja
b1e98000-b1ea0000 rw-p 00000000 00:00 0 
b1ea0000-b1ea3000 ---p 00000000 00:00 0 
b1ea3000-b1ef1000 rw-p 00000000 00:00 0 
b1ef1000-b1f1f000 r-xp 00000000 00:1e 3695198    /home/user/Desktop/nfs/examples/ipv6/rpl-udp/obj_cooja/mtype995.cooja
b1f1f000-b1f20000 r--p 0002d000 00:1e 3695198    /home/user/Desktop/nfs/examples/ipv6/rpl-udp/obj_cooja/mtype995.cooja
b1f20000-b1f21000 rw-p 0002e000 00:1e 3695198    /home/user/Desktop/nfs/examples/ipv6/rpl-udp/obj_cooja/mtype995.cooja
b1f21000-b1f29000 rw-p 00000000 00:00 0 
b1f29000-b1f58000 r-xp 00000000 00:1e 3683711    /home/user/Desktop/nfs/examples/ipv6/rpl-udp/obj_cooja/mtype209.cooja
b1f58000-b1f59000 r--p 0002e000 00:1e 3683711    /home/user/Desktop/nfs/examples/ipv6/rpl-udp/obj_cooja/mtype209.cooja
b1f59000-b1f5a000 rw-p 0002f000 00:1e 3683711    /home/user/Desktop/nfs/examples/ipv6/rpl-udp/obj_cooja/mtype209.cooja
b1f5a000-b1f62000 rw-p 00000000 00:00 0 
b1f62000-b1f65000 ---p 00000000 00:00 0 
b1f65000-b1fb3000 rw-p 00000000 00:00 0          [stack:5945]
b1fb3000-b1fb6000 ---p 00000000 00:00 0 
b1fb6000-b2004000 rw-p 00000000 00:00 0          [stack:6064]
b2004000-b2032000 r-xp 00000000 00:1e 3683577    /home/user/Desktop/nfs/examples/ipv6/rpl-udp/obj_cooja/mtype671.cooja
b2032000-b2033000 r--p 0002d000 00:1e 3683577    /home/user/Desktop/nfs/examples/ipv6/rpl-udp/obj_cooja/mtype671.cooja
b2033000-b2034000 rw-p 0002e000 00:1e 3683577    /home/user/Desktop/nfs/examples/ipv6/rpl-udp/obj_cooja/mtype671.cooja
b2034000-b203c000 rw-p 00000000 00:00 0 
b203c000-b203f000 ---p 00000000 00:00 0 
b203f000-b208d000 rw-p 00000000 00:00 0          [stack:6053]
b208d000-b2090000 ---p 00000000 00:00 0 
b2090000-b20de000 rw-p 00000000 00:00 0          [stack:5897]
b20de000-b2220000 rw-s 00000000 00:04 94044181   /SYSV00000000 (deleted)
b2220000-b2223000 ---p 00000000 00:00 0 
b2223000-b2271000 rw-p 00000000 00:00 0          [stack:5803]
b2271000-b2274000 ---p 00000000 00:00 0 
b2274000-b22c2000 rw-p 00000000 00:00 0          [stack:5792]
b22c2000-b22c5000 ---p 00000000 00:00 0 
b22c5000-b2313000 rw-p 00000000 00:00 0          [stack:5848]
b2313000-b2316000 ---p 00000000 00:00 0 
b2316000-b2364000 rw-p 00000000 00:00 0          [stack:5754]
b2364000-b2367000 ---p 00000000 00:00 0 
b2367000-b23b5000 rw-p 00000000 00:00 0          [stack:5743]
b23b5000-b23b8000 ---p 00000000 00:00 0 
b23b8000-b2406000 rw-p 00000000 00:00 0          [stack:6054]
b2406000-b2409000 ---p 00000000 00:00 0 
b2409000-b2457000 rw-p 00000000 00:00 0          [stack:5705]
b2457000-b245a000 ---p 00000000 00:00 0 
b245a000-b24a8000 rw-p 00000000 00:00 0          [stack:5694]
b24a8000-b24d7000 r-xp 00000000 00:1e 3682703    /home/user/Desktop/nfs/examples/ipv6/rpl-udp/obj_cooja/mtype666.cooja
b24d7000-b24d8000 r--p 0002e000 00:1e 3682703    /home/user/Desktop/nfs/examples/ipv6/rpl-udp/obj_cooja/mtype666.cooja
b24d8000-b24d9000 rw-p 0002f000 00:1e 3682703    /home/user/Desktop/nfs/examples/ipv6/rpl-udp/obj_cooja/mtype666.cooja
b24d9000-b24e1000 rw-p 00000000 00:00 0 
b24e1000-b24e4000 ---p 00000000 00:00 0 
b24e4000-b2532000 rw-p 00000000 00:00 0          [stack:6005]
b2532000-b2535000 ---p 00000000 00:00 0 
b2535000-b2583000 rw-p 00000000 00:00 0          [stack:5594]
b2583000-b25b1000 r-xp 00000000 00:1e 3682690    /home/user/Desktop/nfs/examples/ipv6/rpl-udp/obj_cooja/mtype503.cooja
b25b1000-b25b2000 r--p 0002d000 00:1e 3682690    /home/user/Desktop/nfs/examples/ipv6/rpl-udp/obj_cooja/mtype503.cooja
b25b2000-b25b3000 rw-p 0002e000 00:1e 3682690    /home/user/Desktop/nfs/examples/ipv6/rpl-udp/obj_cooja/mtype503.cooja
b25b3000-b25bb000 rw-p 00000000 00:00 0 
b25bb000-b25be000 ---p 00000000 00:00 0 
b25be000-b260c000 rw-p 00000000 00:00 0          [stack:6006]
b260c000-b260f000 ---p 00000000 00:00 0 
b260f000-b265d000 rw-p 00000000 00:00 0          [stack:5546]
b265d000-b2660000 ---p 00000000 00:00 0 
b2660000-b26ae000 rw-p 00000000 00:00 0          [stack:5837]
b26ae000-b26dc000 r-xp 00000000 00:1e 3682683    /home/user/Desktop/nfs/examples/ipv6/rpl-udp/obj_cooja/mtype157.cooja
b26dc000-b26dd000 r--p 0002d000 00:1e 3682683    /home/user/Desktop/nfs/examples/ipv6/rpl-udp/obj_cooja/mtype157.cooja
b26dd000-b26de000 rw-p 0002e000 00:1e 3682683    /home/user/Desktop/nfs/examples/ipv6/rpl-udp/obj_cooja/mtype157.cooja
b26de000-b26e6000 rw-p 00000000 00:00 0 
b26e6000-b2715000 r-xp 00000000 00:1e 3682606    /home/user/Desktop/nfs/examples/ipv6/rpl-udp/obj_cooja/mtype231.cooja
b2715000-b2716000 r--p 0002e000 00:1e 3682606    /home/user/Desktop/nfs/examples/ipv6/rpl-udp/obj_cooja/mtype231.cooja
b2716000-b2717000 rw-p 0002f000 00:1e 3682606    /home/user/Desktop/nfs/examples/ipv6/rpl-udp/obj_cooja/mtype231.cooja
b2717000-b271f000 rw-p 00000000 00:00 0 
b271f000-b2722000 ---p 00000000 00:00 0 
b2722000-b2770000 rw-p 00000000 00:00 0          [stack:5507]
b2770000-b2773000 ---p 00000000 00:00 0 
b2773000-b27c1000 rw-p 00000000 00:00 0          [stack:5442]
b27c1000-b27ef000 r-xp 00000000 00:1e 3682340    /home/user/Desktop/nfs/examples/ipv6/rpl-udp/obj_cooja/mtype631.cooja
b27ef000-b27f0000 r--p 0002d000 00:1e 3682340    /home/user/Desktop/nfs/examples/ipv6/rpl-udp/obj_cooja/mtype631.cooja
b27f0000-b27f1000 rw-p 0002e000 00:1e 3682340    /home/user/Desktop/nfs/examples/ipv6/rpl-udp/obj_cooja/mtype631.cooja
b27f1000-b27f9000 rw-p 00000000 00:00 0 
b27f9000-b281e000 rw-s 00000000 00:04 94994454   /SYSV00000000 (deleted)
b281e000-b284d000 r-xp 00000000 00:1e 3682299    /home/user/Desktop/nfs/examples/ipv6/rpl-udp/obj_cooja/mtype328.cooja
b284d000-b284e000 r--p 0002e000 00:1e 3682299    /home/user/Desktop/nfs/examples/ipv6/rpl-udp/obj_cooja/mtype328.cooja
b284e000-b284f000 rw-p 0002f000 00:1e 3682299    /home/user/Desktop/nfs/examples/ipv6/rpl-udp/obj_cooja/mtype328.cooja
b284f000-b2857000 rw-p 00000000 00:00 0 
b2857000-b285a000 ---p 00000000 00:00 0 
b285a000-b28a8000 rw-p 00000000 00:00 0          [stack:5661]
b28a8000-b28ab000 ---p 00000000 00:00 0 
b28ab000-b28f9000 rw-p 00000000 00:00 0          [stack:5331]
b28f9000-b2927000 r-xp 00000000 00:1e 3682122    /home/user/Desktop/nfs/examples/ipv6/rpl-udp/obj_cooja/mtype587.cooja
b2927000-b2928000 r--p 0002d000 00:1e 3682122    /home/user/Desktop/nfs/examples/ipv6/rpl-udp/obj_cooja/mtype587.cooja
b2928000-b2929000 rw-p 0002e000 00:1e 3682122    /home/user/Desktop/nfs/examples/ipv6/rpl-udp/obj_cooja/mtype587.cooja
b2929000-b2931000 rw-p 00000000 00:00 0 
b2931000-b2934000 ---p 00000000 00:00 0 
b2934000-b2982000 rw-p 00000000 00:00 0          [stack:5496]
b2982000-b2985000 ---p 00000000 00:00 0 
b2985000-b29d3000 rw-p 00000000 00:00 0          [stack:5282]
b29d3000-b29d6000 ---p 00000000 00:00 0 
b29d6000-b2a24000 rw-p 00000000 00:00 0          [stack:5650]
b2a24000-b2a27000 ---p 00000000 00:00 0 
b2a27000-b2a3d000 rw-p 00000000 00:00 0          [stack:5610]
b2aa0000-b2ab0000 rw-s 00000000 00:04 58556435   /SYSV00000000 (deleted)
b2ab0000-b2ab3000 ---p 00000000 00:00 0 
b2ab3000-b2b01000 rw-p 00000000 00:00 0          [stack:5392]
b2b09000-b2b0b000 rw-p 00000000 00:00 0 
b2b0b000-b31a0000 rw-s 00000000 00:04 56492047   /SYSV00000000 (deleted)
b31a0000-b31a2000 r--s 00003000 00:1e 6161210    /home/user/Desktop/nfs/tools/cooja/apps/powertracker/lib/powertracker.jar
b31a2000-b31a3000 r--s 00002000 00:1e 3705454    /home/user/Desktop/nfs/tools/cooja/apps/collect-view/cooja-collect-view.jar
b31a3000-b31a5000 r--s 00008000 00:1e 10104686   /home/user/Desktop/nfs/tools/cooja/apps/serial_socket/lib/serial_socket.jar
b31a5000-b31df000 r--s 001e1000 00:1e 9048202    /home/user/Desktop/nfs/tools/cooja/apps/avrora/lib/avrora-small.jar
b31df000-b31e0000 r--s 00008000 00:1e 9048113    /home/user/Desktop/nfs/tools/cooja/apps/avrora/lib/cooja_avrora.jar
b31e0000-b31e2000 r--s 00010000 00:1e 6161792    /home/user/Desktop/nfs/tools/cooja/apps/mspsim/lib/jipv6.jar
b31e2000-b31e3000 r--s 00004000 00:1e 6162693    /home/user/Desktop/nfs/tools/cooja/apps/mspsim/lib/coffee.jar
b31e3000-b31ef000 r--s 000ea000 00:1e 6161280    /home/user/Desktop/nfs/tools/cooja/apps/mspsim/lib/mspsim.jar
b31ef000-b31f5000 r--s 00062000 00:1e 6163184    /home/user/Desktop/nfs/tools/cooja/apps/mspsim/lib/cooja_mspsim.jar
b31f5000-b31f8000 r--s 0001e000 00:1e 6161370    /home/user/Desktop/nfs/tools/cooja/apps/mrm/lib/mrm.jar
b31f8000-b31fb000 ---p 00000000 00:00 0 
b31fb000-b3249000 rw-p 00000000 00:00 0          [stack:5242]
b3249000-b324c000 ---p 00000000 00:00 0 
b324c000-b329a000 rw-p 00000000 00:00 0          [stack:5241]
b329a000-b329d000 ---p 00000000 00:00 0 
b329d000-b32eb000 rw-p 00000000 00:00 0          [stack:5240]
b32eb000-b32ec000 r--s 00000000 08:01 403951     /var/cache/fontconfig/c05880de57d1f5e948fdfacc138775d9-le32d4.cache-4
b32ec000-b32f4000 r--s 00000000 08:01 395165     /var/cache/fontconfig/945677eb7aeaf62f1d50efc3fb3ec7d8-le32d4.cache-4
b32f4000-b32f6000 r--s 00000000 08:01 403828     /var/cache/fontconfig/99e8ed0e538f840c565b6ed5dad60d56-le32d4.cache-4
b32f6000-b32fa000 r--s 00000000 08:01 403701     /var/cache/fontconfig/2cd17615ca594fa2959ae173292e504c-le32d4.cache-4
b32fa000-b32fb000 r--s 00000000 08:01 403278     /var/cache/fontconfig/e7071f4a29fa870f4323321c154eba04-le32d4.cache-4
b32fb000-b32fc000 r--s 00000000 08:01 402342     /var/cache/fontconfig/0d8c3b2ac0904cb8a57a757ad11a4a08-le32d4.cache-4
b32fc000-b3301000 r--s 00000000 08:01 402341     /var/cache/fontconfig/a755afe4a08bf5b97852ceb7400b47bc-le32d4.cache-4
b3301000-b330a000 r--s 00000000 08:01 401848     /var/cache/fontconfig/6d41288fd70b0be22e8c3a91e032eec0-le32d4.cache-4
b330a000-b3319000 r--s 00000000 08:01 401847     /var/cache/fontconfig/04aabc0a78ac019cf9454389977116d2-le32d4.cache-4
b3319000-b331a000 r--s 00000000 08:01 401846     /var/cache/fontconfig/1ac9eb803944fde146138c791f5cc56a-le32d4.cache-4
b331a000-b331d000 r--s 00000000 08:01 401845     /var/cache/fontconfig/385c0604a188198f04d133e54aba7fe7-le32d4.cache-4
b331d000-b331f000 r--s 00000000 08:01 393795     /var/cache/fontconfig/767a8244fc0220cfb567a839d0392e0b-le32d4.cache-4
b331f000-b3323000 r--s 00000000 08:01 401841     /var/cache/fontconfig/8801497958630a81b71ace7c5f9b32a8-le32d4.cache-4
b3323000-b3328000 r--s 00000000 08:01 401840     /var/cache/fontconfig/3047814df9a2f067bd2d96a2b9c36e5a-le32d4.cache-4
b3328000-b3338000 r--s 00000000 08:01 401836     /var/cache/fontconfig/d52a8644073d54c13679302ca1180695-le32d4.cache-4
b3338000-b3388000 r-xp 00000000 08:01 177825     /usr/lib/jvm/java-7-openjdk-i386/jre/lib/i386/libfontmanager.so
b3388000-b338a000 r--p 0004f000 08:01 177825     /usr/lib/jvm/java-7-openjdk-i386/jre/lib/i386/libfontmanager.so
b338a000-b338b000 rw-p 00051000 08:01 177825     /usr/lib/jvm/java-7-openjdk-i386/jre/lib/i386/libfontmanager.so
b338b000-b338e000 ---p 00000000 00:00 0 
b338e000-b33dc000 rw-p 00000000 00:00 0          [stack:5239]
b33dc000-b33e0000 r-xp 00000000 08:01 7640       /usr/lib/i386-linux-gnu/libXfixes.so.3.1.0
b33e0000-b33e1000 r--p 00003000 08:01 7640       /usr/lib/i386-linux-gnu/libXfixes.so.3.1.0
b33e1000-b33e2000 rw-p 00004000 08:01 7640       /usr/lib/i386-linux-gnu/libXfixes.so.3.1.0
b33e2000-b33eb000 r-xp 00000000 08:01 9790       /usr/lib/i386-linux-gnu/libXcursor.so.1.0.2
b33eb000-b33ec000 r--p 00008000 08:01 9790       /usr/lib/i386-linux-gnu/libXcursor.so.1.0.2
b33ec000-b33ed000 rw-p 00009000 08:01 9790       /usr/lib/i386-linux-gnu/libXcursor.so.1.0.2
b33ed000-b33f0000 ---p 00000000 00:00 0 
b33f0000-b343e000 rw-p 00000000 00:00 0          [stack:5238]
b343e000-b3464000 r-xp 00000000 08:01 142122     /lib/i386-linux-gnu/libpng12.so.0.50.0
b3464000-b3465000 r--p 00025000 08:01 142122     /lib/i386-linux-gnu/libpng12.so.0.50.0
b3465000-b3466000 rw-p 00026000 08:01 142122     /lib/i386-linux-gnu/libpng12.so.0.50.0
b3466000-b346b000 r-xp 00000000 08:01 5406       /usr/lib/i386-linux-gnu/libXdmcp.so.6.0.0
b346b000-b346c000 r--p 00004000 08:01 5406       /usr/lib/i386-linux-gnu/libXdmcp.so.6.0.0
b346c000-b346d000 rw-p 00005000 08:01 5406       /usr/lib/i386-linux-gnu/libXdmcp.so.6.0.0
b346d000-b346f000 r-xp 00000000 08:01 5352       /usr/lib/i386-linux-gnu/libXau.so.6.0.0
b346f000-b3470000 r--p 00001000 08:01 5352       /usr/lib/i386-linux-gnu/libXau.so.6.0.0
b3470000-b3471000 rw-p 00002000 08:01 5352       /usr/lib/i386-linux-gnu/libXau.so.6.0.0
b3471000-b3496000 r-xp 00000000 08:01 131117     /lib/i386-linux-gnu/libexpat.so.1.6.0
b3496000-b3497000 ---p 00025000 08:01 131117     /lib/i386-linux-gnu/libexpat.so.1.6.0
b3497000-b3499000 r--p 00025000 08:01 131117     /lib/i386-linux-gnu/libexpat.so.1.6.0
b3499000-b349a000 rw-p 00027000 08:01 131117     /lib/i386-linux-gnu/libexpat.so.1.6.0
b349a000-b3535000 r-xp 00000000 08:01 9145       /usr/lib/i386-linux-gnu/libfreetype.so.6.11.1
b3535000-b3539000 r--p 0009a000 08:01 9145       /usr/lib/i386-linux-gnu/libfreetype.so.6.11.1
b3539000-b353a000 rw-p 0009e000 08:01 9145       /usr/lib/i386-linux-gnu/libfreetype.so.6.11.1
b353a000-b355a000 r-xp 00000000 08:01 66655      /usr/lib/i386-linux-gnu/libxcb.so.1.1.0
b355a000-b355b000 r--p 0001f000 08:01 66655      /usr/lib/i386-linux-gnu/libxcb.so.1.1.0
b355b000-b355c000 rw-p 00020000 08:01 66655      /usr/lib/i386-linux-gnu/libxcb.so.1.1.0
b355c000-b3595000 r-xp 00000000 08:01 9181       /usr/lib/i386-linux-gnu/libfontconfig.so.1.8.0
b3595000-b3596000 r--p 00039000 08:01 9181       /usr/lib/i386-linux-gnu/libfontconfig.so.1.8.0
b3596000-b3597000 rw-p 0003a000 08:01 9181       /usr/lib/i386-linux-gnu/libfontconfig.so.1.8.0
b3597000-b35a5000 r-xp 00000000 08:01 7577       /usr/lib/i386-linux-gnu/libXi.so.6.1.0
b35a5000-b35a6000 r--p 0000e000 08:01 7577       /usr/lib/i386-linux-gnu/libXi.so.6.1.0
b35a6000-b35a7000 rw-p 0000f000 08:01 7577       /usr/lib/i386-linux-gnu/libXi.so.6.1.0
b35a7000-b35ac000 r-xp 00000000 08:01 10292      /usr/lib/i386-linux-gnu/libXtst.so.6.1.0
b35ac000-b35ad000 r--p 00004000 08:01 10292      /usr/lib/i386-linux-gnu/libXtst.so.6.1.0
b35ad000-b35ae000 rw-p 00005000 08:01 10292      /usr/lib/i386-linux-gnu/libXtst.so.6.1.0
b35ae000-b35b0000 r-xp 00000000 08:01 3489       /usr/lib/i386-linux-gnu/libXcomposite.so.1.0.0
b35b0000-b35b1000 r--p 00001000 08:01 3489       /usr/lib/i386-linux-gnu/libXcomposite.so.1.0.0
b35b1000-b35b2000 rw-p 00002000 08:01 3489       /usr/lib/i386-linux-gnu/libXcomposite.so.1.0.0
b35b2000-b36e2000 r-xp 00000000 08:01 10842      /usr/lib/i386-linux-gnu/libX11.so.6.3.0
b36e2000-b36e3000 r--p 00130000 08:01 10842      /usr/lib/i386-linux-gnu/libX11.so.6.3.0
b36e3000-b36e5000 rw-p 00131000 08:01 10842      /usr/lib/i386-linux-gnu/libX11.so.6.3.0
b36e5000-b36e6000 rw-p 00000000 00:00 0 
b36e6000-b36f7000 r-xp 00000000 08:01 6183       /usr/lib/i386-linux-gnu/libXext.so.6.4.0
b36f7000-b36f8000 r--p 00010000 08:01 6183       /usr/lib/i386-linux-gnu/libXext.so.6.4.0
b36f8000-b36f9000 rw-p 00011000 08:01 6183       /usr/lib/i386-linux-gnu/libXext.so.6.4.0
b36f9000-b3741000 r-xp 00000000 08:01 136659     /usr/lib/jvm/java-7-openjdk-i386/jre/lib/i386/xawt/libmawt.so
b3741000-b3742000 r--p 00048000 08:01 136659     /usr/lib/jvm/java-7-openjdk-i386/jre/lib/i386/xawt/libmawt.so
b3742000-b3744000 rw-p 00049000 08:01 136659     /usr/lib/jvm/java-7-openjdk-i386/jre/lib/i386/xawt/libmawt.so
b3744000-b3745000 rw-p 00000000 00:00 0 
b3745000-b37d4000 r-xp 00000000 08:01 177836     /usr/lib/jvm/java-7-openjdk-i386/jre/lib/i386/libawt.so
b37d4000-b37d5000 r--p 0008f000 08:01 177836     /usr/lib/jvm/java-7-openjdk-i386/jre/lib/i386/libawt.so
b37d5000-b37dc000 rw-p 00090000 08:01 177836     /usr/lib/jvm/java-7-openjdk-i386/jre/lib/i386/libawt.so
b37dc000-b3800000 rw-p 00000000 00:00 0 
b3800000-b38c4000 rw-p 00000000 00:00 0 
b38c4000-b3900000 ---p 00000000 00:00 0 
b3900000-b3901000 r--s 00000000 08:01 401843     /var/cache/fontconfig/dc05db6664285cc2f12bf69c139ae4c3-le32d4.cache-4
b3901000-b3902000 r--s 00000000 08:01 401842     /var/cache/fontconfig/4794a0821666d79190d59a36cb4f44b5-le32d4.cache-4
b3902000-b390b000 r-xp 00000000 08:01 6199       /usr/lib/i386-linux-gnu/libXrender.so.1.3.0
b390b000-b390c000 r--p 00008000 08:01 6199       /usr/lib/i386-linux-gnu/libXrender.so.1.3.0
b390c000-b390d000 rw-p 00009000 08:01 6199       /usr/lib/i386-linux-gnu/libXrender.so.1.3.0
b390d000-b3949000 r-xp 00000000 08:01 132344     /lib/i386-linux-gnu/libpcre.so.3.13.1
b3949000-b394a000 r--p 0003b000 08:01 132344     /lib/i386-linux-gnu/libpcre.so.3.13.1
b394a000-b394b000 rw-p 0003c000 08:01 132344     /lib/i386-linux-gnu/libpcre.so.3.13.1
b394b000-b3950000 r-xp 00000000 08:01 9076       /usr/lib/i386-linux-gnu/libffi.so.6.0.1
b3950000-b3951000 r--p 00005000 08:01 9076       /usr/lib/i386-linux-gnu/libffi.so.6.0.1
b3951000-b3952000 rw-p 00006000 08:01 9076       /usr/lib/i386-linux-gnu/libffi.so.6.0.1
b3952000-b3965000 r-xp 00000000 08:01 158559     /lib/i386-linux-gnu/libresolv-2.19.so
b3965000-b3966000 ---p 00013000 08:01 158559     /lib/i386-linux-gnu/libresolv-2.19.so
b3966000-b3967000 r--p 00013000 08:01 158559     /lib/i386-linux-gnu/libresolv-2.19.so
b3967000-b3968000 rw-p 00014000 08:01 158559     /lib/i386-linux-gnu/libresolv-2.19.so
b3968000-b396a000 rw-p 00000000 00:00 0 
b396a000-b398a000 r-xp 00000000 08:01 131406     /lib/i386-linux-gnu/libselinux.so.1
b398a000-b398b000 r--p 0001f000 08:01 131406     /lib/i386-linux-gnu/libselinux.so.1
b398b000-b398c000 rw-p 00020000 08:01 131406     /lib/i386-linux-gnu/libselinux.so.1
b398c000-b398d000 rw-p 00000000 00:00 0 
b398d000-b3a97000 r-xp 00000000 08:01 136564     /lib/i386-linux-gnu/libglib-2.0.so.0.4002.0
b3a97000-b3a98000 r--p 00109000 08:01 136564     /lib/i386-linux-gnu/libglib-2.0.so.0.4002.0
b3a98000-b3a99000 rw-p 0010a000 08:01 136564     /lib/i386-linux-gnu/libglib-2.0.so.0.4002.0
b3a99000-b3ae9000 r-xp 00000000 08:01 1672       /usr/lib/i386-linux-gnu/libgobject-2.0.so.0.4002.0
b3ae9000-b3aea000 r--p 0004f000 08:01 1672       /usr/lib/i386-linux-gnu/libgobject-2.0.so.0.4002.0
b3aea000-b3aeb000 rw-p 00050000 08:01 1672       /usr/lib/i386-linux-gnu/libgobject-2.0.so.0.4002.0
b3aeb000-b3c68000 r-xp 00000000 08:01 1674       /usr/lib/i386-linux-gnu/libgio-2.0.so.0.4002.0
b3c68000-b3c6a000 r--p 0017d000 08:01 1674       /usr/lib/i386-linux-gnu/libgio-2.0.so.0.4002.0
b3c6a000-b3c6b000 rw-p 0017f000 08:01 1674       /usr/lib/i386-linux-gnu/libgio-2.0.so.0.4002.0
b3c6b000-b3c6c000 rw-p 00000000 00:00 0 
b3c6c000-b3c6d000 r--s 00000000 08:01 401839     /var/cache/fontconfig/56cf4f4769d0f4abc89a4895d7bd3ae1-le32d4.cache-4
b3c6d000-b3c71000 r--s 00000000 08:01 401837     /var/cache/fontconfig/b47c4e1ecd0709278f4910c18777a504-le32d4.cache-4
b3c71000-b3c78000 r--s 00000000 08:01 401835     /var/cache/fontconfig/3f7329c5293ffd510edef78f73874cfd-le32d4.cache-4
b3c78000-b3c81000 r--s 00000000 08:01 401834     /var/cache/fontconfig/d589a48862398ed80a3d6066f4f56f4c-le32d4.cache-4
b3c81000-b3c83000 r--s 00000000 08:01 394475     /var/cache/fontconfig/e13b20fdb08344e0e664864cc2ede53d-le32d4.cache-4
b3c83000-b3c9b000 r-xp 00000000 08:01 153628     /usr/lib/jvm/java-7-openjdk-i386/jre/lib/i386/libnet.so
b3c9b000-b3c9c000 r--p 00017000 08:01 153628     /usr/lib/jvm/java-7-openjdk-i386/jre/lib/i386/libnet.so
b3c9c000-b3c9d000 rw-p 00018000 08:01 153628     /usr/lib/jvm/java-7-openjdk-i386/jre/lib/i386/libnet.so
b3c9d000-b3cae000 r-xp 00000000 08:01 177810     /usr/lib/jvm/java-7-openjdk-i386/jre/lib/i386/libnio.so
b3cae000-b3caf000 r--p 00010000 08:01 177810     /usr/lib/jvm/java-7-openjdk-i386/jre/lib/i386/libnio.so
b3caf000-b3cb0000 rw-p 00011000 08:01 177810     /usr/lib/jvm/java-7-openjdk-i386/jre/lib/i386/libnio.so
b3cb0000-b3cba000 r--s 000ae000 08:01 136823     /usr/lib/jvm/java-7-openjdk-i386/jre/lib/resources.jar
b3cba000-b3cbb000 ---p 00000000 00:00 0 
b3cbb000-b3d3b000 rw-p 00000000 00:00 0          [stack:5237]
b3d3b000-b3d3e000 ---p 00000000 00:00 0 
b3d3e000-b3d8c000 rw-p 00000000 00:00 0          [stack:5236]
b3d8c000-b3d8f000 ---p 00000000 00:00 0 
b3d8f000-b3e0d000 rw-p 00000000 00:00 0          [stack:5235]
b3e0d000-b3e10000 ---p 00000000 00:00 0 
b3e10000-b3e5e000 rw-p 00000000 00:00 0          [stack:5234]
b3e5e000-b405e000 r--p 00000000 08:01 369        /usr/lib/locale/locale-archive
b405e000-b4061000 ---p 00000000 00:00 0 
b4061000-b40af000 rw-p 00000000 00:00 0          [stack:5233]
b40af000-b40b2000 ---p 00000000 00:00 0 
b40b2000-b4100000 rw-p 00000000 00:00 0          [stack:5232]
b4100000-b4195000 rw-p 00000000 00:00 0 
b4195000-b4200000 ---p 00000000 00:00 0 
b4200000-b4203000 r--s 00000000 08:01 394702     /var/cache/fontconfig/7ef2298fde41cc6eeb7af42e48b7d293-le32d4.cache-4
b4203000-b4206000 r-xp 00000000 08:01 1675       /usr/lib/i386-linux-gnu/libgmodule-2.0.so.0.4002.0
b4206000-b4207000 r--p 00002000 08:01 1675       /usr/lib/i386-linux-gnu/libgmodule-2.0.so.0.4002.0
b4207000-b4208000 rw-p 00003000 08:01 1675       /usr/lib/i386-linux-gnu/libgmodule-2.0.so.0.4002.0
b4208000-b4225000 r--s 0014f000 00:1e 3709046    /home/user/Desktop/nfs/tools/cooja/lib/swingx-all-1.6.4.jar
b4225000-b422c000 r--s 0005b000 00:1e 3706283    /home/user/Desktop/nfs/tools/cooja/lib/jsyntaxpane.jar
b422c000-b422d000 ---p 00000000 00:00 0 
b422d000-b42f6000 rw-p 00000000 00:00 0          [stack:5231]
b42f6000-b44a9000 r--s 01d3d000 08:01 136821     /usr/lib/jvm/java-7-openjdk-i386/jre/lib/rt.jar
b44a9000-b44af000 rw-p 00000000 00:00 0 
b44af000-b4554000 rw-p 00000000 00:00 0 
b4554000-b4557000 rw-p 00000000 00:00 0 
b4557000-b45a9000 rw-p 00000000 00:00 0 
b45a9000-b45af000 rw-p 00000000 00:00 0 
b45af000-b4654000 rw-p 00000000 00:00 0 
b4654000-b465a000 rw-p 00000000 00:00 0 
b465a000-b4674000 rw-p 00000000 00:00 0 
b4674000-b4692000 rw-p 00000000 00:00 0 
b4692000-b4700000 rw-p 00000000 00:00 0 
b4700000-b4b78000 rwxp 00000000 00:00 0 
b4b78000-b67f7000 rw-p 00000000 00:00 0 
b67f7000-b6800000 ---p 00000000 00:00 0 
b6800000-b6801000 r--s 00000000 08:01 401838     /var/cache/fontconfig/b9d506c9ac06c20b433354fa67a72993-le32d4.cache-4
b6801000-b6808000 r--s 0004f000 00:1e 3702728    /home/user/Desktop/nfs/tools/cooja/lib/log4j.jar
b6808000-b680b000 r--s 00022000 00:1e 3705387    /home/user/Desktop/nfs/tools/cooja/lib/jdom.jar
b680b000-b680f000 r--s 00085000 08:01 177967     /usr/lib/jvm/java-7-openjdk-i386/jre/lib/ext/localedata.jar
b680f000-b6813000 r--s 00034000 08:01 177971     /usr/lib/jvm/java-7-openjdk-i386/jre/lib/ext/sunjce_provider.jar
b6813000-b6816000 r--s 0000f000 08:01 177961     /usr/lib/jvm/java-7-openjdk-i386/jre/lib/ext/icedtea-sound.jar
b6816000-b682a000 rw-p 00000000 00:00 0 
b682a000-b6844000 rw-p 00000000 00:00 0 
b6844000-b684e000 r-xp 00000000 08:01 159039     /lib/i386-linux-gnu/libnss_files-2.19.so
b684e000-b684f000 r--p 00009000 08:01 159039     /lib/i386-linux-gnu/libnss_files-2.19.so
b684f000-b6850000 rw-p 0000a000 08:01 159039     /lib/i386-linux-gnu/libnss_files-2.19.so
b6850000-b685a000 r-xp 00000000 08:01 158574     /lib/i386-linux-gnu/libnss_nis-2.19.so
b685a000-b685b000 r--p 00009000 08:01 158574     /lib/i386-linux-gnu/libnss_nis-2.19.so
b685b000-b685c000 rw-p 0000a000 08:01 158574     /lib/i386-linux-gnu/libnss_nis-2.19.so
b685c000-b6871000 r-xp 00000000 08:01 158568     /lib/i386-linux-gnu/libnsl-2.19.so
b6871000-b6872000 r--p 00015000 08:01 158568     /lib/i386-linux-gnu/libnsl-2.19.so
b6872000-b6873000 rw-p 00016000 08:01 158568     /lib/i386-linux-gnu/libnsl-2.19.so
b6873000-b6875000 rw-p 00000000 00:00 0 
b6875000-b687c000 r-xp 00000000 08:01 158567     /lib/i386-linux-gnu/libnss_compat-2.19.so
b687c000-b687d000 r--p 00006000 08:01 158567     /lib/i386-linux-gnu/libnss_compat-2.19.so
b687d000-b687e000 rw-p 00007000 08:01 158567     /lib/i386-linux-gnu/libnss_compat-2.19.so
b687e000-b687f000 r--s 00000000 08:01 401833     /var/cache/fontconfig/0c9eb80ebd1c36541ebe2852d3bb0c49-le32d4.cache-4
b687f000-b6880000 r--s 00002000 08:01 177972     /usr/lib/jvm/java-7-openjdk-i386/jre/lib/ext/dnsns.jar
b6880000-b6883000 r--s 0003d000 08:01 177959     /usr/lib/jvm/java-7-openjdk-i386/jre/lib/ext/sunpkcs11.jar
b6883000-b688b000 r-xp 00000000 08:01 177878     /usr/lib/jvm/java-7-openjdk-i386/jre/lib/i386/libzip.so
b688b000-b688c000 r--p 00007000 08:01 177878     /usr/lib/jvm/java-7-openjdk-i386/jre/lib/i386/libzip.so
b688c000-b688d000 rw-p 00008000 08:01 177878     /usr/lib/jvm/java-7-openjdk-i386/jre/lib/i386/libzip.so
b688d000-b6895000 rw-s 00000000 08:01 131726     /tmp/hsperfdata_user/5225
b6895000-b68bc000 r-xp 00000000 08:01 136829     /usr/lib/jvm/java-7-openjdk-i386/jre/lib/i386/libjava.so
b68bc000-b68bd000 r--p 00026000 08:01 136829     /usr/lib/jvm/java-7-openjdk-i386/jre/lib/i386/libjava.so
b68bd000-b68be000 rw-p 00027000 08:01 136829     /usr/lib/jvm/java-7-openjdk-i386/jre/lib/i386/libjava.so
b68be000-b68c5000 r-xp 00000000 08:01 158579     /lib/i386-linux-gnu/librt-2.19.so
b68c5000-b68c6000 r--p 00006000 08:01 158579     /lib/i386-linux-gnu/librt-2.19.so
b68c6000-b68c7000 rw-p 00007000 08:01 158579     /lib/i386-linux-gnu/librt-2.19.so
b68c7000-b68ca000 ---p 00000000 00:00 0 
b68ca000-b6918000 rw-p 00000000 00:00 0          [stack:5227]
b6918000-b6934000 r-xp 00000000 08:01 158999     /lib/i386-linux-gnu/libgcc_s.so.1
b6934000-b6935000 rw-p 0001b000 08:01 158999     /lib/i386-linux-gnu/libgcc_s.so.1
b6935000-b6979000 r-xp 00000000 08:01 158561     /lib/i386-linux-gnu/libm-2.19.so
b6979000-b697a000 r--p 00043000 08:01 158561     /lib/i386-linux-gnu/libm-2.19.so
b697a000-b697b000 rw-p 00044000 08:01 158561     /lib/i386-linux-gnu/libm-2.19.so
b697b000-b6a57000 r-xp 00000000 08:01 289        /usr/lib/i386-linux-gnu/libstdc++.so.6.0.19
b6a57000-b6a5b000 r--p 000dc000 08:01 289        /usr/lib/i386-linux-gnu/libstdc++.so.6.0.19
b6a5b000-b6a5c000 rw-p 000e0000 08:01 289        /usr/lib/i386-linux-gnu/libstdc++.so.6.0.19
b6a5c000-b6a63000 rw-p 00000000 00:00 0 
b6a63000-b7099000 r-xp 00000000 08:01 177850     /usr/lib/jvm/java-7-openjdk-i386/jre/lib/i386/client/libjvm.so
b7099000-b70af000 r--p 00635000 08:01 177850     /usr/lib/jvm/java-7-openjdk-i386/jre/lib/i386/client/libjvm.so
b70af000-b70be000 rw-p 0064b000 08:01 177850     /usr/lib/jvm/java-7-openjdk-i386/jre/lib/i386/client/libjvm.so
b70be000-b74da000 rw-p 00000000 00:00 0 
b74da000-b74f2000 r-xp 00000000 08:01 158556     /lib/i386-linux-gnu/libz.so.1.2.8
b74f2000-b74f3000 r--p 00017000 08:01 158556     /lib/i386-linux-gnu/libz.so.1.2.8
b74f3000-b74f4000 rw-p 00018000 08:01 158556     /lib/i386-linux-gnu/libz.so.1.2.8
b74f4000-b750c000 r-xp 00000000 08:01 158571     /lib/i386-linux-gnu/libpthread-2.19.so
b750c000-b750d000 r--p 00018000 08:01 158571     /lib/i386-linux-gnu/libpthread-2.19.so
b750d000-b750e000 rw-p 00019000 08:01 158571     /lib/i386-linux-gnu/libpthread-2.19.so
b750e000-b7510000 rw-p 00000000 00:00 0 
b7510000-b7513000 r-xp 00000000 08:01 158563     /lib/i386-linux-gnu/libdl-2.19.so
b7513000-b7514000 r--p 00002000 08:01 158563     /lib/i386-linux-gnu/libdl-2.19.so
b7514000-b7515000 rw-p 00003000 08:01 158563     /lib/i386-linux-gnu/libdl-2.19.so
b7515000-b76bd000 r-xp 00000000 08:01 158580     /lib/i386-linux-gnu/libc-2.19.so
b76bd000-b76be000 ---p 001a8000 08:01 158580     /lib/i386-linux-gnu/libc-2.19.so
b76be000-b76c0000 r--p 001a8000 08:01 158580     /lib/i386-linux-gnu/libc-2.19.so
b76c0000-b76c1000 rw-p 001aa000 08:01 158580     /lib/i386-linux-gnu/libc-2.19.so
b76c1000-b76c4000 rw-p 00000000 00:00 0 
b76c4000-b76c6000 r--s 00006000 08:01 276693     /usr/share/java/java-atk-wrapper.jar
b76c6000-b76c8000 r--s 00012000 08:01 177976     /usr/lib/jvm/java-7-openjdk-i386/jre/lib/ext/zipfs.jar
b76c8000-b76c9000 r--p 002c5000 08:01 369        /usr/lib/locale/locale-archive
b76c9000-b76ca000 rw-p 00000000 00:00 0 
b76ca000-b76cb000 r--p 00000000 00:00 0 
b76cb000-b76d9000 r-xp 00000000 08:01 136825     /usr/lib/jvm/java-7-openjdk-i386/jre/lib/i386/libverify.so
b76d9000-b76da000 r--p 0000d000 08:01 136825     /usr/lib/jvm/java-7-openjdk-i386/jre/lib/i386/libverify.so
b76da000-b76db000 rw-p 0000e000 08:01 136825     /usr/lib/jvm/java-7-openjdk-i386/jre/lib/i386/libverify.so
b76db000-b76e7000 r-xp 00000000 08:01 136926     /usr/lib/jvm/java-7-openjdk-i386/jre/lib/i386/jli/libjli.so
b76e7000-b76e8000 r--p 0000c000 08:01 136926     /usr/lib/jvm/java-7-openjdk-i386/jre/lib/i386/jli/libjli.so
b76e8000-b76e9000 rw-p 0000d000 08:01 136926     /usr/lib/jvm/java-7-openjdk-i386/jre/lib/i386/jli/libjli.so
b76e9000-b76ec000 rw-p 00000000 00:00 0 
b76ec000-b76ed000 r-xp 00000000 00:00 0          [vdso]
b76ed000-b770d000 r-xp 00000000 08:01 158572     /lib/i386-linux-gnu/ld-2.19.so
b770d000-b770e000 r--p 0001f000 08:01 158572     /lib/i386-linux-gnu/ld-2.19.so
b770e000-b770f000 rw-p 00020000 08:01 158572     /lib/i386-linux-gnu/ld-2.19.so
bfea9000-bfeaa000 rwxp 00000000 00:00 0 
bfedc000-bfefd000 rw-p 00000000 00:00 0          [stack]

VM Arguments:
jvm_args: -Xmx512m -Duser.language=en 
java_command: org.contikios.cooja.Cooja
Launcher Type: SUN_STANDARD

Environment Variables:
JAVA_HOME=/usr/lib/jvm/java-7-openjdk-i386
PATH=/usr/local/sdcc/bin:/usr/local/sbin:/usr/local/bin:/usr/sbin:/usr/bin:/sbin:/bin:/usr/games:/usr/local/games:/home/user/CodeSourcery/Sourcery_G++_Lite/bin:/usr/local/msp430/bin:/home/user/CodeSourcery/Sourcery_G++_Lite/bin
LD_LIBRARY_PATH=.
SHELL=/bin/bash
DISPLAY=:0

Signal Handlers:
SIGSEGV: [libjvm.so+0x4efa90], sa_mask[0]=0x7ffbfeff, sa_flags=0x10000004
SIGBUS: [libjvm.so+0x4efa90], sa_mask[0]=0x7ffbfeff, sa_flags=0x10000004
SIGFPE: [libjvm.so+0x3cb5a0], sa_mask[0]=0x7ffbfeff, sa_flags=0x10000004
SIGPIPE: [libjvm.so+0x3cb5a0], sa_mask[0]=0x7ffbfeff, sa_flags=0x10000004
SIGXFSZ: [libjvm.so+0x3cb5a0], sa_mask[0]=0x7ffbfeff, sa_flags=0x10000004
SIGILL: [libjvm.so+0x3cb5a0], sa_mask[0]=0x7ffbfeff, sa_flags=0x10000004
SIGUSR1: SIG_DFL, sa_mask[0]=0x00000000, sa_flags=0x00000000
SIGUSR2: [libjvm.so+0x3cb700], sa_mask[0]=0x00000004, sa_flags=0x10000004
SIGHUP: [libjvm.so+0x3cb660], sa_mask[0]=0x7ffbfeff, sa_flags=0x10000004
SIGINT: [libjvm.so+0x3cb660], sa_mask[0]=0x7ffbfeff, sa_flags=0x10000004
SIGTERM: [libjvm.so+0x3cb660], sa_mask[0]=0x7ffbfeff, sa_flags=0x10000004
SIGQUIT: [libjvm.so+0x3cb660], sa_mask[0]=0x7ffbfeff, sa_flags=0x10000004
SIGTRAP: SIG_DFL, sa_mask[0]=0x00000000, sa_flags=0x00000000


---------------  S Y S T E M  ---------------

OS:Ubuntu 14.04 (trusty)
uname:Linux 3.13.0-96-generic #143-Ubuntu SMP Mon Aug 29 20:15:47 UTC 2016 i686
libc:glibc 2.19 NPTL 2.19 
rlimit: STACK 8192k, CORE 0k, NPROC 7860, NOFILE 4096, AS infinity
load average:0.47 0.42 0.24

/proc/meminfo:
MemTotal:        1025420 kB
MemFree:          108984 kB
Buffers:           32476 kB
Cached:           398664 kB
SwapCached:         1732 kB
Active:           397780 kB
Inactive:         414700 kB
Active(anon):     186648 kB
Inactive(anon):   216976 kB
Active(file):     211132 kB
Inactive(file):   197724 kB
Unevictable:          32 kB
Mlocked:              32 kB
HighTotal:        135048 kB
HighFree:          21868 kB
LowTotal:         890372 kB
LowFree:           87116 kB
SwapTotal:       1046524 kB
SwapFree:        1043220 kB
Dirty:               236 kB
Writeback:             0 kB
AnonPages:        379728 kB
Mapped:            90844 kB
Shmem:             22244 kB
Slab:              64828 kB
SReclaimable:      49944 kB
SUnreclaim:        14884 kB
KernelStack:        3152 kB
PageTables:         6772 kB
NFS_Unstable:          0 kB
Bounce:                0 kB
WritebackTmp:          0 kB
CommitLimit:     1559232 kB
Committed_AS:    2448372 kB
VmallocTotal:     122880 kB
VmallocUsed:       24620 kB
VmallocChunk:      85700 kB
HardwareCorrupted:     0 kB
AnonHugePages:    167936 kB
HugePages_Total:       0
HugePages_Free:        0
HugePages_Rsvd:        0
HugePages_Surp:        0
Hugepagesize:       2048 kB
DirectMap4k:       34808 kB
DirectMap2M:      878592 kB


CPU:total 1 (1 cores per cpu, 1 threads per core) family 6 model 94 stepping 3, cmov, cx8, fxsr, mmx, sse, sse2, sse3, ssse3, sse4.1, sse4.2, popcnt, avx, aes, tsc, tscinvbit

/proc/cpuinfo:
processor	: 0
vendor_id	: GenuineIntel
cpu family	: 6
model		: 94
model name	: Intel(R) Core(TM) i5-6500 CPU @ 3.20GHz
stepping	: 3
microcode	: 0x76
cpu MHz		: 3600.000
cache size	: 6144 KB
physical id	: 0
siblings	: 1
core id		: 0
cpu cores	: 1
apicid		: 0
initial apicid	: 0
fdiv_bug	: no
f00f_bug	: no
coma_bug	: no
fpu		: yes
fpu_exception	: yes
cpuid level	: 22
wp		: yes
flags		: fpu vme de pse tsc msr pae mce cx8 apic sep mtrr pge mca cmov pat pse36 clflush dts mmx fxsr sse sse2 ss nx rdtscp lm constant_tsc arch_perfmon pebs bts tsc_reliable nonstop_tsc aperfmperf pni pclmulqdq ssse3 fma cx16 sse4_1 sse4_2 movbe popcnt aes xsave avx hypervisor lahf_lm 3dnowprefetch ida arat epb pln pts dtherm
bogomips	: 7200.00
clflush size	: 64
cache_alignment	: 64
address sizes	: 40 bits physical, 48 bits virtual
power management:



Memory: 4k page, physical 1025420k(108984k free), swap 1046524k(1043220k free)

vm_info: OpenJDK Client VM (24.111-b01) for linux-x86 JRE (1.7.0_111-b01), built on Aug 12 2016 05:36:14 by "buildd" with gcc 4.8.4

time: Sun Oct  9 07:59:17 2016
elapsed time: 323 seconds

