#
# A fatal error has been detected by the Java Runtime Environment:
#
#  SIGSEGV (0xb) at pc=0xb7633817, pid=23399, tid=2987744064
#
# JRE version: OpenJDK Runtime Environment (7.0_121) (build 1.7.0_121-b00)
# Java VM: OpenJDK Client VM (24.121-b00 mixed mode, sharing linux-x86 )
# Derivative: IcedTea 2.6.8
# Distribution: Ubuntu 14.04 LTS, package 7u121-2.6.8-1ubuntu0.14.04.1
# Problematic frame:
# C  [libc.so.6+0x64817]  fwrite+0x27
#
# Failed to write core dump. Core dumps have been disabled. To enable core dumping, try "ulimit -c unlimited" before starting Java again
#
# If you would like to submit a bug report, please include
# instructions on how to reproduce the bug and visit:
#   http://icedtea.classpath.org/bugzilla
# The crash happened outside the Java Virtual Machine in native code.
# See problematic frame for where to report the bug.
#

---------------  T H R E A D  ---------------

Current thread (0x095cf400):  JavaThread "Thread-33" [_thread_in_native, id=1429, stack(0xb2105000,0xb2156000)]

siginfo:si_signo=SIGSEGV: si_errno=0, si_code=1 (SEGV_MAPERR), si_addr=0x00000000

Registers:
EAX=0x00000000, EBX=0xb777a000, ECX=0x00000000, EDX=0x0000000a
ESP=0xb22ed0ec, EBP=0xb22ed154, ESI=0x00000000, EDI=0x00000011
EIP=0xb7633817, EFLAGS=0x00010206, CR2=0x00000000

Top of Stack: (sp=0xb22ed0ec)
0xb22ed0ec:   0000000a 00000400 b22e285c b22ed120
0xb22ed0fc:   b22e2e22 b22ed120 00000011 b22eb030
0xb22ed10c:   00000001 00000000 b22ed154 b22ccffe
0xb22ed11c:   b22e285c 00000001 00000011 00000000
0xb22ed12c:   b22eb26c 00000000 ffffffff b22d0281
0xb22ed13c:   b22ee920 00000000 ffffffff 01000081
0xb22ed14c:   0000039f 000003a0 b22ed184 b22cfca5
0xb22ed15c:   b22eb030 00000081 00000000 b22cfc81 

Instructions: (pc=0xb7633817)
0xb76337f7:   8b 7c 24 34 0f af 7c 24 38 e8 d6 1f 0c 00 81 c3
0xb7633807:   fb 67 14 00 8b 74 24 3c 85 ff 0f 84 b1 00 00 00
0xb7633817:   8b 06 25 00 80 00 00 75 35 8b 56 48 65 8b 2d 08
0xb7633827:   00 00 00 3b 6a 08 74 22 b9 01 00 00 00 65 83 3d 

Register to memory mapping:

EAX=0x00000000 is an unknown value
EBX=0xb777a000: <offset 0x1ab000> in /lib/i386-linux-gnu/libc.so.6 at 0xb75cf000
ECX=0x00000000 is an unknown value
EDX=0x0000000a is an unknown value
ESP=0xb22ed0ec: <offset 0x2f0ec> in /home/user/Desktop/Dual-radio-simulation/lanada/log_test/obj_cooja/mtype287.cooja at 0xb22be000
EBP=0xb22ed154: <offset 0x2f154> in /home/user/Desktop/Dual-radio-simulation/lanada/log_test/obj_cooja/mtype287.cooja at 0xb22be000
ESI=0x00000000 is an unknown value
EDI=0x00000011 is an unknown value


Stack: [0xb2105000,0xb2156000],  sp=0xb22ed0ec,  free space=1952k
Native frames: (J=compiled Java code, j=interpreted, Vv=VM code, C=native code)
C  [libc.so.6+0x64817]  fwrite+0x27
C  [mtype287.cooja+0x11ca5]  call_process+0x57
C  [mtype287.cooja+0x11ff3]  process_post_synch+0x2e
C  [mtype287.cooja+0x11b62]  process_start+0x6d
C  [mtype287.cooja+0x1130d]  autostart_start+0x30
C  [mtype287.cooja+0xf6e6]  contiki_init+0x527
C  [mtype287.cooja+0xf71c]  process_run_thread_loop+0x1a

Java frames: (J=compiled Java code, j=interpreted, Vv=VM code)
j  org.contikios.cooja.corecomm.Lib3.tick()V+0
j  org.contikios.cooja.contikimote.ContikiMoteType.tick()V+4
j  org.contikios.cooja.contikimote.ContikiMote.execute(J)V+63
j  org.contikios.cooja.motes.AbstractWakeupMote$1.execute(J)V+5
j  org.contikios.cooja.Simulation.run()V+184
j  java.lang.Thread.run()V+11
v  ~StubRoutines::call_stub

---------------  P R O C E S S  ---------------

Java Threads: ( => current thread )
=>0x095cf400 JavaThread "Thread-33" [_thread_in_native, id=1429, stack(0xb2105000,0xb2156000)]
  0x095ce400 JavaThread "Thread-32" [_thread_blocked, id=1419, stack(0xb23de000,0xb242f000)]
  0x095cd800 JavaThread "Thread-31" [_thread_blocked, id=1418, stack(0xb2156000,0xb21a7000)]
  0x09550800 JavaThread "process reaper" daemon [_thread_blocked, id=1378, stack(0xb21a7000,0xb21f8000)]
  0x095d2800 JavaThread "Thread-29" [_thread_blocked, id=974, stack(0xb280d000,0xb285e000)]
  0x095d8c00 JavaThread "Thread-28" [_thread_blocked, id=964, stack(0xb248f000,0xb24e0000)]
  0x095d8000 JavaThread "Thread-27" [_thread_blocked, id=963, stack(0xb243e000,0xb248f000)]
  0x09550000 JavaThread "Thread-25" [_thread_blocked, id=907, stack(0xb238d000,0xb23de000)]
  0x09554400 JavaThread "Thread-24" [_thread_blocked, id=906, stack(0xb233c000,0xb238d000)]
  0x09574400 JavaThread "Thread-22" [_thread_blocked, id=664, stack(0xb26c6000,0xb2717000)]
  0x095c3000 JavaThread "Thread-21" [_thread_blocked, id=654, stack(0xb25c4000,0xb2615000)]
  0x09530000 JavaThread "Thread-20" [_thread_blocked, id=653, stack(0xb2675000,0xb26c6000)]
  0x0956d400 JavaThread "Thread-18" [_thread_blocked, id=27639, stack(0xb2615000,0xb2666000)]
  0x09424800 JavaThread "Thread-17" [_thread_blocked, id=27638, stack(0xb2573000,0xb25c4000)]
  0x09442000 JavaThread "Thread-15" [_thread_blocked, id=26524, stack(0xb2912000,0xb2963000)]
  0x095b0000 JavaThread "Thread-14" [_thread_blocked, id=26514, stack(0xb28c1000,0xb2912000)]
  0x09564400 JavaThread "Thread-13" [_thread_blocked, id=26513, stack(0xb2870000,0xb28c1000)]
  0x0943dc00 JavaThread "Thread-11" [_thread_blocked, id=25523, stack(0xb2b6d000,0xb2bbe000)]
  0x0943b800 JavaThread "Thread-10" [_thread_blocked, id=25513, stack(0xb27bc000,0xb280d000)]
  0x0943ec00 JavaThread "Thread-9" [_thread_blocked, id=25512, stack(0xb276b000,0xb27bc000)]
  0x0958c800 JavaThread "Thread-7" [_thread_blocked, id=25438, stack(0xb2b1c000,0xb2b6d000)]
  0x09585c00 JavaThread "Thread-6" [_thread_blocked, id=25428, stack(0xb2ac1000,0xb2b12000)]
  0x09558400 JavaThread "Thread-5" [_thread_blocked, id=25427, stack(0xb2a5e000,0xb2aaf000)]
  0x0951ac00 JavaThread "Thread-3" [_thread_blocked, id=24459, stack(0xb2963000,0xb29b4000)]
  0x09518c00 JavaThread "Thread-2" [_thread_blocked, id=24448, stack(0xb29b4000,0xb2a05000)]
  0x0951b400 JavaThread "Thread-1" [_thread_blocked, id=24447, stack(0xb2a05000,0xb2a56000)]
  0x093fa000 JavaThread "TimerQueue" daemon [_thread_blocked, id=23416, stack(0xb32b0000,0xb3301000)]
  0xb6807800 JavaThread "DestroyJavaVM" [_thread_blocked, id=23401, stack(0xb697f000,0xb69d0000)]
  0xb3879400 JavaThread "AWT-EventQueue-0" [_thread_blocked, id=23415, stack(0xb3301000,0xb3352000)]
  0xb3873400 JavaThread "AWT-Shutdown" [_thread_blocked, id=23414, stack(0xb3352000,0xb33a3000)]
  0xb3849000 JavaThread "AWT-XAWT" daemon [_thread_in_native, id=23413, stack(0xb3443000,0xb3494000)]
  0xb383b000 JavaThread "Java2D Disposer" daemon [_thread_blocked, id=23412, stack(0xb34a5000,0xb34f6000)]
  0xb684cc00 JavaThread "Service Thread" daemon [_thread_blocked, id=23410, stack(0xb3e2e000,0xb3e7f000)]
  0xb684ac00 JavaThread "C1 CompilerThread0" daemon [_thread_blocked, id=23409, stack(0xb3e7f000,0xb3f00000)]
  0xb6849000 JavaThread "Signal Dispatcher" daemon [_thread_blocked, id=23408, stack(0xb4205000,0xb4256000)]
  0xb6833400 JavaThread "Finalizer" daemon [_thread_blocked, id=23407, stack(0xb4256000,0xb42a7000)]
  0xb6831c00 JavaThread "Reference Handler" daemon [_thread_blocked, id=23406, stack(0xb42a7000,0xb42f8000)]

Other Threads:
  0xb6830400 VMThread [stack: 0xb42f8000,0xb4379000] [id=23405]
  0xb684f000 WatcherThread [stack: 0xb3dad000,0xb3e2e000] [id=23411]

VM state:not at safepoint (normal execution)

VM Mutex/Monitor currently owned by a thread: None

Heap
 def new generation   total 5120K, used 2146K [0x6e800000, 0x6ed80000, 0x792a0000)
  eden space 4608K,  44% used [0x6e800000, 0x6e9faf80, 0x6ec80000)
  from space 512K,  23% used [0x6ec80000, 0x6ec9d9c8, 0x6ed00000)
  to   space 512K,   0% used [0x6ed00000, 0x6ed00000, 0x6ed80000)
 tenured generation   total 10944K, used 8247K [0x792a0000, 0x79d50000, 0x8e800000)
   the space 10944K,  75% used [0x792a0000, 0x79aadc08, 0x79aade00, 0x79d50000)
 compacting perm gen  total 12288K, used 7058K [0x8e800000, 0x8f400000, 0x92800000)
   the space 12288K,  57% used [0x8e800000, 0x8eee4a68, 0x8eee4c00, 0x8f400000)
    ro space 10240K,  60% used [0x92800000, 0x92e00d38, 0x92e00e00, 0x93200000)
    rw space 12288K,  59% used [0x93200000, 0x9391e858, 0x9391ea00, 0x93e00000)

Card table byte_map: [0xb4648000,0xb4774000] byte_map_base: 0xb42d4000

Polling page: 0xb7784000

Code Cache  [0xb47f4000, 0xb4be4000, 0xb67f4000)
 total_blobs=2611 nmethods=2308 adapters=237 free_code_cache=28745Kb largest_free_block=29435072

Compilation events (10 events):
Event: 5468.788 Thread 0xb684ac00 2308             java.awt.geom.RoundRectangle2D$Float::getWidth (6 bytes)
Event: 5468.788 Thread 0xb684ac00 nmethod 2308 0xb4be1248 code [0xb4be1340, 0xb4be13c0]
Event: 5468.788 Thread 0xb684ac00 2309             java.awt.geom.RoundRectangle2D$Float::getHeight (6 bytes)
Event: 5468.788 Thread 0xb684ac00 nmethod 2309 0xb4be1408 code [0xb4be1500, 0xb4be1580]
Event: 5468.788 Thread 0xb684ac00 2310             java.awt.geom.RoundRectangle2D$Float::getArcWidth (6 bytes)
Event: 5468.788 Thread 0xb684ac00 nmethod 2310 0xb4be15c8 code [0xb4be16c0, 0xb4be1740]
Event: 5468.788 Thread 0xb684ac00 2311             java.awt.geom.RoundRectangle2D$Float::getArcHeight (6 bytes)
Event: 5468.788 Thread 0xb684ac00 nmethod 2311 0xb4be1788 code [0xb4be1880, 0xb4be1900]
Event: 5468.789 Thread 0xb684ac00 2312             java.awt.geom.RoundRectangle2D$Float::setRoundRect (41 bytes)
Event: 5468.789 Thread 0xb684ac00 nmethod 2312 0xb4be1948 code [0xb4be1a40, 0xb4be1b10]

GC Heap History (10 events):
Event: 5467.007 GC heap before
{Heap before GC invocations=325 (full 2):
 def new generation   total 5120K, used 4618K [0x6e800000, 0x6ed80000, 0x792a0000)
  eden space 4608K, 100% used [0x6e800000, 0x6ec80000, 0x6ec80000)
  from space 512K,   1% used [0x6ed00000, 0x6ed02860, 0x6ed80000)
  to   space 512K,   0% used [0x6ec80000, 0x6ec80000, 0x6ed00000)
 tenured generation   total 10944K, used 7584K [0x792a0000, 0x79d50000, 0x8e800000)
   the space 10944K,  69% used [0x792a0000, 0x79a08200, 0x79a08200, 0x79d50000)
 compacting perm gen  total 12288K, used 6995K [0x8e800000, 0x8f400000, 0x92800000)
   the space 12288K,  56% used [0x8e800000, 0x8eed4d38, 0x8eed4e00, 0x8f400000)
    ro space 10240K,  60% used [0x92800000, 0x92e00d38, 0x92e00e00, 0x93200000)
    rw space 12288K,  59% used [0x93200000, 0x9391e858, 0x9391ea00, 0x93e00000)
Event: 5467.008 GC heap after
Heap after GC invocations=326 (full 2):
 def new generation   total 5120K, used 11K [0x6e800000, 0x6ed80000, 0x792a0000)
  eden space 4608K,   0% used [0x6e800000, 0x6e800000, 0x6ec80000)
  from space 512K,   2% used [0x6ec80000, 0x6ec82d88, 0x6ed00000)
  to   space 512K,   0% used [0x6ed00000, 0x6ed00000, 0x6ed80000)
 tenured generation   total 10944K, used 7584K [0x792a0000, 0x79d50000, 0x8e800000)
   the space 10944K,  69% used [0x792a0000, 0x79a08308, 0x79a08400, 0x79d50000)
 compacting perm gen  total 12288K, used 6995K [0x8e800000, 0x8f400000, 0x92800000)
   the space 12288K,  56% used [0x8e800000, 0x8eed4d38, 0x8eed4e00, 0x8f400000)
    ro space 10240K,  60% used [0x92800000, 0x92e00d38, 0x92e00e00, 0x93200000)
    rw space 12288K,  59% used [0x93200000, 0x9391e858, 0x9391ea00, 0x93e00000)
}
Event: 5467.022 GC heap before
{Heap before GC invocations=326 (full 2):
 def new generation   total 5120K, used 4619K [0x6e800000, 0x6ed80000, 0x792a0000)
  eden space 4608K, 100% used [0x6e800000, 0x6ec80000, 0x6ec80000)
  from space 512K,   2% used [0x6ec80000, 0x6ec82d88, 0x6ed00000)
  to   space 512K,   0% used [0x6ed00000, 0x6ed00000, 0x6ed80000)
 tenured generation   total 10944K, used 7584K [0x792a0000, 0x79d50000, 0x8e800000)
   the space 10944K,  69% used [0x792a0000, 0x79a08308, 0x79a08400, 0x79d50000)
 compacting perm gen  total 12288K, used 6995K [0x8e800000, 0x8f400000, 0x92800000)
   the space 12288K,  56% used [0x8e800000, 0x8eed4d38, 0x8eed4e00, 0x8f400000)
    ro space 10240K,  60% used [0x92800000, 0x92e00d38, 0x92e00e00, 0x93200000)
    rw space 12288K,  59% used [0x93200000, 0x9391e858, 0x9391ea00, 0x93e00000)
Event: 5467.022 GC heap after
Heap after GC invocations=327 (full 2):
 def new generation   total 5120K, used 12K [0x6e800000, 0x6ed80000, 0x792a0000)
  eden space 4608K,   0% used [0x6e800000, 0x6e800000, 0x6ec80000)
  from space 512K,   2% used [0x6ed00000, 0x6ed031b0, 0x6ed80000)
  to   space 512K,   0% used [0x6ec80000, 0x6ec80000, 0x6ed00000)
 tenured generation   total 10944K, used 7585K [0x792a0000, 0x79d50000, 0x8e800000)
   the space 10944K,  69% used [0x792a0000, 0x79a08478, 0x79a08600, 0x79d50000)
 compacting perm gen  total 12288K, used 6995K [0x8e800000, 0x8f400000, 0x92800000)
   the space 12288K,  56% used [0x8e800000, 0x8eed4d38, 0x8eed4e00, 0x8f400000)
    ro space 10240K,  60% used [0x92800000, 0x92e00d38, 0x92e00e00, 0x93200000)
    rw space 12288K,  59% used [0x93200000, 0x9391e858, 0x9391ea00, 0x93e00000)
}
Event: 5467.036 GC heap before
{Heap before GC invocations=327 (full 2):
 def new generation   total 5120K, used 4620K [0x6e800000, 0x6ed80000, 0x792a0000)
  eden space 4608K, 100% used [0x6e800000, 0x6ec80000, 0x6ec80000)
  from space 512K,   2% used [0x6ed00000, 0x6ed031b0, 0x6ed80000)
  to   space 512K,   0% used [0x6ec80000, 0x6ec80000, 0x6ed00000)
 tenured generation   total 10944K, used 7585K [0x792a0000, 0x79d50000, 0x8e800000)
   the space 10944K,  69% used [0x792a0000, 0x79a08478, 0x79a08600, 0x79d50000)
 compacting perm gen  total 12288K, used 6995K [0x8e800000, 0x8f400000, 0x92800000)
   the space 12288K,  56% used [0x8e800000, 0x8eed4d38, 0x8eed4e00, 0x8f400000)
    ro space 10240K,  60% used [0x92800000, 0x92e00d38, 0x92e00e00, 0x93200000)
    rw space 12288K,  59% used [0x93200000, 0x9391e858, 0x9391ea00, 0x93e00000)
Event: 5467.036 GC heap after
Heap after GC invocations=328 (full 2):
 def new generation   total 5120K, used 13K [0x6e800000, 0x6ed80000, 0x792a0000)
  eden space 4608K,   0% used [0x6e800000, 0x6e800000, 0x6ec80000)
  from space 512K,   2% used [0x6ec80000, 0x6ec836b8, 0x6ed00000)
  to   space 512K,   0% used [0x6ed00000, 0x6ed00000, 0x6ed80000)
 tenured generation   total 10944K, used 7585K [0x792a0000, 0x79d50000, 0x8e800000)
   the space 10944K,  69% used [0x792a0000, 0x79a084f0, 0x79a08600, 0x79d50000)
 compacting perm gen  total 12288K, used 6995K [0x8e800000, 0x8f400000, 0x92800000)
   the space 12288K,  56% used [0x8e800000, 0x8eed4d38, 0x8eed4e00, 0x8f400000)
    ro space 10240K,  60% used [0x92800000, 0x92e00d38, 0x92e00e00, 0x93200000)
    rw space 12288K,  59% used [0x93200000, 0x9391e858, 0x9391ea00, 0x93e00000)
}
Event: 5467.764 GC heap before
{Heap before GC invocations=328 (full 2):
 def new generation   total 5120K, used 4621K [0x6e800000, 0x6ed80000, 0x792a0000)
  eden space 4608K, 100% used [0x6e800000, 0x6ec80000, 0x6ec80000)
  from space 512K,   2% used [0x6ec80000, 0x6ec836b8, 0x6ed00000)
  to   space 512K,   0% used [0x6ed00000, 0x6ed00000, 0x6ed80000)
 tenured generation   total 10944K, used 7585K [0x792a0000, 0x79d50000, 0x8e800000)
   the space 10944K,  69% used [0x792a0000, 0x79a084f0, 0x79a08600, 0x79d50000)
 compacting perm gen  total 12288K, used 7007K [0x8e800000, 0x8f400000, 0x92800000)
   the space 12288K,  57% used [0x8e800000, 0x8eed7c60, 0x8eed7e00, 0x8f400000)
    ro space 10240K,  60% used [0x92800000, 0x92e00d38, 0x92e00e00, 0x93200000)
    rw space 12288K,  59% used [0x93200000, 0x9391e858, 0x9391ea00, 0x93e00000)
Event: 5467.766 GC heap after
Heap after GC invocations=329 (full 2):
 def new generation   total 5120K, used 512K [0x6e800000, 0x6ed80000, 0x792a0000)
  eden space 4608K,   0% used [0x6e800000, 0x6e800000, 0x6ec80000)
  from space 512K, 100% used [0x6ed00000, 0x6ed80000, 0x6ed80000)
  to   space 512K,   0% used [0x6ec80000, 0x6ec80000, 0x6ed00000)
 tenured generation   total 10944K, used 7745K [0x792a0000, 0x79d50000, 0x8e800000)
   the space 10944K,  70% used [0x792a0000, 0x79a305b8, 0x79a30600, 0x79d50000)
 compacting perm gen  total 12288K, used 7007K [0x8e800000, 0x8f400000, 0x92800000)
   the space 12288K,  57% used [0x8e800000, 0x8eed7c60, 0x8eed7e00, 0x8f400000)
    ro space 10240K,  60% used [0x92800000, 0x92e00d38, 0x92e00e00, 0x93200000)
    rw space 12288K,  59% used [0x93200000, 0x9391e858, 0x9391ea00, 0x93e00000)
}
Event: 5468.605 GC heap before
{Heap before GC invocations=329 (full 2):
 def new generation   total 5120K, used 5120K [0x6e800000, 0x6ed80000, 0x792a0000)
  eden space 4608K, 100% used [0x6e800000, 0x6ec80000, 0x6ec80000)
  from space 512K, 100% used [0x6ed00000, 0x6ed80000, 0x6ed80000)
  to   space 512K,   0% used [0x6ec80000, 0x6ec80000, 0x6ed00000)
 tenured generation   total 10944K, used 7745K [0x792a0000, 0x79d50000, 0x8e800000)
   the space 10944K,  70% used [0x792a0000, 0x79a305b8, 0x79a30600, 0x79d50000)
 compacting perm gen  total 12288K, used 7055K [0x8e800000, 0x8f400000, 0x92800000)
   the space 12288K,  57% used [0x8e800000, 0x8eee3c10, 0x8eee3e00, 0x8f400000)
    ro space 10240K,  60% used [0x92800000, 0x92e00d38, 0x92e00e00, 0x93200000)
    rw space 12288K,  59% used [0x93200000, 0x9391e858, 0x9391ea00, 0x93e00000)
Event: 5468.607 GC heap after
Heap after GC invocations=330 (full 2):
 def new generation   total 5120K, used 118K [0x6e800000, 0x6ed80000, 0x792a0000)
  eden space 4608K,   0% used [0x6e800000, 0x6e800000, 0x6ec80000)
  from space 512K,  23% used [0x6ec80000, 0x6ec9d9c8, 0x6ed00000)
  to   space 512K,   0% used [0x6ed00000, 0x6ed00000, 0x6ed80000)
 tenured generation   total 10944K, used 8247K [0x792a0000, 0x79d50000, 0x8e800000)
   the space 10944K,  75% used [0x792a0000, 0x79aadc08, 0x79aade00, 0x79d50000)
 compacting perm gen  total 12288K, used 7055K [0x8e800000, 0x8f400000, 0x92800000)
   the space 12288K,  57% used [0x8e800000, 0x8eee3c10, 0x8eee3e00, 0x8f400000)
    ro space 10240K,  60% used [0x92800000, 0x92e00d38, 0x92e00e00, 0x93200000)
    rw space 12288K,  59% used [0x93200000, 0x9391e858, 0x9391ea00, 0x93e00000)
}

Deoptimization events (0 events):
No events

Internal exceptions (10 events):
Event: 5467.797 Thread 0xb3879400 Threw 0x6ea903d0 at /build/openjdk-7-mks0zz/openjdk-7-7u121-2.6.8/build/openjdk/hotspot/src/share/vm/prims/jvm.cpp:1322
Event: 5467.797 Thread 0xb3879400 Threw 0x6ea93a38 at /build/openjdk-7-mks0zz/openjdk-7-7u121-2.6.8/build/openjdk/hotspot/src/share/vm/prims/jvm.cpp:1322
Event: 5467.797 Thread 0xb3879400 Threw 0x6ea96fa8 at /build/openjdk-7-mks0zz/openjdk-7-7u121-2.6.8/build/openjdk/hotspot/src/share/vm/prims/jvm.cpp:1322
Event: 5467.803 Thread 0xb3879400 Threw 0x6ea99ac0 at /build/openjdk-7-mks0zz/openjdk-7-7u121-2.6.8/build/openjdk/hotspot/src/share/vm/prims/jvm.cpp:1322
Event: 5467.803 Thread 0xb3879400 Threw 0x6ea9d060 at /build/openjdk-7-mks0zz/openjdk-7-7u121-2.6.8/build/openjdk/hotspot/src/share/vm/prims/jvm.cpp:1322
Event: 5467.803 Thread 0xb3879400 Threw 0x6eaa0658 at /build/openjdk-7-mks0zz/openjdk-7-7u121-2.6.8/build/openjdk/hotspot/src/share/vm/prims/jvm.cpp:1322
Event: 5467.803 Thread 0xb3879400 Threw 0x6eaa3768 at /build/openjdk-7-mks0zz/openjdk-7-7u121-2.6.8/build/openjdk/hotspot/src/share/vm/prims/jvm.cpp:1322
Event: 5467.825 Thread 0xb3879400 Threw 0x6ebe0a78 at /build/openjdk-7-mks0zz/openjdk-7-7u121-2.6.8/build/openjdk/hotspot/src/share/vm/prims/jvm.cpp:1322
Event: 5468.993 Thread 0x095cf400 Threw 0x6e9da6d0 at /build/openjdk-7-mks0zz/openjdk-7-7u121-2.6.8/build/openjdk/hotspot/src/share/vm/prims/jvm.cpp:1322
Event: 5468.993 Thread 0x095cf400 Threw 0x6e9f4970 at /build/openjdk-7-mks0zz/openjdk-7-7u121-2.6.8/build/openjdk/hotspot/src/share/vm/prims/jvm.cpp:1322

Events (10 events):
Event: 5468.993 loading class 0x09494868
Event: 5468.993 loading class 0x09494868 done
Event: 5468.993 Executing VM operation: RevokeBias
Event: 5468.993 Executing VM operation: RevokeBias done
Event: 5468.993 Executing VM operation: RevokeBias
Event: 5468.993 Executing VM operation: RevokeBias done
Event: 5468.993 Executing VM operation: RevokeBias
Event: 5468.994 Executing VM operation: RevokeBias done
Event: 5468.994 Executing VM operation: RevokeBias
Event: 5468.994 Executing VM operation: RevokeBias done


Dynamic libraries:
08048000-08049000 r-xp 00000000 08:01 277177     /usr/lib/jvm/java-7-openjdk-i386/jre/bin/java
08049000-0804a000 r--p 00000000 08:01 277177     /usr/lib/jvm/java-7-openjdk-i386/jre/bin/java
0804a000-0804b000 rw-p 00001000 08:01 277177     /usr/lib/jvm/java-7-openjdk-i386/jre/bin/java
09304000-09789000 rw-p 00000000 00:00 0          [heap]
6e800000-6ed80000 rw-p 00000000 00:00 0 
6ed80000-792a0000 rw-p 00000000 00:00 0 
792a0000-79d50000 rw-p 00000000 00:00 0 
79d50000-79d90000 ---p 00000000 00:00 0 
79d90000-8e800000 rw-p 00000000 00:00 0 
8e800000-8f400000 rw-p 00000000 00:00 0 
8f400000-92800000 rw-p 00000000 00:00 0 
92800000-92e01000 r--p 00001000 08:01 179396     /usr/lib/jvm/java-7-openjdk-i386/jre/lib/i386/client/classes.jsa
92e01000-93200000 rw-p 00000000 00:00 0 
93200000-9391f000 rw-p 00602000 08:01 179396     /usr/lib/jvm/java-7-openjdk-i386/jre/lib/i386/client/classes.jsa
9391f000-93e00000 rw-p 00000000 00:00 0 
93e00000-94115000 rw-p 00d21000 08:01 179396     /usr/lib/jvm/java-7-openjdk-i386/jre/lib/i386/client/classes.jsa
94115000-94200000 rw-p 00000000 00:00 0 
94200000-94209000 r-xp 01036000 08:01 179396     /usr/lib/jvm/java-7-openjdk-i386/jre/lib/i386/client/classes.jsa
94209000-94600000 rw-p 00000000 00:00 0 
b2105000-b2108000 ---p 00000000 00:00 0 
b2108000-b2156000 rw-p 00000000 00:00 0 
b2156000-b2159000 ---p 00000000 00:00 0 
b2159000-b21a7000 rw-p 00000000 00:00 0          [stack:1418]
b21a7000-b21aa000 ---p 00000000 00:00 0 
b21aa000-b21f8000 rw-p 00000000 00:00 0          [stack:1378]
b22be000-b22ea000 r-xp 00000000 08:01 339410     /home/user/Desktop/Dual-radio-simulation/lanada/log_test/obj_cooja/mtype287.cooja
b22ea000-b22eb000 r--p 0002b000 08:01 339410     /home/user/Desktop/Dual-radio-simulation/lanada/log_test/obj_cooja/mtype287.cooja
b22eb000-b22ec000 rw-p 0002c000 08:01 339410     /home/user/Desktop/Dual-radio-simulation/lanada/log_test/obj_cooja/mtype287.cooja
b22ec000-b22fd000 rw-p 00000000 00:00 0          [stack:1429]
b22fd000-b2329000 r-xp 00000000 08:01 339401     /home/user/Desktop/Dual-radio-simulation/lanada/log_test/obj_cooja/mtype154.cooja
b2329000-b232a000 r--p 0002b000 08:01 339401     /home/user/Desktop/Dual-radio-simulation/lanada/log_test/obj_cooja/mtype154.cooja
b232a000-b232b000 rw-p 0002c000 08:01 339401     /home/user/Desktop/Dual-radio-simulation/lanada/log_test/obj_cooja/mtype154.cooja
b232b000-b233c000 rw-p 00000000 00:00 0 
b233c000-b233f000 ---p 00000000 00:00 0 
b233f000-b238d000 rw-p 00000000 00:00 0          [stack:906]
b238d000-b2390000 ---p 00000000 00:00 0 
b2390000-b23de000 rw-p 00000000 00:00 0          [stack:907]
b23de000-b23e1000 ---p 00000000 00:00 0 
b23e1000-b242f000 rw-p 00000000 00:00 0          [stack:1419]
b243e000-b2441000 ---p 00000000 00:00 0 
b2441000-b248f000 rw-p 00000000 00:00 0          [stack:963]
b248f000-b2492000 ---p 00000000 00:00 0 
b2492000-b24e0000 rw-p 00000000 00:00 0          [stack:964]
b24e0000-b2534000 rw-s 00000000 00:04 20643858   /SYSV00000000 (deleted)
b2534000-b2560000 r-xp 00000000 08:01 339387     /home/user/Desktop/Dual-radio-simulation/lanada/log_test/obj_cooja/mtype781.cooja (deleted)
b2560000-b2561000 r--p 0002b000 08:01 339387     /home/user/Desktop/Dual-radio-simulation/lanada/log_test/obj_cooja/mtype781.cooja (deleted)
b2561000-b2562000 rw-p 0002c000 08:01 339387     /home/user/Desktop/Dual-radio-simulation/lanada/log_test/obj_cooja/mtype781.cooja (deleted)
b2562000-b2573000 rw-p 00000000 00:00 0 
b2573000-b2576000 ---p 00000000 00:00 0 
b2576000-b25c4000 rw-p 00000000 00:00 0          [stack:27638]
b25c4000-b25c7000 ---p 00000000 00:00 0 
b25c7000-b2615000 rw-p 00000000 00:00 0          [stack:654]
b2615000-b2618000 ---p 00000000 00:00 0 
b2618000-b2666000 rw-p 00000000 00:00 0          [stack:27639]
b2675000-b2678000 ---p 00000000 00:00 0 
b2678000-b26c6000 rw-p 00000000 00:00 0          [stack:653]
b26c6000-b26c9000 ---p 00000000 00:00 0 
b26c9000-b2717000 rw-p 00000000 00:00 0          [stack:664]
b2717000-b276b000 rw-s 00000000 00:04 12615692   /SYSV00000000 (deleted)
b276b000-b276e000 ---p 00000000 00:00 0 
b276e000-b27bc000 rw-p 00000000 00:00 0          [stack:25512]
b27bc000-b27bf000 ---p 00000000 00:00 0 
b27bf000-b280d000 rw-p 00000000 00:00 0          [stack:25513]
b280d000-b2810000 ---p 00000000 00:00 0 
b2810000-b285e000 rw-p 00000000 00:00 0          [stack:974]
b2870000-b2873000 ---p 00000000 00:00 0 
b2873000-b28c1000 rw-p 00000000 00:00 0          [stack:26513]
b28c1000-b28c4000 ---p 00000000 00:00 0 
b28c4000-b2912000 rw-p 00000000 00:00 0          [stack:26514]
b2912000-b2915000 ---p 00000000 00:00 0 
b2915000-b2963000 rw-p 00000000 00:00 0          [stack:26524]
b2963000-b2966000 ---p 00000000 00:00 0 
b2966000-b29b4000 rw-p 00000000 00:00 0          [stack:24459]
b29b4000-b29b7000 ---p 00000000 00:00 0 
b29b7000-b2a05000 rw-p 00000000 00:00 0          [stack:24448]
b2a05000-b2a08000 ---p 00000000 00:00 0 
b2a08000-b2a56000 rw-p 00000000 00:00 0          [stack:24447]
b2a5e000-b2a61000 ---p 00000000 00:00 0 
b2a61000-b2aaf000 rw-p 00000000 00:00 0          [stack:25427]
b2ac1000-b2ac4000 ---p 00000000 00:00 0 
b2ac4000-b2b12000 rw-p 00000000 00:00 0          [stack:25428]
b2b1c000-b2b1f000 ---p 00000000 00:00 0 
b2b1f000-b2b6d000 rw-p 00000000 00:00 0          [stack:25438]
b2b6d000-b2b70000 ---p 00000000 00:00 0 
b2b70000-b2bbf000 rw-p 00000000 00:00 0          [stack:25523]
b2bbf000-b2bc3000 rw-s 00000000 00:04 25133076   /SYSV00000000 (deleted)
b2bc3000-b3258000 rw-s 00000000 00:04 1900549    /SYSV00000000 (deleted)
b3258000-b325a000 r--s 00003000 08:01 289777     /home/user/Desktop/Dual-radio-simulation/tools/cooja/apps/powertracker/lib/powertracker.jar
b325a000-b325b000 r--s 00002000 08:01 266126     /home/user/Desktop/Dual-radio-simulation/tools/cooja/apps/collect-view/cooja-collect-view.jar
b325b000-b325d000 r--s 00008000 08:01 289775     /home/user/Desktop/Dual-radio-simulation/tools/cooja/apps/serial_socket/lib/serial_socket.jar
b325d000-b3297000 r--s 001e1000 08:01 291798     /home/user/Desktop/Dual-radio-simulation/tools/cooja/apps/avrora/lib/avrora-small.jar
b3297000-b3298000 r--s 00008000 08:01 265385     /home/user/Desktop/Dual-radio-simulation/tools/cooja/apps/avrora/lib/cooja_avrora.jar
b3298000-b329a000 r--s 00010000 08:01 292113     /home/user/Desktop/Dual-radio-simulation/tools/cooja/apps/mspsim/lib/jipv6.jar
b329a000-b329b000 r--s 00004000 08:01 289779     /home/user/Desktop/Dual-radio-simulation/tools/cooja/apps/mspsim/lib/coffee.jar
b329b000-b32a7000 r--s 000eb000 08:01 269680     /home/user/Desktop/Dual-radio-simulation/tools/cooja/apps/mspsim/lib/mspsim.jar
b32a7000-b32ad000 r--s 00062000 08:01 268623     /home/user/Desktop/Dual-radio-simulation/tools/cooja/apps/mspsim/lib/cooja_mspsim.jar
b32ad000-b32b0000 r--s 0001e000 08:01 266127     /home/user/Desktop/Dual-radio-simulation/tools/cooja/apps/mrm/lib/mrm.jar
b32b0000-b32b3000 ---p 00000000 00:00 0 
b32b3000-b3301000 rw-p 00000000 00:00 0          [stack:23416]
b3301000-b3304000 ---p 00000000 00:00 0 
b3304000-b3352000 rw-p 00000000 00:00 0          [stack:23415]
b3352000-b3355000 ---p 00000000 00:00 0 
b3355000-b33a3000 rw-p 00000000 00:00 0          [stack:23414]
b33a3000-b33a4000 r--s 00000000 08:01 403278     /var/cache/fontconfig/c05880de57d1f5e948fdfacc138775d9-le32d4.cache-4
b33a4000-b33ac000 r--s 00000000 08:01 395165     /var/cache/fontconfig/945677eb7aeaf62f1d50efc3fb3ec7d8-le32d4.cache-4
b33ac000-b33ae000 r--s 00000000 08:01 401858     /var/cache/fontconfig/99e8ed0e538f840c565b6ed5dad60d56-le32d4.cache-4
b33ae000-b33b2000 r--s 00000000 08:01 401857     /var/cache/fontconfig/2cd17615ca594fa2959ae173292e504c-le32d4.cache-4
b33b2000-b33b3000 r--s 00000000 08:01 401856     /var/cache/fontconfig/e7071f4a29fa870f4323321c154eba04-le32d4.cache-4
b33b3000-b33b4000 r--s 00000000 08:01 401855     /var/cache/fontconfig/0d8c3b2ac0904cb8a57a757ad11a4a08-le32d4.cache-4
b33b4000-b33b9000 r--s 00000000 08:01 401853     /var/cache/fontconfig/a755afe4a08bf5b97852ceb7400b47bc-le32d4.cache-4
b33b9000-b33c2000 r--s 00000000 08:01 401852     /var/cache/fontconfig/6d41288fd70b0be22e8c3a91e032eec0-le32d4.cache-4
b33c2000-b33d1000 r--s 00000000 08:01 401851     /var/cache/fontconfig/04aabc0a78ac019cf9454389977116d2-le32d4.cache-4
b33d1000-b33d2000 r--s 00000000 08:01 401850     /var/cache/fontconfig/1ac9eb803944fde146138c791f5cc56a-le32d4.cache-4
b33d2000-b33d5000 r--s 00000000 08:01 401849     /var/cache/fontconfig/385c0604a188198f04d133e54aba7fe7-le32d4.cache-4
b33d5000-b33d7000 r--s 00000000 08:01 393795     /var/cache/fontconfig/767a8244fc0220cfb567a839d0392e0b-le32d4.cache-4
b33d7000-b33db000 r--s 00000000 08:01 401846     /var/cache/fontconfig/8801497958630a81b71ace7c5f9b32a8-le32d4.cache-4
b33db000-b33e0000 r--s 00000000 08:01 401845     /var/cache/fontconfig/3047814df9a2f067bd2d96a2b9c36e5a-le32d4.cache-4
b33e0000-b33f0000 r--s 00000000 08:01 401830     /var/cache/fontconfig/d52a8644073d54c13679302ca1180695-le32d4.cache-4
b33f0000-b3440000 r-xp 00000000 08:01 171756     /usr/lib/jvm/java-7-openjdk-i386/jre/lib/i386/libfontmanager.so
b3440000-b3442000 r--p 0004f000 08:01 171756     /usr/lib/jvm/java-7-openjdk-i386/jre/lib/i386/libfontmanager.so
b3442000-b3443000 rw-p 00051000 08:01 171756     /usr/lib/jvm/java-7-openjdk-i386/jre/lib/i386/libfontmanager.so
b3443000-b3446000 ---p 00000000 00:00 0 
b3446000-b3494000 rw-p 00000000 00:00 0          [stack:23413]
b3494000-b3498000 r-xp 00000000 08:01 7640       /usr/lib/i386-linux-gnu/libXfixes.so.3.1.0
b3498000-b3499000 r--p 00003000 08:01 7640       /usr/lib/i386-linux-gnu/libXfixes.so.3.1.0
b3499000-b349a000 rw-p 00004000 08:01 7640       /usr/lib/i386-linux-gnu/libXfixes.so.3.1.0
b349a000-b34a3000 r-xp 00000000 08:01 9790       /usr/lib/i386-linux-gnu/libXcursor.so.1.0.2
b34a3000-b34a4000 r--p 00008000 08:01 9790       /usr/lib/i386-linux-gnu/libXcursor.so.1.0.2
b34a4000-b34a5000 rw-p 00009000 08:01 9790       /usr/lib/i386-linux-gnu/libXcursor.so.1.0.2
b34a5000-b34a8000 ---p 00000000 00:00 0 
b34a8000-b34f6000 rw-p 00000000 00:00 0          [stack:23412]
b34f6000-b351c000 r-xp 00000000 08:01 142126     /lib/i386-linux-gnu/libpng12.so.0.50.0
b351c000-b351d000 r--p 00025000 08:01 142126     /lib/i386-linux-gnu/libpng12.so.0.50.0
b351d000-b351e000 rw-p 00026000 08:01 142126     /lib/i386-linux-gnu/libpng12.so.0.50.0
b351e000-b3523000 r-xp 00000000 08:01 5406       /usr/lib/i386-linux-gnu/libXdmcp.so.6.0.0
b3523000-b3524000 r--p 00004000 08:01 5406       /usr/lib/i386-linux-gnu/libXdmcp.so.6.0.0
b3524000-b3525000 rw-p 00005000 08:01 5406       /usr/lib/i386-linux-gnu/libXdmcp.so.6.0.0
b3525000-b354a000 r-xp 00000000 08:01 131117     /lib/i386-linux-gnu/libexpat.so.1.6.0
b354a000-b354b000 ---p 00025000 08:01 131117     /lib/i386-linux-gnu/libexpat.so.1.6.0
b354b000-b354d000 r--p 00025000 08:01 131117     /lib/i386-linux-gnu/libexpat.so.1.6.0
b354d000-b354e000 rw-p 00027000 08:01 131117     /lib/i386-linux-gnu/libexpat.so.1.6.0
b354e000-b35e9000 r-xp 00000000 08:01 9114       /usr/lib/i386-linux-gnu/libfreetype.so.6.11.1
b35e9000-b35ed000 r--p 0009a000 08:01 9114       /usr/lib/i386-linux-gnu/libfreetype.so.6.11.1
b35ed000-b35ee000 rw-p 0009e000 08:01 9114       /usr/lib/i386-linux-gnu/libfreetype.so.6.11.1
b35ee000-b360e000 r-xp 00000000 08:01 66655      /usr/lib/i386-linux-gnu/libxcb.so.1.1.0
b360e000-b360f000 r--p 0001f000 08:01 66655      /usr/lib/i386-linux-gnu/libxcb.so.1.1.0
b360f000-b3610000 rw-p 00020000 08:01 66655      /usr/lib/i386-linux-gnu/libxcb.so.1.1.0
b3610000-b3649000 r-xp 00000000 08:01 9177       /usr/lib/i386-linux-gnu/libfontconfig.so.1.8.0
b3649000-b364a000 r--p 00039000 08:01 9177       /usr/lib/i386-linux-gnu/libfontconfig.so.1.8.0
b364a000-b364b000 rw-p 0003a000 08:01 9177       /usr/lib/i386-linux-gnu/libfontconfig.so.1.8.0
b364b000-b3659000 r-xp 00000000 08:01 7577       /usr/lib/i386-linux-gnu/libXi.so.6.1.0
b3659000-b365a000 r--p 0000e000 08:01 7577       /usr/lib/i386-linux-gnu/libXi.so.6.1.0
b365a000-b365b000 rw-p 0000f000 08:01 7577       /usr/lib/i386-linux-gnu/libXi.so.6.1.0
b365b000-b3660000 r-xp 00000000 08:01 10292      /usr/lib/i386-linux-gnu/libXtst.so.6.1.0
b3660000-b3661000 r--p 00004000 08:01 10292      /usr/lib/i386-linux-gnu/libXtst.so.6.1.0
b3661000-b3662000 rw-p 00005000 08:01 10292      /usr/lib/i386-linux-gnu/libXtst.so.6.1.0
b3662000-b366b000 r-xp 00000000 08:01 6199       /usr/lib/i386-linux-gnu/libXrender.so.1.3.0
b366b000-b366c000 r--p 00008000 08:01 6199       /usr/lib/i386-linux-gnu/libXrender.so.1.3.0
b366c000-b366d000 rw-p 00009000 08:01 6199       /usr/lib/i386-linux-gnu/libXrender.so.1.3.0
b366d000-b379d000 r-xp 00000000 08:01 10842      /usr/lib/i386-linux-gnu/libX11.so.6.3.0
b379d000-b379e000 r--p 00130000 08:01 10842      /usr/lib/i386-linux-gnu/libX11.so.6.3.0
b379e000-b37a0000 rw-p 00131000 08:01 10842      /usr/lib/i386-linux-gnu/libX11.so.6.3.0
b37a0000-b37a1000 rw-p 00000000 00:00 0 
b37a1000-b37b2000 r-xp 00000000 08:01 6183       /usr/lib/i386-linux-gnu/libXext.so.6.4.0
b37b2000-b37b3000 r--p 00010000 08:01 6183       /usr/lib/i386-linux-gnu/libXext.so.6.4.0
b37b3000-b37b4000 rw-p 00011000 08:01 6183       /usr/lib/i386-linux-gnu/libXext.so.6.4.0
b37b4000-b37fc000 r-xp 00000000 08:01 136650     /usr/lib/jvm/java-7-openjdk-i386/jre/lib/i386/xawt/libmawt.so
b37fc000-b37fd000 r--p 00048000 08:01 136650     /usr/lib/jvm/java-7-openjdk-i386/jre/lib/i386/xawt/libmawt.so
b37fd000-b37ff000 rw-p 00049000 08:01 136650     /usr/lib/jvm/java-7-openjdk-i386/jre/lib/i386/xawt/libmawt.so
b37ff000-b3800000 rw-p 00000000 00:00 0 
b3800000-b3899000 rw-p 00000000 00:00 0 
b3899000-b3900000 ---p 00000000 00:00 0 
b3900000-b3901000 r--s 00000000 08:01 401848     /var/cache/fontconfig/dc05db6664285cc2f12bf69c139ae4c3-le32d4.cache-4
b3901000-b3902000 r--s 00000000 08:01 401847     /var/cache/fontconfig/4794a0821666d79190d59a36cb4f44b5-le32d4.cache-4
b3902000-b3904000 r-xp 00000000 08:01 5352       /usr/lib/i386-linux-gnu/libXau.so.6.0.0
b3904000-b3905000 r--p 00001000 08:01 5352       /usr/lib/i386-linux-gnu/libXau.so.6.0.0
b3905000-b3906000 rw-p 00002000 08:01 5352       /usr/lib/i386-linux-gnu/libXau.so.6.0.0
b3906000-b3908000 r-xp 00000000 08:01 3489       /usr/lib/i386-linux-gnu/libXcomposite.so.1.0.0
b3908000-b3909000 r--p 00001000 08:01 3489       /usr/lib/i386-linux-gnu/libXcomposite.so.1.0.0
b3909000-b390a000 rw-p 00002000 08:01 3489       /usr/lib/i386-linux-gnu/libXcomposite.so.1.0.0
b390a000-b3999000 r-xp 00000000 08:01 171844     /usr/lib/jvm/java-7-openjdk-i386/jre/lib/i386/libawt.so
b3999000-b399a000 r--p 0008f000 08:01 171844     /usr/lib/jvm/java-7-openjdk-i386/jre/lib/i386/libawt.so
b399a000-b39a1000 rw-p 00090000 08:01 171844     /usr/lib/jvm/java-7-openjdk-i386/jre/lib/i386/libawt.so
b39a1000-b39c5000 rw-p 00000000 00:00 0 
b39c5000-b3a01000 r-xp 00000000 08:01 132344     /lib/i386-linux-gnu/libpcre.so.3.13.1
b3a01000-b3a02000 r--p 0003b000 08:01 132344     /lib/i386-linux-gnu/libpcre.so.3.13.1
b3a02000-b3a03000 rw-p 0003c000 08:01 132344     /lib/i386-linux-gnu/libpcre.so.3.13.1
b3a03000-b3a08000 r-xp 00000000 08:01 9076       /usr/lib/i386-linux-gnu/libffi.so.6.0.1
b3a08000-b3a09000 r--p 00005000 08:01 9076       /usr/lib/i386-linux-gnu/libffi.so.6.0.1
b3a09000-b3a0a000 rw-p 00006000 08:01 9076       /usr/lib/i386-linux-gnu/libffi.so.6.0.1
b3a0a000-b3a1d000 r-xp 00000000 08:01 158559     /lib/i386-linux-gnu/libresolv-2.19.so
b3a1d000-b3a1e000 ---p 00013000 08:01 158559     /lib/i386-linux-gnu/libresolv-2.19.so
b3a1e000-b3a1f000 r--p 00013000 08:01 158559     /lib/i386-linux-gnu/libresolv-2.19.so
b3a1f000-b3a20000 rw-p 00014000 08:01 158559     /lib/i386-linux-gnu/libresolv-2.19.so
b3a20000-b3a22000 rw-p 00000000 00:00 0 
b3a22000-b3a42000 r-xp 00000000 08:01 131406     /lib/i386-linux-gnu/libselinux.so.1
b3a42000-b3a43000 r--p 0001f000 08:01 131406     /lib/i386-linux-gnu/libselinux.so.1
b3a43000-b3a44000 rw-p 00020000 08:01 131406     /lib/i386-linux-gnu/libselinux.so.1
b3a44000-b3a45000 rw-p 00000000 00:00 0 
b3a45000-b3a48000 r-xp 00000000 08:01 1675       /usr/lib/i386-linux-gnu/libgmodule-2.0.so.0.4002.0
b3a48000-b3a49000 r--p 00002000 08:01 1675       /usr/lib/i386-linux-gnu/libgmodule-2.0.so.0.4002.0
b3a49000-b3a4a000 rw-p 00003000 08:01 1675       /usr/lib/i386-linux-gnu/libgmodule-2.0.so.0.4002.0
b3a4a000-b3b54000 r-xp 00000000 08:01 136564     /lib/i386-linux-gnu/libglib-2.0.so.0.4002.0
b3b54000-b3b55000 r--p 00109000 08:01 136564     /lib/i386-linux-gnu/libglib-2.0.so.0.4002.0
b3b55000-b3b56000 rw-p 0010a000 08:01 136564     /lib/i386-linux-gnu/libglib-2.0.so.0.4002.0
b3b56000-b3ba6000 r-xp 00000000 08:01 1672       /usr/lib/i386-linux-gnu/libgobject-2.0.so.0.4002.0
b3ba6000-b3ba7000 r--p 0004f000 08:01 1672       /usr/lib/i386-linux-gnu/libgobject-2.0.so.0.4002.0
b3ba7000-b3ba8000 rw-p 00050000 08:01 1672       /usr/lib/i386-linux-gnu/libgobject-2.0.so.0.4002.0
b3ba8000-b3d25000 r-xp 00000000 08:01 1674       /usr/lib/i386-linux-gnu/libgio-2.0.so.0.4002.0
b3d25000-b3d27000 r--p 0017d000 08:01 1674       /usr/lib/i386-linux-gnu/libgio-2.0.so.0.4002.0
b3d27000-b3d28000 rw-p 0017f000 08:01 1674       /usr/lib/i386-linux-gnu/libgio-2.0.so.0.4002.0
b3d28000-b3d29000 rw-p 00000000 00:00 0 
b3d29000-b3d2d000 r--s 00000000 08:01 401842     /var/cache/fontconfig/b47c4e1ecd0709278f4910c18777a504-le32d4.cache-4
b3d2d000-b3d34000 r--s 00000000 08:01 401829     /var/cache/fontconfig/3f7329c5293ffd510edef78f73874cfd-le32d4.cache-4
b3d34000-b3d3d000 r--s 00000000 08:01 401785     /var/cache/fontconfig/d589a48862398ed80a3d6066f4f56f4c-le32d4.cache-4
b3d3d000-b3d40000 r--s 00000000 08:01 394702     /var/cache/fontconfig/7ef2298fde41cc6eeb7af42e48b7d293-le32d4.cache-4
b3d40000-b3d58000 r-xp 00000000 08:01 171836     /usr/lib/jvm/java-7-openjdk-i386/jre/lib/i386/libnet.so
b3d58000-b3d59000 r--p 00017000 08:01 171836     /usr/lib/jvm/java-7-openjdk-i386/jre/lib/i386/libnet.so
b3d59000-b3d5a000 rw-p 00018000 08:01 171836     /usr/lib/jvm/java-7-openjdk-i386/jre/lib/i386/libnet.so
b3d5a000-b3d6b000 r-xp 00000000 08:01 171778     /usr/lib/jvm/java-7-openjdk-i386/jre/lib/i386/libnio.so
b3d6b000-b3d6c000 r--p 00010000 08:01 171778     /usr/lib/jvm/java-7-openjdk-i386/jre/lib/i386/libnio.so
b3d6c000-b3d6d000 rw-p 00011000 08:01 171778     /usr/lib/jvm/java-7-openjdk-i386/jre/lib/i386/libnio.so
b3d6d000-b3d77000 r--s 000ae000 08:01 136921     /usr/lib/jvm/java-7-openjdk-i386/jre/lib/resources.jar
b3d77000-b3d94000 r--s 0014f000 08:01 293673     /home/user/Desktop/Dual-radio-simulation/tools/cooja/lib/swingx-all-1.6.4.jar
b3d94000-b3d9b000 r--s 0005b000 08:01 293671     /home/user/Desktop/Dual-radio-simulation/tools/cooja/lib/jsyntaxpane.jar
b3d9b000-b3da2000 r--s 0004f000 08:01 293672     /home/user/Desktop/Dual-radio-simulation/tools/cooja/lib/log4j.jar
b3da2000-b3da5000 r--s 00022000 08:01 293670     /home/user/Desktop/Dual-radio-simulation/tools/cooja/lib/jdom.jar
b3da5000-b3da9000 r--s 00085000 08:01 171728     /usr/lib/jvm/java-7-openjdk-i386/jre/lib/ext/localedata.jar
b3da9000-b3dad000 r--s 00034000 08:01 136936     /usr/lib/jvm/java-7-openjdk-i386/jre/lib/ext/sunjce_provider.jar
b3dad000-b3dae000 ---p 00000000 00:00 0 
b3dae000-b3e2e000 rw-p 00000000 00:00 0          [stack:23411]
b3e2e000-b3e31000 ---p 00000000 00:00 0 
b3e31000-b3e7f000 rw-p 00000000 00:00 0          [stack:23410]
b3e7f000-b3e82000 ---p 00000000 00:00 0 
b3e82000-b3f00000 rw-p 00000000 00:00 0          [stack:23409]
b3f00000-b4100000 r--p 00000000 08:01 369        /usr/lib/locale/locale-archive
b4100000-b41b1000 rw-p 00000000 00:00 0 
b41b1000-b4200000 ---p 00000000 00:00 0 
b4200000-b4201000 r--s 00000000 08:01 401844     /var/cache/fontconfig/56cf4f4769d0f4abc89a4895d7bd3ae1-le32d4.cache-4
b4201000-b4202000 r--s 00000000 08:01 401843     /var/cache/fontconfig/b9d506c9ac06c20b433354fa67a72993-le32d4.cache-4
b4202000-b4205000 r--s 0000f000 08:01 153628     /usr/lib/jvm/java-7-openjdk-i386/jre/lib/ext/icedtea-sound.jar
b4205000-b4208000 ---p 00000000 00:00 0 
b4208000-b4256000 rw-p 00000000 00:00 0          [stack:23408]
b4256000-b4259000 ---p 00000000 00:00 0 
b4259000-b42a7000 rw-p 00000000 00:00 0          [stack:23407]
b42a7000-b42aa000 ---p 00000000 00:00 0 
b42aa000-b42f8000 rw-p 00000000 00:00 0          [stack:23406]
b42f8000-b42f9000 ---p 00000000 00:00 0 
b42f9000-b43c2000 rw-p 00000000 00:00 0          [stack:23405]
b43c2000-b4575000 r--s 01d41000 08:01 136926     /usr/lib/jvm/java-7-openjdk-i386/jre/lib/rt.jar
b4575000-b4583000 rw-p 00000000 00:00 0 
b4583000-b459d000 rw-p 00000000 00:00 0 
b459d000-b45a3000 rw-p 00000000 00:00 0 
b45a3000-b4648000 rw-p 00000000 00:00 0 
b4648000-b464b000 rw-p 00000000 00:00 0 
b464b000-b469d000 rw-p 00000000 00:00 0 
b469d000-b46a3000 rw-p 00000000 00:00 0 
b46a3000-b4748000 rw-p 00000000 00:00 0 
b4748000-b474e000 rw-p 00000000 00:00 0 
b474e000-b4768000 rw-p 00000000 00:00 0 
b4768000-b4784000 rw-p 00000000 00:00 0 
b4784000-b47f4000 rw-p 00000000 00:00 0 
b47f4000-b4be4000 rwxp 00000000 00:00 0 
b4be4000-b67f4000 rw-p 00000000 00:00 0 
b67f4000-b67fe000 r-xp 00000000 08:01 159039     /lib/i386-linux-gnu/libnss_files-2.19.so
b67fe000-b67ff000 r--p 00009000 08:01 159039     /lib/i386-linux-gnu/libnss_files-2.19.so
b67ff000-b6800000 rw-p 0000a000 08:01 159039     /lib/i386-linux-gnu/libnss_files-2.19.so
b6800000-b68ff000 rw-p 00000000 00:00 0 
b68ff000-b6900000 ---p 00000000 00:00 0 
b6900000-b6902000 r--s 00000000 08:01 394475     /var/cache/fontconfig/e13b20fdb08344e0e664864cc2ede53d-le32d4.cache-4
b6902000-b6908000 rw-p 00000000 00:00 0 
b6908000-b6912000 r-xp 00000000 08:01 158574     /lib/i386-linux-gnu/libnss_nis-2.19.so
b6912000-b6913000 r--p 00009000 08:01 158574     /lib/i386-linux-gnu/libnss_nis-2.19.so
b6913000-b6914000 rw-p 0000a000 08:01 158574     /lib/i386-linux-gnu/libnss_nis-2.19.so
b6914000-b6929000 r-xp 00000000 08:01 158568     /lib/i386-linux-gnu/libnsl-2.19.so
b6929000-b692a000 r--p 00015000 08:01 158568     /lib/i386-linux-gnu/libnsl-2.19.so
b692a000-b692b000 rw-p 00016000 08:01 158568     /lib/i386-linux-gnu/libnsl-2.19.so
b692b000-b692d000 rw-p 00000000 00:00 0 
b692d000-b6934000 r-xp 00000000 08:01 158567     /lib/i386-linux-gnu/libnss_compat-2.19.so
b6934000-b6935000 r--p 00006000 08:01 158567     /lib/i386-linux-gnu/libnss_compat-2.19.so
b6935000-b6936000 rw-p 00007000 08:01 158567     /lib/i386-linux-gnu/libnss_compat-2.19.so
b6936000-b6937000 r--s 00000000 08:01 401740     /var/cache/fontconfig/0c9eb80ebd1c36541ebe2852d3bb0c49-le32d4.cache-4
b6937000-b6938000 r--s 00002000 08:01 136939     /usr/lib/jvm/java-7-openjdk-i386/jre/lib/ext/dnsns.jar
b6938000-b693b000 r--s 0003d000 08:01 136934     /usr/lib/jvm/java-7-openjdk-i386/jre/lib/ext/sunpkcs11.jar
b693b000-b6943000 r-xp 00000000 08:01 171832     /usr/lib/jvm/java-7-openjdk-i386/jre/lib/i386/libzip.so
b6943000-b6944000 r--p 00007000 08:01 171832     /usr/lib/jvm/java-7-openjdk-i386/jre/lib/i386/libzip.so
b6944000-b6945000 rw-p 00008000 08:01 171832     /usr/lib/jvm/java-7-openjdk-i386/jre/lib/i386/libzip.so
b6945000-b694d000 rw-s 00000000 08:01 136788     /tmp/hsperfdata_user/23399
b694d000-b6974000 r-xp 00000000 08:01 171830     /usr/lib/jvm/java-7-openjdk-i386/jre/lib/i386/libjava.so
b6974000-b6975000 r--p 00026000 08:01 171830     /usr/lib/jvm/java-7-openjdk-i386/jre/lib/i386/libjava.so
b6975000-b6976000 rw-p 00027000 08:01 171830     /usr/lib/jvm/java-7-openjdk-i386/jre/lib/i386/libjava.so
b6976000-b697d000 r-xp 00000000 08:01 158579     /lib/i386-linux-gnu/librt-2.19.so
b697d000-b697e000 r--p 00006000 08:01 158579     /lib/i386-linux-gnu/librt-2.19.so
b697e000-b697f000 rw-p 00007000 08:01 158579     /lib/i386-linux-gnu/librt-2.19.so
b697f000-b6982000 ---p 00000000 00:00 0 
b6982000-b69d0000 rw-p 00000000 00:00 0          [stack:23401]
b69d0000-b69ec000 r-xp 00000000 08:01 158999     /lib/i386-linux-gnu/libgcc_s.so.1
b69ec000-b69ed000 rw-p 0001b000 08:01 158999     /lib/i386-linux-gnu/libgcc_s.so.1
b69ed000-b6a31000 r-xp 00000000 08:01 158561     /lib/i386-linux-gnu/libm-2.19.so
b6a31000-b6a32000 r--p 00043000 08:01 158561     /lib/i386-linux-gnu/libm-2.19.so
b6a32000-b6a33000 rw-p 00044000 08:01 158561     /lib/i386-linux-gnu/libm-2.19.so
b6a33000-b6b0f000 r-xp 00000000 08:01 289        /usr/lib/i386-linux-gnu/libstdc++.so.6.0.19
b6b0f000-b6b13000 r--p 000dc000 08:01 289        /usr/lib/i386-linux-gnu/libstdc++.so.6.0.19
b6b13000-b6b14000 rw-p 000e0000 08:01 289        /usr/lib/i386-linux-gnu/libstdc++.so.6.0.19
b6b14000-b6b1b000 rw-p 00000000 00:00 0 
b6b1b000-b7152000 r-xp 00000000 08:01 171806     /usr/lib/jvm/java-7-openjdk-i386/jre/lib/i386/client/libjvm.so
b7152000-b7153000 ---p 00637000 08:01 171806     /usr/lib/jvm/java-7-openjdk-i386/jre/lib/i386/client/libjvm.so
b7153000-b7169000 r--p 00637000 08:01 171806     /usr/lib/jvm/java-7-openjdk-i386/jre/lib/i386/client/libjvm.so
b7169000-b7178000 rw-p 0064d000 08:01 171806     /usr/lib/jvm/java-7-openjdk-i386/jre/lib/i386/client/libjvm.so
b7178000-b7594000 rw-p 00000000 00:00 0 
b7594000-b75ac000 r-xp 00000000 08:01 158556     /lib/i386-linux-gnu/libz.so.1.2.8
b75ac000-b75ad000 r--p 00017000 08:01 158556     /lib/i386-linux-gnu/libz.so.1.2.8
b75ad000-b75ae000 rw-p 00018000 08:01 158556     /lib/i386-linux-gnu/libz.so.1.2.8
b75ae000-b75c6000 r-xp 00000000 08:01 158571     /lib/i386-linux-gnu/libpthread-2.19.so
b75c6000-b75c7000 r--p 00018000 08:01 158571     /lib/i386-linux-gnu/libpthread-2.19.so
b75c7000-b75c8000 rw-p 00019000 08:01 158571     /lib/i386-linux-gnu/libpthread-2.19.so
b75c8000-b75ca000 rw-p 00000000 00:00 0 
b75ca000-b75cd000 r-xp 00000000 08:01 158563     /lib/i386-linux-gnu/libdl-2.19.so
b75cd000-b75ce000 r--p 00002000 08:01 158563     /lib/i386-linux-gnu/libdl-2.19.so
b75ce000-b75cf000 rw-p 00003000 08:01 158563     /lib/i386-linux-gnu/libdl-2.19.so
b75cf000-b7777000 r-xp 00000000 08:01 158580     /lib/i386-linux-gnu/libc-2.19.so
b7777000-b7778000 ---p 001a8000 08:01 158580     /lib/i386-linux-gnu/libc-2.19.so
b7778000-b777a000 r--p 001a8000 08:01 158580     /lib/i386-linux-gnu/libc-2.19.so
b777a000-b777b000 rw-p 001aa000 08:01 158580     /lib/i386-linux-gnu/libc-2.19.so
b777b000-b777e000 rw-p 00000000 00:00 0 
b777e000-b7780000 r--s 00006000 08:01 276693     /usr/share/java/java-atk-wrapper.jar
b7780000-b7782000 r--s 00012000 08:01 136938     /usr/lib/jvm/java-7-openjdk-i386/jre/lib/ext/zipfs.jar
b7782000-b7783000 r--p 002c5000 08:01 369        /usr/lib/locale/locale-archive
b7783000-b7784000 rw-p 00000000 00:00 0 
b7784000-b7785000 r--p 00000000 00:00 0 
b7785000-b7793000 r-xp 00000000 08:01 171834     /usr/lib/jvm/java-7-openjdk-i386/jre/lib/i386/libverify.so
b7793000-b7794000 r--p 0000d000 08:01 171834     /usr/lib/jvm/java-7-openjdk-i386/jre/lib/i386/libverify.so
b7794000-b7795000 rw-p 0000e000 08:01 171834     /usr/lib/jvm/java-7-openjdk-i386/jre/lib/i386/libverify.so
b7795000-b77a1000 r-xp 00000000 08:01 171842     /usr/lib/jvm/java-7-openjdk-i386/jre/lib/i386/jli/libjli.so
b77a1000-b77a2000 r--p 0000c000 08:01 171842     /usr/lib/jvm/java-7-openjdk-i386/jre/lib/i386/jli/libjli.so
b77a2000-b77a3000 rw-p 0000d000 08:01 171842     /usr/lib/jvm/java-7-openjdk-i386/jre/lib/i386/jli/libjli.so
b77a3000-b77a6000 rw-p 00000000 00:00 0 
b77a6000-b77a7000 r-xp 00000000 00:00 0          [vdso]
b77a7000-b77c7000 r-xp 00000000 08:01 158572     /lib/i386-linux-gnu/ld-2.19.so
b77c7000-b77c8000 r--p 0001f000 08:01 158572     /lib/i386-linux-gnu/ld-2.19.so
b77c8000-b77c9000 rw-p 00020000 08:01 158572     /lib/i386-linux-gnu/ld-2.19.so
bfa9f000-bfaa0000 rwxp 00000000 00:00 0 
bfad2000-bfaf3000 rw-p 00000000 00:00 0          [stack]

VM Arguments:
jvm_args: -Xmx512m -Duser.language=en 
java_command: org.contikios.cooja.Cooja
Launcher Type: SUN_STANDARD

Environment Variables:
JAVA_HOME=/usr/lib/jvm/java-7-openjdk-i386
PATH=/usr/local/sdcc/bin:/usr/local/sbin:/usr/local/bin:/usr/sbin:/usr/bin:/sbin:/bin:/usr/games:/usr/local/games:/home/user/CodeSourcery/Sourcery_G++_Lite/bin:/usr/local/msp430/bin:/home/user/CodeSourcery/Sourcery_G++_Lite/bin
LD_LIBRARY_PATH=.
SHELL=/bin/bash
DISPLAY=:0

Signal Handlers:
SIGSEGV: [libjvm.so+0x4f0b20], sa_mask[0]=0x7ffbfeff, sa_flags=0x10000004
SIGBUS: [libjvm.so+0x4f0b20], sa_mask[0]=0x7ffbfeff, sa_flags=0x10000004
SIGFPE: [libjvm.so+0x3cc460], sa_mask[0]=0x7ffbfeff, sa_flags=0x10000004
SIGPIPE: [libjvm.so+0x3cc460], sa_mask[0]=0x7ffbfeff, sa_flags=0x10000004
SIGXFSZ: [libjvm.so+0x3cc460], sa_mask[0]=0x7ffbfeff, sa_flags=0x10000004
SIGILL: [libjvm.so+0x3cc460], sa_mask[0]=0x7ffbfeff, sa_flags=0x10000004
SIGUSR1: SIG_DFL, sa_mask[0]=0x00000000, sa_flags=0x00000000
SIGUSR2: [libjvm.so+0x3cc5c0], sa_mask[0]=0x00000004, sa_flags=0x10000004
SIGHUP: [libjvm.so+0x3cc520], sa_mask[0]=0x7ffbfeff, sa_flags=0x10000004
SIGINT: [libjvm.so+0x3cc520], sa_mask[0]=0x7ffbfeff, sa_flags=0x10000004
SIGTERM: [libjvm.so+0x3cc520], sa_mask[0]=0x7ffbfeff, sa_flags=0x10000004
SIGQUIT: [libjvm.so+0x3cc520], sa_mask[0]=0x7ffbfeff, sa_flags=0x10000004
SIGTRAP: SIG_DFL, sa_mask[0]=0x00000000, sa_flags=0x00000000


---------------  S Y S T E M  ---------------

OS:Ubuntu 14.04 (trusty)
uname:Linux 3.13.0-107-generic #154-Ubuntu SMP Mon Dec 19 19:20:26 UTC 2016 i686
libc:glibc 2.19 NPTL 2.19 
rlimit: STACK 8192k, CORE 0k, NPROC 32110, NOFILE 4096, AS infinity
load average:0.00 0.01 0.05

/proc/meminfo:
MemTotal:        4130132 kB
MemFree:         2357196 kB
Buffers:          187336 kB
Cached:          1101968 kB
SwapCached:            0 kB
Active:           810096 kB
Inactive:         839296 kB
Active(anon):     361172 kB
Inactive(anon):    25916 kB
Active(file):     448924 kB
Inactive(file):   813380 kB
Unevictable:          32 kB
Mlocked:              32 kB
HighTotal:       3280776 kB
HighFree:        2025388 kB
LowTotal:         849356 kB
LowFree:          331808 kB
SwapTotal:       1046524 kB
SwapFree:        1046524 kB
Dirty:              1212 kB
Writeback:             0 kB
AnonPages:        360192 kB
Mapped:           114660 kB
Shmem:             26928 kB
Slab:              87504 kB
SReclaimable:      73504 kB
SUnreclaim:        14000 kB
KernelStack:        2880 kB
PageTables:         6300 kB
NFS_Unstable:          0 kB
Bounce:                0 kB
WritebackTmp:          0 kB
CommitLimit:     3111588 kB
Committed_AS:    2349776 kB
VmallocTotal:     122880 kB
VmallocUsed:       23580 kB
VmallocChunk:      88436 kB
HardwareCorrupted:     0 kB
AnonHugePages:    167936 kB
HugePages_Total:       0
HugePages_Free:        0
HugePages_Rsvd:        0
HugePages_Surp:        0
Hugepagesize:       2048 kB
DirectMap4k:       12280 kB
DirectMap2M:      901120 kB


CPU:total 1 (1 cores per cpu, 1 threads per core) family 6 model 94 stepping 3, cmov, cx8, fxsr, mmx, sse, sse2, sse3, ssse3, sse4.1, sse4.2, popcnt, avx, aes, tsc, tscinvbit

/proc/cpuinfo:
processor	: 0
vendor_id	: GenuineIntel
cpu family	: 6
model		: 94
model name	: Intel(R) Core(TM) i5-6500 CPU @ 3.20GHz
stepping	: 3
microcode	: 0x76
cpu MHz		: 3600.000
cache size	: 6144 KB
physical id	: 0
siblings	: 1
core id		: 0
cpu cores	: 1
apicid		: 0
initial apicid	: 0
fdiv_bug	: no
f00f_bug	: no
coma_bug	: no
fpu		: yes
fpu_exception	: yes
cpuid level	: 22
wp		: yes
flags		: fpu vme de pse tsc msr pae mce cx8 apic sep mtrr pge mca cmov pat pse36 clflush dts mmx fxsr sse sse2 ss nx rdtscp lm constant_tsc arch_perfmon pebs bts tsc_reliable nonstop_tsc aperfmperf pni pclmulqdq ssse3 fma cx16 sse4_1 sse4_2 movbe popcnt aes xsave avx hypervisor lahf_lm 3dnowprefetch ida arat epb pln pts dtherm
bogomips	: 7200.00
clflush size	: 64
cache_alignment	: 64
address sizes	: 40 bits physical, 48 bits virtual
power management:



Memory: 4k page, physical 4130132k(2357196k free), swap 1046524k(1046524k free)

vm_info: OpenJDK Client VM (24.121-b00) for linux-x86 JRE (1.7.0_121-b00), built on Nov 16 2016 00:51:04 by "buildd" with gcc 4.8.4

time: Wed Jan 25 17:41:04 2017
elapsed time: 5468 seconds

