#
# A fatal error has been detected by the Java Runtime Environment:
#
#  SIGSEGV (0xb) at pc=0xb7705f3c, pid=6419, tid=2997029696
#
# JRE version: OpenJDK Runtime Environment (7.0_111-b01) (build 1.7.0_111-b01)
# Java VM: OpenJDK Client VM (24.111-b01 mixed mode, sharing linux-x86 )
# Derivative: IcedTea 2.6.7
# Distribution: Ubuntu 14.04 LTS, package 7u111-2.6.7-0ubuntu0.14.04.3
# Problematic frame:
# C  [libc.so.6+0x141f3c]
#
# Failed to write core dump. Core dumps have been disabled. To enable core dumping, try "ulimit -c unlimited" before starting Java again
#
# If you would like to submit a bug report, please include
# instructions on how to reproduce the bug and visit:
#   http://icedtea.classpath.org/bugzilla
# The crash happened outside the Java Virtual Machine in native code.
# See problematic frame for where to report the bug.
#

---------------  T H R E A D  ---------------

Current thread (0x09152400):  JavaThread "Thread-5" [_thread_in_native, id=6966, stack(0xb29e0000,0xb2a31000)]

siginfo:si_signo=SIGSEGV: si_errno=0, si_code=1 (SEGV_MAPERR), si_addr=0x00000000

Registers:
EAX=0x00000008, EBX=0xb7705f3c, ECX=0x00000008, EDX=0xb29024ac
ESP=0xb28ff154, EBP=0xb28ff174, ESI=0x00000000, EDI=0x00000000
EIP=0xb7705f3c, EFLAGS=0x00010287, CR2=0x00000000

Top of Stack: (sp=0xb28ff154)
0xb28ff154:   b28fd0f4 b28ef04c 00000000 b29024a4
0xb28ff164:   00000008 b29011e0 b28fd18c b76f758f
0xb28ff174:   b28ff1d4 b28edbce 00000000 b29024a4
0xb28ff184:   00000010 00000000 b28fd1f1 b290240a
0xb28ff194:   b28ff238 b2902360 808fd18c 00000000
0xb28ff1a4:   b2905390 b2905380 b2904b8c 0000002e
0xb28ff1b4:   b29011e0 000080fe 00000000 01000102
0xb28ff1c4:   01000100 2db73000 b28fd18c b76f757f 

Instructions: (pc=0xb7705f3c)
0xb7705f1c:   c8 8d 76 00 8b 48 f0 8b 5a f0 39 d9 0f 85 f2 09
0xb7705f2c:   00 00 8b 48 f4 8b 5a f4 39 d9 0f 85 e4 09 00 00
0xb7705f3c:   8b 48 f8 8b 5a f8 39 d9 0f 85 d6 09 00 00 8b 48
0xb7705f4c:   fc 8b 5a fc 39 d9 b8 00 00 00 00 0f 85 c3 09 00 

Register to memory mapping:

EAX=0x00000008 is an unknown value
EBX=0xb7705f3c: <offset 0x141f3c> in /lib/i386-linux-gnu/libc.so.6 at 0xb75c4000
ECX=0x00000008 is an unknown value
EDX=0xb29024ac: <offset 0x354ac> in /home/user/Desktop/nfs/examples/ipv6/rpl-udp/obj_cooja/mtype232.cooja at 0xb28cd000
ESP=0xb28ff154: <offset 0x32154> in /home/user/Desktop/nfs/examples/ipv6/rpl-udp/obj_cooja/mtype232.cooja at 0xb28cd000
EBP=0xb28ff174: <offset 0x32174> in /home/user/Desktop/nfs/examples/ipv6/rpl-udp/obj_cooja/mtype232.cooja at 0xb28cd000
ESI=0x00000000 is an unknown value
EDI=0x00000000 is an unknown value


Stack: [0xb29e0000,0xb2a31000],  sp=0xb28ff154,  free space=4193404k
Native frames: (J=compiled Java code, j=interpreted, Vv=VM code, C=native code)
C  [libc.so.6+0x141f3c]
C  [mtype232.cooja+0x20bce]  dao_output_target_seq+0x2d4
C  [mtype232.cooja+0x208f8]  dao_output_target+0x34
C  [mtype232.cooja+0x208b1]  dao_output+0xb4
C  [mtype232.cooja+0x214f8]  handle_dao_timer+0x98
C  [mtype232.cooja+0x121e4]  process_thread_ctimer_process+0xe7
C  [mtype232.cooja+0x12a01]  call_process+0x57
C  [mtype232.cooja+0x12c25]  do_event+0x141
C  [mtype232.cooja+0x12c42]  process_run+0x1b
C  [mtype232.cooja+0x105df]  process_run_thread_loop+0x1f

Java frames: (J=compiled Java code, j=interpreted, Vv=VM code)
j  org.contikios.cooja.corecomm.Lib2.tick()V+0
j  org.contikios.cooja.contikimote.ContikiMoteType.tick()V+4
j  org.contikios.cooja.contikimote.ContikiMote.execute(J)V+63
j  org.contikios.cooja.motes.AbstractWakeupMote$1.execute(J)V+5
j  org.contikios.cooja.Simulation.run()V+184
j  java.lang.Thread.run()V+11
v  ~StubRoutines::call_stub

---------------  P R O C E S S  ---------------

Java Threads: ( => current thread )
=>0x09152400 JavaThread "Thread-5" [_thread_in_native, id=6966, stack(0xb29e0000,0xb2a31000)]
  0xb38a9400 JavaThread "Thread-3" [_thread_blocked, id=6955, stack(0xb2957000,0xb29a8000)]
  0xb38a1c00 JavaThread "Thread-1" [_thread_blocked, id=6907, stack(0xb2a31000,0xb2a82000)]
  0xb389cc00 JavaThread "process reaper" daemon [_thread_blocked, id=6870, stack(0xb2ad3000,0xb2aec000)]
  0x0920bc00 JavaThread "TimerQueue" daemon [_thread_blocked, id=6470, stack(0xb32a7000,0xb32f8000)]
  0xb6807800 JavaThread "DestroyJavaVM" [_thread_blocked, id=6421, stack(0xb6976000,0xb69c7000)]
  0xb385c000 JavaThread "AWT-EventQueue-0" [_thread_blocked, id=6461, stack(0xb32f8000,0xb3349000)]
  0xb3874000 JavaThread "AWT-Shutdown" [_thread_blocked, id=6460, stack(0xb3349000,0xb339a000)]
  0xb3849000 JavaThread "AWT-XAWT" daemon [_thread_in_native, id=6451, stack(0xb343d000,0xb348e000)]
  0xb383a000 JavaThread "Java2D Disposer" daemon [_thread_blocked, id=6448, stack(0xb3494000,0xb34e5000)]
  0xb684cc00 JavaThread "Service Thread" daemon [_thread_blocked, id=6431, stack(0xb3ddd000,0xb3e2e000)]
  0xb684ac00 JavaThread "C1 CompilerThread0" daemon [_thread_blocked, id=6430, stack(0xb3e2e000,0xb3eaf000)]
  0xb6849000 JavaThread "Signal Dispatcher" daemon [_thread_blocked, id=6429, stack(0xb3eaf000,0xb3f00000)]
  0xb6833400 JavaThread "Finalizer" daemon [_thread_blocked, id=6427, stack(0xb424a000,0xb429b000)]
  0xb6831c00 JavaThread "Reference Handler" daemon [_thread_blocked, id=6426, stack(0xb429b000,0xb42ec000)]

Other Threads:
  0xb6830400 VMThread [stack: 0xb42ec000,0xb436d000] [id=6425]
  0xb684f000 WatcherThread [stack: 0xb3d5c000,0xb3ddd000] [id=6432]

VM state:not at safepoint (normal execution)

VM Mutex/Monitor currently owned by a thread: None

Heap
 def new generation   total 4992K, used 357K [0x6e800000, 0x6ed60000, 0x792a0000)
  eden space 4480K,   2% used [0x6e800000, 0x6e8208d8, 0x6ec60000)
  from space 512K,  44% used [0x6ece0000, 0x6ed18e58, 0x6ed60000)
  to   space 512K,   0% used [0x6ec60000, 0x6ec60000, 0x6ece0000)
 tenured generation   total 10944K, used 5897K [0x792a0000, 0x79d50000, 0x8e800000)
   the space 10944K,  53% used [0x792a0000, 0x79862648, 0x79862800, 0x79d50000)
 compacting perm gen  total 12288K, used 6601K [0x8e800000, 0x8f400000, 0x92800000)
   the space 12288K,  53% used [0x8e800000, 0x8ee72550, 0x8ee72600, 0x8f400000)
    ro space 10240K,  59% used [0x92800000, 0x92dfe3d8, 0x92dfe400, 0x93200000)
    rw space 12288K,  59% used [0x93200000, 0x9391c2b0, 0x9391c400, 0x93e00000)

Card table byte_map: [0xb463c000,0xb4768000] byte_map_base: 0xb42c8000

Polling page: 0xb7779000

Code Cache  [0xb47e8000, 0xb4a58000, 0xb67e8000)
 total_blobs=1639 nmethods=1344 adapters=230 free_code_cache=30272Kb largest_free_block=30999104

Compilation events (10 events):
Event: 22.301 Thread 0xb684ac00 1345             org.contikios.cooja.mote.memory.MemoryBuffer::getInt (60 bytes)
Event: 22.301 Thread 0xb684ac00 nmethod 1345 0xb4a55788 code [0xb4a558b0, 0xb4a559b0]
Event: 22.301 Thread 0xb684ac00 1346             org.contikios.cooja.mote.memory.Memory::getIntValueOf (38 bytes)
Event: 22.301 Thread 0xb684ac00 nmethod 1346 0xb4a55a88 code [0xb4a55c10, 0xb4a55ee8]
Event: 22.301 Thread 0xb684ac00 1347             org.contikios.cooja.mote.memory.VarMemory::getIntValueOf (15 bytes)
Event: 22.301 Thread 0xb684ac00 nmethod 1347 0xb4a562c8 code [0xb4a56400, 0xb4a56588]
Event: 22.301 Thread 0xb684ac00 1348             org.contikios.cooja.MoteInterfaceHandler::doActiveActionsAfterTick (113 bytes)
Event: 22.302 Thread 0xb684ac00 nmethod 1348 0xb4a56748 code [0xb4a568d0, 0xb4a56d88]
Event: 22.302 Thread 0xb684ac00 1349             org.contikios.cooja.mote.memory.SectionMoteMemory::pollForMemoryChanges (42 bytes)
Event: 22.302 Thread 0xb684ac00 nmethod 1349 0xb4a57208 code [0xb4a57330, 0xb4a574e4]

GC Heap History (10 events):
Event: 16.509 GC heap before
{Heap before GC invocations=179 (full 1):
 def new generation   total 4992K, used 4700K [0x6e800000, 0x6ed60000, 0x792a0000)
  eden space 4480K,  99% used [0x6e800000, 0x6ec5ea40, 0x6ec60000)
  from space 512K,  44% used [0x6ec60000, 0x6ec985d0, 0x6ece0000)
  to   space 512K,   0% used [0x6ece0000, 0x6ece0000, 0x6ed60000)
 tenured generation   total 10944K, used 5650K [0x792a0000, 0x79d50000, 0x8e800000)
   the space 10944K,  51% used [0x792a0000, 0x79824b20, 0x79824c00, 0x79d50000)
 compacting perm gen  total 12288K, used 6577K [0x8e800000, 0x8f400000, 0x92800000)
   the space 12288K,  53% used [0x8e800000, 0x8ee6c508, 0x8ee6c600, 0x8f400000)
    ro space 10240K,  59% used [0x92800000, 0x92dfe3d8, 0x92dfe400, 0x93200000)
    rw space 12288K,  59% used [0x93200000, 0x9391c2b0, 0x9391c400, 0x93e00000)
Event: 16.510 GC heap after
Heap after GC invocations=180 (full 1):
 def new generation   total 4992K, used 285K [0x6e800000, 0x6ed60000, 0x792a0000)
  eden space 4480K,   0% used [0x6e800000, 0x6e800000, 0x6ec60000)
  from space 512K,  55% used [0x6ece0000, 0x6ed27648, 0x6ed60000)
  to   space 512K,   0% used [0x6ec60000, 0x6ec60000, 0x6ece0000)
 tenured generation   total 10944K, used 5650K [0x792a0000, 0x79d50000, 0x8e800000)
   the space 10944K,  51% used [0x792a0000, 0x79824b20, 0x79824c00, 0x79d50000)
 compacting perm gen  total 12288K, used 6577K [0x8e800000, 0x8f400000, 0x92800000)
   the space 12288K,  53% used [0x8e800000, 0x8ee6c508, 0x8ee6c600, 0x8f400000)
    ro space 10240K,  59% used [0x92800000, 0x92dfe3d8, 0x92dfe400, 0x93200000)
    rw space 12288K,  59% used [0x93200000, 0x9391c2b0, 0x9391c400, 0x93e00000)
}
Event: 18.247 GC heap before
{Heap before GC invocations=180 (full 1):
 def new generation   total 4992K, used 4765K [0x6e800000, 0x6ed60000, 0x792a0000)
  eden space 4480K, 100% used [0x6e800000, 0x6ec60000, 0x6ec60000)
  from space 512K,  55% used [0x6ece0000, 0x6ed27648, 0x6ed60000)
  to   space 512K,   0% used [0x6ec60000, 0x6ec60000, 0x6ece0000)
 tenured generation   total 10944K, used 5650K [0x792a0000, 0x79d50000, 0x8e800000)
   the space 10944K,  51% used [0x792a0000, 0x79824b20, 0x79824c00, 0x79d50000)
 compacting perm gen  total 12288K, used 6578K [0x8e800000, 0x8f400000, 0x92800000)
   the space 12288K,  53% used [0x8e800000, 0x8ee6c910, 0x8ee6ca00, 0x8f400000)
    ro space 10240K,  59% used [0x92800000, 0x92dfe3d8, 0x92dfe400, 0x93200000)
    rw space 12288K,  59% used [0x93200000, 0x9391c2b0, 0x9391c400, 0x93e00000)
Event: 18.248 GC heap after
Heap after GC invocations=181 (full 1):
 def new generation   total 4992K, used 203K [0x6e800000, 0x6ed60000, 0x792a0000)
  eden space 4480K,   0% used [0x6e800000, 0x6e800000, 0x6ec60000)
  from space 512K,  39% used [0x6ec60000, 0x6ec92f90, 0x6ece0000)
  to   space 512K,   0% used [0x6ece0000, 0x6ece0000, 0x6ed60000)
 tenured generation   total 10944K, used 5783K [0x792a0000, 0x79d50000, 0x8e800000)
   the space 10944K,  52% used [0x792a0000, 0x79845ff8, 0x79846000, 0x79d50000)
 compacting perm gen  total 12288K, used 6578K [0x8e800000, 0x8f400000, 0x92800000)
   the space 12288K,  53% used [0x8e800000, 0x8ee6c910, 0x8ee6ca00, 0x8f400000)
    ro space 10240K,  59% used [0x92800000, 0x92dfe3d8, 0x92dfe400, 0x93200000)
    rw space 12288K,  59% used [0x93200000, 0x9391c2b0, 0x9391c400, 0x93e00000)
}
Event: 19.320 GC heap before
{Heap before GC invocations=181 (full 1):
 def new generation   total 4992K, used 4683K [0x6e800000, 0x6ed60000, 0x792a0000)
  eden space 4480K, 100% used [0x6e800000, 0x6ec60000, 0x6ec60000)
  from space 512K,  39% used [0x6ec60000, 0x6ec92f90, 0x6ece0000)
  to   space 512K,   0% used [0x6ece0000, 0x6ece0000, 0x6ed60000)
 tenured generation   total 10944K, used 5783K [0x792a0000, 0x79d50000, 0x8e800000)
   the space 10944K,  52% used [0x792a0000, 0x79845ff8, 0x79846000, 0x79d50000)
 compacting perm gen  total 12288K, used 6578K [0x8e800000, 0x8f400000, 0x92800000)
   the space 12288K,  53% used [0x8e800000, 0x8ee6c940, 0x8ee6ca00, 0x8f400000)
    ro space 10240K,  59% used [0x92800000, 0x92dfe3d8, 0x92dfe400, 0x93200000)
    rw space 12288K,  59% used [0x93200000, 0x9391c2b0, 0x9391c400, 0x93e00000)
Event: 19.321 GC heap after
Heap after GC invocations=182 (full 1):
 def new generation   total 4992K, used 260K [0x6e800000, 0x6ed60000, 0x792a0000)
  eden space 4480K,   0% used [0x6e800000, 0x6e800000, 0x6ec60000)
  from space 512K,  50% used [0x6ece0000, 0x6ed21028, 0x6ed60000)
  to   space 512K,   0% used [0x6ec60000, 0x6ec60000, 0x6ece0000)
 tenured generation   total 10944K, used 5783K [0x792a0000, 0x79d50000, 0x8e800000)
   the space 10944K,  52% used [0x792a0000, 0x79845ff8, 0x79846000, 0x79d50000)
 compacting perm gen  total 12288K, used 6578K [0x8e800000, 0x8f400000, 0x92800000)
   the space 12288K,  53% used [0x8e800000, 0x8ee6c940, 0x8ee6ca00, 0x8f400000)
    ro space 10240K,  59% used [0x92800000, 0x92dfe3d8, 0x92dfe400, 0x93200000)
    rw space 12288K,  59% used [0x93200000, 0x9391c2b0, 0x9391c400, 0x93e00000)
}
Event: 21.433 GC heap before
{Heap before GC invocations=182 (full 1):
 def new generation   total 4992K, used 4740K [0x6e800000, 0x6ed60000, 0x792a0000)
  eden space 4480K, 100% used [0x6e800000, 0x6ec60000, 0x6ec60000)
  from space 512K,  50% used [0x6ece0000, 0x6ed21028, 0x6ed60000)
  to   space 512K,   0% used [0x6ec60000, 0x6ec60000, 0x6ece0000)
 tenured generation   total 10944K, used 5783K [0x792a0000, 0x79d50000, 0x8e800000)
   the space 10944K,  52% used [0x792a0000, 0x79845ff8, 0x79846000, 0x79d50000)
 compacting perm gen  total 12288K, used 6580K [0x8e800000, 0x8f400000, 0x92800000)
   the space 12288K,  53% used [0x8e800000, 0x8ee6d268, 0x8ee6d400, 0x8f400000)
    ro space 10240K,  59% used [0x92800000, 0x92dfe3d8, 0x92dfe400, 0x93200000)
    rw space 12288K,  59% used [0x93200000, 0x9391c2b0, 0x9391c400, 0x93e00000)
Event: 21.434 GC heap after
Heap after GC invocations=183 (full 1):
 def new generation   total 4992K, used 107K [0x6e800000, 0x6ed60000, 0x792a0000)
  eden space 4480K,   0% used [0x6e800000, 0x6e800000, 0x6ec60000)
  from space 512K,  20% used [0x6ec60000, 0x6ec7ac38, 0x6ece0000)
  to   space 512K,   0% used [0x6ece0000, 0x6ece0000, 0x6ed60000)
 tenured generation   total 10944K, used 5897K [0x792a0000, 0x79d50000, 0x8e800000)
   the space 10944K,  53% used [0x792a0000, 0x79862648, 0x79862800, 0x79d50000)
 compacting perm gen  total 12288K, used 6580K [0x8e800000, 0x8f400000, 0x92800000)
   the space 12288K,  53% used [0x8e800000, 0x8ee6d268, 0x8ee6d400, 0x8f400000)
    ro space 10240K,  59% used [0x92800000, 0x92dfe3d8, 0x92dfe400, 0x93200000)
    rw space 12288K,  59% used [0x93200000, 0x9391c2b0, 0x9391c400, 0x93e00000)
}
Event: 22.298 GC heap before
{Heap before GC invocations=183 (full 1):
 def new generation   total 4992K, used 4587K [0x6e800000, 0x6ed60000, 0x792a0000)
  eden space 4480K, 100% used [0x6e800000, 0x6ec60000, 0x6ec60000)
  from space 512K,  20% used [0x6ec60000, 0x6ec7ac38, 0x6ece0000)
  to   space 512K,   0% used [0x6ece0000, 0x6ece0000, 0x6ed60000)
 tenured generation   total 10944K, used 5897K [0x792a0000, 0x79d50000, 0x8e800000)
   the space 10944K,  53% used [0x792a0000, 0x79862648, 0x79862800, 0x79d50000)
 compacting perm gen  total 12288K, used 6601K [0x8e800000, 0x8f400000, 0x92800000)
   the space 12288K,  53% used [0x8e800000, 0x8ee72550, 0x8ee72600, 0x8f400000)
    ro space 10240K,  59% used [0x92800000, 0x92dfe3d8, 0x92dfe400, 0x93200000)
    rw space 12288K,  59% used [0x93200000, 0x9391c2b0, 0x9391c400, 0x93e00000)
Event: 22.300 GC heap after
Heap after GC invocations=184 (full 1):
 def new generation   total 4992K, used 227K [0x6e800000, 0x6ed60000, 0x792a0000)
  eden space 4480K,   0% used [0x6e800000, 0x6e800000, 0x6ec60000)
  from space 512K,  44% used [0x6ece0000, 0x6ed18e58, 0x6ed60000)
  to   space 512K,   0% used [0x6ec60000, 0x6ec60000, 0x6ece0000)
 tenured generation   total 10944K, used 5897K [0x792a0000, 0x79d50000, 0x8e800000)
   the space 10944K,  53% used [0x792a0000, 0x79862648, 0x79862800, 0x79d50000)
 compacting perm gen  total 12288K, used 6601K [0x8e800000, 0x8f400000, 0x92800000)
   the space 12288K,  53% used [0x8e800000, 0x8ee72550, 0x8ee72600, 0x8f400000)
    ro space 10240K,  59% used [0x92800000, 0x92dfe3d8, 0x92dfe400, 0x93200000)
    rw space 12288K,  59% used [0x93200000, 0x9391c2b0, 0x9391c400, 0x93e00000)
}

Deoptimization events (0 events):
No events

Internal exceptions (10 events):
Event: 20.735 Thread 0xb385c000 Threw 0x6ebcc0e8 at /build/openjdk-7-Ylwexc/openjdk-7-7u111-2.6.7/build/openjdk/hotspot/src/share/vm/prims/jvm.cpp:1322
Event: 22.226 Thread 0x09152400 Threw 0x6ea88478 at /build/openjdk-7-Ylwexc/openjdk-7-7u111-2.6.7/build/openjdk/hotspot/src/share/vm/prims/jvm.cpp:1322
Event: 22.233 Thread 0x09152400 Threw 0x6ea9cf60 at /build/openjdk-7-Ylwexc/openjdk-7-7u111-2.6.7/build/openjdk/hotspot/src/share/vm/prims/jvm.cpp:1322
Event: 22.241 Thread 0x09152400 Threw 0x6ea9fc10 at /build/openjdk-7-Ylwexc/openjdk-7-7u111-2.6.7/build/openjdk/hotspot/src/share/vm/prims/jvm.cpp:1322
Event: 22.248 Thread 0x09152400 Threw 0x6eaa3f98 at /build/openjdk-7-Ylwexc/openjdk-7-7u111-2.6.7/build/openjdk/hotspot/src/share/vm/prims/jvm.cpp:1322
Event: 22.253 Thread 0x09152400 Threw 0x6eaa6c58 at /build/openjdk-7-Ylwexc/openjdk-7-7u111-2.6.7/build/openjdk/hotspot/src/share/vm/prims/jvm.cpp:1322
Event: 22.264 Thread 0x09152400 Threw 0x6eac4a80 at /build/openjdk-7-Ylwexc/openjdk-7-7u111-2.6.7/build/openjdk/hotspot/src/share/vm/prims/jvm.cpp:1322
Event: 22.272 Thread 0x09152400 Threw 0x6eae6f00 at /build/openjdk-7-Ylwexc/openjdk-7-7u111-2.6.7/build/openjdk/hotspot/src/share/vm/prims/jvm.cpp:1322
Event: 22.273 Thread 0x09152400 Threw 0x6eafdd38 at /build/openjdk-7-Ylwexc/openjdk-7-7u111-2.6.7/build/openjdk/hotspot/src/share/vm/prims/jvm.cpp:1322
Event: 22.275 Thread 0x09152400 Threw 0x6eb0a190 at /build/openjdk-7-Ylwexc/openjdk-7-7u111-2.6.7/build/openjdk/hotspot/src/share/vm/prims/jvm.cpp:1322

Events (10 events):
Event: 22.273 loading class 0x092a8570
Event: 22.273 loading class 0x092a8570 done
Event: 22.274 Executing VM operation: RevokeBias
Event: 22.274 Executing VM operation: RevokeBias done
Event: 22.274 loading class 0xb68d7360
Event: 22.274 loading class 0xb68d7360 done
Event: 22.282 Executing VM operation: RevokeBias
Event: 22.284 Executing VM operation: RevokeBias done
Event: 22.298 Executing VM operation: GenCollectForAllocation
Event: 22.300 Executing VM operation: GenCollectForAllocation done


Dynamic libraries:
08048000-08049000 r-xp 00000000 08:01 277188     /usr/lib/jvm/java-7-openjdk-i386/jre/bin/java
08049000-0804a000 r--p 00000000 08:01 277188     /usr/lib/jvm/java-7-openjdk-i386/jre/bin/java
0804a000-0804b000 rw-p 00001000 08:01 277188     /usr/lib/jvm/java-7-openjdk-i386/jre/bin/java
0910e000-09508000 rw-p 00000000 00:00 0          [heap]
6e800000-6ed60000 rw-p 00000000 00:00 0 
6ed60000-792a0000 rw-p 00000000 00:00 0 
792a0000-79d50000 rw-p 00000000 00:00 0 
79d50000-8e800000 rw-p 00000000 00:00 0 
8e800000-8f400000 rw-p 00000000 00:00 0 
8f400000-92800000 rw-p 00000000 00:00 0 
92800000-92dff000 r--p 00001000 08:01 199405     /usr/lib/jvm/java-7-openjdk-i386/jre/lib/i386/client/classes.jsa
92dff000-93200000 rw-p 00000000 00:00 0 
93200000-9391d000 rw-p 00600000 08:01 199405     /usr/lib/jvm/java-7-openjdk-i386/jre/lib/i386/client/classes.jsa
9391d000-93e00000 rw-p 00000000 00:00 0 
93e00000-94114000 rw-p 00d1d000 08:01 199405     /usr/lib/jvm/java-7-openjdk-i386/jre/lib/i386/client/classes.jsa
94114000-94200000 rw-p 00000000 00:00 0 
94200000-94209000 r-xp 01031000 08:01 199405     /usr/lib/jvm/java-7-openjdk-i386/jre/lib/i386/client/classes.jsa
94209000-94600000 rw-p 00000000 00:00 0 
b27cd000-b28cd000 rw-p 00000000 00:00 0 
b28cd000-b28fc000 r-xp 00000000 00:1e 3675042    /home/user/Desktop/nfs/examples/ipv6/rpl-udp/obj_cooja/mtype232.cooja
b28fc000-b28fd000 r--p 0002e000 00:1e 3675042    /home/user/Desktop/nfs/examples/ipv6/rpl-udp/obj_cooja/mtype232.cooja
b28fd000-b28fe000 rw-p 0002f000 00:1e 3675042    /home/user/Desktop/nfs/examples/ipv6/rpl-udp/obj_cooja/mtype232.cooja
b28fe000-b2906000 rw-p 00000000 00:00 0          [stack:6966]
b2906000-b2909000 ---p 00000000 00:00 0 
b2909000-b2957000 rw-p 00000000 00:00 0 
b2957000-b295a000 ---p 00000000 00:00 0 
b295a000-b29a8000 rw-p 00000000 00:00 0          [stack:6955]
b29a8000-b29d6000 r-xp 00000000 00:1e 3675038    /home/user/Desktop/nfs/examples/ipv6/rpl-udp/obj_cooja/mtype390.cooja
b29d6000-b29d7000 r--p 0002d000 00:1e 3675038    /home/user/Desktop/nfs/examples/ipv6/rpl-udp/obj_cooja/mtype390.cooja
b29d7000-b29d8000 rw-p 0002e000 00:1e 3675038    /home/user/Desktop/nfs/examples/ipv6/rpl-udp/obj_cooja/mtype390.cooja
b29d8000-b29e0000 rw-p 00000000 00:00 0 
b29e0000-b29e3000 ---p 00000000 00:00 0 
b29e3000-b2a31000 rw-p 00000000 00:00 0 
b2a31000-b2a34000 ---p 00000000 00:00 0 
b2a34000-b2a82000 rw-p 00000000 00:00 0          [stack:6907]
b2a82000-b2a85000 ---p 00000000 00:00 0 
b2a85000-b2ad3000 rw-p 00000000 00:00 0 
b2ad3000-b2ad6000 ---p 00000000 00:00 0 
b2ad6000-b2aec000 rw-p 00000000 00:00 0          [stack:6870]
b2b4a000-b2b59000 rw-s 00000000 00:04 19267606   /SYSV00000000 (deleted)
b2b5f000-b2b62000 ---p 00000000 00:00 0 
b2b62000-b2bb0000 rw-p 00000000 00:00 0 
b2bb9000-b2bba000 rw-p 00000000 00:00 0 
b2bba000-b324f000 rw-s 00000000 00:04 18481172   /SYSV00000000 (deleted)
b324f000-b3251000 r--s 00003000 00:1e 6161349    /home/user/Desktop/nfs/tools/cooja/apps/powertracker/lib/powertracker.jar
b3251000-b3252000 r--s 00002000 00:1e 3683091    /home/user/Desktop/nfs/tools/cooja/apps/collect-view/cooja-collect-view.jar
b3252000-b3254000 r--s 00008000 00:1e 10105265   /home/user/Desktop/nfs/tools/cooja/apps/serial_socket/lib/serial_socket.jar
b3254000-b328e000 r--s 001e1000 00:1e 9048202    /home/user/Desktop/nfs/tools/cooja/apps/avrora/lib/avrora-small.jar
b328e000-b328f000 r--s 00008000 00:1e 9047568    /home/user/Desktop/nfs/tools/cooja/apps/avrora/lib/cooja_avrora.jar
b328f000-b3291000 r--s 00010000 00:1e 6161792    /home/user/Desktop/nfs/tools/cooja/apps/mspsim/lib/jipv6.jar
b3291000-b3292000 r--s 00004000 00:1e 6161304    /home/user/Desktop/nfs/tools/cooja/apps/mspsim/lib/coffee.jar
b3292000-b329e000 r--s 000eb000 00:1e 6161348    /home/user/Desktop/nfs/tools/cooja/apps/mspsim/lib/mspsim.jar
b329e000-b32a4000 r--s 00062000 00:1e 6161344    /home/user/Desktop/nfs/tools/cooja/apps/mspsim/lib/cooja_mspsim.jar
b32a4000-b32a7000 r--s 0001e000 00:1e 6161303    /home/user/Desktop/nfs/tools/cooja/apps/mrm/lib/mrm.jar
b32a7000-b32aa000 ---p 00000000 00:00 0 
b32aa000-b32f8000 rw-p 00000000 00:00 0          [stack:6470]
b32f8000-b32fb000 ---p 00000000 00:00 0 
b32fb000-b3349000 rw-p 00000000 00:00 0          [stack:6461]
b3349000-b334c000 ---p 00000000 00:00 0 
b334c000-b339a000 rw-p 00000000 00:00 0          [stack:6460]
b339a000-b339b000 r--s 00000000 08:01 403951     /var/cache/fontconfig/c05880de57d1f5e948fdfacc138775d9-le32d4.cache-4
b339b000-b33a3000 r--s 00000000 08:01 395165     /var/cache/fontconfig/945677eb7aeaf62f1d50efc3fb3ec7d8-le32d4.cache-4
b33a3000-b33a5000 r--s 00000000 08:01 403828     /var/cache/fontconfig/99e8ed0e538f840c565b6ed5dad60d56-le32d4.cache-4
b33a5000-b33a9000 r--s 00000000 08:01 403701     /var/cache/fontconfig/2cd17615ca594fa2959ae173292e504c-le32d4.cache-4
b33a9000-b33aa000 r--s 00000000 08:01 403278     /var/cache/fontconfig/e7071f4a29fa870f4323321c154eba04-le32d4.cache-4
b33aa000-b33ab000 r--s 00000000 08:01 402342     /var/cache/fontconfig/0d8c3b2ac0904cb8a57a757ad11a4a08-le32d4.cache-4
b33ab000-b33b0000 r--s 00000000 08:01 402341     /var/cache/fontconfig/a755afe4a08bf5b97852ceb7400b47bc-le32d4.cache-4
b33b0000-b33b9000 r--s 00000000 08:01 401848     /var/cache/fontconfig/6d41288fd70b0be22e8c3a91e032eec0-le32d4.cache-4
b33b9000-b33c8000 r--s 00000000 08:01 401847     /var/cache/fontconfig/04aabc0a78ac019cf9454389977116d2-le32d4.cache-4
b33c8000-b33c9000 r--s 00000000 08:01 401846     /var/cache/fontconfig/1ac9eb803944fde146138c791f5cc56a-le32d4.cache-4
b33c9000-b33cc000 r--s 00000000 08:01 401845     /var/cache/fontconfig/385c0604a188198f04d133e54aba7fe7-le32d4.cache-4
b33cc000-b33cd000 r--s 00000000 08:01 401843     /var/cache/fontconfig/dc05db6664285cc2f12bf69c139ae4c3-le32d4.cache-4
b33cd000-b33cf000 r--s 00000000 08:01 393795     /var/cache/fontconfig/767a8244fc0220cfb567a839d0392e0b-le32d4.cache-4
b33cf000-b33d0000 r--s 00000000 08:01 401842     /var/cache/fontconfig/4794a0821666d79190d59a36cb4f44b5-le32d4.cache-4
b33d0000-b33d4000 r--s 00000000 08:01 401841     /var/cache/fontconfig/8801497958630a81b71ace7c5f9b32a8-le32d4.cache-4
b33d4000-b33d9000 r--s 00000000 08:01 401840     /var/cache/fontconfig/3047814df9a2f067bd2d96a2b9c36e5a-le32d4.cache-4
b33d9000-b33da000 r--s 00000000 08:01 401839     /var/cache/fontconfig/56cf4f4769d0f4abc89a4895d7bd3ae1-le32d4.cache-4
b33da000-b33ea000 r--s 00000000 08:01 401836     /var/cache/fontconfig/d52a8644073d54c13679302ca1180695-le32d4.cache-4
b33ea000-b343a000 r-xp 00000000 08:01 177825     /usr/lib/jvm/java-7-openjdk-i386/jre/lib/i386/libfontmanager.so
b343a000-b343c000 r--p 0004f000 08:01 177825     /usr/lib/jvm/java-7-openjdk-i386/jre/lib/i386/libfontmanager.so
b343c000-b343d000 rw-p 00051000 08:01 177825     /usr/lib/jvm/java-7-openjdk-i386/jre/lib/i386/libfontmanager.so
b343d000-b3440000 ---p 00000000 00:00 0 
b3440000-b348e000 rw-p 00000000 00:00 0          [stack:6451]
b348e000-b3492000 r-xp 00000000 08:01 7640       /usr/lib/i386-linux-gnu/libXfixes.so.3.1.0
b3492000-b3493000 r--p 00003000 08:01 7640       /usr/lib/i386-linux-gnu/libXfixes.so.3.1.0
b3493000-b3494000 rw-p 00004000 08:01 7640       /usr/lib/i386-linux-gnu/libXfixes.so.3.1.0
b3494000-b3497000 ---p 00000000 00:00 0 
b3497000-b34e5000 rw-p 00000000 00:00 0          [stack:6448]
b34e5000-b350b000 r-xp 00000000 08:01 142122     /lib/i386-linux-gnu/libpng12.so.0.50.0
b350b000-b350c000 r--p 00025000 08:01 142122     /lib/i386-linux-gnu/libpng12.so.0.50.0
b350c000-b350d000 rw-p 00026000 08:01 142122     /lib/i386-linux-gnu/libpng12.so.0.50.0
b350d000-b3532000 r-xp 00000000 08:01 131117     /lib/i386-linux-gnu/libexpat.so.1.6.0
b3532000-b3533000 ---p 00025000 08:01 131117     /lib/i386-linux-gnu/libexpat.so.1.6.0
b3533000-b3535000 r--p 00025000 08:01 131117     /lib/i386-linux-gnu/libexpat.so.1.6.0
b3535000-b3536000 rw-p 00027000 08:01 131117     /lib/i386-linux-gnu/libexpat.so.1.6.0
b3536000-b35d1000 r-xp 00000000 08:01 9145       /usr/lib/i386-linux-gnu/libfreetype.so.6.11.1
b35d1000-b35d5000 r--p 0009a000 08:01 9145       /usr/lib/i386-linux-gnu/libfreetype.so.6.11.1
b35d5000-b35d6000 rw-p 0009e000 08:01 9145       /usr/lib/i386-linux-gnu/libfreetype.so.6.11.1
b35d6000-b360f000 r-xp 00000000 08:01 9181       /usr/lib/i386-linux-gnu/libfontconfig.so.1.8.0
b360f000-b3610000 r--p 00039000 08:01 9181       /usr/lib/i386-linux-gnu/libfontconfig.so.1.8.0
b3610000-b3611000 rw-p 0003a000 08:01 9181       /usr/lib/i386-linux-gnu/libfontconfig.so.1.8.0
b3611000-b3741000 r-xp 00000000 08:01 10842      /usr/lib/i386-linux-gnu/libX11.so.6.3.0
b3741000-b3742000 r--p 00130000 08:01 10842      /usr/lib/i386-linux-gnu/libX11.so.6.3.0
b3742000-b3744000 rw-p 00131000 08:01 10842      /usr/lib/i386-linux-gnu/libX11.so.6.3.0
b3744000-b3745000 rw-p 00000000 00:00 0 
b3745000-b37d4000 r-xp 00000000 08:01 177836     /usr/lib/jvm/java-7-openjdk-i386/jre/lib/i386/libawt.so
b37d4000-b37d5000 r--p 0008f000 08:01 177836     /usr/lib/jvm/java-7-openjdk-i386/jre/lib/i386/libawt.so
b37d5000-b37dc000 rw-p 00090000 08:01 177836     /usr/lib/jvm/java-7-openjdk-i386/jre/lib/i386/libawt.so
b37dc000-b3800000 rw-p 00000000 00:00 0 
b3800000-b38c1000 rw-p 00000000 00:00 0 
b38c1000-b3900000 ---p 00000000 00:00 0 
b3900000-b3909000 r-xp 00000000 08:01 9790       /usr/lib/i386-linux-gnu/libXcursor.so.1.0.2
b3909000-b390a000 r--p 00008000 08:01 9790       /usr/lib/i386-linux-gnu/libXcursor.so.1.0.2
b390a000-b390b000 rw-p 00009000 08:01 9790       /usr/lib/i386-linux-gnu/libXcursor.so.1.0.2
b390b000-b3910000 r-xp 00000000 08:01 5406       /usr/lib/i386-linux-gnu/libXdmcp.so.6.0.0
b3910000-b3911000 r--p 00004000 08:01 5406       /usr/lib/i386-linux-gnu/libXdmcp.so.6.0.0
b3911000-b3912000 rw-p 00005000 08:01 5406       /usr/lib/i386-linux-gnu/libXdmcp.so.6.0.0
b3912000-b3914000 r-xp 00000000 08:01 5352       /usr/lib/i386-linux-gnu/libXau.so.6.0.0
b3914000-b3915000 r--p 00001000 08:01 5352       /usr/lib/i386-linux-gnu/libXau.so.6.0.0
b3915000-b3916000 rw-p 00002000 08:01 5352       /usr/lib/i386-linux-gnu/libXau.so.6.0.0
b3916000-b3936000 r-xp 00000000 08:01 66655      /usr/lib/i386-linux-gnu/libxcb.so.1.1.0
b3936000-b3937000 r--p 0001f000 08:01 66655      /usr/lib/i386-linux-gnu/libxcb.so.1.1.0
b3937000-b3938000 rw-p 00020000 08:01 66655      /usr/lib/i386-linux-gnu/libxcb.so.1.1.0
b3938000-b3946000 r-xp 00000000 08:01 7577       /usr/lib/i386-linux-gnu/libXi.so.6.1.0
b3946000-b3947000 r--p 0000e000 08:01 7577       /usr/lib/i386-linux-gnu/libXi.so.6.1.0
b3947000-b3948000 rw-p 0000f000 08:01 7577       /usr/lib/i386-linux-gnu/libXi.so.6.1.0
b3948000-b394d000 r-xp 00000000 08:01 10292      /usr/lib/i386-linux-gnu/libXtst.so.6.1.0
b394d000-b394e000 r--p 00004000 08:01 10292      /usr/lib/i386-linux-gnu/libXtst.so.6.1.0
b394e000-b394f000 rw-p 00005000 08:01 10292      /usr/lib/i386-linux-gnu/libXtst.so.6.1.0
b394f000-b3958000 r-xp 00000000 08:01 6199       /usr/lib/i386-linux-gnu/libXrender.so.1.3.0
b3958000-b3959000 r--p 00008000 08:01 6199       /usr/lib/i386-linux-gnu/libXrender.so.1.3.0
b3959000-b395a000 rw-p 00009000 08:01 6199       /usr/lib/i386-linux-gnu/libXrender.so.1.3.0
b395a000-b396b000 r-xp 00000000 08:01 6183       /usr/lib/i386-linux-gnu/libXext.so.6.4.0
b396b000-b396c000 r--p 00010000 08:01 6183       /usr/lib/i386-linux-gnu/libXext.so.6.4.0
b396c000-b396d000 rw-p 00011000 08:01 6183       /usr/lib/i386-linux-gnu/libXext.so.6.4.0
b396d000-b39b5000 r-xp 00000000 08:01 136659     /usr/lib/jvm/java-7-openjdk-i386/jre/lib/i386/xawt/libmawt.so
b39b5000-b39b6000 r--p 00048000 08:01 136659     /usr/lib/jvm/java-7-openjdk-i386/jre/lib/i386/xawt/libmawt.so
b39b6000-b39b8000 rw-p 00049000 08:01 136659     /usr/lib/jvm/java-7-openjdk-i386/jre/lib/i386/xawt/libmawt.so
b39b8000-b39b9000 rw-p 00000000 00:00 0 
b39b9000-b39f5000 r-xp 00000000 08:01 132344     /lib/i386-linux-gnu/libpcre.so.3.13.1
b39f5000-b39f6000 r--p 0003b000 08:01 132344     /lib/i386-linux-gnu/libpcre.so.3.13.1
b39f6000-b39f7000 rw-p 0003c000 08:01 132344     /lib/i386-linux-gnu/libpcre.so.3.13.1
b39f7000-b39fc000 r-xp 00000000 08:01 9076       /usr/lib/i386-linux-gnu/libffi.so.6.0.1
b39fc000-b39fd000 r--p 00005000 08:01 9076       /usr/lib/i386-linux-gnu/libffi.so.6.0.1
b39fd000-b39fe000 rw-p 00006000 08:01 9076       /usr/lib/i386-linux-gnu/libffi.so.6.0.1
b39fe000-b3a11000 r-xp 00000000 08:01 158559     /lib/i386-linux-gnu/libresolv-2.19.so
b3a11000-b3a12000 ---p 00013000 08:01 158559     /lib/i386-linux-gnu/libresolv-2.19.so
b3a12000-b3a13000 r--p 00013000 08:01 158559     /lib/i386-linux-gnu/libresolv-2.19.so
b3a13000-b3a14000 rw-p 00014000 08:01 158559     /lib/i386-linux-gnu/libresolv-2.19.so
b3a14000-b3a16000 rw-p 00000000 00:00 0 
b3a16000-b3a36000 r-xp 00000000 08:01 131406     /lib/i386-linux-gnu/libselinux.so.1
b3a36000-b3a37000 r--p 0001f000 08:01 131406     /lib/i386-linux-gnu/libselinux.so.1
b3a37000-b3a38000 rw-p 00020000 08:01 131406     /lib/i386-linux-gnu/libselinux.so.1
b3a38000-b3a39000 rw-p 00000000 00:00 0 
b3a39000-b3b43000 r-xp 00000000 08:01 136564     /lib/i386-linux-gnu/libglib-2.0.so.0.4002.0
b3b43000-b3b44000 r--p 00109000 08:01 136564     /lib/i386-linux-gnu/libglib-2.0.so.0.4002.0
b3b44000-b3b45000 rw-p 0010a000 08:01 136564     /lib/i386-linux-gnu/libglib-2.0.so.0.4002.0
b3b45000-b3b95000 r-xp 00000000 08:01 1672       /usr/lib/i386-linux-gnu/libgobject-2.0.so.0.4002.0
b3b95000-b3b96000 r--p 0004f000 08:01 1672       /usr/lib/i386-linux-gnu/libgobject-2.0.so.0.4002.0
b3b96000-b3b97000 rw-p 00050000 08:01 1672       /usr/lib/i386-linux-gnu/libgobject-2.0.so.0.4002.0
b3b97000-b3d14000 r-xp 00000000 08:01 1674       /usr/lib/i386-linux-gnu/libgio-2.0.so.0.4002.0
b3d14000-b3d16000 r--p 0017d000 08:01 1674       /usr/lib/i386-linux-gnu/libgio-2.0.so.0.4002.0
b3d16000-b3d17000 rw-p 0017f000 08:01 1674       /usr/lib/i386-linux-gnu/libgio-2.0.so.0.4002.0
b3d17000-b3d18000 rw-p 00000000 00:00 0 
b3d18000-b3d1c000 r--s 00000000 08:01 401837     /var/cache/fontconfig/b47c4e1ecd0709278f4910c18777a504-le32d4.cache-4
b3d1c000-b3d23000 r--s 00000000 08:01 401835     /var/cache/fontconfig/3f7329c5293ffd510edef78f73874cfd-le32d4.cache-4
b3d23000-b3d2c000 r--s 00000000 08:01 401834     /var/cache/fontconfig/d589a48862398ed80a3d6066f4f56f4c-le32d4.cache-4
b3d2c000-b3d2f000 r--s 00000000 08:01 394702     /var/cache/fontconfig/7ef2298fde41cc6eeb7af42e48b7d293-le32d4.cache-4
b3d2f000-b3d47000 r-xp 00000000 08:01 153628     /usr/lib/jvm/java-7-openjdk-i386/jre/lib/i386/libnet.so
b3d47000-b3d48000 r--p 00017000 08:01 153628     /usr/lib/jvm/java-7-openjdk-i386/jre/lib/i386/libnet.so
b3d48000-b3d49000 rw-p 00018000 08:01 153628     /usr/lib/jvm/java-7-openjdk-i386/jre/lib/i386/libnet.so
b3d49000-b3d5a000 r-xp 00000000 08:01 177810     /usr/lib/jvm/java-7-openjdk-i386/jre/lib/i386/libnio.so
b3d5a000-b3d5b000 r--p 00010000 08:01 177810     /usr/lib/jvm/java-7-openjdk-i386/jre/lib/i386/libnio.so
b3d5b000-b3d5c000 rw-p 00011000 08:01 177810     /usr/lib/jvm/java-7-openjdk-i386/jre/lib/i386/libnio.so
b3d5c000-b3d5d000 ---p 00000000 00:00 0 
b3d5d000-b3ddd000 rw-p 00000000 00:00 0          [stack:6432]
b3ddd000-b3de0000 ---p 00000000 00:00 0 
b3de0000-b3e2e000 rw-p 00000000 00:00 0          [stack:6431]
b3e2e000-b3e31000 ---p 00000000 00:00 0 
b3e31000-b3eaf000 rw-p 00000000 00:00 0          [stack:6430]
b3eaf000-b3eb2000 ---p 00000000 00:00 0 
b3eb2000-b3f00000 rw-p 00000000 00:00 0          [stack:6429]
b3f00000-b4100000 r--p 00000000 08:01 369        /usr/lib/locale/locale-archive
b4100000-b412f000 rw-p 00000000 00:00 0 
b412f000-b4200000 ---p 00000000 00:00 0 
b4200000-b4201000 r--s 00000000 08:01 401838     /var/cache/fontconfig/b9d506c9ac06c20b433354fa67a72993-le32d4.cache-4
b4201000-b4203000 r-xp 00000000 08:01 3489       /usr/lib/i386-linux-gnu/libXcomposite.so.1.0.0
b4203000-b4204000 r--p 00001000 08:01 3489       /usr/lib/i386-linux-gnu/libXcomposite.so.1.0.0
b4204000-b4205000 rw-p 00002000 08:01 3489       /usr/lib/i386-linux-gnu/libXcomposite.so.1.0.0
b4205000-b4208000 r-xp 00000000 08:01 1675       /usr/lib/i386-linux-gnu/libgmodule-2.0.so.0.4002.0
b4208000-b4209000 r--p 00002000 08:01 1675       /usr/lib/i386-linux-gnu/libgmodule-2.0.so.0.4002.0
b4209000-b420a000 rw-p 00003000 08:01 1675       /usr/lib/i386-linux-gnu/libgmodule-2.0.so.0.4002.0
b420a000-b4214000 r--s 000ae000 08:01 136823     /usr/lib/jvm/java-7-openjdk-i386/jre/lib/resources.jar
b4214000-b4231000 r--s 0014f000 00:1e 3709046    /home/user/Desktop/nfs/tools/cooja/lib/swingx-all-1.6.4.jar
b4231000-b4238000 r--s 0005b000 00:1e 3706283    /home/user/Desktop/nfs/tools/cooja/lib/jsyntaxpane.jar
b4238000-b423f000 r--s 0004f000 00:1e 3702728    /home/user/Desktop/nfs/tools/cooja/lib/log4j.jar
b423f000-b4242000 r--s 00022000 00:1e 3705387    /home/user/Desktop/nfs/tools/cooja/lib/jdom.jar
b4242000-b4246000 r--s 00085000 08:01 177967     /usr/lib/jvm/java-7-openjdk-i386/jre/lib/ext/localedata.jar
b4246000-b424a000 r--s 00034000 08:01 177971     /usr/lib/jvm/java-7-openjdk-i386/jre/lib/ext/sunjce_provider.jar
b424a000-b424d000 ---p 00000000 00:00 0 
b424d000-b429b000 rw-p 00000000 00:00 0          [stack:6427]
b429b000-b429e000 ---p 00000000 00:00 0 
b429e000-b42ec000 rw-p 00000000 00:00 0          [stack:6426]
b42ec000-b42ed000 ---p 00000000 00:00 0 
b42ed000-b43b6000 rw-p 00000000 00:00 0          [stack:6425]
b43b6000-b4569000 r--s 01d3d000 08:01 136821     /usr/lib/jvm/java-7-openjdk-i386/jre/lib/rt.jar
b4569000-b4577000 rw-p 00000000 00:00 0 
b4577000-b4591000 rw-p 00000000 00:00 0 
b4591000-b4597000 rw-p 00000000 00:00 0 
b4597000-b463c000 rw-p 00000000 00:00 0 
b463c000-b463f000 rw-p 00000000 00:00 0 
b463f000-b4691000 rw-p 00000000 00:00 0 
b4691000-b4697000 rw-p 00000000 00:00 0 
b4697000-b473c000 rw-p 00000000 00:00 0 
b473c000-b4742000 rw-p 00000000 00:00 0 
b4742000-b475c000 rw-p 00000000 00:00 0 
b475c000-b4772000 rw-p 00000000 00:00 0 
b4772000-b47e8000 rw-p 00000000 00:00 0 
b47e8000-b4a58000 rwxp 00000000 00:00 0 
b4a58000-b67e8000 rw-p 00000000 00:00 0 
b67e8000-b67f2000 r-xp 00000000 08:01 159039     /lib/i386-linux-gnu/libnss_files-2.19.so
b67f2000-b67f3000 r--p 00009000 08:01 159039     /lib/i386-linux-gnu/libnss_files-2.19.so
b67f3000-b67f4000 rw-p 0000a000 08:01 159039     /lib/i386-linux-gnu/libnss_files-2.19.so
b67f4000-b67fe000 r-xp 00000000 08:01 158574     /lib/i386-linux-gnu/libnss_nis-2.19.so
b67fe000-b67ff000 r--p 00009000 08:01 158574     /lib/i386-linux-gnu/libnss_nis-2.19.so
b67ff000-b6800000 rw-p 0000a000 08:01 158574     /lib/i386-linux-gnu/libnss_nis-2.19.so
b6800000-b68f7000 rw-p 00000000 00:00 0 
b68f7000-b6900000 ---p 00000000 00:00 0 
b6900000-b6902000 r--s 00000000 08:01 394475     /var/cache/fontconfig/e13b20fdb08344e0e664864cc2ede53d-le32d4.cache-4
b6902000-b6905000 r--s 0000f000 08:01 177961     /usr/lib/jvm/java-7-openjdk-i386/jre/lib/ext/icedtea-sound.jar
b6905000-b690b000 rw-p 00000000 00:00 0 
b690b000-b6920000 r-xp 00000000 08:01 158568     /lib/i386-linux-gnu/libnsl-2.19.so
b6920000-b6921000 r--p 00015000 08:01 158568     /lib/i386-linux-gnu/libnsl-2.19.so
b6921000-b6922000 rw-p 00016000 08:01 158568     /lib/i386-linux-gnu/libnsl-2.19.so
b6922000-b6924000 rw-p 00000000 00:00 0 
b6924000-b692b000 r-xp 00000000 08:01 158567     /lib/i386-linux-gnu/libnss_compat-2.19.so
b692b000-b692c000 r--p 00006000 08:01 158567     /lib/i386-linux-gnu/libnss_compat-2.19.so
b692c000-b692d000 rw-p 00007000 08:01 158567     /lib/i386-linux-gnu/libnss_compat-2.19.so
b692d000-b692e000 r--s 00000000 08:01 401833     /var/cache/fontconfig/0c9eb80ebd1c36541ebe2852d3bb0c49-le32d4.cache-4
b692e000-b692f000 r--s 00002000 08:01 177972     /usr/lib/jvm/java-7-openjdk-i386/jre/lib/ext/dnsns.jar
b692f000-b6932000 r--s 0003d000 08:01 177959     /usr/lib/jvm/java-7-openjdk-i386/jre/lib/ext/sunpkcs11.jar
b6932000-b693a000 r-xp 00000000 08:01 177878     /usr/lib/jvm/java-7-openjdk-i386/jre/lib/i386/libzip.so
b693a000-b693b000 r--p 00007000 08:01 177878     /usr/lib/jvm/java-7-openjdk-i386/jre/lib/i386/libzip.so
b693b000-b693c000 rw-p 00008000 08:01 177878     /usr/lib/jvm/java-7-openjdk-i386/jre/lib/i386/libzip.so
b693c000-b6944000 rw-s 00000000 08:01 131932     /tmp/hsperfdata_user/6419
b6944000-b696b000 r-xp 00000000 08:01 136829     /usr/lib/jvm/java-7-openjdk-i386/jre/lib/i386/libjava.so
b696b000-b696c000 r--p 00026000 08:01 136829     /usr/lib/jvm/java-7-openjdk-i386/jre/lib/i386/libjava.so
b696c000-b696d000 rw-p 00027000 08:01 136829     /usr/lib/jvm/java-7-openjdk-i386/jre/lib/i386/libjava.so
b696d000-b6974000 r-xp 00000000 08:01 158579     /lib/i386-linux-gnu/librt-2.19.so
b6974000-b6975000 r--p 00006000 08:01 158579     /lib/i386-linux-gnu/librt-2.19.so
b6975000-b6976000 rw-p 00007000 08:01 158579     /lib/i386-linux-gnu/librt-2.19.so
b6976000-b6979000 ---p 00000000 00:00 0 
b6979000-b69c7000 rw-p 00000000 00:00 0          [stack:6421]
b69c7000-b69e3000 r-xp 00000000 08:01 158999     /lib/i386-linux-gnu/libgcc_s.so.1
b69e3000-b69e4000 rw-p 0001b000 08:01 158999     /lib/i386-linux-gnu/libgcc_s.so.1
b69e4000-b6a28000 r-xp 00000000 08:01 158561     /lib/i386-linux-gnu/libm-2.19.so
b6a28000-b6a29000 r--p 00043000 08:01 158561     /lib/i386-linux-gnu/libm-2.19.so
b6a29000-b6a2a000 rw-p 00044000 08:01 158561     /lib/i386-linux-gnu/libm-2.19.so
b6a2a000-b6b06000 r-xp 00000000 08:01 289        /usr/lib/i386-linux-gnu/libstdc++.so.6.0.19
b6b06000-b6b0a000 r--p 000dc000 08:01 289        /usr/lib/i386-linux-gnu/libstdc++.so.6.0.19
b6b0a000-b6b0b000 rw-p 000e0000 08:01 289        /usr/lib/i386-linux-gnu/libstdc++.so.6.0.19
b6b0b000-b6b12000 rw-p 00000000 00:00 0 
b6b12000-b7148000 r-xp 00000000 08:01 177850     /usr/lib/jvm/java-7-openjdk-i386/jre/lib/i386/client/libjvm.so
b7148000-b715e000 r--p 00635000 08:01 177850     /usr/lib/jvm/java-7-openjdk-i386/jre/lib/i386/client/libjvm.so
b715e000-b716d000 rw-p 0064b000 08:01 177850     /usr/lib/jvm/java-7-openjdk-i386/jre/lib/i386/client/libjvm.so
b716d000-b7589000 rw-p 00000000 00:00 0 
b7589000-b75a1000 r-xp 00000000 08:01 158556     /lib/i386-linux-gnu/libz.so.1.2.8
b75a1000-b75a2000 r--p 00017000 08:01 158556     /lib/i386-linux-gnu/libz.so.1.2.8
b75a2000-b75a3000 rw-p 00018000 08:01 158556     /lib/i386-linux-gnu/libz.so.1.2.8
b75a3000-b75bb000 r-xp 00000000 08:01 158571     /lib/i386-linux-gnu/libpthread-2.19.so
b75bb000-b75bc000 r--p 00018000 08:01 158571     /lib/i386-linux-gnu/libpthread-2.19.so
b75bc000-b75bd000 rw-p 00019000 08:01 158571     /lib/i386-linux-gnu/libpthread-2.19.so
b75bd000-b75bf000 rw-p 00000000 00:00 0 
b75bf000-b75c2000 r-xp 00000000 08:01 158563     /lib/i386-linux-gnu/libdl-2.19.so
b75c2000-b75c3000 r--p 00002000 08:01 158563     /lib/i386-linux-gnu/libdl-2.19.so
b75c3000-b75c4000 rw-p 00003000 08:01 158563     /lib/i386-linux-gnu/libdl-2.19.so
b75c4000-b776c000 r-xp 00000000 08:01 158580     /lib/i386-linux-gnu/libc-2.19.so
b776c000-b776d000 ---p 001a8000 08:01 158580     /lib/i386-linux-gnu/libc-2.19.so
b776d000-b776f000 r--p 001a8000 08:01 158580     /lib/i386-linux-gnu/libc-2.19.so
b776f000-b7770000 rw-p 001aa000 08:01 158580     /lib/i386-linux-gnu/libc-2.19.so
b7770000-b7773000 rw-p 00000000 00:00 0 
b7773000-b7775000 r--s 00006000 08:01 276693     /usr/share/java/java-atk-wrapper.jar
b7775000-b7777000 r--s 00012000 08:01 177976     /usr/lib/jvm/java-7-openjdk-i386/jre/lib/ext/zipfs.jar
b7777000-b7778000 r--p 002c5000 08:01 369        /usr/lib/locale/locale-archive
b7778000-b7779000 rw-p 00000000 00:00 0 
b7779000-b777a000 r--p 00000000 00:00 0 
b777a000-b7788000 r-xp 00000000 08:01 136825     /usr/lib/jvm/java-7-openjdk-i386/jre/lib/i386/libverify.so
b7788000-b7789000 r--p 0000d000 08:01 136825     /usr/lib/jvm/java-7-openjdk-i386/jre/lib/i386/libverify.so
b7789000-b778a000 rw-p 0000e000 08:01 136825     /usr/lib/jvm/java-7-openjdk-i386/jre/lib/i386/libverify.so
b778a000-b7796000 r-xp 00000000 08:01 136926     /usr/lib/jvm/java-7-openjdk-i386/jre/lib/i386/jli/libjli.so
b7796000-b7797000 r--p 0000c000 08:01 136926     /usr/lib/jvm/java-7-openjdk-i386/jre/lib/i386/jli/libjli.so
b7797000-b7798000 rw-p 0000d000 08:01 136926     /usr/lib/jvm/java-7-openjdk-i386/jre/lib/i386/jli/libjli.so
b7798000-b779b000 rw-p 00000000 00:00 0 
b779b000-b779c000 r-xp 00000000 00:00 0          [vdso]
b779c000-b77bc000 r-xp 00000000 08:01 158572     /lib/i386-linux-gnu/ld-2.19.so
b77bc000-b77bd000 r--p 0001f000 08:01 158572     /lib/i386-linux-gnu/ld-2.19.so
b77bd000-b77be000 rw-p 00020000 08:01 158572     /lib/i386-linux-gnu/ld-2.19.so
bfe28000-bfe29000 rwxp 00000000 00:00 0 
bfe5b000-bfe7c000 rw-p 00000000 00:00 0          [stack]

VM Arguments:
jvm_args: -Xmx512m -Duser.language=en 
java_command: org.contikios.cooja.Cooja
Launcher Type: SUN_STANDARD

Environment Variables:
JAVA_HOME=/usr/lib/jvm/java-7-openjdk-i386
PATH=/usr/local/sdcc/bin:/usr/local/sbin:/usr/local/bin:/usr/sbin:/usr/bin:/sbin:/bin:/usr/games:/usr/local/games:/home/user/CodeSourcery/Sourcery_G++_Lite/bin:/usr/local/msp430/bin:/home/user/CodeSourcery/Sourcery_G++_Lite/bin
LD_LIBRARY_PATH=.
SHELL=/bin/bash
DISPLAY=:0

Signal Handlers:
SIGSEGV: [libjvm.so+0x4efa90], sa_mask[0]=0x7ffbfeff, sa_flags=0x10000004
SIGBUS: [libjvm.so+0x4efa90], sa_mask[0]=0x7ffbfeff, sa_flags=0x10000004
SIGFPE: [libjvm.so+0x3cb5a0], sa_mask[0]=0x7ffbfeff, sa_flags=0x10000004
SIGPIPE: [libjvm.so+0x3cb5a0], sa_mask[0]=0x7ffbfeff, sa_flags=0x10000004
SIGXFSZ: [libjvm.so+0x3cb5a0], sa_mask[0]=0x7ffbfeff, sa_flags=0x10000004
SIGILL: [libjvm.so+0x3cb5a0], sa_mask[0]=0x7ffbfeff, sa_flags=0x10000004
SIGUSR1: SIG_DFL, sa_mask[0]=0x00000000, sa_flags=0x00000000
SIGUSR2: [libjvm.so+0x3cb700], sa_mask[0]=0x00000004, sa_flags=0x10000004
SIGHUP: [libjvm.so+0x3cb660], sa_mask[0]=0x7ffbfeff, sa_flags=0x10000004
SIGINT: [libjvm.so+0x3cb660], sa_mask[0]=0x7ffbfeff, sa_flags=0x10000004
SIGTERM: [libjvm.so+0x3cb660], sa_mask[0]=0x7ffbfeff, sa_flags=0x10000004
SIGQUIT: [libjvm.so+0x3cb660], sa_mask[0]=0x7ffbfeff, sa_flags=0x10000004
SIGTRAP: SIG_DFL, sa_mask[0]=0x00000000, sa_flags=0x00000000


---------------  S Y S T E M  ---------------

OS:Ubuntu 14.04 (trusty)
uname:Linux 3.13.0-98-generic #145-Ubuntu SMP Sat Oct 8 20:13:07 UTC 2016 i686
libc:glibc 2.19 NPTL 2.19 
rlimit: STACK 8192k, CORE 0k, NPROC 15972, NOFILE 4096, AS infinity
load average:4.31 1.33 0.50

/proc/meminfo:
MemTotal:        2063736 kB
MemFree:          709960 kB
Buffers:          174012 kB
Cached:           685004 kB
SwapCached:            0 kB
Active:           756060 kB
Inactive:         481360 kB
Active(anon):     379420 kB
Inactive(anon):    25572 kB
Active(file):     376640 kB
Inactive(file):   455788 kB
Unevictable:          32 kB
Mlocked:              32 kB
HighTotal:       1183624 kB
HighFree:         520904 kB
LowTotal:         880112 kB
LowFree:          189056 kB
SwapTotal:       1046524 kB
SwapFree:        1046524 kB
Dirty:              1336 kB
Writeback:             0 kB
AnonPages:        378448 kB
Mapped:           135912 kB
Shmem:             26592 kB
Slab:              77484 kB
SReclaimable:      62448 kB
SUnreclaim:        15036 kB
KernelStack:        2944 kB
PageTables:         6888 kB
NFS_Unstable:          0 kB
Bounce:                0 kB
WritebackTmp:          0 kB
CommitLimit:     2078392 kB
Committed_AS:    2429900 kB
VmallocTotal:     122880 kB
VmallocUsed:       24628 kB
VmallocChunk:      87548 kB
HardwareCorrupted:     0 kB
AnonHugePages:    161792 kB
HugePages_Total:       0
HugePages_Free:        0
HugePages_Rsvd:        0
HugePages_Surp:        0
Hugepagesize:       2048 kB
DirectMap4k:       28664 kB
DirectMap2M:      884736 kB


CPU:total 1 (1 cores per cpu, 1 threads per core) family 6 model 94 stepping 3, cmov, cx8, fxsr, mmx, sse, sse2, sse3, ssse3, sse4.1, sse4.2, popcnt, avx, aes, tsc, tscinvbit

/proc/cpuinfo:
processor	: 0
vendor_id	: GenuineIntel
cpu family	: 6
model		: 94
model name	: Intel(R) Core(TM) i5-6500 CPU @ 3.20GHz
stepping	: 3
microcode	: 0x76
cpu MHz		: 3600.000
cache size	: 6144 KB
physical id	: 0
siblings	: 1
core id		: 0
cpu cores	: 1
apicid		: 0
initial apicid	: 0
fdiv_bug	: no
f00f_bug	: no
coma_bug	: no
fpu		: yes
fpu_exception	: yes
cpuid level	: 22
wp		: yes
flags		: fpu vme de pse tsc msr pae mce cx8 apic sep mtrr pge mca cmov pat pse36 clflush dts mmx fxsr sse sse2 ss nx rdtscp lm constant_tsc arch_perfmon pebs bts tsc_reliable nonstop_tsc aperfmperf pni pclmulqdq ssse3 fma cx16 sse4_1 sse4_2 movbe popcnt aes xsave avx hypervisor lahf_lm 3dnowprefetch ida arat epb pln pts dtherm
bogomips	: 7200.00
clflush size	: 64
cache_alignment	: 64
address sizes	: 40 bits physical, 48 bits virtual
power management:



Memory: 4k page, physical 2063736k(709836k free), swap 1046524k(1046524k free)

vm_info: OpenJDK Client VM (24.111-b01) for linux-x86 JRE (1.7.0_111-b01), built on Aug 12 2016 05:36:14 by "buildd" with gcc 4.8.4

time: Sat Oct 15 12:15:06 2016
elapsed time: 22 seconds

