#
# A fatal error has been detected by the Java Runtime Environment:
#
#  SIGSEGV (0xb) at pc=0x0000fdf9, pid=11011, tid=0x8355db40
#
# JRE version: Java(TM) SE Runtime Environment (8.0_101-b13) (build 1.8.0_101-b13)
# Java VM: Java HotSpot(TM) Server VM (25.101-b13 mixed mode linux-x86 )
# Problematic frame:
# C  0x0000fdf9
#
# Failed to write core dump. Core dumps have been disabled. To enable core dumping, try "ulimit -c unlimited" before starting Java again
#
# If you would like to submit a bug report, please visit:
#   http://bugreport.java.com/bugreport/crash.jsp
# The crash happened outside the Java Virtual Machine in native code.
# See problematic frame for where to report the bug.
#

---------------  T H R E A D  ---------------

Current thread (0x8518d000):  JavaThread "Thread-7" [_thread_in_native, id=11150, stack(0x8350d000,0x8355e000)]

siginfo: si_signo: 11 (SIGSEGV), si_code: 1 (SEGV_MAPERR), si_addr: 0x0000fdf9

Registers:
EAX=0x0000fdf9, EBX=0x831f9553, ECX=0x00000000, EDX=0x00000069
ESP=0x8321c1c8, EBP=0x8321c1e4, ESI=0x0000004a, EDI=0x00000000
EIP=0x0000fdf9, EFLAGS=0x00010206, CR2=0x0000fdf9

Top of Stack: (sp=0x8321c1c8)
0x8321c1c8:   8320c539 00000000 00000001 00000001
0x8321c1d8:   00000052 8320b521 831f9553 8321c224
0x8321c1e8:   8320c7ab 0000fdf9 00000000 00000001
0x8321c1f8:   00000001 8321f6c2 8321f6e0 a0dc61ad
0x8321c208:   00000001 00070007 001e8007 001e001e
0x8321c218:   00000052 001e823a 001e001e 3c029b1e
0x8321c228:   00401efa 0000fdf9 00000000 00000000
0x8321c238:   0000feff 00120501 0000fd80 00000000 

Instructions: (pc=0x0000fdf9)
0x0000fdd9:   
[error occurred during error reporting (printing registers, top of stack, instructions near pc), id 0xb]

Register to memory mapping:

EAX=0x0000fdf9 is an unknown value
EBX=0x831f9553: <offset 0x12553> in /home/user/longrange/Dual-radio-simulation/examples/ipv6/rpl-udp/obj_cooja/mtype307.cooja at 0x831e7000
ECX=0x00000000 is an unknown value
EDX=0x00000069 is an unknown value
ESP=0x8321c1c8: <offset 0x351c8> in /home/user/longrange/Dual-radio-simulation/examples/ipv6/rpl-udp/obj_cooja/mtype307.cooja at 0x831e7000
EBP=0x8321c1e4: <offset 0x351e4> in /home/user/longrange/Dual-radio-simulation/examples/ipv6/rpl-udp/obj_cooja/mtype307.cooja at 0x831e7000
ESI=0x0000004a is an unknown value
EDI=0x00000000 is an unknown value


Stack: [0x8350d000,0x8355e000],  sp=0x8321c1c8,  free space=4191292k
Native frames: (J=compiled Java code, j=interpreted, Vv=VM code, C=native code)
C