#
# A fatal error has been detected by the Java Runtime Environment:
#
#  SIGSEGV (0xb) at pc=0xb75bc506, pid=3507, tid=2998172480
#
# JRE version: OpenJDK Runtime Environment (7.0_121) (build 1.7.0_121-b00)
# Java VM: OpenJDK Client VM (24.121-b00 mixed mode, sharing linux-x86 )
# Derivative: IcedTea 2.6.8
# Distribution: Ubuntu 14.04 LTS, package 7u121-2.6.8-1ubuntu0.14.04.1
# Problematic frame:
# C  [libc.so.6+0x63506]  fclose+0x16
#
# Failed to write core dump. Core dumps have been disabled. To enable core dumping, try "ulimit -c unlimited" before starting Java again
#
# If you would like to submit a bug report, please include
# instructions on how to reproduce the bug and visit:
#   http://icedtea.classpath.org/bugzilla
# The crash happened outside the Java Virtual Machine in native code.
# See problematic frame for where to report the bug.
#

---------------  T H R E A D  ---------------

Current thread (0x0953a800):  JavaThread "Thread-3" [_thread_in_native, id=3580, stack(0xb2af7000,0xb2b48000)]

siginfo:si_signo=SIGSEGV: si_errno=0, si_code=1 (SEGV_MAPERR), si_addr=0x00000046

Registers:
EAX=0x00000000, EBX=0xb7704000, ECX=0x00000000, EDX=0x0000000a
ESP=0xb28dd0dc, EBP=0xb28dd124, ESI=0x00000000, EDI=0x00000000
EIP=0xb75bc506, EFLAGS=0x00010286, CR2=0x00000046

Top of Stack: (sp=0xb28dd0dc)
0xb28dd0dc:   0000000a 00000400 b28d2e08 b28dd110
0xb28dd0ec:   b28d2de0 b28dd110 0000001b b28db030
0xb28dd0fc:   00000001 00000000 b28dd124 b28bfa8a
0xb28dd10c:   00000000 b28d2ddc 00000000 00000000
0xb28dd11c:   00000000 00000000 b28dd154 b28bcf92
0xb28dd12c:   b28db26c 00000000 ffffffff b28c0281
0xb28dd13c:   b28de940 00000000 ffffffff 01000081
0xb28dd14c:   0000039f 000003a0 b28dd184 b28bfc51 

Instructions: (pc=0xb75bc506)
0xb75bc4e6:   78 ff ff ff 66 90 66 90 66 90 55 57 56 53 83 ec
0xb75bc4f6:   1c 8b 74 24 30 e8 db 32 0c 00 81 c3 00 7b 14 00
0xb75bc506:   80 7e 46 00 0f 85 80 01 00 00 8b 16 f6 c6 20 89
0xb75bc516:   d1 0f 85 43 01 00 00 89 d0 25 00 80 00 00 75 39 

Register to memory mapping:

EAX=0x00000000 is an unknown value
EBX=0xb7704000: <offset 0x1ab000> in /lib/i386-linux-gnu/libc.so.6 at 0xb7559000
ECX=0x00000000 is an unknown value
EDX=0x0000000a is an unknown value
ESP=0xb28dd0dc: <offset 0x2f0dc> in /home/user/Desktop/Dual-radio-simulation/lanada/log_test/obj_cooja/mtype77.cooja at 0xb28ae000
EBP=0xb28dd124: <offset 0x2f124> in /home/user/Desktop/Dual-radio-simulation/lanada/log_test/obj_cooja/mtype77.cooja at 0xb28ae000
ESI=0x00000000 is an unknown value
EDI=0x00000000 is an unknown value


Stack: [0xb2af7000,0xb2b48000],  sp=0xb28dd0dc,  free space=4192152k
Native frames: (J=compiled Java code, j=interpreted, Vv=VM code, C=native code)
C  [libc.so.6+0x63506]  fclose+0x16
C  [mtype77.cooja+0xef92]  process_thread_hello_world_process+0x27
C  [mtype77.cooja+0x11c51]  call_process+0x57
C  [mtype77.cooja+0x11f9f]  process_post_synch+0x2e
C  [mtype77.cooja+0x11b0e]  process_start+0x6d
C  [mtype77.cooja+0x112a1]  autostart_start+0x30
C  [mtype77.cooja+0xf67a]  contiki_init+0x527
C  [mtype77.cooja+0xf6b0]  process_run_thread_loop+0x1a

Java frames: (J=compiled Java code, j=interpreted, Vv=VM code)
j  org.contikios.cooja.corecomm.Lib1.tick()V+0
j  org.contikios.cooja.contikimote.ContikiMoteType.tick()V+4
j  org.contikios.cooja.contikimote.ContikiMote.execute(J)V+63
j  org.contikios.cooja.motes.AbstractWakeupMote$1.execute(J)V+5
j  org.contikios.cooja.Simulation.run()V+184
j  java.lang.Thread.run()V+11
v  ~StubRoutines::call_stub

---------------  P R O C E S S  ---------------

Java Threads: ( => current thread )
=>0x0953a800 JavaThread "Thread-3" [_thread_in_native, id=3580, stack(0xb2af7000,0xb2b48000)]
  0x09455c00 JavaThread "Thread-2" [_thread_blocked, id=3570, stack(0xb293e000,0xb298f000)]
  0x09456c00 JavaThread "Thread-1" [_thread_blocked, id=3569, stack(0xb28ed000,0xb293e000)]
  0x094c7800 JavaThread "process reaper" daemon [_thread_blocked, id=3532, stack(0xb298f000,0xb29e0000)]
  0x09335000 JavaThread "TimerQueue" daemon [_thread_blocked, id=3524, stack(0xb323a000,0xb328b000)]
  0xb6807800 JavaThread "DestroyJavaVM" [_thread_blocked, id=3509, stack(0xb6909000,0xb695a000)]
  0xb385c800 JavaThread "AWT-EventQueue-0" [_thread_blocked, id=3523, stack(0xb328b000,0xb32dc000)]
  0xb3874000 JavaThread "AWT-Shutdown" [_thread_blocked, id=3522, stack(0xb32dc000,0xb332d000)]
  0xb3849000 JavaThread "AWT-XAWT" daemon [_thread_in_native, id=3521, stack(0xb33d0000,0xb3421000)]
  0xb383b000 JavaThread "Java2D Disposer" daemon [_thread_blocked, id=3520, stack(0xb3432000,0xb3483000)]
  0xb684cc00 JavaThread "Service Thread" daemon [_thread_blocked, id=3518, stack(0xb3d8c000,0xb3ddd000)]
  0xb684ac00 JavaThread "C1 CompilerThread0" daemon [_thread_blocked, id=3517, stack(0xb3ddd000,0xb3e5e000)]
  0xb6849000 JavaThread "Signal Dispatcher" daemon [_thread_blocked, id=3516, stack(0xb3e5e000,0xb3eaf000)]
  0xb6833400 JavaThread "Finalizer" daemon [_thread_blocked, id=3515, stack(0xb40af000,0xb4100000)]
  0xb6831c00 JavaThread "Reference Handler" daemon [_thread_blocked, id=3514, stack(0xb4233000,0xb4284000)]

Other Threads:
  0xb6830400 VMThread [stack: 0xb4284000,0xb4305000] [id=3513]
  0xb684f000 WatcherThread [stack: 0xb3d0b000,0xb3d8c000] [id=3519]

VM state:not at safepoint (normal execution)

VM Mutex/Monitor currently owned by a thread: None

Heap
 def new generation   total 4928K, used 3008K [0x6e800000, 0x6ed50000, 0x792a0000)
  eden space 4416K,  63% used [0x6e800000, 0x6eabb3d8, 0x6ec50000)
  from space 512K,  41% used [0x6ecd0000, 0x6ed04dc8, 0x6ed50000)
  to   space 512K,   0% used [0x6ec50000, 0x6ec50000, 0x6ecd0000)
 tenured generation   total 10944K, used 6525K [0x792a0000, 0x79d50000, 0x8e800000)
   the space 10944K,  59% used [0x792a0000, 0x798ff748, 0x798ff800, 0x79d50000)
 compacting perm gen  total 12288K, used 6964K [0x8e800000, 0x8f400000, 0x92800000)
   the space 12288K,  56% used [0x8e800000, 0x8eecd158, 0x8eecd200, 0x8f400000)
    ro space 10240K,  60% used [0x92800000, 0x92e00d38, 0x92e00e00, 0x93200000)
    rw space 12288K,  59% used [0x93200000, 0x9391e858, 0x9391ea00, 0x93e00000)

Card table byte_map: [0xb45da000,0xb4706000] byte_map_base: 0xb4266000

Polling page: 0xb770e000

Code Cache  [0xb4786000, 0xb49f6000, 0xb6786000)
 total_blobs=1561 nmethods=1259 adapters=237 free_code_cache=30276Kb largest_free_block=31002944

Compilation events (10 events):
Event: 156.637 Thread 0xb684ac00 1259             javax.swing.text.LabelView::getFont (9 bytes)
Event: 156.637 Thread 0xb684ac00 nmethod 1259 0xb49f3d08 code [0xb49f3e10, 0xb49f3ebc]
Event: 156.637 Thread 0xb684ac00 1260             javax.swing.text.SegmentCache::getSharedSegment (7 bytes)
Event: 156.637 Thread 0xb684ac00 nmethod 1260 0xb49f3f48 code [0xb49f4050, 0xb49f40dc]
Event: 156.637 Thread 0xb684ac00 1261             javax.swing.text.SegmentCache::releaseSharedSegment (8 bytes)
Event: 156.637 Thread 0xb684ac00 nmethod 1261 0xb49f4188 code [0xb49f4290, 0xb49f431c]
Event: 156.638 Thread 0xb684ac00 1262             javax.swing.text.AbstractDocument::getText (28 bytes)
Event: 156.638 Thread 0xb684ac00 nmethod 1262 0xb49f43c8 code [0xb49f44f0, 0xb49f4634]
Event: 156.690 Thread 0xb684ac00 1263   !         sun.java2d.SunGraphics2D::copyImage (107 bytes)
Event: 156.690 Thread 0xb684ac00 nmethod 1263 0xb49f4748 code [0xb49f4890, 0xb49f4b40]

GC Heap History (10 events):
Event: 154.079 GC heap before
{Heap before GC invocations=88 (full 0):
 def new generation   total 4928K, used 4424K [0x6e800000, 0x6ed50000, 0x792a0000)
  eden space 4416K, 100% used [0x6e800000, 0x6ec50000, 0x6ec50000)
  from space 512K,   1% used [0x6ec50000, 0x6ec52368, 0x6ecd0000)
  to   space 512K,   0% used [0x6ecd0000, 0x6ecd0000, 0x6ed50000)
 tenured generation   total 10944K, used 6240K [0x792a0000, 0x79d50000, 0x8e800000)
   the space 10944K,  57% used [0x792a0000, 0x798b80d0, 0x798b8200, 0x79d50000)
 compacting perm gen  total 12288K, used 6823K [0x8e800000, 0x8f400000, 0x92800000)
   the space 12288K,  55% used [0x8e800000, 0x8eea9f90, 0x8eeaa000, 0x8f400000)
    ro space 10240K,  60% used [0x92800000, 0x92e00d38, 0x92e00e00, 0x93200000)
    rw space 12288K,  59% used [0x93200000, 0x9391e858, 0x9391ea00, 0x93e00000)
Event: 154.079 GC heap after
Heap after GC invocations=89 (full 0):
 def new generation   total 4928K, used 9K [0x6e800000, 0x6ed50000, 0x792a0000)
  eden space 4416K,   0% used [0x6e800000, 0x6e800000, 0x6ec50000)
  from space 512K,   1% used [0x6ecd0000, 0x6ecd2728, 0x6ed50000)
  to   space 512K,   0% used [0x6ec50000, 0x6ec50000, 0x6ecd0000)
 tenured generation   total 10944K, used 6240K [0x792a0000, 0x79d50000, 0x8e800000)
   the space 10944K,  57% used [0x792a0000, 0x798b8140, 0x798b8200, 0x79d50000)
 compacting perm gen  total 12288K, used 6823K [0x8e800000, 0x8f400000, 0x92800000)
   the space 12288K,  55% used [0x8e800000, 0x8eea9f90, 0x8eeaa000, 0x8f400000)
    ro space 10240K,  60% used [0x92800000, 0x92e00d38, 0x92e00e00, 0x93200000)
    rw space 12288K,  59% used [0x93200000, 0x9391e858, 0x9391ea00, 0x93e00000)
}
Event: 154.093 GC heap before
{Heap before GC invocations=89 (full 0):
 def new generation   total 4928K, used 4425K [0x6e800000, 0x6ed50000, 0x792a0000)
  eden space 4416K, 100% used [0x6e800000, 0x6ec50000, 0x6ec50000)
  from space 512K,   1% used [0x6ecd0000, 0x6ecd2728, 0x6ed50000)
  to   space 512K,   0% used [0x6ec50000, 0x6ec50000, 0x6ecd0000)
 tenured generation   total 10944K, used 6240K [0x792a0000, 0x79d50000, 0x8e800000)
   the space 10944K,  57% used [0x792a0000, 0x798b8140, 0x798b8200, 0x79d50000)
 compacting perm gen  total 12288K, used 6823K [0x8e800000, 0x8f400000, 0x92800000)
   the space 12288K,  55% used [0x8e800000, 0x8eea9f90, 0x8eeaa000, 0x8f400000)
    ro space 10240K,  60% used [0x92800000, 0x92e00d38, 0x92e00e00, 0x93200000)
    rw space 12288K,  59% used [0x93200000, 0x9391e858, 0x9391ea00, 0x93e00000)
Event: 154.093 GC heap after
Heap after GC invocations=90 (full 0):
 def new generation   total 4928K, used 10K [0x6e800000, 0x6ed50000, 0x792a0000)
  eden space 4416K,   0% used [0x6e800000, 0x6e800000, 0x6ec50000)
  from space 512K,   2% used [0x6ec50000, 0x6ec52ad8, 0x6ecd0000)
  to   space 512K,   0% used [0x6ecd0000, 0x6ecd0000, 0x6ed50000)
 tenured generation   total 10944K, used 6240K [0x792a0000, 0x79d50000, 0x8e800000)
   the space 10944K,  57% used [0x792a0000, 0x798b8230, 0x798b8400, 0x79d50000)
 compacting perm gen  total 12288K, used 6823K [0x8e800000, 0x8f400000, 0x92800000)
   the space 12288K,  55% used [0x8e800000, 0x8eea9f90, 0x8eeaa000, 0x8f400000)
    ro space 10240K,  60% used [0x92800000, 0x92e00d38, 0x92e00e00, 0x93200000)
    rw space 12288K,  59% used [0x93200000, 0x9391e858, 0x9391ea00, 0x93e00000)
}
Event: 154.107 GC heap before
{Heap before GC invocations=90 (full 0):
 def new generation   total 4928K, used 4426K [0x6e800000, 0x6ed50000, 0x792a0000)
  eden space 4416K, 100% used [0x6e800000, 0x6ec50000, 0x6ec50000)
  from space 512K,   2% used [0x6ec50000, 0x6ec52ad8, 0x6ecd0000)
  to   space 512K,   0% used [0x6ecd0000, 0x6ecd0000, 0x6ed50000)
 tenured generation   total 10944K, used 6240K [0x792a0000, 0x79d50000, 0x8e800000)
   the space 10944K,  57% used [0x792a0000, 0x798b8230, 0x798b8400, 0x79d50000)
 compacting perm gen  total 12288K, used 6823K [0x8e800000, 0x8f400000, 0x92800000)
   the space 12288K,  55% used [0x8e800000, 0x8eea9f90, 0x8eeaa000, 0x8f400000)
    ro space 10240K,  60% used [0x92800000, 0x92e00d38, 0x92e00e00, 0x93200000)
    rw space 12288K,  59% used [0x93200000, 0x9391e858, 0x9391ea00, 0x93e00000)
Event: 154.107 GC heap after
Heap after GC invocations=91 (full 0):
 def new generation   total 4928K, used 11K [0x6e800000, 0x6ed50000, 0x792a0000)
  eden space 4416K,   0% used [0x6e800000, 0x6e800000, 0x6ec50000)
  from space 512K,   2% used [0x6ecd0000, 0x6ecd2f88, 0x6ed50000)
  to   space 512K,   0% used [0x6ec50000, 0x6ec50000, 0x6ecd0000)
 tenured generation   total 10944K, used 6240K [0x792a0000, 0x79d50000, 0x8e800000)
   the space 10944K,  57% used [0x792a0000, 0x798b8318, 0x798b8400, 0x79d50000)
 compacting perm gen  total 12288K, used 6823K [0x8e800000, 0x8f400000, 0x92800000)
   the space 12288K,  55% used [0x8e800000, 0x8eea9f90, 0x8eeaa000, 0x8f400000)
    ro space 10240K,  60% used [0x92800000, 0x92e00d38, 0x92e00e00, 0x93200000)
    rw space 12288K,  59% used [0x93200000, 0x9391e858, 0x9391ea00, 0x93e00000)
}
Event: 154.255 GC heap before
{Heap before GC invocations=91 (full 0):
 def new generation   total 4928K, used 4427K [0x6e800000, 0x6ed50000, 0x792a0000)
  eden space 4416K, 100% used [0x6e800000, 0x6ec50000, 0x6ec50000)
  from space 512K,   2% used [0x6ecd0000, 0x6ecd2f88, 0x6ed50000)
  to   space 512K,   0% used [0x6ec50000, 0x6ec50000, 0x6ecd0000)
 tenured generation   total 10944K, used 6240K [0x792a0000, 0x79d50000, 0x8e800000)
   the space 10944K,  57% used [0x792a0000, 0x798b8318, 0x798b8400, 0x79d50000)
 compacting perm gen  total 12288K, used 6899K [0x8e800000, 0x8f400000, 0x92800000)
   the space 12288K,  56% used [0x8e800000, 0x8eebccd0, 0x8eebce00, 0x8f400000)
    ro space 10240K,  60% used [0x92800000, 0x92e00d38, 0x92e00e00, 0x93200000)
    rw space 12288K,  59% used [0x93200000, 0x9391e858, 0x9391ea00, 0x93e00000)
Event: 154.256 GC heap after
Heap after GC invocations=92 (full 0):
 def new generation   total 4928K, used 302K [0x6e800000, 0x6ed50000, 0x792a0000)
  eden space 4416K,   0% used [0x6e800000, 0x6e800000, 0x6ec50000)
  from space 512K,  59% used [0x6ec50000, 0x6ec9b9e0, 0x6ecd0000)
  to   space 512K,   0% used [0x6ecd0000, 0x6ecd0000, 0x6ed50000)
 tenured generation   total 10944K, used 6240K [0x792a0000, 0x79d50000, 0x8e800000)
   the space 10944K,  57% used [0x792a0000, 0x798b8390, 0x798b8400, 0x79d50000)
 compacting perm gen  total 12288K, used 6899K [0x8e800000, 0x8f400000, 0x92800000)
   the space 12288K,  56% used [0x8e800000, 0x8eebccd0, 0x8eebce00, 0x8f400000)
    ro space 10240K,  60% used [0x92800000, 0x92e00d38, 0x92e00e00, 0x93200000)
    rw space 12288K,  59% used [0x93200000, 0x9391e858, 0x9391ea00, 0x93e00000)
}
Event: 155.123 GC heap before
{Heap before GC invocations=92 (full 0):
 def new generation   total 4928K, used 4718K [0x6e800000, 0x6ed50000, 0x792a0000)
  eden space 4416K, 100% used [0x6e800000, 0x6ec50000, 0x6ec50000)
  from space 512K,  59% used [0x6ec50000, 0x6ec9b9e0, 0x6ecd0000)
  to   space 512K,   0% used [0x6ecd0000, 0x6ecd0000, 0x6ed50000)
 tenured generation   total 10944K, used 6240K [0x792a0000, 0x79d50000, 0x8e800000)
   the space 10944K,  57% used [0x792a0000, 0x798b8390, 0x798b8400, 0x79d50000)
 compacting perm gen  total 12288K, used 6959K [0x8e800000, 0x8f400000, 0x92800000)
   the space 12288K,  56% used [0x8e800000, 0x8eecbc38, 0x8eecbe00, 0x8f400000)
    ro space 10240K,  60% used [0x92800000, 0x92e00d38, 0x92e00e00, 0x93200000)
    rw space 12288K,  59% used [0x93200000, 0x9391e858, 0x9391ea00, 0x93e00000)
Event: 155.124 GC heap after
Heap after GC invocations=93 (full 0):
 def new generation   total 4928K, used 211K [0x6e800000, 0x6ed50000, 0x792a0000)
  eden space 4416K,   0% used [0x6e800000, 0x6e800000, 0x6ec50000)
  from space 512K,  41% used [0x6ecd0000, 0x6ed04dc8, 0x6ed50000)
  to   space 512K,   0% used [0x6ec50000, 0x6ec50000, 0x6ecd0000)
 tenured generation   total 10944K, used 6525K [0x792a0000, 0x79d50000, 0x8e800000)
   the space 10944K,  59% used [0x792a0000, 0x798ff748, 0x798ff800, 0x79d50000)
 compacting perm gen  total 12288K, used 6959K [0x8e800000, 0x8f400000, 0x92800000)
   the space 12288K,  56% used [0x8e800000, 0x8eecbc38, 0x8eecbe00, 0x8f400000)
    ro space 10240K,  60% used [0x92800000, 0x92e00d38, 0x92e00e00, 0x93200000)
    rw space 12288K,  59% used [0x93200000, 0x9391e858, 0x9391ea00, 0x93e00000)
}

Deoptimization events (0 events):
No events

Internal exceptions (10 events):
Event: 155.067 Thread 0xb385c800 Threw 0x6ebc3580 at /build/openjdk-7-mks0zz/openjdk-7-7u121-2.6.8/build/openjdk/hotspot/src/share/vm/prims/jvm.cpp:1322
Event: 155.067 Thread 0xb385c800 Threw 0x6ebc7060 at /build/openjdk-7-mks0zz/openjdk-7-7u121-2.6.8/build/openjdk/hotspot/src/share/vm/prims/jvm.cpp:1322
Event: 155.067 Thread 0xb385c800 Threw 0x6ebca5d0 at /build/openjdk-7-mks0zz/openjdk-7-7u121-2.6.8/build/openjdk/hotspot/src/share/vm/prims/jvm.cpp:1322
Event: 155.067 Thread 0xb385c800 Threw 0x6ebcd0e8 at /build/openjdk-7-mks0zz/openjdk-7-7u121-2.6.8/build/openjdk/hotspot/src/share/vm/prims/jvm.cpp:1322
Event: 155.068 Thread 0xb385c800 Threw 0x6ebd0328 at /build/openjdk-7-mks0zz/openjdk-7-7u121-2.6.8/build/openjdk/hotspot/src/share/vm/prims/jvm.cpp:1322
Event: 155.068 Thread 0xb385c800 Threw 0x6ebd3920 at /build/openjdk-7-mks0zz/openjdk-7-7u121-2.6.8/build/openjdk/hotspot/src/share/vm/prims/jvm.cpp:1322
Event: 155.069 Thread 0xb385c800 Threw 0x6ebd6a30 at /build/openjdk-7-mks0zz/openjdk-7-7u121-2.6.8/build/openjdk/hotspot/src/share/vm/prims/jvm.cpp:1322
Event: 155.133 Thread 0xb385c800 Threw 0x6e8c9ff0 at /build/openjdk-7-mks0zz/openjdk-7-7u121-2.6.8/build/openjdk/hotspot/src/share/vm/prims/jvm.cpp:1322
Event: 156.693 Thread 0x0953a800 Threw 0x6eaaad70 at /build/openjdk-7-mks0zz/openjdk-7-7u121-2.6.8/build/openjdk/hotspot/src/share/vm/prims/jvm.cpp:1322
Event: 156.696 Thread 0x0953a800 Threw 0x6eaadbf8 at /build/openjdk-7-mks0zz/openjdk-7-7u121-2.6.8/build/openjdk/hotspot/src/share/vm/prims/jvm.cpp:1322

Events (10 events):
Event: 156.696 loading class 0x093cf998
Event: 156.696 loading class 0x093cf998 done
Event: 156.696 Executing VM operation: RevokeBias
Event: 156.696 Executing VM operation: RevokeBias done
Event: 156.696 Executing VM operation: RevokeBias
Event: 156.696 Executing VM operation: RevokeBias done
Event: 156.696 Executing VM operation: RevokeBias
Event: 156.696 Executing VM operation: RevokeBias done
Event: 156.696 Executing VM operation: RevokeBias
Event: 156.696 Executing VM operation: RevokeBias done


Dynamic libraries:
08048000-08049000 r-xp 00000000 08:01 277177     /usr/lib/jvm/java-7-openjdk-i386/jre/bin/java
08049000-0804a000 r--p 00000000 08:01 277177     /usr/lib/jvm/java-7-openjdk-i386/jre/bin/java
0804a000-0804b000 rw-p 00001000 08:01 277177     /usr/lib/jvm/java-7-openjdk-i386/jre/bin/java
09237000-09692000 rw-p 00000000 00:00 0          [heap]
6e800000-6ed50000 rw-p 00000000 00:00 0 
6ed50000-792a0000 rw-p 00000000 00:00 0 
792a0000-79d50000 rw-p 00000000 00:00 0 
79d50000-8e800000 rw-p 00000000 00:00 0 
8e800000-8f400000 rw-p 00000000 00:00 0 
8f400000-92800000 rw-p 00000000 00:00 0 
92800000-92e01000 r--p 00001000 08:01 179396     /usr/lib/jvm/java-7-openjdk-i386/jre/lib/i386/client/classes.jsa
92e01000-93200000 rw-p 00000000 00:00 0 
93200000-9391f000 rw-p 00602000 08:01 179396     /usr/lib/jvm/java-7-openjdk-i386/jre/lib/i386/client/classes.jsa
9391f000-93e00000 rw-p 00000000 00:00 0 
93e00000-94115000 rw-p 00d21000 08:01 179396     /usr/lib/jvm/java-7-openjdk-i386/jre/lib/i386/client/classes.jsa
94115000-94200000 rw-p 00000000 00:00 0 
94200000-94209000 r-xp 01036000 08:01 179396     /usr/lib/jvm/java-7-openjdk-i386/jre/lib/i386/client/classes.jsa
94209000-94600000 rw-p 00000000 00:00 0 
b28ae000-b28da000 r-xp 00000000 08:01 339707     /home/user/Desktop/Dual-radio-simulation/lanada/log_test/obj_cooja/mtype77.cooja
b28da000-b28db000 r--p 0002b000 08:01 339707     /home/user/Desktop/Dual-radio-simulation/lanada/log_test/obj_cooja/mtype77.cooja
b28db000-b28dc000 rw-p 0002c000 08:01 339707     /home/user/Desktop/Dual-radio-simulation/lanada/log_test/obj_cooja/mtype77.cooja
b28dc000-b28ed000 rw-p 00000000 00:00 0          [stack:3580]
b28ed000-b28f0000 ---p 00000000 00:00 0 
b28f0000-b293e000 rw-p 00000000 00:00 0          [stack:3569]
b293e000-b2941000 ---p 00000000 00:00 0 
b2941000-b298f000 rw-p 00000000 00:00 0          [stack:3570]
b298f000-b2992000 ---p 00000000 00:00 0 
b2992000-b29e0000 rw-p 00000000 00:00 0          [stack:3532]
b2a59000-b2ae5000 rw-s 00000000 00:04 4096016    /SYSV00000000 (deleted)
b2af7000-b2afa000 ---p 00000000 00:00 0 
b2afa000-b2b48000 rw-p 00000000 00:00 0 
b2b4c000-b2b4d000 rw-p 00000000 00:00 0 
b2b4d000-b31e2000 rw-s 00000000 00:04 2818063    /SYSV00000000 (deleted)
b31e2000-b31e4000 r--s 00003000 08:01 289777     /home/user/Desktop/Dual-radio-simulation/tools/cooja/apps/powertracker/lib/powertracker.jar
b31e4000-b31e5000 r--s 00002000 08:01 266126     /home/user/Desktop/Dual-radio-simulation/tools/cooja/apps/collect-view/cooja-collect-view.jar
b31e5000-b31e7000 r--s 00008000 08:01 289775     /home/user/Desktop/Dual-radio-simulation/tools/cooja/apps/serial_socket/lib/serial_socket.jar
b31e7000-b3221000 r--s 001e1000 08:01 291798     /home/user/Desktop/Dual-radio-simulation/tools/cooja/apps/avrora/lib/avrora-small.jar
b3221000-b3222000 r--s 00008000 08:01 265385     /home/user/Desktop/Dual-radio-simulation/tools/cooja/apps/avrora/lib/cooja_avrora.jar
b3222000-b3224000 r--s 00010000 08:01 292113     /home/user/Desktop/Dual-radio-simulation/tools/cooja/apps/mspsim/lib/jipv6.jar
b3224000-b3225000 r--s 00004000 08:01 289779     /home/user/Desktop/Dual-radio-simulation/tools/cooja/apps/mspsim/lib/coffee.jar
b3225000-b3231000 r--s 000eb000 08:01 269680     /home/user/Desktop/Dual-radio-simulation/tools/cooja/apps/mspsim/lib/mspsim.jar
b3231000-b3237000 r--s 00062000 08:01 268623     /home/user/Desktop/Dual-radio-simulation/tools/cooja/apps/mspsim/lib/cooja_mspsim.jar
b3237000-b323a000 r--s 0001e000 08:01 266127     /home/user/Desktop/Dual-radio-simulation/tools/cooja/apps/mrm/lib/mrm.jar
b323a000-b323d000 ---p 00000000 00:00 0 
b323d000-b328b000 rw-p 00000000 00:00 0          [stack:3524]
b328b000-b328e000 ---p 00000000 00:00 0 
b328e000-b32dc000 rw-p 00000000 00:00 0          [stack:3523]
b32dc000-b32df000 ---p 00000000 00:00 0 
b32df000-b332d000 rw-p 00000000 00:00 0          [stack:3522]
b332d000-b332e000 r--s 00000000 08:01 403278     /var/cache/fontconfig/c05880de57d1f5e948fdfacc138775d9-le32d4.cache-4
b332e000-b3336000 r--s 00000000 08:01 395165     /var/cache/fontconfig/945677eb7aeaf62f1d50efc3fb3ec7d8-le32d4.cache-4
b3336000-b3338000 r--s 00000000 08:01 401858     /var/cache/fontconfig/99e8ed0e538f840c565b6ed5dad60d56-le32d4.cache-4
b3338000-b333c000 r--s 00000000 08:01 401857     /var/cache/fontconfig/2cd17615ca594fa2959ae173292e504c-le32d4.cache-4
b333c000-b333d000 r--s 00000000 08:01 401856     /var/cache/fontconfig/e7071f4a29fa870f4323321c154eba04-le32d4.cache-4
b333d000-b333e000 r--s 00000000 08:01 401855     /var/cache/fontconfig/0d8c3b2ac0904cb8a57a757ad11a4a08-le32d4.cache-4
b333e000-b3343000 r--s 00000000 08:01 401853     /var/cache/fontconfig/a755afe4a08bf5b97852ceb7400b47bc-le32d4.cache-4
b3343000-b334c000 r--s 00000000 08:01 401852     /var/cache/fontconfig/6d41288fd70b0be22e8c3a91e032eec0-le32d4.cache-4
b334c000-b335b000 r--s 00000000 08:01 401851     /var/cache/fontconfig/04aabc0a78ac019cf9454389977116d2-le32d4.cache-4
b335b000-b335c000 r--s 00000000 08:01 401850     /var/cache/fontconfig/1ac9eb803944fde146138c791f5cc56a-le32d4.cache-4
b335c000-b335f000 r--s 00000000 08:01 401849     /var/cache/fontconfig/385c0604a188198f04d133e54aba7fe7-le32d4.cache-4
b335f000-b3360000 r--s 00000000 08:01 401848     /var/cache/fontconfig/dc05db6664285cc2f12bf69c139ae4c3-le32d4.cache-4
b3360000-b3364000 r--s 00000000 08:01 401846     /var/cache/fontconfig/8801497958630a81b71ace7c5f9b32a8-le32d4.cache-4
b3364000-b3369000 r--s 00000000 08:01 401845     /var/cache/fontconfig/3047814df9a2f067bd2d96a2b9c36e5a-le32d4.cache-4
b3369000-b336d000 r--s 00000000 08:01 401842     /var/cache/fontconfig/b47c4e1ecd0709278f4910c18777a504-le32d4.cache-4
b336d000-b337d000 r--s 00000000 08:01 401830     /var/cache/fontconfig/d52a8644073d54c13679302ca1180695-le32d4.cache-4
b337d000-b33cd000 r-xp 00000000 08:01 171756     /usr/lib/jvm/java-7-openjdk-i386/jre/lib/i386/libfontmanager.so
b33cd000-b33cf000 r--p 0004f000 08:01 171756     /usr/lib/jvm/java-7-openjdk-i386/jre/lib/i386/libfontmanager.so
b33cf000-b33d0000 rw-p 00051000 08:01 171756     /usr/lib/jvm/java-7-openjdk-i386/jre/lib/i386/libfontmanager.so
b33d0000-b33d3000 ---p 00000000 00:00 0 
b33d3000-b3421000 rw-p 00000000 00:00 0          [stack:3521]
b3421000-b3425000 r-xp 00000000 08:01 7640       /usr/lib/i386-linux-gnu/libXfixes.so.3.1.0
b3425000-b3426000 r--p 00003000 08:01 7640       /usr/lib/i386-linux-gnu/libXfixes.so.3.1.0
b3426000-b3427000 rw-p 00004000 08:01 7640       /usr/lib/i386-linux-gnu/libXfixes.so.3.1.0
b3427000-b3430000 r-xp 00000000 08:01 9790       /usr/lib/i386-linux-gnu/libXcursor.so.1.0.2
b3430000-b3431000 r--p 00008000 08:01 9790       /usr/lib/i386-linux-gnu/libXcursor.so.1.0.2
b3431000-b3432000 rw-p 00009000 08:01 9790       /usr/lib/i386-linux-gnu/libXcursor.so.1.0.2
b3432000-b3435000 ---p 00000000 00:00 0 
b3435000-b3483000 rw-p 00000000 00:00 0          [stack:3520]
b3483000-b34a9000 r-xp 00000000 08:01 142126     /lib/i386-linux-gnu/libpng12.so.0.50.0
b34a9000-b34aa000 r--p 00025000 08:01 142126     /lib/i386-linux-gnu/libpng12.so.0.50.0
b34aa000-b34ab000 rw-p 00026000 08:01 142126     /lib/i386-linux-gnu/libpng12.so.0.50.0
b34ab000-b34b0000 r-xp 00000000 08:01 5406       /usr/lib/i386-linux-gnu/libXdmcp.so.6.0.0
b34b0000-b34b1000 r--p 00004000 08:01 5406       /usr/lib/i386-linux-gnu/libXdmcp.so.6.0.0
b34b1000-b34b2000 rw-p 00005000 08:01 5406       /usr/lib/i386-linux-gnu/libXdmcp.so.6.0.0
b34b2000-b34b4000 r-xp 00000000 08:01 5352       /usr/lib/i386-linux-gnu/libXau.so.6.0.0
b34b4000-b34b5000 r--p 00001000 08:01 5352       /usr/lib/i386-linux-gnu/libXau.so.6.0.0
b34b5000-b34b6000 rw-p 00002000 08:01 5352       /usr/lib/i386-linux-gnu/libXau.so.6.0.0
b34b6000-b34db000 r-xp 00000000 08:01 131117     /lib/i386-linux-gnu/libexpat.so.1.6.0
b34db000-b34dc000 ---p 00025000 08:01 131117     /lib/i386-linux-gnu/libexpat.so.1.6.0
b34dc000-b34de000 r--p 00025000 08:01 131117     /lib/i386-linux-gnu/libexpat.so.1.6.0
b34de000-b34df000 rw-p 00027000 08:01 131117     /lib/i386-linux-gnu/libexpat.so.1.6.0
b34df000-b357a000 r-xp 00000000 08:01 9114       /usr/lib/i386-linux-gnu/libfreetype.so.6.11.1
b357a000-b357e000 r--p 0009a000 08:01 9114       /usr/lib/i386-linux-gnu/libfreetype.so.6.11.1
b357e000-b357f000 rw-p 0009e000 08:01 9114       /usr/lib/i386-linux-gnu/libfreetype.so.6.11.1
b357f000-b359f000 r-xp 00000000 08:01 66655      /usr/lib/i386-linux-gnu/libxcb.so.1.1.0
b359f000-b35a0000 r--p 0001f000 08:01 66655      /usr/lib/i386-linux-gnu/libxcb.so.1.1.0
b35a0000-b35a1000 rw-p 00020000 08:01 66655      /usr/lib/i386-linux-gnu/libxcb.so.1.1.0
b35a1000-b35da000 r-xp 00000000 08:01 9177       /usr/lib/i386-linux-gnu/libfontconfig.so.1.8.0
b35da000-b35db000 r--p 00039000 08:01 9177       /usr/lib/i386-linux-gnu/libfontconfig.so.1.8.0
b35db000-b35dc000 rw-p 0003a000 08:01 9177       /usr/lib/i386-linux-gnu/libfontconfig.so.1.8.0
b35dc000-b35ea000 r-xp 00000000 08:01 7577       /usr/lib/i386-linux-gnu/libXi.so.6.1.0
b35ea000-b35eb000 r--p 0000e000 08:01 7577       /usr/lib/i386-linux-gnu/libXi.so.6.1.0
b35eb000-b35ec000 rw-p 0000f000 08:01 7577       /usr/lib/i386-linux-gnu/libXi.so.6.1.0
b35ec000-b35f1000 r-xp 00000000 08:01 10292      /usr/lib/i386-linux-gnu/libXtst.so.6.1.0
b35f1000-b35f2000 r--p 00004000 08:01 10292      /usr/lib/i386-linux-gnu/libXtst.so.6.1.0
b35f2000-b35f3000 rw-p 00005000 08:01 10292      /usr/lib/i386-linux-gnu/libXtst.so.6.1.0
b35f3000-b35fc000 r-xp 00000000 08:01 6199       /usr/lib/i386-linux-gnu/libXrender.so.1.3.0
b35fc000-b35fd000 r--p 00008000 08:01 6199       /usr/lib/i386-linux-gnu/libXrender.so.1.3.0
b35fd000-b35fe000 rw-p 00009000 08:01 6199       /usr/lib/i386-linux-gnu/libXrender.so.1.3.0
b35fe000-b372e000 r-xp 00000000 08:01 10842      /usr/lib/i386-linux-gnu/libX11.so.6.3.0
b372e000-b372f000 r--p 00130000 08:01 10842      /usr/lib/i386-linux-gnu/libX11.so.6.3.0
b372f000-b3731000 rw-p 00131000 08:01 10842      /usr/lib/i386-linux-gnu/libX11.so.6.3.0
b3731000-b3732000 rw-p 00000000 00:00 0 
b3732000-b3743000 r-xp 00000000 08:01 6183       /usr/lib/i386-linux-gnu/libXext.so.6.4.0
b3743000-b3744000 r--p 00010000 08:01 6183       /usr/lib/i386-linux-gnu/libXext.so.6.4.0
b3744000-b3745000 rw-p 00011000 08:01 6183       /usr/lib/i386-linux-gnu/libXext.so.6.4.0
b3745000-b37d4000 r-xp 00000000 08:01 171844     /usr/lib/jvm/java-7-openjdk-i386/jre/lib/i386/libawt.so
b37d4000-b37d5000 r--p 0008f000 08:01 171844     /usr/lib/jvm/java-7-openjdk-i386/jre/lib/i386/libawt.so
b37d5000-b37dc000 rw-p 00090000 08:01 171844     /usr/lib/jvm/java-7-openjdk-i386/jre/lib/i386/libawt.so
b37dc000-b3800000 rw-p 00000000 00:00 0 
b3800000-b388c000 rw-p 00000000 00:00 0 
b388c000-b3900000 ---p 00000000 00:00 0 
b3900000-b3902000 r--s 00000000 08:01 393795     /var/cache/fontconfig/767a8244fc0220cfb567a839d0392e0b-le32d4.cache-4
b3902000-b3904000 r-xp 00000000 08:01 3489       /usr/lib/i386-linux-gnu/libXcomposite.so.1.0.0
b3904000-b3905000 r--p 00001000 08:01 3489       /usr/lib/i386-linux-gnu/libXcomposite.so.1.0.0
b3905000-b3906000 rw-p 00002000 08:01 3489       /usr/lib/i386-linux-gnu/libXcomposite.so.1.0.0
b3906000-b394e000 r-xp 00000000 08:01 136650     /usr/lib/jvm/java-7-openjdk-i386/jre/lib/i386/xawt/libmawt.so
b394e000-b394f000 r--p 00048000 08:01 136650     /usr/lib/jvm/java-7-openjdk-i386/jre/lib/i386/xawt/libmawt.so
b394f000-b3951000 rw-p 00049000 08:01 136650     /usr/lib/jvm/java-7-openjdk-i386/jre/lib/i386/xawt/libmawt.so
b3951000-b3952000 rw-p 00000000 00:00 0 
b3952000-b398e000 r-xp 00000000 08:01 132344     /lib/i386-linux-gnu/libpcre.so.3.13.1
b398e000-b398f000 r--p 0003b000 08:01 132344     /lib/i386-linux-gnu/libpcre.so.3.13.1
b398f000-b3990000 rw-p 0003c000 08:01 132344     /lib/i386-linux-gnu/libpcre.so.3.13.1
b3990000-b39a3000 r-xp 00000000 08:01 158559     /lib/i386-linux-gnu/libresolv-2.19.so
b39a3000-b39a4000 ---p 00013000 08:01 158559     /lib/i386-linux-gnu/libresolv-2.19.so
b39a4000-b39a5000 r--p 00013000 08:01 158559     /lib/i386-linux-gnu/libresolv-2.19.so
b39a5000-b39a6000 rw-p 00014000 08:01 158559     /lib/i386-linux-gnu/libresolv-2.19.so
b39a6000-b39a8000 rw-p 00000000 00:00 0 
b39a8000-b39c8000 r-xp 00000000 08:01 131406     /lib/i386-linux-gnu/libselinux.so.1
b39c8000-b39c9000 r--p 0001f000 08:01 131406     /lib/i386-linux-gnu/libselinux.so.1
b39c9000-b39ca000 rw-p 00020000 08:01 131406     /lib/i386-linux-gnu/libselinux.so.1
b39ca000-b39cb000 rw-p 00000000 00:00 0 
b39cb000-b3ad5000 r-xp 00000000 08:01 136564     /lib/i386-linux-gnu/libglib-2.0.so.0.4002.0
b3ad5000-b3ad6000 r--p 00109000 08:01 136564     /lib/i386-linux-gnu/libglib-2.0.so.0.4002.0
b3ad6000-b3ad7000 rw-p 0010a000 08:01 136564     /lib/i386-linux-gnu/libglib-2.0.so.0.4002.0
b3ad7000-b3b27000 r-xp 00000000 08:01 1672       /usr/lib/i386-linux-gnu/libgobject-2.0.so.0.4002.0
b3b27000-b3b28000 r--p 0004f000 08:01 1672       /usr/lib/i386-linux-gnu/libgobject-2.0.so.0.4002.0
b3b28000-b3b29000 rw-p 00050000 08:01 1672       /usr/lib/i386-linux-gnu/libgobject-2.0.so.0.4002.0
b3b29000-b3ca6000 r-xp 00000000 08:01 1674       /usr/lib/i386-linux-gnu/libgio-2.0.so.0.4002.0
b3ca6000-b3ca8000 r--p 0017d000 08:01 1674       /usr/lib/i386-linux-gnu/libgio-2.0.so.0.4002.0
b3ca8000-b3ca9000 rw-p 0017f000 08:01 1674       /usr/lib/i386-linux-gnu/libgio-2.0.so.0.4002.0
b3ca9000-b3caa000 rw-p 00000000 00:00 0 
b3caa000-b3cab000 r--s 00000000 08:01 401847     /var/cache/fontconfig/4794a0821666d79190d59a36cb4f44b5-le32d4.cache-4
b3cab000-b3cac000 r--s 00000000 08:01 401844     /var/cache/fontconfig/56cf4f4769d0f4abc89a4895d7bd3ae1-le32d4.cache-4
b3cac000-b3cb3000 r--s 00000000 08:01 401829     /var/cache/fontconfig/3f7329c5293ffd510edef78f73874cfd-le32d4.cache-4
b3cb3000-b3cbc000 r--s 00000000 08:01 401785     /var/cache/fontconfig/d589a48862398ed80a3d6066f4f56f4c-le32d4.cache-4
b3cbc000-b3cbe000 r--s 00000000 08:01 394475     /var/cache/fontconfig/e13b20fdb08344e0e664864cc2ede53d-le32d4.cache-4
b3cbe000-b3cc1000 r--s 00000000 08:01 394702     /var/cache/fontconfig/7ef2298fde41cc6eeb7af42e48b7d293-le32d4.cache-4
b3cc1000-b3cd9000 r-xp 00000000 08:01 171836     /usr/lib/jvm/java-7-openjdk-i386/jre/lib/i386/libnet.so
b3cd9000-b3cda000 r--p 00017000 08:01 171836     /usr/lib/jvm/java-7-openjdk-i386/jre/lib/i386/libnet.so
b3cda000-b3cdb000 rw-p 00018000 08:01 171836     /usr/lib/jvm/java-7-openjdk-i386/jre/lib/i386/libnet.so
b3cdb000-b3cec000 r-xp 00000000 08:01 171778     /usr/lib/jvm/java-7-openjdk-i386/jre/lib/i386/libnio.so
b3cec000-b3ced000 r--p 00010000 08:01 171778     /usr/lib/jvm/java-7-openjdk-i386/jre/lib/i386/libnio.so
b3ced000-b3cee000 rw-p 00011000 08:01 171778     /usr/lib/jvm/java-7-openjdk-i386/jre/lib/i386/libnio.so
b3cee000-b3d0b000 r--s 0014f000 08:01 293673     /home/user/Desktop/Dual-radio-simulation/tools/cooja/lib/swingx-all-1.6.4.jar
b3d0b000-b3d0c000 ---p 00000000 00:00 0 
b3d0c000-b3d8c000 rw-p 00000000 00:00 0          [stack:3519]
b3d8c000-b3d8f000 ---p 00000000 00:00 0 
b3d8f000-b3ddd000 rw-p 00000000 00:00 0          [stack:3518]
b3ddd000-b3de0000 ---p 00000000 00:00 0 
b3de0000-b3e5e000 rw-p 00000000 00:00 0          [stack:3517]
b3e5e000-b3e61000 ---p 00000000 00:00 0 
b3e61000-b3eaf000 rw-p 00000000 00:00 0          [stack:3516]
b3eaf000-b40af000 r--p 00000000 08:01 369        /usr/lib/locale/locale-archive
b40af000-b40b2000 ---p 00000000 00:00 0 
b40b2000-b4100000 rw-p 00000000 00:00 0          [stack:3515]
b4100000-b4131000 rw-p 00000000 00:00 0 
b4131000-b4200000 ---p 00000000 00:00 0 
b4200000-b4201000 r--s 00000000 08:01 401843     /var/cache/fontconfig/b9d506c9ac06c20b433354fa67a72993-le32d4.cache-4
b4201000-b4206000 r-xp 00000000 08:01 9076       /usr/lib/i386-linux-gnu/libffi.so.6.0.1
b4206000-b4207000 r--p 00005000 08:01 9076       /usr/lib/i386-linux-gnu/libffi.so.6.0.1
b4207000-b4208000 rw-p 00006000 08:01 9076       /usr/lib/i386-linux-gnu/libffi.so.6.0.1
b4208000-b420b000 r-xp 00000000 08:01 1675       /usr/lib/i386-linux-gnu/libgmodule-2.0.so.0.4002.0
b420b000-b420c000 r--p 00002000 08:01 1675       /usr/lib/i386-linux-gnu/libgmodule-2.0.so.0.4002.0
b420c000-b420d000 rw-p 00003000 08:01 1675       /usr/lib/i386-linux-gnu/libgmodule-2.0.so.0.4002.0
b420d000-b4217000 r--s 000ae000 08:01 136921     /usr/lib/jvm/java-7-openjdk-i386/jre/lib/resources.jar
b4217000-b421e000 r--s 0005b000 08:01 293671     /home/user/Desktop/Dual-radio-simulation/tools/cooja/lib/jsyntaxpane.jar
b421e000-b4225000 r--s 0004f000 08:01 293672     /home/user/Desktop/Dual-radio-simulation/tools/cooja/lib/log4j.jar
b4225000-b4228000 r--s 00022000 08:01 293670     /home/user/Desktop/Dual-radio-simulation/tools/cooja/lib/jdom.jar
b4228000-b422c000 r--s 00085000 08:01 171728     /usr/lib/jvm/java-7-openjdk-i386/jre/lib/ext/localedata.jar
b422c000-b4230000 r--s 00034000 08:01 136936     /usr/lib/jvm/java-7-openjdk-i386/jre/lib/ext/sunjce_provider.jar
b4230000-b4233000 r--s 0000f000 08:01 153628     /usr/lib/jvm/java-7-openjdk-i386/jre/lib/ext/icedtea-sound.jar
b4233000-b4236000 ---p 00000000 00:00 0 
b4236000-b4284000 rw-p 00000000 00:00 0          [stack:3514]
b4284000-b4285000 ---p 00000000 00:00 0 
b4285000-b434e000 rw-p 00000000 00:00 0          [stack:3513]
b434e000-b4501000 r--s 01d41000 08:01 136926     /usr/lib/jvm/java-7-openjdk-i386/jre/lib/rt.jar
b4501000-b4515000 rw-p 00000000 00:00 0 
b4515000-b452f000 rw-p 00000000 00:00 0 
b452f000-b4535000 rw-p 00000000 00:00 0 
b4535000-b45da000 rw-p 00000000 00:00 0 
b45da000-b45dd000 rw-p 00000000 00:00 0 
b45dd000-b462f000 rw-p 00000000 00:00 0 
b462f000-b4635000 rw-p 00000000 00:00 0 
b4635000-b46da000 rw-p 00000000 00:00 0 
b46da000-b46e0000 rw-p 00000000 00:00 0 
b46e0000-b46fa000 rw-p 00000000 00:00 0 
b46fa000-b4710000 rw-p 00000000 00:00 0 
b4710000-b4786000 rw-p 00000000 00:00 0 
b4786000-b49f6000 rwxp 00000000 00:00 0 
b49f6000-b6786000 rw-p 00000000 00:00 0 
b6786000-b6790000 r-xp 00000000 08:01 159039     /lib/i386-linux-gnu/libnss_files-2.19.so
b6790000-b6791000 r--p 00009000 08:01 159039     /lib/i386-linux-gnu/libnss_files-2.19.so
b6791000-b6792000 rw-p 0000a000 08:01 159039     /lib/i386-linux-gnu/libnss_files-2.19.so
b6792000-b679c000 r-xp 00000000 08:01 158574     /lib/i386-linux-gnu/libnss_nis-2.19.so
b679c000-b679d000 r--p 00009000 08:01 158574     /lib/i386-linux-gnu/libnss_nis-2.19.so
b679d000-b679e000 rw-p 0000a000 08:01 158574     /lib/i386-linux-gnu/libnss_nis-2.19.so
b679e000-b67b3000 r-xp 00000000 08:01 158568     /lib/i386-linux-gnu/libnsl-2.19.so
b67b3000-b67b4000 r--p 00015000 08:01 158568     /lib/i386-linux-gnu/libnsl-2.19.so
b67b4000-b67b5000 rw-p 00016000 08:01 158568     /lib/i386-linux-gnu/libnsl-2.19.so
b67b5000-b67b7000 rw-p 00000000 00:00 0 
b67b7000-b67be000 r-xp 00000000 08:01 158567     /lib/i386-linux-gnu/libnss_compat-2.19.so
b67be000-b67bf000 r--p 00006000 08:01 158567     /lib/i386-linux-gnu/libnss_compat-2.19.so
b67bf000-b67c0000 rw-p 00007000 08:01 158567     /lib/i386-linux-gnu/libnss_compat-2.19.so
b67c0000-b67c1000 r--s 00000000 08:01 401740     /var/cache/fontconfig/0c9eb80ebd1c36541ebe2852d3bb0c49-le32d4.cache-4
b67c1000-b67c2000 r--s 00002000 08:01 136939     /usr/lib/jvm/java-7-openjdk-i386/jre/lib/ext/dnsns.jar
b67c2000-b67c5000 r--s 0003d000 08:01 136934     /usr/lib/jvm/java-7-openjdk-i386/jre/lib/ext/sunpkcs11.jar
b67c5000-b67cd000 r-xp 00000000 08:01 171832     /usr/lib/jvm/java-7-openjdk-i386/jre/lib/i386/libzip.so
b67cd000-b67ce000 r--p 00007000 08:01 171832     /usr/lib/jvm/java-7-openjdk-i386/jre/lib/i386/libzip.so
b67ce000-b67cf000 rw-p 00008000 08:01 171832     /usr/lib/jvm/java-7-openjdk-i386/jre/lib/i386/libzip.so
b67cf000-b67d7000 rw-s 00000000 08:01 167409     /tmp/hsperfdata_user/3507
b67d7000-b67fe000 r-xp 00000000 08:01 171830     /usr/lib/jvm/java-7-openjdk-i386/jre/lib/i386/libjava.so
b67fe000-b67ff000 r--p 00026000 08:01 171830     /usr/lib/jvm/java-7-openjdk-i386/jre/lib/i386/libjava.so
b67ff000-b6800000 rw-p 00027000 08:01 171830     /usr/lib/jvm/java-7-openjdk-i386/jre/lib/i386/libjava.so
b6800000-b68f7000 rw-p 00000000 00:00 0 
b68f7000-b6900000 ---p 00000000 00:00 0 
b6900000-b6907000 r-xp 00000000 08:01 158579     /lib/i386-linux-gnu/librt-2.19.so
b6907000-b6908000 r--p 00006000 08:01 158579     /lib/i386-linux-gnu/librt-2.19.so
b6908000-b6909000 rw-p 00007000 08:01 158579     /lib/i386-linux-gnu/librt-2.19.so
b6909000-b690c000 ---p 00000000 00:00 0 
b690c000-b695a000 rw-p 00000000 00:00 0          [stack:3509]
b695a000-b6976000 r-xp 00000000 08:01 158999     /lib/i386-linux-gnu/libgcc_s.so.1
b6976000-b6977000 rw-p 0001b000 08:01 158999     /lib/i386-linux-gnu/libgcc_s.so.1
b6977000-b69bb000 r-xp 00000000 08:01 158561     /lib/i386-linux-gnu/libm-2.19.so
b69bb000-b69bc000 r--p 00043000 08:01 158561     /lib/i386-linux-gnu/libm-2.19.so
b69bc000-b69bd000 rw-p 00044000 08:01 158561     /lib/i386-linux-gnu/libm-2.19.so
b69bd000-b6a99000 r-xp 00000000 08:01 289        /usr/lib/i386-linux-gnu/libstdc++.so.6.0.19
b6a99000-b6a9d000 r--p 000dc000 08:01 289        /usr/lib/i386-linux-gnu/libstdc++.so.6.0.19
b6a9d000-b6a9e000 rw-p 000e0000 08:01 289        /usr/lib/i386-linux-gnu/libstdc++.so.6.0.19
b6a9e000-b6aa5000 rw-p 00000000 00:00 0 
b6aa5000-b70dc000 r-xp 00000000 08:01 171806     /usr/lib/jvm/java-7-openjdk-i386/jre/lib/i386/client/libjvm.so
b70dc000-b70dd000 ---p 00637000 08:01 171806     /usr/lib/jvm/java-7-openjdk-i386/jre/lib/i386/client/libjvm.so
b70dd000-b70f3000 r--p 00637000 08:01 171806     /usr/lib/jvm/java-7-openjdk-i386/jre/lib/i386/client/libjvm.so
b70f3000-b7102000 rw-p 0064d000 08:01 171806     /usr/lib/jvm/java-7-openjdk-i386/jre/lib/i386/client/libjvm.so
b7102000-b751e000 rw-p 00000000 00:00 0 
b751e000-b7536000 r-xp 00000000 08:01 158556     /lib/i386-linux-gnu/libz.so.1.2.8
b7536000-b7537000 r--p 00017000 08:01 158556     /lib/i386-linux-gnu/libz.so.1.2.8
b7537000-b7538000 rw-p 00018000 08:01 158556     /lib/i386-linux-gnu/libz.so.1.2.8
b7538000-b7550000 r-xp 00000000 08:01 158571     /lib/i386-linux-gnu/libpthread-2.19.so
b7550000-b7551000 r--p 00018000 08:01 158571     /lib/i386-linux-gnu/libpthread-2.19.so
b7551000-b7552000 rw-p 00019000 08:01 158571     /lib/i386-linux-gnu/libpthread-2.19.so
b7552000-b7554000 rw-p 00000000 00:00 0 
b7554000-b7557000 r-xp 00000000 08:01 158563     /lib/i386-linux-gnu/libdl-2.19.so
b7557000-b7558000 r--p 00002000 08:01 158563     /lib/i386-linux-gnu/libdl-2.19.so
b7558000-b7559000 rw-p 00003000 08:01 158563     /lib/i386-linux-gnu/libdl-2.19.so
b7559000-b7701000 r-xp 00000000 08:01 158580     /lib/i386-linux-gnu/libc-2.19.so
b7701000-b7702000 ---p 001a8000 08:01 158580     /lib/i386-linux-gnu/libc-2.19.so
b7702000-b7704000 r--p 001a8000 08:01 158580     /lib/i386-linux-gnu/libc-2.19.so
b7704000-b7705000 rw-p 001aa000 08:01 158580     /lib/i386-linux-gnu/libc-2.19.so
b7705000-b7708000 rw-p 00000000 00:00 0 
b7708000-b770a000 r--s 00006000 08:01 276693     /usr/share/java/java-atk-wrapper.jar
b770a000-b770c000 r--s 00012000 08:01 136938     /usr/lib/jvm/java-7-openjdk-i386/jre/lib/ext/zipfs.jar
b770c000-b770d000 r--p 002c5000 08:01 369        /usr/lib/locale/locale-archive
b770d000-b770e000 rw-p 00000000 00:00 0 
b770e000-b770f000 r--p 00000000 00:00 0 
b770f000-b771d000 r-xp 00000000 08:01 171834     /usr/lib/jvm/java-7-openjdk-i386/jre/lib/i386/libverify.so
b771d000-b771e000 r--p 0000d000 08:01 171834     /usr/lib/jvm/java-7-openjdk-i386/jre/lib/i386/libverify.so
b771e000-b771f000 rw-p 0000e000 08:01 171834     /usr/lib/jvm/java-7-openjdk-i386/jre/lib/i386/libverify.so
b771f000-b772b000 r-xp 00000000 08:01 171842     /usr/lib/jvm/java-7-openjdk-i386/jre/lib/i386/jli/libjli.so
b772b000-b772c000 r--p 0000c000 08:01 171842     /usr/lib/jvm/java-7-openjdk-i386/jre/lib/i386/jli/libjli.so
b772c000-b772d000 rw-p 0000d000 08:01 171842     /usr/lib/jvm/java-7-openjdk-i386/jre/lib/i386/jli/libjli.so
b772d000-b7730000 rw-p 00000000 00:00 0 
b7730000-b7731000 r-xp 00000000 00:00 0          [vdso]
b7731000-b7751000 r-xp 00000000 08:01 158572     /lib/i386-linux-gnu/ld-2.19.so
b7751000-b7752000 r--p 0001f000 08:01 158572     /lib/i386-linux-gnu/ld-2.19.so
b7752000-b7753000 rw-p 00020000 08:01 158572     /lib/i386-linux-gnu/ld-2.19.so
bfa24000-bfa25000 rwxp 00000000 00:00 0 
bfa57000-bfa78000 rw-p 00000000 00:00 0          [stack]

VM Arguments:
jvm_args: -Xmx512m -Duser.language=en 
java_command: org.contikios.cooja.Cooja
Launcher Type: SUN_STANDARD

Environment Variables:
JAVA_HOME=/usr/lib/jvm/java-7-openjdk-i386
PATH=/usr/local/sdcc/bin:/usr/local/sbin:/usr/local/bin:/usr/sbin:/usr/bin:/sbin:/bin:/usr/games:/usr/local/games:/home/user/CodeSourcery/Sourcery_G++_Lite/bin:/usr/local/msp430/bin:/home/user/CodeSourcery/Sourcery_G++_Lite/bin
LD_LIBRARY_PATH=.
SHELL=/bin/bash
DISPLAY=:0

Signal Handlers:
SIGSEGV: [libjvm.so+0x4f0b20], sa_mask[0]=0x7ffbfeff, sa_flags=0x10000004
SIGBUS: [libjvm.so+0x4f0b20], sa_mask[0]=0x7ffbfeff, sa_flags=0x10000004
SIGFPE: [libjvm.so+0x3cc460], sa_mask[0]=0x7ffbfeff, sa_flags=0x10000004
SIGPIPE: [libjvm.so+0x3cc460], sa_mask[0]=0x7ffbfeff, sa_flags=0x10000004
SIGXFSZ: [libjvm.so+0x3cc460], sa_mask[0]=0x7ffbfeff, sa_flags=0x10000004
SIGILL: [libjvm.so+0x3cc460], sa_mask[0]=0x7ffbfeff, sa_flags=0x10000004
SIGUSR1: SIG_DFL, sa_mask[0]=0x00000000, sa_flags=0x00000000
SIGUSR2: [libjvm.so+0x3cc5c0], sa_mask[0]=0x00000004, sa_flags=0x10000004
SIGHUP: [libjvm.so+0x3cc520], sa_mask[0]=0x7ffbfeff, sa_flags=0x10000004
SIGINT: [libjvm.so+0x3cc520], sa_mask[0]=0x7ffbfeff, sa_flags=0x10000004
SIGTERM: [libjvm.so+0x3cc520], sa_mask[0]=0x7ffbfeff, sa_flags=0x10000004
SIGQUIT: [libjvm.so+0x3cc520], sa_mask[0]=0x7ffbfeff, sa_flags=0x10000004
SIGTRAP: SIG_DFL, sa_mask[0]=0x00000000, sa_flags=0x00000000


---------------  S Y S T E M  ---------------

OS:Ubuntu 14.04 (trusty)
uname:Linux 3.13.0-107-generic #154-Ubuntu SMP Mon Dec 19 19:20:26 UTC 2016 i686
libc:glibc 2.19 NPTL 2.19 
rlimit: STACK 8192k, CORE 0k, NPROC 32110, NOFILE 4096, AS infinity
load average:0.05 0.05 0.05

/proc/meminfo:
MemTotal:        4130132 kB
MemFree:         2484668 kB
Buffers:          144324 kB
Cached:          1038228 kB
SwapCached:            0 kB
Active:           774864 kB
Inactive:         755800 kB
Active(anon):     349176 kB
Inactive(anon):    25172 kB
Active(file):     425688 kB
Inactive(file):   730628 kB
Unevictable:          32 kB
Mlocked:              32 kB
HighTotal:       3280776 kB
HighFree:        2074896 kB
LowTotal:         849356 kB
LowFree:          409772 kB
SwapTotal:       1046524 kB
SwapFree:        1046524 kB
Dirty:              1396 kB
Writeback:             0 kB
AnonPages:        348180 kB
Mapped:           112224 kB
Shmem:             26188 kB
Slab:              78776 kB
SReclaimable:      65824 kB
SUnreclaim:        12952 kB
KernelStack:        2752 kB
PageTables:         6264 kB
NFS_Unstable:          0 kB
Bounce:                0 kB
WritebackTmp:          0 kB
CommitLimit:     3111588 kB
Committed_AS:    2322932 kB
VmallocTotal:     122880 kB
VmallocUsed:       23428 kB
VmallocChunk:      89088 kB
HardwareCorrupted:     0 kB
AnonHugePages:    161792 kB
HugePages_Total:       0
HugePages_Free:        0
HugePages_Rsvd:        0
HugePages_Surp:        0
Hugepagesize:       2048 kB
DirectMap4k:       14328 kB
DirectMap2M:      899072 kB


CPU:total 1 (1 cores per cpu, 1 threads per core) family 6 model 94 stepping 3, cmov, cx8, fxsr, mmx, sse, sse2, sse3, ssse3, sse4.1, sse4.2, popcnt, avx, aes, tsc, tscinvbit

/proc/cpuinfo:
processor	: 0
vendor_id	: GenuineIntel
cpu family	: 6
model		: 94
model name	: Intel(R) Core(TM) i5-6500 CPU @ 3.20GHz
stepping	: 3
microcode	: 0x76
cpu MHz		: 3600.000
cache size	: 6144 KB
physical id	: 0
siblings	: 1
core id		: 0
cpu cores	: 1
apicid		: 0
initial apicid	: 0
fdiv_bug	: no
f00f_bug	: no
coma_bug	: no
fpu		: yes
fpu_exception	: yes
cpuid level	: 22
wp		: yes
flags		: fpu vme de pse tsc msr pae mce cx8 apic sep mtrr pge mca cmov pat pse36 clflush dts mmx fxsr sse sse2 ss nx rdtscp lm constant_tsc arch_perfmon pebs bts tsc_reliable nonstop_tsc aperfmperf pni pclmulqdq ssse3 fma cx16 sse4_1 sse4_2 movbe popcnt aes xsave avx hypervisor lahf_lm 3dnowprefetch ida arat epb pln pts dtherm
bogomips	: 7200.00
clflush size	: 64
cache_alignment	: 64
address sizes	: 40 bits physical, 48 bits virtual
power management:



Memory: 4k page, physical 4130132k(2484668k free), swap 1046524k(1046524k free)

vm_info: OpenJDK Client VM (24.121-b00) for linux-x86 JRE (1.7.0_121-b00), built on Nov 16 2016 00:51:04 by "buildd" with gcc 4.8.4

time: Thu Jan 26 05:42:14 2017
elapsed time: 156 seconds

