#
# A fatal error has been detected by the Java Runtime Environment:
#
#  SIGSEGV (0xb) at pc=0x0000fd18, pid=9647, tid=3002825536
#
# JRE version: OpenJDK Runtime Environment (7.0_111-b01) (build 1.7.0_111-b01)
# Java VM: OpenJDK Client VM (24.111-b01 mixed mode, sharing linux-x86 )
# Derivative: IcedTea 2.6.7
# Distribution: Ubuntu 14.04 LTS, package 7u111-2.6.7-0ubuntu0.14.04.3
# Problematic frame:
# C  0x0000fd18
#
# Failed to write core dump. Core dumps have been disabled. To enable core dumping, try "ulimit -c unlimited" before starting Java again
#
# If you would like to submit a bug report, please include
# instructions on how to reproduce the bug and visit:
#   http://icedtea.classpath.org/bugzilla
# The crash happened outside the Java Virtual Machine in native code.
# See problematic frame for where to report the bug.
#

---------------  T H R E A D  ---------------

Current thread (0x08cfcc00):  JavaThread "Thread-7" [_thread_in_native, id=9762, stack(0xb2f67000,0xb2fb8000)]

siginfo:si_signo=SIGSEGV: si_errno=0, si_code=1 (SEGV_MAPERR), si_addr=0x0000fd18

Registers:
EAX=0x0000fd18, EBX=0xb2ce994f, ECX=0x00000000, EDX=0x00000069
ESP=0xb2d06bd8, EBP=0xb2d06bf4, ESI=0x0000004a, EDI=0x00000000
EIP=0x0000fd18, EFLAGS=0x00010206, CR2=0x0000fd18

Top of Stack: (sp=0xb2d06bd8)
0xb2d06bd8:   b2cfc832 00000000 00000001 00000001
0xb2d06be8:   00000052 b2cf9c2f b2ce994f b2d06c34
0xb2d06bf8:   b2cfa6d0 0000fd18 00000000 00000001
0xb2d06c08:   00000001 b2d06c50 b2d0d29e 5edc61ff
0xb2d06c18:   00000001 00140014 000d8014 000d000d
0xb2d06c28:   00000052 000d823a 000d000d 3d029b0d
0xb2d06c38:   00401ee5 0000fd18 00000000 00000000
0xb2d06c48:   0000feff 00120501 0000fd80 00000000 

Instructions: (pc=0x0000fd18)
0x0000fcf8:   
[error occurred during error reporting (printing registers, top of stack, instructions near pc), id 0xb]

Register to memory mapping:

EAX=