#
# A fatal error has been detected by the Java Runtime Environment:
#
#  SIGSEGV (0xb) at pc=0xb765f10c, pid=5725, tid=2999122752
#
# JRE version: OpenJDK Runtime Environment (7.0_79-b14) (build 1.7.0_79-b14)
# Java VM: OpenJDK Client VM (24.79-b02 mixed mode, sharing linux-x86 )
# Derivative: IcedTea 2.5.6
# Distribution: Ubuntu 14.04 LTS, package 7u79-2.5.6-0ubuntu1.14.04.1
# Problematic frame:
# C  [libc.so.6+0x14210c]
#
# Failed to write core dump. Core dumps have been disabled. To enable core dumping, try "ulimit -c unlimited" before starting Java again
#
# If you would like to submit a bug report, please include
# instructions on how to reproduce the bug and visit:
#   http://icedtea.classpath.org/bugzilla
# The crash happened outside the Java Virtual Machine in native code.
# See problematic frame for where to report the bug.
#

---------------  T H R E A D  ---------------

Current thread (0x09919000):  JavaThread "Thread-5" [_thread_in_native, id=6266, stack(0xb2bdf000,0xb2c30000)]

siginfo:si_signo=SIGSEGV: si_errno=0, si_code=1 (SEGV_MAPERR), si_addr=0xeca623b4

Registers:
EAX=0xeca623bc, EBX=0xb765f10c, ECX=0x00000008, EDX=0xb298880c
ESP=0xb2985134, EBP=0xb2985154, ESI=0x00000000, EDI=0x00000000
EIP=0xb765f10c, EFLAGS=0x00010287, CR2=0xeca623b4

Top of Stack: (sp=0xb2985134)
0xb2985134:   b2983120 b29771d7 eca623b4 b2988804
0xb2985144:   00000008 b758df6e b298519c b76c7000
0xb2985154:   b2985184 b29774f0 eca623b4 b2988804
0xb2985164:   b2985184 b296e247 00000001 b298519c
0xb2985174:   b298523c b2988800 b298519c b2983120
0xb2985184:   b29851b4 b2977a1a eca623b4 00000001
0xb2985194:   b29851b4 b2977b14 b29831b8 00000001
0xb29851a4:   b29851cc b297758a b29831b8 eca623b0 

Instructions: (pc=0xb765f10c)
0xb765f0ec:   c8 8d 76 00 8b 48 f0 8b 5a f0 39 d9 0f 85 f2 09
0xb765f0fc:   00 00 8b 48 f4 8b 5a f4 39 d9 0f 85 e4 09 00 00
0xb765f10c:   8b 48 f8 8b 5a f8 39 d9 0f 85 d6 09 00 00 8b 48
0xb765f11c:   fc 8b 5a fc 39 d9 b8 00 00 00 00 0f 85 c3 09 00 

Register to memory mapping:

EAX=0xeca623bc is an unknown value
EBX=0xb765f10c: <offset 0x14210c> in /lib/i386-linux-gnu/libc.so.6 at 0xb751d000
ECX=0x00000008 is an unknown value
EDX=0xb298880c: <offset 0x3580c> in /home/user/Desktop/Dual-radio-simulation/lanada/obj_cooja/mtype676.cooja at 0xb2953000
ESP=0xb2985134: <offset 0x32134> in /home/user/Desktop/Dual-radio-simulation/lanada/obj_cooja/mtype676.cooja at 0xb2953000
EBP=0xb2985154: <offset 0x32154> in /home/user/Desktop/Dual-radio-simulation/lanada/obj_cooja/mtype676.cooja at 0xb2953000
ESI=0x00000000 is an unknown value
EDI=0x00000000 is an unknown value


Stack: [0xb2bdf000,0xb2c30000],  sp=0xb2985134,  free space=4191896k
Native frames: (J=compiled Java code, j=interpreted, Vv=VM code, C=native code)
C  [libc.so.6+0x14210c]
C  [mtype676.cooja+0x244f0]  index_from_lladdr+0x40
C  [mtype676.cooja+0x24a1a]  nbr_table_get_from_lladdr+0x11
C  [mtype676.cooja+0x1c322]  rpl_get_nbr+0x3e
C  [mtype676.cooja+0x1c4ff]  rpl_set_preferred_parent+0x59
C  [mtype676.cooja+0x1d6c5]  rpl_select_parent+0x2c
C  [mtype676.cooja+0x1d297]  rpl_select_dag+0x50
C  [mtype676.cooja+0x1e22c]  rpl_process_parent_event+0x65
C  [mtype676.cooja+0x1e1a8]  rpl_recalculate_ranks+0x67
C  [mtype676.cooja+0x21d41]  handle_periodic_timer+0x15
C  [mtype676.cooja+0x12e91]  process_thread_ctimer_process+0xe7
C  [mtype676.cooja+0x1378b]  call_process+0x57
C  [mtype676.cooja+0x139af]  do_event+0x141
C  [mtype676.cooja+0x139cc]  process_run+0x1b
C  [mtype676.cooja+0x1102d]  process_run_thread_loop+0x2b

Java frames: (J=compiled Java code, j=interpreted, Vv=VM code)
J 1295  org.contikios.cooja.corecomm.Lib2.tick()V (0 bytes) @ 0xb4968450 [0xb4968410+0x40]

[error occurred during error reporting (printing Java stack), id 0xb]


---------------  P R O C E S S  ---------------

Java Threads: ( => current thread )
=>