#
# A fatal error has been detected by the Java Runtime Environment:
#
#  SIGSEGV (0xb) at pc=0x0000fdf1, pid=12934, tid=0x83228b40
#
# JRE version: Java(TM) SE Runtime Environment (8.0_101-b13) (build 1.8.0_101-b13)
# Java VM: Java HotSpot(TM) Server VM (25.101-b13 mixed mode linux-x86 )
# Problematic frame:
# C  0x0000fdf1
#
# Core dump written. Default location: /home/user/longrange/Dual-radio-simulation/tools/cooja/build/core or core.12934
#
# If you would like to submit a bug report, please visit:
#   http://bugreport.java.com/bugreport/crash.jsp
# The crash happened outside the Java Virtual Machine in native code.
# See problematic frame for where to report the bug.
#

---------------  T H R E A D  ---------------

Current thread (0x83c5d400):  JavaThread "Thread-20" [_thread_in_native, id=13263, stack(0x831d8000,0x83229000)]

siginfo: si_signo: 11 (SIGSEGV), si_code: 1 (SEGV_MAPERR), si_addr: 0x0000fdf1

Registers:
EAX=0x0000fdf1, EBX=0x82c8da03, ECX=0x00000000, EDX=0x00000069
ESP=0x82cab1c8, EBP=0x82cab1e4, ESI=0x0000004a, EDI=0x00000000
EIP=0x0000fdf1, EFLAGS=0x00010202, CR2=0x0000fdf1

Top of Stack: (sp=0x82cab1c8)
0x82cab1c8:   82c9ec8e 00000000 00000001 00000001
0x82cab1d8:   00000052 82c9dc76 82c8da03 82cab224
0x82cab1e8:   82c9ef00 0000fdf1 00000000 00000001
0x82cab1f8:   00000001 82cae6c2 82cae6e0 6edc617c
0x82cab208:   00000001 00100010 000f8010 000f000f
0x82cab218:   00000052 000f823a 000f000f 3d029b0f
0x82cab228:   00401e0c 0000fdf1 00000000 00000000
0x82cab238:   0000feff 00120501 0000fd80 00000000 

Instructions: (pc=0x0000fdf1)
0x0000fdd1:   
[error occurred during error reporting (printing registers, top of stack, instructions near pc), id 0xb]

Register to memory mapping:

EAX=0x0000fdf1 is an unknown value
EBX=0x82c8da03: <offset 0x10a03> in /home/user/longrange/Dual-radio-simulation/examples/ipv6/rpl-udp/obj_cooja/mtype689.cooja at 0x82c7d000
ECX=0x00000000 is an unknown value
EDX=0x00000069 is an unknown value
ESP=0x82cab1c8: <offset 0x2e1c8> in /home/user/longrange/Dual-radio-simulation/examples/ipv6/rpl-udp/obj_cooja/mtype689.cooja at 0x82c7d000
EBP=0x82cab1e4: <offset 0x2e1e4> in /home/user/longrange/Dual-radio-simulation/examples/ipv6/rpl-udp/obj_cooja/mtype689.cooja at 0x82c7d000
ESI=0x0000004a is an unknown value
EDI=0x00000000 is an unknown value


Stack: [0x831d8000,0x83229000],  sp=0x82cab1c8,  free space=4189004k
Native frames: (J=compiled Java code, j=interpreted, Vv=VM code, C=native code)
C