#
# A fatal error has been detected by the Java Runtime Environment:
#
#  SIGSEGV (0xb) at pc=0xb76bcf3c, pid=7848, tid=2998299456
#
# JRE version: OpenJDK Runtime Environment (7.0_111-b01) (build 1.7.0_111-b01)
# Java VM: OpenJDK Client VM (24.111-b01 mixed mode, sharing linux-x86 )
# Derivative: IcedTea 2.6.7
# Distribution: Ubuntu 14.04 LTS, package 7u111-2.6.7-0ubuntu0.14.04.3
# Problematic frame:
# C  [libc.so.6+0x141f3c]
#
# Failed to write core dump. Core dumps have been disabled. To enable core dumping, try "ulimit -c unlimited" before starting Java again
#
# If you would like to submit a bug report, please include
# instructions on how to reproduce the bug and visit:
#   http://icedtea.classpath.org/bugzilla
# The crash happened outside the Java Virtual Machine in native code.
# See problematic frame for where to report the bug.
#

---------------  T H R E A D  ---------------

Current thread (0x099c1000):  JavaThread "Thread-5" [_thread_in_native, id=7972, stack(0xb2b16000,0xb2b67000)]

siginfo:si_signo=SIGSEGV: si_errno=0, si_code=1 (SEGV_MAPERR), si_addr=0x00000000

Registers:
EAX=0x00000008, EBX=0xb76bcf3c, ECX=0x00000008, EDX=0x00000008
ESP=0xb28b6144, EBP=0xb28b6164, ESI=0x00000000, EDI=0x00000000
EIP=0xb76bcf3c, EFLAGS=0x00010287, CR2=0x00000000

Top of Stack: (sp=0xb28b6144)
0xb28b6144:   b28b40f4 b28a5ffc 00000000 00000000
0xb28b6154:   00000008 b28b81e0 00000000 b76ae58f
0xb28b6164:   b28b61d4 b28a4bad 00000000 00000000
0xb28b6174:   00000010 b28b81f8 b28b41f1 b28b940a
0xb28b6184:   b28b6238 b28b9360 b28b4118 b28b94b0
0xb28b6194:   80ffffff 00000000 b28bc390 b28bc380
0xb28b61a4:   b28bbb8c 0000002e b28b81e0 00000000
0xb28b61b4:   00000000 000080fe 00000000 01000102 

Instructions: (pc=0xb76bcf3c)
0xb76bcf1c:   c8 8d 76 00 8b 48 f0 8b 5a f0 39 d9 0f 85 f2 09
0xb76bcf2c:   00 00 8b 48 f4 8b 5a f4 39 d9 0f 85 e4 09 00 00
0xb76bcf3c:   8b 48 f8 8b 5a f8 39 d9 0f 85 d6 09 00 00 8b 48
0xb76bcf4c:   fc 8b 5a fc 39 d9 b8 00 00 00 00 0f 85 c3 09 00 

Register to memory mapping:

EAX=0x00000008 is an unknown value
EBX=0xb76bcf3c: <offset 0x141f3c> in /lib/i386-linux-gnu/libc.so.6 at 0xb757b000
ECX=0x00000008 is an unknown value
EDX=0x00000008 is an unknown value
ESP=0xb28b6144: <offset 0x32144> in /home/user/Desktop/nfs/examples/ipv6/rpl-udp/obj_cooja/mtype757.cooja at 0xb2884000
EBP=0xb28b6164: <offset 0x32164> in /home/user/Desktop/nfs/examples/ipv6/rpl-udp/obj_cooja/mtype757.cooja at 0xb2884000
ESI=0x00000000 is an unknown value
EDI=0x00000000 is an unknown value


Stack: [0xb2b16000,0xb2b67000],  sp=0xb28b6144,  free space=4191872k
Native frames: (J=compiled Java code, j=interpreted, Vv=VM code, C=native code)
C  [libc.so.6+0x141f3c]
C  [mtype757.cooja+0x20bad]  dao_output_target_seq+0x2d3
C  [mtype757.cooja+0x208d8]  dao_output_target+0x34
C  [mtype757.cooja+0x20891]  dao_output+0xb4
C  [mtype757.cooja+0x214a8]  handle_dao_timer+0x98
C  [mtype757.cooja+0x121c4]  process_thread_ctimer_process+0xe7
C  [mtype757.cooja+0x129e1]  call_process+0x57
C  [mtype757.cooja+0x12c05]  do_event+0x141
C  [mtype757.cooja+0x12c22]  process_run+0x1b
C  [mtype757.cooja+0x105bf]  process_run_thread_loop+0x1f

Java frames: (J=compiled Java code, j=interpreted, Vv=VM code)
j  org.contikios.cooja.corecomm.Lib2.tick()V+0
j  org.contikios.cooja.contikimote.ContikiMoteType.tick()V+4
j  org.contikios.cooja.contikimote.ContikiMote.execute(J)V+63
j  org.contikios.cooja.motes.AbstractWakeupMote$1.execute(J)V+5
j  org.contikios.cooja.Simulation.run()V+184
j  java.lang.Thread.run()V+11
v  ~StubRoutines::call_stub

---------------  P R O C E S S  ---------------

Java Threads: ( => current thread )
=>0x099c1000 JavaThread "Thread-5" [_thread_in_native, id=7972, stack(0xb2b16000,0xb2b67000)]
  0xb38a9c00 JavaThread "Thread-4" [_thread_blocked, id=7962, stack(0xb2a39000,0xb2a8a000)]
  0xb38ab800 JavaThread "Thread-3" [_thread_blocked, id=7961, stack(0xb290e000,0xb295f000)]
  0xb38a3c00 JavaThread "Thread-2" [_thread_blocked, id=7914, stack(0xb29e8000,0xb2a39000)]
  0xb38a1800 JavaThread "Thread-1" [_thread_blocked, id=7913, stack(0xb2997000,0xb29e8000)]
  0xb389b000 JavaThread "process reaper" daemon [_thread_blocked, id=7868, stack(0xb2a8a000,0xb2aa3000)]
  0x097d3c00 JavaThread "TimerQueue" daemon [_thread_blocked, id=7865, stack(0xb325e000,0xb32af000)]
  0xb6807800 JavaThread "DestroyJavaVM" [_thread_blocked, id=7851, stack(0xb692d000,0xb697e000)]
  0xb3854000 JavaThread "AWT-EventQueue-0" [_thread_blocked, id=7864, stack(0xb32af000,0xb3300000)]
  0xb3873c00 JavaThread "AWT-Shutdown" [_thread_blocked, id=7863, stack(0xb3300000,0xb3351000)]
  0xb3849000 JavaThread "AWT-XAWT" daemon [_thread_in_native, id=7862, stack(0xb33f2000,0xb3443000)]
  0xb383a000 JavaThread "Java2D Disposer" daemon [_thread_blocked, id=7861, stack(0xb3454000,0xb34a5000)]
  0xb684cc00 JavaThread "Service Thread" daemon [_thread_blocked, id=7859, stack(0xb3ddd000,0xb3e2e000)]
  0xb684ac00 JavaThread "C1 CompilerThread0" daemon [_thread_blocked, id=7858, stack(0xb3e2e000,0xb3eaf000)]
  0xb6849000 JavaThread "Signal Dispatcher" daemon [_thread_blocked, id=7857, stack(0xb3eaf000,0xb3f00000)]
  0xb6833400 JavaThread "Finalizer" daemon [_thread_blocked, id=7856, stack(0xb4202000,0xb4253000)]
  0xb6831c00 JavaThread "Reference Handler" daemon [_thread_blocked, id=7855, stack(0xb4253000,0xb42a4000)]

Other Threads:
  0xb6830400 VMThread [stack: 0xb42a4000,0xb4325000] [id=7854]
  0xb684f000 WatcherThread [stack: 0xb3d5c000,0xb3ddd000] [id=7860]

VM state:not at safepoint (normal execution)

VM Mutex/Monitor currently owned by a thread: None

Heap
 def new generation   total 4992K, used 420K [0x6e800000, 0x6ed60000, 0x792a0000)
  eden space 4480K,   4% used [0x6e800000, 0x6e832db0, 0x6ec60000)
  from space 512K,  42% used [0x6ec60000, 0x6ec963f0, 0x6ece0000)
  to   space 512K,   0% used [0x6ece0000, 0x6ece0000, 0x6ed60000)
 tenured generation   total 10944K, used 6002K [0x792a0000, 0x79d50000, 0x8e800000)
   the space 10944K,  54% used [0x792a0000, 0x7987cb50, 0x7987cc00, 0x79d50000)
 compacting perm gen  total 12288K, used 6599K [0x8e800000, 0x8f400000, 0x92800000)
   the space 12288K,  53% used [0x8e800000, 0x8ee71f78, 0x8ee72000, 0x8f400000)
    ro space 10240K,  59% used [0x92800000, 0x92dfe3d8, 0x92dfe400, 0x93200000)
    rw space 12288K,  59% used [0x93200000, 0x9391c2b0, 0x9391c400, 0x93e00000)

Card table byte_map: [0xb45fa000,0xb4726000] byte_map_base: 0xb4286000

Polling page: 0xb7730000

Code Cache  [0xb47a6000, 0xb49fe000, 0xb67a6000)
 total_blobs=1539 nmethods=1245 adapters=230 free_code_cache=30377Kb largest_free_block=31106240

Compilation events (10 events):
Event: 13.866 Thread 0xb684ac00 1248             org.contikios.cooja.mote.memory.MemoryBuffer::getInt (60 bytes)
Event: 13.866 Thread 0xb684ac00 nmethod 1248 0xb49f9a48 code [0xb49f9b70, 0xb49f9c70]
Event: 13.866 Thread 0xb684ac00 1249             org.contikios.cooja.mote.memory.VarMemory::getIntValueOf (15 bytes)
Event: 13.866 Thread 0xb684ac00 nmethod 1249 0xb49f9d48 code [0xb49f9e80, 0xb49fa008]
Event: 13.873 Thread 0xb684ac00 1250             java.util.Arrays::deepHashCode (275 bytes)
Event: 13.873 Thread 0xb684ac00 nmethod 1250 0xb49fa1c8 code [0xb49fa370, 0xb49fa864]
Event: 13.875 Thread 0xb684ac00 1251             org.contikios.cooja.MoteInterfaceHandler::doActiveActionsAfterTick (113 bytes)
Event: 13.875 Thread 0xb684ac00 nmethod 1251 0xb49fac08 code [0xb49fad90, 0xb49fb248]
Event: 13.876 Thread 0xb684ac00 1252             org.contikios.cooja.mote.memory.SectionMoteMemory::pollForMemoryChanges (42 bytes)
Event: 13.876 Thread 0xb684ac00 nmethod 1252 0xb49fb6c8 code [0xb49fb7f0, 0xb49fb9a4]

GC Heap History (10 events):
Event: 12.789 GC heap before
{Heap before GC invocations=176 (full 1):
 def new generation   total 4992K, used 4992K [0x6e800000, 0x6ed60000, 0x792a0000)
  eden space 4480K, 100% used [0x6e800000, 0x6ec60000, 0x6ec60000)
  from space 512K, 100% used [0x6ece0000, 0x6ed60000, 0x6ed60000)
  to   space 512K,   0% used [0x6ec60000, 0x6ec60000, 0x6ece0000)
 tenured generation   total 10944K, used 4797K [0x792a0000, 0x79d50000, 0x8e800000)
   the space 10944K,  43% used [0x792a0000, 0x7974f5f8, 0x7974f600, 0x79d50000)
 compacting perm gen  total 12288K, used 6453K [0x8e800000, 0x8f400000, 0x92800000)
   the space 12288K,  52% used [0x8e800000, 0x8ee4d5d0, 0x8ee4d600, 0x8f400000)
    ro space 10240K,  59% used [0x92800000, 0x92dfe3d8, 0x92dfe400, 0x93200000)
    rw space 12288K,  59% used [0x93200000, 0x9391c2b0, 0x9391c400, 0x93e00000)
Event: 12.791 GC heap after
Heap after GC invocations=177 (full 1):
 def new generation   total 4992K, used 363K [0x6e800000, 0x6ed60000, 0x792a0000)
  eden space 4480K,   0% used [0x6e800000, 0x6e800000, 0x6ec60000)
  from space 512K,  71% used [0x6ec60000, 0x6ecbae30, 0x6ece0000)
  to   space 512K,   0% used [0x6ece0000, 0x6ece0000, 0x6ed60000)
 tenured generation   total 10944K, used 5282K [0x792a0000, 0x79d50000, 0x8e800000)
   the space 10944K,  48% used [0x792a0000, 0x797c89a8, 0x797c8a00, 0x79d50000)
 compacting perm gen  total 12288K, used 6453K [0x8e800000, 0x8f400000, 0x92800000)
   the space 12288K,  52% used [0x8e800000, 0x8ee4d5d0, 0x8ee4d600, 0x8f400000)
    ro space 10240K,  59% used [0x92800000, 0x92dfe3d8, 0x92dfe400, 0x93200000)
    rw space 12288K,  59% used [0x93200000, 0x9391c2b0, 0x9391c400, 0x93e00000)
}
Event: 12.884 GC heap before
{Heap before GC invocations=177 (full 1):
 def new generation   total 4992K, used 4843K [0x6e800000, 0x6ed60000, 0x792a0000)
  eden space 4480K, 100% used [0x6e800000, 0x6ec60000, 0x6ec60000)
  from space 512K,  71% used [0x6ec60000, 0x6ecbae30, 0x6ece0000)
  to   space 512K,   0% used [0x6ece0000, 0x6ece0000, 0x6ed60000)
 tenured generation   total 10944K, used 5282K [0x792a0000, 0x79d50000, 0x8e800000)
   the space 10944K,  48% used [0x792a0000, 0x797c89a8, 0x797c8a00, 0x79d50000)
 compacting perm gen  total 12288K, used 6555K [0x8e800000, 0x8f400000, 0x92800000)
   the space 12288K,  53% used [0x8e800000, 0x8ee66d40, 0x8ee66e00, 0x8f400000)
    ro space 10240K,  59% used [0x92800000, 0x92dfe3d8, 0x92dfe400, 0x93200000)
    rw space 12288K,  59% used [0x93200000, 0x9391c2b0, 0x9391c400, 0x93e00000)
Event: 12.886 GC heap after
Heap after GC invocations=178 (full 1):
 def new generation   total 4992K, used 216K [0x6e800000, 0x6ed60000, 0x792a0000)
  eden space 4480K,   0% used [0x6e800000, 0x6e800000, 0x6ec60000)
  from space 512K,  42% used [0x6ece0000, 0x6ed16140, 0x6ed60000)
  to   space 512K,   0% used [0x6ec60000, 0x6ec60000, 0x6ece0000)
 tenured generation   total 10944K, used 5611K [0x792a0000, 0x79d50000, 0x8e800000)
   the space 10944K,  51% used [0x792a0000, 0x7981acd8, 0x7981ae00, 0x79d50000)
 compacting perm gen  total 12288K, used 6555K [0x8e800000, 0x8f400000, 0x92800000)
   the space 12288K,  53% used [0x8e800000, 0x8ee66d40, 0x8ee66e00, 0x8f400000)
    ro space 10240K,  59% used [0x92800000, 0x92dfe3d8, 0x92dfe400, 0x93200000)
    rw space 12288K,  59% used [0x93200000, 0x9391c2b0, 0x9391c400, 0x93e00000)
}
Event: 12.966 GC heap before
{Heap before GC invocations=178 (full 1):
 def new generation   total 4992K, used 4696K [0x6e800000, 0x6ed60000, 0x792a0000)
  eden space 4480K, 100% used [0x6e800000, 0x6ec60000, 0x6ec60000)
  from space 512K,  42% used [0x6ece0000, 0x6ed16140, 0x6ed60000)
  to   space 512K,   0% used [0x6ec60000, 0x6ec60000, 0x6ece0000)
 tenured generation   total 10944K, used 5611K [0x792a0000, 0x79d50000, 0x8e800000)
   the space 10944K,  51% used [0x792a0000, 0x7981acd8, 0x7981ae00, 0x79d50000)
 compacting perm gen  total 12288K, used 6577K [0x8e800000, 0x8f400000, 0x92800000)
   the space 12288K,  53% used [0x8e800000, 0x8ee6c438, 0x8ee6c600, 0x8f400000)
    ro space 10240K,  59% used [0x92800000, 0x92dfe3d8, 0x92dfe400, 0x93200000)
    rw space 12288K,  59% used [0x93200000, 0x9391c2b0, 0x9391c400, 0x93e00000)
Event: 12.968 GC heap after
Heap after GC invocations=179 (full 1):
 def new generation   total 4992K, used 434K [0x6e800000, 0x6ed60000, 0x792a0000)
  eden space 4480K,   0% used [0x6e800000, 0x6e800000, 0x6ec60000)
  from space 512K,  84% used [0x6ec60000, 0x6eccc928, 0x6ece0000)
  to   space 512K,   0% used [0x6ece0000, 0x6ece0000, 0x6ed60000)
 tenured generation   total 10944K, used 5611K [0x792a0000, 0x79d50000, 0x8e800000)
   the space 10944K,  51% used [0x792a0000, 0x7981acd8, 0x7981ae00, 0x79d50000)
 compacting perm gen  total 12288K, used 6577K [0x8e800000, 0x8f400000, 0x92800000)
   the space 12288K,  53% used [0x8e800000, 0x8ee6c438, 0x8ee6c600, 0x8f400000)
    ro space 10240K,  59% used [0x92800000, 0x92dfe3d8, 0x92dfe400, 0x93200000)
    rw space 12288K,  59% used [0x93200000, 0x9391c2b0, 0x9391c400, 0x93e00000)
}
Event: 13.064 GC heap before
{Heap before GC invocations=179 (full 1):
 def new generation   total 4992K, used 4914K [0x6e800000, 0x6ed60000, 0x792a0000)
  eden space 4480K, 100% used [0x6e800000, 0x6ec60000, 0x6ec60000)
  from space 512K,  84% used [0x6ec60000, 0x6eccc928, 0x6ece0000)
  to   space 512K,   0% used [0x6ece0000, 0x6ece0000, 0x6ed60000)
 tenured generation   total 10944K, used 5611K [0x792a0000, 0x79d50000, 0x8e800000)
   the space 10944K,  51% used [0x792a0000, 0x7981acd8, 0x7981ae00, 0x79d50000)
 compacting perm gen  total 12288K, used 6577K [0x8e800000, 0x8f400000, 0x92800000)
   the space 12288K,  53% used [0x8e800000, 0x8ee6c518, 0x8ee6c600, 0x8f400000)
    ro space 10240K,  59% used [0x92800000, 0x92dfe3d8, 0x92dfe400, 0x93200000)
    rw space 12288K,  59% used [0x93200000, 0x9391c2b0, 0x9391c400, 0x93e00000)
Event: 13.067 GC heap after
Heap after GC invocations=180 (full 1):
 def new generation   total 4992K, used 70K [0x6e800000, 0x6ed60000, 0x792a0000)
  eden space 4480K,   0% used [0x6e800000, 0x6e800000, 0x6ec60000)
  from space 512K,  13% used [0x6ece0000, 0x6ecf1860, 0x6ed60000)
  to   space 512K,   0% used [0x6ec60000, 0x6ec60000, 0x6ece0000)
 tenured generation   total 10944K, used 6002K [0x792a0000, 0x79d50000, 0x8e800000)
   the space 10944K,  54% used [0x792a0000, 0x7987cb50, 0x7987cc00, 0x79d50000)
 compacting perm gen  total 12288K, used 6577K [0x8e800000, 0x8f400000, 0x92800000)
   the space 12288K,  53% used [0x8e800000, 0x8ee6c518, 0x8ee6c600, 0x8f400000)
    ro space 10240K,  59% used [0x92800000, 0x92dfe3d8, 0x92dfe400, 0x93200000)
    rw space 12288K,  59% used [0x93200000, 0x9391c2b0, 0x9391c400, 0x93e00000)
}
Event: 13.864 GC heap before
{Heap before GC invocations=180 (full 1):
 def new generation   total 4992K, used 4550K [0x6e800000, 0x6ed60000, 0x792a0000)
  eden space 4480K, 100% used [0x6e800000, 0x6ec60000, 0x6ec60000)
  from space 512K,  13% used [0x6ece0000, 0x6ecf1860, 0x6ed60000)
  to   space 512K,   0% used [0x6ec60000, 0x6ec60000, 0x6ece0000)
 tenured generation   total 10944K, used 6002K [0x792a0000, 0x79d50000, 0x8e800000)
   the space 10944K,  54% used [0x792a0000, 0x7987cb50, 0x7987cc00, 0x79d50000)
 compacting perm gen  total 12288K, used 6599K [0x8e800000, 0x8f400000, 0x92800000)
   the space 12288K,  53% used [0x8e800000, 0x8ee71f78, 0x8ee72000, 0x8f400000)
    ro space 10240K,  59% used [0x92800000, 0x92dfe3d8, 0x92dfe400, 0x93200000)
    rw space 12288K,  59% used [0x93200000, 0x9391c2b0, 0x9391c400, 0x93e00000)
Event: 13.865 GC heap after
Heap after GC invocations=181 (full 1):
 def new generation   total 4992K, used 216K [0x6e800000, 0x6ed60000, 0x792a0000)
  eden space 4480K,   0% used [0x6e800000, 0x6e800000, 0x6ec60000)
  from space 512K,  42% used [0x6ec60000, 0x6ec963f0, 0x6ece0000)
  to   space 512K,   0% used [0x6ece0000, 0x6ece0000, 0x6ed60000)
 tenured generation   total 10944K, used 6002K [0x792a0000, 0x79d50000, 0x8e800000)
   the space 10944K,  54% used [0x792a0000, 0x7987cb50, 0x7987cc00, 0x79d50000)
 compacting perm gen  total 12288K, used 6599K [0x8e800000, 0x8f400000, 0x92800000)
   the space 12288K,  53% used [0x8e800000, 0x8ee71f78, 0x8ee72000, 0x8f400000)
    ro space 10240K,  59% used [0x92800000, 0x92dfe3d8, 0x92dfe400, 0x93200000)
    rw space 12288K,  59% used [0x93200000, 0x9391c2b0, 0x9391c400, 0x93e00000)
}

Deoptimization events (0 events):
No events

Internal exceptions (10 events):
Event: 12.941 Thread 0x099ba800 Threw 0x6ea331b0 at /build/openjdk-7-Ylwexc/openjdk-7-7u111-2.6.7/build/openjdk/hotspot/src/share/vm/prims/jvm.cpp:1322
Event: 13.809 Thread 0x099c1000 Threw 0x6eaa6c98 at /build/openjdk-7-Ylwexc/openjdk-7-7u111-2.6.7/build/openjdk/hotspot/src/share/vm/prims/jvm.cpp:1322
Event: 13.814 Thread 0x099c1000 Threw 0x6eaa9668 at /build/openjdk-7-Ylwexc/openjdk-7-7u111-2.6.7/build/openjdk/hotspot/src/share/vm/prims/jvm.cpp:1322
Event: 13.823 Thread 0x099c1000 Threw 0x6eabb828 at /build/openjdk-7-Ylwexc/openjdk-7-7u111-2.6.7/build/openjdk/hotspot/src/share/vm/prims/jvm.cpp:1322
Event: 13.825 Thread 0x099c1000 Threw 0x6eabfda0 at /build/openjdk-7-Ylwexc/openjdk-7-7u111-2.6.7/build/openjdk/hotspot/src/share/vm/prims/jvm.cpp:1322
Event: 13.826 Thread 0x099c1000 Threw 0x6eac2a80 at /build/openjdk-7-Ylwexc/openjdk-7-7u111-2.6.7/build/openjdk/hotspot/src/share/vm/prims/jvm.cpp:1322
Event: 13.831 Thread 0x099c1000 Threw 0x6eacb0d0 at /build/openjdk-7-Ylwexc/openjdk-7-7u111-2.6.7/build/openjdk/hotspot/src/share/vm/prims/jvm.cpp:1322
Event: 13.841 Thread 0x099c1000 Threw 0x6eaecda8 at /build/openjdk-7-Ylwexc/openjdk-7-7u111-2.6.7/build/openjdk/hotspot/src/share/vm/prims/jvm.cpp:1322
Event: 13.842 Thread 0x099c1000 Threw 0x6eb03c30 at /build/openjdk-7-Ylwexc/openjdk-7-7u111-2.6.7/build/openjdk/hotspot/src/share/vm/prims/jvm.cpp:1322
Event: 13.843 Thread 0x099c1000 Threw 0x6eb10098 at /build/openjdk-7-Ylwexc/openjdk-7-7u111-2.6.7/build/openjdk/hotspot/src/share/vm/prims/jvm.cpp:1322

Events (10 events):
Event: 13.841 loading class 0xb3893708
Event: 13.841 loading class 0xb3893708 done
Event: 13.842 loading class 0x09870570
Event: 13.842 loading class 0x09870570 done
Event: 13.843 loading class 0xb68edeb0
Event: 13.843 loading class 0xb68edeb0 done
Event: 13.864 Executing VM operation: GenCollectForAllocation
Event: 13.865 Executing VM operation: GenCollectForAllocation done
Event: 13.869 Executing VM operation: RevokeBias
Event: 13.871 Executing VM operation: RevokeBias done


Dynamic libraries:
08048000-08049000 r-xp 00000000 08:01 277188     /usr/lib/jvm/java-7-openjdk-i386/jre/bin/java
08049000-0804a000 r--p 00000000 08:01 277188     /usr/lib/jvm/java-7-openjdk-i386/jre/bin/java
0804a000-0804b000 rw-p 00001000 08:01 277188     /usr/lib/jvm/java-7-openjdk-i386/jre/bin/java
096d6000-09acc000 rw-p 00000000 00:00 0          [heap]
6e800000-6ed60000 rw-p 00000000 00:00 0 
6ed60000-792a0000 rw-p 00000000 00:00 0 
792a0000-79d50000 rw-p 00000000 00:00 0 
79d50000-8e800000 rw-p 00000000 00:00 0 
8e800000-8f400000 rw-p 00000000 00:00 0 
8f400000-92800000 rw-p 00000000 00:00 0 
92800000-92dff000 r--p 00001000 08:01 199405     /usr/lib/jvm/java-7-openjdk-i386/jre/lib/i386/client/classes.jsa
92dff000-93200000 rw-p 00000000 00:00 0 
93200000-9391d000 rw-p 00600000 08:01 199405     /usr/lib/jvm/java-7-openjdk-i386/jre/lib/i386/client/classes.jsa
9391d000-93e00000 rw-p 00000000 00:00 0 
93e00000-94114000 rw-p 00d1d000 08:01 199405     /usr/lib/jvm/java-7-openjdk-i386/jre/lib/i386/client/classes.jsa
94114000-94200000 rw-p 00000000 00:00 0 
94200000-94209000 r-xp 01031000 08:01 199405     /usr/lib/jvm/java-7-openjdk-i386/jre/lib/i386/client/classes.jsa
94209000-94600000 rw-p 00000000 00:00 0 
b2784000-b2884000 rw-p 00000000 00:00 0 
b2884000-b28b3000 r-xp 00000000 00:1e 3675231    /home/user/Desktop/nfs/examples/ipv6/rpl-udp/obj_cooja/mtype757.cooja
b28b3000-b28b4000 r--p 0002e000 00:1e 3675231    /home/user/Desktop/nfs/examples/ipv6/rpl-udp/obj_cooja/mtype757.cooja
b28b4000-b28b5000 rw-p 0002f000 00:1e 3675231    /home/user/Desktop/nfs/examples/ipv6/rpl-udp/obj_cooja/mtype757.cooja
b28b5000-b28bd000 rw-p 00000000 00:00 0          [stack:7972]
b28bd000-b28c0000 ---p 00000000 00:00 0 
b28c0000-b290e000 rw-p 00000000 00:00 0 
b290e000-b2911000 ---p 00000000 00:00 0 
b2911000-b295f000 rw-p 00000000 00:00 0          [stack:7961]
b295f000-b298d000 r-xp 00000000 00:1e 3675225    /home/user/Desktop/nfs/examples/ipv6/rpl-udp/obj_cooja/mtype409.cooja
b298d000-b298e000 r--p 0002d000 00:1e 3675225    /home/user/Desktop/nfs/examples/ipv6/rpl-udp/obj_cooja/mtype409.cooja
b298e000-b298f000 rw-p 0002e000 00:1e 3675225    /home/user/Desktop/nfs/examples/ipv6/rpl-udp/obj_cooja/mtype409.cooja
b298f000-b2997000 rw-p 00000000 00:00 0 
b2997000-b299a000 ---p 00000000 00:00 0 
b299a000-b29e8000 rw-p 00000000 00:00 0          [stack:7913]
b29e8000-b29eb000 ---p 00000000 00:00 0 
b29eb000-b2a39000 rw-p 00000000 00:00 0          [stack:7914]
b2a39000-b2a3c000 ---p 00000000 00:00 0 
b2a3c000-b2a8a000 rw-p 00000000 00:00 0          [stack:7962]
b2a8a000-b2a8d000 ---p 00000000 00:00 0 
b2a8d000-b2aa3000 rw-p 00000000 00:00 0          [stack:7868]
b2ad8000-b2b10000 rw-s 00000000 00:04 24543251   /SYSV00000000 (deleted)
b2b16000-b2b19000 ---p 00000000 00:00 0 
b2b19000-b2b67000 rw-p 00000000 00:00 0 
b2b70000-b2b71000 rw-p 00000000 00:00 0 
b2b71000-b3206000 rw-s 00000000 00:04 24018960   /SYSV00000000 (deleted)
b3206000-b3208000 r--s 00003000 00:1e 6161349    /home/user/Desktop/nfs/tools/cooja/apps/powertracker/lib/powertracker.jar
b3208000-b3209000 r--s 00002000 00:1e 3683091    /home/user/Desktop/nfs/tools/cooja/apps/collect-view/cooja-collect-view.jar
b3209000-b320b000 r--s 00008000 00:1e 10105265   /home/user/Desktop/nfs/tools/cooja/apps/serial_socket/lib/serial_socket.jar
b320b000-b3245000 r--s 001e1000 00:1e 9048202    /home/user/Desktop/nfs/tools/cooja/apps/avrora/lib/avrora-small.jar
b3245000-b3246000 r--s 00008000 00:1e 9047568    /home/user/Desktop/nfs/tools/cooja/apps/avrora/lib/cooja_avrora.jar
b3246000-b3248000 r--s 00010000 00:1e 6161792    /home/user/Desktop/nfs/tools/cooja/apps/mspsim/lib/jipv6.jar
b3248000-b3249000 r--s 00004000 00:1e 6161304    /home/user/Desktop/nfs/tools/cooja/apps/mspsim/lib/coffee.jar
b3249000-b3255000 r--s 000eb000 00:1e 6161348    /home/user/Desktop/nfs/tools/cooja/apps/mspsim/lib/mspsim.jar
b3255000-b325b000 r--s 00062000 00:1e 6161344    /home/user/Desktop/nfs/tools/cooja/apps/mspsim/lib/cooja_mspsim.jar
b325b000-b325e000 r--s 0001e000 00:1e 6161303    /home/user/Desktop/nfs/tools/cooja/apps/mrm/lib/mrm.jar
b325e000-b3261000 ---p 00000000 00:00 0 
b3261000-b32af000 rw-p 00000000 00:00 0          [stack:7865]
b32af000-b32b2000 ---p 00000000 00:00 0 
b32b2000-b3300000 rw-p 00000000 00:00 0          [stack:7864]
b3300000-b3303000 ---p 00000000 00:00 0 
b3303000-b3351000 rw-p 00000000 00:00 0          [stack:7863]
b3351000-b3352000 r--s 00000000 08:01 403951     /var/cache/fontconfig/c05880de57d1f5e948fdfacc138775d9-le32d4.cache-4
b3352000-b335a000 r--s 00000000 08:01 395165     /var/cache/fontconfig/945677eb7aeaf62f1d50efc3fb3ec7d8-le32d4.cache-4
b335a000-b335c000 r--s 00000000 08:01 403828     /var/cache/fontconfig/99e8ed0e538f840c565b6ed5dad60d56-le32d4.cache-4
b335c000-b3360000 r--s 00000000 08:01 403701     /var/cache/fontconfig/2cd17615ca594fa2959ae173292e504c-le32d4.cache-4
b3360000-b3361000 r--s 00000000 08:01 403278     /var/cache/fontconfig/e7071f4a29fa870f4323321c154eba04-le32d4.cache-4
b3361000-b3362000 r--s 00000000 08:01 402342     /var/cache/fontconfig/0d8c3b2ac0904cb8a57a757ad11a4a08-le32d4.cache-4
b3362000-b3367000 r--s 00000000 08:01 402341     /var/cache/fontconfig/a755afe4a08bf5b97852ceb7400b47bc-le32d4.cache-4
b3367000-b3370000 r--s 00000000 08:01 401848     /var/cache/fontconfig/6d41288fd70b0be22e8c3a91e032eec0-le32d4.cache-4
b3370000-b337f000 r--s 00000000 08:01 401847     /var/cache/fontconfig/04aabc0a78ac019cf9454389977116d2-le32d4.cache-4
b337f000-b3380000 r--s 00000000 08:01 401846     /var/cache/fontconfig/1ac9eb803944fde146138c791f5cc56a-le32d4.cache-4
b3380000-b3383000 r--s 00000000 08:01 401845     /var/cache/fontconfig/385c0604a188198f04d133e54aba7fe7-le32d4.cache-4
b3383000-b3384000 r--s 00000000 08:01 401843     /var/cache/fontconfig/dc05db6664285cc2f12bf69c139ae4c3-le32d4.cache-4
b3384000-b3386000 r--s 00000000 08:01 393795     /var/cache/fontconfig/767a8244fc0220cfb567a839d0392e0b-le32d4.cache-4
b3386000-b338a000 r--s 00000000 08:01 401841     /var/cache/fontconfig/8801497958630a81b71ace7c5f9b32a8-le32d4.cache-4
b338a000-b338f000 r--s 00000000 08:01 401840     /var/cache/fontconfig/3047814df9a2f067bd2d96a2b9c36e5a-le32d4.cache-4
b338f000-b339f000 r--s 00000000 08:01 401836     /var/cache/fontconfig/d52a8644073d54c13679302ca1180695-le32d4.cache-4
b339f000-b33ef000 r-xp 00000000 08:01 177825     /usr/lib/jvm/java-7-openjdk-i386/jre/lib/i386/libfontmanager.so
b33ef000-b33f1000 r--p 0004f000 08:01 177825     /usr/lib/jvm/java-7-openjdk-i386/jre/lib/i386/libfontmanager.so
b33f1000-b33f2000 rw-p 00051000 08:01 177825     /usr/lib/jvm/java-7-openjdk-i386/jre/lib/i386/libfontmanager.so
b33f2000-b33f5000 ---p 00000000 00:00 0 
b33f5000-b3443000 rw-p 00000000 00:00 0          [stack:7862]
b3443000-b3447000 r-xp 00000000 08:01 7640       /usr/lib/i386-linux-gnu/libXfixes.so.3.1.0
b3447000-b3448000 r--p 00003000 08:01 7640       /usr/lib/i386-linux-gnu/libXfixes.so.3.1.0
b3448000-b3449000 rw-p 00004000 08:01 7640       /usr/lib/i386-linux-gnu/libXfixes.so.3.1.0
b3449000-b3452000 r-xp 00000000 08:01 9790       /usr/lib/i386-linux-gnu/libXcursor.so.1.0.2
b3452000-b3453000 r--p 00008000 08:01 9790       /usr/lib/i386-linux-gnu/libXcursor.so.1.0.2
b3453000-b3454000 rw-p 00009000 08:01 9790       /usr/lib/i386-linux-gnu/libXcursor.so.1.0.2
b3454000-b3457000 ---p 00000000 00:00 0 
b3457000-b34a5000 rw-p 00000000 00:00 0          [stack:7861]
b34a5000-b34cb000 r-xp 00000000 08:01 142122     /lib/i386-linux-gnu/libpng12.so.0.50.0
b34cb000-b34cc000 r--p 00025000 08:01 142122     /lib/i386-linux-gnu/libpng12.so.0.50.0
b34cc000-b34cd000 rw-p 00026000 08:01 142122     /lib/i386-linux-gnu/libpng12.so.0.50.0
b34cd000-b34d2000 r-xp 00000000 08:01 5406       /usr/lib/i386-linux-gnu/libXdmcp.so.6.0.0
b34d2000-b34d3000 r--p 00004000 08:01 5406       /usr/lib/i386-linux-gnu/libXdmcp.so.6.0.0
b34d3000-b34d4000 rw-p 00005000 08:01 5406       /usr/lib/i386-linux-gnu/libXdmcp.so.6.0.0
b34d4000-b34f9000 r-xp 00000000 08:01 131117     /lib/i386-linux-gnu/libexpat.so.1.6.0
b34f9000-b34fa000 ---p 00025000 08:01 131117     /lib/i386-linux-gnu/libexpat.so.1.6.0
b34fa000-b34fc000 r--p 00025000 08:01 131117     /lib/i386-linux-gnu/libexpat.so.1.6.0
b34fc000-b34fd000 rw-p 00027000 08:01 131117     /lib/i386-linux-gnu/libexpat.so.1.6.0
b34fd000-b3598000 r-xp 00000000 08:01 9145       /usr/lib/i386-linux-gnu/libfreetype.so.6.11.1
b3598000-b359c000 r--p 0009a000 08:01 9145       /usr/lib/i386-linux-gnu/libfreetype.so.6.11.1
b359c000-b359d000 rw-p 0009e000 08:01 9145       /usr/lib/i386-linux-gnu/libfreetype.so.6.11.1
b359d000-b35bd000 r-xp 00000000 08:01 66655      /usr/lib/i386-linux-gnu/libxcb.so.1.1.0
b35bd000-b35be000 r--p 0001f000 08:01 66655      /usr/lib/i386-linux-gnu/libxcb.so.1.1.0
b35be000-b35bf000 rw-p 00020000 08:01 66655      /usr/lib/i386-linux-gnu/libxcb.so.1.1.0
b35bf000-b35f8000 r-xp 00000000 08:01 9181       /usr/lib/i386-linux-gnu/libfontconfig.so.1.8.0
b35f8000-b35f9000 r--p 00039000 08:01 9181       /usr/lib/i386-linux-gnu/libfontconfig.so.1.8.0
b35f9000-b35fa000 rw-p 0003a000 08:01 9181       /usr/lib/i386-linux-gnu/libfontconfig.so.1.8.0
b35fa000-b3608000 r-xp 00000000 08:01 7577       /usr/lib/i386-linux-gnu/libXi.so.6.1.0
b3608000-b3609000 r--p 0000e000 08:01 7577       /usr/lib/i386-linux-gnu/libXi.so.6.1.0
b3609000-b360a000 rw-p 0000f000 08:01 7577       /usr/lib/i386-linux-gnu/libXi.so.6.1.0
b360a000-b360f000 r-xp 00000000 08:01 10292      /usr/lib/i386-linux-gnu/libXtst.so.6.1.0
b360f000-b3610000 r--p 00004000 08:01 10292      /usr/lib/i386-linux-gnu/libXtst.so.6.1.0
b3610000-b3611000 rw-p 00005000 08:01 10292      /usr/lib/i386-linux-gnu/libXtst.so.6.1.0
b3611000-b3741000 r-xp 00000000 08:01 10842      /usr/lib/i386-linux-gnu/libX11.so.6.3.0
b3741000-b3742000 r--p 00130000 08:01 10842      /usr/lib/i386-linux-gnu/libX11.so.6.3.0
b3742000-b3744000 rw-p 00131000 08:01 10842      /usr/lib/i386-linux-gnu/libX11.so.6.3.0
b3744000-b3745000 rw-p 00000000 00:00 0 
b3745000-b37d4000 r-xp 00000000 08:01 177836     /usr/lib/jvm/java-7-openjdk-i386/jre/lib/i386/libawt.so
b37d4000-b37d5000 r--p 0008f000 08:01 177836     /usr/lib/jvm/java-7-openjdk-i386/jre/lib/i386/libawt.so
b37d5000-b37dc000 rw-p 00090000 08:01 177836     /usr/lib/jvm/java-7-openjdk-i386/jre/lib/i386/libawt.so
b37dc000-b3800000 rw-p 00000000 00:00 0 
b3800000-b38d7000 rw-p 00000000 00:00 0 
b38d7000-b3900000 ---p 00000000 00:00 0 
b3900000-b3901000 r--s 00000000 08:01 401842     /var/cache/fontconfig/4794a0821666d79190d59a36cb4f44b5-le32d4.cache-4
b3901000-b3902000 r--s 00000000 08:01 401839     /var/cache/fontconfig/56cf4f4769d0f4abc89a4895d7bd3ae1-le32d4.cache-4
b3902000-b3904000 r-xp 00000000 08:01 5352       /usr/lib/i386-linux-gnu/libXau.so.6.0.0
b3904000-b3905000 r--p 00001000 08:01 5352       /usr/lib/i386-linux-gnu/libXau.so.6.0.0
b3905000-b3906000 rw-p 00002000 08:01 5352       /usr/lib/i386-linux-gnu/libXau.so.6.0.0
b3906000-b3908000 r-xp 00000000 08:01 3489       /usr/lib/i386-linux-gnu/libXcomposite.so.1.0.0
b3908000-b3909000 r--p 00001000 08:01 3489       /usr/lib/i386-linux-gnu/libXcomposite.so.1.0.0
b3909000-b390a000 rw-p 00002000 08:01 3489       /usr/lib/i386-linux-gnu/libXcomposite.so.1.0.0
b390a000-b3913000 r-xp 00000000 08:01 6199       /usr/lib/i386-linux-gnu/libXrender.so.1.3.0
b3913000-b3914000 r--p 00008000 08:01 6199       /usr/lib/i386-linux-gnu/libXrender.so.1.3.0
b3914000-b3915000 rw-p 00009000 08:01 6199       /usr/lib/i386-linux-gnu/libXrender.so.1.3.0
b3915000-b3926000 r-xp 00000000 08:01 6183       /usr/lib/i386-linux-gnu/libXext.so.6.4.0
b3926000-b3927000 r--p 00010000 08:01 6183       /usr/lib/i386-linux-gnu/libXext.so.6.4.0
b3927000-b3928000 rw-p 00011000 08:01 6183       /usr/lib/i386-linux-gnu/libXext.so.6.4.0
b3928000-b3970000 r-xp 00000000 08:01 136659     /usr/lib/jvm/java-7-openjdk-i386/jre/lib/i386/xawt/libmawt.so
b3970000-b3971000 r--p 00048000 08:01 136659     /usr/lib/jvm/java-7-openjdk-i386/jre/lib/i386/xawt/libmawt.so
b3971000-b3973000 rw-p 00049000 08:01 136659     /usr/lib/jvm/java-7-openjdk-i386/jre/lib/i386/xawt/libmawt.so
b3973000-b3974000 rw-p 00000000 00:00 0 
b3974000-b39b0000 r-xp 00000000 08:01 132344     /lib/i386-linux-gnu/libpcre.so.3.13.1
b39b0000-b39b1000 r--p 0003b000 08:01 132344     /lib/i386-linux-gnu/libpcre.so.3.13.1
b39b1000-b39b2000 rw-p 0003c000 08:01 132344     /lib/i386-linux-gnu/libpcre.so.3.13.1
b39b2000-b39b7000 r-xp 00000000 08:01 9076       /usr/lib/i386-linux-gnu/libffi.so.6.0.1
b39b7000-b39b8000 r--p 00005000 08:01 9076       /usr/lib/i386-linux-gnu/libffi.so.6.0.1
b39b8000-b39b9000 rw-p 00006000 08:01 9076       /usr/lib/i386-linux-gnu/libffi.so.6.0.1
b39b9000-b39cc000 r-xp 00000000 08:01 158559     /lib/i386-linux-gnu/libresolv-2.19.so
b39cc000-b39cd000 ---p 00013000 08:01 158559     /lib/i386-linux-gnu/libresolv-2.19.so
b39cd000-b39ce000 r--p 00013000 08:01 158559     /lib/i386-linux-gnu/libresolv-2.19.so
b39ce000-b39cf000 rw-p 00014000 08:01 158559     /lib/i386-linux-gnu/libresolv-2.19.so
b39cf000-b39d1000 rw-p 00000000 00:00 0 
b39d1000-b39f1000 r-xp 00000000 08:01 131406     /lib/i386-linux-gnu/libselinux.so.1
b39f1000-b39f2000 r--p 0001f000 08:01 131406     /lib/i386-linux-gnu/libselinux.so.1
b39f2000-b39f3000 rw-p 00020000 08:01 131406     /lib/i386-linux-gnu/libselinux.so.1
b39f3000-b39f4000 rw-p 00000000 00:00 0 
b39f4000-b39f7000 r-xp 00000000 08:01 1675       /usr/lib/i386-linux-gnu/libgmodule-2.0.so.0.4002.0
b39f7000-b39f8000 r--p 00002000 08:01 1675       /usr/lib/i386-linux-gnu/libgmodule-2.0.so.0.4002.0
b39f8000-b39f9000 rw-p 00003000 08:01 1675       /usr/lib/i386-linux-gnu/libgmodule-2.0.so.0.4002.0
b39f9000-b3b03000 r-xp 00000000 08:01 136564     /lib/i386-linux-gnu/libglib-2.0.so.0.4002.0
b3b03000-b3b04000 r--p 00109000 08:01 136564     /lib/i386-linux-gnu/libglib-2.0.so.0.4002.0
b3b04000-b3b05000 rw-p 0010a000 08:01 136564     /lib/i386-linux-gnu/libglib-2.0.so.0.4002.0
b3b05000-b3b55000 r-xp 00000000 08:01 1672       /usr/lib/i386-linux-gnu/libgobject-2.0.so.0.4002.0
b3b55000-b3b56000 r--p 0004f000 08:01 1672       /usr/lib/i386-linux-gnu/libgobject-2.0.so.0.4002.0
b3b56000-b3b57000 rw-p 00050000 08:01 1672       /usr/lib/i386-linux-gnu/libgobject-2.0.so.0.4002.0
b3b57000-b3cd4000 r-xp 00000000 08:01 1674       /usr/lib/i386-linux-gnu/libgio-2.0.so.0.4002.0
b3cd4000-b3cd6000 r--p 0017d000 08:01 1674       /usr/lib/i386-linux-gnu/libgio-2.0.so.0.4002.0
b3cd6000-b3cd7000 rw-p 0017f000 08:01 1674       /usr/lib/i386-linux-gnu/libgio-2.0.so.0.4002.0
b3cd7000-b3cd8000 rw-p 00000000 00:00 0 
b3cd8000-b3cdc000 r--s 00000000 08:01 401837     /var/cache/fontconfig/b47c4e1ecd0709278f4910c18777a504-le32d4.cache-4
b3cdc000-b3ce3000 r--s 00000000 08:01 401835     /var/cache/fontconfig/3f7329c5293ffd510edef78f73874cfd-le32d4.cache-4
b3ce3000-b3cec000 r--s 00000000 08:01 401834     /var/cache/fontconfig/d589a48862398ed80a3d6066f4f56f4c-le32d4.cache-4
b3cec000-b3cef000 r--s 00000000 08:01 394702     /var/cache/fontconfig/7ef2298fde41cc6eeb7af42e48b7d293-le32d4.cache-4
b3cef000-b3d07000 r-xp 00000000 08:01 153628     /usr/lib/jvm/java-7-openjdk-i386/jre/lib/i386/libnet.so
b3d07000-b3d08000 r--p 00017000 08:01 153628     /usr/lib/jvm/java-7-openjdk-i386/jre/lib/i386/libnet.so
b3d08000-b3d09000 rw-p 00018000 08:01 153628     /usr/lib/jvm/java-7-openjdk-i386/jre/lib/i386/libnet.so
b3d09000-b3d1a000 r-xp 00000000 08:01 177810     /usr/lib/jvm/java-7-openjdk-i386/jre/lib/i386/libnio.so
b3d1a000-b3d1b000 r--p 00010000 08:01 177810     /usr/lib/jvm/java-7-openjdk-i386/jre/lib/i386/libnio.so
b3d1b000-b3d1c000 rw-p 00011000 08:01 177810     /usr/lib/jvm/java-7-openjdk-i386/jre/lib/i386/libnio.so
b3d1c000-b3d26000 r--s 000ae000 08:01 136823     /usr/lib/jvm/java-7-openjdk-i386/jre/lib/resources.jar
b3d26000-b3d43000 r--s 0014f000 00:1e 3709046    /home/user/Desktop/nfs/tools/cooja/lib/swingx-all-1.6.4.jar
b3d43000-b3d4a000 r--s 0005b000 00:1e 3706283    /home/user/Desktop/nfs/tools/cooja/lib/jsyntaxpane.jar
b3d4a000-b3d51000 r--s 0004f000 00:1e 3702728    /home/user/Desktop/nfs/tools/cooja/lib/log4j.jar
b3d51000-b3d54000 r--s 00022000 00:1e 3705387    /home/user/Desktop/nfs/tools/cooja/lib/jdom.jar
b3d54000-b3d58000 r--s 00085000 08:01 177967     /usr/lib/jvm/java-7-openjdk-i386/jre/lib/ext/localedata.jar
b3d58000-b3d5c000 r--s 00034000 08:01 177971     /usr/lib/jvm/java-7-openjdk-i386/jre/lib/ext/sunjce_provider.jar
b3d5c000-b3d5d000 ---p 00000000 00:00 0 
b3d5d000-b3ddd000 rw-p 00000000 00:00 0          [stack:7860]
b3ddd000-b3de0000 ---p 00000000 00:00 0 
b3de0000-b3e2e000 rw-p 00000000 00:00 0          [stack:7859]
b3e2e000-b3e31000 ---p 00000000 00:00 0 
b3e31000-b3eaf000 rw-p 00000000 00:00 0          [stack:7858]
b3eaf000-b3eb2000 ---p 00000000 00:00 0 
b3eb2000-b3f00000 rw-p 00000000 00:00 0          [stack:7857]
b3f00000-b4100000 r--p 00000000 08:01 369        /usr/lib/locale/locale-archive
b4100000-b4128000 rw-p 00000000 00:00 0 
b4128000-b4200000 ---p 00000000 00:00 0 
b4200000-b4202000 r--s 00000000 08:01 394475     /var/cache/fontconfig/e13b20fdb08344e0e664864cc2ede53d-le32d4.cache-4
b4202000-b4205000 ---p 00000000 00:00 0 
b4205000-b4253000 rw-p 00000000 00:00 0          [stack:7856]
b4253000-b4256000 ---p 00000000 00:00 0 
b4256000-b42a4000 rw-p 00000000 00:00 0          [stack:7855]
b42a4000-b42a5000 ---p 00000000 00:00 0 
b42a5000-b436e000 rw-p 00000000 00:00 0          [stack:7854]
b436e000-b4521000 r--s 01d3d000 08:01 136821     /usr/lib/jvm/java-7-openjdk-i386/jre/lib/rt.jar
b4521000-b4535000 rw-p 00000000 00:00 0 
b4535000-b454f000 rw-p 00000000 00:00 0 
b454f000-b4555000 rw-p 00000000 00:00 0 
b4555000-b45fa000 rw-p 00000000 00:00 0 
b45fa000-b45fd000 rw-p 00000000 00:00 0 
b45fd000-b464f000 rw-p 00000000 00:00 0 
b464f000-b4655000 rw-p 00000000 00:00 0 
b4655000-b46fa000 rw-p 00000000 00:00 0 
b46fa000-b4700000 rw-p 00000000 00:00 0 
b4700000-b471a000 rw-p 00000000 00:00 0 
b471a000-b4730000 rw-p 00000000 00:00 0 
b4730000-b47a6000 rw-p 00000000 00:00 0 
b47a6000-b49fe000 rwxp 00000000 00:00 0 
b49fe000-b67a6000 rw-p 00000000 00:00 0 
b67a6000-b67b0000 r-xp 00000000 08:01 159039     /lib/i386-linux-gnu/libnss_files-2.19.so
b67b0000-b67b1000 r--p 00009000 08:01 159039     /lib/i386-linux-gnu/libnss_files-2.19.so
b67b1000-b67b2000 rw-p 0000a000 08:01 159039     /lib/i386-linux-gnu/libnss_files-2.19.so
b67b2000-b67bc000 r-xp 00000000 08:01 158574     /lib/i386-linux-gnu/libnss_nis-2.19.so
b67bc000-b67bd000 r--p 00009000 08:01 158574     /lib/i386-linux-gnu/libnss_nis-2.19.so
b67bd000-b67be000 rw-p 0000a000 08:01 158574     /lib/i386-linux-gnu/libnss_nis-2.19.so
b67be000-b67d3000 r-xp 00000000 08:01 158568     /lib/i386-linux-gnu/libnsl-2.19.so
b67d3000-b67d4000 r--p 00015000 08:01 158568     /lib/i386-linux-gnu/libnsl-2.19.so
b67d4000-b67d5000 rw-p 00016000 08:01 158568     /lib/i386-linux-gnu/libnsl-2.19.so
b67d5000-b67d7000 rw-p 00000000 00:00 0 
b67d7000-b67fe000 r-xp 00000000 08:01 136829     /usr/lib/jvm/java-7-openjdk-i386/jre/lib/i386/libjava.so
b67fe000-b67ff000 r--p 00026000 08:01 136829     /usr/lib/jvm/java-7-openjdk-i386/jre/lib/i386/libjava.so
b67ff000-b6800000 rw-p 00027000 08:01 136829     /usr/lib/jvm/java-7-openjdk-i386/jre/lib/i386/libjava.so
b6800000-b68f7000 rw-p 00000000 00:00 0 
b68f7000-b6900000 ---p 00000000 00:00 0 
b6900000-b6901000 r--s 00000000 08:01 401838     /var/cache/fontconfig/b9d506c9ac06c20b433354fa67a72993-le32d4.cache-4
b6901000-b6904000 r--s 0000f000 08:01 177961     /usr/lib/jvm/java-7-openjdk-i386/jre/lib/ext/icedtea-sound.jar
b6904000-b690b000 r-xp 00000000 08:01 158567     /lib/i386-linux-gnu/libnss_compat-2.19.so
b690b000-b690c000 r--p 00006000 08:01 158567     /lib/i386-linux-gnu/libnss_compat-2.19.so
b690c000-b690d000 rw-p 00007000 08:01 158567     /lib/i386-linux-gnu/libnss_compat-2.19.so
b690d000-b690e000 r--s 00000000 08:01 401833     /var/cache/fontconfig/0c9eb80ebd1c36541ebe2852d3bb0c49-le32d4.cache-4
b690e000-b690f000 r--s 00002000 08:01 177972     /usr/lib/jvm/java-7-openjdk-i386/jre/lib/ext/dnsns.jar
b690f000-b6912000 r--s 0003d000 08:01 177959     /usr/lib/jvm/java-7-openjdk-i386/jre/lib/ext/sunpkcs11.jar
b6912000-b691a000 r-xp 00000000 08:01 177878     /usr/lib/jvm/java-7-openjdk-i386/jre/lib/i386/libzip.so
b691a000-b691b000 r--p 00007000 08:01 177878     /usr/lib/jvm/java-7-openjdk-i386/jre/lib/i386/libzip.so
b691b000-b691c000 rw-p 00008000 08:01 177878     /usr/lib/jvm/java-7-openjdk-i386/jre/lib/i386/libzip.so
b691c000-b6924000 rw-s 00000000 08:01 131947     /tmp/hsperfdata_user/7848
b6924000-b692b000 r-xp 00000000 08:01 158579     /lib/i386-linux-gnu/librt-2.19.so
b692b000-b692c000 r--p 00006000 08:01 158579     /lib/i386-linux-gnu/librt-2.19.so
b692c000-b692d000 rw-p 00007000 08:01 158579     /lib/i386-linux-gnu/librt-2.19.so
b692d000-b6930000 ---p 00000000 00:00 0 
b6930000-b697e000 rw-p 00000000 00:00 0          [stack:7851]
b697e000-b699a000 r-xp 00000000 08:01 158999     /lib/i386-linux-gnu/libgcc_s.so.1
b699a000-b699b000 rw-p 0001b000 08:01 158999     /lib/i386-linux-gnu/libgcc_s.so.1
b699b000-b69df000 r-xp 00000000 08:01 158561     /lib/i386-linux-gnu/libm-2.19.so
b69df000-b69e0000 r--p 00043000 08:01 158561     /lib/i386-linux-gnu/libm-2.19.so
b69e0000-b69e1000 rw-p 00044000 08:01 158561     /lib/i386-linux-gnu/libm-2.19.so
b69e1000-b6abd000 r-xp 00000000 08:01 289        /usr/lib/i386-linux-gnu/libstdc++.so.6.0.19
b6abd000-b6ac1000 r--p 000dc000 08:01 289        /usr/lib/i386-linux-gnu/libstdc++.so.6.0.19
b6ac1000-b6ac2000 rw-p 000e0000 08:01 289        /usr/lib/i386-linux-gnu/libstdc++.so.6.0.19
b6ac2000-b6ac9000 rw-p 00000000 00:00 0 
b6ac9000-b70ff000 r-xp 00000000 08:01 177850     /usr/lib/jvm/java-7-openjdk-i386/jre/lib/i386/client/libjvm.so
b70ff000-b7115000 r--p 00635000 08:01 177850     /usr/lib/jvm/java-7-openjdk-i386/jre/lib/i386/client/libjvm.so
b7115000-b7124000 rw-p 0064b000 08:01 177850     /usr/lib/jvm/java-7-openjdk-i386/jre/lib/i386/client/libjvm.so
b7124000-b7540000 rw-p 00000000 00:00 0 
b7540000-b7558000 r-xp 00000000 08:01 158556     /lib/i386-linux-gnu/libz.so.1.2.8
b7558000-b7559000 r--p 00017000 08:01 158556     /lib/i386-linux-gnu/libz.so.1.2.8
b7559000-b755a000 rw-p 00018000 08:01 158556     /lib/i386-linux-gnu/libz.so.1.2.8
b755a000-b7572000 r-xp 00000000 08:01 158571     /lib/i386-linux-gnu/libpthread-2.19.so
b7572000-b7573000 r--p 00018000 08:01 158571     /lib/i386-linux-gnu/libpthread-2.19.so
b7573000-b7574000 rw-p 00019000 08:01 158571     /lib/i386-linux-gnu/libpthread-2.19.so
b7574000-b7576000 rw-p 00000000 00:00 0 
b7576000-b7579000 r-xp 00000000 08:01 158563     /lib/i386-linux-gnu/libdl-2.19.so
b7579000-b757a000 r--p 00002000 08:01 158563     /lib/i386-linux-gnu/libdl-2.19.so
b757a000-b757b000 rw-p 00003000 08:01 158563     /lib/i386-linux-gnu/libdl-2.19.so
b757b000-b7723000 r-xp 00000000 08:01 158580     /lib/i386-linux-gnu/libc-2.19.so
b7723000-b7724000 ---p 001a8000 08:01 158580     /lib/i386-linux-gnu/libc-2.19.so
b7724000-b7726000 r--p 001a8000 08:01 158580     /lib/i386-linux-gnu/libc-2.19.so
b7726000-b7727000 rw-p 001aa000 08:01 158580     /lib/i386-linux-gnu/libc-2.19.so
b7727000-b772a000 rw-p 00000000 00:00 0 
b772a000-b772c000 r--s 00006000 08:01 276693     /usr/share/java/java-atk-wrapper.jar
b772c000-b772e000 r--s 00012000 08:01 177976     /usr/lib/jvm/java-7-openjdk-i386/jre/lib/ext/zipfs.jar
b772e000-b772f000 r--p 002c5000 08:01 369        /usr/lib/locale/locale-archive
b772f000-b7730000 rw-p 00000000 00:00 0 
b7730000-b7731000 r--p 00000000 00:00 0 
b7731000-b773f000 r-xp 00000000 08:01 136825     /usr/lib/jvm/java-7-openjdk-i386/jre/lib/i386/libverify.so
b773f000-b7740000 r--p 0000d000 08:01 136825     /usr/lib/jvm/java-7-openjdk-i386/jre/lib/i386/libverify.so
b7740000-b7741000 rw-p 0000e000 08:01 136825     /usr/lib/jvm/java-7-openjdk-i386/jre/lib/i386/libverify.so
b7741000-b774d000 r-xp 00000000 08:01 136926     /usr/lib/jvm/java-7-openjdk-i386/jre/lib/i386/jli/libjli.so
b774d000-b774e000 r--p 0000c000 08:01 136926     /usr/lib/jvm/java-7-openjdk-i386/jre/lib/i386/jli/libjli.so
b774e000-b774f000 rw-p 0000d000 08:01 136926     /usr/lib/jvm/java-7-openjdk-i386/jre/lib/i386/jli/libjli.so
b774f000-b7752000 rw-p 00000000 00:00 0 
b7752000-b7753000 r-xp 00000000 00:00 0          [vdso]
b7753000-b7773000 r-xp 00000000 08:01 158572     /lib/i386-linux-gnu/ld-2.19.so
b7773000-b7774000 r--p 0001f000 08:01 158572     /lib/i386-linux-gnu/ld-2.19.so
b7774000-b7775000 rw-p 00020000 08:01 158572     /lib/i386-linux-gnu/ld-2.19.so
bf80d000-bf80e000 rwxp 00000000 00:00 0 
bf840000-bf861000 rw-p 00000000 00:00 0          [stack]

VM Arguments:
jvm_args: -Xmx512m -Duser.language=en 
java_command: org.contikios.cooja.Cooja
Launcher Type: SUN_STANDARD

Environment Variables:
JAVA_HOME=/usr/lib/jvm/java-7-openjdk-i386
PATH=/usr/local/sdcc/bin:/usr/local/sbin:/usr/local/bin:/usr/sbin:/usr/bin:/sbin:/bin:/usr/games:/usr/local/games:/home/user/CodeSourcery/Sourcery_G++_Lite/bin:/usr/local/msp430/bin:/home/user/CodeSourcery/Sourcery_G++_Lite/bin
LD_LIBRARY_PATH=.
SHELL=/bin/bash
DISPLAY=:0

Signal Handlers:
SIGSEGV: [libjvm.so+0x4efa90], sa_mask[0]=0x7ffbfeff, sa_flags=0x10000004
SIGBUS: [libjvm.so+0x4efa90], sa_mask[0]=0x7ffbfeff, sa_flags=0x10000004
SIGFPE: [libjvm.so+0x3cb5a0], sa_mask[0]=0x7ffbfeff, sa_flags=0x10000004
SIGPIPE: [libjvm.so+0x3cb5a0], sa_mask[0]=0x7ffbfeff, sa_flags=0x10000004
SIGXFSZ: [libjvm.so+0x3cb5a0], sa_mask[0]=0x7ffbfeff, sa_flags=0x10000004
SIGILL: [libjvm.so+0x3cb5a0], sa_mask[0]=0x7ffbfeff, sa_flags=0x10000004
SIGUSR1: SIG_DFL, sa_mask[0]=0x00000000, sa_flags=0x00000000
SIGUSR2: [libjvm.so+0x3cb700], sa_mask[0]=0x00000004, sa_flags=0x10000004
SIGHUP: [libjvm.so+0x3cb660], sa_mask[0]=0x7ffbfeff, sa_flags=0x10000004
SIGINT: [libjvm.so+0x3cb660], sa_mask[0]=0x7ffbfeff, sa_flags=0x10000004
SIGTERM: [libjvm.so+0x3cb660], sa_mask[0]=0x7ffbfeff, sa_flags=0x10000004
SIGQUIT: [libjvm.so+0x3cb660], sa_mask[0]=0x7ffbfeff, sa_flags=0x10000004
SIGTRAP: SIG_DFL, sa_mask[0]=0x00000000, sa_flags=0x00000000


---------------  S Y S T E M  ---------------

OS:Ubuntu 14.04 (trusty)
uname:Linux 3.13.0-98-generic #145-Ubuntu SMP Sat Oct 8 20:13:07 UTC 2016 i686
libc:glibc 2.19 NPTL 2.19 
rlimit: STACK 8192k, CORE 0k, NPROC 15972, NOFILE 4096, AS infinity
load average:0.49 0.30 0.33

/proc/meminfo:
MemTotal:        2063736 kB
MemFree:          637484 kB
Buffers:          175924 kB
Cached:           756704 kB
SwapCached:            0 kB
Active:           836132 kB
Inactive:         469992 kB
Active(anon):     374556 kB
Inactive(anon):    25540 kB
Active(file):     461576 kB
Inactive(file):   444452 kB
Unevictable:          32 kB
Mlocked:              32 kB
HighTotal:       1183624 kB
HighFree:         463040 kB
LowTotal:         880112 kB
LowFree:          174444 kB
SwapTotal:       1046524 kB
SwapFree:        1046524 kB
Dirty:               284 kB
Writeback:             0 kB
AnonPages:        373584 kB
Mapped:           134824 kB
Shmem:             26584 kB
Slab:              81272 kB
SReclaimable:      66056 kB
SUnreclaim:        15216 kB
KernelStack:        2984 kB
PageTables:         6852 kB
NFS_Unstable:          0 kB
Bounce:                0 kB
WritebackTmp:          0 kB
CommitLimit:     2078392 kB
Committed_AS:    2427384 kB
VmallocTotal:     122880 kB
VmallocUsed:       24628 kB
VmallocChunk:      87548 kB
HardwareCorrupted:     0 kB
AnonHugePages:    165888 kB
HugePages_Total:       0
HugePages_Free:        0
HugePages_Rsvd:        0
HugePages_Surp:        0
Hugepagesize:       2048 kB
DirectMap4k:       28664 kB
DirectMap2M:      884736 kB


CPU:total 1 (1 cores per cpu, 1 threads per core) family 6 model 94 stepping 3, cmov, cx8, fxsr, mmx, sse, sse2, sse3, ssse3, sse4.1, sse4.2, popcnt, avx, aes, tsc, tscinvbit

/proc/cpuinfo:
processor	: 0
vendor_id	: GenuineIntel
cpu family	: 6
model		: 94
model name	: Intel(R) Core(TM) i5-6500 CPU @ 3.20GHz
stepping	: 3
microcode	: 0x76
cpu MHz		: 3600.000
cache size	: 6144 KB
physical id	: 0
siblings	: 1
core id		: 0
cpu cores	: 1
apicid		: 0
initial apicid	: 0
fdiv_bug	: no
f00f_bug	: no
coma_bug	: no
fpu		: yes
fpu_exception	: yes
cpuid level	: 22
wp		: yes
flags		: fpu vme de pse tsc msr pae mce cx8 apic sep mtrr pge mca cmov pat pse36 clflush dts mmx fxsr sse sse2 ss nx rdtscp lm constant_tsc arch_perfmon pebs bts tsc_reliable nonstop_tsc aperfmperf pni pclmulqdq ssse3 fma cx16 sse4_1 sse4_2 movbe popcnt aes xsave avx hypervisor lahf_lm 3dnowprefetch ida arat epb pln pts dtherm
bogomips	: 7200.00
clflush size	: 64
cache_alignment	: 64
address sizes	: 40 bits physical, 48 bits virtual
power management:



Memory: 4k page, physical 2063736k(637484k free), swap 1046524k(1046524k free)

vm_info: OpenJDK Client VM (24.111-b01) for linux-x86 JRE (1.7.0_111-b01), built on Aug 12 2016 05:36:14 by "buildd" with gcc 4.8.4

time: Sat Oct 15 12:28:46 2016
elapsed time: 13 seconds

