#
# A fatal error has been detected by the Java Runtime Environment:
#
#  SIGSEGV (0xb) at pc=0xb764cf3c, pid=7998, tid=2991164224
#
# JRE version: OpenJDK Runtime Environment (7.0_111-b01) (build 1.7.0_111-b01)
# Java VM: OpenJDK Client VM (24.111-b01 mixed mode, sharing linux-x86 )
# Derivative: IcedTea 2.6.7
# Distribution: Ubuntu 14.04 LTS, package 7u111-2.6.7-0ubuntu0.14.04.3
# Problematic frame:
# C  [libc.so.6+0x141f3c]
#
# Failed to write core dump. Core dumps have been disabled. To enable core dumping, try "ulimit -c unlimited" before starting Java again
#
# If you would like to submit a bug report, please include
# instructions on how to reproduce the bug and visit:
#   http://icedtea.classpath.org/bugzilla
# The crash happened outside the Java Virtual Machine in native code.
# See problematic frame for where to report the bug.
#

---------------  T H R E A D  ---------------

Current thread (0x09692c00):  JavaThread "Thread-31" [_thread_in_native, id=8622, stack(0xb2448000,0xb2499000)]

siginfo:si_signo=SIGSEGV: si_errno=0, si_code=1 (SEGV_MAPERR), si_addr=0x00000000

Registers:
EAX=0x00000008, EBX=0xb764cf3c, ECX=0x00000008, EDX=0xb22634ac
ESP=0xb2260144, EBP=0xb2260164, ESI=0x00000000, EDI=0x00000000
EIP=0xb764cf3c, EFLAGS=0x00010287, CR2=0x00000000

Top of Stack: (sp=0xb2260144)
0xb2260144:   b225e0f4 b225002f 00000000 b22634a4
0xb2260154:   00000008 00000008 00000000 b763e50f
0xb2260164:   b22601d4 b224ebe0 00000000 b22634a4
0xb2260174:   00000010 b22621f8 b225e1f1 b226340a
0xb2260184:   b2260238 b2263360 b225e118 b22634b0
0xb2260194:   80ffffff 00000000 b2266390 b2266380
0xb22601a4:   b2265b8c 0000002e b22621e0 00000000
0xb22601b4:   00000000 000080fe 00000000 01000102 

Instructions: (pc=0xb764cf3c)
0xb764cf1c:   c8 8d 76 00 8b 48 f0 8b 5a f0 39 d9 0f 85 f2 09
0xb764cf2c:   00 00 8b 48 f4 8b 5a f4 39 d9 0f 85 e4 09 00 00
0xb764cf3c:   8b 48 f8 8b 5a f8 39 d9 0f 85 d6 09 00 00 8b 48
0xb764cf4c:   fc 8b 5a fc 39 d9 b8 00 00 00 00 0f 85 c3 09 00 

Register to memory mapping:

EAX=0x00000008 is an unknown value
EBX=0xb764cf3c: <offset 0x141f3c> in /lib/i386-linux-gnu/libc.so.6 at 0xb750b000
ECX=0x00000008 is an unknown value
EDX=0xb22634ac: <offset 0x354ac> in /home/user/Desktop/nfs/examples/ipv6/rpl-udp/obj_cooja/mtype294.cooja at 0xb222e000
ESP=0xb2260144: <offset 0x32144> in /home/user/Desktop/nfs/examples/ipv6/rpl-udp/obj_cooja/mtype294.cooja at 0xb222e000
EBP=0xb2260164: <offset 0x32164> in /home/user/Desktop/nfs/examples/ipv6/rpl-udp/obj_cooja/mtype294.cooja at 0xb222e000
ESI=0x00000000 is an unknown value
EDI=0x00000000 is an unknown value


Stack: [0xb2448000,0xb2499000],  sp=0xb2260144,  free space=4192352k
Native frames: (J=compiled Java code, j=interpreted, Vv=VM code, C=native code)
C  [libc.so.6+0x141f3c]
C  [mtype294.cooja+0x20be0]  dao_output_target_seq+0x2f6
C  [mtype294.cooja+0x208e8]  dao_output_target+0x34
C  [mtype294.cooja+0x208a1]  dao_output+0xb4
C  [mtype294.cooja+0x214db]  handle_dao_timer+0x98
C  [mtype294.cooja+0x121d4]  process_thread_ctimer_process+0xe7
C  [mtype294.cooja+0x129f1]  call_process+0x57
C  [mtype294.cooja+0x12c15]  do_event+0x141
C  [mtype294.cooja+0x12c32]  process_run+0x1b
C  [mtype294.cooja+0x105cf]  process_run_thread_loop+0x1f

Java frames: (J=compiled Java code, j=interpreted, Vv=VM code)
j  org.contikios.cooja.corecomm.Lib7.tick()V+0
J 1804 C1 org.contikios.cooja.contikimote.ContikiMote.execute(J)V (99 bytes) @ 0xb4a21bec [0xb4a21a80+0x16c]

[error occurred during error reporting (printing Java stack), id 0xb]


---------------  P R O C E S S  ---------------

Java Threads: ( => current thread )
=>