#
# A fatal error has been detected by the Java Runtime Environment:
#
#  SIGSEGV (0xb) at pc=0xb761e817, pid=1911, tid=2997336896
#
# JRE version: OpenJDK Runtime Environment (7.0_121) (build 1.7.0_121-b00)
# Java VM: OpenJDK Client VM (24.121-b00 mixed mode, sharing linux-x86 )
# Derivative: IcedTea 2.6.8
# Distribution: Ubuntu 14.04 LTS, package 7u121-2.6.8-1ubuntu0.14.04.1
# Problematic frame:
# C  [libc.so.6+0x64817]  fwrite+0x27
#
# Failed to write core dump. Core dumps have been disabled. To enable core dumping, try "ulimit -c unlimited" before starting Java again
#
# If you would like to submit a bug report, please include
# instructions on how to reproduce the bug and visit:
#   http://icedtea.classpath.org/bugzilla
# The crash happened outside the Java Virtual Machine in native code.
# See problematic frame for where to report the bug.
#

---------------  T H R E A D  ---------------

Current thread (0x09767000):  JavaThread "Thread-14" [_thread_in_native, id=2528, stack(0xb2a2b000,0xb2a7c000)]

siginfo:si_signo=SIGSEGV: si_errno=0, si_code=1 (SEGV_MAPERR), si_addr=0x00000000

Registers:
EAX=0x00000000, EBX=0xb7765000, ECX=0x00000040, EDX=0x00000000
ESP=0xb25b40ec, EBP=0xb25b4154, ESI=0x00000000, EDI=0x00000011
EIP=0xb761e817, EFLAGS=0x00010206, CR2=0x00000000

Top of Stack: (sp=0xb25b40ec)
0xb25b40ec:   b25b471f 00000000 b25b2030 b2596aa8
0xb25b40fc:   b25a9e02 b25a9e00 b25b471f b25b2030
0xb25b410c:   00000001 00000000 b25b4154 b2593fe2
0xb25b411c:   b25a983c 00000001 00000011 00000000
0xb25b412c:   b25b226c 00000000 ffffffff b2597281
0xb25b413c:   b25b5920 00000000 ffffffff 01000081
0xb25b414c:   0000039f 000003a0 b25b4184 b2596c89
0xb25b415c:   b25b2030 00000081 00000000 b2596c81 

Instructions: (pc=0xb761e817)
0xb761e7f7:   8b 7c 24 34 0f af 7c 24 38 e8 d6 1f 0c 00 81 c3
0xb761e807:   fb 67 14 00 8b 74 24 3c 85 ff 0f 84 b1 00 00 00
0xb761e817:   8b 06 25 00 80 00 00 75 35 8b 56 48 65 8b 2d 08
0xb761e827:   00 00 00 3b 6a 08 74 22 b9 01 00 00 00 65 83 3d 

Register to memory mapping:

EAX=0x00000000 is an unknown value
EBX=0xb7765000: <offset 0x1ab000> in /lib/i386-linux-gnu/libc.so.6 at 0xb75ba000
ECX=0x00000040 is an unknown value
EDX=0x00000000 is an unknown value
ESP=0xb25b40ec: <offset 0x2f0ec> in /home/user/Desktop/Dual-radio-simulation/lanada/log_test/obj_cooja/mtype626.cooja at 0xb2585000
EBP=0xb25b4154: <offset 0x2f154> in /home/user/Desktop/Dual-radio-simulation/lanada/log_test/obj_cooja/mtype626.cooja at 0xb2585000
ESI=0x00000000 is an unknown value
EDI=0x00000011 is an unknown value


Stack: [0xb2a2b000,0xb2a7c000],  sp=0xb25b40ec,  free space=4189732k
Native frames: (J=compiled Java code, j=interpreted, Vv=VM code, C=native code)
C  [libc.so.6+0x64817]  fwrite+0x27
C  [mtype626.cooja+0x11c89]  call_process+0x57
C  [mtype626.cooja+0x11fd7]  process_post_synch+0x2e
C  [mtype626.cooja+0x11b46]  process_start+0x6d
C  [mtype626.cooja+0x112f1]  autostart_start+0x30
C  [mtype626.cooja+0xf6ca]  contiki_init+0x527
C  [mtype626.cooja+0xf700]  process_run_thread_loop+0x1a

Java frames: (J=compiled Java code, j=interpreted, Vv=VM code)
j  org.contikios.cooja.corecomm.Lib3.tick()V+0
J 1567 C1 org.contikios.cooja.contikimote.ContikiMote.execute(J)V (99 bytes) @ 0xb4ad142c [0xb4ad12c0+0x16c]

[error occurred during error reporting (printing Java stack), id 0xb]


---------------  P R O C E S S  ---------------

Java Threads: ( => current thread )
=>