#
# A fatal error has been detected by the Java Runtime Environment:
#
#  SIGSEGV (0xb) at pc=0xb7664cb1, pid=12818, tid=2996759360
#
# JRE version: OpenJDK Runtime Environment (7.0_111-b01) (build 1.7.0_111-b01)
# Java VM: OpenJDK Client VM (24.111-b01 mixed mode, sharing linux-x86 )
# Derivative: IcedTea 2.6.7
# Distribution: Ubuntu 14.04 LTS, package 7u111-2.6.7-0ubuntu0.14.04.3
# Problematic frame:
# C  [libc.so.6+0x133cb1]
#
# Failed to write core dump. Core dumps have been disabled. To enable core dumping, try "ulimit -c unlimited" before starting Java again
#
# If you would like to submit a bug report, please include
# instructions on how to reproduce the bug and visit:
#   http://icedtea.classpath.org/bugzilla
# The crash happened outside the Java Virtual Machine in native code.
# See problematic frame for where to report the bug.
#

---------------  T H R E A D  ---------------

Current thread (0x0a195c00):  JavaThread "Thread-10" [_thread_in_native, id=12982, stack(0xb299e000,0xb29ef000)]

siginfo:si_signo=SIGSEGV: si_errno=0, si_code=2 (SEGV_ACCERR), si_addr=0xb2943fc0

Registers:
EAX=0xb38a3200, EBX=0xb769b940, ECX=0x000001fa, EDX=0xb2943fd0
ESP=0xb29ede40, EBP=0xb29ede78, ESI=0xb2943fc0, EDI=0x00000000
EIP=0xb7664cb1, EFLAGS=0x00010206, CR2=0xb2943fc0

Top of Stack: (sp=0xb29ede40)
0xb29ede40:   8eda73c8 0a195c00 8eda73c8 b2926a16
0xb29ede50:   b2943fc0 b38a31f8 0000022a 009edea0
0xb29ede60:   8eda73c8 8eda73c8 0a195c00 b38a31f8
0xb29ede70:   b470beee 0a195c00 b29edec0 b470bff3
0xb29ede80:   0a195d28 b29ededc 0002d020 0000022a
0xb29ede90:   b29eded0 b38a2388 00000008 00000000
0xb29edea0:   b29edea0 8eda73c8 b29ededc 8eda7560
0xb29edeb0:   00000000 8eda73c8 00000000 b29eded0 

Instructions: (pc=0xb7664cb1)
0xb7664c91:   5f 03 1c 8b ff e3 89 f6 8d bc 27 00 00 00 00 81
0xb7664ca1:   c3 a0 6c 03 00 83 e8 08 0f 28 08 31 ff 83 e9 20
0xb7664cb1:   f3 0f 7f 06 5e 66 0f 6f 54 38 10 83 e9 20 66 0f
0xb7664cc1:   6f 5c 38 20 66 0f 6f e3 66 0f 3a 0f da 08 66 0f 

Register to memory mapping:

EAX=0xb38a3200 is an unknown value
EBX=0xb769b940: <offset 0x16a940> in /lib/i386-linux-gnu/libc.so.6 at 0xb7531000
ECX=0x000001fa is an unknown value
EDX=0xb2943fd0: <offset 0x2cfd0> in /media/user/JK/Dual-radio-simulation/examples/ipv6/rpl-udp/obj_cooja/mtype904.cooja at 0xb2917000
ESP=0xb29ede40 is pointing into the stack for thread: 0x0a195c00
EBP=0xb29ede78 is pointing into the stack for thread: 0x0a195c00
ESI=0xb2943fc0: <offset 0x2cfc0> in /media/user/JK/Dual-radio-simulation/examples/ipv6/rpl-udp/obj_cooja/mtype904.cooja at 0xb2917000
EDI=0x00000000 is an unknown value


Stack: [0xb299e000,0xb29ef000],  sp=0xb29ede40,  free space=319k
Native frames: (J=compiled Java code, j=interpreted, Vv=VM code, C=native code)
C  [libc.so.6+0x133cb1]
j  org.contikios.cooja.corecomm.Lib2.setMemory(II[B)V+0
j  org.contikios.cooja.contikimote.ContikiMoteType.setCoreMemory(II[B)V+7
j  org.contikios.cooja.contikimote.ContikiMoteType.setCoreMemory(Lorg/contikios/cooja/mote/memory/SectionMoteMemory;)V+59
j  org.contikios.cooja.contikimote.ContikiMote.execute(J)V+56
j  org.contikios.cooja.motes.AbstractWakeupMote$1.execute(J)V+5
j  org.contikios.cooja.Simulation.run()V+184
j  java.lang.Thread.run()V+11
v  ~StubRoutines::call_stub
V  [libjvm.so+0x2b2716]

Java frames: (J=compiled Java code, j=interpreted, Vv=VM code)
j  org.contikios.cooja.corecomm.Lib2.setMemory(II[B)V+0
j  org.contikios.cooja.contikimote.ContikiMoteType.setCoreMemory(II[B)V+7
j  org.contikios.cooja.contikimote.ContikiMoteType.setCoreMemory(Lorg/contikios/cooja/mote/memory/SectionMoteMemory;)V+59
j  org.contikios.cooja.contikimote.ContikiMote.execute(J)V+56
j  org.contikios.cooja.motes.AbstractWakeupMote$1.execute(J)V+5
j  org.contikios.cooja.Simulation.run()V+184
j  java.lang.Thread.run()V+11
v  ~StubRoutines::call_stub

---------------  P R O C E S S  ---------------

Java Threads: ( => current thread )
=>0x0a195c00 JavaThread "Thread-10" [_thread_in_native, id=12982, stack(0xb299e000,0xb29ef000)]
  0xb232ec00 JavaThread "Image Fetcher 2" daemon [_thread_blocked, id=12980, stack(0xb2674000,0xb26c5000)]
  0xb232d800 JavaThread "Image Fetcher 1" daemon [_thread_blocked, id=12979, stack(0xb26c5000,0xb2716000)]
  0xb232c000 JavaThread "Image Fetcher 0" daemon [_thread_blocked, id=12978, stack(0xb2824000,0xb2875000)]
  0xb38a9000 JavaThread "Thread-7" [_thread_blocked, id=12968, stack(0xb279d000,0xb27ee000)]
  0xb3837400 JavaThread "Thread-6" [_thread_blocked, id=12967, stack(0xb274c000,0xb279d000)]
  0xb3832400 JavaThread "Thread-5" [_thread_blocked, id=12920, stack(0xb28c6000,0xb2917000)]
  0xb3830800 JavaThread "Thread-4" [_thread_blocked, id=12919, stack(0xb2875000,0xb28c6000)]
  0x0a2da400 JavaThread "Thread-3" [_thread_blocked, id=12881, stack(0xb29ef000,0xb2a40000)]
  0xb38a0c00 JavaThread "Thread-1" [_thread_blocked, id=12870, stack(0xb294d000,0xb299e000)]
  0xb389fc00 JavaThread "process reaper" daemon [_thread_blocked, id=12838, stack(0xb2a40000,0xb2a59000)]
  0x09ff6c00 JavaThread "TimerQueue" daemon [_thread_blocked, id=12835, stack(0xb3214000,0xb3265000)]
  0xb6707800 JavaThread "DestroyJavaVM" [_thread_blocked, id=12821, stack(0xb68e3000,0xb6934000)]
  0xb3854400 JavaThread "AWT-EventQueue-0" [_thread_in_Java, id=12834, stack(0xb3265000,0xb32b6000)]
  0xb3874000 JavaThread "AWT-Shutdown" [_thread_blocked, id=12833, stack(0xb32b6000,0xb3307000)]
  0xb3849000 JavaThread "AWT-XAWT" daemon [_thread_in_native, id=12832, stack(0xb33ad000,0xb33fe000)]
  0xb383a000 JavaThread "Java2D Disposer" daemon [_thread_blocked, id=12831, stack(0xb340f000,0xb3460000)]
  0xb674cc00 JavaThread "Service Thread" daemon [_thread_blocked, id=12829, stack(0xb3d3b000,0xb3d8c000)]
  0xb674ac00 JavaThread "C1 CompilerThread0" daemon [_thread_blocked, id=12828, stack(0xb3d8c000,0xb3e0d000)]
  0xb6749000 JavaThread "Signal Dispatcher" daemon [_thread_blocked, id=12827, stack(0xb3e0d000,0xb3e5e000)]
  0xb6733400 JavaThread "Finalizer" daemon [_thread_blocked, id=12826, stack(0xb405e000,0xb40af000)]
  0xb6731c00 JavaThread "Reference Handler" daemon [_thread_blocked, id=12825, stack(0xb40af000,0xb4100000)]

Other Threads:
  0xb6730400 VMThread [stack: 0xb422c000,0xb42ad000] [id=12824]
  0xb674f000 WatcherThread [stack: 0xb3cba000,0xb3d3b000] [id=12830]

VM state:not at safepoint (normal execution)

VM Mutex/Monitor currently owned by a thread: None

Heap
 def new generation   total 8384K, used 4881K [0x6e800000, 0x6f110000, 0x792a0000)
  eden space 7488K,  61% used [0x6e800000, 0x6ec86e10, 0x6ef50000)
  from space 896K,  27% used [0x6ef50000, 0x6ef8d6f0, 0x6f030000)
  to   space 896K,   0% used [0x6f030000, 0x6f030000, 0x6f110000)
 tenured generation   total 18432K, used 11717K [0x792a0000, 0x7a4a0000, 0x8e800000)
   the space 18432K,  63% used [0x792a0000, 0x79e11428, 0x79e11600, 0x7a4a0000)
 compacting perm gen  total 12288K, used 8425K [0x8e800000, 0x8f400000, 0x92800000)
   the space 12288K,  68% used [0x8e800000, 0x8f03a770, 0x8f03a800, 0x8f400000)
    ro space 10240K,  59% used [0x92800000, 0x92dfe3d8, 0x92dfe400, 0x93200000)
    rw space 12288K,  59% used [0x93200000, 0x9391c2b0, 0x9391c400, 0x93e00000)

Card table byte_map: [0xb4554000,0xb4680000] byte_map_base: 0xb41e0000

Polling page: 0xb76e6000

Code Cache  [0xb4700000, 0xb4a08000, 0xb6700000)
 total_blobs=1884 nmethods=1584 adapters=235 free_code_cache=29689Kb largest_free_block=30401856

Compilation events (10 events):
Event: 12.414 Thread 0xb674ac00 1587             javax.swing.text.View::getViewFactory (18 bytes)
Event: 12.415 Thread 0xb674ac00 nmethod 1587 0xb4a006c8 code [0xb4a007d0, 0xb4a0087c]
Event: 12.415 Thread 0xb674ac00 1588             javax.swing.text.AbstractDocument$BranchElement::getElement (17 bytes)
Event: 12.415 Thread 0xb674ac00 nmethod 1588 0xb4a00908 code [0xb4a00a00, 0xb4a00ac0]
Event: 12.417 Thread 0xb674ac00 1589             javax.swing.text.html.StyleSheet::removeHTMLTags (85 bytes)
Event: 12.418 Thread 0xb674ac00 nmethod 1589 0xb4a00b88 code [0xb4a00ce0, 0xb4a00f3c]
Event: 12.496 Thread 0xb674ac00 1590             javax.swing.JComponent::isOpaque (6 bytes)
Event: 12.496 Thread 0xb674ac00 nmethod 1590 0xb4a01108 code [0xb4a01200, 0xb4a012a0]
Event: 12.497 Thread 0xb674ac00 1591             javax.swing.JComponent::rectangleIsObscured (119 bytes)
Event: 12.497 Thread 0xb674ac00 nmethod 1591 0xb4a01308 code [0xb4a01480, 0xb4a016a0]

GC Heap History (10 events):
Event: 9.888 GC heap before
{Heap before GC invocations=191 (full 2):
 def new generation   total 4992K, used 4923K [0x6e800000, 0x6ed60000, 0x792a0000)
  eden space 4480K, 100% used [0x6e800000, 0x6ec60000, 0x6ec60000)
  from space 512K,  86% used [0x6ece0000, 0x6ed4ed68, 0x6ed60000)
  to   space 512K,   0% used [0x6ec60000, 0x6ec60000, 0x6ece0000)
 tenured generation   total 10944K, used 7381K [0x792a0000, 0x79d50000, 0x8e800000)
   the space 10944K,  67% used [0x792a0000, 0x799d5468, 0x799d5600, 0x79d50000)
 compacting perm gen  total 12288K, used 6768K [0x8e800000, 0x8f400000, 0x92800000)
   the space 12288K,  55% used [0x8e800000, 0x8ee9c238, 0x8ee9c400, 0x8f400000)
    ro space 10240K,  59% used [0x92800000, 0x92dfe3d8, 0x92dfe400, 0x93200000)
    rw space 12288K,  59% used [0x93200000, 0x9391c2b0, 0x9391c400, 0x93e00000)
Event: 9.890 GC heap after
Heap after GC invocations=192 (full 2):
 def new generation   total 4992K, used 407K [0x6e800000, 0x6ed60000, 0x792a0000)
  eden space 4480K,   0% used [0x6e800000, 0x6e800000, 0x6ec60000)
  from space 512K,  79% used [0x6ec60000, 0x6ecc5e08, 0x6ece0000)
  to   space 512K,   0% used [0x6ece0000, 0x6ece0000, 0x6ed60000)
 tenured generation   total 10944K, used 7761K [0x792a0000, 0x79d50000, 0x8e800000)
   the space 10944K,  70% used [0x792a0000, 0x79a34718, 0x79a34800, 0x79d50000)
 compacting perm gen  total 12288K, used 6768K [0x8e800000, 0x8f400000, 0x92800000)
   the space 12288K,  55% used [0x8e800000, 0x8ee9c238, 0x8ee9c400, 0x8f400000)
    ro space 10240K,  59% used [0x92800000, 0x92dfe3d8, 0x92dfe400, 0x93200000)
    rw space 12288K,  59% used [0x93200000, 0x9391c2b0, 0x9391c400, 0x93e00000)
}
Event: 9.943 GC heap before
{Heap before GC invocations=192 (full 2):
 def new generation   total 4992K, used 4962K [0x6e800000, 0x6ed60000, 0x792a0000)
  eden space 4480K, 100% used [0x6e800000, 0x6ec60000, 0x6ec60000)
  from space 512K,  94% used [0x6ec60000, 0x6ecd8ae0, 0x6ece0000)
  to   space 512K,   0% used [0x6ece0000, 0x6ece0000, 0x6ed60000)
 tenured generation   total 10944K, used 7921K [0x792a0000, 0x79d50000, 0x8e800000)
   the space 10944K,  72% used [0x792a0000, 0x79a5c738, 0x79a5c800, 0x79d50000)
 compacting perm gen  total 12288K, used 6881K [0x8e800000, 0x8f400000, 0x92800000)
   the space 12288K,  56% used [0x8e800000, 0x8eeb85f8, 0x8eeb8600, 0x8f400000)
    ro space 10240K,  59% used [0x92800000, 0x92dfe3d8, 0x92dfe400, 0x93200000)
    rw space 12288K,  59% used [0x93200000, 0x9391c2b0, 0x9391c400, 0x93e00000)
Event: 9.946 GC heap after
Heap after GC invocations=193 (full 2):
 def new generation   total 4992K, used 512K [0x6e800000, 0x6ed60000, 0x792a0000)
  eden space 4480K,   0% used [0x6e800000, 0x6e800000, 0x6ec60000)
  from space 512K, 100% used [0x6ece0000, 0x6ed60000, 0x6ed60000)
  to   space 512K,   0% used [0x6ec60000, 0x6ec60000, 0x6ece0000)
 tenured generation   total 10944K, used 9557K [0x792a0000, 0x79d50000, 0x8e800000)
   the space 10944K,  87% used [0x792a0000, 0x79bf5718, 0x79bf5800, 0x79d50000)
 compacting perm gen  total 12288K, used 6881K [0x8e800000, 0x8f400000, 0x92800000)
   the space 12288K,  56% used [0x8e800000, 0x8eeb85f8, 0x8eeb8600, 0x8f400000)
    ro space 10240K,  59% used [0x92800000, 0x92dfe3d8, 0x92dfe400, 0x93200000)
    rw space 12288K,  59% used [0x93200000, 0x9391c2b0, 0x9391c400, 0x93e00000)
}
Event: 9.972 GC heap before
{Heap before GC invocations=193 (full 2):
 def new generation   total 4992K, used 4864K [0x6e800000, 0x6ed60000, 0x792a0000)
  eden space 4480K,  97% used [0x6e800000, 0x6ec401c0, 0x6ec60000)
  from space 512K, 100% used [0x6ece0000, 0x6ed60000, 0x6ed60000)
  to   space 512K,   0% used [0x6ec60000, 0x6ec60000, 0x6ece0000)
 tenured generation   total 10944K, used 9557K [0x792a0000, 0x79d50000, 0x8e800000)
   the space 10944K,  87% used [0x792a0000, 0x79bf5718, 0x79bf5800, 0x79d50000)
 compacting perm gen  total 12288K, used 6997K [0x8e800000, 0x8f400000, 0x92800000)
   the space 12288K,  56% used [0x8e800000, 0x8eed55b8, 0x8eed5600, 0x8f400000)
    ro space 10240K,  59% used [0x92800000, 0x92dfe3d8, 0x92dfe400, 0x93200000)
    rw space 12288K,  59% used [0x93200000, 0x9391c2b0, 0x9391c400, 0x93e00000)
Event: 10.012 GC heap after
Heap after GC invocations=194 (full 3):
 def new generation   total 8384K, used 0K [0x6e800000, 0x6f110000, 0x792a0000)
  eden space 7488K,   0% used [0x6e800000, 0x6e800000, 0x6ef50000)
  from space 896K,   0% used [0x6ef50000, 0x6ef50000, 0x6f030000)
  to   space 896K,   0% used [0x6f030000, 0x6f030000, 0x6f110000)
 tenured generation   total 18432K, used 11057K [0x792a0000, 0x7a4a0000, 0x8e800000)
   the space 18432K,  59% used [0x792a0000, 0x79d6c560, 0x79d6c600, 0x7a4a0000)
 compacting perm gen  total 12288K, used 6997K [0x8e800000, 0x8f400000, 0x92800000)
   the space 12288K,  56% used [0x8e800000, 0x8eed55b8, 0x8eed5600, 0x8f400000)
    ro space 10240K,  59% used [0x92800000, 0x92dfe3d8, 0x92dfe400, 0x93200000)
    rw space 12288K,  59% used [0x93200000, 0x9391c2b0, 0x9391c400, 0x93e00000)
}
Event: 10.131 GC heap before
{Heap before GC invocations=194 (full 3):
 def new generation   total 8384K, used 7488K [0x6e800000, 0x6f110000, 0x792a0000)
  eden space 7488K, 100% used [0x6e800000, 0x6ef50000, 0x6ef50000)
  from space 896K,   0% used [0x6ef50000, 0x6ef50000, 0x6f030000)
  to   space 896K,   0% used [0x6f030000, 0x6f030000, 0x6f110000)
 tenured generation   total 18432K, used 11057K [0x792a0000, 0x7a4a0000, 0x8e800000)
   the space 18432K,  59% used [0x792a0000, 0x79d6c560, 0x79d6c600, 0x7a4a0000)
 compacting perm gen  total 12288K, used 7202K [0x8e800000, 0x8f400000, 0x92800000)
   the space 12288K,  58% used [0x8e800000, 0x8ef08a78, 0x8ef08c00, 0x8f400000)
    ro space 10240K,  59% used [0x92800000, 0x92dfe3d8, 0x92dfe400, 0x93200000)
    rw space 12288K,  59% used [0x93200000, 0x9391c2b0, 0x9391c400, 0x93e00000)
Event: 10.133 GC heap after
Heap after GC invocations=195 (full 3):
 def new generation   total 8384K, used 864K [0x6e800000, 0x6f110000, 0x792a0000)
  eden space 7488K,   0% used [0x6e800000, 0x6e800000, 0x6ef50000)
  from space 896K,  96% used [0x6f030000, 0x6f108068, 0x6f110000)
  to   space 896K,   0% used [0x6ef50000, 0x6ef50000, 0x6f030000)
 tenured generation   total 18432K, used 11057K [0x792a0000, 0x7a4a0000, 0x8e800000)
   the space 18432K,  59% used [0x792a0000, 0x79d6c560, 0x79d6c600, 0x7a4a0000)
 compacting perm gen  total 12288K, used 7202K [0x8e800000, 0x8f400000, 0x92800000)
   the space 12288K,  58% used [0x8e800000, 0x8ef08a78, 0x8ef08c00, 0x8f400000)
    ro space 10240K,  59% used [0x92800000, 0x92dfe3d8, 0x92dfe400, 0x93200000)
    rw space 12288K,  59% used [0x93200000, 0x9391c2b0, 0x9391c400, 0x93e00000)
}
Event: 10.311 GC heap before
{Heap before GC invocations=195 (full 3):
 def new generation   total 8384K, used 8324K [0x6e800000, 0x6f110000, 0x792a0000)
  eden space 7488K,  99% used [0x6e800000, 0x6ef49030, 0x6ef50000)
  from space 896K,  96% used [0x6f030000, 0x6f108068, 0x6f110000)
  to   space 896K,   0% used [0x6ef50000, 0x6ef50000, 0x6f030000)
 tenured generation   total 18432K, used 11057K [0x792a0000, 0x7a4a0000, 0x8e800000)
   the space 18432K,  59% used [0x792a0000, 0x79d6c560, 0x79d6c600, 0x7a4a0000)
 compacting perm gen  total 12288K, used 8398K [0x8e800000, 0x8f400000, 0x92800000)
   the space 12288K,  68% used [0x8e800000, 0x8f033858, 0x8f033a00, 0x8f400000)
    ro space 10240K,  59% used [0x92800000, 0x92dfe3d8, 0x92dfe400, 0x93200000)
    rw space 12288K,  59% used [0x93200000, 0x9391c2b0, 0x9391c400, 0x93e00000)
Event: 10.315 GC heap after
Heap after GC invocations=196 (full 3):
 def new generation   total 8384K, used 245K [0x6e800000, 0x6f110000, 0x792a0000)
  eden space 7488K,   0% used [0x6e800000, 0x6e800000, 0x6ef50000)
  from space 896K,  27% used [0x6ef50000, 0x6ef8d6f0, 0x6f030000)
  to   space 896K,   0% used [0x6f030000, 0x6f030000, 0x6f110000)
 tenured generation   total 18432K, used 11717K [0x792a0000, 0x7a4a0000, 0x8e800000)
   the space 18432K,  63% used [0x792a0000, 0x79e11428, 0x79e11600, 0x7a4a0000)
 compacting perm gen  total 12288K, used 8398K [0x8e800000, 0x8f400000, 0x92800000)
   the space 12288K,  68% used [0x8e800000, 0x8f033858, 0x8f033a00, 0x8f400000)
    ro space 10240K,  59% used [0x92800000, 0x92dfe3d8, 0x92dfe400, 0x93200000)
    rw space 12288K,  59% used [0x93200000, 0x9391c2b0, 0x9391c400, 0x93e00000)
}

Deoptimization events (0 events):
No events

Internal exceptions (10 events):
Event: 10.160 Thread 0x0a1d6800 Threw 0x6e905300 at /build/openjdk-7-Ylwexc/openjdk-7-7u111-2.6.7/build/openjdk/hotspot/src/share/vm/prims/jvm.cpp:1322
Event: 10.161 Thread 0x0a1d6800 Threw 0x6e90a2d0 at /build/openjdk-7-Ylwexc/openjdk-7-7u111-2.6.7/build/openjdk/hotspot/src/share/vm/prims/jvm.cpp:1322
Event: 10.182 Thread 0x0a1d6800 Threw 0x6e9363d0 at /build/openjdk-7-Ylwexc/openjdk-7-7u111-2.6.7/build/openjdk/hotspot/src/share/vm/prims/jvm.cpp:1322
Event: 10.202 Thread 0x0a1d6800 Threw 0x6e939578 at /build/openjdk-7-Ylwexc/openjdk-7-7u111-2.6.7/build/openjdk/hotspot/src/share/vm/prims/jvm.cpp:1322
Event: 10.203 Thread 0x0a1d6800 Threw 0x6e93c1a0 at /build/openjdk-7-Ylwexc/openjdk-7-7u111-2.6.7/build/openjdk/hotspot/src/share/vm/prims/jvm.cpp:1322
Event: 10.317 Thread 0xb3854400 Threw 0x6e81e9e0 at /build/openjdk-7-Ylwexc/openjdk-7-7u111-2.6.7/build/openjdk/hotspot/src/share/vm/prims/jvm.cpp:1322
Event: 11.899 Thread 0xb3854400 Threw 0x6e9b2780 at /build/openjdk-7-Ylwexc/openjdk-7-7u111-2.6.7/build/openjdk/hotspot/src/share/vm/prims/jvm.cpp:1322
Event: 11.902 Thread 0xb2351800 Threw 0x6e9bf860 at /build/openjdk-7-Ylwexc/openjdk-7-7u111-2.6.7/build/openjdk/hotspot/src/share/vm/prims/jvm.cpp:1322
Event: 12.544 Thread 0x0a195c00 Threw 0x6ec6bdb0 at /build/openjdk-7-Ylwexc/openjdk-7-7u111-2.6.7/build/openjdk/hotspot/src/share/vm/prims/jvm.cpp:1322
Event: 12.546 Thread 0x0a195c00 Threw 0x6ec6e8b0 at /build/openjdk-7-Ylwexc/openjdk-7-7u111-2.6.7/build/openjdk/hotspot/src/share/vm/prims/jvm.cpp:1322

Events (10 events):
Event: 11.907 loading class 0x0a02a4b0
Event: 11.907 loading class 0x0a02a4b0 done
Event: 11.918 loading class 0xb6746cc8
Event: 11.918 loading class 0xb6746cc8 done
Event: 12.502 Thread 0xb38a3400 Thread exited: 0xb38a3400
Event: 12.535 Thread 0x0a195c00 Thread added: 0x0a195c00
Event: 12.543 loading class 0xb38ac5a0
Event: 12.543 loading class 0xb38ac5a0 done
Event: 12.545 loading class 0xb38ad640
Event: 12.545 loading class 0xb38ad640 done


Dynamic libraries:
08048000-08049000 r-xp 00000000 08:01 277188     /usr/lib/jvm/java-7-openjdk-i386/jre/bin/java
08049000-0804a000 r--p 00000000 08:01 277188     /usr/lib/jvm/java-7-openjdk-i386/jre/bin/java
0804a000-0804b000 rw-p 00001000 08:01 277188     /usr/lib/jvm/java-7-openjdk-i386/jre/bin/java
09f01000-0a391000 rw-p 00000000 00:00 0          [heap]
6e800000-6f110000 rw-p 00000000 00:00 0 
6f110000-792a0000 rw-p 00000000 00:00 0 
792a0000-7a4a0000 rw-p 00000000 00:00 0 
7a4a0000-8e800000 rw-p 00000000 00:00 0 
8e800000-8f400000 rw-p 00000000 00:00 0 
8f400000-92800000 rw-p 00000000 00:00 0 
92800000-92dff000 r--p 00001000 08:01 199405     /usr/lib/jvm/java-7-openjdk-i386/jre/lib/i386/client/classes.jsa
92dff000-93200000 rw-p 00000000 00:00 0 
93200000-9391d000 rw-p 00600000 08:01 199405     /usr/lib/jvm/java-7-openjdk-i386/jre/lib/i386/client/classes.jsa
9391d000-93e00000 rw-p 00000000 00:00 0 
93e00000-94114000 rw-p 00d1d000 08:01 199405     /usr/lib/jvm/java-7-openjdk-i386/jre/lib/i386/client/classes.jsa
94114000-94200000 rw-p 00000000 00:00 0 
94200000-94209000 r-xp 01031000 08:01 199405     /usr/lib/jvm/java-7-openjdk-i386/jre/lib/i386/client/classes.jsa
94209000-94600000 rw-p 00000000 00:00 0 
b2300000-b2378000 rw-p 00000000 00:00 0 
b2378000-b2400000 ---p 00000000 00:00 0 
b2623000-b2626000 ---p 00000000 00:00 0 
b2626000-b2674000 rw-p 00000000 00:00 0 
b2674000-b2677000 ---p 00000000 00:00 0 
b2677000-b26c5000 rw-p 00000000 00:00 0          [stack:12980]
b26c5000-b26c8000 ---p 00000000 00:00 0 
b26c8000-b2716000 rw-p 00000000 00:00 0          [stack:12979]
b2716000-b2742000 r-xp 00000000 08:10 531495     /media/user/JK/Dual-radio-simulation/examples/ipv6/rpl-udp/obj_cooja/mtype836.cooja
b2742000-b2743000 r--p 0002b000 08:10 531495     /media/user/JK/Dual-radio-simulation/examples/ipv6/rpl-udp/obj_cooja/mtype836.cooja
b2743000-b2744000 rw-p 0002c000 08:10 531495     /media/user/JK/Dual-radio-simulation/examples/ipv6/rpl-udp/obj_cooja/mtype836.cooja
b2744000-b274c000 rw-p 00000000 00:00 0 
b274c000-b274f000 ---p 00000000 00:00 0 
b274f000-b279d000 rw-p 00000000 00:00 0          [stack:12967]
b279d000-b27a0000 ---p 00000000 00:00 0 
b27a0000-b27ee000 rw-p 00000000 00:00 0          [stack:12968]
b27ee000-b281a000 r-xp 00000000 08:10 531491     /media/user/JK/Dual-radio-simulation/examples/ipv6/rpl-udp/obj_cooja/mtype743.cooja
b281a000-b281b000 r--p 0002b000 08:10 531491     /media/user/JK/Dual-radio-simulation/examples/ipv6/rpl-udp/obj_cooja/mtype743.cooja
b281b000-b281c000 rw-p 0002c000 08:10 531491     /media/user/JK/Dual-radio-simulation/examples/ipv6/rpl-udp/obj_cooja/mtype743.cooja
b281c000-b2824000 rw-p 00000000 00:00 0 
b2824000-b2827000 ---p 00000000 00:00 0 
b2827000-b2875000 rw-p 00000000 00:00 0          [stack:12978]
b2875000-b2878000 ---p 00000000 00:00 0 
b2878000-b28c6000 rw-p 00000000 00:00 0          [stack:12919]
b28c6000-b28c9000 ---p 00000000 00:00 0 
b28c9000-b2917000 rw-p 00000000 00:00 0          [stack:12920]
b2917000-b2943000 r-xp 00000000 08:10 531484     /media/user/JK/Dual-radio-simulation/examples/ipv6/rpl-udp/obj_cooja/mtype904.cooja
b2943000-b2944000 r--p 0002b000 08:10 531484     /media/user/JK/Dual-radio-simulation/examples/ipv6/rpl-udp/obj_cooja/mtype904.cooja
b2944000-b2945000 rw-p 0002c000 08:10 531484     /media/user/JK/Dual-radio-simulation/examples/ipv6/rpl-udp/obj_cooja/mtype904.cooja
b2945000-b294d000 rw-p 00000000 00:00 0 
b294d000-b2950000 ---p 00000000 00:00 0 
b2950000-b299e000 rw-p 00000000 00:00 0          [stack:12870]
b299e000-b29a1000 ---p 00000000 00:00 0 
b29a1000-b29ef000 rw-p 00000000 00:00 0          [stack:12982]
b29ef000-b29f2000 ---p 00000000 00:00 0 
b29f2000-b2a40000 rw-p 00000000 00:00 0          [stack:12881]
b2a40000-b2a43000 ---p 00000000 00:00 0 
b2a43000-b2a59000 rw-p 00000000 00:00 0          [stack:12838]
b2a70000-b2a7e000 r--s 0010f000 08:01 177925     /usr/lib/jvm/java-7-openjdk-i386/jre/lib/rhino.jar
b2aab000-b2acc000 rw-s 00000000 00:04 127008787  /SYSV00000000 (deleted)
b2acc000-b2acf000 ---p 00000000 00:00 0 
b2acf000-b2b1d000 rw-p 00000000 00:00 0 
b2b25000-b2b27000 rw-p 00000000 00:00 0 
b2b27000-b31bc000 rw-s 00000000 00:04 125927441  /SYSV00000000 (deleted)
b31bc000-b31be000 r--s 00003000 08:10 655796     /media/user/JK/Dual-radio-simulation/tools/cooja/apps/powertracker/lib/powertracker.jar
b31be000-b31bf000 r--s 00002000 08:10 530032     /media/user/JK/Dual-radio-simulation/tools/cooja/apps/collect-view/cooja-collect-view.jar
b31bf000-b31c1000 r--s 00008000 08:10 655842     /media/user/JK/Dual-radio-simulation/tools/cooja/apps/serial_socket/lib/serial_socket.jar
b31c1000-b31fb000 r--s 001e1000 08:10 530001     /media/user/JK/Dual-radio-simulation/tools/cooja/apps/avrora/lib/avrora-small.jar
b31fb000-b31fc000 r--s 00008000 08:10 530002     /media/user/JK/Dual-radio-simulation/tools/cooja/apps/avrora/lib/cooja_avrora.jar
b31fc000-b31fe000 r--s 00010000 08:10 655682     /media/user/JK/Dual-radio-simulation/tools/cooja/apps/mspsim/lib/jipv6.jar
b31fe000-b31ff000 r--s 00004000 08:10 655680     /media/user/JK/Dual-radio-simulation/tools/cooja/apps/mspsim/lib/coffee.jar
b31ff000-b320b000 r--s 000eb000 08:10 655683     /media/user/JK/Dual-radio-simulation/tools/cooja/apps/mspsim/lib/mspsim.jar
b320b000-b3211000 r--s 00062000 08:10 655681     /media/user/JK/Dual-radio-simulation/tools/cooja/apps/mspsim/lib/cooja_mspsim.jar
b3211000-b3214000 r--s 0001e000 08:10 655466     /media/user/JK/Dual-radio-simulation/tools/cooja/apps/mrm/lib/mrm.jar
b3214000-b3217000 ---p 00000000 00:00 0 
b3217000-b3265000 rw-p 00000000 00:00 0          [stack:12835]
b3265000-b3268000 ---p 00000000 00:00 0 
b3268000-b32b6000 rw-p 00000000 00:00 0          [stack:12834]
b32b6000-b32b9000 ---p 00000000 00:00 0 
b32b9000-b3307000 rw-p 00000000 00:00 0          [stack:12833]
b3307000-b3308000 r--s 00000000 08:01 403951     /var/cache/fontconfig/c05880de57d1f5e948fdfacc138775d9-le32d4.cache-4
b3308000-b3310000 r--s 00000000 08:01 395165     /var/cache/fontconfig/945677eb7aeaf62f1d50efc3fb3ec7d8-le32d4.cache-4
b3310000-b3312000 r--s 00000000 08:01 403828     /var/cache/fontconfig/99e8ed0e538f840c565b6ed5dad60d56-le32d4.cache-4
b3312000-b3316000 r--s 00000000 08:01 403701     /var/cache/fontconfig/2cd17615ca594fa2959ae173292e504c-le32d4.cache-4
b3316000-b3317000 r--s 00000000 08:01 403278     /var/cache/fontconfig/e7071f4a29fa870f4323321c154eba04-le32d4.cache-4
b3317000-b3318000 r--s 00000000 08:01 402342     /var/cache/fontconfig/0d8c3b2ac0904cb8a57a757ad11a4a08-le32d4.cache-4
b3318000-b331d000 r--s 00000000 08:01 402341     /var/cache/fontconfig/a755afe4a08bf5b97852ceb7400b47bc-le32d4.cache-4
b331d000-b3326000 r--s 00000000 08:01 401848     /var/cache/fontconfig/6d41288fd70b0be22e8c3a91e032eec0-le32d4.cache-4
b3326000-b3335000 r--s 00000000 08:01 401847     /var/cache/fontconfig/04aabc0a78ac019cf9454389977116d2-le32d4.cache-4
b3335000-b3336000 r--s 00000000 08:01 401846     /var/cache/fontconfig/1ac9eb803944fde146138c791f5cc56a-le32d4.cache-4
b3336000-b3339000 r--s 00000000 08:01 401845     /var/cache/fontconfig/385c0604a188198f04d133e54aba7fe7-le32d4.cache-4
b3339000-b333a000 r--s 00000000 08:01 401843     /var/cache/fontconfig/dc05db6664285cc2f12bf69c139ae4c3-le32d4.cache-4
b333a000-b333c000 r--s 00000000 08:01 393795     /var/cache/fontconfig/767a8244fc0220cfb567a839d0392e0b-le32d4.cache-4
b333c000-b333d000 r--s 00000000 08:01 401842     /var/cache/fontconfig/4794a0821666d79190d59a36cb4f44b5-le32d4.cache-4
b333d000-b3341000 r--s 00000000 08:01 401841     /var/cache/fontconfig/8801497958630a81b71ace7c5f9b32a8-le32d4.cache-4
b3341000-b3346000 r--s 00000000 08:01 401840     /var/cache/fontconfig/3047814df9a2f067bd2d96a2b9c36e5a-le32d4.cache-4
b3346000-b334a000 r--s 00000000 08:01 401837     /var/cache/fontconfig/b47c4e1ecd0709278f4910c18777a504-le32d4.cache-4
b334a000-b335a000 r--s 00000000 08:01 401836     /var/cache/fontconfig/d52a8644073d54c13679302ca1180695-le32d4.cache-4
b335a000-b33aa000 r-xp 00000000 08:01 177825     /usr/lib/jvm/java-7-openjdk-i386/jre/lib/i386/libfontmanager.so
b33aa000-b33ac000 r--p 0004f000 08:01 177825     /usr/lib/jvm/java-7-openjdk-i386/jre/lib/i386/libfontmanager.so
b33ac000-b33ad000 rw-p 00051000 08:01 177825     /usr/lib/jvm/java-7-openjdk-i386/jre/lib/i386/libfontmanager.so
b33ad000-b33b0000 ---p 00000000 00:00 0 
b33b0000-b33fe000 rw-p 00000000 00:00 0          [stack:12832]
b33fe000-b3402000 r-xp 00000000 08:01 7640       /usr/lib/i386-linux-gnu/libXfixes.so.3.1.0
b3402000-b3403000 r--p 00003000 08:01 7640       /usr/lib/i386-linux-gnu/libXfixes.so.3.1.0
b3403000-b3404000 rw-p 00004000 08:01 7640       /usr/lib/i386-linux-gnu/libXfixes.so.3.1.0
b3404000-b340d000 r-xp 00000000 08:01 9790       /usr/lib/i386-linux-gnu/libXcursor.so.1.0.2
b340d000-b340e000 r--p 00008000 08:01 9790       /usr/lib/i386-linux-gnu/libXcursor.so.1.0.2
b340e000-b340f000 rw-p 00009000 08:01 9790       /usr/lib/i386-linux-gnu/libXcursor.so.1.0.2
b340f000-b3412000 ---p 00000000 00:00 0 
b3412000-b3460000 rw-p 00000000 00:00 0          [stack:12831]
b3460000-b3486000 r-xp 00000000 08:01 142122     /lib/i386-linux-gnu/libpng12.so.0.50.0
b3486000-b3487000 r--p 00025000 08:01 142122     /lib/i386-linux-gnu/libpng12.so.0.50.0
b3487000-b3488000 rw-p 00026000 08:01 142122     /lib/i386-linux-gnu/libpng12.so.0.50.0
b3488000-b348d000 r-xp 00000000 08:01 5406       /usr/lib/i386-linux-gnu/libXdmcp.so.6.0.0
b348d000-b348e000 r--p 00004000 08:01 5406       /usr/lib/i386-linux-gnu/libXdmcp.so.6.0.0
b348e000-b348f000 rw-p 00005000 08:01 5406       /usr/lib/i386-linux-gnu/libXdmcp.so.6.0.0
b348f000-b34b4000 r-xp 00000000 08:01 131117     /lib/i386-linux-gnu/libexpat.so.1.6.0
b34b4000-b34b5000 ---p 00025000 08:01 131117     /lib/i386-linux-gnu/libexpat.so.1.6.0
b34b5000-b34b7000 r--p 00025000 08:01 131117     /lib/i386-linux-gnu/libexpat.so.1.6.0
b34b7000-b34b8000 rw-p 00027000 08:01 131117     /lib/i386-linux-gnu/libexpat.so.1.6.0
b34b8000-b3553000 r-xp 00000000 08:01 9145       /usr/lib/i386-linux-gnu/libfreetype.so.6.11.1
b3553000-b3557000 r--p 0009a000 08:01 9145       /usr/lib/i386-linux-gnu/libfreetype.so.6.11.1
b3557000-b3558000 rw-p 0009e000 08:01 9145       /usr/lib/i386-linux-gnu/libfreetype.so.6.11.1
b3558000-b3578000 r-xp 00000000 08:01 66655      /usr/lib/i386-linux-gnu/libxcb.so.1.1.0
b3578000-b3579000 r--p 0001f000 08:01 66655      /usr/lib/i386-linux-gnu/libxcb.so.1.1.0
b3579000-b357a000 rw-p 00020000 08:01 66655      /usr/lib/i386-linux-gnu/libxcb.so.1.1.0
b357a000-b35b3000 r-xp 00000000 08:01 9181       /usr/lib/i386-linux-gnu/libfontconfig.so.1.8.0
b35b3000-b35b4000 r--p 00039000 08:01 9181       /usr/lib/i386-linux-gnu/libfontconfig.so.1.8.0
b35b4000-b35b5000 rw-p 0003a000 08:01 9181       /usr/lib/i386-linux-gnu/libfontconfig.so.1.8.0
b35b5000-b35c3000 r-xp 00000000 08:01 7577       /usr/lib/i386-linux-gnu/libXi.so.6.1.0
b35c3000-b35c4000 r--p 0000e000 08:01 7577       /usr/lib/i386-linux-gnu/libXi.so.6.1.0
b35c4000-b35c5000 rw-p 0000f000 08:01 7577       /usr/lib/i386-linux-gnu/libXi.so.6.1.0
b35c5000-b36f5000 r-xp 00000000 08:01 10842      /usr/lib/i386-linux-gnu/libX11.so.6.3.0
b36f5000-b36f6000 r--p 00130000 08:01 10842      /usr/lib/i386-linux-gnu/libX11.so.6.3.0
b36f6000-b36f8000 rw-p 00131000 08:01 10842      /usr/lib/i386-linux-gnu/libX11.so.6.3.0
b36f8000-b36f9000 rw-p 00000000 00:00 0 
b36f9000-b3741000 r-xp 00000000 08:01 136659     /usr/lib/jvm/java-7-openjdk-i386/jre/lib/i386/xawt/libmawt.so
b3741000-b3742000 r--p 00048000 08:01 136659     /usr/lib/jvm/java-7-openjdk-i386/jre/lib/i386/xawt/libmawt.so
b3742000-b3744000 rw-p 00049000 08:01 136659     /usr/lib/jvm/java-7-openjdk-i386/jre/lib/i386/xawt/libmawt.so
b3744000-b3745000 rw-p 00000000 00:00 0 
b3745000-b37d4000 r-xp 00000000 08:01 177836     /usr/lib/jvm/java-7-openjdk-i386/jre/lib/i386/libawt.so
b37d4000-b37d5000 r--p 0008f000 08:01 177836     /usr/lib/jvm/java-7-openjdk-i386/jre/lib/i386/libawt.so
b37d5000-b37dc000 rw-p 00090000 08:01 177836     /usr/lib/jvm/java-7-openjdk-i386/jre/lib/i386/libawt.so
b37dc000-b3800000 rw-p 00000000 00:00 0 
b3800000-b38fa000 rw-p 00000000 00:00 0 
b38fa000-b3900000 ---p 00000000 00:00 0 
b3900000-b3902000 r-xp 00000000 08:01 5352       /usr/lib/i386-linux-gnu/libXau.so.6.0.0
b3902000-b3903000 r--p 00001000 08:01 5352       /usr/lib/i386-linux-gnu/libXau.so.6.0.0
b3903000-b3904000 rw-p 00002000 08:01 5352       /usr/lib/i386-linux-gnu/libXau.so.6.0.0
b3904000-b3909000 r-xp 00000000 08:01 10292      /usr/lib/i386-linux-gnu/libXtst.so.6.1.0
b3909000-b390a000 r--p 00004000 08:01 10292      /usr/lib/i386-linux-gnu/libXtst.so.6.1.0
b390a000-b390b000 rw-p 00005000 08:01 10292      /usr/lib/i386-linux-gnu/libXtst.so.6.1.0
b390b000-b391c000 r-xp 00000000 08:01 6183       /usr/lib/i386-linux-gnu/libXext.so.6.4.0
b391c000-b391d000 r--p 00010000 08:01 6183       /usr/lib/i386-linux-gnu/libXext.so.6.4.0
b391d000-b391e000 rw-p 00011000 08:01 6183       /usr/lib/i386-linux-gnu/libXext.so.6.4.0
b391e000-b395a000 r-xp 00000000 08:01 132344     /lib/i386-linux-gnu/libpcre.so.3.13.1
b395a000-b395b000 r--p 0003b000 08:01 132344     /lib/i386-linux-gnu/libpcre.so.3.13.1
b395b000-b395c000 rw-p 0003c000 08:01 132344     /lib/i386-linux-gnu/libpcre.so.3.13.1
b395c000-b396f000 r-xp 00000000 08:01 158559     /lib/i386-linux-gnu/libresolv-2.19.so
b396f000-b3970000 ---p 00013000 08:01 158559     /lib/i386-linux-gnu/libresolv-2.19.so
b3970000-b3971000 r--p 00013000 08:01 158559     /lib/i386-linux-gnu/libresolv-2.19.so
b3971000-b3972000 rw-p 00014000 08:01 158559     /lib/i386-linux-gnu/libresolv-2.19.so
b3972000-b3974000 rw-p 00000000 00:00 0 
b3974000-b3994000 r-xp 00000000 08:01 131406     /lib/i386-linux-gnu/libselinux.so.1
b3994000-b3995000 r--p 0001f000 08:01 131406     /lib/i386-linux-gnu/libselinux.so.1
b3995000-b3996000 rw-p 00020000 08:01 131406     /lib/i386-linux-gnu/libselinux.so.1
b3996000-b3997000 rw-p 00000000 00:00 0 
b3997000-b3aa1000 r-xp 00000000 08:01 136564     /lib/i386-linux-gnu/libglib-2.0.so.0.4002.0
b3aa1000-b3aa2000 r--p 00109000 08:01 136564     /lib/i386-linux-gnu/libglib-2.0.so.0.4002.0
b3aa2000-b3aa3000 rw-p 0010a000 08:01 136564     /lib/i386-linux-gnu/libglib-2.0.so.0.4002.0
b3aa3000-b3af3000 r-xp 00000000 08:01 1672       /usr/lib/i386-linux-gnu/libgobject-2.0.so.0.4002.0
b3af3000-b3af4000 r--p 0004f000 08:01 1672       /usr/lib/i386-linux-gnu/libgobject-2.0.so.0.4002.0
b3af4000-b3af5000 rw-p 00050000 08:01 1672       /usr/lib/i386-linux-gnu/libgobject-2.0.so.0.4002.0
b3af5000-b3c72000 r-xp 00000000 08:01 1674       /usr/lib/i386-linux-gnu/libgio-2.0.so.0.4002.0
b3c72000-b3c74000 r--p 0017d000 08:01 1674       /usr/lib/i386-linux-gnu/libgio-2.0.so.0.4002.0
b3c74000-b3c75000 rw-p 0017f000 08:01 1674       /usr/lib/i386-linux-gnu/libgio-2.0.so.0.4002.0
b3c75000-b3c76000 rw-p 00000000 00:00 0 
b3c76000-b3c77000 r--s 00000000 08:01 401839     /var/cache/fontconfig/56cf4f4769d0f4abc89a4895d7bd3ae1-le32d4.cache-4
b3c77000-b3c78000 r--s 00000000 08:01 401838     /var/cache/fontconfig/b9d506c9ac06c20b433354fa67a72993-le32d4.cache-4
b3c78000-b3c7f000 r--s 00000000 08:01 401835     /var/cache/fontconfig/3f7329c5293ffd510edef78f73874cfd-le32d4.cache-4
b3c7f000-b3c88000 r--s 00000000 08:01 401834     /var/cache/fontconfig/d589a48862398ed80a3d6066f4f56f4c-le32d4.cache-4
b3c88000-b3c8a000 r--s 00000000 08:01 394475     /var/cache/fontconfig/e13b20fdb08344e0e664864cc2ede53d-le32d4.cache-4
b3c8a000-b3c8d000 r--s 00000000 08:01 394702     /var/cache/fontconfig/7ef2298fde41cc6eeb7af42e48b7d293-le32d4.cache-4
b3c8d000-b3ca5000 r-xp 00000000 08:01 153628     /usr/lib/jvm/java-7-openjdk-i386/jre/lib/i386/libnet.so
b3ca5000-b3ca6000 r--p 00017000 08:01 153628     /usr/lib/jvm/java-7-openjdk-i386/jre/lib/i386/libnet.so
b3ca6000-b3ca7000 rw-p 00018000 08:01 153628     /usr/lib/jvm/java-7-openjdk-i386/jre/lib/i386/libnet.so
b3ca7000-b3cb8000 r-xp 00000000 08:01 177810     /usr/lib/jvm/java-7-openjdk-i386/jre/lib/i386/libnio.so
b3cb8000-b3cb9000 r--p 00010000 08:01 177810     /usr/lib/jvm/java-7-openjdk-i386/jre/lib/i386/libnio.so
b3cb9000-b3cba000 rw-p 00011000 08:01 177810     /usr/lib/jvm/java-7-openjdk-i386/jre/lib/i386/libnio.so
b3cba000-b3cbb000 ---p 00000000 00:00 0 
b3cbb000-b3d3b000 rw-p 00000000 00:00 0          [stack:12830]
b3d3b000-b3d3e000 ---p 00000000 00:00 0 
b3d3e000-b3d8c000 rw-p 00000000 00:00 0          [stack:12829]
b3d8c000-b3d8f000 ---p 00000000 00:00 0 
b3d8f000-b3e0d000 rw-p 00000000 00:00 0          [stack:12828]
b3e0d000-b3e10000 ---p 00000000 00:00 0 
b3e10000-b3e5e000 rw-p 00000000 00:00 0          [stack:12827]
b3e5e000-b405e000 r--p 00000000 08:01 369        /usr/lib/locale/locale-archive
b405e000-b4061000 ---p 00000000 00:00 0 
b4061000-b40af000 rw-p 00000000 00:00 0          [stack:12826]
b40af000-b40b2000 ---p 00000000 00:00 0 
b40b2000-b4100000 rw-p 00000000 00:00 0          [stack:12825]
b4100000-b414c000 rw-p 00000000 00:00 0 
b414c000-b4200000 ---p 00000000 00:00 0 
b4200000-b4202000 r-xp 00000000 08:01 3489       /usr/lib/i386-linux-gnu/libXcomposite.so.1.0.0
b4202000-b4203000 r--p 00001000 08:01 3489       /usr/lib/i386-linux-gnu/libXcomposite.so.1.0.0
b4203000-b4204000 rw-p 00002000 08:01 3489       /usr/lib/i386-linux-gnu/libXcomposite.so.1.0.0
b4204000-b420d000 r-xp 00000000 08:01 6199       /usr/lib/i386-linux-gnu/libXrender.so.1.3.0
b420d000-b420e000 r--p 00008000 08:01 6199       /usr/lib/i386-linux-gnu/libXrender.so.1.3.0
b420e000-b420f000 rw-p 00009000 08:01 6199       /usr/lib/i386-linux-gnu/libXrender.so.1.3.0
b420f000-b422c000 r--s 0014f000 08:10 656812     /media/user/JK/Dual-radio-simulation/tools/cooja/lib/swingx-all-1.6.4.jar
b422c000-b422d000 ---p 00000000 00:00 0 
b422d000-b42f6000 rw-p 00000000 00:00 0          [stack:12824]
b42f6000-b44a9000 r--s 01d3d000 08:01 136821     /usr/lib/jvm/java-7-openjdk-i386/jre/lib/rt.jar
b44a9000-b44b3000 rw-p 00000000 00:00 0 
b44b3000-b4554000 rw-p 00000000 00:00 0 
b4554000-b4559000 rw-p 00000000 00:00 0 
b4559000-b45a9000 rw-p 00000000 00:00 0 
b45a9000-b45b3000 rw-p 00000000 00:00 0 
b45b3000-b4654000 rw-p 00000000 00:00 0 
b4654000-b465a000 rw-p 00000000 00:00 0 
b465a000-b4674000 rw-p 00000000 00:00 0 
b4674000-b468d000 rw-p 00000000 00:00 0 
b468d000-b4700000 rw-p 00000000 00:00 0 
b4700000-b4a08000 rwxp 00000000 00:00 0 
b4a08000-b67ff000 rw-p 00000000 00:00 0 
b67ff000-b6800000 ---p 00000000 00:00 0 
b6800000-b6805000 r-xp 00000000 08:01 9076       /usr/lib/i386-linux-gnu/libffi.so.6.0.1
b6805000-b6806000 r--p 00005000 08:01 9076       /usr/lib/i386-linux-gnu/libffi.so.6.0.1
b6806000-b6807000 rw-p 00006000 08:01 9076       /usr/lib/i386-linux-gnu/libffi.so.6.0.1
b6807000-b680a000 r-xp 00000000 08:01 1675       /usr/lib/i386-linux-gnu/libgmodule-2.0.so.0.4002.0
b680a000-b680b000 r--p 00002000 08:01 1675       /usr/lib/i386-linux-gnu/libgmodule-2.0.so.0.4002.0
b680b000-b680c000 rw-p 00003000 08:01 1675       /usr/lib/i386-linux-gnu/libgmodule-2.0.so.0.4002.0
b680c000-b6816000 r--s 000ae000 08:01 136823     /usr/lib/jvm/java-7-openjdk-i386/jre/lib/resources.jar
b6816000-b681d000 r--s 0005b000 08:10 656810     /media/user/JK/Dual-radio-simulation/tools/cooja/lib/jsyntaxpane.jar
b681d000-b6824000 r--s 0004f000 08:10 656811     /media/user/JK/Dual-radio-simulation/tools/cooja/lib/log4j.jar
b6824000-b6827000 r--s 00022000 08:10 656809     /media/user/JK/Dual-radio-simulation/tools/cooja/lib/jdom.jar
b6827000-b682b000 r--s 00085000 08:01 177967     /usr/lib/jvm/java-7-openjdk-i386/jre/lib/ext/localedata.jar
b682b000-b682f000 r--s 00034000 08:01 177971     /usr/lib/jvm/java-7-openjdk-i386/jre/lib/ext/sunjce_provider.jar
b682f000-b6832000 r--s 0000f000 08:01 177961     /usr/lib/jvm/java-7-openjdk-i386/jre/lib/ext/icedtea-sound.jar
b6832000-b6846000 rw-p 00000000 00:00 0 
b6846000-b6860000 rw-p 00000000 00:00 0 
b6860000-b686a000 r-xp 00000000 08:01 159039     /lib/i386-linux-gnu/libnss_files-2.19.so
b686a000-b686b000 r--p 00009000 08:01 159039     /lib/i386-linux-gnu/libnss_files-2.19.so
b686b000-b686c000 rw-p 0000a000 08:01 159039     /lib/i386-linux-gnu/libnss_files-2.19.so
b686c000-b6876000 r-xp 00000000 08:01 158574     /lib/i386-linux-gnu/libnss_nis-2.19.so
b6876000-b6877000 r--p 00009000 08:01 158574     /lib/i386-linux-gnu/libnss_nis-2.19.so
b6877000-b6878000 rw-p 0000a000 08:01 158574     /lib/i386-linux-gnu/libnss_nis-2.19.so
b6878000-b688d000 r-xp 00000000 08:01 158568     /lib/i386-linux-gnu/libnsl-2.19.so
b688d000-b688e000 r--p 00015000 08:01 158568     /lib/i386-linux-gnu/libnsl-2.19.so
b688e000-b688f000 rw-p 00016000 08:01 158568     /lib/i386-linux-gnu/libnsl-2.19.so
b688f000-b6891000 rw-p 00000000 00:00 0 
b6891000-b6898000 r-xp 00000000 08:01 158567     /lib/i386-linux-gnu/libnss_compat-2.19.so
b6898000-b6899000 r--p 00006000 08:01 158567     /lib/i386-linux-gnu/libnss_compat-2.19.so
b6899000-b689a000 rw-p 00007000 08:01 158567     /lib/i386-linux-gnu/libnss_compat-2.19.so
b689a000-b689b000 r--s 00000000 08:01 401833     /var/cache/fontconfig/0c9eb80ebd1c36541ebe2852d3bb0c49-le32d4.cache-4
b689b000-b689c000 r--s 00002000 08:01 177972     /usr/lib/jvm/java-7-openjdk-i386/jre/lib/ext/dnsns.jar
b689c000-b689f000 r--s 0003d000 08:01 177959     /usr/lib/jvm/java-7-openjdk-i386/jre/lib/ext/sunpkcs11.jar
b689f000-b68a7000 r-xp 00000000 08:01 177878     /usr/lib/jvm/java-7-openjdk-i386/jre/lib/i386/libzip.so
b68a7000-b68a8000 r--p 00007000 08:01 177878     /usr/lib/jvm/java-7-openjdk-i386/jre/lib/i386/libzip.so
b68a8000-b68a9000 rw-p 00008000 08:01 177878     /usr/lib/jvm/java-7-openjdk-i386/jre/lib/i386/libzip.so
b68a9000-b68b1000 rw-s 00000000 08:01 273237     /tmp/hsperfdata_user/12818
b68b1000-b68d8000 r-xp 00000000 08:01 136829     /usr/lib/jvm/java-7-openjdk-i386/jre/lib/i386/libjava.so
b68d8000-b68d9000 r--p 00026000 08:01 136829     /usr/lib/jvm/java-7-openjdk-i386/jre/lib/i386/libjava.so
b68d9000-b68da000 rw-p 00027000 08:01 136829     /usr/lib/jvm/java-7-openjdk-i386/jre/lib/i386/libjava.so
b68da000-b68e1000 r-xp 00000000 08:01 158579     /lib/i386-linux-gnu/librt-2.19.so
b68e1000-b68e2000 r--p 00006000 08:01 158579     /lib/i386-linux-gnu/librt-2.19.so
b68e2000-b68e3000 rw-p 00007000 08:01 158579     /lib/i386-linux-gnu/librt-2.19.so
b68e3000-b68e6000 ---p 00000000 00:00 0 
b68e6000-b6934000 rw-p 00000000 00:00 0          [stack:12821]
b6934000-b6950000 r-xp 00000000 08:01 158999     /lib/i386-linux-gnu/libgcc_s.so.1
b6950000-b6951000 rw-p 0001b000 08:01 158999     /lib/i386-linux-gnu/libgcc_s.so.1
b6951000-b6995000 r-xp 00000000 08:01 158561     /lib/i386-linux-gnu/libm-2.19.so
b6995000-b6996000 r--p 00043000 08:01 158561     /lib/i386-linux-gnu/libm-2.19.so
b6996000-b6997000 rw-p 00044000 08:01 158561     /lib/i386-linux-gnu/libm-2.19.so
b6997000-b6a73000 r-xp 00000000 08:01 289        /usr/lib/i386-linux-gnu/libstdc++.so.6.0.19
b6a73000-b6a77000 r--p 000dc000 08:01 289        /usr/lib/i386-linux-gnu/libstdc++.so.6.0.19
b6a77000-b6a78000 rw-p 000e0000 08:01 289        /usr/lib/i386-linux-gnu/libstdc++.so.6.0.19
b6a78000-b6a7f000 rw-p 00000000 00:00 0 
b6a7f000-b70b5000 r-xp 00000000 08:01 177850     /usr/lib/jvm/java-7-openjdk-i386/jre/lib/i386/client/libjvm.so
b70b5000-b70cb000 r--p 00635000 08:01 177850     /usr/lib/jvm/java-7-openjdk-i386/jre/lib/i386/client/libjvm.so
b70cb000-b70da000 rw-p 0064b000 08:01 177850     /usr/lib/jvm/java-7-openjdk-i386/jre/lib/i386/client/libjvm.so
b70da000-b74f6000 rw-p 00000000 00:00 0 
b74f6000-b750e000 r-xp 00000000 08:01 158556     /lib/i386-linux-gnu/libz.so.1.2.8
b750e000-b750f000 r--p 00017000 08:01 158556     /lib/i386-linux-gnu/libz.so.1.2.8
b750f000-b7510000 rw-p 00018000 08:01 158556     /lib/i386-linux-gnu/libz.so.1.2.8
b7510000-b7528000 r-xp 00000000 08:01 158571     /lib/i386-linux-gnu/libpthread-2.19.so
b7528000-b7529000 r--p 00018000 08:01 158571     /lib/i386-linux-gnu/libpthread-2.19.so
b7529000-b752a000 rw-p 00019000 08:01 158571     /lib/i386-linux-gnu/libpthread-2.19.so
b752a000-b752c000 rw-p 00000000 00:00 0 
b752c000-b752f000 r-xp 00000000 08:01 158563     /lib/i386-linux-gnu/libdl-2.19.so
b752f000-b7530000 r--p 00002000 08:01 158563     /lib/i386-linux-gnu/libdl-2.19.so
b7530000-b7531000 rw-p 00003000 08:01 158563     /lib/i386-linux-gnu/libdl-2.19.so
b7531000-b76d9000 r-xp 00000000 08:01 158580     /lib/i386-linux-gnu/libc-2.19.so
b76d9000-b76da000 ---p 001a8000 08:01 158580     /lib/i386-linux-gnu/libc-2.19.so
b76da000-b76dc000 r--p 001a8000 08:01 158580     /lib/i386-linux-gnu/libc-2.19.so
b76dc000-b76dd000 rw-p 001aa000 08:01 158580     /lib/i386-linux-gnu/libc-2.19.so
b76dd000-b76e0000 rw-p 00000000 00:00 0 
b76e0000-b76e2000 r--s 00006000 08:01 276693     /usr/share/java/java-atk-wrapper.jar
b76e2000-b76e4000 r--s 00012000 08:01 177976     /usr/lib/jvm/java-7-openjdk-i386/jre/lib/ext/zipfs.jar
b76e4000-b76e5000 r--p 002c5000 08:01 369        /usr/lib/locale/locale-archive
b76e5000-b76e6000 rw-p 00000000 00:00 0 
b76e6000-b76e7000 r--p 00000000 00:00 0 
b76e7000-b76f5000 r-xp 00000000 08:01 136825     /usr/lib/jvm/java-7-openjdk-i386/jre/lib/i386/libverify.so
b76f5000-b76f6000 r--p 0000d000 08:01 136825     /usr/lib/jvm/java-7-openjdk-i386/jre/lib/i386/libverify.so
b76f6000-b76f7000 rw-p 0000e000 08:01 136825     /usr/lib/jvm/java-7-openjdk-i386/jre/lib/i386/libverify.so
b76f7000-b7703000 r-xp 00000000 08:01 136926     /usr/lib/jvm/java-7-openjdk-i386/jre/lib/i386/jli/libjli.so
b7703000-b7704000 r--p 0000c000 08:01 136926     /usr/lib/jvm/java-7-openjdk-i386/jre/lib/i386/jli/libjli.so
b7704000-b7705000 rw-p 0000d000 08:01 136926     /usr/lib/jvm/java-7-openjdk-i386/jre/lib/i386/jli/libjli.so
b7705000-b7708000 rw-p 00000000 00:00 0 
b7708000-b7709000 r-xp 00000000 00:00 0          [vdso]
b7709000-b7729000 r-xp 00000000 08:01 158572     /lib/i386-linux-gnu/ld-2.19.so
b7729000-b772a000 r--p 0001f000 08:01 158572     /lib/i386-linux-gnu/ld-2.19.so
b772a000-b772b000 rw-p 00020000 08:01 158572     /lib/i386-linux-gnu/ld-2.19.so
bfb0a000-bfb0b000 rwxp 00000000 00:00 0 
bfb3d000-bfb5e000 rw-p 00000000 00:00 0          [stack]

VM Arguments:
jvm_args: -Xmx512m -Duser.language=en 
java_command: org.contikios.cooja.Cooja
Launcher Type: SUN_STANDARD

Environment Variables:
JAVA_HOME=/usr/lib/jvm/java-7-openjdk-i386
PATH=/usr/local/sdcc/bin:/usr/local/sbin:/usr/local/bin:/usr/sbin:/usr/bin:/sbin:/bin:/usr/games:/usr/local/games:/home/user/CodeSourcery/Sourcery_G++_Lite/bin:/usr/local/msp430/bin:/home/user/CodeSourcery/Sourcery_G++_Lite/bin
LD_LIBRARY_PATH=.
SHELL=/bin/bash
DISPLAY=:0

Signal Handlers:
SIGSEGV: [libjvm.so+0x4efa90], sa_mask[0]=0x7ffbfeff, sa_flags=0x10000004
SIGBUS: [libjvm.so+0x4efa90], sa_mask[0]=0x7ffbfeff, sa_flags=0x10000004
SIGFPE: [libjvm.so+0x3cb5a0], sa_mask[0]=0x7ffbfeff, sa_flags=0x10000004
SIGPIPE: [libjvm.so+0x3cb5a0], sa_mask[0]=0x7ffbfeff, sa_flags=0x10000004
SIGXFSZ: [libjvm.so+0x3cb5a0], sa_mask[0]=0x7ffbfeff, sa_flags=0x10000004
SIGILL: [libjvm.so+0x3cb5a0], sa_mask[0]=0x7ffbfeff, sa_flags=0x10000004
SIGUSR1: SIG_DFL, sa_mask[0]=0x00000000, sa_flags=0x00000000
SIGUSR2: [libjvm.so+0x3cb700], sa_mask[0]=0x00000004, sa_flags=0x10000004
SIGHUP: [libjvm.so+0x3cb660], sa_mask[0]=0x7ffbfeff, sa_flags=0x10000004
SIGINT: [libjvm.so+0x3cb660], sa_mask[0]=0x7ffbfeff, sa_flags=0x10000004
SIGTERM: [libjvm.so+0x3cb660], sa_mask[0]=0x7ffbfeff, sa_flags=0x10000004
SIGQUIT: [libjvm.so+0x3cb660], sa_mask[0]=0x7ffbfeff, sa_flags=0x10000004
SIGTRAP: SIG_DFL, sa_mask[0]=0x00000000, sa_flags=0x00000000


---------------  S Y S T E M  ---------------

OS:Ubuntu 14.04 (trusty)
uname:Linux 3.13.0-98-generic #145-Ubuntu SMP Sat Oct 8 20:13:07 UTC 2016 i686
libc:glibc 2.19 NPTL 2.19 
rlimit: STACK 8192k, CORE 0k, NPROC 32116, NOFILE 4096, AS infinity
load average:1.15 0.54 0.24

/proc/meminfo:
MemTotal:        4130140 kB
MemFree:         2060780 kB
Buffers:          108020 kB
Cached:          1462176 kB
SwapCached:            0 kB
Active:          1431344 kB
Inactive:         545456 kB
Active(anon):     407540 kB
Inactive(anon):    26044 kB
Active(file):    1023804 kB
Inactive(file):   519412 kB
Unevictable:          32 kB
Mlocked:              32 kB
HighTotal:       3280776 kB
HighFree:        1686764 kB
LowTotal:         849364 kB
LowFree:          374016 kB
SwapTotal:       1046524 kB
SwapFree:        1046524 kB
Dirty:              2464 kB
Writeback:             0 kB
AnonPages:        406628 kB
Mapped:           114044 kB
Shmem:             26988 kB
Slab:              51388 kB
SReclaimable:      35896 kB
SUnreclaim:        15492 kB
KernelStack:        3144 kB
PageTables:         7344 kB
NFS_Unstable:          0 kB
Bounce:                0 kB
WritebackTmp:          0 kB
CommitLimit:     3111592 kB
Committed_AS:    2446320 kB
VmallocTotal:     122880 kB
VmallocUsed:       24388 kB
VmallocChunk:      86128 kB
HardwareCorrupted:     0 kB
AnonHugePages:    182272 kB
HugePages_Total:       0
HugePages_Free:        0
HugePages_Rsvd:        0
HugePages_Surp:        0
Hugepagesize:       2048 kB
DirectMap4k:       16376 kB
DirectMap2M:      897024 kB


CPU:total 1 (1 cores per cpu, 1 threads per core) family 6 model 94 stepping 3, cmov, cx8, fxsr, mmx, sse, sse2, sse3, ssse3, sse4.1, sse4.2, popcnt, avx, aes, tsc, tscinvbit

/proc/cpuinfo:
processor	: 0
vendor_id	: GenuineIntel
cpu family	: 6
model		: 94
model name	: Intel(R) Core(TM) i5-6500 CPU @ 3.20GHz
stepping	: 3
microcode	: 0x76
cpu MHz		: 3600.000
cache size	: 6144 KB
physical id	: 0
siblings	: 1
core id		: 0
cpu cores	: 1
apicid		: 0
initial apicid	: 0
fdiv_bug	: no
f00f_bug	: no
coma_bug	: no
fpu		: yes
fpu_exception	: yes
cpuid level	: 22
wp		: yes
flags		: fpu vme de pse tsc msr pae mce cx8 apic sep mtrr pge mca cmov pat pse36 clflush dts mmx fxsr sse sse2 ss nx rdtscp lm constant_tsc arch_perfmon pebs bts tsc_reliable nonstop_tsc aperfmperf pni pclmulqdq ssse3 fma cx16 sse4_1 sse4_2 movbe popcnt aes xsave avx hypervisor lahf_lm 3dnowprefetch ida arat epb pln pts dtherm
bogomips	: 7200.00
clflush size	: 64
cache_alignment	: 64
address sizes	: 40 bits physical, 48 bits virtual
power management:



Memory: 4k page, physical 4130140k(2060780k free), swap 1046524k(1046524k free)

vm_info: OpenJDK Client VM (24.111-b01) for linux-x86 JRE (1.7.0_111-b01), built on Aug 12 2016 05:36:14 by "buildd" with gcc 4.8.4

time: Wed Oct 19 13:16:46 2016
elapsed time: 12 seconds

