#
# A fatal error has been detected by the Java Runtime Environment:
#
#  SIGSEGV (0xb) at pc=0xb7604817, pid=5021, tid=2996656960
#
# JRE version: OpenJDK Runtime Environment (7.0_121) (build 1.7.0_121-b00)
# Java VM: OpenJDK Client VM (24.121-b00 mixed mode, sharing linux-x86 )
# Derivative: IcedTea 2.6.8
# Distribution: Ubuntu 14.04 LTS, package 7u121-2.6.8-1ubuntu0.14.04.1
# Problematic frame:
# C  [libc.so.6+0x64817]  fwrite+0x27
#
# Failed to write core dump. Core dumps have been disabled. To enable core dumping, try "ulimit -c unlimited" before starting Java again
#
# If you would like to submit a bug report, please include
# instructions on how to reproduce the bug and visit:
#   http://icedtea.classpath.org/bugzilla
# The crash happened outside the Java Virtual Machine in native code.
# See problematic frame for where to report the bug.
#

---------------  T H R E A D  ---------------

Current thread (0x0952a800):  JavaThread "Thread-3" [_thread_in_native, id=5093, stack(0xb2985000,0xb29d6000)]

siginfo:si_signo=SIGSEGV: si_errno=0, si_code=1 (SEGV_MAPERR), si_addr=0x00000000

Registers:
EAX=0x00000000, EBX=0xb774b000, ECX=0x000000e0, EDX=0x00000000
ESP=0xb29241ec, EBP=0xb29242b4, ESI=0x00000000, EDI=0x00000005
EIP=0xb7604817, EFLAGS=0x00010206, CR2=0x00000000

Top of Stack: (sp=0xb29241ec)
0xb29241ec:   00000020 00000400 00000000 b2906bf4
0xb29241fc:   b2919f24 b2919f1f 0000001c 00000000
0xb292420c:   00000001 00000000 b29242b4 b29043ff
0xb292421c:   b2919a35 00000001 00000005 00000000
0xb292422c:   00000001 00000000 00000001 00000000
0xb292423c:   00000001 000003dc 00000001 00000000
0xb292424c:   000003df 000003e0 000003e1 000003e2
0xb292425c:   000003e3 000003e4 000003e5 000003e6 

Instructions: (pc=0xb7604817)
0xb76047f7:   8b 7c 24 34 0f af 7c 24 38 e8 d6 1f 0c 00 81 c3
0xb7604807:   fb 67 14 00 8b 74 24 3c 85 ff 0f 84 b1 00 00 00
0xb7604817:   8b 06 25 00 80 00 00 75 35 8b 56 48 65 8b 2d 08
0xb7604827:   00 00 00 3b 6a 08 74 22 b9 01 00 00 00 65 83 3d 

Register to memory mapping:

EAX=0x00000000 is an unknown value
EBX=0xb774b000: <offset 0x1ab000> in /lib/i386-linux-gnu/libc.so.6 at 0xb75a0000
ECX=0x000000e0 is an unknown value
EDX=0x00000000 is an unknown value
ESP=0xb29241ec: <offset 0x2f1ec> in /home/user/Desktop/Dual-radio-simulation/lanada/log_test/obj_cooja/mtype298.cooja at 0xb28f5000
EBP=0xb29242b4: <offset 0x2f2b4> in /home/user/Desktop/Dual-radio-simulation/lanada/log_test/obj_cooja/mtype298.cooja at 0xb28f5000
ESI=0x00000000 is an unknown value
EDI=0x00000005 is an unknown value


Stack: [0xb2985000,0xb29d6000],  sp=0xb29241ec,  free space=4193916k
Native frames: (J=compiled Java code, j=interpreted, Vv=VM code, C=native code)
C  [libc.so.6+0x64817]  fwrite+0x27
C  [mtype298.cooja+0xf840]  process_run_thread_loop+0x1a

Java frames: (J=compiled Java code, j=interpreted, Vv=VM code)
j  org.contikios.cooja.corecomm.Lib1.tick()V+0
j  org.contikios.cooja.contikimote.ContikiMoteType.tick()V+4
j  org.contikios.cooja.contikimote.ContikiMote.execute(J)V+63
j  org.contikios.cooja.motes.AbstractWakeupMote$1.execute(J)V+5
j  org.contikios.cooja.Simulation.run()V+184
j  java.lang.Thread.run()V+11
v  ~StubRoutines::call_stub

---------------  P R O C E S S  ---------------

Java Threads: ( => current thread )
=>0x0952a800 JavaThread "Thread-3" [_thread_in_native, id=5093, stack(0xb2985000,0xb29d6000)]
  0x09388c00 JavaThread "Thread-2" [_thread_blocked, id=5083, stack(0xb2b3e000,0xb2b8f000)]
  0x0938b000 JavaThread "Thread-1" [_thread_blocked, id=5082, stack(0xb2934000,0xb2985000)]
  0x093af000 JavaThread "process reaper" daemon [_thread_blocked, id=5045, stack(0xb29d6000,0xb2a27000)]
  0x09264000 JavaThread "TimerQueue" daemon [_thread_blocked, id=5038, stack(0xb3281000,0xb32d2000)]
  0xb6807800 JavaThread "DestroyJavaVM" [_thread_blocked, id=5023, stack(0xb6950000,0xb69a1000)]
  0xb385d000 JavaThread "AWT-EventQueue-0" [_thread_blocked, id=5037, stack(0xb32d2000,0xb3323000)]
  0xb3874000 JavaThread "AWT-Shutdown" [_thread_blocked, id=5036, stack(0xb3323000,0xb3374000)]
  0xb3849000 JavaThread "AWT-XAWT" daemon [_thread_in_native, id=5035, stack(0xb341b000,0xb346c000)]
  0xb383b000 JavaThread "Java2D Disposer" daemon [_thread_blocked, id=5034, stack(0xb3472000,0xb34c3000)]
  0xb684cc00 JavaThread "Service Thread" daemon [_thread_blocked, id=5032, stack(0xb3ddd000,0xb3e2e000)]
  0xb684ac00 JavaThread "C1 CompilerThread0" daemon [_thread_blocked, id=5031, stack(0xb3e2e000,0xb3eaf000)]
  0xb6849000 JavaThread "Signal Dispatcher" daemon [_thread_blocked, id=5030, stack(0xb3eaf000,0xb3f00000)]
  0xb6833400 JavaThread "Finalizer" daemon [_thread_blocked, id=5029, stack(0xb4228000,0xb4279000)]
  0xb6831c00 JavaThread "Reference Handler" daemon [_thread_blocked, id=5028, stack(0xb4279000,0xb42ca000)]

Other Threads:
  0xb6830400 VMThread [stack: 0xb42ca000,0xb434b000] [id=5027]
  0xb684f000 WatcherThread [stack: 0xb3d5c000,0xb3ddd000] [id=5033]

VM state:not at safepoint (normal execution)

VM Mutex/Monitor currently owned by a thread: None

Heap
 def new generation   total 4928K, used 4771K [0x6e800000, 0x6ed50000, 0x792a0000)
  eden space 4416K,  97% used [0x6e800000, 0x6ec31580, 0x6ec50000)
  from space 512K,  93% used [0x6ecd0000, 0x6ed47a08, 0x6ed50000)
  to   space 512K,   0% used [0x6ec50000, 0x6ec50000, 0x6ecd0000)
 tenured generation   total 10944K, used 6225K [0x792a0000, 0x79d50000, 0x8e800000)
   the space 10944K,  56% used [0x792a0000, 0x798b4730, 0x798b4800, 0x79d50000)
 compacting perm gen  total 12288K, used 6912K [0x8e800000, 0x8f400000, 0x92800000)
   the space 12288K,  56% used [0x8e800000, 0x8eec00c0, 0x8eec0200, 0x8f400000)
    ro space 10240K,  60% used [0x92800000, 0x92e00d38, 0x92e00e00, 0x93200000)
    rw space 12288K,  59% used [0x93200000, 0x9391e858, 0x9391ea00, 0x93e00000)

Card table byte_map: [0xb461a000,0xb4746000] byte_map_base: 0xb42a6000

Polling page: 0xb7755000

Code Cache  [0xb47c6000, 0xb4a16000, 0xb67c6000)
 total_blobs=1476 nmethods=1174 adapters=237 free_code_cache=30428Kb largest_free_block=31158336

Compilation events (10 events):
Event: 19.824 Thread 0xb684ac00 1174             javax.swing.text.GlyphPainter1::sync (55 bytes)
Event: 19.824 Thread 0xb684ac00 nmethod 1174 0xb4a0d388 code [0xb4a0d4e0, 0xb4a0d64c]
Event: 19.824 Thread 0xb684ac00 1175             javax.swing.text.LabelView::getFont (9 bytes)
Event: 19.825 Thread 0xb684ac00 nmethod 1175 0xb4a0d7c8 code [0xb4a0d8d0, 0xb4a0d97c]
Event: 19.825 Thread 0xb684ac00 1176   !         javax.swing.text.GlyphView::checkPainter (115 bytes)
Event: 19.825 Thread 0xb684ac00 nmethod 1176 0xb4a0da08 code [0xb4a0dc20, 0xb4a0e1e4]
Event: 19.856 Thread 0xb684ac00 1177             sun.java2d.SunGraphics2D::getFont (19 bytes)
Event: 19.856 Thread 0xb684ac00 nmethod 1177 0xb4a0eb08 code [0xb4a0ec00, 0xb4a0ecb0]
Event: 19.857 Thread 0xb684ac00 1178             java.util.HashMap$HashIterator::<init> (63 bytes)
Event: 19.857 Thread 0xb684ac00 nmethod 1178 0xb4a0ed08 code [0xb4a0ee00, 0xb4a0eef0]

GC Heap History (10 events):
Event: 18.172 GC heap before
{Heap before GC invocations=88 (full 0):
 def new generation   total 4928K, used 4424K [0x6e800000, 0x6ed50000, 0x792a0000)
  eden space 4416K, 100% used [0x6e800000, 0x6ec50000, 0x6ec50000)
  from space 512K,   1% used [0x6ec50000, 0x6ec52348, 0x6ecd0000)
  to   space 512K,   0% used [0x6ecd0000, 0x6ecd0000, 0x6ed50000)
 tenured generation   total 10944K, used 6224K [0x792a0000, 0x79d50000, 0x8e800000)
   the space 10944K,  56% used [0x792a0000, 0x798b4368, 0x798b4400, 0x79d50000)
 compacting perm gen  total 12288K, used 6770K [0x8e800000, 0x8f400000, 0x92800000)
   the space 12288K,  55% used [0x8e800000, 0x8ee9cb48, 0x8ee9cc00, 0x8f400000)
    ro space 10240K,  60% used [0x92800000, 0x92e00d38, 0x92e00e00, 0x93200000)
    rw space 12288K,  59% used [0x93200000, 0x9391e858, 0x9391ea00, 0x93e00000)
Event: 18.172 GC heap after
Heap after GC invocations=89 (full 0):
 def new generation   total 4928K, used 10K [0x6e800000, 0x6ed50000, 0x792a0000)
  eden space 4416K,   0% used [0x6e800000, 0x6e800000, 0x6ec50000)
  from space 512K,   2% used [0x6ecd0000, 0x6ecd2938, 0x6ed50000)
  to   space 512K,   0% used [0x6ec50000, 0x6ec50000, 0x6ecd0000)
 tenured generation   total 10944K, used 6224K [0x792a0000, 0x79d50000, 0x8e800000)
   the space 10944K,  56% used [0x792a0000, 0x798b43d8, 0x798b4400, 0x79d50000)
 compacting perm gen  total 12288K, used 6770K [0x8e800000, 0x8f400000, 0x92800000)
   the space 12288K,  55% used [0x8e800000, 0x8ee9cb48, 0x8ee9cc00, 0x8f400000)
    ro space 10240K,  60% used [0x92800000, 0x92e00d38, 0x92e00e00, 0x93200000)
    rw space 12288K,  59% used [0x93200000, 0x9391e858, 0x9391ea00, 0x93e00000)
}
Event: 18.185 GC heap before
{Heap before GC invocations=89 (full 0):
 def new generation   total 4928K, used 4426K [0x6e800000, 0x6ed50000, 0x792a0000)
  eden space 4416K, 100% used [0x6e800000, 0x6ec50000, 0x6ec50000)
  from space 512K,   2% used [0x6ecd0000, 0x6ecd2938, 0x6ed50000)
  to   space 512K,   0% used [0x6ec50000, 0x6ec50000, 0x6ecd0000)
 tenured generation   total 10944K, used 6224K [0x792a0000, 0x79d50000, 0x8e800000)
   the space 10944K,  56% used [0x792a0000, 0x798b43d8, 0x798b4400, 0x79d50000)
 compacting perm gen  total 12288K, used 6770K [0x8e800000, 0x8f400000, 0x92800000)
   the space 12288K,  55% used [0x8e800000, 0x8ee9cb48, 0x8ee9cc00, 0x8f400000)
    ro space 10240K,  60% used [0x92800000, 0x92e00d38, 0x92e00e00, 0x93200000)
    rw space 12288K,  59% used [0x93200000, 0x9391e858, 0x9391ea00, 0x93e00000)
Event: 18.186 GC heap after
Heap after GC invocations=90 (full 0):
 def new generation   total 4928K, used 11K [0x6e800000, 0x6ed50000, 0x792a0000)
  eden space 4416K,   0% used [0x6e800000, 0x6e800000, 0x6ec50000)
  from space 512K,   2% used [0x6ec50000, 0x6ec52d00, 0x6ecd0000)
  to   space 512K,   0% used [0x6ecd0000, 0x6ecd0000, 0x6ed50000)
 tenured generation   total 10944K, used 6225K [0x792a0000, 0x79d50000, 0x8e800000)
   the space 10944K,  56% used [0x792a0000, 0x798b44c8, 0x798b4600, 0x79d50000)
 compacting perm gen  total 12288K, used 6770K [0x8e800000, 0x8f400000, 0x92800000)
   the space 12288K,  55% used [0x8e800000, 0x8ee9cb48, 0x8ee9cc00, 0x8f400000)
    ro space 10240K,  60% used [0x92800000, 0x92e00d38, 0x92e00e00, 0x93200000)
    rw space 12288K,  59% used [0x93200000, 0x9391e858, 0x9391ea00, 0x93e00000)
}
Event: 18.197 GC heap before
{Heap before GC invocations=90 (full 0):
 def new generation   total 4928K, used 4427K [0x6e800000, 0x6ed50000, 0x792a0000)
  eden space 4416K, 100% used [0x6e800000, 0x6ec50000, 0x6ec50000)
  from space 512K,   2% used [0x6ec50000, 0x6ec52d00, 0x6ecd0000)
  to   space 512K,   0% used [0x6ecd0000, 0x6ecd0000, 0x6ed50000)
 tenured generation   total 10944K, used 6225K [0x792a0000, 0x79d50000, 0x8e800000)
   the space 10944K,  56% used [0x792a0000, 0x798b44c8, 0x798b4600, 0x79d50000)
 compacting perm gen  total 12288K, used 6770K [0x8e800000, 0x8f400000, 0x92800000)
   the space 12288K,  55% used [0x8e800000, 0x8ee9cb48, 0x8ee9cc00, 0x8f400000)
    ro space 10240K,  60% used [0x92800000, 0x92e00d38, 0x92e00e00, 0x93200000)
    rw space 12288K,  59% used [0x93200000, 0x9391e858, 0x9391ea00, 0x93e00000)
Event: 18.198 GC heap after
Heap after GC invocations=91 (full 0):
 def new generation   total 4928K, used 12K [0x6e800000, 0x6ed50000, 0x792a0000)
  eden space 4416K,   0% used [0x6e800000, 0x6e800000, 0x6ec50000)
  from space 512K,   2% used [0x6ecd0000, 0x6ecd3268, 0x6ed50000)
  to   space 512K,   0% used [0x6ec50000, 0x6ec50000, 0x6ecd0000)
 tenured generation   total 10944K, used 6225K [0x792a0000, 0x79d50000, 0x8e800000)
   the space 10944K,  56% used [0x792a0000, 0x798b45b0, 0x798b4600, 0x79d50000)
 compacting perm gen  total 12288K, used 6770K [0x8e800000, 0x8f400000, 0x92800000)
   the space 12288K,  55% used [0x8e800000, 0x8ee9cb48, 0x8ee9cc00, 0x8f400000)
    ro space 10240K,  60% used [0x92800000, 0x92e00d38, 0x92e00e00, 0x93200000)
    rw space 12288K,  59% used [0x93200000, 0x9391e858, 0x9391ea00, 0x93e00000)
}
Event: 18.216 GC heap before
{Heap before GC invocations=91 (full 0):
 def new generation   total 4928K, used 4428K [0x6e800000, 0x6ed50000, 0x792a0000)
  eden space 4416K, 100% used [0x6e800000, 0x6ec50000, 0x6ec50000)
  from space 512K,   2% used [0x6ecd0000, 0x6ecd3268, 0x6ed50000)
  to   space 512K,   0% used [0x6ec50000, 0x6ec50000, 0x6ecd0000)
 tenured generation   total 10944K, used 6225K [0x792a0000, 0x79d50000, 0x8e800000)
   the space 10944K,  56% used [0x792a0000, 0x798b45b0, 0x798b4600, 0x79d50000)
 compacting perm gen  total 12288K, used 6784K [0x8e800000, 0x8f400000, 0x92800000)
   the space 12288K,  55% used [0x8e800000, 0x8eea01b8, 0x8eea0200, 0x8f400000)
    ro space 10240K,  60% used [0x92800000, 0x92e00d38, 0x92e00e00, 0x93200000)
    rw space 12288K,  59% used [0x93200000, 0x9391e858, 0x9391ea00, 0x93e00000)
Event: 18.217 GC heap after
Heap after GC invocations=92 (full 0):
 def new generation   total 4928K, used 91K [0x6e800000, 0x6ed50000, 0x792a0000)
  eden space 4416K,   0% used [0x6e800000, 0x6e800000, 0x6ec50000)
  from space 512K,  17% used [0x6ec50000, 0x6ec66c28, 0x6ecd0000)
  to   space 512K,   0% used [0x6ecd0000, 0x6ecd0000, 0x6ed50000)
 tenured generation   total 10944K, used 6225K [0x792a0000, 0x79d50000, 0x8e800000)
   the space 10944K,  56% used [0x792a0000, 0x798b4648, 0x798b4800, 0x79d50000)
 compacting perm gen  total 12288K, used 6784K [0x8e800000, 0x8f400000, 0x92800000)
   the space 12288K,  55% used [0x8e800000, 0x8eea01b8, 0x8eea0200, 0x8f400000)
    ro space 10240K,  60% used [0x92800000, 0x92e00d38, 0x92e00e00, 0x93200000)
    rw space 12288K,  59% used [0x93200000, 0x9391e858, 0x9391ea00, 0x93e00000)
}
Event: 19.184 GC heap before
{Heap before GC invocations=92 (full 0):
 def new generation   total 4928K, used 4507K [0x6e800000, 0x6ed50000, 0x792a0000)
  eden space 4416K, 100% used [0x6e800000, 0x6ec50000, 0x6ec50000)
  from space 512K,  17% used [0x6ec50000, 0x6ec66c28, 0x6ecd0000)
  to   space 512K,   0% used [0x6ecd0000, 0x6ecd0000, 0x6ed50000)
 tenured generation   total 10944K, used 6225K [0x792a0000, 0x79d50000, 0x8e800000)
   the space 10944K,  56% used [0x792a0000, 0x798b4648, 0x798b4800, 0x79d50000)
 compacting perm gen  total 12288K, used 6869K [0x8e800000, 0x8f400000, 0x92800000)
   the space 12288K,  55% used [0x8e800000, 0x8eeb5518, 0x8eeb5600, 0x8f400000)
    ro space 10240K,  60% used [0x92800000, 0x92e00d38, 0x92e00e00, 0x93200000)
    rw space 12288K,  59% used [0x93200000, 0x9391e858, 0x9391ea00, 0x93e00000)
Event: 19.185 GC heap after
Heap after GC invocations=93 (full 0):
 def new generation   total 4928K, used 478K [0x6e800000, 0x6ed50000, 0x792a0000)
  eden space 4416K,   0% used [0x6e800000, 0x6e800000, 0x6ec50000)
  from space 512K,  93% used [0x6ecd0000, 0x6ed47a08, 0x6ed50000)
  to   space 512K,   0% used [0x6ec50000, 0x6ec50000, 0x6ecd0000)
 tenured generation   total 10944K, used 6225K [0x792a0000, 0x79d50000, 0x8e800000)
   the space 10944K,  56% used [0x792a0000, 0x798b4730, 0x798b4800, 0x79d50000)
 compacting perm gen  total 12288K, used 6869K [0x8e800000, 0x8f400000, 0x92800000)
   the space 12288K,  55% used [0x8e800000, 0x8eeb5518, 0x8eeb5600, 0x8f400000)
    ro space 10240K,  60% used [0x92800000, 0x92e00d38, 0x92e00e00, 0x93200000)
    rw space 12288K,  59% used [0x93200000, 0x9391e858, 0x9391ea00, 0x93e00000)
}

Deoptimization events (0 events):
No events

Internal exceptions (10 events):
Event: 19.222 Thread 0xb385d000 Threw 0x6e8eb4b0 at /build/openjdk-7-mks0zz/openjdk-7-7u121-2.6.8/build/openjdk/hotspot/src/share/vm/prims/jvm.cpp:1322
Event: 19.222 Thread 0xb385d000 Threw 0x6e8eeb18 at /build/openjdk-7-mks0zz/openjdk-7-7u121-2.6.8/build/openjdk/hotspot/src/share/vm/prims/jvm.cpp:1322
Event: 19.222 Thread 0xb385d000 Threw 0x6e8f2088 at /build/openjdk-7-mks0zz/openjdk-7-7u121-2.6.8/build/openjdk/hotspot/src/share/vm/prims/jvm.cpp:1322
Event: 19.222 Thread 0xb385d000 Threw 0x6e8f4ba0 at /build/openjdk-7-mks0zz/openjdk-7-7u121-2.6.8/build/openjdk/hotspot/src/share/vm/prims/jvm.cpp:1322
Event: 19.223 Thread 0xb385d000 Threw 0x6e8f7de0 at /build/openjdk-7-mks0zz/openjdk-7-7u121-2.6.8/build/openjdk/hotspot/src/share/vm/prims/jvm.cpp:1322
Event: 19.223 Thread 0xb385d000 Threw 0x6e8fb3d8 at /build/openjdk-7-mks0zz/openjdk-7-7u121-2.6.8/build/openjdk/hotspot/src/share/vm/prims/jvm.cpp:1322
Event: 19.223 Thread 0xb385d000 Threw 0x6e8fe4e8 at /build/openjdk-7-mks0zz/openjdk-7-7u121-2.6.8/build/openjdk/hotspot/src/share/vm/prims/jvm.cpp:1322
Event: 19.262 Thread 0xb385d000 Threw 0x6ea04a88 at /build/openjdk-7-mks0zz/openjdk-7-7u121-2.6.8/build/openjdk/hotspot/src/share/vm/prims/jvm.cpp:1322
Event: 19.856 Thread 0x0952a800 Threw 0x6ec11aa0 at /build/openjdk-7-mks0zz/openjdk-7-7u121-2.6.8/build/openjdk/hotspot/src/share/vm/prims/jvm.cpp:1322
Event: 19.857 Thread 0x0952a800 Threw 0x6ec2ba80 at /build/openjdk-7-mks0zz/openjdk-7-7u121-2.6.8/build/openjdk/hotspot/src/share/vm/prims/jvm.cpp:1322

Events (10 events):
Event: 19.857 loading class 0x092fe850
Event: 19.857 loading class 0x092fe850 done
Event: 19.857 Executing VM operation: RevokeBias
Event: 19.857 Executing VM operation: RevokeBias done
Event: 19.857 Executing VM operation: RevokeBias
Event: 19.857 Executing VM operation: RevokeBias done
Event: 19.857 Executing VM operation: RevokeBias
Event: 19.857 Executing VM operation: RevokeBias done
Event: 19.857 Executing VM operation: RevokeBias
Event: 19.857 Executing VM operation: RevokeBias done


Dynamic libraries:
08048000-08049000 r-xp 00000000 08:01 277177     /usr/lib/jvm/java-7-openjdk-i386/jre/bin/java
08049000-0804a000 r--p 00000000 08:01 277177     /usr/lib/jvm/java-7-openjdk-i386/jre/bin/java
0804a000-0804b000 rw-p 00001000 08:01 277177     /usr/lib/jvm/java-7-openjdk-i386/jre/bin/java
0916e000-09543000 rw-p 00000000 00:00 0          [heap]
6e800000-6ed50000 rw-p 00000000 00:00 0 
6ed50000-792a0000 rw-p 00000000 00:00 0 
792a0000-79d50000 rw-p 00000000 00:00 0 
79d50000-8e800000 rw-p 00000000 00:00 0 
8e800000-8f400000 rw-p 00000000 00:00 0 
8f400000-92800000 rw-p 00000000 00:00 0 
92800000-92e01000 r--p 00001000 08:01 179396     /usr/lib/jvm/java-7-openjdk-i386/jre/lib/i386/client/classes.jsa
92e01000-93200000 rw-p 00000000 00:00 0 
93200000-9391f000 rw-p 00602000 08:01 179396     /usr/lib/jvm/java-7-openjdk-i386/jre/lib/i386/client/classes.jsa
9391f000-93e00000 rw-p 00000000 00:00 0 
93e00000-94115000 rw-p 00d21000 08:01 179396     /usr/lib/jvm/java-7-openjdk-i386/jre/lib/i386/client/classes.jsa
94115000-94200000 rw-p 00000000 00:00 0 
94200000-94209000 r-xp 01036000 08:01 179396     /usr/lib/jvm/java-7-openjdk-i386/jre/lib/i386/client/classes.jsa
94209000-94600000 rw-p 00000000 00:00 0 
b28f5000-b2921000 r-xp 00000000 08:01 305351     /home/user/Desktop/Dual-radio-simulation/lanada/log_test/obj_cooja/mtype298.cooja
b2921000-b2922000 r--p 0002b000 08:01 305351     /home/user/Desktop/Dual-radio-simulation/lanada/log_test/obj_cooja/mtype298.cooja
b2922000-b2923000 rw-p 0002c000 08:01 305351     /home/user/Desktop/Dual-radio-simulation/lanada/log_test/obj_cooja/mtype298.cooja
b2923000-b2934000 rw-p 00000000 00:00 0          [stack:5093]
b2934000-b2937000 ---p 00000000 00:00 0 
b2937000-b2985000 rw-p 00000000 00:00 0          [stack:5082]
b2985000-b2988000 ---p 00000000 00:00 0 
b2988000-b29d6000 rw-p 00000000 00:00 0 
b29d6000-b29d9000 ---p 00000000 00:00 0 
b29d9000-b2a27000 rw-p 00000000 00:00 0          [stack:5045]
b2ab2000-b2b3e000 rw-s 00000000 00:04 10518548   /SYSV00000000 (deleted)
b2b3e000-b2b41000 ---p 00000000 00:00 0 
b2b41000-b2b8f000 rw-p 00000000 00:00 0          [stack:5083]
b2b93000-b2b94000 rw-p 00000000 00:00 0 
b2b94000-b3229000 rw-s 00000000 00:04 9175059    /SYSV00000000 (deleted)
b3229000-b322b000 r--s 00003000 08:01 289777     /home/user/Desktop/Dual-radio-simulation/tools/cooja/apps/powertracker/lib/powertracker.jar
b322b000-b322c000 r--s 00002000 08:01 266126     /home/user/Desktop/Dual-radio-simulation/tools/cooja/apps/collect-view/cooja-collect-view.jar
b322c000-b322e000 r--s 00008000 08:01 289775     /home/user/Desktop/Dual-radio-simulation/tools/cooja/apps/serial_socket/lib/serial_socket.jar
b322e000-b3268000 r--s 001e1000 08:01 291798     /home/user/Desktop/Dual-radio-simulation/tools/cooja/apps/avrora/lib/avrora-small.jar
b3268000-b3269000 r--s 00008000 08:01 265385     /home/user/Desktop/Dual-radio-simulation/tools/cooja/apps/avrora/lib/cooja_avrora.jar
b3269000-b326b000 r--s 00010000 08:01 292113     /home/user/Desktop/Dual-radio-simulation/tools/cooja/apps/mspsim/lib/jipv6.jar
b326b000-b326c000 r--s 00004000 08:01 289779     /home/user/Desktop/Dual-radio-simulation/tools/cooja/apps/mspsim/lib/coffee.jar
b326c000-b3278000 r--s 000eb000 08:01 269680     /home/user/Desktop/Dual-radio-simulation/tools/cooja/apps/mspsim/lib/mspsim.jar
b3278000-b327e000 r--s 00062000 08:01 268623     /home/user/Desktop/Dual-radio-simulation/tools/cooja/apps/mspsim/lib/cooja_mspsim.jar
b327e000-b3281000 r--s 0001e000 08:01 266127     /home/user/Desktop/Dual-radio-simulation/tools/cooja/apps/mrm/lib/mrm.jar
b3281000-b3284000 ---p 00000000 00:00 0 
b3284000-b32d2000 rw-p 00000000 00:00 0          [stack:5038]
b32d2000-b32d5000 ---p 00000000 00:00 0 
b32d5000-b3323000 rw-p 00000000 00:00 0          [stack:5037]
b3323000-b3326000 ---p 00000000 00:00 0 
b3326000-b3374000 rw-p 00000000 00:00 0          [stack:5036]
b3374000-b3375000 r--s 00000000 08:01 403278     /var/cache/fontconfig/c05880de57d1f5e948fdfacc138775d9-le32d4.cache-4
b3375000-b337d000 r--s 00000000 08:01 395165     /var/cache/fontconfig/945677eb7aeaf62f1d50efc3fb3ec7d8-le32d4.cache-4
b337d000-b337f000 r--s 00000000 08:01 401858     /var/cache/fontconfig/99e8ed0e538f840c565b6ed5dad60d56-le32d4.cache-4
b337f000-b3383000 r--s 00000000 08:01 401857     /var/cache/fontconfig/2cd17615ca594fa2959ae173292e504c-le32d4.cache-4
b3383000-b3384000 r--s 00000000 08:01 401856     /var/cache/fontconfig/e7071f4a29fa870f4323321c154eba04-le32d4.cache-4
b3384000-b3385000 r--s 00000000 08:01 401855     /var/cache/fontconfig/0d8c3b2ac0904cb8a57a757ad11a4a08-le32d4.cache-4
b3385000-b338a000 r--s 00000000 08:01 401853     /var/cache/fontconfig/a755afe4a08bf5b97852ceb7400b47bc-le32d4.cache-4
b338a000-b3393000 r--s 00000000 08:01 401852     /var/cache/fontconfig/6d41288fd70b0be22e8c3a91e032eec0-le32d4.cache-4
b3393000-b33a2000 r--s 00000000 08:01 401851     /var/cache/fontconfig/04aabc0a78ac019cf9454389977116d2-le32d4.cache-4
b33a2000-b33a3000 r--s 00000000 08:01 401850     /var/cache/fontconfig/1ac9eb803944fde146138c791f5cc56a-le32d4.cache-4
b33a3000-b33a6000 r--s 00000000 08:01 401849     /var/cache/fontconfig/385c0604a188198f04d133e54aba7fe7-le32d4.cache-4
b33a6000-b33a7000 r--s 00000000 08:01 401848     /var/cache/fontconfig/dc05db6664285cc2f12bf69c139ae4c3-le32d4.cache-4
b33a7000-b33a9000 r--s 00000000 08:01 393795     /var/cache/fontconfig/767a8244fc0220cfb567a839d0392e0b-le32d4.cache-4
b33a9000-b33aa000 r--s 00000000 08:01 401847     /var/cache/fontconfig/4794a0821666d79190d59a36cb4f44b5-le32d4.cache-4
b33aa000-b33ae000 r--s 00000000 08:01 401846     /var/cache/fontconfig/8801497958630a81b71ace7c5f9b32a8-le32d4.cache-4
b33ae000-b33b3000 r--s 00000000 08:01 401845     /var/cache/fontconfig/3047814df9a2f067bd2d96a2b9c36e5a-le32d4.cache-4
b33b3000-b33b4000 r--s 00000000 08:01 401844     /var/cache/fontconfig/56cf4f4769d0f4abc89a4895d7bd3ae1-le32d4.cache-4
b33b4000-b33b8000 r--s 00000000 08:01 401842     /var/cache/fontconfig/b47c4e1ecd0709278f4910c18777a504-le32d4.cache-4
b33b8000-b33c8000 r--s 00000000 08:01 401830     /var/cache/fontconfig/d52a8644073d54c13679302ca1180695-le32d4.cache-4
b33c8000-b3418000 r-xp 00000000 08:01 171756     /usr/lib/jvm/java-7-openjdk-i386/jre/lib/i386/libfontmanager.so
b3418000-b341a000 r--p 0004f000 08:01 171756     /usr/lib/jvm/java-7-openjdk-i386/jre/lib/i386/libfontmanager.so
b341a000-b341b000 rw-p 00051000 08:01 171756     /usr/lib/jvm/java-7-openjdk-i386/jre/lib/i386/libfontmanager.so
b341b000-b341e000 ---p 00000000 00:00 0 
b341e000-b346c000 rw-p 00000000 00:00 0          [stack:5035]
b346c000-b3470000 r-xp 00000000 08:01 7640       /usr/lib/i386-linux-gnu/libXfixes.so.3.1.0
b3470000-b3471000 r--p 00003000 08:01 7640       /usr/lib/i386-linux-gnu/libXfixes.so.3.1.0
b3471000-b3472000 rw-p 00004000 08:01 7640       /usr/lib/i386-linux-gnu/libXfixes.so.3.1.0
b3472000-b3475000 ---p 00000000 00:00 0 
b3475000-b34c3000 rw-p 00000000 00:00 0          [stack:5034]
b34c3000-b34e9000 r-xp 00000000 08:01 142126     /lib/i386-linux-gnu/libpng12.so.0.50.0
b34e9000-b34ea000 r--p 00025000 08:01 142126     /lib/i386-linux-gnu/libpng12.so.0.50.0
b34ea000-b34eb000 rw-p 00026000 08:01 142126     /lib/i386-linux-gnu/libpng12.so.0.50.0
b34eb000-b3510000 r-xp 00000000 08:01 131117     /lib/i386-linux-gnu/libexpat.so.1.6.0
b3510000-b3511000 ---p 00025000 08:01 131117     /lib/i386-linux-gnu/libexpat.so.1.6.0
b3511000-b3513000 r--p 00025000 08:01 131117     /lib/i386-linux-gnu/libexpat.so.1.6.0
b3513000-b3514000 rw-p 00027000 08:01 131117     /lib/i386-linux-gnu/libexpat.so.1.6.0
b3514000-b35af000 r-xp 00000000 08:01 9114       /usr/lib/i386-linux-gnu/libfreetype.so.6.11.1
b35af000-b35b3000 r--p 0009a000 08:01 9114       /usr/lib/i386-linux-gnu/libfreetype.so.6.11.1
b35b3000-b35b4000 rw-p 0009e000 08:01 9114       /usr/lib/i386-linux-gnu/libfreetype.so.6.11.1
b35b4000-b35d4000 r-xp 00000000 08:01 66655      /usr/lib/i386-linux-gnu/libxcb.so.1.1.0
b35d4000-b35d5000 r--p 0001f000 08:01 66655      /usr/lib/i386-linux-gnu/libxcb.so.1.1.0
b35d5000-b35d6000 rw-p 00020000 08:01 66655      /usr/lib/i386-linux-gnu/libxcb.so.1.1.0
b35d6000-b360f000 r-xp 00000000 08:01 9177       /usr/lib/i386-linux-gnu/libfontconfig.so.1.8.0
b360f000-b3610000 r--p 00039000 08:01 9177       /usr/lib/i386-linux-gnu/libfontconfig.so.1.8.0
b3610000-b3611000 rw-p 0003a000 08:01 9177       /usr/lib/i386-linux-gnu/libfontconfig.so.1.8.0
b3611000-b3741000 r-xp 00000000 08:01 10842      /usr/lib/i386-linux-gnu/libX11.so.6.3.0
b3741000-b3742000 r--p 00130000 08:01 10842      /usr/lib/i386-linux-gnu/libX11.so.6.3.0
b3742000-b3744000 rw-p 00131000 08:01 10842      /usr/lib/i386-linux-gnu/libX11.so.6.3.0
b3744000-b3745000 rw-p 00000000 00:00 0 
b3745000-b37d4000 r-xp 00000000 08:01 171844     /usr/lib/jvm/java-7-openjdk-i386/jre/lib/i386/libawt.so
b37d4000-b37d5000 r--p 0008f000 08:01 171844     /usr/lib/jvm/java-7-openjdk-i386/jre/lib/i386/libawt.so
b37d5000-b37dc000 rw-p 00090000 08:01 171844     /usr/lib/jvm/java-7-openjdk-i386/jre/lib/i386/libawt.so
b37dc000-b3800000 rw-p 00000000 00:00 0 
b3800000-b3892000 rw-p 00000000 00:00 0 
b3892000-b3900000 ---p 00000000 00:00 0 
b3900000-b3909000 r-xp 00000000 08:01 9790       /usr/lib/i386-linux-gnu/libXcursor.so.1.0.2
b3909000-b390a000 r--p 00008000 08:01 9790       /usr/lib/i386-linux-gnu/libXcursor.so.1.0.2
b390a000-b390b000 rw-p 00009000 08:01 9790       /usr/lib/i386-linux-gnu/libXcursor.so.1.0.2
b390b000-b3910000 r-xp 00000000 08:01 5406       /usr/lib/i386-linux-gnu/libXdmcp.so.6.0.0
b3910000-b3911000 r--p 00004000 08:01 5406       /usr/lib/i386-linux-gnu/libXdmcp.so.6.0.0
b3911000-b3912000 rw-p 00005000 08:01 5406       /usr/lib/i386-linux-gnu/libXdmcp.so.6.0.0
b3912000-b3914000 r-xp 00000000 08:01 5352       /usr/lib/i386-linux-gnu/libXau.so.6.0.0
b3914000-b3915000 r--p 00001000 08:01 5352       /usr/lib/i386-linux-gnu/libXau.so.6.0.0
b3915000-b3916000 rw-p 00002000 08:01 5352       /usr/lib/i386-linux-gnu/libXau.so.6.0.0
b3916000-b3924000 r-xp 00000000 08:01 7577       /usr/lib/i386-linux-gnu/libXi.so.6.1.0
b3924000-b3925000 r--p 0000e000 08:01 7577       /usr/lib/i386-linux-gnu/libXi.so.6.1.0
b3925000-b3926000 rw-p 0000f000 08:01 7577       /usr/lib/i386-linux-gnu/libXi.so.6.1.0
b3926000-b392b000 r-xp 00000000 08:01 10292      /usr/lib/i386-linux-gnu/libXtst.so.6.1.0
b392b000-b392c000 r--p 00004000 08:01 10292      /usr/lib/i386-linux-gnu/libXtst.so.6.1.0
b392c000-b392d000 rw-p 00005000 08:01 10292      /usr/lib/i386-linux-gnu/libXtst.so.6.1.0
b392d000-b3936000 r-xp 00000000 08:01 6199       /usr/lib/i386-linux-gnu/libXrender.so.1.3.0
b3936000-b3937000 r--p 00008000 08:01 6199       /usr/lib/i386-linux-gnu/libXrender.so.1.3.0
b3937000-b3938000 rw-p 00009000 08:01 6199       /usr/lib/i386-linux-gnu/libXrender.so.1.3.0
b3938000-b3949000 r-xp 00000000 08:01 6183       /usr/lib/i386-linux-gnu/libXext.so.6.4.0
b3949000-b394a000 r--p 00010000 08:01 6183       /usr/lib/i386-linux-gnu/libXext.so.6.4.0
b394a000-b394b000 rw-p 00011000 08:01 6183       /usr/lib/i386-linux-gnu/libXext.so.6.4.0
b394b000-b3993000 r-xp 00000000 08:01 136650     /usr/lib/jvm/java-7-openjdk-i386/jre/lib/i386/xawt/libmawt.so
b3993000-b3994000 r--p 00048000 08:01 136650     /usr/lib/jvm/java-7-openjdk-i386/jre/lib/i386/xawt/libmawt.so
b3994000-b3996000 rw-p 00049000 08:01 136650     /usr/lib/jvm/java-7-openjdk-i386/jre/lib/i386/xawt/libmawt.so
b3996000-b3997000 rw-p 00000000 00:00 0 
b3997000-b39d3000 r-xp 00000000 08:01 132344     /lib/i386-linux-gnu/libpcre.so.3.13.1
b39d3000-b39d4000 r--p 0003b000 08:01 132344     /lib/i386-linux-gnu/libpcre.so.3.13.1
b39d4000-b39d5000 rw-p 0003c000 08:01 132344     /lib/i386-linux-gnu/libpcre.so.3.13.1
b39d5000-b39da000 r-xp 00000000 08:01 9076       /usr/lib/i386-linux-gnu/libffi.so.6.0.1
b39da000-b39db000 r--p 00005000 08:01 9076       /usr/lib/i386-linux-gnu/libffi.so.6.0.1
b39db000-b39dc000 rw-p 00006000 08:01 9076       /usr/lib/i386-linux-gnu/libffi.so.6.0.1
b39dc000-b39ef000 r-xp 00000000 08:01 158559     /lib/i386-linux-gnu/libresolv-2.19.so
b39ef000-b39f0000 ---p 00013000 08:01 158559     /lib/i386-linux-gnu/libresolv-2.19.so
b39f0000-b39f1000 r--p 00013000 08:01 158559     /lib/i386-linux-gnu/libresolv-2.19.so
b39f1000-b39f2000 rw-p 00014000 08:01 158559     /lib/i386-linux-gnu/libresolv-2.19.so
b39f2000-b39f4000 rw-p 00000000 00:00 0 
b39f4000-b3a14000 r-xp 00000000 08:01 131406     /lib/i386-linux-gnu/libselinux.so.1
b3a14000-b3a15000 r--p 0001f000 08:01 131406     /lib/i386-linux-gnu/libselinux.so.1
b3a15000-b3a16000 rw-p 00020000 08:01 131406     /lib/i386-linux-gnu/libselinux.so.1
b3a16000-b3a17000 rw-p 00000000 00:00 0 
b3a17000-b3a1a000 r-xp 00000000 08:01 1675       /usr/lib/i386-linux-gnu/libgmodule-2.0.so.0.4002.0
b3a1a000-b3a1b000 r--p 00002000 08:01 1675       /usr/lib/i386-linux-gnu/libgmodule-2.0.so.0.4002.0
b3a1b000-b3a1c000 rw-p 00003000 08:01 1675       /usr/lib/i386-linux-gnu/libgmodule-2.0.so.0.4002.0
b3a1c000-b3b26000 r-xp 00000000 08:01 136564     /lib/i386-linux-gnu/libglib-2.0.so.0.4002.0
b3b26000-b3b27000 r--p 00109000 08:01 136564     /lib/i386-linux-gnu/libglib-2.0.so.0.4002.0
b3b27000-b3b28000 rw-p 0010a000 08:01 136564     /lib/i386-linux-gnu/libglib-2.0.so.0.4002.0
b3b28000-b3b78000 r-xp 00000000 08:01 1672       /usr/lib/i386-linux-gnu/libgobject-2.0.so.0.4002.0
b3b78000-b3b79000 r--p 0004f000 08:01 1672       /usr/lib/i386-linux-gnu/libgobject-2.0.so.0.4002.0
b3b79000-b3b7a000 rw-p 00050000 08:01 1672       /usr/lib/i386-linux-gnu/libgobject-2.0.so.0.4002.0
b3b7a000-b3cf7000 r-xp 00000000 08:01 1674       /usr/lib/i386-linux-gnu/libgio-2.0.so.0.4002.0
b3cf7000-b3cf9000 r--p 0017d000 08:01 1674       /usr/lib/i386-linux-gnu/libgio-2.0.so.0.4002.0
b3cf9000-b3cfa000 rw-p 0017f000 08:01 1674       /usr/lib/i386-linux-gnu/libgio-2.0.so.0.4002.0
b3cfa000-b3cfb000 rw-p 00000000 00:00 0 
b3cfb000-b3cfc000 r--s 00000000 08:01 401843     /var/cache/fontconfig/b9d506c9ac06c20b433354fa67a72993-le32d4.cache-4
b3cfc000-b3d03000 r--s 00000000 08:01 401829     /var/cache/fontconfig/3f7329c5293ffd510edef78f73874cfd-le32d4.cache-4
b3d03000-b3d0c000 r--s 00000000 08:01 401785     /var/cache/fontconfig/d589a48862398ed80a3d6066f4f56f4c-le32d4.cache-4
b3d0c000-b3d0d000 r--s 00000000 08:01 401740     /var/cache/fontconfig/0c9eb80ebd1c36541ebe2852d3bb0c49-le32d4.cache-4
b3d0d000-b3d0f000 r--s 00000000 08:01 394475     /var/cache/fontconfig/e13b20fdb08344e0e664864cc2ede53d-le32d4.cache-4
b3d0f000-b3d12000 r--s 00000000 08:01 394702     /var/cache/fontconfig/7ef2298fde41cc6eeb7af42e48b7d293-le32d4.cache-4
b3d12000-b3d2a000 r-xp 00000000 08:01 171836     /usr/lib/jvm/java-7-openjdk-i386/jre/lib/i386/libnet.so
b3d2a000-b3d2b000 r--p 00017000 08:01 171836     /usr/lib/jvm/java-7-openjdk-i386/jre/lib/i386/libnet.so
b3d2b000-b3d2c000 rw-p 00018000 08:01 171836     /usr/lib/jvm/java-7-openjdk-i386/jre/lib/i386/libnet.so
b3d2c000-b3d3d000 r-xp 00000000 08:01 171778     /usr/lib/jvm/java-7-openjdk-i386/jre/lib/i386/libnio.so
b3d3d000-b3d3e000 r--p 00010000 08:01 171778     /usr/lib/jvm/java-7-openjdk-i386/jre/lib/i386/libnio.so
b3d3e000-b3d3f000 rw-p 00011000 08:01 171778     /usr/lib/jvm/java-7-openjdk-i386/jre/lib/i386/libnio.so
b3d3f000-b3d5c000 r--s 0014f000 08:01 293673     /home/user/Desktop/Dual-radio-simulation/tools/cooja/lib/swingx-all-1.6.4.jar
b3d5c000-b3d5d000 ---p 00000000 00:00 0 
b3d5d000-b3ddd000 rw-p 00000000 00:00 0          [stack:5033]
b3ddd000-b3de0000 ---p 00000000 00:00 0 
b3de0000-b3e2e000 rw-p 00000000 00:00 0          [stack:5032]
b3e2e000-b3e31000 ---p 00000000 00:00 0 
b3e31000-b3eaf000 rw-p 00000000 00:00 0          [stack:5031]
b3eaf000-b3eb2000 ---p 00000000 00:00 0 
b3eb2000-b3f00000 rw-p 00000000 00:00 0          [stack:5030]
b3f00000-b4100000 r--p 00000000 08:01 369        /usr/lib/locale/locale-archive
b4100000-b4125000 rw-p 00000000 00:00 0 
b4125000-b4200000 ---p 00000000 00:00 0 
b4200000-b4202000 r-xp 00000000 08:01 3489       /usr/lib/i386-linux-gnu/libXcomposite.so.1.0.0
b4202000-b4203000 r--p 00001000 08:01 3489       /usr/lib/i386-linux-gnu/libXcomposite.so.1.0.0
b4203000-b4204000 rw-p 00002000 08:01 3489       /usr/lib/i386-linux-gnu/libXcomposite.so.1.0.0
b4204000-b420e000 r--s 000ae000 08:01 136921     /usr/lib/jvm/java-7-openjdk-i386/jre/lib/resources.jar
b420e000-b4215000 r--s 0005b000 08:01 293671     /home/user/Desktop/Dual-radio-simulation/tools/cooja/lib/jsyntaxpane.jar
b4215000-b421c000 r--s 0004f000 08:01 293672     /home/user/Desktop/Dual-radio-simulation/tools/cooja/lib/log4j.jar
b421c000-b421f000 r--s 00022000 08:01 293670     /home/user/Desktop/Dual-radio-simulation/tools/cooja/lib/jdom.jar
b421f000-b4223000 r--s 00085000 08:01 171728     /usr/lib/jvm/java-7-openjdk-i386/jre/lib/ext/localedata.jar
b4223000-b4224000 r--s 00002000 08:01 136939     /usr/lib/jvm/java-7-openjdk-i386/jre/lib/ext/dnsns.jar
b4224000-b4228000 r--s 00034000 08:01 136936     /usr/lib/jvm/java-7-openjdk-i386/jre/lib/ext/sunjce_provider.jar
b4228000-b422b000 ---p 00000000 00:00 0 
b422b000-b4279000 rw-p 00000000 00:00 0          [stack:5029]
b4279000-b427c000 ---p 00000000 00:00 0 
b427c000-b42ca000 rw-p 00000000 00:00 0          [stack:5028]
b42ca000-b42cb000 ---p 00000000 00:00 0 
b42cb000-b4394000 rw-p 00000000 00:00 0          [stack:5027]
b4394000-b4547000 r--s 01d41000 08:01 136926     /usr/lib/jvm/java-7-openjdk-i386/jre/lib/rt.jar
b4547000-b4555000 rw-p 00000000 00:00 0 
b4555000-b456f000 rw-p 00000000 00:00 0 
b456f000-b4575000 rw-p 00000000 00:00 0 
b4575000-b461a000 rw-p 00000000 00:00 0 
b461a000-b461d000 rw-p 00000000 00:00 0 
b461d000-b466f000 rw-p 00000000 00:00 0 
b466f000-b4675000 rw-p 00000000 00:00 0 
b4675000-b471a000 rw-p 00000000 00:00 0 
b471a000-b4720000 rw-p 00000000 00:00 0 
b4720000-b473a000 rw-p 00000000 00:00 0 
b473a000-b4750000 rw-p 00000000 00:00 0 
b4750000-b47c6000 rw-p 00000000 00:00 0 
b47c6000-b4a16000 rwxp 00000000 00:00 0 
b4a16000-b67c6000 rw-p 00000000 00:00 0 
b67c6000-b67d0000 r-xp 00000000 08:01 159039     /lib/i386-linux-gnu/libnss_files-2.19.so
b67d0000-b67d1000 r--p 00009000 08:01 159039     /lib/i386-linux-gnu/libnss_files-2.19.so
b67d1000-b67d2000 rw-p 0000a000 08:01 159039     /lib/i386-linux-gnu/libnss_files-2.19.so
b67d2000-b67dc000 r-xp 00000000 08:01 158574     /lib/i386-linux-gnu/libnss_nis-2.19.so
b67dc000-b67dd000 r--p 00009000 08:01 158574     /lib/i386-linux-gnu/libnss_nis-2.19.so
b67dd000-b67de000 rw-p 0000a000 08:01 158574     /lib/i386-linux-gnu/libnss_nis-2.19.so
b67de000-b67f3000 r-xp 00000000 08:01 158568     /lib/i386-linux-gnu/libnsl-2.19.so
b67f3000-b67f4000 r--p 00015000 08:01 158568     /lib/i386-linux-gnu/libnsl-2.19.so
b67f4000-b67f5000 rw-p 00016000 08:01 158568     /lib/i386-linux-gnu/libnsl-2.19.so
b67f5000-b67f7000 rw-p 00000000 00:00 0 
b67f7000-b67fe000 r-xp 00000000 08:01 158567     /lib/i386-linux-gnu/libnss_compat-2.19.so
b67fe000-b67ff000 r--p 00006000 08:01 158567     /lib/i386-linux-gnu/libnss_compat-2.19.so
b67ff000-b6800000 rw-p 00007000 08:01 158567     /lib/i386-linux-gnu/libnss_compat-2.19.so
b6800000-b68ff000 rw-p 00000000 00:00 0 
b68ff000-b6900000 ---p 00000000 00:00 0 
b6900000-b6903000 r--s 0000f000 08:01 153628     /usr/lib/jvm/java-7-openjdk-i386/jre/lib/ext/icedtea-sound.jar
b6903000-b6906000 r--s 0003d000 08:01 136934     /usr/lib/jvm/java-7-openjdk-i386/jre/lib/ext/sunpkcs11.jar
b6906000-b690c000 rw-p 00000000 00:00 0 
b690c000-b6914000 r-xp 00000000 08:01 171832     /usr/lib/jvm/java-7-openjdk-i386/jre/lib/i386/libzip.so
b6914000-b6915000 r--p 00007000 08:01 171832     /usr/lib/jvm/java-7-openjdk-i386/jre/lib/i386/libzip.so
b6915000-b6916000 rw-p 00008000 08:01 171832     /usr/lib/jvm/java-7-openjdk-i386/jre/lib/i386/libzip.so
b6916000-b691e000 rw-s 00000000 08:01 167507     /tmp/hsperfdata_user/5021
b691e000-b6945000 r-xp 00000000 08:01 171830     /usr/lib/jvm/java-7-openjdk-i386/jre/lib/i386/libjava.so
b6945000-b6946000 r--p 00026000 08:01 171830     /usr/lib/jvm/java-7-openjdk-i386/jre/lib/i386/libjava.so
b6946000-b6947000 rw-p 00027000 08:01 171830     /usr/lib/jvm/java-7-openjdk-i386/jre/lib/i386/libjava.so
b6947000-b694e000 r-xp 00000000 08:01 158579     /lib/i386-linux-gnu/librt-2.19.so
b694e000-b694f000 r--p 00006000 08:01 158579     /lib/i386-linux-gnu/librt-2.19.so
b694f000-b6950000 rw-p 00007000 08:01 158579     /lib/i386-linux-gnu/librt-2.19.so
b6950000-b6953000 ---p 00000000 00:00 0 
b6953000-b69a1000 rw-p 00000000 00:00 0          [stack:5023]
b69a1000-b69bd000 r-xp 00000000 08:01 158999     /lib/i386-linux-gnu/libgcc_s.so.1
b69bd000-b69be000 rw-p 0001b000 08:01 158999     /lib/i386-linux-gnu/libgcc_s.so.1
b69be000-b6a02000 r-xp 00000000 08:01 158561     /lib/i386-linux-gnu/libm-2.19.so
b6a02000-b6a03000 r--p 00043000 08:01 158561     /lib/i386-linux-gnu/libm-2.19.so
b6a03000-b6a04000 rw-p 00044000 08:01 158561     /lib/i386-linux-gnu/libm-2.19.so
b6a04000-b6ae0000 r-xp 00000000 08:01 289        /usr/lib/i386-linux-gnu/libstdc++.so.6.0.19
b6ae0000-b6ae4000 r--p 000dc000 08:01 289        /usr/lib/i386-linux-gnu/libstdc++.so.6.0.19
b6ae4000-b6ae5000 rw-p 000e0000 08:01 289        /usr/lib/i386-linux-gnu/libstdc++.so.6.0.19
b6ae5000-b6aec000 rw-p 00000000 00:00 0 
b6aec000-b7123000 r-xp 00000000 08:01 171806     /usr/lib/jvm/java-7-openjdk-i386/jre/lib/i386/client/libjvm.so
b7123000-b7124000 ---p 00637000 08:01 171806     /usr/lib/jvm/java-7-openjdk-i386/jre/lib/i386/client/libjvm.so
b7124000-b713a000 r--p 00637000 08:01 171806     /usr/lib/jvm/java-7-openjdk-i386/jre/lib/i386/client/libjvm.so
b713a000-b7149000 rw-p 0064d000 08:01 171806     /usr/lib/jvm/java-7-openjdk-i386/jre/lib/i386/client/libjvm.so
b7149000-b7565000 rw-p 00000000 00:00 0 
b7565000-b757d000 r-xp 00000000 08:01 158556     /lib/i386-linux-gnu/libz.so.1.2.8
b757d000-b757e000 r--p 00017000 08:01 158556     /lib/i386-linux-gnu/libz.so.1.2.8
b757e000-b757f000 rw-p 00018000 08:01 158556     /lib/i386-linux-gnu/libz.so.1.2.8
b757f000-b7597000 r-xp 00000000 08:01 158571     /lib/i386-linux-gnu/libpthread-2.19.so
b7597000-b7598000 r--p 00018000 08:01 158571     /lib/i386-linux-gnu/libpthread-2.19.so
b7598000-b7599000 rw-p 00019000 08:01 158571     /lib/i386-linux-gnu/libpthread-2.19.so
b7599000-b759b000 rw-p 00000000 00:00 0 
b759b000-b759e000 r-xp 00000000 08:01 158563     /lib/i386-linux-gnu/libdl-2.19.so
b759e000-b759f000 r--p 00002000 08:01 158563     /lib/i386-linux-gnu/libdl-2.19.so
b759f000-b75a0000 rw-p 00003000 08:01 158563     /lib/i386-linux-gnu/libdl-2.19.so
b75a0000-b7748000 r-xp 00000000 08:01 158580     /lib/i386-linux-gnu/libc-2.19.so
b7748000-b7749000 ---p 001a8000 08:01 158580     /lib/i386-linux-gnu/libc-2.19.so
b7749000-b774b000 r--p 001a8000 08:01 158580     /lib/i386-linux-gnu/libc-2.19.so
b774b000-b774c000 rw-p 001aa000 08:01 158580     /lib/i386-linux-gnu/libc-2.19.so
b774c000-b774f000 rw-p 00000000 00:00 0 
b774f000-b7751000 r--s 00006000 08:01 276693     /usr/share/java/java-atk-wrapper.jar
b7751000-b7753000 r--s 00012000 08:01 136938     /usr/lib/jvm/java-7-openjdk-i386/jre/lib/ext/zipfs.jar
b7753000-b7754000 r--p 002c5000 08:01 369        /usr/lib/locale/locale-archive
b7754000-b7755000 rw-p 00000000 00:00 0 
b7755000-b7756000 r--p 00000000 00:00 0 
b7756000-b7764000 r-xp 00000000 08:01 171834     /usr/lib/jvm/java-7-openjdk-i386/jre/lib/i386/libverify.so
b7764000-b7765000 r--p 0000d000 08:01 171834     /usr/lib/jvm/java-7-openjdk-i386/jre/lib/i386/libverify.so
b7765000-b7766000 rw-p 0000e000 08:01 171834     /usr/lib/jvm/java-7-openjdk-i386/jre/lib/i386/libverify.so
b7766000-b7772000 r-xp 00000000 08:01 171842     /usr/lib/jvm/java-7-openjdk-i386/jre/lib/i386/jli/libjli.so
b7772000-b7773000 r--p 0000c000 08:01 171842     /usr/lib/jvm/java-7-openjdk-i386/jre/lib/i386/jli/libjli.so
b7773000-b7774000 rw-p 0000d000 08:01 171842     /usr/lib/jvm/java-7-openjdk-i386/jre/lib/i386/jli/libjli.so
b7774000-b7777000 rw-p 00000000 00:00 0 
b7777000-b7778000 r-xp 00000000 00:00 0          [vdso]
b7778000-b7798000 r-xp 00000000 08:01 158572     /lib/i386-linux-gnu/ld-2.19.so
b7798000-b7799000 r--p 0001f000 08:01 158572     /lib/i386-linux-gnu/ld-2.19.so
b7799000-b779a000 rw-p 00020000 08:01 158572     /lib/i386-linux-gnu/ld-2.19.so
bfc44000-bfc45000 rwxp 00000000 00:00 0 
bfc77000-bfc98000 rw-p 00000000 00:00 0          [stack]

VM Arguments:
jvm_args: -Xmx512m -Duser.language=en 
java_command: org.contikios.cooja.Cooja
Launcher Type: SUN_STANDARD

Environment Variables:
JAVA_HOME=/usr/lib/jvm/java-7-openjdk-i386
PATH=/usr/local/sdcc/bin:/usr/local/sbin:/usr/local/bin:/usr/sbin:/usr/bin:/sbin:/bin:/usr/games:/usr/local/games:/home/user/CodeSourcery/Sourcery_G++_Lite/bin:/usr/local/msp430/bin:/home/user/CodeSourcery/Sourcery_G++_Lite/bin
LD_LIBRARY_PATH=.
SHELL=/bin/bash
DISPLAY=:0

Signal Handlers:
SIGSEGV: [libjvm.so+0x4f0b20], sa_mask[0]=0x7ffbfeff, sa_flags=0x10000004
SIGBUS: [libjvm.so+0x4f0b20], sa_mask[0]=0x7ffbfeff, sa_flags=0x10000004
SIGFPE: [libjvm.so+0x3cc460], sa_mask[0]=0x7ffbfeff, sa_flags=0x10000004
SIGPIPE: [libjvm.so+0x3cc460], sa_mask[0]=0x7ffbfeff, sa_flags=0x10000004
SIGXFSZ: [libjvm.so+0x3cc460], sa_mask[0]=0x7ffbfeff, sa_flags=0x10000004
SIGILL: [libjvm.so+0x3cc460], sa_mask[0]=0x7ffbfeff, sa_flags=0x10000004
SIGUSR1: SIG_DFL, sa_mask[0]=0x00000000, sa_flags=0x00000000
SIGUSR2: [libjvm.so+0x3cc5c0], sa_mask[0]=0x00000004, sa_flags=0x10000004
SIGHUP: [libjvm.so+0x3cc520], sa_mask[0]=0x7ffbfeff, sa_flags=0x10000004
SIGINT: [libjvm.so+0x3cc520], sa_mask[0]=0x7ffbfeff, sa_flags=0x10000004
SIGTERM: [libjvm.so+0x3cc520], sa_mask[0]=0x7ffbfeff, sa_flags=0x10000004
SIGQUIT: [libjvm.so+0x3cc520], sa_mask[0]=0x7ffbfeff, sa_flags=0x10000004
SIGTRAP: SIG_DFL, sa_mask[0]=0x00000000, sa_flags=0x00000000


---------------  S Y S T E M  ---------------

OS:Ubuntu 14.04 (trusty)
uname:Linux 3.13.0-107-generic #154-Ubuntu SMP Mon Dec 19 19:20:26 UTC 2016 i686
libc:glibc 2.19 NPTL 2.19 
rlimit: STACK 8192k, CORE 0k, NPROC 32110, NOFILE 4096, AS infinity
load average:0.36 0.42 0.30

/proc/meminfo:
MemTotal:        4130132 kB
MemFree:         2157876 kB
Buffers:          196280 kB
Cached:          1268464 kB
SwapCached:            0 kB
Active:           931732 kB
Inactive:         908604 kB
Active(anon):     376540 kB
Inactive(anon):    25900 kB
Active(file):     555192 kB
Inactive(file):   882704 kB
Unevictable:          32 kB
Mlocked:              32 kB
HighTotal:       3280776 kB
HighFree:        1896280 kB
LowTotal:         849356 kB
LowFree:          261596 kB
SwapTotal:       1046524 kB
SwapFree:        1046524 kB
Dirty:              1512 kB
Writeback:             0 kB
AnonPages:        375648 kB
Mapped:           113656 kB
Shmem:             26836 kB
Slab:              96320 kB
SReclaimable:      82700 kB
SUnreclaim:        13620 kB
KernelStack:        2856 kB
PageTables:         6696 kB
NFS_Unstable:          0 kB
Bounce:                0 kB
WritebackTmp:          0 kB
CommitLimit:     3111588 kB
Committed_AS:    2354440 kB
VmallocTotal:     122880 kB
VmallocUsed:       23428 kB
VmallocChunk:      89832 kB
HardwareCorrupted:     0 kB
AnonHugePages:    161792 kB
HugePages_Total:       0
HugePages_Free:        0
HugePages_Rsvd:        0
HugePages_Surp:        0
Hugepagesize:       2048 kB
DirectMap4k:       14328 kB
DirectMap2M:      899072 kB


CPU:total 1 (1 cores per cpu, 1 threads per core) family 6 model 94 stepping 3, cmov, cx8, fxsr, mmx, sse, sse2, sse3, ssse3, sse4.1, sse4.2, popcnt, avx, aes, tsc, tscinvbit

/proc/cpuinfo:
processor	: 0
vendor_id	: GenuineIntel
cpu family	: 6
model		: 94
model name	: Intel(R) Core(TM) i5-6500 CPU @ 3.20GHz
stepping	: 3
microcode	: 0x76
cpu MHz		: 3600.000
cache size	: 6144 KB
physical id	: 0
siblings	: 1
core id		: 0
cpu cores	: 1
apicid		: 0
initial apicid	: 0
fdiv_bug	: no
f00f_bug	: no
coma_bug	: no
fpu		: yes
fpu_exception	: yes
cpuid level	: 22
wp		: yes
flags		: fpu vme de pse tsc msr pae mce cx8 apic sep mtrr pge mca cmov pat pse36 clflush dts mmx fxsr sse sse2 ss nx rdtscp lm constant_tsc arch_perfmon pebs bts tsc_reliable nonstop_tsc aperfmperf pni pclmulqdq ssse3 fma cx16 sse4_1 sse4_2 movbe popcnt aes xsave avx hypervisor lahf_lm 3dnowprefetch ida arat epb pln pts dtherm
bogomips	: 7200.00
clflush size	: 64
cache_alignment	: 64
address sizes	: 40 bits physical, 48 bits virtual
power management:



Memory: 4k page, physical 4130132k(2157876k free), swap 1046524k(1046524k free)

vm_info: OpenJDK Client VM (24.121-b00) for linux-x86 JRE (1.7.0_121-b00), built on Nov 16 2016 00:51:04 by "buildd" with gcc 4.8.4

time: Tue Jan 31 02:50:59 2017
elapsed time: 19 seconds

