#
# A fatal error has been detected by the Java Runtime Environment:
#
#  SIGSEGV (0xb) at pc=0xb285b730, pid=3462, tid=2998033216
#
# JRE version: OpenJDK Runtime Environment (7.0_111-b01) (build 1.7.0_111-b01)
# Java VM: OpenJDK Client VM (24.111-b01 mixed mode, sharing linux-x86 )
# Derivative: IcedTea 2.6.7
# Distribution: Ubuntu 14.04 LTS, package 7u111-2.6.7-0ubuntu0.14.04.3
# Problematic frame:
# C  [mtype454.cooja+0x16730]  uip_ds6_select_src+0x12f
#
# Failed to write core dump. Core dumps have been disabled. To enable core dumping, try "ulimit -c unlimited" before starting Java again
#
# If you would like to submit a bug report, please include
# instructions on how to reproduce the bug and visit:
#   http://icedtea.classpath.org/bugzilla
# The crash happened outside the Java Virtual Machine in native code.
# See problematic frame for where to report the bug.
#

---------------  T H R E A D  ---------------

Current thread (0x09357800):  JavaThread "Thread-5" [_thread_in_native, id=3586, stack(0xb2ad5000,0xb2b26000)]

siginfo:si_signo=SIGSEGV: si_errno=0, si_code=2 (SEGV_ACCERR), si_addr=0xb2855833

Registers:
EAX=0xb2855833, EBX=0xb28740e0, ECX=0x000080fe, EDX=0xb287b818
ESP=0xb28760ec, EBP=0xb2876114, ESI=0x00000000, EDI=0x00000000
EIP=0xb285b730, EFLAGS=0x00010286, CR2=0xb2855833

Top of Stack: (sp=0xb28760ec)
0xb28760ec:   00000001 b76e5000 b287610a b2876104
0xb28760fc:   b28557ba 0000000a b287b818 b2855833
0xb287610c:   0000000a b766d58f b2876134 b28688dc
0xb287611c:   b287b9e8 b287b9f8 00000010 00000001
0xb287612c:   b28557ba b28740e0 b2876184 b2862ee2
0xb287613c:   b2876168 0000009b 00000000 00000002
0xb287614c:   b2876380 b2876170 0000002c b2876168
0xb287615c:   b287677f 00000000 b287ba0c 000002ff 

Instructions: (pc=0xb285b730)
0xb285b710:   0a 00 00 8b 45 08 66 c7 40 0c 00 00 8b 45 08 66
0xb285b720:   c7 40 0e 00 00 eb 4a 8b 45 f4 8b 55 f0 8b 4a 02
0xb285b730:   89 08 8b 4a 06 89 48 04 8b 4a 0a 89 48 08 8b 52
0xb285b740:   0e 89 50 0c e8 20 ad ff ff 83 f8 01 75 07 8b 45 

Register to memory mapping:

EAX=0xb2855833: log_printf+0x50 in /home/user/Desktop/nfs/examples/ipv6/rpl-udp/obj_cooja/mtype454.cooja at 0xb2845000
EBX=0xb28740e0: dual_dis_broadcast+0xc in /home/user/Desktop/nfs/examples/ipv6/rpl-udp/obj_cooja/mtype454.cooja at 0xb2845000
ECX=0x000080fe is an unknown value
EDX=0xb287b818: uip_ds6_if+0x58 in /home/user/Desktop/nfs/examples/ipv6/rpl-udp/obj_cooja/mtype454.cooja at 0xb2845000
ESP=0xb28760ec: <offset 0x310ec> in /home/user/Desktop/nfs/examples/ipv6/rpl-udp/obj_cooja/mtype454.cooja at 0xb2845000
EBP=0xb2876114: <offset 0x31114> in /home/user/Desktop/nfs/examples/ipv6/rpl-udp/obj_cooja/mtype454.cooja at 0xb2845000
ESI=0x00000000 is an unknown value
EDI=0x00000000 is an unknown value


Stack: [0xb2ad5000,0xb2b26000],  sp=0xb28760ec,  free space=4191876k
Native frames: (J=compiled Java code, j=interpreted, Vv=VM code, C=native code)
C  [mtype454.cooja+0x16730]  uip_ds6_select_src+0x12f
C  [mtype454.cooja+0x238dc]  uip_icmp6_send+0x89
C  [mtype454.cooja+0x1dee2]  dis_output+0xbf
C  [mtype454.cooja+0x1161e]  process_thread_dual_dis_broadcast+0x3c
C  [mtype454.cooja+0x1206e]  call_process+0x57
C  [mtype454.cooja+0x123bc]  process_post_synch+0x2e
C  [mtype454.cooja+0x11f2b]  process_start+0x6d
C  [mtype454.cooja+0x116d5]  dis_broadcast+0x1a
C  [mtype454.cooja+0x1ff90]  handle_periodic_timer+0x55
C  [mtype454.cooja+0x11851]  process_thread_ctimer_process+0xe7
C  [mtype454.cooja+0x1206e]  call_process+0x57
C  [mtype454.cooja+0x12292]  do_event+0x141
C  [mtype454.cooja+0x122af]  process_run+0x1b
C  [mtype454.cooja+0xfc85]  process_run_thread_loop+0x2b

Java frames: (J=compiled Java code, j=interpreted, Vv=VM code)
j  org.contikios.cooja.corecomm.Lib2.tick()V+0
j  org.contikios.cooja.contikimote.ContikiMoteType.tick()V+4
j  org.contikios.cooja.contikimote.ContikiMote.execute(J)V+63
j  org.contikios.cooja.motes.AbstractWakeupMote$1.execute(J)V+5
j  org.contikios.cooja.Simulation.run()V+184
j  java.lang.Thread.run()V+11
v  ~StubRoutines::call_stub

---------------  P R O C E S S  ---------------

Java Threads: ( => current thread )
=>0x09357800 JavaThread "Thread-5" [_thread_in_native, id=3586, stack(0xb2ad5000,0xb2b26000)]
  0xb38aac00 JavaThread "Thread-4" [_thread_blocked, id=3576, stack(0xb28ce000,0xb291f000)]
  0xb38ac800 JavaThread "Thread-3" [_thread_blocked, id=3575, stack(0xb287d000,0xb28ce000)]
  0xb38a4800 JavaThread "Thread-2" [_thread_blocked, id=3528, stack(0xb29a7000,0xb29f8000)]
  0xb38a1800 JavaThread "Thread-1" [_thread_blocked, id=3527, stack(0xb29f8000,0xb2a49000)]
  0xb389c800 JavaThread "process reaper" daemon [_thread_blocked, id=3483, stack(0xb2a49000,0xb2a62000)]
  0x09177c00 JavaThread "TimerQueue" daemon [_thread_blocked, id=3479, stack(0xb321d000,0xb326e000)]
  0xb6707800 JavaThread "DestroyJavaVM" [_thread_blocked, id=3467, stack(0xb68ec000,0xb693d000)]
  0xb385c000 JavaThread "AWT-EventQueue-0" [_thread_blocked, id=3478, stack(0xb326e000,0xb32bf000)]
  0xb3874000 JavaThread "AWT-Shutdown" [_thread_blocked, id=3477, stack(0xb32bf000,0xb3310000)]
  0xb3849000 JavaThread "AWT-XAWT" daemon [_thread_in_native, id=3476, stack(0xb33ad000,0xb33fe000)]
  0xb383a000 JavaThread "Java2D Disposer" daemon [_thread_blocked, id=3475, stack(0xb340f000,0xb3460000)]
  0xb674cc00 JavaThread "Service Thread" daemon [_thread_blocked, id=3473, stack(0xb3d3b000,0xb3d8c000)]
  0xb674ac00 JavaThread "C1 CompilerThread0" daemon [_thread_blocked, id=3472, stack(0xb3d8c000,0xb3e0d000)]
  0xb6749000 JavaThread "Signal Dispatcher" daemon [_thread_blocked, id=3471, stack(0xb3e0d000,0xb3e5e000)]
  0xb6733400 JavaThread "Finalizer" daemon [_thread_blocked, id=3470, stack(0xb405e000,0xb40af000)]
  0xb6731c00 JavaThread "Reference Handler" daemon [_thread_blocked, id=3469, stack(0xb40af000,0xb4100000)]

Other Threads:
  0xb6730400 VMThread [stack: 0xb422c000,0xb42ad000] [id=3468]
  0xb674f000 WatcherThread [stack: 0xb3cba000,0xb3d3b000] [id=3474]

VM state:not at safepoint (normal execution)

VM Mutex/Monitor currently owned by a thread: None

Heap
 def new generation   total 4928K, used 520K [0x6e800000, 0x6ed50000, 0x792a0000)
  eden space 4416K,   7% used [0x6e800000, 0x6e84ff88, 0x6ec50000)
  from space 512K,  39% used [0x6ec50000, 0x6ec823f8, 0x6ecd0000)
  to   space 512K,   0% used [0x6ecd0000, 0x6ecd0000, 0x6ed50000)
 tenured generation   total 10752K, used 5901K [0x792a0000, 0x79d20000, 0x8e800000)
   the space 10752K,  54% used [0x792a0000, 0x798635e8, 0x79863600, 0x79d20000)
 compacting perm gen  total 12288K, used 6593K [0x8e800000, 0x8f400000, 0x92800000)
   the space 12288K,  53% used [0x8e800000, 0x8ee705e8, 0x8ee70600, 0x8f400000)
    ro space 10240K,  59% used [0x92800000, 0x92dfe3d8, 0x92dfe400, 0x93200000)
    rw space 12288K,  59% used [0x93200000, 0x9391c2b0, 0x9391c400, 0x93e00000)

Card table byte_map: [0xb4554000,0xb4680000] byte_map_base: 0xb41e0000

Polling page: 0xb76ef000

Code Cache  [0xb4700000, 0xb4948000, 0xb6700000)
 total_blobs=1495 nmethods=1200 adapters=230 free_code_cache=30442Kb largest_free_block=31172992

Compilation events (10 events):
Event: 15.391 Thread 0xb674ac00 1202             sun.java2d.SunGraphics2D::constrain (11 bytes)
Event: 15.391 Thread 0xb674ac00 nmethod 1202 0xb4944108 code [0xb4944200, 0xb49442ac]
Event: 15.391 Thread 0xb674ac00 1203             sun.java2d.SunGraphics2D::constrain (216 bytes)
Event: 15.392 Thread 0xb674ac00 nmethod 1203 0xb4944308 code [0xb49444c0, 0xb4944910]
Event: 15.402 Thread 0xb674ac00 1204             org.contikios.cooja.mote.memory.ArrayMemory::getStartAddr (5 bytes)
Event: 15.402 Thread 0xb674ac00 nmethod 1204 0xb4944dc8 code [0xb4944ec0, 0xb4944f40]
Event: 15.403 Thread 0xb674ac00 1205             org.contikios.cooja.mote.memory.ArrayMemory::getTotalSize (6 bytes)
Event: 15.403 Thread 0xb674ac00 nmethod 1205 0xb4944f88 code [0xb4945080, 0xb4945110]
Event: 15.403 Thread 0xb674ac00 1206             org.contikios.cooja.mote.memory.SectionMoteMemory::includesAddr (36 bytes)
Event: 15.403 Thread 0xb674ac00 nmethod 1206 0xb4945188 code [0xb49452b0, 0xb49453c0]

GC Heap History (10 events):
Event: 13.463 GC heap before
{Heap before GC invocations=176 (full 1):
 def new generation   total 4928K, used 4928K [0x6e800000, 0x6ed50000, 0x792a0000)
  eden space 4416K, 100% used [0x6e800000, 0x6ec50000, 0x6ec50000)
  from space 512K, 100% used [0x6ecd0000, 0x6ed50000, 0x6ed50000)
  to   space 512K,   0% used [0x6ec50000, 0x6ec50000, 0x6ecd0000)
 tenured generation   total 10752K, used 4677K [0x792a0000, 0x79d20000, 0x8e800000)
   the space 10752K,  43% used [0x792a0000, 0x797314a0, 0x79731600, 0x79d20000)
 compacting perm gen  total 12288K, used 6361K [0x8e800000, 0x8f400000, 0x92800000)
   the space 12288K,  51% used [0x8e800000, 0x8ee366e0, 0x8ee36800, 0x8f400000)
    ro space 10240K,  59% used [0x92800000, 0x92dfe3d8, 0x92dfe400, 0x93200000)
    rw space 12288K,  59% used [0x93200000, 0x9391c2b0, 0x9391c400, 0x93e00000)
Event: 13.465 GC heap after
Heap after GC invocations=177 (full 1):
 def new generation   total 4928K, used 402K [0x6e800000, 0x6ed50000, 0x792a0000)
  eden space 4416K,   0% used [0x6e800000, 0x6e800000, 0x6ec50000)
  from space 512K,  78% used [0x6ec50000, 0x6ecb4ba0, 0x6ecd0000)
  to   space 512K,   0% used [0x6ecd0000, 0x6ecd0000, 0x6ed50000)
 tenured generation   total 10752K, used 5163K [0x792a0000, 0x79d20000, 0x8e800000)
   the space 10752K,  48% used [0x792a0000, 0x797aadd8, 0x797aae00, 0x79d20000)
 compacting perm gen  total 12288K, used 6361K [0x8e800000, 0x8f400000, 0x92800000)
   the space 12288K,  51% used [0x8e800000, 0x8ee366e0, 0x8ee36800, 0x8f400000)
    ro space 10240K,  59% used [0x92800000, 0x92dfe3d8, 0x92dfe400, 0x93200000)
    rw space 12288K,  59% used [0x93200000, 0x9391c2b0, 0x9391c400, 0x93e00000)
}
Event: 13.580 GC heap before
{Heap before GC invocations=177 (full 1):
 def new generation   total 4928K, used 4818K [0x6e800000, 0x6ed50000, 0x792a0000)
  eden space 4416K, 100% used [0x6e800000, 0x6ec50000, 0x6ec50000)
  from space 512K,  78% used [0x6ec50000, 0x6ecb4ba0, 0x6ecd0000)
  to   space 512K,   0% used [0x6ecd0000, 0x6ecd0000, 0x6ed50000)
 tenured generation   total 10752K, used 5163K [0x792a0000, 0x79d20000, 0x8e800000)
   the space 10752K,  48% used [0x792a0000, 0x797aadd8, 0x797aae00, 0x79d20000)
 compacting perm gen  total 12288K, used 6551K [0x8e800000, 0x8f400000, 0x92800000)
   the space 12288K,  53% used [0x8e800000, 0x8ee65ef0, 0x8ee66000, 0x8f400000)
    ro space 10240K,  59% used [0x92800000, 0x92dfe3d8, 0x92dfe400, 0x93200000)
    rw space 12288K,  59% used [0x93200000, 0x9391c2b0, 0x9391c400, 0x93e00000)
Event: 13.582 GC heap after
Heap after GC invocations=178 (full 1):
 def new generation   total 4928K, used 323K [0x6e800000, 0x6ed50000, 0x792a0000)
  eden space 4416K,   0% used [0x6e800000, 0x6e800000, 0x6ec50000)
  from space 512K,  63% used [0x6ecd0000, 0x6ed20de8, 0x6ed50000)
  to   space 512K,   0% used [0x6ec50000, 0x6ec50000, 0x6ecd0000)
 tenured generation   total 10752K, used 5525K [0x792a0000, 0x79d20000, 0x8e800000)
   the space 10752K,  51% used [0x792a0000, 0x798055a8, 0x79805600, 0x79d20000)
 compacting perm gen  total 12288K, used 6551K [0x8e800000, 0x8f400000, 0x92800000)
   the space 12288K,  53% used [0x8e800000, 0x8ee65ef0, 0x8ee66000, 0x8f400000)
    ro space 10240K,  59% used [0x92800000, 0x92dfe3d8, 0x92dfe400, 0x93200000)
    rw space 12288K,  59% used [0x93200000, 0x9391c2b0, 0x9391c400, 0x93e00000)
}
Event: 13.656 GC heap before
{Heap before GC invocations=178 (full 1):
 def new generation   total 4928K, used 4739K [0x6e800000, 0x6ed50000, 0x792a0000)
  eden space 4416K, 100% used [0x6e800000, 0x6ec50000, 0x6ec50000)
  from space 512K,  63% used [0x6ecd0000, 0x6ed20de8, 0x6ed50000)
  to   space 512K,   0% used [0x6ec50000, 0x6ec50000, 0x6ecd0000)
 tenured generation   total 10752K, used 5525K [0x792a0000, 0x79d20000, 0x8e800000)
   the space 10752K,  51% used [0x792a0000, 0x798055a8, 0x79805600, 0x79d20000)
 compacting perm gen  total 12288K, used 6577K [0x8e800000, 0x8f400000, 0x92800000)
   the space 12288K,  53% used [0x8e800000, 0x8ee6c408, 0x8ee6c600, 0x8f400000)
    ro space 10240K,  59% used [0x92800000, 0x92dfe3d8, 0x92dfe400, 0x93200000)
    rw space 12288K,  59% used [0x93200000, 0x9391c2b0, 0x9391c400, 0x93e00000)
Event: 13.657 GC heap after
Heap after GC invocations=179 (full 1):
 def new generation   total 4928K, used 253K [0x6e800000, 0x6ed50000, 0x792a0000)
  eden space 4416K,   0% used [0x6e800000, 0x6e800000, 0x6ec50000)
  from space 512K,  49% used [0x6ec50000, 0x6ec8f7a8, 0x6ecd0000)
  to   space 512K,   0% used [0x6ecd0000, 0x6ecd0000, 0x6ed50000)
 tenured generation   total 10752K, used 5750K [0x792a0000, 0x79d20000, 0x8e800000)
   the space 10752K,  53% used [0x792a0000, 0x7983d920, 0x7983da00, 0x79d20000)
 compacting perm gen  total 12288K, used 6577K [0x8e800000, 0x8f400000, 0x92800000)
   the space 12288K,  53% used [0x8e800000, 0x8ee6c408, 0x8ee6c600, 0x8f400000)
    ro space 10240K,  59% used [0x92800000, 0x92dfe3d8, 0x92dfe400, 0x93200000)
    rw space 12288K,  59% used [0x93200000, 0x9391c2b0, 0x9391c400, 0x93e00000)
}
Event: 13.763 GC heap before
{Heap before GC invocations=179 (full 1):
 def new generation   total 4928K, used 4669K [0x6e800000, 0x6ed50000, 0x792a0000)
  eden space 4416K, 100% used [0x6e800000, 0x6ec50000, 0x6ec50000)
  from space 512K,  49% used [0x6ec50000, 0x6ec8f7c8, 0x6ecd0000)
  to   space 512K,   0% used [0x6ecd0000, 0x6ecd0000, 0x6ed50000)
 tenured generation   total 10752K, used 5750K [0x792a0000, 0x79d20000, 0x8e800000)
   the space 10752K,  53% used [0x792a0000, 0x7983d920, 0x7983da00, 0x79d20000)
 compacting perm gen  total 12288K, used 6577K [0x8e800000, 0x8f400000, 0x92800000)
   the space 12288K,  53% used [0x8e800000, 0x8ee6c538, 0x8ee6c600, 0x8f400000)
    ro space 10240K,  59% used [0x92800000, 0x92dfe3d8, 0x92dfe400, 0x93200000)
    rw space 12288K,  59% used [0x93200000, 0x9391c2b0, 0x9391c400, 0x93e00000)
Event: 13.764 GC heap after
Heap after GC invocations=180 (full 1):
 def new generation   total 4928K, used 286K [0x6e800000, 0x6ed50000, 0x792a0000)
  eden space 4416K,   0% used [0x6e800000, 0x6e800000, 0x6ec50000)
  from space 512K,  55% used [0x6ecd0000, 0x6ed179c0, 0x6ed50000)
  to   space 512K,   0% used [0x6ec50000, 0x6ec50000, 0x6ecd0000)
 tenured generation   total 10752K, used 5750K [0x792a0000, 0x79d20000, 0x8e800000)
   the space 10752K,  53% used [0x792a0000, 0x7983d920, 0x7983da00, 0x79d20000)
 compacting perm gen  total 12288K, used 6577K [0x8e800000, 0x8f400000, 0x92800000)
   the space 12288K,  53% used [0x8e800000, 0x8ee6c538, 0x8ee6c600, 0x8f400000)
    ro space 10240K,  59% used [0x92800000, 0x92dfe3d8, 0x92dfe400, 0x93200000)
    rw space 12288K,  59% used [0x93200000, 0x9391c2b0, 0x9391c400, 0x93e00000)
}
Event: 15.392 GC heap before
{Heap before GC invocations=180 (full 1):
 def new generation   total 4928K, used 4702K [0x6e800000, 0x6ed50000, 0x792a0000)
  eden space 4416K, 100% used [0x6e800000, 0x6ec50000, 0x6ec50000)
  from space 512K,  55% used [0x6ecd0000, 0x6ed179c0, 0x6ed50000)
  to   space 512K,   0% used [0x6ec50000, 0x6ec50000, 0x6ecd0000)
 tenured generation   total 10752K, used 5750K [0x792a0000, 0x79d20000, 0x8e800000)
   the space 10752K,  53% used [0x792a0000, 0x7983d920, 0x7983da00, 0x79d20000)
 compacting perm gen  total 12288K, used 6579K [0x8e800000, 0x8f400000, 0x92800000)
   the space 12288K,  53% used [0x8e800000, 0x8ee6cd58, 0x8ee6ce00, 0x8f400000)
    ro space 10240K,  59% used [0x92800000, 0x92dfe3d8, 0x92dfe400, 0x93200000)
    rw space 12288K,  59% used [0x93200000, 0x9391c2b0, 0x9391c400, 0x93e00000)
Event: 15.394 GC heap after
Heap after GC invocations=181 (full 1):
 def new generation   total 4928K, used 200K [0x6e800000, 0x6ed50000, 0x792a0000)
  eden space 4416K,   0% used [0x6e800000, 0x6e800000, 0x6ec50000)
  from space 512K,  39% used [0x6ec50000, 0x6ec823f8, 0x6ecd0000)
  to   space 512K,   0% used [0x6ecd0000, 0x6ecd0000, 0x6ed50000)
 tenured generation   total 10752K, used 5901K [0x792a0000, 0x79d20000, 0x8e800000)
   the space 10752K,  54% used [0x792a0000, 0x798635e8, 0x79863600, 0x79d20000)
 compacting perm gen  total 12288K, used 6579K [0x8e800000, 0x8f400000, 0x92800000)
   the space 12288K,  53% used [0x8e800000, 0x8ee6cd58, 0x8ee6ce00, 0x8f400000)
    ro space 10240K,  59% used [0x92800000, 0x92dfe3d8, 0x92dfe400, 0x93200000)
    rw space 12288K,  59% used [0x93200000, 0x9391c2b0, 0x9391c400, 0x93e00000)
}

Deoptimization events (0 events):
No events

Internal exceptions (10 events):
Event: 13.598 Thread 0x09357800 Threw 0x6e930680 at /build/openjdk-7-Ylwexc/openjdk-7-7u111-2.6.7/build/openjdk/hotspot/src/share/vm/prims/jvm.cpp:1322
Event: 13.651 Thread 0x09357800 Threw 0x6ec1ec50 at /build/openjdk-7-Ylwexc/openjdk-7-7u111-2.6.7/build/openjdk/hotspot/src/share/vm/prims/jvm.cpp:1322
Event: 13.652 Thread 0x09357800 Threw 0x6ec20ed0 at /build/openjdk-7-Ylwexc/openjdk-7-7u111-2.6.7/build/openjdk/hotspot/src/share/vm/prims/jvm.cpp:1322
Event: 13.652 Thread 0x09357800 Threw 0x6ec23fb0 at /build/openjdk-7-Ylwexc/openjdk-7-7u111-2.6.7/build/openjdk/hotspot/src/share/vm/prims/jvm.cpp:1322
Event: 15.390 Thread 0x09357800 Threw 0x6ec45c50 at /build/openjdk-7-Ylwexc/openjdk-7-7u111-2.6.7/build/openjdk/hotspot/src/share/vm/prims/jvm.cpp:1322
Event: 15.396 Thread 0x09357800 Threw 0x6e811730 at /build/openjdk-7-Ylwexc/openjdk-7-7u111-2.6.7/build/openjdk/hotspot/src/share/vm/prims/jvm.cpp:1322
Event: 15.397 Thread 0x09357800 Threw 0x6e814408 at /build/openjdk-7-Ylwexc/openjdk-7-7u111-2.6.7/build/openjdk/hotspot/src/share/vm/prims/jvm.cpp:1322
Event: 15.398 Thread 0x09357800 Threw 0x6e8189a0 at /build/openjdk-7-Ylwexc/openjdk-7-7u111-2.6.7/build/openjdk/hotspot/src/share/vm/prims/jvm.cpp:1322
Event: 15.399 Thread 0x09357800 Threw 0x6e81b678 at /build/openjdk-7-Ylwexc/openjdk-7-7u111-2.6.7/build/openjdk/hotspot/src/share/vm/prims/jvm.cpp:1322
Event: 15.400 Thread 0x09357800 Threw 0x6e823c18 at /build/openjdk-7-Ylwexc/openjdk-7-7u111-2.6.7/build/openjdk/hotspot/src/share/vm/prims/jvm.cpp:1322

Events (10 events):
Event: 15.398 loading class 0xb388dcc0
Event: 15.398 loading class 0xb388dcc0 done
Event: 15.399 loading class 0xb38b9690
Event: 15.399 loading class 0xb38b9690 done
Event: 15.400 loading class 0x93ea2230
Event: 15.400 loading class 0x93ea2230 done
Event: 15.400 loading class 0x93ea2268
Event: 15.400 loading class 0x93ea2268 done
Event: 15.400 loading class 0x091fa1c0
Event: 15.400 loading class 0x091fa1c0 done


Dynamic libraries:
08048000-08049000 r-xp 00000000 08:01 277188     /usr/lib/jvm/java-7-openjdk-i386/jre/bin/java
08049000-0804a000 r--p 00000000 08:01 277188     /usr/lib/jvm/java-7-openjdk-i386/jre/bin/java
0804a000-0804b000 rw-p 00001000 08:01 277188     /usr/lib/jvm/java-7-openjdk-i386/jre/bin/java
0907a000-09473000 rw-p 00000000 00:00 0          [heap]
6e800000-6ed50000 rw-p 00000000 00:00 0 
6ed50000-792a0000 rw-p 00000000 00:00 0 
792a0000-79d20000 rw-p 00000000 00:00 0 
79d20000-8e800000 rw-p 00000000 00:00 0 
8e800000-8f400000 rw-p 00000000 00:00 0 
8f400000-92800000 rw-p 00000000 00:00 0 
92800000-92dff000 r--p 00001000 08:01 199405     /usr/lib/jvm/java-7-openjdk-i386/jre/lib/i386/client/classes.jsa
92dff000-93200000 rw-p 00000000 00:00 0 
93200000-9391d000 rw-p 00600000 08:01 199405     /usr/lib/jvm/java-7-openjdk-i386/jre/lib/i386/client/classes.jsa
9391d000-93e00000 rw-p 00000000 00:00 0 
93e00000-94114000 rw-p 00d1d000 08:01 199405     /usr/lib/jvm/java-7-openjdk-i386/jre/lib/i386/client/classes.jsa
94114000-94200000 rw-p 00000000 00:00 0 
94200000-94209000 r-xp 01031000 08:01 199405     /usr/lib/jvm/java-7-openjdk-i386/jre/lib/i386/client/classes.jsa
94209000-94600000 rw-p 00000000 00:00 0 
b2745000-b2845000 rw-p 00000000 00:00 0 
b2845000-b2873000 r-xp 00000000 00:1d 3713412    /home/user/Desktop/nfs/examples/ipv6/rpl-udp/obj_cooja/mtype454.cooja
b2873000-b2874000 r--p 0002d000 00:1d 3713412    /home/user/Desktop/nfs/examples/ipv6/rpl-udp/obj_cooja/mtype454.cooja
b2874000-b2875000 rw-p 0002e000 00:1d 3713412    /home/user/Desktop/nfs/examples/ipv6/rpl-udp/obj_cooja/mtype454.cooja
b2875000-b287d000 rw-p 00000000 00:00 0          [stack:3586]
b287d000-b2880000 ---p 00000000 00:00 0 
b2880000-b28ce000 rw-p 00000000 00:00 0          [stack:3575]
b28ce000-b28d1000 ---p 00000000 00:00 0 
b28d1000-b291f000 rw-p 00000000 00:00 0          [stack:3576]
b291f000-b294c000 r-xp 00000000 00:1d 3713408    /home/user/Desktop/nfs/examples/ipv6/rpl-udp/obj_cooja/mtype158.cooja
b294c000-b294d000 r--p 0002c000 00:1d 3713408    /home/user/Desktop/nfs/examples/ipv6/rpl-udp/obj_cooja/mtype158.cooja
b294d000-b294e000 rw-p 0002d000 00:1d 3713408    /home/user/Desktop/nfs/examples/ipv6/rpl-udp/obj_cooja/mtype158.cooja
b294e000-b2956000 rw-p 00000000 00:00 0 
b2956000-b2959000 ---p 00000000 00:00 0 
b2959000-b29a7000 rw-p 00000000 00:00 0 
b29a7000-b29aa000 ---p 00000000 00:00 0 
b29aa000-b29f8000 rw-p 00000000 00:00 0          [stack:3528]
b29f8000-b29fb000 ---p 00000000 00:00 0 
b29fb000-b2a49000 rw-p 00000000 00:00 0          [stack:3527]
b2a49000-b2a4c000 ---p 00000000 00:00 0 
b2a4c000-b2a62000 rw-p 00000000 00:00 0          [stack:3483]
b2a97000-b2acf000 rw-s 00000000 00:04 3670037    /SYSV00000000 (deleted)
b2ad5000-b2ad8000 ---p 00000000 00:00 0 
b2ad8000-b2b26000 rw-p 00000000 00:00 0 
b2b30000-b31c5000 rw-s 00000000 00:04 2981907    /SYSV00000000 (deleted)
b31c5000-b31c7000 r--s 00003000 00:1d 6161210    /home/user/Desktop/nfs/tools/cooja/apps/powertracker/lib/powertracker.jar
b31c7000-b31c8000 r--s 00002000 00:1d 3705454    /home/user/Desktop/nfs/tools/cooja/apps/collect-view/cooja-collect-view.jar
b31c8000-b31ca000 r--s 00008000 00:1d 10104686   /home/user/Desktop/nfs/tools/cooja/apps/serial_socket/lib/serial_socket.jar
b31ca000-b3204000 r--s 001e1000 00:1d 9048202    /home/user/Desktop/nfs/tools/cooja/apps/avrora/lib/avrora-small.jar
b3204000-b3205000 r--s 00008000 00:1d 9048113    /home/user/Desktop/nfs/tools/cooja/apps/avrora/lib/cooja_avrora.jar
b3205000-b3207000 r--s 00010000 00:1d 6161792    /home/user/Desktop/nfs/tools/cooja/apps/mspsim/lib/jipv6.jar
b3207000-b3208000 r--s 00004000 00:1d 6162693    /home/user/Desktop/nfs/tools/cooja/apps/mspsim/lib/coffee.jar
b3208000-b3214000 r--s 000ea000 00:1d 6161280    /home/user/Desktop/nfs/tools/cooja/apps/mspsim/lib/mspsim.jar
b3214000-b321a000 r--s 00062000 00:1d 6163184    /home/user/Desktop/nfs/tools/cooja/apps/mspsim/lib/cooja_mspsim.jar
b321a000-b321d000 r--s 0001e000 00:1d 6161370    /home/user/Desktop/nfs/tools/cooja/apps/mrm/lib/mrm.jar
b321d000-b3220000 ---p 00000000 00:00 0 
b3220000-b326e000 rw-p 00000000 00:00 0          [stack:3479]
b326e000-b3271000 ---p 00000000 00:00 0 
b3271000-b32bf000 rw-p 00000000 00:00 0          [stack:3478]
b32bf000-b32c2000 ---p 00000000 00:00 0 
b32c2000-b3310000 rw-p 00000000 00:00 0          [stack:3477]
b3310000-b3311000 r--s 00000000 08:01 403951     /var/cache/fontconfig/c05880de57d1f5e948fdfacc138775d9-le32d4.cache-4
b3311000-b3319000 r--s 00000000 08:01 395165     /var/cache/fontconfig/945677eb7aeaf62f1d50efc3fb3ec7d8-le32d4.cache-4
b3319000-b331b000 r--s 00000000 08:01 403828     /var/cache/fontconfig/99e8ed0e538f840c565b6ed5dad60d56-le32d4.cache-4
b331b000-b331f000 r--s 00000000 08:01 403701     /var/cache/fontconfig/2cd17615ca594fa2959ae173292e504c-le32d4.cache-4
b331f000-b3320000 r--s 00000000 08:01 403278     /var/cache/fontconfig/e7071f4a29fa870f4323321c154eba04-le32d4.cache-4
b3320000-b3321000 r--s 00000000 08:01 402342     /var/cache/fontconfig/0d8c3b2ac0904cb8a57a757ad11a4a08-le32d4.cache-4
b3321000-b3326000 r--s 00000000 08:01 402341     /var/cache/fontconfig/a755afe4a08bf5b97852ceb7400b47bc-le32d4.cache-4
b3326000-b332f000 r--s 00000000 08:01 401848     /var/cache/fontconfig/6d41288fd70b0be22e8c3a91e032eec0-le32d4.cache-4
b332f000-b333e000 r--s 00000000 08:01 401847     /var/cache/fontconfig/04aabc0a78ac019cf9454389977116d2-le32d4.cache-4
b333e000-b333f000 r--s 00000000 08:01 401846     /var/cache/fontconfig/1ac9eb803944fde146138c791f5cc56a-le32d4.cache-4
b333f000-b3342000 r--s 00000000 08:01 401845     /var/cache/fontconfig/385c0604a188198f04d133e54aba7fe7-le32d4.cache-4
b3342000-b3343000 r--s 00000000 08:01 401843     /var/cache/fontconfig/dc05db6664285cc2f12bf69c139ae4c3-le32d4.cache-4
b3343000-b3345000 r--s 00000000 08:01 393795     /var/cache/fontconfig/767a8244fc0220cfb567a839d0392e0b-le32d4.cache-4
b3345000-b334a000 r--s 00000000 08:01 401840     /var/cache/fontconfig/3047814df9a2f067bd2d96a2b9c36e5a-le32d4.cache-4
b334a000-b335a000 r--s 00000000 08:01 401836     /var/cache/fontconfig/d52a8644073d54c13679302ca1180695-le32d4.cache-4
b335a000-b33aa000 r-xp 00000000 08:01 177825     /usr/lib/jvm/java-7-openjdk-i386/jre/lib/i386/libfontmanager.so
b33aa000-b33ac000 r--p 0004f000 08:01 177825     /usr/lib/jvm/java-7-openjdk-i386/jre/lib/i386/libfontmanager.so
b33ac000-b33ad000 rw-p 00051000 08:01 177825     /usr/lib/jvm/java-7-openjdk-i386/jre/lib/i386/libfontmanager.so
b33ad000-b33b0000 ---p 00000000 00:00 0 
b33b0000-b33fe000 rw-p 00000000 00:00 0          [stack:3476]
b33fe000-b3402000 r-xp 00000000 08:01 7640       /usr/lib/i386-linux-gnu/libXfixes.so.3.1.0
b3402000-b3403000 r--p 00003000 08:01 7640       /usr/lib/i386-linux-gnu/libXfixes.so.3.1.0
b3403000-b3404000 rw-p 00004000 08:01 7640       /usr/lib/i386-linux-gnu/libXfixes.so.3.1.0
b3404000-b340d000 r-xp 00000000 08:01 9790       /usr/lib/i386-linux-gnu/libXcursor.so.1.0.2
b340d000-b340e000 r--p 00008000 08:01 9790       /usr/lib/i386-linux-gnu/libXcursor.so.1.0.2
b340e000-b340f000 rw-p 00009000 08:01 9790       /usr/lib/i386-linux-gnu/libXcursor.so.1.0.2
b340f000-b3412000 ---p 00000000 00:00 0 
b3412000-b3460000 rw-p 00000000 00:00 0          [stack:3475]
b3460000-b3486000 r-xp 00000000 08:01 142122     /lib/i386-linux-gnu/libpng12.so.0.50.0
b3486000-b3487000 r--p 00025000 08:01 142122     /lib/i386-linux-gnu/libpng12.so.0.50.0
b3487000-b3488000 rw-p 00026000 08:01 142122     /lib/i386-linux-gnu/libpng12.so.0.50.0
b3488000-b348d000 r-xp 00000000 08:01 5406       /usr/lib/i386-linux-gnu/libXdmcp.so.6.0.0
b348d000-b348e000 r--p 00004000 08:01 5406       /usr/lib/i386-linux-gnu/libXdmcp.so.6.0.0
b348e000-b348f000 rw-p 00005000 08:01 5406       /usr/lib/i386-linux-gnu/libXdmcp.so.6.0.0
b348f000-b34b4000 r-xp 00000000 08:01 131117     /lib/i386-linux-gnu/libexpat.so.1.6.0
b34b4000-b34b5000 ---p 00025000 08:01 131117     /lib/i386-linux-gnu/libexpat.so.1.6.0
b34b5000-b34b7000 r--p 00025000 08:01 131117     /lib/i386-linux-gnu/libexpat.so.1.6.0
b34b7000-b34b8000 rw-p 00027000 08:01 131117     /lib/i386-linux-gnu/libexpat.so.1.6.0
b34b8000-b3553000 r-xp 00000000 08:01 9145       /usr/lib/i386-linux-gnu/libfreetype.so.6.11.1
b3553000-b3557000 r--p 0009a000 08:01 9145       /usr/lib/i386-linux-gnu/libfreetype.so.6.11.1
b3557000-b3558000 rw-p 0009e000 08:01 9145       /usr/lib/i386-linux-gnu/libfreetype.so.6.11.1
b3558000-b3578000 r-xp 00000000 08:01 66655      /usr/lib/i386-linux-gnu/libxcb.so.1.1.0
b3578000-b3579000 r--p 0001f000 08:01 66655      /usr/lib/i386-linux-gnu/libxcb.so.1.1.0
b3579000-b357a000 rw-p 00020000 08:01 66655      /usr/lib/i386-linux-gnu/libxcb.so.1.1.0
b357a000-b35b3000 r-xp 00000000 08:01 9181       /usr/lib/i386-linux-gnu/libfontconfig.so.1.8.0
b35b3000-b35b4000 r--p 00039000 08:01 9181       /usr/lib/i386-linux-gnu/libfontconfig.so.1.8.0
b35b4000-b35b5000 rw-p 0003a000 08:01 9181       /usr/lib/i386-linux-gnu/libfontconfig.so.1.8.0
b35b5000-b35c3000 r-xp 00000000 08:01 7577       /usr/lib/i386-linux-gnu/libXi.so.6.1.0
b35c3000-b35c4000 r--p 0000e000 08:01 7577       /usr/lib/i386-linux-gnu/libXi.so.6.1.0
b35c4000-b35c5000 rw-p 0000f000 08:01 7577       /usr/lib/i386-linux-gnu/libXi.so.6.1.0
b35c5000-b36f5000 r-xp 00000000 08:01 10842      /usr/lib/i386-linux-gnu/libX11.so.6.3.0
b36f5000-b36f6000 r--p 00130000 08:01 10842      /usr/lib/i386-linux-gnu/libX11.so.6.3.0
b36f6000-b36f8000 rw-p 00131000 08:01 10842      /usr/lib/i386-linux-gnu/libX11.so.6.3.0
b36f8000-b36f9000 rw-p 00000000 00:00 0 
b36f9000-b3741000 r-xp 00000000 08:01 136659     /usr/lib/jvm/java-7-openjdk-i386/jre/lib/i386/xawt/libmawt.so
b3741000-b3742000 r--p 00048000 08:01 136659     /usr/lib/jvm/java-7-openjdk-i386/jre/lib/i386/xawt/libmawt.so
b3742000-b3744000 rw-p 00049000 08:01 136659     /usr/lib/jvm/java-7-openjdk-i386/jre/lib/i386/xawt/libmawt.so
b3744000-b3745000 rw-p 00000000 00:00 0 
b3745000-b37d4000 r-xp 00000000 08:01 177836     /usr/lib/jvm/java-7-openjdk-i386/jre/lib/i386/libawt.so
b37d4000-b37d5000 r--p 0008f000 08:01 177836     /usr/lib/jvm/java-7-openjdk-i386/jre/lib/i386/libawt.so
b37d5000-b37dc000 rw-p 00090000 08:01 177836     /usr/lib/jvm/java-7-openjdk-i386/jre/lib/i386/libawt.so
b37dc000-b3800000 rw-p 00000000 00:00 0 
b3800000-b38c8000 rw-p 00000000 00:00 0 
b38c8000-b3900000 ---p 00000000 00:00 0 
b3900000-b3904000 r--s 00000000 08:01 401841     /var/cache/fontconfig/8801497958630a81b71ace7c5f9b32a8-le32d4.cache-4
b3904000-b3906000 r-xp 00000000 08:01 5352       /usr/lib/i386-linux-gnu/libXau.so.6.0.0
b3906000-b3907000 r--p 00001000 08:01 5352       /usr/lib/i386-linux-gnu/libXau.so.6.0.0
b3907000-b3908000 rw-p 00002000 08:01 5352       /usr/lib/i386-linux-gnu/libXau.so.6.0.0
b3908000-b390d000 r-xp 00000000 08:01 10292      /usr/lib/i386-linux-gnu/libXtst.so.6.1.0
b390d000-b390e000 r--p 00004000 08:01 10292      /usr/lib/i386-linux-gnu/libXtst.so.6.1.0
b390e000-b390f000 rw-p 00005000 08:01 10292      /usr/lib/i386-linux-gnu/libXtst.so.6.1.0
b390f000-b3911000 r-xp 00000000 08:01 3489       /usr/lib/i386-linux-gnu/libXcomposite.so.1.0.0
b3911000-b3912000 r--p 00001000 08:01 3489       /usr/lib/i386-linux-gnu/libXcomposite.so.1.0.0
b3912000-b3913000 rw-p 00002000 08:01 3489       /usr/lib/i386-linux-gnu/libXcomposite.so.1.0.0
b3913000-b391c000 r-xp 00000000 08:01 6199       /usr/lib/i386-linux-gnu/libXrender.so.1.3.0
b391c000-b391d000 r--p 00008000 08:01 6199       /usr/lib/i386-linux-gnu/libXrender.so.1.3.0
b391d000-b391e000 rw-p 00009000 08:01 6199       /usr/lib/i386-linux-gnu/libXrender.so.1.3.0
b391e000-b392f000 r-xp 00000000 08:01 6183       /usr/lib/i386-linux-gnu/libXext.so.6.4.0
b392f000-b3930000 r--p 00010000 08:01 6183       /usr/lib/i386-linux-gnu/libXext.so.6.4.0
b3930000-b3931000 rw-p 00011000 08:01 6183       /usr/lib/i386-linux-gnu/libXext.so.6.4.0
b3931000-b396d000 r-xp 00000000 08:01 132344     /lib/i386-linux-gnu/libpcre.so.3.13.1
b396d000-b396e000 r--p 0003b000 08:01 132344     /lib/i386-linux-gnu/libpcre.so.3.13.1
b396e000-b396f000 rw-p 0003c000 08:01 132344     /lib/i386-linux-gnu/libpcre.so.3.13.1
b396f000-b3982000 r-xp 00000000 08:01 158559     /lib/i386-linux-gnu/libresolv-2.19.so
b3982000-b3983000 ---p 00013000 08:01 158559     /lib/i386-linux-gnu/libresolv-2.19.so
b3983000-b3984000 r--p 00013000 08:01 158559     /lib/i386-linux-gnu/libresolv-2.19.so
b3984000-b3985000 rw-p 00014000 08:01 158559     /lib/i386-linux-gnu/libresolv-2.19.so
b3985000-b3987000 rw-p 00000000 00:00 0 
b3987000-b39a7000 r-xp 00000000 08:01 131406     /lib/i386-linux-gnu/libselinux.so.1
b39a7000-b39a8000 r--p 0001f000 08:01 131406     /lib/i386-linux-gnu/libselinux.so.1
b39a8000-b39a9000 rw-p 00020000 08:01 131406     /lib/i386-linux-gnu/libselinux.so.1
b39a9000-b39aa000 rw-p 00000000 00:00 0 
b39aa000-b3ab4000 r-xp 00000000 08:01 136564     /lib/i386-linux-gnu/libglib-2.0.so.0.4002.0
b3ab4000-b3ab5000 r--p 00109000 08:01 136564     /lib/i386-linux-gnu/libglib-2.0.so.0.4002.0
b3ab5000-b3ab6000 rw-p 0010a000 08:01 136564     /lib/i386-linux-gnu/libglib-2.0.so.0.4002.0
b3ab6000-b3b06000 r-xp 00000000 08:01 1672       /usr/lib/i386-linux-gnu/libgobject-2.0.so.0.4002.0
b3b06000-b3b07000 r--p 0004f000 08:01 1672       /usr/lib/i386-linux-gnu/libgobject-2.0.so.0.4002.0
b3b07000-b3b08000 rw-p 00050000 08:01 1672       /usr/lib/i386-linux-gnu/libgobject-2.0.so.0.4002.0
b3b08000-b3c85000 r-xp 00000000 08:01 1674       /usr/lib/i386-linux-gnu/libgio-2.0.so.0.4002.0
b3c85000-b3c87000 r--p 0017d000 08:01 1674       /usr/lib/i386-linux-gnu/libgio-2.0.so.0.4002.0
b3c87000-b3c88000 rw-p 0017f000 08:01 1674       /usr/lib/i386-linux-gnu/libgio-2.0.so.0.4002.0
b3c88000-b3c89000 rw-p 00000000 00:00 0 
b3c89000-b3c8a000 r--s 00000000 08:01 401842     /var/cache/fontconfig/4794a0821666d79190d59a36cb4f44b5-le32d4.cache-4
b3c8a000-b3c8b000 r--s 00000000 08:01 401839     /var/cache/fontconfig/56cf4f4769d0f4abc89a4895d7bd3ae1-le32d4.cache-4
b3c8b000-b3c8c000 r--s 00000000 08:01 401838     /var/cache/fontconfig/b9d506c9ac06c20b433354fa67a72993-le32d4.cache-4
b3c8c000-b3c90000 r--s 00000000 08:01 401837     /var/cache/fontconfig/b47c4e1ecd0709278f4910c18777a504-le32d4.cache-4
b3c90000-b3c97000 r--s 00000000 08:01 401835     /var/cache/fontconfig/3f7329c5293ffd510edef78f73874cfd-le32d4.cache-4
b3c97000-b3ca0000 r--s 00000000 08:01 401834     /var/cache/fontconfig/d589a48862398ed80a3d6066f4f56f4c-le32d4.cache-4
b3ca0000-b3cb8000 r-xp 00000000 08:01 153628     /usr/lib/jvm/java-7-openjdk-i386/jre/lib/i386/libnet.so
b3cb8000-b3cb9000 r--p 00017000 08:01 153628     /usr/lib/jvm/java-7-openjdk-i386/jre/lib/i386/libnet.so
b3cb9000-b3cba000 rw-p 00018000 08:01 153628     /usr/lib/jvm/java-7-openjdk-i386/jre/lib/i386/libnet.so
b3cba000-b3cbb000 ---p 00000000 00:00 0 
b3cbb000-b3d3b000 rw-p 00000000 00:00 0          [stack:3474]
b3d3b000-b3d3e000 ---p 00000000 00:00 0 
b3d3e000-b3d8c000 rw-p 00000000 00:00 0          [stack:3473]
b3d8c000-b3d8f000 ---p 00000000 00:00 0 
b3d8f000-b3e0d000 rw-p 00000000 00:00 0          [stack:3472]
b3e0d000-b3e10000 ---p 00000000 00:00 0 
b3e10000-b3e5e000 rw-p 00000000 00:00 0          [stack:3471]
b3e5e000-b405e000 r--p 00000000 08:01 369        /usr/lib/locale/locale-archive
b405e000-b4061000 ---p 00000000 00:00 0 
b4061000-b40af000 rw-p 00000000 00:00 0          [stack:3470]
b40af000-b40b2000 ---p 00000000 00:00 0 
b40b2000-b4100000 rw-p 00000000 00:00 0          [stack:3469]
b4100000-b4129000 rw-p 00000000 00:00 0 
b4129000-b4200000 ---p 00000000 00:00 0 
b4200000-b4203000 r--s 00000000 08:01 394702     /var/cache/fontconfig/7ef2298fde41cc6eeb7af42e48b7d293-le32d4.cache-4
b4203000-b4208000 r-xp 00000000 08:01 9076       /usr/lib/i386-linux-gnu/libffi.so.6.0.1
b4208000-b4209000 r--p 00005000 08:01 9076       /usr/lib/i386-linux-gnu/libffi.so.6.0.1
b4209000-b420a000 rw-p 00006000 08:01 9076       /usr/lib/i386-linux-gnu/libffi.so.6.0.1
b420a000-b420d000 r-xp 00000000 08:01 1675       /usr/lib/i386-linux-gnu/libgmodule-2.0.so.0.4002.0
b420d000-b420e000 r--p 00002000 08:01 1675       /usr/lib/i386-linux-gnu/libgmodule-2.0.so.0.4002.0
b420e000-b420f000 rw-p 00003000 08:01 1675       /usr/lib/i386-linux-gnu/libgmodule-2.0.so.0.4002.0
b420f000-b4220000 r-xp 00000000 08:01 177810     /usr/lib/jvm/java-7-openjdk-i386/jre/lib/i386/libnio.so
b4220000-b4221000 r--p 00010000 08:01 177810     /usr/lib/jvm/java-7-openjdk-i386/jre/lib/i386/libnio.so
b4221000-b4222000 rw-p 00011000 08:01 177810     /usr/lib/jvm/java-7-openjdk-i386/jre/lib/i386/libnio.so
b4222000-b422c000 r--s 000ae000 08:01 136823     /usr/lib/jvm/java-7-openjdk-i386/jre/lib/resources.jar
b422c000-b422d000 ---p 00000000 00:00 0 
b422d000-b42f6000 rw-p 00000000 00:00 0          [stack:3468]
b42f6000-b44a9000 r--s 01d3d000 08:01 136821     /usr/lib/jvm/java-7-openjdk-i386/jre/lib/rt.jar
b44a9000-b44af000 rw-p 00000000 00:00 0 
b44af000-b4554000 rw-p 00000000 00:00 0 
b4554000-b4557000 rw-p 00000000 00:00 0 
b4557000-b45a9000 rw-p 00000000 00:00 0 
b45a9000-b45af000 rw-p 00000000 00:00 0 
b45af000-b4654000 rw-p 00000000 00:00 0 
b4654000-b465a000 rw-p 00000000 00:00 0 
b465a000-b4674000 rw-p 00000000 00:00 0 
b4674000-b468a000 rw-p 00000000 00:00 0 
b468a000-b4700000 rw-p 00000000 00:00 0 
b4700000-b4948000 rwxp 00000000 00:00 0 
b4948000-b67f7000 rw-p 00000000 00:00 0 
b67f7000-b6800000 ---p 00000000 00:00 0 
b6800000-b6802000 r--s 00000000 08:01 394475     /var/cache/fontconfig/e13b20fdb08344e0e664864cc2ede53d-le32d4.cache-4
b6802000-b681f000 r--s 0014f000 00:1d 3709046    /home/user/Desktop/nfs/tools/cooja/lib/swingx-all-1.6.4.jar
b681f000-b6826000 r--s 0005b000 00:1d 3706283    /home/user/Desktop/nfs/tools/cooja/lib/jsyntaxpane.jar
b6826000-b682d000 r--s 0004f000 00:1d 3702728    /home/user/Desktop/nfs/tools/cooja/lib/log4j.jar
b682d000-b6830000 r--s 00022000 00:1d 3705387    /home/user/Desktop/nfs/tools/cooja/lib/jdom.jar
b6830000-b6834000 r--s 00085000 08:01 177967     /usr/lib/jvm/java-7-openjdk-i386/jre/lib/ext/localedata.jar
b6834000-b6838000 r--s 00034000 08:01 177971     /usr/lib/jvm/java-7-openjdk-i386/jre/lib/ext/sunjce_provider.jar
b6838000-b683b000 r--s 0000f000 08:01 177961     /usr/lib/jvm/java-7-openjdk-i386/jre/lib/ext/icedtea-sound.jar
b683b000-b684f000 rw-p 00000000 00:00 0 
b684f000-b6869000 rw-p 00000000 00:00 0 
b6869000-b6873000 r-xp 00000000 08:01 159039     /lib/i386-linux-gnu/libnss_files-2.19.so
b6873000-b6874000 r--p 00009000 08:01 159039     /lib/i386-linux-gnu/libnss_files-2.19.so
b6874000-b6875000 rw-p 0000a000 08:01 159039     /lib/i386-linux-gnu/libnss_files-2.19.so
b6875000-b687f000 r-xp 00000000 08:01 158574     /lib/i386-linux-gnu/libnss_nis-2.19.so
b687f000-b6880000 r--p 00009000 08:01 158574     /lib/i386-linux-gnu/libnss_nis-2.19.so
b6880000-b6881000 rw-p 0000a000 08:01 158574     /lib/i386-linux-gnu/libnss_nis-2.19.so
b6881000-b6896000 r-xp 00000000 08:01 158568     /lib/i386-linux-gnu/libnsl-2.19.so
b6896000-b6897000 r--p 00015000 08:01 158568     /lib/i386-linux-gnu/libnsl-2.19.so
b6897000-b6898000 rw-p 00016000 08:01 158568     /lib/i386-linux-gnu/libnsl-2.19.so
b6898000-b689a000 rw-p 00000000 00:00 0 
b689a000-b68a1000 r-xp 00000000 08:01 158567     /lib/i386-linux-gnu/libnss_compat-2.19.so
b68a1000-b68a2000 r--p 00006000 08:01 158567     /lib/i386-linux-gnu/libnss_compat-2.19.so
b68a2000-b68a3000 rw-p 00007000 08:01 158567     /lib/i386-linux-gnu/libnss_compat-2.19.so
b68a3000-b68a4000 r--s 00000000 08:01 401833     /var/cache/fontconfig/0c9eb80ebd1c36541ebe2852d3bb0c49-le32d4.cache-4
b68a4000-b68a5000 r--s 00002000 08:01 177972     /usr/lib/jvm/java-7-openjdk-i386/jre/lib/ext/dnsns.jar
b68a5000-b68a8000 r--s 0003d000 08:01 177959     /usr/lib/jvm/java-7-openjdk-i386/jre/lib/ext/sunpkcs11.jar
b68a8000-b68b0000 r-xp 00000000 08:01 177878     /usr/lib/jvm/java-7-openjdk-i386/jre/lib/i386/libzip.so
b68b0000-b68b1000 r--p 00007000 08:01 177878     /usr/lib/jvm/java-7-openjdk-i386/jre/lib/i386/libzip.so
b68b1000-b68b2000 rw-p 00008000 08:01 177878     /usr/lib/jvm/java-7-openjdk-i386/jre/lib/i386/libzip.so
b68b2000-b68ba000 rw-s 00000000 08:01 136649     /tmp/hsperfdata_user/3462
b68ba000-b68e1000 r-xp 00000000 08:01 136829     /usr/lib/jvm/java-7-openjdk-i386/jre/lib/i386/libjava.so
b68e1000-b68e2000 r--p 00026000 08:01 136829     /usr/lib/jvm/java-7-openjdk-i386/jre/lib/i386/libjava.so
b68e2000-b68e3000 rw-p 00027000 08:01 136829     /usr/lib/jvm/java-7-openjdk-i386/jre/lib/i386/libjava.so
b68e3000-b68ea000 r-xp 00000000 08:01 158579     /lib/i386-linux-gnu/librt-2.19.so
b68ea000-b68eb000 r--p 00006000 08:01 158579     /lib/i386-linux-gnu/librt-2.19.so
b68eb000-b68ec000 rw-p 00007000 08:01 158579     /lib/i386-linux-gnu/librt-2.19.so
b68ec000-b68ef000 ---p 00000000 00:00 0 
b68ef000-b693d000 rw-p 00000000 00:00 0          [stack:3467]
b693d000-b6959000 r-xp 00000000 08:01 158999     /lib/i386-linux-gnu/libgcc_s.so.1
b6959000-b695a000 rw-p 0001b000 08:01 158999     /lib/i386-linux-gnu/libgcc_s.so.1
b695a000-b699e000 r-xp 00000000 08:01 158561     /lib/i386-linux-gnu/libm-2.19.so
b699e000-b699f000 r--p 00043000 08:01 158561     /lib/i386-linux-gnu/libm-2.19.so
b699f000-b69a0000 rw-p 00044000 08:01 158561     /lib/i386-linux-gnu/libm-2.19.so
b69a0000-b6a7c000 r-xp 00000000 08:01 289        /usr/lib/i386-linux-gnu/libstdc++.so.6.0.19
b6a7c000-b6a80000 r--p 000dc000 08:01 289        /usr/lib/i386-linux-gnu/libstdc++.so.6.0.19
b6a80000-b6a81000 rw-p 000e0000 08:01 289        /usr/lib/i386-linux-gnu/libstdc++.so.6.0.19
b6a81000-b6a88000 rw-p 00000000 00:00 0 
b6a88000-b70be000 r-xp 00000000 08:01 177850     /usr/lib/jvm/java-7-openjdk-i386/jre/lib/i386/client/libjvm.so
b70be000-b70d4000 r--p 00635000 08:01 177850     /usr/lib/jvm/java-7-openjdk-i386/jre/lib/i386/client/libjvm.so
b70d4000-b70e3000 rw-p 0064b000 08:01 177850     /usr/lib/jvm/java-7-openjdk-i386/jre/lib/i386/client/libjvm.so
b70e3000-b74ff000 rw-p 00000000 00:00 0 
b74ff000-b7517000 r-xp 00000000 08:01 158556     /lib/i386-linux-gnu/libz.so.1.2.8
b7517000-b7518000 r--p 00017000 08:01 158556     /lib/i386-linux-gnu/libz.so.1.2.8
b7518000-b7519000 rw-p 00018000 08:01 158556     /lib/i386-linux-gnu/libz.so.1.2.8
b7519000-b7531000 r-xp 00000000 08:01 158571     /lib/i386-linux-gnu/libpthread-2.19.so
b7531000-b7532000 r--p 00018000 08:01 158571     /lib/i386-linux-gnu/libpthread-2.19.so
b7532000-b7533000 rw-p 00019000 08:01 158571     /lib/i386-linux-gnu/libpthread-2.19.so
b7533000-b7535000 rw-p 00000000 00:00 0 
b7535000-b7538000 r-xp 00000000 08:01 158563     /lib/i386-linux-gnu/libdl-2.19.so
b7538000-b7539000 r--p 00002000 08:01 158563     /lib/i386-linux-gnu/libdl-2.19.so
b7539000-b753a000 rw-p 00003000 08:01 158563     /lib/i386-linux-gnu/libdl-2.19.so
b753a000-b76e2000 r-xp 00000000 08:01 158580     /lib/i386-linux-gnu/libc-2.19.so
b76e2000-b76e3000 ---p 001a8000 08:01 158580     /lib/i386-linux-gnu/libc-2.19.so
b76e3000-b76e5000 r--p 001a8000 08:01 158580     /lib/i386-linux-gnu/libc-2.19.so
b76e5000-b76e6000 rw-p 001aa000 08:01 158580     /lib/i386-linux-gnu/libc-2.19.so
b76e6000-b76e9000 rw-p 00000000 00:00 0 
b76e9000-b76eb000 r--s 00006000 08:01 276693     /usr/share/java/java-atk-wrapper.jar
b76eb000-b76ed000 r--s 00012000 08:01 177976     /usr/lib/jvm/java-7-openjdk-i386/jre/lib/ext/zipfs.jar
b76ed000-b76ee000 r--p 002c5000 08:01 369        /usr/lib/locale/locale-archive
b76ee000-b76ef000 rw-p 00000000 00:00 0 
b76ef000-b76f0000 r--p 00000000 00:00 0 
b76f0000-b76fe000 r-xp 00000000 08:01 136825     /usr/lib/jvm/java-7-openjdk-i386/jre/lib/i386/libverify.so
b76fe000-b76ff000 r--p 0000d000 08:01 136825     /usr/lib/jvm/java-7-openjdk-i386/jre/lib/i386/libverify.so
b76ff000-b7700000 rw-p 0000e000 08:01 136825     /usr/lib/jvm/java-7-openjdk-i386/jre/lib/i386/libverify.so
b7700000-b770c000 r-xp 00000000 08:01 136926     /usr/lib/jvm/java-7-openjdk-i386/jre/lib/i386/jli/libjli.so
b770c000-b770d000 r--p 0000c000 08:01 136926     /usr/lib/jvm/java-7-openjdk-i386/jre/lib/i386/jli/libjli.so
b770d000-b770e000 rw-p 0000d000 08:01 136926     /usr/lib/jvm/java-7-openjdk-i386/jre/lib/i386/jli/libjli.so
b770e000-b7711000 rw-p 00000000 00:00 0 
b7711000-b7712000 r-xp 00000000 00:00 0          [vdso]
b7712000-b7732000 r-xp 00000000 08:01 158572     /lib/i386-linux-gnu/ld-2.19.so
b7732000-b7733000 r--p 0001f000 08:01 158572     /lib/i386-linux-gnu/ld-2.19.so
b7733000-b7734000 rw-p 00020000 08:01 158572     /lib/i386-linux-gnu/ld-2.19.so
bf8c1000-bf8c2000 rwxp 00000000 00:00 0 
bf8f4000-bf915000 rw-p 00000000 00:00 0          [stack]

VM Arguments:
jvm_args: -Xmx512m -Duser.language=en 
java_command: org.contikios.cooja.Cooja
Launcher Type: SUN_STANDARD

Environment Variables:
JAVA_HOME=/usr/lib/jvm/java-7-openjdk-i386
PATH=/usr/local/sdcc/bin:/usr/local/sbin:/usr/local/bin:/usr/sbin:/usr/bin:/sbin:/bin:/usr/games:/usr/local/games:/home/user/CodeSourcery/Sourcery_G++_Lite/bin:/usr/local/msp430/bin:/home/user/CodeSourcery/Sourcery_G++_Lite/bin
LD_LIBRARY_PATH=.
SHELL=/bin/bash
DISPLAY=:0

Signal Handlers:
SIGSEGV: [libjvm.so+0x4efa90], sa_mask[0]=0x7ffbfeff, sa_flags=0x10000004
SIGBUS: [libjvm.so+0x4efa90], sa_mask[0]=0x7ffbfeff, sa_flags=0x10000004
SIGFPE: [libjvm.so+0x3cb5a0], sa_mask[0]=0x7ffbfeff, sa_flags=0x10000004
SIGPIPE: [libjvm.so+0x3cb5a0], sa_mask[0]=0x7ffbfeff, sa_flags=0x10000004
SIGXFSZ: [libjvm.so+0x3cb5a0], sa_mask[0]=0x7ffbfeff, sa_flags=0x10000004
SIGILL: [libjvm.so+0x3cb5a0], sa_mask[0]=0x7ffbfeff, sa_flags=0x10000004
SIGUSR1: SIG_DFL, sa_mask[0]=0x00000000, sa_flags=0x00000000
SIGUSR2: [libjvm.so+0x3cb700], sa_mask[0]=0x00000004, sa_flags=0x10000004
SIGHUP: [libjvm.so+0x3cb660], sa_mask[0]=0x7ffbfeff, sa_flags=0x10000004
SIGINT: [libjvm.so+0x3cb660], sa_mask[0]=0x7ffbfeff, sa_flags=0x10000004
SIGTERM: [libjvm.so+0x3cb660], sa_mask[0]=0x7ffbfeff, sa_flags=0x10000004
SIGQUIT: [libjvm.so+0x3cb660], sa_mask[0]=0x7ffbfeff, sa_flags=0x10000004
SIGTRAP: SIG_DFL, sa_mask[0]=0x00000000, sa_flags=0x00000000


---------------  S Y S T E M  ---------------

OS:Ubuntu 14.04 (trusty)
uname:Linux 3.13.0-96-generic #143-Ubuntu SMP Mon Aug 29 20:15:47 UTC 2016 i686
libc:glibc 2.19 NPTL 2.19 
rlimit: STACK 8192k, CORE 0k, NPROC 7860, NOFILE 4096, AS infinity
load average:0.42 0.79 0.43

/proc/meminfo:
MemTotal:        1025420 kB
MemFree:           87628 kB
Buffers:           96600 kB
Cached:           417592 kB
SwapCached:            0 kB
Active:           525212 kB
Inactive:         339488 kB
Active(anon):     351520 kB
Inactive(anon):    20108 kB
Active(file):     173692 kB
Inactive(file):   319380 kB
Unevictable:          32 kB
Mlocked:              32 kB
HighTotal:        135048 kB
HighFree:           1780 kB
LowTotal:         890372 kB
LowFree:           85848 kB
SwapTotal:       1046524 kB
SwapFree:        1046524 kB
Dirty:               324 kB
Writeback:             0 kB
AnonPages:        350524 kB
Mapped:           105216 kB
Shmem:             21124 kB
Slab:              35012 kB
SReclaimable:      20428 kB
SUnreclaim:        14584 kB
KernelStack:        2992 kB
PageTables:         6692 kB
NFS_Unstable:          0 kB
Bounce:                0 kB
WritebackTmp:          0 kB
CommitLimit:     1559232 kB
Committed_AS:    2353376 kB
VmallocTotal:     122880 kB
VmallocUsed:       24620 kB
VmallocChunk:      87332 kB
HardwareCorrupted:     0 kB
AnonHugePages:    133120 kB
HugePages_Total:       0
HugePages_Free:        0
HugePages_Rsvd:        0
HugePages_Surp:        0
Hugepagesize:       2048 kB
DirectMap4k:       32760 kB
DirectMap2M:      880640 kB


CPU:total 1 (1 cores per cpu, 1 threads per core) family 6 model 94 stepping 3, cmov, cx8, fxsr, mmx, sse, sse2, sse3, ssse3, sse4.1, sse4.2, popcnt, avx, aes, tsc, tscinvbit

/proc/cpuinfo:
processor	: 0
vendor_id	: GenuineIntel
cpu family	: 6
model		: 94
model name	: Intel(R) Core(TM) i5-6500 CPU @ 3.20GHz
stepping	: 3
microcode	: 0x76
cpu MHz		: 3600.000
cache size	: 6144 KB
physical id	: 0
siblings	: 1
core id		: 0
cpu cores	: 1
apicid		: 0
initial apicid	: 0
fdiv_bug	: no
f00f_bug	: no
coma_bug	: no
fpu		: yes
fpu_exception	: yes
cpuid level	: 22
wp		: yes
flags		: fpu vme de pse tsc msr pae mce cx8 apic sep mtrr pge mca cmov pat pse36 clflush dts mmx fxsr sse sse2 ss nx rdtscp lm constant_tsc arch_perfmon pebs bts tsc_reliable nonstop_tsc aperfmperf pni pclmulqdq ssse3 fma cx16 sse4_1 sse4_2 movbe popcnt aes xsave avx hypervisor lahf_lm 3dnowprefetch ida arat epb pln pts dtherm
bogomips	: 7200.00
clflush size	: 64
cache_alignment	: 64
address sizes	: 40 bits physical, 48 bits virtual
power management:



Memory: 4k page, physical 1025420k(87628k free), swap 1046524k(1046524k free)

vm_info: OpenJDK Client VM (24.111-b01) for linux-x86 JRE (1.7.0_111-b01), built on Aug 12 2016 05:36:14 by "buildd" with gcc 4.8.4

time: Thu Oct  6 03:05:36 2016
elapsed time: 15 seconds

