#
# A fatal error has been detected by the Java Runtime Environment:
#
#  SIGSEGV (0xb) at pc=0xb765e5f0, pid=3508, tid=3002067776
#
# JRE version: OpenJDK Runtime Environment (7.0_121) (build 1.7.0_121-b00)
# Java VM: OpenJDK Client VM (24.121-b00 mixed mode, sharing linux-x86 )
# Derivative: IcedTea 2.6.8
# Distribution: Ubuntu 14.04 LTS, package 7u121-2.6.8-1ubuntu0.14.04.1
# Problematic frame:
# C  [libc.so.6+0x1335f0]
#
# Failed to write core dump. Core dumps have been disabled. To enable core dumping, try "ulimit -c unlimited" before starting Java again
#
# If you would like to submit a bug report, please include
# instructions on how to reproduce the bug and visit:
#   http://icedtea.classpath.org/bugzilla
# The crash happened outside the Java Virtual Machine in native code.
# See problematic frame for where to report the bug.
#

---------------  T H R E A D  ---------------

Current thread (0x08b27800):  JavaThread "Thread-66" [_thread_in_native, id=6353, stack(0xb2eae000,0xb2eff000)]

siginfo:si_signo=SIGSEGV: si_errno=0, si_code=2 (SEGV_ACCERR), si_addr=0xb2deafc0

Registers:
EAX=0xb6786300, EBX=0xb76d6000, ECX=0x0000021a, EDX=0xb2deafd0
ESP=0xb2efdd70, EBP=0xb2efdda8, ESI=0xb2deafc0, EDI=0x00000000
EIP=0xb765e5f0, EFLAGS=0x00010246, CR2=0xb2deafc0

Top of Stack: (sp=0xb2efdd70)
0xb2efdd70:   8ef9efd0 08b27800 8ef9efd0 b2dcf386
0xb2efdd80:   b2deafc0 b67862f0 0000022a 8ee6d608
0xb2efdd90:   8ef9efd0 8ef9efd0 08b27800 b67862f0
0xb2efdda0:   b470beee 08b27800 b2efddf0 b470bff3
0xb2efddb0:   08b27928 b2efde0c 0002d020 0000022a
0xb2efddc0:   b2efde00 b4adfa96 79c44400 79aed2d8
0xb2efddd0:   b2efddd0 8ef9efd0 b2efde0c 8ef9f168
0xb2efdde0:   00000000 8ef9efd0 00000000 b2efde10 

Instructions: (pc=0xb765e5f0)
0xb765e5d0:   e7 0f 74 1c e8 02 32 ff ff 81 c3 27 74 03 00 03
0xb765e5e0:   1c bb ff e3 8d b6 00 00 00 00 8d bf 00 00 00 00
0xb765e5f0:   f3 0f 7f 06 31 ff 83 f9 7f 0f 87 94 00 00 00 8d
0xb765e600:   49 e0 66 0f 6f 04 38 66 0f 6f 4c 38 10 83 e9 20 

Register to memory mapping:

EAX=0xb6786300 is an unknown value
EBX=0xb76d6000: <offset 0x1ab000> in /lib/i386-linux-gnu/libc.so.6 at 0xb752b000
ECX=0x0000021a is an unknown value
EDX=0xb2deafd0: <offset 0x2afd0> in /home/user/Desktop/Dual-radio-simulation/examples/ipv6/rpl-udp/obj_cooja/mtype723.cooja at 0xb2dc0000
ESP=0xb2efdd70 is pointing into the stack for thread: 0x08b27800
EBP=0xb2efdda8 is pointing into the stack for thread: 0x08b27800
ESI=0xb2deafc0: <offset 0x2afc0> in /home/user/Desktop/Dual-radio-simulation/examples/ipv6/rpl-udp/obj_cooja/mtype723.cooja at 0xb2dc0000
EDI=0x00000000 is an unknown value


Stack: [0xb2eae000,0xb2eff000],  sp=0xb2efdd70,  free space=319k
Native frames: (J=compiled Java code, j=interpreted, Vv=VM code, C=native code)
C  [libc.so.6+0x1335f0]
j  org.contikios.cooja.corecomm.Lib18.setMemory(II[B)V+0
J 2236 C1 org.contikios.cooja.contikimote.ContikiMoteType.setCoreMemory(Lorg/contikios/cooja/mote/memory/SectionMoteMemory;)V (66 bytes) @ 0xb4adc648 [0xb4adc550+0xf8]
J 2356 C1 org.contikios.cooja.contikimote.ContikiMote.execute(J)V (99 bytes) @ 0xb4b077d6 [0xb4b07680+0x156]
J 2355 C1 org.contikios.cooja.motes.AbstractWakeupMote$1.execute(J)V (9 bytes) @ 0xb4b073c7 [0xb4b07390+0x37]
J 2683 C1 org.contikios.cooja.Simulation.run()V (432 bytes) @ 0xb4b9ab03 [0xb4b9a7a0+0x363]
j  java.lang.Thread.run()V+11
v  ~StubRoutines::call_stub
V  [libjvm.so+0x2b35b6]

Java frames: (J=compiled Java code, j=interpreted, Vv=VM code)
j  org.contikios.cooja.corecomm.Lib18.setMemory(II[B)V+0
J 2236 C1 org.contikios.cooja.contikimote.ContikiMoteType.setCoreMemory(Lorg/contikios/cooja/mote/memory/SectionMoteMemory;)V (66 bytes) @ 0xb4adc648 [0xb4adc550+0xf8]
J 2356 C1 org.contikios.cooja.contikimote.ContikiMote.execute(J)V (99 bytes) @ 0xb4b077d6 [0xb4b07680+0x156]
J 2355 C1 org.contikios.cooja.motes.AbstractWakeupMote$1.execute(J)V (9 bytes) @ 0xb4b073c7 [0xb4b07390+0x37]
J 2683 C1 org.contikios.cooja.Simulation.run()V (432 bytes) @ 0xb4b9ab03 [0xb4b9a7a0+0x363]
j  java.lang.Thread.run()V+11
v  ~StubRoutines::call_stub

---------------  P R O C E S S  ---------------

Java Threads: ( => current thread )
=>0x08b27800 JavaThread "Thread-66" [_thread_in_native, id=6353, stack(0xb2eae000,0xb2eff000)]
  0xb38c3400 JavaThread "Thread-65" [_thread_blocked, id=6343, stack(0xb2971000,0xb29c2000)]
  0xb38c0000 JavaThread "Thread-64" [_thread_blocked, id=6342, stack(0xb2677000,0xb26c8000)]
  0xb38bb000 JavaThread "Thread-63" [_thread_blocked, id=6295, stack(0xb1d0a000,0xb1d5b000)]
  0xb38b3800 JavaThread "Thread-62" [_thread_blocked, id=6294, stack(0xb1e69000,0xb1eba000)]
  0xb677fc00 JavaThread "process reaper" daemon [_thread_blocked, id=6257, stack(0xb1c32000,0xb1c83000)]
  0xb38c1800 JavaThread "Thread-58" [_thread_blocked, id=6228, stack(0xb1bab000,0xb1bfc000)]
  0xb38b9800 JavaThread "Thread-56" [_thread_blocked, id=6180, stack(0xb1c83000,0xb1cd4000)]
  0x08ae0c00 JavaThread "Thread-55" [_thread_blocked, id=6142, stack(0xb1f0b000,0xb1f5c000)]
  0xb38b7000 JavaThread "Thread-53" [_thread_blocked, id=6131, stack(0xb1dc7000,0xb1e18000)]
  0xb38acc00 JavaThread "Thread-51" [_thread_blocked, id=6088, stack(0xb2c99000,0xb2cea000)]
  0xb38b5400 JavaThread "Thread-47" [_thread_blocked, id=5846, stack(0xb1e18000,0xb1e69000)]
  0xb38abc00 JavaThread "Thread-45" [_thread_blocked, id=5798, stack(0xb1eba000,0xb1f0b000)]
  0x08805400 JavaThread "Thread-44" [_thread_blocked, id=5760, stack(0xb2b8c000,0xb2bdd000)]
  0xb38aa000 JavaThread "Thread-42" [_thread_blocked, id=5749, stack(0xb2920000,0xb2971000)]
  0xb6785c00 JavaThread "Thread-40" [_thread_blocked, id=5706, stack(0xb2f75000,0xb2fc6000)]
  0xb6780400 JavaThread "Thread-36" [_thread_blocked, id=5471, stack(0xb2d1e000,0xb2d6f000)]
  0xb389e000 JavaThread "Thread-34" [_thread_blocked, id=5423, stack(0xb2e29000,0xb2e7a000)]
  0xb389fc00 JavaThread "Thread-30" [_thread_blocked, id=5100, stack(0xb2c48000,0xb2c99000)]
  0xb389c400 JavaThread "Thread-28" [_thread_blocked, id=5052, stack(0xb2d6f000,0xb2dc0000)]
  0x08a40800 JavaThread "Thread-27" [_thread_blocked, id=5014, stack(0xb2ffa000,0xb304b000)]
  0xb6784c00 JavaThread "Thread-25" [_thread_blocked, id=5003, stack(0xb29c2000,0xb2a13000)]
  0xb388dc00 JavaThread "Thread-21" [_thread_blocked, id=4932, stack(0xb309c000,0xb30ed000)]
  0xb388f000 JavaThread "Thread-19" [_thread_blocked, id=4884, stack(0xb2f24000,0xb2f75000)]
  0x08a41c00 JavaThread "Thread-18" [_thread_blocked, id=4846, stack(0xb30ed000,0xb313e000)]
  0xb388b000 JavaThread "Thread-16" [_thread_blocked, id=4835, stack(0xb304b000,0xb309c000)]
  0x08a35000 JavaThread "Thread-13" [_thread_blocked, id=3818, stack(0xb2825000,0xb2876000)]
  0x08a31c00 JavaThread "Thread-12" [_thread_blocked, id=3817, stack(0xb2626000,0xb2677000)]
  0x08a46800 JavaThread "Thread-10" [_thread_blocked, id=3766, stack(0xb274e000,0xb279f000)]
  0x08a31400 JavaThread "Thread-9" [_thread_blocked, id=3765, stack(0xb26fd000,0xb274e000)]
  0x089ee800 JavaThread "Thread-7" [_thread_blocked, id=3714, stack(0xb2ac9000,0xb2b1a000)]
  0x089f1800 JavaThread "Thread-6" [_thread_blocked, id=3713, stack(0xb27d4000,0xb2825000)]
  0x08907400 JavaThread "Thread-4" [_thread_blocked, id=3662, stack(0xb2a1d000,0xb2a6e000)]
  0x08909c00 JavaThread "Thread-3" [_thread_blocked, id=3661, stack(0xb2a6e000,0xb2abf000)]
  0x087e0c00 JavaThread "TimerQueue" daemon [_thread_blocked, id=3525, stack(0xb320c000,0xb325d000)]
  0xb6707800 JavaThread "DestroyJavaVM" [_thread_blocked, id=3510, stack(0xb68db000,0xb692c000)]
  0xb3873c00 JavaThread "AWT-EventQueue-0" [_thread_in_native, id=3524, stack(0xb325d000,0xb32ae000)]
  0xb3873400 JavaThread "AWT-Shutdown" [_thread_blocked, id=3523, stack(0xb32ae000,0xb32ff000)]
  0xb3849000 JavaThread "AWT-XAWT" daemon [_thread_in_native, id=3522, stack(0xb33a2000,0xb33f3000)]
  0xb383b000 JavaThread "Java2D Disposer" daemon [_thread_blocked, id=3521, stack(0xb3404000,0xb3455000)]
  0xb674cc00 JavaThread "Service Thread" daemon [_thread_blocked, id=3519, stack(0xb3d3b000,0xb3d8c000)]
  0xb674ac00 JavaThread "C1 CompilerThread0" daemon [_thread_blocked, id=3518, stack(0xb3d8c000,0xb3e0d000)]
  0xb6749000 JavaThread "Signal Dispatcher" daemon [_thread_blocked, id=3517, stack(0xb3e0d000,0xb3e5e000)]
  0xb6733400 JavaThread "Finalizer" daemon [_thread_blocked, id=3516, stack(0xb405e000,0xb40af000)]
  0xb6731c00 JavaThread "Reference Handler" daemon [_thread_blocked, id=3515, stack(0xb40af000,0xb4100000)]

Other Threads:
  0xb6730400 VMThread [stack: 0xb422c000,0xb42ad000] [id=3514]
  0xb674f000 WatcherThread [stack: 0xb3cba000,0xb3d3b000] [id=3520]

VM state:not at safepoint (normal execution)

VM Mutex/Monitor currently owned by a thread: None

Heap
 def new generation   total 6848K, used 5056K [0x6e800000, 0x6ef60000, 0x792a0000)
  eden space 6144K,  75% used [0x6e800000, 0x6ec876f8, 0x6ee00000)
  from space 704K,  59% used [0x6ee00000, 0x6ee68cc0, 0x6eeb0000)
  to   space 704K,   0% used [0x6eeb0000, 0x6eeb0000, 0x6ef60000)
 tenured generation   total 14784K, used 10478K [0x792a0000, 0x7a110000, 0x8e800000)
   the space 14784K,  70% used [0x792a0000, 0x79cdba00, 0x79cdba00, 0x7a110000)
 compacting perm gen  total 12288K, used 7804K [0x8e800000, 0x8f400000, 0x92800000)
   the space 12288K,  63% used [0x8e800000, 0x8ef9f1e8, 0x8ef9f200, 0x8f400000)
    ro space 10240K,  60% used [0x92800000, 0x92e00d38, 0x92e00e00, 0x93200000)
    rw space 12288K,  59% used [0x93200000, 0x9391e858, 0x9391ea00, 0x93e00000)

Card table byte_map: [0xb4554000,0xb4680000] byte_map_base: 0xb41e0000

Polling page: 0xb76e0000

Code Cache  [0xb4700000, 0xb4ca0000, 0xb6700000)
 total_blobs=3625 nmethods=3304 adapters=253 free_code_cache=27033Kb largest_free_block=27681536

Compilation events (10 events):
Event: 28884.475 Thread 0xb674ac00 3306   !         javax.swing.JComponent::uninstallUIAndProperties (98 bytes)
Event: 28884.476 Thread 0xb674ac00 nmethod 3306 0xb4c97748 code [0xb4c978a0, 0xb4c97bc0]
Event: 28884.505 Thread 0xb674ac00 3307             javax.swing.text.GlyphView::getTabbedSpan (69 bytes)
Event: 28884.506 Thread 0xb674ac00 nmethod 3307 0xb4c97e48 code [0xb4c97fa0, 0xb4c9816c]
Event: 28884.662 Thread 0xb674ac00 3308             javax.swing.plaf.basic.BasicInternalFrameTitlePane::enableActions (169 bytes)
Event: 28884.662 Thread 0xb674ac00 nmethod 3308 0xb4c98308 code [0xb4c98470, 0xb4c986ec]
Event: 28884.663 Thread 0xb674ac00 3309             javax.swing.text.AbstractDocument$DefaultDocumentEvent::getType (5 bytes)
Event: 28884.663 Thread 0xb674ac00 nmethod 3309 0xb4c98908 code [0xb4c98a00, 0xb4c98a80]
Event: 28884.819 Thread 0xb674ac00 3310   !         java.awt.DefaultKeyboardFocusManager::pumpApprovedKeyEvents (129 bytes)
Event: 28884.819 Thread 0xb674ac00 nmethod 3310 0xb4c98ac8 code [0xb4c98cc0, 0xb4c992c8]

GC Heap History (10 events):
Event: 28884.408 GC heap before
{Heap before GC invocations=1835 (full 12):
 def new generation   total 6848K, used 6157K [0x6e800000, 0x6ef60000, 0x792a0000)
  eden space 6144K, 100% used [0x6e800000, 0x6ee00000, 0x6ee00000)
  from space 704K,   1% used [0x6eeb0000, 0x6eeb3630, 0x6ef60000)
  to   space 704K,   0% used [0x6ee00000, 0x6ee00000, 0x6eeb0000)
 tenured generation   total 14784K, used 9835K [0x792a0000, 0x7a110000, 0x8e800000)
   the space 14784K,  66% used [0x792a0000, 0x79c3af10, 0x79c3b000, 0x7a110000)
 compacting perm gen  total 12288K, used 7804K [0x8e800000, 0x8f400000, 0x92800000)
   the space 12288K,  63% used [0x8e800000, 0x8ef9f1b8, 0x8ef9f200, 0x8f400000)
    ro space 10240K,  60% used [0x92800000, 0x92e00d38, 0x92e00e00, 0x93200000)
    rw space 12288K,  59% used [0x93200000, 0x9391e858, 0x9391ea00, 0x93e00000)
Event: 28884.408 GC heap after
Heap after GC invocations=1836 (full 12):
 def new generation   total 6848K, used 14K [0x6e800000, 0x6ef60000, 0x792a0000)
  eden space 6144K,   0% used [0x6e800000, 0x6e800000, 0x6ee00000)
  from space 704K,   2% used [0x6ee00000, 0x6ee03b88, 0x6eeb0000)
  to   space 704K,   0% used [0x6eeb0000, 0x6eeb0000, 0x6ef60000)
 tenured generation   total 14784K, used 9835K [0x792a0000, 0x7a110000, 0x8e800000)
   the space 14784K,  66% used [0x792a0000, 0x79c3aff8, 0x79c3b000, 0x7a110000)
 compacting perm gen  total 12288K, used 7804K [0x8e800000, 0x8f400000, 0x92800000)
   the space 12288K,  63% used [0x8e800000, 0x8ef9f1b8, 0x8ef9f200, 0x8f400000)
    ro space 10240K,  60% used [0x92800000, 0x92e00d38, 0x92e00e00, 0x93200000)
    rw space 12288K,  59% used [0x93200000, 0x9391e858, 0x9391ea00, 0x93e00000)
}
Event: 28884.424 GC heap before
{Heap before GC invocations=1836 (full 12):
 def new generation   total 6848K, used 6158K [0x6e800000, 0x6ef60000, 0x792a0000)
  eden space 6144K, 100% used [0x6e800000, 0x6ee00000, 0x6ee00000)
  from space 704K,   2% used [0x6ee00000, 0x6ee03b88, 0x6eeb0000)
  to   space 704K,   0% used [0x6eeb0000, 0x6eeb0000, 0x6ef60000)
 tenured generation   total 14784K, used 9835K [0x792a0000, 0x7a110000, 0x8e800000)
   the space 14784K,  66% used [0x792a0000, 0x79c3aff8, 0x79c3b000, 0x7a110000)
 compacting perm gen  total 12288K, used 7804K [0x8e800000, 0x8f400000, 0x92800000)
   the space 12288K,  63% used [0x8e800000, 0x8ef9f1b8, 0x8ef9f200, 0x8f400000)
    ro space 10240K,  60% used [0x92800000, 0x92e00d38, 0x92e00e00, 0x93200000)
    rw space 12288K,  59% used [0x93200000, 0x9391e858, 0x9391ea00, 0x93e00000)
Event: 28884.425 GC heap after
Heap after GC invocations=1837 (full 12):
 def new generation   total 6848K, used 170K [0x6e800000, 0x6ef60000, 0x792a0000)
  eden space 6144K,   0% used [0x6e800000, 0x6e800000, 0x6ee00000)
  from space 704K,  24% used [0x6eeb0000, 0x6eedab90, 0x6ef60000)
  to   space 704K,   0% used [0x6ee00000, 0x6ee00000, 0x6eeb0000)
 tenured generation   total 14784K, used 9837K [0x792a0000, 0x7a110000, 0x8e800000)
   the space 14784K,  66% used [0x792a0000, 0x79c3b420, 0x79c3b600, 0x7a110000)
 compacting perm gen  total 12288K, used 7804K [0x8e800000, 0x8f400000, 0x92800000)
   the space 12288K,  63% used [0x8e800000, 0x8ef9f1b8, 0x8ef9f200, 0x8f400000)
    ro space 10240K,  60% used [0x92800000, 0x92e00d38, 0x92e00e00, 0x93200000)
    rw space 12288K,  59% used [0x93200000, 0x9391e858, 0x9391ea00, 0x93e00000)
}
Event: 28884.471 GC heap before
{Heap before GC invocations=1837 (full 12):
 def new generation   total 6848K, used 6314K [0x6e800000, 0x6ef60000, 0x792a0000)
  eden space 6144K, 100% used [0x6e800000, 0x6ee00000, 0x6ee00000)
  from space 704K,  24% used [0x6eeb0000, 0x6eedab90, 0x6ef60000)
  to   space 704K,   0% used [0x6ee00000, 0x6ee00000, 0x6eeb0000)
 tenured generation   total 14784K, used 9837K [0x792a0000, 0x7a110000, 0x8e800000)
   the space 14784K,  66% used [0x792a0000, 0x79c3b420, 0x79c3b600, 0x7a110000)
 compacting perm gen  total 12288K, used 7804K [0x8e800000, 0x8f400000, 0x92800000)
   the space 12288K,  63% used [0x8e800000, 0x8ef9f1c8, 0x8ef9f200, 0x8f400000)
    ro space 10240K,  60% used [0x92800000, 0x92e00d38, 0x92e00e00, 0x93200000)
    rw space 12288K,  59% used [0x93200000, 0x9391e858, 0x9391ea00, 0x93e00000)
Event: 28884.474 GC heap after
Heap after GC invocations=1838 (full 12):
 def new generation   total 6848K, used 657K [0x6e800000, 0x6ef60000, 0x792a0000)
  eden space 6144K,   0% used [0x6e800000, 0x6e800000, 0x6ee00000)
  from space 704K,  93% used [0x6ee00000, 0x6eea45f0, 0x6eeb0000)
  to   space 704K,   0% used [0x6eeb0000, 0x6eeb0000, 0x6ef60000)
 tenured generation   total 14784K, used 9837K [0x792a0000, 0x7a110000, 0x8e800000)
   the space 14784K,  66% used [0x792a0000, 0x79c3b508, 0x79c3b600, 0x7a110000)
 compacting perm gen  total 12288K, used 7804K [0x8e800000, 0x8f400000, 0x92800000)
   the space 12288K,  63% used [0x8e800000, 0x8ef9f1c8, 0x8ef9f200, 0x8f400000)
    ro space 10240K,  60% used [0x92800000, 0x92e00d38, 0x92e00e00, 0x93200000)
    rw space 12288K,  59% used [0x93200000, 0x9391e858, 0x9391ea00, 0x93e00000)
}
Event: 28884.565 GC heap before
{Heap before GC invocations=1838 (full 12):
 def new generation   total 6848K, used 6801K [0x6e800000, 0x6ef60000, 0x792a0000)
  eden space 6144K, 100% used [0x6e800000, 0x6ee00000, 0x6ee00000)
  from space 704K,  93% used [0x6ee00000, 0x6eea45f0, 0x6eeb0000)
  to   space 704K,   0% used [0x6eeb0000, 0x6eeb0000, 0x6ef60000)
 tenured generation   total 14784K, used 9837K [0x792a0000, 0x7a110000, 0x8e800000)
   the space 14784K,  66% used [0x792a0000, 0x79c3b508, 0x79c3b600, 0x7a110000)
 compacting perm gen  total 12288K, used 7804K [0x8e800000, 0x8f400000, 0x92800000)
   the space 12288K,  63% used [0x8e800000, 0x8ef9f1d8, 0x8ef9f200, 0x8f400000)
    ro space 10240K,  60% used [0x92800000, 0x92e00d38, 0x92e00e00, 0x93200000)
    rw space 12288K,  59% used [0x93200000, 0x9391e858, 0x9391ea00, 0x93e00000)
Event: 28884.567 GC heap after
Heap after GC invocations=1839 (full 12):
 def new generation   total 6848K, used 272K [0x6e800000, 0x6ef60000, 0x792a0000)
  eden space 6144K,   0% used [0x6e800000, 0x6e800000, 0x6ee00000)
  from space 704K,  38% used [0x6eeb0000, 0x6eef40d0, 0x6ef60000)
  to   space 704K,   0% used [0x6ee00000, 0x6ee00000, 0x6eeb0000)
 tenured generation   total 14784K, used 10478K [0x792a0000, 0x7a110000, 0x8e800000)
   the space 14784K,  70% used [0x792a0000, 0x79cdba00, 0x79cdba00, 0x7a110000)
 compacting perm gen  total 12288K, used 7804K [0x8e800000, 0x8f400000, 0x92800000)
   the space 12288K,  63% used [0x8e800000, 0x8ef9f1d8, 0x8ef9f200, 0x8f400000)
    ro space 10240K,  60% used [0x92800000, 0x92e00d38, 0x92e00e00, 0x93200000)
    rw space 12288K,  59% used [0x93200000, 0x9391e858, 0x9391ea00, 0x93e00000)
}
Event: 28884.670 GC heap before
{Heap before GC invocations=1839 (full 12):
 def new generation   total 6848K, used 6416K [0x6e800000, 0x6ef60000, 0x792a0000)
  eden space 6144K, 100% used [0x6e800000, 0x6ee00000, 0x6ee00000)
  from space 704K,  38% used [0x6eeb0000, 0x6eef40d0, 0x6ef60000)
  to   space 704K,   0% used [0x6ee00000, 0x6ee00000, 0x6eeb0000)
 tenured generation   total 14784K, used 10478K [0x792a0000, 0x7a110000, 0x8e800000)
   the space 14784K,  70% used [0x792a0000, 0x79cdba00, 0x79cdba00, 0x7a110000)
 compacting perm gen  total 12288K, used 7804K [0x8e800000, 0x8f400000, 0x92800000)
   the space 12288K,  63% used [0x8e800000, 0x8ef9f1d8, 0x8ef9f200, 0x8f400000)
    ro space 10240K,  60% used [0x92800000, 0x92e00d38, 0x92e00e00, 0x93200000)
    rw space 12288K,  59% used [0x93200000, 0x9391e858, 0x9391ea00, 0x93e00000)
Event: 28884.671 GC heap after
Heap after GC invocations=1840 (full 12):
 def new generation   total 6848K, used 419K [0x6e800000, 0x6ef60000, 0x792a0000)
  eden space 6144K,   0% used [0x6e800000, 0x6e800000, 0x6ee00000)
  from space 704K,  59% used [0x6ee00000, 0x6ee68cc0, 0x6eeb0000)
  to   space 704K,   0% used [0x6eeb0000, 0x6eeb0000, 0x6ef60000)
 tenured generation   total 14784K, used 10478K [0x792a0000, 0x7a110000, 0x8e800000)
   the space 14784K,  70% used [0x792a0000, 0x79cdba00, 0x79cdba00, 0x7a110000)
 compacting perm gen  total 12288K, used 7804K [0x8e800000, 0x8f400000, 0x92800000)
   the space 12288K,  63% used [0x8e800000, 0x8ef9f1d8, 0x8ef9f200, 0x8f400000)
    ro space 10240K,  60% used [0x92800000, 0x92e00d38, 0x92e00e00, 0x93200000)
    rw space 12288K,  59% used [0x93200000, 0x9391e858, 0x9391ea00, 0x93e00000)
}

Deoptimization events (0 events):
No events

Internal exceptions (10 events):
Event: 27694.508 Thread 0xb3873c00 Threw 0x6e8f88f0 at /build/openjdk-7-mks0zz/openjdk-7-7u121-2.6.8/build/openjdk/hotspot/src/share/vm/prims/jni.cpp:747
Event: 27695.876 Thread 0x08804400 Threw 0x6ebda6a8 at /build/openjdk-7-mks0zz/openjdk-7-7u121-2.6.8/build/openjdk/hotspot/src/share/vm/prims/jvm.cpp:1322
Event: 27696.985 Thread 0x08804400 Threw 0x6e8dec88 at /build/openjdk-7-mks0zz/openjdk-7-7u121-2.6.8/build/openjdk/hotspot/src/share/vm/prims/jvm.cpp:1322
Event: 27696.986 Thread 0x08804400 Threw 0x6e8e0ee0 at /build/openjdk-7-mks0zz/openjdk-7-7u121-2.6.8/build/openjdk/hotspot/src/share/vm/prims/nativeLookup.cpp:381
Event: 27696.986 Thread 0x08804400 Threw 0x6e8e0ff8 at /build/openjdk-7-mks0zz/openjdk-7-7u121-2.6.8/build/openjdk/hotspot/src/share/vm/runtime/reflection.cpp:1030
Event: 27697.090 Thread 0xb3873c00 Threw 0x6ea19630 at /build/openjdk-7-mks0zz/openjdk-7-7u121-2.6.8/build/openjdk/hotspot/src/share/vm/prims/jni.cpp:747
Event: 27700.333 Thread 0x08804400 Threw 0x6e8aeff8 at /build/openjdk-7-mks0zz/openjdk-7-7u121-2.6.8/build/openjdk/hotspot/src/share/vm/prims/jvm.cpp:1322
Event: 28881.885 Thread 0xb3873c00 Threw 0x6e9b8e88 at /build/openjdk-7-mks0zz/openjdk-7-7u121-2.6.8/build/openjdk/hotspot/src/share/vm/prims/jni.cpp:747
Event: 28882.732 Thread 0x0895d800 Threw 0x6e95ec60 at /build/openjdk-7-mks0zz/openjdk-7-7u121-2.6.8/build/openjdk/hotspot/src/share/vm/prims/jvm.cpp:1322
Event: 28883.962 Thread 0x0895d800 Threw 0x6e828118 at /build/openjdk-7-mks0zz/openjdk-7-7u121-2.6.8/build/openjdk/hotspot/src/share/vm/prims/jvm.cpp:1322

Events (10 events):
Event: 28884.818 Executing VM operation: RevokeBias done
Event: 28885.000 Thread 0x08b27800 Thread added: 0x08b27800
Event: 28885.001 Executing VM operation: RevokeBias
Event: 28885.001 Executing VM operation: RevokeBias done
Event: 28885.002 Executing VM operation: RevokeBias
Event: 28885.002 Executing VM operation: RevokeBias done
Event: 28885.002 Executing VM operation: RevokeBias
Event: 28885.003 Executing VM operation: RevokeBias done
Event: 28885.004 Executing VM operation: RevokeBias
Event: 28885.004 Executing VM operation: RevokeBias done


Dynamic libraries:
08048000-08049000 r-xp 00000000 08:01 277177     /usr/lib/jvm/java-7-openjdk-i386/jre/bin/java
08049000-0804a000 r--p 00000000 08:01 277177     /usr/lib/jvm/java-7-openjdk-i386/jre/bin/java
0804a000-0804b000 rw-p 00001000 08:01 277177     /usr/lib/jvm/java-7-openjdk-i386/jre/bin/java
086eb000-08b63000 rw-p 00000000 00:00 0          [heap]
6e800000-6ef60000 rw-p 00000000 00:00 0 
6ef60000-792a0000 rw-p 00000000 00:00 0 
792a0000-7a110000 rw-p 00000000 00:00 0 
7a110000-8e800000 rw-p 00000000 00:00 0 
8e800000-8f400000 rw-p 00000000 00:00 0 
8f400000-92800000 rw-p 00000000 00:00 0 
92800000-92e01000 r--p 00001000 08:01 179396     /usr/lib/jvm/java-7-openjdk-i386/jre/lib/i386/client/classes.jsa
92e01000-93200000 rw-p 00000000 00:00 0 
93200000-9391f000 rw-p 00602000 08:01 179396     /usr/lib/jvm/java-7-openjdk-i386/jre/lib/i386/client/classes.jsa
9391f000-93e00000 rw-p 00000000 00:00 0 
93e00000-94115000 rw-p 00d21000 08:01 179396     /usr/lib/jvm/java-7-openjdk-i386/jre/lib/i386/client/classes.jsa
94115000-94200000 rw-p 00000000 00:00 0 
94200000-94209000 r-xp 01036000 08:01 179396     /usr/lib/jvm/java-7-openjdk-i386/jre/lib/i386/client/classes.jsa
94209000-94600000 rw-p 00000000 00:00 0 
b1ab8000-b1ae4000 r-xp 00000000 08:01 199517     /home/user/Desktop/Dual-radio-simulation/examples/ipv6/rpl-udp/obj_cooja/mtype330.cooja
b1ae4000-b1ae5000 r--p 0002b000 08:01 199517     /home/user/Desktop/Dual-radio-simulation/examples/ipv6/rpl-udp/obj_cooja/mtype330.cooja
b1ae5000-b1ae6000 rw-p 0002c000 08:01 199517     /home/user/Desktop/Dual-radio-simulation/examples/ipv6/rpl-udp/obj_cooja/mtype330.cooja
b1ae6000-b1aee000 rw-p 00000000 00:00 0 
b1aee000-b1b1a000 r-xp 00000000 08:01 199513     /home/user/Desktop/Dual-radio-simulation/examples/ipv6/rpl-udp/obj_cooja/mtype573.cooja
b1b1a000-b1b1b000 r--p 0002b000 08:01 199513     /home/user/Desktop/Dual-radio-simulation/examples/ipv6/rpl-udp/obj_cooja/mtype573.cooja
b1b1b000-b1b1c000 rw-p 0002c000 08:01 199513     /home/user/Desktop/Dual-radio-simulation/examples/ipv6/rpl-udp/obj_cooja/mtype573.cooja
b1b1c000-b1b24000 rw-p 00000000 00:00 0 
b1b24000-b1b50000 r-xp 00000000 08:01 199509     /home/user/Desktop/Dual-radio-simulation/examples/ipv6/rpl-udp/obj_cooja/mtype505.cooja
b1b50000-b1b51000 r--p 0002b000 08:01 199509     /home/user/Desktop/Dual-radio-simulation/examples/ipv6/rpl-udp/obj_cooja/mtype505.cooja
b1b51000-b1b52000 rw-p 0002c000 08:01 199509     /home/user/Desktop/Dual-radio-simulation/examples/ipv6/rpl-udp/obj_cooja/mtype505.cooja
b1b52000-b1b5a000 rw-p 00000000 00:00 0 
b1b5a000-b1b5d000 ---p 00000000 00:00 0 
b1b5d000-b1bab000 rw-p 00000000 00:00 0 
b1bab000-b1bae000 ---p 00000000 00:00 0 
b1bae000-b1bfc000 rw-p 00000000 00:00 0          [stack:6228]
b1bfc000-b1c28000 r-xp 00000000 08:01 199505     /home/user/Desktop/Dual-radio-simulation/examples/ipv6/rpl-udp/obj_cooja/mtype794.cooja
b1c28000-b1c29000 r--p 0002b000 08:01 199505     /home/user/Desktop/Dual-radio-simulation/examples/ipv6/rpl-udp/obj_cooja/mtype794.cooja
b1c29000-b1c2a000 rw-p 0002c000 08:01 199505     /home/user/Desktop/Dual-radio-simulation/examples/ipv6/rpl-udp/obj_cooja/mtype794.cooja
b1c2a000-b1c32000 rw-p 00000000 00:00 0 
b1c32000-b1c35000 ---p 00000000 00:00 0 
b1c35000-b1c83000 rw-p 00000000 00:00 0          [stack:6257]
b1c83000-b1c86000 ---p 00000000 00:00 0 
b1c86000-b1cd4000 rw-p 00000000 00:00 0          [stack:6180]
b1cd4000-b1d00000 r-xp 00000000 08:01 199499     /home/user/Desktop/Dual-radio-simulation/examples/ipv6/rpl-udp/obj_cooja/mtype869.cooja
b1d00000-b1d01000 r--p 0002b000 08:01 199499     /home/user/Desktop/Dual-radio-simulation/examples/ipv6/rpl-udp/obj_cooja/mtype869.cooja
b1d01000-b1d02000 rw-p 0002c000 08:01 199499     /home/user/Desktop/Dual-radio-simulation/examples/ipv6/rpl-udp/obj_cooja/mtype869.cooja
b1d02000-b1d0a000 rw-p 00000000 00:00 0 
b1d0a000-b1d0d000 ---p 00000000 00:00 0 
b1d0d000-b1d5b000 rw-p 00000000 00:00 0          [stack:6295]
b1d5b000-b1d87000 r-xp 00000000 08:01 199501     /home/user/Desktop/Dual-radio-simulation/examples/ipv6/rpl-udp/obj_cooja/mtype966.cooja
b1d87000-b1d88000 r--p 0002b000 08:01 199501     /home/user/Desktop/Dual-radio-simulation/examples/ipv6/rpl-udp/obj_cooja/mtype966.cooja
b1d88000-b1d89000 rw-p 0002c000 08:01 199501     /home/user/Desktop/Dual-radio-simulation/examples/ipv6/rpl-udp/obj_cooja/mtype966.cooja
b1d89000-b1d91000 rw-p 00000000 00:00 0 
b1d91000-b1dbd000 r-xp 00000000 08:01 199497     /home/user/Desktop/Dual-radio-simulation/examples/ipv6/rpl-udp/obj_cooja/mtype863.cooja
b1dbd000-b1dbe000 r--p 0002b000 08:01 199497     /home/user/Desktop/Dual-radio-simulation/examples/ipv6/rpl-udp/obj_cooja/mtype863.cooja
b1dbe000-b1dbf000 rw-p 0002c000 08:01 199497     /home/user/Desktop/Dual-radio-simulation/examples/ipv6/rpl-udp/obj_cooja/mtype863.cooja
b1dbf000-b1dc7000 rw-p 00000000 00:00 0 
b1dc7000-b1dca000 ---p 00000000 00:00 0 
b1dca000-b1e18000 rw-p 00000000 00:00 0          [stack:6131]
b1e18000-b1e1b000 ---p 00000000 00:00 0 
b1e1b000-b1e69000 rw-p 00000000 00:00 0          [stack:5846]
b1e69000-b1e6c000 ---p 00000000 00:00 0 
b1e6c000-b1eba000 rw-p 00000000 00:00 0          [stack:6294]
b1eba000-b1ebd000 ---p 00000000 00:00 0 
b1ebd000-b1f0b000 rw-p 00000000 00:00 0          [stack:5798]
b1f0b000-b1f0e000 ---p 00000000 00:00 0 
b1f0e000-b1f5c000 rw-p 00000000 00:00 0          [stack:6142]
b1f5c000-b25f1000 rw-s 00000000 00:04 7700498    /SYSV00000000 (deleted)
b25f1000-b261c000 r-xp 00000000 08:01 167188     /home/user/Desktop/Dual-radio-simulation/examples/ipv6/rpl-udp/obj_cooja/mtype597.cooja
b261c000-b261d000 r--p 0002a000 08:01 167188     /home/user/Desktop/Dual-radio-simulation/examples/ipv6/rpl-udp/obj_cooja/mtype597.cooja
b261d000-b261e000 rw-p 0002b000 08:01 167188     /home/user/Desktop/Dual-radio-simulation/examples/ipv6/rpl-udp/obj_cooja/mtype597.cooja
b261e000-b2626000 rw-p 00000000 00:00 0 
b2626000-b2629000 ---p 00000000 00:00 0 
b2629000-b2677000 rw-p 00000000 00:00 0          [stack:3817]
b2677000-b267a000 ---p 00000000 00:00 0 
b267a000-b26c8000 rw-p 00000000 00:00 0          [stack:6342]
b26c8000-b26f3000 r-xp 00000000 08:01 159885     /home/user/Desktop/Dual-radio-simulation/examples/ipv6/rpl-udp/obj_cooja/mtype927.cooja
b26f3000-b26f4000 r--p 0002a000 08:01 159885     /home/user/Desktop/Dual-radio-simulation/examples/ipv6/rpl-udp/obj_cooja/mtype927.cooja
b26f4000-b26f5000 rw-p 0002b000 08:01 159885     /home/user/Desktop/Dual-radio-simulation/examples/ipv6/rpl-udp/obj_cooja/mtype927.cooja
b26f5000-b26fd000 rw-p 00000000 00:00 0 
b26fd000-b2700000 ---p 00000000 00:00 0 
b2700000-b274e000 rw-p 00000000 00:00 0          [stack:3765]
b274e000-b2751000 ---p 00000000 00:00 0 
b2751000-b279f000 rw-p 00000000 00:00 0          [stack:3766]
b279f000-b27ca000 r-xp 00000000 08:01 159736     /home/user/Desktop/Dual-radio-simulation/examples/ipv6/rpl-udp/obj_cooja/mtype605.cooja
b27ca000-b27cb000 r--p 0002a000 08:01 159736     /home/user/Desktop/Dual-radio-simulation/examples/ipv6/rpl-udp/obj_cooja/mtype605.cooja
b27cb000-b27cc000 rw-p 0002b000 08:01 159736     /home/user/Desktop/Dual-radio-simulation/examples/ipv6/rpl-udp/obj_cooja/mtype605.cooja
b27cc000-b27d4000 rw-p 00000000 00:00 0 
b27d4000-b27d7000 ---p 00000000 00:00 0 
b27d7000-b2825000 rw-p 00000000 00:00 0          [stack:3713]
b2825000-b2828000 ---p 00000000 00:00 0 
b2828000-b2876000 rw-p 00000000 00:00 0          [stack:3818]
b2876000-b28a1000 r-xp 00000000 08:01 159719     /home/user/Desktop/Dual-radio-simulation/examples/ipv6/rpl-udp/obj_cooja/mtype610.cooja
b28a1000-b28a2000 r--p 0002a000 08:01 159719     /home/user/Desktop/Dual-radio-simulation/examples/ipv6/rpl-udp/obj_cooja/mtype610.cooja
b28a2000-b28a3000 rw-p 0002b000 08:01 159719     /home/user/Desktop/Dual-radio-simulation/examples/ipv6/rpl-udp/obj_cooja/mtype610.cooja
b28a3000-b28ab000 rw-p 00000000 00:00 0 
b28b4000-b28e0000 r-xp 00000000 08:01 199493     /home/user/Desktop/Dual-radio-simulation/examples/ipv6/rpl-udp/obj_cooja/mtype848.cooja
b28e0000-b28e1000 r--p 0002b000 08:01 199493     /home/user/Desktop/Dual-radio-simulation/examples/ipv6/rpl-udp/obj_cooja/mtype848.cooja
b28e1000-b28e2000 rw-p 0002c000 08:01 199493     /home/user/Desktop/Dual-radio-simulation/examples/ipv6/rpl-udp/obj_cooja/mtype848.cooja
b28e2000-b28ea000 rw-p 00000000 00:00 0 
b28ea000-b2916000 r-xp 00000000 08:01 199485     /home/user/Desktop/Dual-radio-simulation/examples/ipv6/rpl-udp/obj_cooja/mtype1.cooja
b2916000-b2917000 r--p 0002b000 08:01 199485     /home/user/Desktop/Dual-radio-simulation/examples/ipv6/rpl-udp/obj_cooja/mtype1.cooja
b2917000-b2918000 rw-p 0002c000 08:01 199485     /home/user/Desktop/Dual-radio-simulation/examples/ipv6/rpl-udp/obj_cooja/mtype1.cooja
b2918000-b2920000 rw-p 00000000 00:00 0 
b2920000-b2923000 ---p 00000000 00:00 0 
b2923000-b2971000 rw-p 00000000 00:00 0          [stack:5749]
b2971000-b2974000 ---p 00000000 00:00 0 
b2974000-b29c2000 rw-p 00000000 00:00 0          [stack:6343]
b29c2000-b29c5000 ---p 00000000 00:00 0 
b29c5000-b2a13000 rw-p 00000000 00:00 0          [stack:5003]
b2a1d000-b2a20000 ---p 00000000 00:00 0 
b2a20000-b2a6e000 rw-p 00000000 00:00 0          [stack:3662]
b2a6e000-b2a71000 ---p 00000000 00:00 0 
b2a71000-b2abf000 rw-p 00000000 00:00 0          [stack:3661]
b2ac9000-b2acc000 ---p 00000000 00:00 0 
b2acc000-b2b1a000 rw-p 00000000 00:00 0          [stack:3714]
b2b20000-b2b4c000 r-xp 00000000 08:01 199488     /home/user/Desktop/Dual-radio-simulation/examples/ipv6/rpl-udp/obj_cooja/mtype619.cooja
b2b4c000-b2b4d000 r--p 0002b000 08:01 199488     /home/user/Desktop/Dual-radio-simulation/examples/ipv6/rpl-udp/obj_cooja/mtype619.cooja
b2b4d000-b2b4e000 rw-p 0002c000 08:01 199488     /home/user/Desktop/Dual-radio-simulation/examples/ipv6/rpl-udp/obj_cooja/mtype619.cooja
b2b4e000-b2b56000 rw-p 00000000 00:00 0 
b2b56000-b2b82000 r-xp 00000000 08:01 198835     /home/user/Desktop/Dual-radio-simulation/examples/ipv6/rpl-udp/obj_cooja/mtype903.cooja
b2b82000-b2b83000 r--p 0002b000 08:01 198835     /home/user/Desktop/Dual-radio-simulation/examples/ipv6/rpl-udp/obj_cooja/mtype903.cooja
b2b83000-b2b84000 rw-p 0002c000 08:01 198835     /home/user/Desktop/Dual-radio-simulation/examples/ipv6/rpl-udp/obj_cooja/mtype903.cooja
b2b84000-b2b8c000 rw-p 00000000 00:00 0 
b2b8c000-b2b8f000 ---p 00000000 00:00 0 
b2b8f000-b2bdd000 rw-p 00000000 00:00 0          [stack:5760]
b2bdd000-b2c09000 r-xp 00000000 08:01 198590     /home/user/Desktop/Dual-radio-simulation/examples/ipv6/rpl-udp/obj_cooja/mtype97.cooja
b2c09000-b2c0a000 r--p 0002b000 08:01 198590     /home/user/Desktop/Dual-radio-simulation/examples/ipv6/rpl-udp/obj_cooja/mtype97.cooja
b2c0a000-b2c0b000 rw-p 0002c000 08:01 198590     /home/user/Desktop/Dual-radio-simulation/examples/ipv6/rpl-udp/obj_cooja/mtype97.cooja
b2c0b000-b2c13000 rw-p 00000000 00:00 0 
b2c13000-b2c3e000 r-xp 00000000 08:01 182610     /home/user/Desktop/Dual-radio-simulation/examples/ipv6/rpl-udp/obj_cooja/mtype429.cooja
b2c3e000-b2c3f000 r--p 0002a000 08:01 182610     /home/user/Desktop/Dual-radio-simulation/examples/ipv6/rpl-udp/obj_cooja/mtype429.cooja
b2c3f000-b2c40000 rw-p 0002b000 08:01 182610     /home/user/Desktop/Dual-radio-simulation/examples/ipv6/rpl-udp/obj_cooja/mtype429.cooja
b2c40000-b2c48000 rw-p 00000000 00:00 0 
b2c48000-b2c4b000 ---p 00000000 00:00 0 
b2c4b000-b2c99000 rw-p 00000000 00:00 0          [stack:5100]
b2c99000-b2c9c000 ---p 00000000 00:00 0 
b2c9c000-b2cea000 rw-p 00000000 00:00 0          [stack:6088]
b2cea000-b2d14000 r-xp 00000000 08:01 172134     /home/user/Desktop/Dual-radio-simulation/examples/ipv6/rpl-udp/obj_cooja/mtype450.cooja
b2d14000-b2d15000 r--p 00029000 08:01 172134     /home/user/Desktop/Dual-radio-simulation/examples/ipv6/rpl-udp/obj_cooja/mtype450.cooja
b2d15000-b2d16000 rw-p 0002a000 08:01 172134     /home/user/Desktop/Dual-radio-simulation/examples/ipv6/rpl-udp/obj_cooja/mtype450.cooja
b2d16000-b2d1e000 rw-p 00000000 00:00 0 
b2d1e000-b2d21000 ---p 00000000 00:00 0 
b2d21000-b2d6f000 rw-p 00000000 00:00 0          [stack:5471]
b2d6f000-b2d72000 ---p 00000000 00:00 0 
b2d72000-b2dc0000 rw-p 00000000 00:00 0          [stack:5052]
b2dc0000-b2dea000 r-xp 00000000 08:01 172091     /home/user/Desktop/Dual-radio-simulation/examples/ipv6/rpl-udp/obj_cooja/mtype723.cooja
b2dea000-b2deb000 r--p 00029000 08:01 172091     /home/user/Desktop/Dual-radio-simulation/examples/ipv6/rpl-udp/obj_cooja/mtype723.cooja
b2deb000-b2dec000 rw-p 0002a000 08:01 172091     /home/user/Desktop/Dual-radio-simulation/examples/ipv6/rpl-udp/obj_cooja/mtype723.cooja
b2dec000-b2df4000 rw-p 00000000 00:00 0 
b2df4000-b2e1f000 r-xp 00000000 08:01 170454     /home/user/Desktop/Dual-radio-simulation/examples/ipv6/rpl-udp/obj_cooja/mtype206.cooja
b2e1f000-b2e20000 r--p 0002a000 08:01 170454     /home/user/Desktop/Dual-radio-simulation/examples/ipv6/rpl-udp/obj_cooja/mtype206.cooja
b2e20000-b2e21000 rw-p 0002b000 08:01 170454     /home/user/Desktop/Dual-radio-simulation/examples/ipv6/rpl-udp/obj_cooja/mtype206.cooja
b2e21000-b2e29000 rw-p 00000000 00:00 0 
b2e29000-b2e2c000 ---p 00000000 00:00 0 
b2e2c000-b2e7a000 rw-p 00000000 00:00 0          [stack:5423]
b2e7a000-b2ea4000 r-xp 00000000 08:01 167930     /home/user/Desktop/Dual-radio-simulation/examples/ipv6/rpl-udp/obj_cooja/mtype688.cooja
b2ea4000-b2ea5000 r--p 00029000 08:01 167930     /home/user/Desktop/Dual-radio-simulation/examples/ipv6/rpl-udp/obj_cooja/mtype688.cooja
b2ea5000-b2ea6000 rw-p 0002a000 08:01 167930     /home/user/Desktop/Dual-radio-simulation/examples/ipv6/rpl-udp/obj_cooja/mtype688.cooja
b2ea6000-b2eae000 rw-p 00000000 00:00 0 
b2eae000-b2eb1000 ---p 00000000 00:00 0 
b2eb1000-b2eff000 rw-p 00000000 00:00 0          [stack:6353]
b2eff000-b2f24000 rw-s 00000000 00:04 34275347   /SYSV00000000 (deleted)
b2f24000-b2f27000 ---p 00000000 00:00 0 
b2f27000-b2f75000 rw-p 00000000 00:00 0          [stack:4884]
b2f75000-b2f78000 ---p 00000000 00:00 0 
b2f78000-b2fc6000 rw-p 00000000 00:00 0          [stack:5706]
b2fc6000-b2ff0000 r-xp 00000000 08:01 167908     /home/user/Desktop/Dual-radio-simulation/examples/ipv6/rpl-udp/obj_cooja/mtype26.cooja
b2ff0000-b2ff1000 r--p 00029000 08:01 167908     /home/user/Desktop/Dual-radio-simulation/examples/ipv6/rpl-udp/obj_cooja/mtype26.cooja
b2ff1000-b2ff2000 rw-p 0002a000 08:01 167908     /home/user/Desktop/Dual-radio-simulation/examples/ipv6/rpl-udp/obj_cooja/mtype26.cooja
b2ff2000-b2ffa000 rw-p 00000000 00:00 0 
b2ffa000-b2ffd000 ---p 00000000 00:00 0 
b2ffd000-b304b000 rw-p 00000000 00:00 0          [stack:5014]
b304b000-b304e000 ---p 00000000 00:00 0 
b304e000-b309c000 rw-p 00000000 00:00 0          [stack:4835]
b309c000-b309f000 ---p 00000000 00:00 0 
b309f000-b30ed000 rw-p 00000000 00:00 0          [stack:4932]
b30ed000-b30f0000 ---p 00000000 00:00 0 
b30f0000-b313e000 rw-p 00000000 00:00 0          [stack:4846]
b3194000-b31a3000 rw-s 00000000 00:04 17563662   /SYSV00000000 (deleted)
b31b2000-b31b4000 rw-p 00000000 00:00 0 
b31b4000-b31b6000 r--s 00003000 08:01 157638     /home/user/Desktop/Dual-radio-simulation/tools/cooja/apps/powertracker/lib/powertracker.jar
b31b6000-b31b7000 r--s 00002000 08:01 156734     /home/user/Desktop/Dual-radio-simulation/tools/cooja/apps/collect-view/cooja-collect-view.jar
b31b7000-b31b9000 r--s 00008000 08:01 157820     /home/user/Desktop/Dual-radio-simulation/tools/cooja/apps/serial_socket/lib/serial_socket.jar
b31b9000-b31f3000 r--s 001e1000 08:01 156716     /home/user/Desktop/Dual-radio-simulation/tools/cooja/apps/avrora/lib/avrora-small.jar
b31f3000-b31f4000 r--s 00008000 08:01 156717     /home/user/Desktop/Dual-radio-simulation/tools/cooja/apps/avrora/lib/cooja_avrora.jar
b31f4000-b31f6000 r--s 00010000 08:01 157540     /home/user/Desktop/Dual-radio-simulation/tools/cooja/apps/mspsim/lib/jipv6.jar
b31f6000-b31f7000 r--s 00004000 08:01 157538     /home/user/Desktop/Dual-radio-simulation/tools/cooja/apps/mspsim/lib/coffee.jar
b31f7000-b3203000 r--s 000eb000 08:01 157541     /home/user/Desktop/Dual-radio-simulation/tools/cooja/apps/mspsim/lib/mspsim.jar
b3203000-b3209000 r--s 00062000 08:01 157539     /home/user/Desktop/Dual-radio-simulation/tools/cooja/apps/mspsim/lib/cooja_mspsim.jar
b3209000-b320c000 r--s 0001e000 08:01 157291     /home/user/Desktop/Dual-radio-simulation/tools/cooja/apps/mrm/lib/mrm.jar
b320c000-b320f000 ---p 00000000 00:00 0 
b320f000-b325d000 rw-p 00000000 00:00 0          [stack:3525]
b325d000-b3260000 ---p 00000000 00:00 0 
b3260000-b32ae000 rw-p 00000000 00:00 0          [stack:3524]
b32ae000-b32b1000 ---p 00000000 00:00 0 
b32b1000-b32ff000 rw-p 00000000 00:00 0          [stack:3523]
b32ff000-b3300000 r--s 00000000 08:01 403278     /var/cache/fontconfig/c05880de57d1f5e948fdfacc138775d9-le32d4.cache-4
b3300000-b3308000 r--s 00000000 08:01 395165     /var/cache/fontconfig/945677eb7aeaf62f1d50efc3fb3ec7d8-le32d4.cache-4
b3308000-b330a000 r--s 00000000 08:01 401858     /var/cache/fontconfig/99e8ed0e538f840c565b6ed5dad60d56-le32d4.cache-4
b330a000-b330e000 r--s 00000000 08:01 401857     /var/cache/fontconfig/2cd17615ca594fa2959ae173292e504c-le32d4.cache-4
b330e000-b330f000 r--s 00000000 08:01 401856     /var/cache/fontconfig/e7071f4a29fa870f4323321c154eba04-le32d4.cache-4
b330f000-b3310000 r--s 00000000 08:01 401855     /var/cache/fontconfig/0d8c3b2ac0904cb8a57a757ad11a4a08-le32d4.cache-4
b3310000-b3315000 r--s 00000000 08:01 401853     /var/cache/fontconfig/a755afe4a08bf5b97852ceb7400b47bc-le32d4.cache-4
b3315000-b331e000 r--s 00000000 08:01 401852     /var/cache/fontconfig/6d41288fd70b0be22e8c3a91e032eec0-le32d4.cache-4
b331e000-b332d000 r--s 00000000 08:01 401851     /var/cache/fontconfig/04aabc0a78ac019cf9454389977116d2-le32d4.cache-4
b332d000-b332e000 r--s 00000000 08:01 401850     /var/cache/fontconfig/1ac9eb803944fde146138c791f5cc56a-le32d4.cache-4
b332e000-b3331000 r--s 00000000 08:01 401849     /var/cache/fontconfig/385c0604a188198f04d133e54aba7fe7-le32d4.cache-4
b3331000-b3332000 r--s 00000000 08:01 401848     /var/cache/fontconfig/dc05db6664285cc2f12bf69c139ae4c3-le32d4.cache-4
b3332000-b3334000 r--s 00000000 08:01 393795     /var/cache/fontconfig/767a8244fc0220cfb567a839d0392e0b-le32d4.cache-4
b3334000-b3335000 r--s 00000000 08:01 401847     /var/cache/fontconfig/4794a0821666d79190d59a36cb4f44b5-le32d4.cache-4
b3335000-b3339000 r--s 00000000 08:01 401846     /var/cache/fontconfig/8801497958630a81b71ace7c5f9b32a8-le32d4.cache-4
b3339000-b333e000 r--s 00000000 08:01 401845     /var/cache/fontconfig/3047814df9a2f067bd2d96a2b9c36e5a-le32d4.cache-4
b333e000-b333f000 r--s 00000000 08:01 401844     /var/cache/fontconfig/56cf4f4769d0f4abc89a4895d7bd3ae1-le32d4.cache-4
b333f000-b334f000 r--s 00000000 08:01 401830     /var/cache/fontconfig/d52a8644073d54c13679302ca1180695-le32d4.cache-4
b334f000-b339f000 r-xp 00000000 08:01 171756     /usr/lib/jvm/java-7-openjdk-i386/jre/lib/i386/libfontmanager.so
b339f000-b33a1000 r--p 0004f000 08:01 171756     /usr/lib/jvm/java-7-openjdk-i386/jre/lib/i386/libfontmanager.so
b33a1000-b33a2000 rw-p 00051000 08:01 171756     /usr/lib/jvm/java-7-openjdk-i386/jre/lib/i386/libfontmanager.so
b33a2000-b33a5000 ---p 00000000 00:00 0 
b33a5000-b33f3000 rw-p 00000000 00:00 0          [stack:3522]
b33f3000-b33f7000 r-xp 00000000 08:01 7640       /usr/lib/i386-linux-gnu/libXfixes.so.3.1.0
b33f7000-b33f8000 r--p 00003000 08:01 7640       /usr/lib/i386-linux-gnu/libXfixes.so.3.1.0
b33f8000-b33f9000 rw-p 00004000 08:01 7640       /usr/lib/i386-linux-gnu/libXfixes.so.3.1.0
b33f9000-b3402000 r-xp 00000000 08:01 9790       /usr/lib/i386-linux-gnu/libXcursor.so.1.0.2
b3402000-b3403000 r--p 00008000 08:01 9790       /usr/lib/i386-linux-gnu/libXcursor.so.1.0.2
b3403000-b3404000 rw-p 00009000 08:01 9790       /usr/lib/i386-linux-gnu/libXcursor.so.1.0.2
b3404000-b3407000 ---p 00000000 00:00 0 
b3407000-b3455000 rw-p 00000000 00:00 0          [stack:3521]
b3455000-b347b000 r-xp 00000000 08:01 142126     /lib/i386-linux-gnu/libpng12.so.0.50.0
b347b000-b347c000 r--p 00025000 08:01 142126     /lib/i386-linux-gnu/libpng12.so.0.50.0
b347c000-b347d000 rw-p 00026000 08:01 142126     /lib/i386-linux-gnu/libpng12.so.0.50.0
b347d000-b3482000 r-xp 00000000 08:01 5406       /usr/lib/i386-linux-gnu/libXdmcp.so.6.0.0
b3482000-b3483000 r--p 00004000 08:01 5406       /usr/lib/i386-linux-gnu/libXdmcp.so.6.0.0
b3483000-b3484000 rw-p 00005000 08:01 5406       /usr/lib/i386-linux-gnu/libXdmcp.so.6.0.0
b3484000-b3486000 r-xp 00000000 08:01 5352       /usr/lib/i386-linux-gnu/libXau.so.6.0.0
b3486000-b3487000 r--p 00001000 08:01 5352       /usr/lib/i386-linux-gnu/libXau.so.6.0.0
b3487000-b3488000 rw-p 00002000 08:01 5352       /usr/lib/i386-linux-gnu/libXau.so.6.0.0
b3488000-b34ad000 r-xp 00000000 08:01 131117     /lib/i386-linux-gnu/libexpat.so.1.6.0
b34ad000-b34ae000 ---p 00025000 08:01 131117     /lib/i386-linux-gnu/libexpat.so.1.6.0
b34ae000-b34b0000 r--p 00025000 08:01 131117     /lib/i386-linux-gnu/libexpat.so.1.6.0
b34b0000-b34b1000 rw-p 00027000 08:01 131117     /lib/i386-linux-gnu/libexpat.so.1.6.0
b34b1000-b354c000 r-xp 00000000 08:01 9114       /usr/lib/i386-linux-gnu/libfreetype.so.6.11.1
b354c000-b3550000 r--p 0009a000 08:01 9114       /usr/lib/i386-linux-gnu/libfreetype.so.6.11.1
b3550000-b3551000 rw-p 0009e000 08:01 9114       /usr/lib/i386-linux-gnu/libfreetype.so.6.11.1
b3551000-b3571000 r-xp 00000000 08:01 66655      /usr/lib/i386-linux-gnu/libxcb.so.1.1.0
b3571000-b3572000 r--p 0001f000 08:01 66655      /usr/lib/i386-linux-gnu/libxcb.so.1.1.0
b3572000-b3573000 rw-p 00020000 08:01 66655      /usr/lib/i386-linux-gnu/libxcb.so.1.1.0
b3573000-b35ac000 r-xp 00000000 08:01 9177       /usr/lib/i386-linux-gnu/libfontconfig.so.1.8.0
b35ac000-b35ad000 r--p 00039000 08:01 9177       /usr/lib/i386-linux-gnu/libfontconfig.so.1.8.0
b35ad000-b35ae000 rw-p 0003a000 08:01 9177       /usr/lib/i386-linux-gnu/libfontconfig.so.1.8.0
b35ae000-b35bc000 r-xp 00000000 08:01 7577       /usr/lib/i386-linux-gnu/libXi.so.6.1.0
b35bc000-b35bd000 r--p 0000e000 08:01 7577       /usr/lib/i386-linux-gnu/libXi.so.6.1.0
b35bd000-b35be000 rw-p 0000f000 08:01 7577       /usr/lib/i386-linux-gnu/libXi.so.6.1.0
b35be000-b35c3000 r-xp 00000000 08:01 10292      /usr/lib/i386-linux-gnu/libXtst.so.6.1.0
b35c3000-b35c4000 r--p 00004000 08:01 10292      /usr/lib/i386-linux-gnu/libXtst.so.6.1.0
b35c4000-b35c5000 rw-p 00005000 08:01 10292      /usr/lib/i386-linux-gnu/libXtst.so.6.1.0
b35c5000-b36f5000 r-xp 00000000 08:01 10842      /usr/lib/i386-linux-gnu/libX11.so.6.3.0
b36f5000-b36f6000 r--p 00130000 08:01 10842      /usr/lib/i386-linux-gnu/libX11.so.6.3.0
b36f6000-b36f8000 rw-p 00131000 08:01 10842      /usr/lib/i386-linux-gnu/libX11.so.6.3.0
b36f8000-b36f9000 rw-p 00000000 00:00 0 
b36f9000-b3741000 r-xp 00000000 08:01 136650     /usr/lib/jvm/java-7-openjdk-i386/jre/lib/i386/xawt/libmawt.so
b3741000-b3742000 r--p 00048000 08:01 136650     /usr/lib/jvm/java-7-openjdk-i386/jre/lib/i386/xawt/libmawt.so
b3742000-b3744000 rw-p 00049000 08:01 136650     /usr/lib/jvm/java-7-openjdk-i386/jre/lib/i386/xawt/libmawt.so
b3744000-b3745000 rw-p 00000000 00:00 0 
b3745000-b37d4000 r-xp 00000000 08:01 171844     /usr/lib/jvm/java-7-openjdk-i386/jre/lib/i386/libawt.so
b37d4000-b37d5000 r--p 0008f000 08:01 171844     /usr/lib/jvm/java-7-openjdk-i386/jre/lib/i386/libawt.so
b37d5000-b37dc000 rw-p 00090000 08:01 171844     /usr/lib/jvm/java-7-openjdk-i386/jre/lib/i386/libawt.so
b37dc000-b3800000 rw-p 00000000 00:00 0 
b3800000-b38d8000 rw-p 00000000 00:00 0 
b38d8000-b3900000 ---p 00000000 00:00 0 
b3900000-b3909000 r-xp 00000000 08:01 6199       /usr/lib/i386-linux-gnu/libXrender.so.1.3.0
b3909000-b390a000 r--p 00008000 08:01 6199       /usr/lib/i386-linux-gnu/libXrender.so.1.3.0
b390a000-b390b000 rw-p 00009000 08:01 6199       /usr/lib/i386-linux-gnu/libXrender.so.1.3.0
b390b000-b391c000 r-xp 00000000 08:01 6183       /usr/lib/i386-linux-gnu/libXext.so.6.4.0
b391c000-b391d000 r--p 00010000 08:01 6183       /usr/lib/i386-linux-gnu/libXext.so.6.4.0
b391d000-b391e000 rw-p 00011000 08:01 6183       /usr/lib/i386-linux-gnu/libXext.so.6.4.0
b391e000-b395a000 r-xp 00000000 08:01 132344     /lib/i386-linux-gnu/libpcre.so.3.13.1
b395a000-b395b000 r--p 0003b000 08:01 132344     /lib/i386-linux-gnu/libpcre.so.3.13.1
b395b000-b395c000 rw-p 0003c000 08:01 132344     /lib/i386-linux-gnu/libpcre.so.3.13.1
b395c000-b396f000 r-xp 00000000 08:01 158559     /lib/i386-linux-gnu/libresolv-2.19.so
b396f000-b3970000 ---p 00013000 08:01 158559     /lib/i386-linux-gnu/libresolv-2.19.so
b3970000-b3971000 r--p 00013000 08:01 158559     /lib/i386-linux-gnu/libresolv-2.19.so
b3971000-b3972000 rw-p 00014000 08:01 158559     /lib/i386-linux-gnu/libresolv-2.19.so
b3972000-b3974000 rw-p 00000000 00:00 0 
b3974000-b3994000 r-xp 00000000 08:01 131406     /lib/i386-linux-gnu/libselinux.so.1
b3994000-b3995000 r--p 0001f000 08:01 131406     /lib/i386-linux-gnu/libselinux.so.1
b3995000-b3996000 rw-p 00020000 08:01 131406     /lib/i386-linux-gnu/libselinux.so.1
b3996000-b3997000 rw-p 00000000 00:00 0 
b3997000-b3aa1000 r-xp 00000000 08:01 136564     /lib/i386-linux-gnu/libglib-2.0.so.0.4002.0
b3aa1000-b3aa2000 r--p 00109000 08:01 136564     /lib/i386-linux-gnu/libglib-2.0.so.0.4002.0
b3aa2000-b3aa3000 rw-p 0010a000 08:01 136564     /lib/i386-linux-gnu/libglib-2.0.so.0.4002.0
b3aa3000-b3af3000 r-xp 00000000 08:01 1672       /usr/lib/i386-linux-gnu/libgobject-2.0.so.0.4002.0
b3af3000-b3af4000 r--p 0004f000 08:01 1672       /usr/lib/i386-linux-gnu/libgobject-2.0.so.0.4002.0
b3af4000-b3af5000 rw-p 00050000 08:01 1672       /usr/lib/i386-linux-gnu/libgobject-2.0.so.0.4002.0
b3af5000-b3c72000 r-xp 00000000 08:01 1674       /usr/lib/i386-linux-gnu/libgio-2.0.so.0.4002.0
b3c72000-b3c74000 r--p 0017d000 08:01 1674       /usr/lib/i386-linux-gnu/libgio-2.0.so.0.4002.0
b3c74000-b3c75000 rw-p 0017f000 08:01 1674       /usr/lib/i386-linux-gnu/libgio-2.0.so.0.4002.0
b3c75000-b3c76000 rw-p 00000000 00:00 0 
b3c76000-b3c77000 r--s 00000000 08:01 401843     /var/cache/fontconfig/b9d506c9ac06c20b433354fa67a72993-le32d4.cache-4
b3c77000-b3c7b000 r--s 00000000 08:01 401842     /var/cache/fontconfig/b47c4e1ecd0709278f4910c18777a504-le32d4.cache-4
b3c7b000-b3c82000 r--s 00000000 08:01 401829     /var/cache/fontconfig/3f7329c5293ffd510edef78f73874cfd-le32d4.cache-4
b3c82000-b3c8b000 r--s 00000000 08:01 401785     /var/cache/fontconfig/d589a48862398ed80a3d6066f4f56f4c-le32d4.cache-4
b3c8b000-b3c8d000 r--s 00000000 08:01 394475     /var/cache/fontconfig/e13b20fdb08344e0e664864cc2ede53d-le32d4.cache-4
b3c8d000-b3ca5000 r-xp 00000000 08:01 171836     /usr/lib/jvm/java-7-openjdk-i386/jre/lib/i386/libnet.so
b3ca5000-b3ca6000 r--p 00017000 08:01 171836     /usr/lib/jvm/java-7-openjdk-i386/jre/lib/i386/libnet.so
b3ca6000-b3ca7000 rw-p 00018000 08:01 171836     /usr/lib/jvm/java-7-openjdk-i386/jre/lib/i386/libnet.so
b3ca7000-b3cb8000 r-xp 00000000 08:01 171778     /usr/lib/jvm/java-7-openjdk-i386/jre/lib/i386/libnio.so
b3cb8000-b3cb9000 r--p 00010000 08:01 171778     /usr/lib/jvm/java-7-openjdk-i386/jre/lib/i386/libnio.so
b3cb9000-b3cba000 rw-p 00011000 08:01 171778     /usr/lib/jvm/java-7-openjdk-i386/jre/lib/i386/libnio.so
b3cba000-b3cbb000 ---p 00000000 00:00 0 
b3cbb000-b3d3b000 rw-p 00000000 00:00 0          [stack:3520]
b3d3b000-b3d3e000 ---p 00000000 00:00 0 
b3d3e000-b3d8c000 rw-p 00000000 00:00 0          [stack:3519]
b3d8c000-b3d8f000 ---p 00000000 00:00 0 
b3d8f000-b3e0d000 rw-p 00000000 00:00 0          [stack:3518]
b3e0d000-b3e10000 ---p 00000000 00:00 0 
b3e10000-b3e5e000 rw-p 00000000 00:00 0          [stack:3517]
b3e5e000-b405e000 r--p 00000000 08:01 369        /usr/lib/locale/locale-archive
b405e000-b4061000 ---p 00000000 00:00 0 
b4061000-b40af000 rw-p 00000000 00:00 0          [stack:3516]
b40af000-b40b2000 ---p 00000000 00:00 0 
b40b2000-b4100000 rw-p 00000000 00:00 0          [stack:3515]
b4100000-b41cc000 rw-p 00000000 00:00 0 
b41cc000-b4200000 ---p 00000000 00:00 0 
b4200000-b4203000 r--s 00000000 08:01 394702     /var/cache/fontconfig/7ef2298fde41cc6eeb7af42e48b7d293-le32d4.cache-4
b4203000-b4208000 r-xp 00000000 08:01 9076       /usr/lib/i386-linux-gnu/libffi.so.6.0.1
b4208000-b4209000 r--p 00005000 08:01 9076       /usr/lib/i386-linux-gnu/libffi.so.6.0.1
b4209000-b420a000 rw-p 00006000 08:01 9076       /usr/lib/i386-linux-gnu/libffi.so.6.0.1
b420a000-b420d000 r-xp 00000000 08:01 1675       /usr/lib/i386-linux-gnu/libgmodule-2.0.so.0.4002.0
b420d000-b420e000 r--p 00002000 08:01 1675       /usr/lib/i386-linux-gnu/libgmodule-2.0.so.0.4002.0
b420e000-b420f000 rw-p 00003000 08:01 1675       /usr/lib/i386-linux-gnu/libgmodule-2.0.so.0.4002.0
b420f000-b422c000 r--s 0014f000 08:01 164627     /home/user/Desktop/Dual-radio-simulation/tools/cooja/lib/swingx-all-1.6.4.jar
b422c000-b422d000 ---p 00000000 00:00 0 
b422d000-b42f6000 rw-p 00000000 00:00 0          [stack:3514]
b42f6000-b44a9000 r--s 01d41000 08:01 136926     /usr/lib/jvm/java-7-openjdk-i386/jre/lib/rt.jar
b44a9000-b44b1000 rw-p 00000000 00:00 0 
b44b1000-b4554000 rw-p 00000000 00:00 0 
b4554000-b4558000 rw-p 00000000 00:00 0 
b4558000-b45a9000 rw-p 00000000 00:00 0 
b45a9000-b45b1000 rw-p 00000000 00:00 0 
b45b1000-b4654000 rw-p 00000000 00:00 0 
b4654000-b465a000 rw-p 00000000 00:00 0 
b465a000-b4674000 rw-p 00000000 00:00 0 
b4674000-b4697000 rw-p 00000000 00:00 0 
b4697000-b4700000 rw-p 00000000 00:00 0 
b4700000-b4ca0000 rwxp 00000000 00:00 0 
b4ca0000-b67ff000 rw-p 00000000 00:00 0 
b67ff000-b6800000 ---p 00000000 00:00 0 
b6800000-b6802000 r-xp 00000000 08:01 3489       /usr/lib/i386-linux-gnu/libXcomposite.so.1.0.0
b6802000-b6803000 r--p 00001000 08:01 3489       /usr/lib/i386-linux-gnu/libXcomposite.so.1.0.0
b6803000-b6804000 rw-p 00002000 08:01 3489       /usr/lib/i386-linux-gnu/libXcomposite.so.1.0.0
b6804000-b680e000 r--s 000ae000 08:01 136921     /usr/lib/jvm/java-7-openjdk-i386/jre/lib/resources.jar
b680e000-b6815000 r--s 0005b000 08:01 164625     /home/user/Desktop/Dual-radio-simulation/tools/cooja/lib/jsyntaxpane.jar
b6815000-b681c000 r--s 0004f000 08:01 164626     /home/user/Desktop/Dual-radio-simulation/tools/cooja/lib/log4j.jar
b681c000-b681f000 r--s 00022000 08:01 164624     /home/user/Desktop/Dual-radio-simulation/tools/cooja/lib/jdom.jar
b681f000-b6823000 r--s 00085000 08:01 171728     /usr/lib/jvm/java-7-openjdk-i386/jre/lib/ext/localedata.jar
b6823000-b6827000 r--s 00034000 08:01 136936     /usr/lib/jvm/java-7-openjdk-i386/jre/lib/ext/sunjce_provider.jar
b6827000-b682a000 r--s 0000f000 08:01 153628     /usr/lib/jvm/java-7-openjdk-i386/jre/lib/ext/icedtea-sound.jar
b682a000-b683e000 rw-p 00000000 00:00 0 
b683e000-b6858000 rw-p 00000000 00:00 0 
b6858000-b6862000 r-xp 00000000 08:01 159039     /lib/i386-linux-gnu/libnss_files-2.19.so
b6862000-b6863000 r--p 00009000 08:01 159039     /lib/i386-linux-gnu/libnss_files-2.19.so
b6863000-b6864000 rw-p 0000a000 08:01 159039     /lib/i386-linux-gnu/libnss_files-2.19.so
b6864000-b686e000 r-xp 00000000 08:01 158574     /lib/i386-linux-gnu/libnss_nis-2.19.so
b686e000-b686f000 r--p 00009000 08:01 158574     /lib/i386-linux-gnu/libnss_nis-2.19.so
b686f000-b6870000 rw-p 0000a000 08:01 158574     /lib/i386-linux-gnu/libnss_nis-2.19.so
b6870000-b6885000 r-xp 00000000 08:01 158568     /lib/i386-linux-gnu/libnsl-2.19.so
b6885000-b6886000 r--p 00015000 08:01 158568     /lib/i386-linux-gnu/libnsl-2.19.so
b6886000-b6887000 rw-p 00016000 08:01 158568     /lib/i386-linux-gnu/libnsl-2.19.so
b6887000-b6889000 rw-p 00000000 00:00 0 
b6889000-b6890000 r-xp 00000000 08:01 158567     /lib/i386-linux-gnu/libnss_compat-2.19.so
b6890000-b6891000 r--p 00006000 08:01 158567     /lib/i386-linux-gnu/libnss_compat-2.19.so
b6891000-b6892000 rw-p 00007000 08:01 158567     /lib/i386-linux-gnu/libnss_compat-2.19.so
b6892000-b6893000 r--s 00000000 08:01 401740     /var/cache/fontconfig/0c9eb80ebd1c36541ebe2852d3bb0c49-le32d4.cache-4
b6893000-b6894000 r--s 00002000 08:01 136939     /usr/lib/jvm/java-7-openjdk-i386/jre/lib/ext/dnsns.jar
b6894000-b6897000 r--s 0003d000 08:01 136934     /usr/lib/jvm/java-7-openjdk-i386/jre/lib/ext/sunpkcs11.jar
b6897000-b689f000 r-xp 00000000 08:01 171832     /usr/lib/jvm/java-7-openjdk-i386/jre/lib/i386/libzip.so
b689f000-b68a0000 r--p 00007000 08:01 171832     /usr/lib/jvm/java-7-openjdk-i386/jre/lib/i386/libzip.so
b68a0000-b68a1000 rw-p 00008000 08:01 171832     /usr/lib/jvm/java-7-openjdk-i386/jre/lib/i386/libzip.so
b68a1000-b68a9000 rw-s 00000000 08:01 157671     /tmp/hsperfdata_user/3508
b68a9000-b68d0000 r-xp 00000000 08:01 171830     /usr/lib/jvm/java-7-openjdk-i386/jre/lib/i386/libjava.so
b68d0000-b68d1000 r--p 00026000 08:01 171830     /usr/lib/jvm/java-7-openjdk-i386/jre/lib/i386/libjava.so
b68d1000-b68d2000 rw-p 00027000 08:01 171830     /usr/lib/jvm/java-7-openjdk-i386/jre/lib/i386/libjava.so
b68d2000-b68d9000 r-xp 00000000 08:01 158579     /lib/i386-linux-gnu/librt-2.19.so
b68d9000-b68da000 r--p 00006000 08:01 158579     /lib/i386-linux-gnu/librt-2.19.so
b68da000-b68db000 rw-p 00007000 08:01 158579     /lib/i386-linux-gnu/librt-2.19.so
b68db000-b68de000 ---p 00000000 00:00 0 
b68de000-b692c000 rw-p 00000000 00:00 0          [stack:3510]
b692c000-b6948000 r-xp 00000000 08:01 158999     /lib/i386-linux-gnu/libgcc_s.so.1
b6948000-b6949000 rw-p 0001b000 08:01 158999     /lib/i386-linux-gnu/libgcc_s.so.1
b6949000-b698d000 r-xp 00000000 08:01 158561     /lib/i386-linux-gnu/libm-2.19.so
b698d000-b698e000 r--p 00043000 08:01 158561     /lib/i386-linux-gnu/libm-2.19.so
b698e000-b698f000 rw-p 00044000 08:01 158561     /lib/i386-linux-gnu/libm-2.19.so
b698f000-b6a6b000 r-xp 00000000 08:01 289        /usr/lib/i386-linux-gnu/libstdc++.so.6.0.19
b6a6b000-b6a6f000 r--p 000dc000 08:01 289        /usr/lib/i386-linux-gnu/libstdc++.so.6.0.19
b6a6f000-b6a70000 rw-p 000e0000 08:01 289        /usr/lib/i386-linux-gnu/libstdc++.so.6.0.19
b6a70000-b6a77000 rw-p 00000000 00:00 0 
b6a77000-b70ae000 r-xp 00000000 08:01 171806     /usr/lib/jvm/java-7-openjdk-i386/jre/lib/i386/client/libjvm.so
b70ae000-b70af000 ---p 00637000 08:01 171806     /usr/lib/jvm/java-7-openjdk-i386/jre/lib/i386/client/libjvm.so
b70af000-b70c5000 r--p 00637000 08:01 171806     /usr/lib/jvm/java-7-openjdk-i386/jre/lib/i386/client/libjvm.so
b70c5000-b70d4000 rw-p 0064d000 08:01 171806     /usr/lib/jvm/java-7-openjdk-i386/jre/lib/i386/client/libjvm.so
b70d4000-b74f0000 rw-p 00000000 00:00 0 
b74f0000-b7508000 r-xp 00000000 08:01 158556     /lib/i386-linux-gnu/libz.so.1.2.8
b7508000-b7509000 r--p 00017000 08:01 158556     /lib/i386-linux-gnu/libz.so.1.2.8
b7509000-b750a000 rw-p 00018000 08:01 158556     /lib/i386-linux-gnu/libz.so.1.2.8
b750a000-b7522000 r-xp 00000000 08:01 158571     /lib/i386-linux-gnu/libpthread-2.19.so
b7522000-b7523000 r--p 00018000 08:01 158571     /lib/i386-linux-gnu/libpthread-2.19.so
b7523000-b7524000 rw-p 00019000 08:01 158571     /lib/i386-linux-gnu/libpthread-2.19.so
b7524000-b7526000 rw-p 00000000 00:00 0 
b7526000-b7529000 r-xp 00000000 08:01 158563     /lib/i386-linux-gnu/libdl-2.19.so
b7529000-b752a000 r--p 00002000 08:01 158563     /lib/i386-linux-gnu/libdl-2.19.so
b752a000-b752b000 rw-p 00003000 08:01 158563     /lib/i386-linux-gnu/libdl-2.19.so
b752b000-b76d3000 r-xp 00000000 08:01 158580     /lib/i386-linux-gnu/libc-2.19.so
b76d3000-b76d4000 ---p 001a8000 08:01 158580     /lib/i386-linux-gnu/libc-2.19.so
b76d4000-b76d6000 r--p 001a8000 08:01 158580     /lib/i386-linux-gnu/libc-2.19.so
b76d6000-b76d7000 rw-p 001aa000 08:01 158580     /lib/i386-linux-gnu/libc-2.19.so
b76d7000-b76da000 rw-p 00000000 00:00 0 
b76da000-b76dc000 r--s 00006000 08:01 276693     /usr/share/java/java-atk-wrapper.jar
b76dc000-b76de000 r--s 00012000 08:01 136938     /usr/lib/jvm/java-7-openjdk-i386/jre/lib/ext/zipfs.jar
b76de000-b76df000 r--p 002c5000 08:01 369        /usr/lib/locale/locale-archive
b76df000-b76e0000 rw-p 00000000 00:00 0 
b76e0000-b76e1000 r--p 00000000 00:00 0 
b76e1000-b76ef000 r-xp 00000000 08:01 171834     /usr/lib/jvm/java-7-openjdk-i386/jre/lib/i386/libverify.so
b76ef000-b76f0000 r--p 0000d000 08:01 171834     /usr/lib/jvm/java-7-openjdk-i386/jre/lib/i386/libverify.so
b76f0000-b76f1000 rw-p 0000e000 08:01 171834     /usr/lib/jvm/java-7-openjdk-i386/jre/lib/i386/libverify.so
b76f1000-b76fd000 r-xp 00000000 08:01 171842     /usr/lib/jvm/java-7-openjdk-i386/jre/lib/i386/jli/libjli.so
b76fd000-b76fe000 r--p 0000c000 08:01 171842     /usr/lib/jvm/java-7-openjdk-i386/jre/lib/i386/jli/libjli.so
b76fe000-b76ff000 rw-p 0000d000 08:01 171842     /usr/lib/jvm/java-7-openjdk-i386/jre/lib/i386/jli/libjli.so
b76ff000-b7702000 rw-p 00000000 00:00 0 
b7702000-b7703000 r-xp 00000000 00:00 0          [vdso]
b7703000-b7723000 r-xp 00000000 08:01 158572     /lib/i386-linux-gnu/ld-2.19.so
b7723000-b7724000 r--p 0001f000 08:01 158572     /lib/i386-linux-gnu/ld-2.19.so
b7724000-b7725000 rw-p 00020000 08:01 158572     /lib/i386-linux-gnu/ld-2.19.so
bfb8c000-bfb8d000 rwxp 00000000 00:00 0 
bfbbf000-bfbe0000 rw-p 00000000 00:00 0          [stack]

VM Arguments:
jvm_args: -Xmx512m -Duser.language=en 
java_command: org.contikios.cooja.Cooja
Launcher Type: SUN_STANDARD

Environment Variables:
JAVA_HOME=/usr/lib/jvm/java-7-openjdk-i386
PATH=/usr/local/sdcc/bin:/usr/local/sbin:/usr/local/bin:/usr/sbin:/usr/bin:/sbin:/bin:/usr/games:/usr/local/games:/home/user/CodeSourcery/Sourcery_G++_Lite/bin:/usr/local/msp430/bin:/home/user/CodeSourcery/Sourcery_G++_Lite/bin
LD_LIBRARY_PATH=.
SHELL=/bin/bash
DISPLAY=:0

Signal Handlers:
SIGSEGV: [libjvm.so+0x4f0b20], sa_mask[0]=0x7ffbfeff, sa_flags=0x10000004
SIGBUS: [libjvm.so+0x4f0b20], sa_mask[0]=0x7ffbfeff, sa_flags=0x10000004
SIGFPE: [libjvm.so+0x3cc460], sa_mask[0]=0x7ffbfeff, sa_flags=0x10000004
SIGPIPE: [libjvm.so+0x3cc460], sa_mask[0]=0x7ffbfeff, sa_flags=0x10000004
SIGXFSZ: [libjvm.so+0x3cc460], sa_mask[0]=0x7ffbfeff, sa_flags=0x10000004
SIGILL: [libjvm.so+0x3cc460], sa_mask[0]=0x7ffbfeff, sa_flags=0x10000004
SIGUSR1: SIG_DFL, sa_mask[0]=0x00000000, sa_flags=0x00000000
SIGUSR2: [libjvm.so+0x3cc5c0], sa_mask[0]=0x00000004, sa_flags=0x10000004
SIGHUP: [libjvm.so+0x3cc520], sa_mask[0]=0x7ffbfeff, sa_flags=0x10000004
SIGINT: [libjvm.so+0x3cc520], sa_mask[0]=0x7ffbfeff, sa_flags=0x10000004
SIGTERM: [libjvm.so+0x3cc520], sa_mask[0]=0x7ffbfeff, sa_flags=0x10000004
SIGQUIT: [libjvm.so+0x3cc520], sa_mask[0]=0x7ffbfeff, sa_flags=0x10000004
SIGTRAP: SIG_DFL, sa_mask[0]=0x00000000, sa_flags=0x00000000


---------------  S Y S T E M  ---------------

OS:Ubuntu 14.04 (trusty)
uname:Linux 3.13.0-101-generic #148-Ubuntu SMP Thu Oct 20 22:09:17 UTC 2016 i686
libc:glibc 2.19 NPTL 2.19 
rlimit: STACK 8192k, CORE 0k, NPROC 64564, NOFILE 4096, AS infinity
load average:0.22 0.06 0.06

/proc/meminfo:
MemTotal:        8283484 kB
MemFree:         6865728 kB
Buffers:          170940 kB
Cached:           752836 kB
SwapCached:            0 kB
Active:           803656 kB
Inactive:         500792 kB
Active(anon):     381660 kB
Inactive(anon):    25168 kB
Active(file):     421996 kB
Inactive(file):   475624 kB
Unevictable:          32 kB
Mlocked:              32 kB
HighTotal:       7475080 kB
HighFree:        6373464 kB
LowTotal:         808404 kB
LowFree:          492264 kB
SwapTotal:       1046524 kB
SwapFree:        1046524 kB
Dirty:              1248 kB
Writeback:             0 kB
AnonPages:        380680 kB
Mapped:           113328 kB
Shmem:             26160 kB
Slab:              75804 kB
SReclaimable:      62116 kB
SUnreclaim:        13688 kB
KernelStack:        3024 kB
PageTables:         6400 kB
NFS_Unstable:          0 kB
Bounce:                0 kB
WritebackTmp:          0 kB
CommitLimit:     5188264 kB
Committed_AS:    2411312 kB
VmallocTotal:     122880 kB
VmallocUsed:       23344 kB
VmallocChunk:      88336 kB
HardwareCorrupted:     0 kB
AnonHugePages:    190464 kB
HugePages_Total:       0
HugePages_Free:        0
HugePages_Rsvd:        0
HugePages_Surp:        0
Hugepagesize:       2048 kB
DirectMap4k:       16376 kB
DirectMap2M:      897024 kB


CPU:total 1 (1 cores per cpu, 1 threads per core) family 6 model 94 stepping 3, cmov, cx8, fxsr, mmx, sse, sse2, sse3, ssse3, sse4.1, sse4.2, popcnt, avx, aes, tsc, tscinvbit

/proc/cpuinfo:
processor	: 0
vendor_id	: GenuineIntel
cpu family	: 6
model		: 94
model name	: Intel(R) Core(TM) i5-6500 CPU @ 3.20GHz
stepping	: 3
microcode	: 0x76
cpu MHz		: 3600.000
cache size	: 6144 KB
physical id	: 0
siblings	: 1
core id		: 0
cpu cores	: 1
apicid		: 0
initial apicid	: 0
fdiv_bug	: no
f00f_bug	: no
coma_bug	: no
fpu		: yes
fpu_exception	: yes
cpuid level	: 22
wp		: yes
flags		: fpu vme de pse tsc msr pae mce cx8 apic sep mtrr pge mca cmov pat pse36 clflush dts mmx fxsr sse sse2 ss nx rdtscp lm constant_tsc arch_perfmon pebs bts tsc_reliable nonstop_tsc aperfmperf pni pclmulqdq ssse3 fma cx16 sse4_1 sse4_2 movbe popcnt aes xsave avx hypervisor lahf_lm 3dnowprefetch ida arat epb pln pts dtherm
bogomips	: 7200.00
clflush size	: 64
cache_alignment	: 64
address sizes	: 40 bits physical, 48 bits virtual
power management:



Memory: 4k page, physical 8283484k(6865728k free), swap 1046524k(1046524k free)

vm_info: OpenJDK Client VM (24.121-b00) for linux-x86 JRE (1.7.0_121-b00), built on Nov 16 2016 00:51:04 by "buildd" with gcc 4.8.4

time: Wed Nov 23 13:28:18 2016
elapsed time: 28885 seconds

