#
# A fatal error has been detected by the Java Runtime Environment:
#
#  SIGSEGV (0xb) at pc=0xb7579836, pid=4095, tid=3000077120
#
# JRE version: OpenJDK Runtime Environment (7.0_111-b01) (build 1.7.0_111-b01)
# Java VM: OpenJDK Client VM (24.111-b01 mixed mode, sharing linux-x86 )
# Derivative: IcedTea 2.6.7
# Distribution: Ubuntu 14.04 LTS, package 7u111-2.6.7-0ubuntu0.14.04.3
# Problematic frame:
# C  [libc.so.6+0x43836]  _IO_vfprintf+0x26
#
# Failed to write core dump. Core dumps have been disabled. To enable core dumping, try "ulimit -c unlimited" before starting Java again
#
# If you would like to submit a bug report, please include
# instructions on how to reproduce the bug and visit:
#   http://icedtea.classpath.org/bugzilla
# The crash happened outside the Java Virtual Machine in native code.
# See problematic frame for where to report the bug.
#

---------------  T H R E A D  ---------------

Current thread (0x0946d000):  JavaThread "Thread-18" [_thread_in_native, id=4659, stack(0xb2cc8000,0xb2d19000)]

siginfo:si_signo=SIGSEGV: si_errno=0, si_code=1 (SEGV_MAPERR), si_addr=0x00000046

Registers:
EAX=0xb2d18b40, EBX=0xb76e1000, ECX=0x000003a8, EDX=0xb2837bb5
ESP=0xb2852a7c, EBP=0xb2852f94, ESI=0x00000000, EDI=0x00000000
EIP=0xb7579836, EFLAGS=0x00010292, CR2=0x00000046

Top of Stack: (sp=0xb2852a7c)
0xb2852a7c:   b2852fcc b28489f8 b2853020 b7579d82
0xb2852a8c:   b2852fcc b2848b9e ffffffff b75a6d12
0xb2852a9c:   b2853380 b2848cf3 00000016 00000001
0xb2852aac:   000001df 000001e0 000001e1 b76e1000
0xb2852abc:   b285300c 00000001 b2852fe4 b7579970
0xb2852acc:   b285300c b2848c52 00000001 0000002c
0xb2852adc:   00000000 00000000 fffffffe 00000000
0xb2852aec:   0000001a 00000000 00000000 00000000 

Instructions: (pc=0xb7579836)
0xb7579816:   00 89 e5 57 56 53 e8 ba 2f 0e 00 81 c3 df 77 16
0xb7579826:   00 81 ec 0c 05 00 00 8b 75 08 89 85 ac fb ff ff
0xb7579836:   80 7e 46 00 8b 8b 24 ff ff ff 8b 04 08 89 85 a4
0xb7579846:   fb ff ff 75 20 8b 83 08 ff ff ff 85 c0 0f 84 5a 

Register to memory mapping:

EAX=0xb2d18b40 is pointing into the stack for thread: 0x0946d000
EBX=0xb76e1000: <offset 0x1ab000> in /lib/i386-linux-gnu/libc.so.6 at 0xb7536000
ECX=0x000003a8 is an unknown value
EDX=0xb2837bb5: <offset 0x14bb5> in /media/user/JK/Dual-radio-simulation/examples/ipv6/rpl-udp/obj_cooja/mtype37.cooja at 0xb2823000
ESP=0xb2852a7c: <offset 0x2fa7c> in /media/user/JK/Dual-radio-simulation/examples/ipv6/rpl-udp/obj_cooja/mtype37.cooja at 0xb2823000
EBP=0xb2852f94: <offset 0x2ff94> in /media/user/JK/Dual-radio-simulation/examples/ipv6/rpl-udp/obj_cooja/mtype37.cooja at 0xb2823000
ESI=0x00000000 is an unknown value
EDI=0x00000000 is an unknown value


Stack: [0xb2cc8000,0xb2d19000],  sp=0xb2852a7c,  free space=4189738k
Native frames: (J=compiled Java code, j=interpreted, Vv=VM code, C=native code)
C  [libc.so.6+0x43836]  _IO_vfprintf+0x26
C  [libc.so.6+0x4d3ff]  _IO_fprintf+0x1f
C  [mtype37.cooja+0x23421]  send+0x41
C  [mtype37.cooja+0x14c33]  send_packet+0x43
C  [mtype37.cooja+0x150b9]  output+0x47f
C  [mtype37.cooja+0x19e2a]  tcpip_output+0x1c
C  [mtype37.cooja+0x1a693]  tcpip_ipv6_output+0x376
C  [mtype37.cooja+0x23dde]  uip_icmp6_send+0x101
C  [mtype37.cooja+0x1e113]  dis_output+0xbf
C  [mtype37.cooja+0x11a70]  process_thread_dual_dis_broadcast+0x3c
C  [mtype37.cooja+0x124c0]  call_process+0x57
C  [mtype37.cooja+0x1280e]  process_post_synch+0x2e
C  [mtype37.cooja+0x1237d]  process_start+0x6d
C  [mtype37.cooja+0x11b27]  dis_broadcast+0x1a
C  [mtype37.cooja+0x20515]  handle_periodic_timer+0x49
C  [mtype37.cooja+0x11ca3]  process_thread_ctimer_process+0xe7
C  [mtype37.cooja+0x124c0]  call_process+0x57
C  [mtype37.cooja+0x126e4]  do_event+0x141
C  [mtype37.cooja+0x12701]  process_run+0x1b
C  [mtype37.cooja+0x10013]  process_run_thread_loop+0x2b

Java frames: (J=compiled Java code, j=interpreted, Vv=VM code)
j  org.contikios.cooja.corecomm.Lib6.tick()V+0
j  org.contikios.cooja.contikimote.ContikiMoteType.tick()V+4
j  org.contikios.cooja.contikimote.ContikiMote.execute(J)V+63
j  org.contikios.cooja.motes.AbstractWakeupMote$1.execute(J)V+5
j  org.contikios.cooja.Simulation.run()V+184
j  java.lang.Thread.run()V+11
v  ~StubRoutines::call_stub

---------------  P R O C E S S  ---------------

Java Threads: ( => current thread )
=>0x0946d000 JavaThread "Thread-18" [_thread_in_native, id=4659, stack(0xb2cc8000,0xb2d19000)]
  0xb4131400 JavaThread "Thread-17" [_thread_blocked, id=4649, stack(0xb29f2000,0xb2a43000)]
  0xb4133000 JavaThread "Thread-16" [_thread_blocked, id=4648, stack(0xb28ab000,0xb28fc000)]
  0xb4139400 JavaThread "Thread-15" [_thread_blocked, id=4601, stack(0xb296a000,0xb29bb000)]
  0xb4130800 JavaThread "Thread-14" [_thread_blocked, id=4600, stack(0xb2b4d000,0xb2b9e000)]
  0xb4139000 JavaThread "process reaper" daemon [_thread_blocked, id=4555, stack(0xb2d6a000,0xb2d83000)]
  0x09435400 JavaThread "Thread-11" [_thread_blocked, id=4537, stack(0xb2df5000,0xb2e46000)]
  0x09454800 JavaThread "Thread-9" [_thread_blocked, id=4489, stack(0xb2a43000,0xb2a94000)]
  0x09480400 JavaThread "Thread-8" [_thread_blocked, id=4446, stack(0xb2d19000,0xb2d6a000)]
  0xb3835400 JavaThread "Thread-5" [_thread_blocked, id=4244, stack(0xb2afc000,0xb2b4d000)]
  0xb38a5000 JavaThread "Thread-3" [_thread_blocked, id=4196, stack(0xb2bd5000,0xb2c26000)]
  0x095c3800 JavaThread "Thread-2" [_thread_blocked, id=4154, stack(0xb2c26000,0xb2c77000)]
  0x095c0000 JavaThread "Thread-1" [_thread_blocked, id=4136, stack(0xb2c77000,0xb2cc8000)]
  0x092e2000 JavaThread "TimerQueue" daemon [_thread_blocked, id=4112, stack(0xb3219000,0xb326a000)]
  0xb6707800 JavaThread "DestroyJavaVM" [_thread_blocked, id=4097, stack(0xb68e8000,0xb6939000)]
  0xb3854000 JavaThread "AWT-EventQueue-0" [_thread_blocked, id=4111, stack(0xb326a000,0xb32bb000)]
  0xb3874000 JavaThread "AWT-Shutdown" [_thread_blocked, id=4110, stack(0xb32bb000,0xb330c000)]
  0xb3849000 JavaThread "AWT-XAWT" daemon [_thread_in_native, id=4109, stack(0xb33ad000,0xb33fe000)]
  0xb383a000 JavaThread "Java2D Disposer" daemon [_thread_blocked, id=4108, stack(0xb340f000,0xb3460000)]
  0xb674cc00 JavaThread "Service Thread" daemon [_thread_blocked, id=4106, stack(0xb3d3b000,0xb3d8c000)]
  0xb674ac00 JavaThread "C1 CompilerThread0" daemon [_thread_blocked, id=4105, stack(0xb3d8c000,0xb3e0d000)]
  0xb6749000 JavaThread "Signal Dispatcher" daemon [_thread_blocked, id=4104, stack(0xb3e0d000,0xb3e5e000)]
  0xb6733400 JavaThread "Finalizer" daemon [_thread_blocked, id=4103, stack(0xb405e000,0xb40af000)]
  0xb6731c00 JavaThread "Reference Handler" daemon [_thread_blocked, id=4102, stack(0xb40af000,0xb4100000)]

Other Threads:
  0xb6730400 VMThread [stack: 0xb422c000,0xb42ad000] [id=4101]
  0xb674f000 WatcherThread [stack: 0xb3cba000,0xb3d3b000] [id=4107]

VM state:not at safepoint (normal execution)

VM Mutex/Monitor currently owned by a thread: None

Heap
 def new generation   total 5056K, used 3081K [0x6e800000, 0x6ed70000, 0x792a0000)
  eden space 4544K,  65% used [0x6e800000, 0x6eaea930, 0x6ec70000)
  from space 512K,  18% used [0x6ec70000, 0x6ec87e58, 0x6ecf0000)
  to   space 512K,   0% used [0x6ecf0000, 0x6ecf0000, 0x6ed70000)
 tenured generation   total 10944K, used 6844K [0x792a0000, 0x79d50000, 0x8e800000)
   the space 10944K,  62% used [0x792a0000, 0x7994f2e8, 0x7994f400, 0x79d50000)
 compacting perm gen  total 12288K, used 6759K [0x8e800000, 0x8f400000, 0x92800000)
   the space 12288K,  55% used [0x8e800000, 0x8ee99fc0, 0x8ee9a000, 0x8f400000)
    ro space 10240K,  59% used [0x92800000, 0x92dfe3d8, 0x92dfe400, 0x93200000)
    rw space 12288K,  59% used [0x93200000, 0x9391c2b0, 0x9391c400, 0x93e00000)

Card table byte_map: [0xb4554000,0xb4680000] byte_map_base: 0xb41e0000

Polling page: 0xb76eb000

Code Cache  [0xb4700000, 0xb4a30000, 0xb6700000)
 total_blobs=2067 nmethods=1771 adapters=230 free_code_cache=29515Kb largest_free_block=30223680

Compilation events (10 events):
Event: 1243.261 Thread 0xb674ac00 1774             org.contikios.cooja.contikimote.interfaces.ContikiRS232::doActionsAfterTick (89 bytes)
Event: 1243.261 Thread 0xb674ac00 nmethod 1774 0xb4a2bbc8 code [0xb4a2bd80, 0xb4a2c120]
Event: 1243.262 Thread 0xb674ac00 1775             org.contikios.cooja.mote.memory.ArrayMemory::getTotalSize (6 bytes)
Event: 1243.262 Thread 0xb674ac00 nmethod 1775 0xb4a2c848 code [0xb4a2c940, 0xb4a2c9d0]
Event: 1243.263 Thread 0xb674ac00 1776             org.contikios.cooja.mote.memory.SectionMoteMemory::includesAddr (36 bytes)
Event: 1243.263 Thread 0xb674ac00 nmethod 1776 0xb4a2ca48 code [0xb4a2cb70, 0xb4a2cc80]
Event: 1243.264 Thread 0xb674ac00 1777             java.util.HashMap$ValueIterator::next (8 bytes)
Event: 1243.264 Thread 0xb674ac00 nmethod 1777 0xb4a2cd48 code [0xb4a2ce50, 0xb4a2ceec]
Event: 1243.264 Thread 0xb674ac00 1778             java.util.Arrays::equals (54 bytes)
Event: 1243.264 Thread 0xb674ac00 nmethod 1778 0xb4a2cf88 code [0xb4a2d090, 0xb4a2d1d0]

GC Heap History (10 events):
Event: 1242.670 GC heap before
{Heap before GC invocations=908 (full 5):
 def new generation   total 5056K, used 4554K [0x6e800000, 0x6ed70000, 0x792a0000)
  eden space 4544K, 100% used [0x6e800000, 0x6ec70000, 0x6ec70000)
  from space 512K,   2% used [0x6ecf0000, 0x6ecf2af8, 0x6ed70000)
  to   space 512K,   0% used [0x6ec70000, 0x6ec70000, 0x6ecf0000)
 tenured generation   total 10944K, used 5867K [0x792a0000, 0x79d50000, 0x8e800000)
   the space 10944K,  53% used [0x792a0000, 0x7985acc0, 0x7985ae00, 0x79d50000)
 compacting perm gen  total 12288K, used 6744K [0x8e800000, 0x8f400000, 0x92800000)
   the space 12288K,  54% used [0x8e800000, 0x8ee96108, 0x8ee96200, 0x8f400000)
    ro space 10240K,  59% used [0x92800000, 0x92dfe3d8, 0x92dfe400, 0x93200000)
    rw space 12288K,  59% used [0x93200000, 0x9391c2b0, 0x9391c400, 0x93e00000)
Event: 1242.671 GC heap after
Heap after GC invocations=909 (full 5):
 def new generation   total 5056K, used 173K [0x6e800000, 0x6ed70000, 0x792a0000)
  eden space 4544K,   0% used [0x6e800000, 0x6e800000, 0x6ec70000)
  from space 512K,  33% used [0x6ec70000, 0x6ec9b788, 0x6ecf0000)
  to   space 512K,   0% used [0x6ecf0000, 0x6ecf0000, 0x6ed70000)
 tenured generation   total 10944K, used 5867K [0x792a0000, 0x79d50000, 0x8e800000)
   the space 10944K,  53% used [0x792a0000, 0x7985ada8, 0x7985ae00, 0x79d50000)
 compacting perm gen  total 12288K, used 6744K [0x8e800000, 0x8f400000, 0x92800000)
   the space 12288K,  54% used [0x8e800000, 0x8ee96108, 0x8ee96200, 0x8f400000)
    ro space 10240K,  59% used [0x92800000, 0x92dfe3d8, 0x92dfe400, 0x93200000)
    rw space 12288K,  59% used [0x93200000, 0x9391c2b0, 0x9391c400, 0x93e00000)
}
Event: 1242.759 GC heap before
{Heap before GC invocations=909 (full 5):
 def new generation   total 5056K, used 4717K [0x6e800000, 0x6ed70000, 0x792a0000)
  eden space 4544K,  99% used [0x6e800000, 0x6ec6ffd0, 0x6ec70000)
  from space 512K,  33% used [0x6ec70000, 0x6ec9b788, 0x6ecf0000)
  to   space 512K,   0% used [0x6ecf0000, 0x6ecf0000, 0x6ed70000)
 tenured generation   total 10944K, used 5867K [0x792a0000, 0x79d50000, 0x8e800000)
   the space 10944K,  53% used [0x792a0000, 0x7985ada8, 0x7985ae00, 0x79d50000)
 compacting perm gen  total 12288K, used 6744K [0x8e800000, 0x8f400000, 0x92800000)
   the space 12288K,  54% used [0x8e800000, 0x8ee961c8, 0x8ee96200, 0x8f400000)
    ro space 10240K,  59% used [0x92800000, 0x92dfe3d8, 0x92dfe400, 0x93200000)
    rw space 12288K,  59% used [0x93200000, 0x9391c2b0, 0x9391c400, 0x93e00000)
Event: 1242.761 GC heap after
Heap after GC invocations=910 (full 5):
 def new generation   total 5056K, used 512K [0x6e800000, 0x6ed70000, 0x792a0000)
  eden space 4544K,   0% used [0x6e800000, 0x6e800000, 0x6ec70000)
  from space 512K, 100% used [0x6ecf0000, 0x6ed70000, 0x6ed70000)
  to   space 512K,   0% used [0x6ec70000, 0x6ec70000, 0x6ecf0000)
 tenured generation   total 10944K, used 6056K [0x792a0000, 0x79d50000, 0x8e800000)
   the space 10944K,  55% used [0x792a0000, 0x7988a228, 0x7988a400, 0x79d50000)
 compacting perm gen  total 12288K, used 6744K [0x8e800000, 0x8f400000, 0x92800000)
   the space 12288K,  54% used [0x8e800000, 0x8ee961c8, 0x8ee96200, 0x8f400000)
    ro space 10240K,  59% used [0x92800000, 0x92dfe3d8, 0x92dfe400, 0x93200000)
    rw space 12288K,  59% used [0x93200000, 0x9391c2b0, 0x9391c400, 0x93e00000)
}
Event: 1242.844 GC heap before
{Heap before GC invocations=910 (full 5):
 def new generation   total 5056K, used 5056K [0x6e800000, 0x6ed70000, 0x792a0000)
  eden space 4544K, 100% used [0x6e800000, 0x6ec70000, 0x6ec70000)
  from space 512K, 100% used [0x6ecf0000, 0x6ed70000, 0x6ed70000)
  to   space 512K,   0% used [0x6ec70000, 0x6ec70000, 0x6ecf0000)
 tenured generation   total 10944K, used 6056K [0x792a0000, 0x79d50000, 0x8e800000)
   the space 10944K,  55% used [0x792a0000, 0x7988a228, 0x7988a400, 0x79d50000)
 compacting perm gen  total 12288K, used 6744K [0x8e800000, 0x8f400000, 0x92800000)
   the space 12288K,  54% used [0x8e800000, 0x8ee96248, 0x8ee96400, 0x8f400000)
    ro space 10240K,  59% used [0x92800000, 0x92dfe3d8, 0x92dfe400, 0x93200000)
    rw space 12288K,  59% used [0x93200000, 0x9391c2b0, 0x9391c400, 0x93e00000)
Event: 1242.846 GC heap after
Heap after GC invocations=911 (full 5):
 def new generation   total 5056K, used 187K [0x6e800000, 0x6ed70000, 0x792a0000)
  eden space 4544K,   0% used [0x6e800000, 0x6e800000, 0x6ec70000)
  from space 512K,  36% used [0x6ec70000, 0x6ec9ec68, 0x6ecf0000)
  to   space 512K,   0% used [0x6ecf0000, 0x6ecf0000, 0x6ed70000)
 tenured generation   total 10944K, used 6542K [0x792a0000, 0x79d50000, 0x8e800000)
   the space 10944K,  59% used [0x792a0000, 0x799039c0, 0x79903a00, 0x79d50000)
 compacting perm gen  total 12288K, used 6744K [0x8e800000, 0x8f400000, 0x92800000)
   the space 12288K,  54% used [0x8e800000, 0x8ee96248, 0x8ee96400, 0x8f400000)
    ro space 10240K,  59% used [0x92800000, 0x92dfe3d8, 0x92dfe400, 0x93200000)
    rw space 12288K,  59% used [0x93200000, 0x9391c2b0, 0x9391c400, 0x93e00000)
}
Event: 1242.932 GC heap before
{Heap before GC invocations=911 (full 5):
 def new generation   total 5056K, used 4731K [0x6e800000, 0x6ed70000, 0x792a0000)
  eden space 4544K, 100% used [0x6e800000, 0x6ec70000, 0x6ec70000)
  from space 512K,  36% used [0x6ec70000, 0x6ec9ec68, 0x6ecf0000)
  to   space 512K,   0% used [0x6ecf0000, 0x6ecf0000, 0x6ed70000)
 tenured generation   total 10944K, used 6542K [0x792a0000, 0x79d50000, 0x8e800000)
   the space 10944K,  59% used [0x792a0000, 0x799039c0, 0x79903a00, 0x79d50000)
 compacting perm gen  total 12288K, used 6744K [0x8e800000, 0x8f400000, 0x92800000)
   the space 12288K,  54% used [0x8e800000, 0x8ee96268, 0x8ee96400, 0x8f400000)
    ro space 10240K,  59% used [0x92800000, 0x92dfe3d8, 0x92dfe400, 0x93200000)
    rw space 12288K,  59% used [0x93200000, 0x9391c2b0, 0x9391c400, 0x93e00000)
Event: 1242.933 GC heap after
Heap after GC invocations=912 (full 5):
 def new generation   total 5056K, used 424K [0x6e800000, 0x6ed70000, 0x792a0000)
  eden space 4544K,   0% used [0x6e800000, 0x6e800000, 0x6ec70000)
  from space 512K,  82% used [0x6ecf0000, 0x6ed5a008, 0x6ed70000)
  to   space 512K,   0% used [0x6ec70000, 0x6ec70000, 0x6ecf0000)
 tenured generation   total 10944K, used 6542K [0x792a0000, 0x79d50000, 0x8e800000)
   the space 10944K,  59% used [0x792a0000, 0x799039c0, 0x79903a00, 0x79d50000)
 compacting perm gen  total 12288K, used 6744K [0x8e800000, 0x8f400000, 0x92800000)
   the space 12288K,  54% used [0x8e800000, 0x8ee96268, 0x8ee96400, 0x8f400000)
    ro space 10240K,  59% used [0x92800000, 0x92dfe3d8, 0x92dfe400, 0x93200000)
    rw space 12288K,  59% used [0x93200000, 0x9391c2b0, 0x9391c400, 0x93e00000)
}
Event: 1243.014 GC heap before
{Heap before GC invocations=912 (full 5):
 def new generation   total 5056K, used 4962K [0x6e800000, 0x6ed70000, 0x792a0000)
  eden space 4544K,  99% used [0x6e800000, 0x6ec6ebb0, 0x6ec70000)
  from space 512K,  82% used [0x6ecf0000, 0x6ed5a008, 0x6ed70000)
  to   space 512K,   0% used [0x6ec70000, 0x6ec70000, 0x6ecf0000)
 tenured generation   total 10944K, used 6542K [0x792a0000, 0x79d50000, 0x8e800000)
   the space 10944K,  59% used [0x792a0000, 0x799039c0, 0x79903a00, 0x79d50000)
 compacting perm gen  total 12288K, used 6744K [0x8e800000, 0x8f400000, 0x92800000)
   the space 12288K,  54% used [0x8e800000, 0x8ee96328, 0x8ee96400, 0x8f400000)
    ro space 10240K,  59% used [0x92800000, 0x92dfe3d8, 0x92dfe400, 0x93200000)
    rw space 12288K,  59% used [0x93200000, 0x9391c2b0, 0x9391c400, 0x93e00000)
Event: 1243.015 GC heap after
Heap after GC invocations=913 (full 5):
 def new generation   total 5056K, used 95K [0x6e800000, 0x6ed70000, 0x792a0000)
  eden space 4544K,   0% used [0x6e800000, 0x6e800000, 0x6ec70000)
  from space 512K,  18% used [0x6ec70000, 0x6ec87e58, 0x6ecf0000)
  to   space 512K,   0% used [0x6ecf0000, 0x6ecf0000, 0x6ed70000)
 tenured generation   total 10944K, used 6844K [0x792a0000, 0x79d50000, 0x8e800000)
   the space 10944K,  62% used [0x792a0000, 0x7994f2e8, 0x7994f400, 0x79d50000)
 compacting perm gen  total 12288K, used 6744K [0x8e800000, 0x8f400000, 0x92800000)
   the space 12288K,  54% used [0x8e800000, 0x8ee96328, 0x8ee96400, 0x8f400000)
    ro space 10240K,  59% used [0x92800000, 0x92dfe3d8, 0x92dfe400, 0x93200000)
    rw space 12288K,  59% used [0x93200000, 0x9391c2b0, 0x9391c400, 0x93e00000)
}

Deoptimization events (0 events):
No events

Internal exceptions (10 events):
Event: 1150.664 Thread 0x094adc00 Threw 0x6ec228b8 at /build/openjdk-7-Ylwexc/openjdk-7-7u111-2.6.7/build/openjdk/hotspot/src/share/vm/prims/jvm.cpp:1322
Event: 1239.929 Thread 0xb3854000 Threw 0x6ec34018 at /build/openjdk-7-Ylwexc/openjdk-7-7u111-2.6.7/build/openjdk/hotspot/src/share/vm/prims/jni.cpp:747
Event: 1240.894 Thread 0x0947f800 Threw 0x6e8b0248 at /build/openjdk-7-Ylwexc/openjdk-7-7u111-2.6.7/build/openjdk/hotspot/src/share/vm/prims/jvm.cpp:1322
Event: 1242.185 Thread 0x0947f800 Threw 0x6e99e130 at /build/openjdk-7-Ylwexc/openjdk-7-7u111-2.6.7/build/openjdk/hotspot/src/share/vm/prims/jvm.cpp:1322
Event: 1243.252 Thread 0x0946d000 Threw 0x6ea99dc8 at /build/openjdk-7-Ylwexc/openjdk-7-7u111-2.6.7/build/openjdk/hotspot/src/share/vm/prims/jvm.cpp:1322
Event: 1243.252 Thread 0x0946d000 Threw 0x6ea9c8b8 at /build/openjdk-7-Ylwexc/openjdk-7-7u111-2.6.7/build/openjdk/hotspot/src/share/vm/prims/jvm.cpp:1322
Event: 1243.255 Thread 0x0946d000 Threw 0x6eab0910 at /build/openjdk-7-Ylwexc/openjdk-7-7u111-2.6.7/build/openjdk/hotspot/src/share/vm/prims/jvm.cpp:1322
Event: 1243.256 Thread 0x0946d000 Threw 0x6eab5950 at /build/openjdk-7-Ylwexc/openjdk-7-7u111-2.6.7/build/openjdk/hotspot/src/share/vm/prims/jvm.cpp:1322
Event: 1243.256 Thread 0x0946d000 Threw 0x6eab8908 at /build/openjdk-7-Ylwexc/openjdk-7-7u111-2.6.7/build/openjdk/hotspot/src/share/vm/prims/jvm.cpp:1322
Event: 1243.257 Thread 0x0946d000 Threw 0x6eac1198 at /build/openjdk-7-Ylwexc/openjdk-7-7u111-2.6.7/build/openjdk/hotspot/src/share/vm/prims/jvm.cpp:1322

Events (10 events):
Event: 1243.262 Executing VM operation: RevokeBias
Event: 1243.262 Executing VM operation: RevokeBias done
Event: 1243.263 Executing VM operation: RevokeBias
Event: 1243.263 Executing VM operation: RevokeBias done
Event: 1243.263 Executing VM operation: RevokeBias
Event: 1243.263 Executing VM operation: RevokeBias done
Event: 1243.263 Executing VM operation: RevokeBias
Event: 1243.263 Executing VM operation: RevokeBias done
Event: 1243.263 Executing VM operation: RevokeBias
Event: 1243.263 Executing VM operation: RevokeBias done


Dynamic libraries:
08048000-08049000 r-xp 00000000 08:01 277188     /usr/lib/jvm/java-7-openjdk-i386/jre/bin/java
08049000-0804a000 r--p 00000000 08:01 277188     /usr/lib/jvm/java-7-openjdk-i386/jre/bin/java
0804a000-0804b000 rw-p 00001000 08:01 277188     /usr/lib/jvm/java-7-openjdk-i386/jre/bin/java
091e4000-095ef000 rw-p 00000000 00:00 0          [heap]
6e800000-6ed70000 rw-p 00000000 00:00 0 
6ed70000-792a0000 rw-p 00000000 00:00 0 
792a0000-79d50000 rw-p 00000000 00:00 0 
79d50000-8e800000 rw-p 00000000 00:00 0 
8e800000-8f400000 rw-p 00000000 00:00 0 
8f400000-92800000 rw-p 00000000 00:00 0 
92800000-92dff000 r--p 00001000 08:01 199405     /usr/lib/jvm/java-7-openjdk-i386/jre/lib/i386/client/classes.jsa
92dff000-93200000 rw-p 00000000 00:00 0 
93200000-9391d000 rw-p 00600000 08:01 199405     /usr/lib/jvm/java-7-openjdk-i386/jre/lib/i386/client/classes.jsa
9391d000-93e00000 rw-p 00000000 00:00 0 
93e00000-94114000 rw-p 00d1d000 08:01 199405     /usr/lib/jvm/java-7-openjdk-i386/jre/lib/i386/client/classes.jsa
94114000-94200000 rw-p 00000000 00:00 0 
94200000-94209000 r-xp 01031000 08:01 199405     /usr/lib/jvm/java-7-openjdk-i386/jre/lib/i386/client/classes.jsa
94209000-94600000 rw-p 00000000 00:00 0 
b2823000-b2850000 r-xp 00000000 08:10 527123     /media/user/JK/Dual-radio-simulation/examples/ipv6/rpl-udp/obj_cooja/mtype37.cooja
b2850000-b2851000 r--p 0002c000 08:10 527123     /media/user/JK/Dual-radio-simulation/examples/ipv6/rpl-udp/obj_cooja/mtype37.cooja
b2851000-b2852000 rw-p 0002d000 08:10 527123     /media/user/JK/Dual-radio-simulation/examples/ipv6/rpl-udp/obj_cooja/mtype37.cooja
b2852000-b285a000 rw-p 00000000 00:00 0          [stack:4659]
b285a000-b285d000 ---p 00000000 00:00 0 
b285d000-b28ab000 rw-p 00000000 00:00 0 
b28ab000-b28ae000 ---p 00000000 00:00 0 
b28ae000-b28fc000 rw-p 00000000 00:00 0          [stack:4648]
b28fc000-b2929000 r-xp 00000000 08:10 527118     /media/user/JK/Dual-radio-simulation/examples/ipv6/rpl-udp/obj_cooja/mtype314.cooja
b2929000-b292a000 r--p 0002c000 08:10 527118     /media/user/JK/Dual-radio-simulation/examples/ipv6/rpl-udp/obj_cooja/mtype314.cooja
b292a000-b292b000 rw-p 0002d000 08:10 527118     /media/user/JK/Dual-radio-simulation/examples/ipv6/rpl-udp/obj_cooja/mtype314.cooja
b292b000-b2933000 rw-p 00000000 00:00 0 
b2933000-b2960000 r-xp 00000000 08:10 527114     /media/user/JK/Dual-radio-simulation/examples/ipv6/rpl-udp/obj_cooja/mtype123.cooja
b2960000-b2961000 r--p 0002c000 08:10 527114     /media/user/JK/Dual-radio-simulation/examples/ipv6/rpl-udp/obj_cooja/mtype123.cooja
b2961000-b2962000 rw-p 0002d000 08:10 527114     /media/user/JK/Dual-radio-simulation/examples/ipv6/rpl-udp/obj_cooja/mtype123.cooja
b2962000-b296a000 rw-p 00000000 00:00 0 
b296a000-b296d000 ---p 00000000 00:00 0 
b296d000-b29bb000 rw-p 00000000 00:00 0          [stack:4601]
b29bb000-b29e8000 r-xp 00000000 08:10 527110     /media/user/JK/Dual-radio-simulation/examples/ipv6/rpl-udp/obj_cooja/mtype867.cooja
b29e8000-b29e9000 r--p 0002c000 08:10 527110     /media/user/JK/Dual-radio-simulation/examples/ipv6/rpl-udp/obj_cooja/mtype867.cooja
b29e9000-b29ea000 rw-p 0002d000 08:10 527110     /media/user/JK/Dual-radio-simulation/examples/ipv6/rpl-udp/obj_cooja/mtype867.cooja
b29ea000-b29f2000 rw-p 00000000 00:00 0 
b29f2000-b29f5000 ---p 00000000 00:00 0 
b29f5000-b2a43000 rw-p 00000000 00:00 0          [stack:4649]
b2a43000-b2a46000 ---p 00000000 00:00 0 
b2a46000-b2a94000 rw-p 00000000 00:00 0          [stack:4489]
b2a94000-b2ac1000 r-xp 00000000 08:10 527097     /media/user/JK/Dual-radio-simulation/examples/ipv6/rpl-udp/obj_cooja/mtype687.cooja
b2ac1000-b2ac2000 r--p 0002c000 08:10 527097     /media/user/JK/Dual-radio-simulation/examples/ipv6/rpl-udp/obj_cooja/mtype687.cooja
b2ac2000-b2ac3000 rw-p 0002d000 08:10 527097     /media/user/JK/Dual-radio-simulation/examples/ipv6/rpl-udp/obj_cooja/mtype687.cooja
b2ac3000-b2acb000 rw-p 00000000 00:00 0 
b2afc000-b2aff000 ---p 00000000 00:00 0 
b2aff000-b2b4d000 rw-p 00000000 00:00 0          [stack:4244]
b2b4d000-b2b50000 ---p 00000000 00:00 0 
b2b50000-b2b9e000 rw-p 00000000 00:00 0          [stack:4600]
b2b9e000-b2bcb000 r-xp 00000000 08:10 527093     /media/user/JK/Dual-radio-simulation/examples/ipv6/rpl-udp/obj_cooja/mtype853.cooja
b2bcb000-b2bcc000 r--p 0002c000 08:10 527093     /media/user/JK/Dual-radio-simulation/examples/ipv6/rpl-udp/obj_cooja/mtype853.cooja
b2bcc000-b2bcd000 rw-p 0002d000 08:10 527093     /media/user/JK/Dual-radio-simulation/examples/ipv6/rpl-udp/obj_cooja/mtype853.cooja
b2bcd000-b2bd5000 rw-p 00000000 00:00 0 
b2bd5000-b2bd8000 ---p 00000000 00:00 0 
b2bd8000-b2c26000 rw-p 00000000 00:00 0          [stack:4196]
b2c26000-b2c29000 ---p 00000000 00:00 0 
b2c29000-b2c77000 rw-p 00000000 00:00 0          [stack:4154]
b2c77000-b2c7a000 ---p 00000000 00:00 0 
b2c7a000-b2cc8000 rw-p 00000000 00:00 0          [stack:4136]
b2cc8000-b2ccb000 ---p 00000000 00:00 0 
b2ccb000-b2d19000 rw-p 00000000 00:00 0 
b2d19000-b2d1c000 ---p 00000000 00:00 0 
b2d1c000-b2d6a000 rw-p 00000000 00:00 0          [stack:4446]
b2d6a000-b2d6d000 ---p 00000000 00:00 0 
b2d6d000-b2d83000 rw-p 00000000 00:00 0          [stack:4555]
b2d87000-b2dac000 rw-s 00000000 00:04 8912917    /SYSV00000000 (deleted)
b2df5000-b2df8000 ---p 00000000 00:00 0 
b2df8000-b2e46000 rw-p 00000000 00:00 0          [stack:4537]
b2e4a000-b2e4b000 rw-p 00000000 00:00 0 
b2e4b000-b31c1000 rw-s 00000000 00:04 6225938    /SYSV00000000 (deleted)
b31c1000-b31c3000 r--s 00003000 08:10 655796     /media/user/JK/Dual-radio-simulation/tools/cooja/apps/powertracker/lib/powertracker.jar
b31c3000-b31c4000 r--s 00002000 08:10 530032     /media/user/JK/Dual-radio-simulation/tools/cooja/apps/collect-view/cooja-collect-view.jar
b31c4000-b31c6000 r--s 00008000 08:10 655842     /media/user/JK/Dual-radio-simulation/tools/cooja/apps/serial_socket/lib/serial_socket.jar
b31c6000-b3200000 r--s 001e1000 08:10 530001     /media/user/JK/Dual-radio-simulation/tools/cooja/apps/avrora/lib/avrora-small.jar
b3200000-b3201000 r--s 00008000 08:10 530002     /media/user/JK/Dual-radio-simulation/tools/cooja/apps/avrora/lib/cooja_avrora.jar
b3201000-b3203000 r--s 00010000 08:10 655682     /media/user/JK/Dual-radio-simulation/tools/cooja/apps/mspsim/lib/jipv6.jar
b3203000-b3204000 r--s 00004000 08:10 655680     /media/user/JK/Dual-radio-simulation/tools/cooja/apps/mspsim/lib/coffee.jar
b3204000-b3210000 r--s 000eb000 08:10 655683     /media/user/JK/Dual-radio-simulation/tools/cooja/apps/mspsim/lib/mspsim.jar
b3210000-b3216000 r--s 00062000 08:10 655681     /media/user/JK/Dual-radio-simulation/tools/cooja/apps/mspsim/lib/cooja_mspsim.jar
b3216000-b3219000 r--s 0001e000 08:10 655466     /media/user/JK/Dual-radio-simulation/tools/cooja/apps/mrm/lib/mrm.jar
b3219000-b321c000 ---p 00000000 00:00 0 
b321c000-b326a000 rw-p 00000000 00:00 0          [stack:4112]
b326a000-b326d000 ---p 00000000 00:00 0 
b326d000-b32bb000 rw-p 00000000 00:00 0          [stack:4111]
b32bb000-b32be000 ---p 00000000 00:00 0 
b32be000-b330c000 rw-p 00000000 00:00 0          [stack:4110]
b330c000-b330d000 r--s 00000000 08:01 403951     /var/cache/fontconfig/c05880de57d1f5e948fdfacc138775d9-le32d4.cache-4
b330d000-b3315000 r--s 00000000 08:01 395165     /var/cache/fontconfig/945677eb7aeaf62f1d50efc3fb3ec7d8-le32d4.cache-4
b3315000-b3317000 r--s 00000000 08:01 403828     /var/cache/fontconfig/99e8ed0e538f840c565b6ed5dad60d56-le32d4.cache-4
b3317000-b331b000 r--s 00000000 08:01 403701     /var/cache/fontconfig/2cd17615ca594fa2959ae173292e504c-le32d4.cache-4
b331b000-b331c000 r--s 00000000 08:01 403278     /var/cache/fontconfig/e7071f4a29fa870f4323321c154eba04-le32d4.cache-4
b331c000-b331d000 r--s 00000000 08:01 402342     /var/cache/fontconfig/0d8c3b2ac0904cb8a57a757ad11a4a08-le32d4.cache-4
b331d000-b3322000 r--s 00000000 08:01 402341     /var/cache/fontconfig/a755afe4a08bf5b97852ceb7400b47bc-le32d4.cache-4
b3322000-b332b000 r--s 00000000 08:01 401848     /var/cache/fontconfig/6d41288fd70b0be22e8c3a91e032eec0-le32d4.cache-4
b332b000-b333a000 r--s 00000000 08:01 401847     /var/cache/fontconfig/04aabc0a78ac019cf9454389977116d2-le32d4.cache-4
b333a000-b333b000 r--s 00000000 08:01 401846     /var/cache/fontconfig/1ac9eb803944fde146138c791f5cc56a-le32d4.cache-4
b333b000-b333e000 r--s 00000000 08:01 401845     /var/cache/fontconfig/385c0604a188198f04d133e54aba7fe7-le32d4.cache-4
b333e000-b333f000 r--s 00000000 08:01 401843     /var/cache/fontconfig/dc05db6664285cc2f12bf69c139ae4c3-le32d4.cache-4
b333f000-b3341000 r--s 00000000 08:01 393795     /var/cache/fontconfig/767a8244fc0220cfb567a839d0392e0b-le32d4.cache-4
b3341000-b3345000 r--s 00000000 08:01 401841     /var/cache/fontconfig/8801497958630a81b71ace7c5f9b32a8-le32d4.cache-4
b3345000-b334a000 r--s 00000000 08:01 401840     /var/cache/fontconfig/3047814df9a2f067bd2d96a2b9c36e5a-le32d4.cache-4
b334a000-b335a000 r--s 00000000 08:01 401836     /var/cache/fontconfig/d52a8644073d54c13679302ca1180695-le32d4.cache-4
b335a000-b33aa000 r-xp 00000000 08:01 177825     /usr/lib/jvm/java-7-openjdk-i386/jre/lib/i386/libfontmanager.so
b33aa000-b33ac000 r--p 0004f000 08:01 177825     /usr/lib/jvm/java-7-openjdk-i386/jre/lib/i386/libfontmanager.so
b33ac000-b33ad000 rw-p 00051000 08:01 177825     /usr/lib/jvm/java-7-openjdk-i386/jre/lib/i386/libfontmanager.so
b33ad000-b33b0000 ---p 00000000 00:00 0 
b33b0000-b33fe000 rw-p 00000000 00:00 0          [stack:4109]
b33fe000-b3402000 r-xp 00000000 08:01 7640       /usr/lib/i386-linux-gnu/libXfixes.so.3.1.0
b3402000-b3403000 r--p 00003000 08:01 7640       /usr/lib/i386-linux-gnu/libXfixes.so.3.1.0
b3403000-b3404000 rw-p 00004000 08:01 7640       /usr/lib/i386-linux-gnu/libXfixes.so.3.1.0
b3404000-b340d000 r-xp 00000000 08:01 9790       /usr/lib/i386-linux-gnu/libXcursor.so.1.0.2
b340d000-b340e000 r--p 00008000 08:01 9790       /usr/lib/i386-linux-gnu/libXcursor.so.1.0.2
b340e000-b340f000 rw-p 00009000 08:01 9790       /usr/lib/i386-linux-gnu/libXcursor.so.1.0.2
b340f000-b3412000 ---p 00000000 00:00 0 
b3412000-b3460000 rw-p 00000000 00:00 0          [stack:4108]
b3460000-b3486000 r-xp 00000000 08:01 142122     /lib/i386-linux-gnu/libpng12.so.0.50.0
b3486000-b3487000 r--p 00025000 08:01 142122     /lib/i386-linux-gnu/libpng12.so.0.50.0
b3487000-b3488000 rw-p 00026000 08:01 142122     /lib/i386-linux-gnu/libpng12.so.0.50.0
b3488000-b348d000 r-xp 00000000 08:01 5406       /usr/lib/i386-linux-gnu/libXdmcp.so.6.0.0
b348d000-b348e000 r--p 00004000 08:01 5406       /usr/lib/i386-linux-gnu/libXdmcp.so.6.0.0
b348e000-b348f000 rw-p 00005000 08:01 5406       /usr/lib/i386-linux-gnu/libXdmcp.so.6.0.0
b348f000-b34b4000 r-xp 00000000 08:01 131117     /lib/i386-linux-gnu/libexpat.so.1.6.0
b34b4000-b34b5000 ---p 00025000 08:01 131117     /lib/i386-linux-gnu/libexpat.so.1.6.0
b34b5000-b34b7000 r--p 00025000 08:01 131117     /lib/i386-linux-gnu/libexpat.so.1.6.0
b34b7000-b34b8000 rw-p 00027000 08:01 131117     /lib/i386-linux-gnu/libexpat.so.1.6.0
b34b8000-b3553000 r-xp 00000000 08:01 9145       /usr/lib/i386-linux-gnu/libfreetype.so.6.11.1
b3553000-b3557000 r--p 0009a000 08:01 9145       /usr/lib/i386-linux-gnu/libfreetype.so.6.11.1
b3557000-b3558000 rw-p 0009e000 08:01 9145       /usr/lib/i386-linux-gnu/libfreetype.so.6.11.1
b3558000-b3578000 r-xp 00000000 08:01 66655      /usr/lib/i386-linux-gnu/libxcb.so.1.1.0
b3578000-b3579000 r--p 0001f000 08:01 66655      /usr/lib/i386-linux-gnu/libxcb.so.1.1.0
b3579000-b357a000 rw-p 00020000 08:01 66655      /usr/lib/i386-linux-gnu/libxcb.so.1.1.0
b357a000-b35b3000 r-xp 00000000 08:01 9181       /usr/lib/i386-linux-gnu/libfontconfig.so.1.8.0
b35b3000-b35b4000 r--p 00039000 08:01 9181       /usr/lib/i386-linux-gnu/libfontconfig.so.1.8.0
b35b4000-b35b5000 rw-p 0003a000 08:01 9181       /usr/lib/i386-linux-gnu/libfontconfig.so.1.8.0
b35b5000-b35c3000 r-xp 00000000 08:01 7577       /usr/lib/i386-linux-gnu/libXi.so.6.1.0
b35c3000-b35c4000 r--p 0000e000 08:01 7577       /usr/lib/i386-linux-gnu/libXi.so.6.1.0
b35c4000-b35c5000 rw-p 0000f000 08:01 7577       /usr/lib/i386-linux-gnu/libXi.so.6.1.0
b35c5000-b36f5000 r-xp 00000000 08:01 10842      /usr/lib/i386-linux-gnu/libX11.so.6.3.0
b36f5000-b36f6000 r--p 00130000 08:01 10842      /usr/lib/i386-linux-gnu/libX11.so.6.3.0
b36f6000-b36f8000 rw-p 00131000 08:01 10842      /usr/lib/i386-linux-gnu/libX11.so.6.3.0
b36f8000-b36f9000 rw-p 00000000 00:00 0 
b36f9000-b3741000 r-xp 00000000 08:01 136659     /usr/lib/jvm/java-7-openjdk-i386/jre/lib/i386/xawt/libmawt.so
b3741000-b3742000 r--p 00048000 08:01 136659     /usr/lib/jvm/java-7-openjdk-i386/jre/lib/i386/xawt/libmawt.so
b3742000-b3744000 rw-p 00049000 08:01 136659     /usr/lib/jvm/java-7-openjdk-i386/jre/lib/i386/xawt/libmawt.so
b3744000-b3745000 rw-p 00000000 00:00 0 
b3745000-b37d4000 r-xp 00000000 08:01 177836     /usr/lib/jvm/java-7-openjdk-i386/jre/lib/i386/libawt.so
b37d4000-b37d5000 r--p 0008f000 08:01 177836     /usr/lib/jvm/java-7-openjdk-i386/jre/lib/i386/libawt.so
b37d5000-b37dc000 rw-p 00090000 08:01 177836     /usr/lib/jvm/java-7-openjdk-i386/jre/lib/i386/libawt.so
b37dc000-b3800000 rw-p 00000000 00:00 0 
b3800000-b38ba000 rw-p 00000000 00:00 0 
b38ba000-b3900000 ---p 00000000 00:00 0 
b3900000-b3904000 r--s 00000000 08:01 401837     /var/cache/fontconfig/b47c4e1ecd0709278f4910c18777a504-le32d4.cache-4
b3904000-b3909000 r-xp 00000000 08:01 10292      /usr/lib/i386-linux-gnu/libXtst.so.6.1.0
b3909000-b390a000 r--p 00004000 08:01 10292      /usr/lib/i386-linux-gnu/libXtst.so.6.1.0
b390a000-b390b000 rw-p 00005000 08:01 10292      /usr/lib/i386-linux-gnu/libXtst.so.6.1.0
b390b000-b391c000 r-xp 00000000 08:01 6183       /usr/lib/i386-linux-gnu/libXext.so.6.4.0
b391c000-b391d000 r--p 00010000 08:01 6183       /usr/lib/i386-linux-gnu/libXext.so.6.4.0
b391d000-b391e000 rw-p 00011000 08:01 6183       /usr/lib/i386-linux-gnu/libXext.so.6.4.0
b391e000-b395a000 r-xp 00000000 08:01 132344     /lib/i386-linux-gnu/libpcre.so.3.13.1
b395a000-b395b000 r--p 0003b000 08:01 132344     /lib/i386-linux-gnu/libpcre.so.3.13.1
b395b000-b395c000 rw-p 0003c000 08:01 132344     /lib/i386-linux-gnu/libpcre.so.3.13.1
b395c000-b396f000 r-xp 00000000 08:01 158559     /lib/i386-linux-gnu/libresolv-2.19.so
b396f000-b3970000 ---p 00013000 08:01 158559     /lib/i386-linux-gnu/libresolv-2.19.so
b3970000-b3971000 r--p 00013000 08:01 158559     /lib/i386-linux-gnu/libresolv-2.19.so
b3971000-b3972000 rw-p 00014000 08:01 158559     /lib/i386-linux-gnu/libresolv-2.19.so
b3972000-b3974000 rw-p 00000000 00:00 0 
b3974000-b3994000 r-xp 00000000 08:01 131406     /lib/i386-linux-gnu/libselinux.so.1
b3994000-b3995000 r--p 0001f000 08:01 131406     /lib/i386-linux-gnu/libselinux.so.1
b3995000-b3996000 rw-p 00020000 08:01 131406     /lib/i386-linux-gnu/libselinux.so.1
b3996000-b3997000 rw-p 00000000 00:00 0 
b3997000-b3aa1000 r-xp 00000000 08:01 136564     /lib/i386-linux-gnu/libglib-2.0.so.0.4002.0
b3aa1000-b3aa2000 r--p 00109000 08:01 136564     /lib/i386-linux-gnu/libglib-2.0.so.0.4002.0
b3aa2000-b3aa3000 rw-p 0010a000 08:01 136564     /lib/i386-linux-gnu/libglib-2.0.so.0.4002.0
b3aa3000-b3af3000 r-xp 00000000 08:01 1672       /usr/lib/i386-linux-gnu/libgobject-2.0.so.0.4002.0
b3af3000-b3af4000 r--p 0004f000 08:01 1672       /usr/lib/i386-linux-gnu/libgobject-2.0.so.0.4002.0
b3af4000-b3af5000 rw-p 00050000 08:01 1672       /usr/lib/i386-linux-gnu/libgobject-2.0.so.0.4002.0
b3af5000-b3c72000 r-xp 00000000 08:01 1674       /usr/lib/i386-linux-gnu/libgio-2.0.so.0.4002.0
b3c72000-b3c74000 r--p 0017d000 08:01 1674       /usr/lib/i386-linux-gnu/libgio-2.0.so.0.4002.0
b3c74000-b3c75000 rw-p 0017f000 08:01 1674       /usr/lib/i386-linux-gnu/libgio-2.0.so.0.4002.0
b3c75000-b3c76000 rw-p 00000000 00:00 0 
b3c76000-b3c77000 r--s 00000000 08:01 401842     /var/cache/fontconfig/4794a0821666d79190d59a36cb4f44b5-le32d4.cache-4
b3c77000-b3c78000 r--s 00000000 08:01 401839     /var/cache/fontconfig/56cf4f4769d0f4abc89a4895d7bd3ae1-le32d4.cache-4
b3c78000-b3c7f000 r--s 00000000 08:01 401835     /var/cache/fontconfig/3f7329c5293ffd510edef78f73874cfd-le32d4.cache-4
b3c7f000-b3c88000 r--s 00000000 08:01 401834     /var/cache/fontconfig/d589a48862398ed80a3d6066f4f56f4c-le32d4.cache-4
b3c88000-b3c8a000 r--s 00000000 08:01 394475     /var/cache/fontconfig/e13b20fdb08344e0e664864cc2ede53d-le32d4.cache-4
b3c8a000-b3c8d000 r--s 00000000 08:01 394702     /var/cache/fontconfig/7ef2298fde41cc6eeb7af42e48b7d293-le32d4.cache-4
b3c8d000-b3ca5000 r-xp 00000000 08:01 153628     /usr/lib/jvm/java-7-openjdk-i386/jre/lib/i386/libnet.so
b3ca5000-b3ca6000 r--p 00017000 08:01 153628     /usr/lib/jvm/java-7-openjdk-i386/jre/lib/i386/libnet.so
b3ca6000-b3ca7000 rw-p 00018000 08:01 153628     /usr/lib/jvm/java-7-openjdk-i386/jre/lib/i386/libnet.so
b3ca7000-b3cb8000 r-xp 00000000 08:01 177810     /usr/lib/jvm/java-7-openjdk-i386/jre/lib/i386/libnio.so
b3cb8000-b3cb9000 r--p 00010000 08:01 177810     /usr/lib/jvm/java-7-openjdk-i386/jre/lib/i386/libnio.so
b3cb9000-b3cba000 rw-p 00011000 08:01 177810     /usr/lib/jvm/java-7-openjdk-i386/jre/lib/i386/libnio.so
b3cba000-b3cbb000 ---p 00000000 00:00 0 
b3cbb000-b3d3b000 rw-p 00000000 00:00 0          [stack:4107]
b3d3b000-b3d3e000 ---p 00000000 00:00 0 
b3d3e000-b3d8c000 rw-p 00000000 00:00 0          [stack:4106]
b3d8c000-b3d8f000 ---p 00000000 00:00 0 
b3d8f000-b3e0d000 rw-p 00000000 00:00 0          [stack:4105]
b3e0d000-b3e10000 ---p 00000000 00:00 0 
b3e10000-b3e5e000 rw-p 00000000 00:00 0          [stack:4104]
b3e5e000-b405e000 r--p 00000000 08:01 369        /usr/lib/locale/locale-archive
b405e000-b4061000 ---p 00000000 00:00 0 
b4061000-b40af000 rw-p 00000000 00:00 0          [stack:4103]
b40af000-b40b2000 ---p 00000000 00:00 0 
b40b2000-b4100000 rw-p 00000000 00:00 0          [stack:4102]
b4100000-b417d000 rw-p 00000000 00:00 0 
b417d000-b4200000 ---p 00000000 00:00 0 
b4200000-b4202000 r-xp 00000000 08:01 5352       /usr/lib/i386-linux-gnu/libXau.so.6.0.0
b4202000-b4203000 r--p 00001000 08:01 5352       /usr/lib/i386-linux-gnu/libXau.so.6.0.0
b4203000-b4204000 rw-p 00002000 08:01 5352       /usr/lib/i386-linux-gnu/libXau.so.6.0.0
b4204000-b420d000 r-xp 00000000 08:01 6199       /usr/lib/i386-linux-gnu/libXrender.so.1.3.0
b420d000-b420e000 r--p 00008000 08:01 6199       /usr/lib/i386-linux-gnu/libXrender.so.1.3.0
b420e000-b420f000 rw-p 00009000 08:01 6199       /usr/lib/i386-linux-gnu/libXrender.so.1.3.0
b420f000-b422c000 r--s 0014f000 08:10 656812     /media/user/JK/Dual-radio-simulation/tools/cooja/lib/swingx-all-1.6.4.jar
b422c000-b422d000 ---p 00000000 00:00 0 
b422d000-b42f6000 rw-p 00000000 00:00 0          [stack:4101]
b42f6000-b44a9000 r--s 01d3d000 08:01 136821     /usr/lib/jvm/java-7-openjdk-i386/jre/lib/rt.jar
b44a9000-b44af000 rw-p 00000000 00:00 0 
b44af000-b4554000 rw-p 00000000 00:00 0 
b4554000-b4557000 rw-p 00000000 00:00 0 
b4557000-b45a9000 rw-p 00000000 00:00 0 
b45a9000-b45af000 rw-p 00000000 00:00 0 
b45af000-b4654000 rw-p 00000000 00:00 0 
b4654000-b465a000 rw-p 00000000 00:00 0 
b465a000-b4674000 rw-p 00000000 00:00 0 
b4674000-b468d000 rw-p 00000000 00:00 0 
b468d000-b4700000 rw-p 00000000 00:00 0 
b4700000-b4a30000 rwxp 00000000 00:00 0 
b4a30000-b67f7000 rw-p 00000000 00:00 0 
b67f7000-b6800000 ---p 00000000 00:00 0 
b6800000-b6801000 r--s 00000000 08:01 401838     /var/cache/fontconfig/b9d506c9ac06c20b433354fa67a72993-le32d4.cache-4
b6801000-b6803000 r-xp 00000000 08:01 3489       /usr/lib/i386-linux-gnu/libXcomposite.so.1.0.0
b6803000-b6804000 r--p 00001000 08:01 3489       /usr/lib/i386-linux-gnu/libXcomposite.so.1.0.0
b6804000-b6805000 rw-p 00002000 08:01 3489       /usr/lib/i386-linux-gnu/libXcomposite.so.1.0.0
b6805000-b680a000 r-xp 00000000 08:01 9076       /usr/lib/i386-linux-gnu/libffi.so.6.0.1
b680a000-b680b000 r--p 00005000 08:01 9076       /usr/lib/i386-linux-gnu/libffi.so.6.0.1
b680b000-b680c000 rw-p 00006000 08:01 9076       /usr/lib/i386-linux-gnu/libffi.so.6.0.1
b680c000-b680f000 r-xp 00000000 08:01 1675       /usr/lib/i386-linux-gnu/libgmodule-2.0.so.0.4002.0
b680f000-b6810000 r--p 00002000 08:01 1675       /usr/lib/i386-linux-gnu/libgmodule-2.0.so.0.4002.0
b6810000-b6811000 rw-p 00003000 08:01 1675       /usr/lib/i386-linux-gnu/libgmodule-2.0.so.0.4002.0
b6811000-b681b000 r--s 000ae000 08:01 136823     /usr/lib/jvm/java-7-openjdk-i386/jre/lib/resources.jar
b681b000-b6822000 r--s 0005b000 08:10 656810     /media/user/JK/Dual-radio-simulation/tools/cooja/lib/jsyntaxpane.jar
b6822000-b6829000 r--s 0004f000 08:10 656811     /media/user/JK/Dual-radio-simulation/tools/cooja/lib/log4j.jar
b6829000-b682c000 r--s 00022000 08:10 656809     /media/user/JK/Dual-radio-simulation/tools/cooja/lib/jdom.jar
b682c000-b6830000 r--s 00085000 08:01 177967     /usr/lib/jvm/java-7-openjdk-i386/jre/lib/ext/localedata.jar
b6830000-b6834000 r--s 00034000 08:01 177971     /usr/lib/jvm/java-7-openjdk-i386/jre/lib/ext/sunjce_provider.jar
b6834000-b6837000 r--s 0000f000 08:01 177961     /usr/lib/jvm/java-7-openjdk-i386/jre/lib/ext/icedtea-sound.jar
b6837000-b684b000 rw-p 00000000 00:00 0 
b684b000-b6865000 rw-p 00000000 00:00 0 
b6865000-b686f000 r-xp 00000000 08:01 159039     /lib/i386-linux-gnu/libnss_files-2.19.so
b686f000-b6870000 r--p 00009000 08:01 159039     /lib/i386-linux-gnu/libnss_files-2.19.so
b6870000-b6871000 rw-p 0000a000 08:01 159039     /lib/i386-linux-gnu/libnss_files-2.19.so
b6871000-b687b000 r-xp 00000000 08:01 158574     /lib/i386-linux-gnu/libnss_nis-2.19.so
b687b000-b687c000 r--p 00009000 08:01 158574     /lib/i386-linux-gnu/libnss_nis-2.19.so
b687c000-b687d000 rw-p 0000a000 08:01 158574     /lib/i386-linux-gnu/libnss_nis-2.19.so
b687d000-b6892000 r-xp 00000000 08:01 158568     /lib/i386-linux-gnu/libnsl-2.19.so
b6892000-b6893000 r--p 00015000 08:01 158568     /lib/i386-linux-gnu/libnsl-2.19.so
b6893000-b6894000 rw-p 00016000 08:01 158568     /lib/i386-linux-gnu/libnsl-2.19.so
b6894000-b6896000 rw-p 00000000 00:00 0 
b6896000-b689d000 r-xp 00000000 08:01 158567     /lib/i386-linux-gnu/libnss_compat-2.19.so
b689d000-b689e000 r--p 00006000 08:01 158567     /lib/i386-linux-gnu/libnss_compat-2.19.so
b689e000-b689f000 rw-p 00007000 08:01 158567     /lib/i386-linux-gnu/libnss_compat-2.19.so
b689f000-b68a0000 r--s 00000000 08:01 401833     /var/cache/fontconfig/0c9eb80ebd1c36541ebe2852d3bb0c49-le32d4.cache-4
b68a0000-b68a1000 r--s 00002000 08:01 177972     /usr/lib/jvm/java-7-openjdk-i386/jre/lib/ext/dnsns.jar
b68a1000-b68a4000 r--s 0003d000 08:01 177959     /usr/lib/jvm/java-7-openjdk-i386/jre/lib/ext/sunpkcs11.jar
b68a4000-b68ac000 r-xp 00000000 08:01 177878     /usr/lib/jvm/java-7-openjdk-i386/jre/lib/i386/libzip.so
b68ac000-b68ad000 r--p 00007000 08:01 177878     /usr/lib/jvm/java-7-openjdk-i386/jre/lib/i386/libzip.so
b68ad000-b68ae000 rw-p 00008000 08:01 177878     /usr/lib/jvm/java-7-openjdk-i386/jre/lib/i386/libzip.so
b68ae000-b68b6000 rw-s 00000000 08:01 273241     /tmp/hsperfdata_user/4095
b68b6000-b68dd000 r-xp 00000000 08:01 136829     /usr/lib/jvm/java-7-openjdk-i386/jre/lib/i386/libjava.so
b68dd000-b68de000 r--p 00026000 08:01 136829     /usr/lib/jvm/java-7-openjdk-i386/jre/lib/i386/libjava.so
b68de000-b68df000 rw-p 00027000 08:01 136829     /usr/lib/jvm/java-7-openjdk-i386/jre/lib/i386/libjava.so
b68df000-b68e6000 r-xp 00000000 08:01 158579     /lib/i386-linux-gnu/librt-2.19.so
b68e6000-b68e7000 r--p 00006000 08:01 158579     /lib/i386-linux-gnu/librt-2.19.so
b68e7000-b68e8000 rw-p 00007000 08:01 158579     /lib/i386-linux-gnu/librt-2.19.so
b68e8000-b68eb000 ---p 00000000 00:00 0 
b68eb000-b6939000 rw-p 00000000 00:00 0          [stack:4097]
b6939000-b6955000 r-xp 00000000 08:01 158999     /lib/i386-linux-gnu/libgcc_s.so.1
b6955000-b6956000 rw-p 0001b000 08:01 158999     /lib/i386-linux-gnu/libgcc_s.so.1
b6956000-b699a000 r-xp 00000000 08:01 158561     /lib/i386-linux-gnu/libm-2.19.so
b699a000-b699b000 r--p 00043000 08:01 158561     /lib/i386-linux-gnu/libm-2.19.so
b699b000-b699c000 rw-p 00044000 08:01 158561     /lib/i386-linux-gnu/libm-2.19.so
b699c000-b6a78000 r-xp 00000000 08:01 289        /usr/lib/i386-linux-gnu/libstdc++.so.6.0.19
b6a78000-b6a7c000 r--p 000dc000 08:01 289        /usr/lib/i386-linux-gnu/libstdc++.so.6.0.19
b6a7c000-b6a7d000 rw-p 000e0000 08:01 289        /usr/lib/i386-linux-gnu/libstdc++.so.6.0.19
b6a7d000-b6a84000 rw-p 00000000 00:00 0 
b6a84000-b70ba000 r-xp 00000000 08:01 177850     /usr/lib/jvm/java-7-openjdk-i386/jre/lib/i386/client/libjvm.so
b70ba000-b70d0000 r--p 00635000 08:01 177850     /usr/lib/jvm/java-7-openjdk-i386/jre/lib/i386/client/libjvm.so
b70d0000-b70df000 rw-p 0064b000 08:01 177850     /usr/lib/jvm/java-7-openjdk-i386/jre/lib/i386/client/libjvm.so
b70df000-b74fb000 rw-p 00000000 00:00 0 
b74fb000-b7513000 r-xp 00000000 08:01 158556     /lib/i386-linux-gnu/libz.so.1.2.8
b7513000-b7514000 r--p 00017000 08:01 158556     /lib/i386-linux-gnu/libz.so.1.2.8
b7514000-b7515000 rw-p 00018000 08:01 158556     /lib/i386-linux-gnu/libz.so.1.2.8
b7515000-b752d000 r-xp 00000000 08:01 158571     /lib/i386-linux-gnu/libpthread-2.19.so
b752d000-b752e000 r--p 00018000 08:01 158571     /lib/i386-linux-gnu/libpthread-2.19.so
b752e000-b752f000 rw-p 00019000 08:01 158571     /lib/i386-linux-gnu/libpthread-2.19.so
b752f000-b7531000 rw-p 00000000 00:00 0 
b7531000-b7534000 r-xp 00000000 08:01 158563     /lib/i386-linux-gnu/libdl-2.19.so
b7534000-b7535000 r--p 00002000 08:01 158563     /lib/i386-linux-gnu/libdl-2.19.so
b7535000-b7536000 rw-p 00003000 08:01 158563     /lib/i386-linux-gnu/libdl-2.19.so
b7536000-b76de000 r-xp 00000000 08:01 158580     /lib/i386-linux-gnu/libc-2.19.so
b76de000-b76df000 ---p 001a8000 08:01 158580     /lib/i386-linux-gnu/libc-2.19.so
b76df000-b76e1000 r--p 001a8000 08:01 158580     /lib/i386-linux-gnu/libc-2.19.so
b76e1000-b76e2000 rw-p 001aa000 08:01 158580     /lib/i386-linux-gnu/libc-2.19.so
b76e2000-b76e5000 rw-p 00000000 00:00 0 
b76e5000-b76e7000 r--s 00006000 08:01 276693     /usr/share/java/java-atk-wrapper.jar
b76e7000-b76e9000 r--s 00012000 08:01 177976     /usr/lib/jvm/java-7-openjdk-i386/jre/lib/ext/zipfs.jar
b76e9000-b76ea000 r--p 002c5000 08:01 369        /usr/lib/locale/locale-archive
b76ea000-b76eb000 rw-p 00000000 00:00 0 
b76eb000-b76ec000 r--p 00000000 00:00 0 
b76ec000-b76fa000 r-xp 00000000 08:01 136825     /usr/lib/jvm/java-7-openjdk-i386/jre/lib/i386/libverify.so
b76fa000-b76fb000 r--p 0000d000 08:01 136825     /usr/lib/jvm/java-7-openjdk-i386/jre/lib/i386/libverify.so
b76fb000-b76fc000 rw-p 0000e000 08:01 136825     /usr/lib/jvm/java-7-openjdk-i386/jre/lib/i386/libverify.so
b76fc000-b7708000 r-xp 00000000 08:01 136926     /usr/lib/jvm/java-7-openjdk-i386/jre/lib/i386/jli/libjli.so
b7708000-b7709000 r--p 0000c000 08:01 136926     /usr/lib/jvm/java-7-openjdk-i386/jre/lib/i386/jli/libjli.so
b7709000-b770a000 rw-p 0000d000 08:01 136926     /usr/lib/jvm/java-7-openjdk-i386/jre/lib/i386/jli/libjli.so
b770a000-b770d000 rw-p 00000000 00:00 0 
b770d000-b770e000 r-xp 00000000 00:00 0          [vdso]
b770e000-b772e000 r-xp 00000000 08:01 158572     /lib/i386-linux-gnu/ld-2.19.so
b772e000-b772f000 r--p 0001f000 08:01 158572     /lib/i386-linux-gnu/ld-2.19.so
b772f000-b7730000 rw-p 00020000 08:01 158572     /lib/i386-linux-gnu/ld-2.19.so
bfa9c000-bfa9d000 rwxp 00000000 00:00 0 
bfacf000-bfaf0000 rw-p 00000000 00:00 0          [stack]

VM Arguments:
jvm_args: -Xmx512m -Duser.language=en 
java_command: org.contikios.cooja.Cooja
Launcher Type: SUN_STANDARD

Environment Variables:
JAVA_HOME=/usr/lib/jvm/java-7-openjdk-i386
PATH=/usr/local/sdcc/bin:/usr/local/sbin:/usr/local/bin:/usr/sbin:/usr/bin:/sbin:/bin:/usr/games:/usr/local/games:/home/user/CodeSourcery/Sourcery_G++_Lite/bin:/usr/local/msp430/bin:/home/user/CodeSourcery/Sourcery_G++_Lite/bin
LD_LIBRARY_PATH=.
SHELL=/bin/bash
DISPLAY=:0

Signal Handlers:
SIGSEGV: [libjvm.so+0x4efa90], sa_mask[0]=0x7ffbfeff, sa_flags=0x10000004
SIGBUS: [libjvm.so+0x4efa90], sa_mask[0]=0x7ffbfeff, sa_flags=0x10000004
SIGFPE: [libjvm.so+0x3cb5a0], sa_mask[0]=0x7ffbfeff, sa_flags=0x10000004
SIGPIPE: [libjvm.so+0x3cb5a0], sa_mask[0]=0x7ffbfeff, sa_flags=0x10000004
SIGXFSZ: [libjvm.so+0x3cb5a0], sa_mask[0]=0x7ffbfeff, sa_flags=0x10000004
SIGILL: [libjvm.so+0x3cb5a0], sa_mask[0]=0x7ffbfeff, sa_flags=0x10000004
SIGUSR1: SIG_DFL, sa_mask[0]=0x00000000, sa_flags=0x00000000
SIGUSR2: [libjvm.so+0x3cb700], sa_mask[0]=0x00000004, sa_flags=0x10000004
SIGHUP: [libjvm.so+0x3cb660], sa_mask[0]=0x7ffbfeff, sa_flags=0x10000004
SIGINT: [libjvm.so+0x3cb660], sa_mask[0]=0x7ffbfeff, sa_flags=0x10000004
SIGTERM: [libjvm.so+0x3cb660], sa_mask[0]=0x7ffbfeff, sa_flags=0x10000004
SIGQUIT: [libjvm.so+0x3cb660], sa_mask[0]=0x7ffbfeff, sa_flags=0x10000004
SIGTRAP: SIG_DFL, sa_mask[0]=0x00000000, sa_flags=0x00000000


---------------  S Y S T E M  ---------------

OS: