#
# A fatal error has been detected by the Java Runtime Environment:
#
#  SIGSEGV (0xb) at pc=0xb76e8159, pid=12879, tid=2965371712
#
# JRE version: OpenJDK Runtime Environment (7.0_111-b01) (build 1.7.0_111-b01)
# Java VM: OpenJDK Client VM (24.111-b01 mixed mode, sharing linux-x86 )
# Derivative: IcedTea 2.6.7
# Distribution: Ubuntu 14.04 LTS, package 7u111-2.6.7-0ubuntu0.14.04.3
# Problematic frame:
# C  [libc.so.6+0x134159]
#
# Failed to write core dump. Core dumps have been disabled. To enable core dumping, try "ulimit -c unlimited" before starting Java again
#
# If you would like to submit a bug report, please include
# instructions on how to reproduce the bug and visit:
#   http://icedtea.classpath.org/bugzilla
# The crash happened outside the Java Virtual Machine in native code.
# See problematic frame for where to report the bug.
#

---------------  T H R E A D  ---------------

Current thread (0x088a0800):  JavaThread "Thread-106" [_thread_in_native, id=22868, stack(0xb0baf000,0xb0c00000)]

siginfo:si_signo=SIGSEGV: si_errno=0, si_code=1 (SEGV_MAPERR), si_addr=0x00000000

Registers:
EAX=0xb0a9a506, EBX=0xb76e8156, ECX=0x01000100, EDX=0x00000008
ESP=0xb0a93df4, EBP=0xb0a93e14, ESI=0x00000700, EDI=0x00000100
EIP=0xb76e8159, EFLAGS=0x00010287, CR2=0x00000000

Top of Stack: (sp=0xb0a93df4)
0xb0a93df4:   0000000a b0a841be 00000000 b0a9a4fe
0xb0a93e04:   00000008 b0a93e14 b0a731d0 0000000a
0xb0a93e14:   b0a93e44 b0a84269 00000000 b0a9a4fe
0xb0a93e24:   b0a88844 b0a93e50 b0a92118 b0a93e50
0xb0a93e34:   00000025 00000000 000002c3 00000000
0xb0a93e44:   b0a93e84 b0a77be9 b0a962e0 b0a9a4fe
0xb0a93e54:   00000001 b0a93f7c b0a92118 000002cc
0xb0a93e64:   ffffff01 00000200 000002cf 000002d0 

Instructions: (pc=0xb76e8159)
0xb76e8139:   48 e4 89 4a e4 8b 48 e8 89 4a e8 8b 48 ec 89 4a
0xb76e8149:   ec 8b 48 f0 89 4a f0 8b 48 f4 89 4a f4 8b 48 f8
0xb76e8159:   89 4a f8 8b 48 fc 89 4a fc 8b 44 24 08 5b c3 90
0xb76e8169:   8d b4 26 00 00 00 00 8b 48 fb 8b 40 fc 89 4a fb 

Register to memory mapping:

EAX=0xb0a9a506: packetbuf_addrs+0x8 in /home/user/Desktop/nfs/examples/ipv6/rpl-udp/obj_cooja/mtype294.cooja at 0xb0a62000
EBX=0xb76e8156: <offset 0x134156> in /lib/i386-linux-gnu/libc.so.6 at 0xb75b4000
ECX=0x01000100 is an unknown value
EDX=0x00000008 is an unknown value
ESP=0xb0a93df4: <offset 0x31df4> in /home/user/Desktop/nfs/examples/ipv6/rpl-udp/obj_cooja/mtype294.cooja at 0xb0a62000
EBP=0xb0a93e14: <offset 0x31e14> in /home/user/Desktop/nfs/examples/ipv6/rpl-udp/obj_cooja/mtype294.cooja at 0xb0a62000
ESI=0x00000700 is an unknown value
EDI=0x00000100 is an unknown value


Stack: [0xb0baf000,0xb0c00000],  sp=0xb0a93df4,  free space=4193171k
Native frames: (J=compiled Java code, j=interpreted, Vv=VM code, C=native code)
C  [libc.so.6+0x134159]
C  [mtype294.cooja+0x22269]  lladdr_map_add_lr+0x49
C  [mtype294.cooja+0x15be9]  uip_ds6_nbr_add+0x56
C  [mtype294.cooja+0x1ee58]  rpl_icmp6_update_nbr_table+0x57
C  [mtype294.cooja+0x1d87b]  add_nbr_from_dio+0x20
C  [mtype294.cooja+0x1dacd]  rpl_process_dio+0x21d
C  [mtype294.cooja+0x1f8c9]  dio_input+0x829
C  [mtype294.cooja+0x244ee]  uip_icmp6_input+0x4f
C  [mtype294.cooja+0x18ee5]  uip_process+0x9a2
C  [mtype294.cooja+0x1a550]  packet_input+0x23
C  [mtype294.cooja+0x1a975]  eventhandler+0x1db
C  [mtype294.cooja+0x1ae87]  process_thread_tcpip_process+0xa2
C  [mtype294.cooja+0x12ab1]  call_process+0x57
C  [mtype294.cooja+0x12dff]  process_post_synch+0x2e
C  [mtype294.cooja+0x1a99e]  tcpip_input+0x22
C  [mtype294.cooja+0x15af2]  input+0x43e
C  [mtype294.cooja+0x24255]  input+0xd
C  [mtype294.cooja+0x2389e]  input_packet+0xd
C  [mtype294.cooja+0x24192]  packet_input+0x175
C  [mtype294.cooja+0x119ff]  process_thread_cooja_radio_process+0xa0
C  [mtype294.cooja+0x12ab1]  call_process+0x57
C  [mtype294.cooja+0x12b84]  do_poll+0x4b
C  [mtype294.cooja+0x12ced]  process_run+0x16
C  [mtype294.cooja+0x1068f]  process_run_thread_loop+0x1f

Java frames: (J=compiled Java code, j=interpreted, Vv=VM code)
j  org.contikios.cooja.corecomm.Lib14.tick()V+0
J 2690 C1 org.contikios.cooja.contikimote.ContikiMote.execute(J)V (99 bytes) @ 0xb4c6c6ec [0xb4c6c580+0x16c]

[error occurred during error reporting (printing Java stack), id 0xb]


