#
# A fatal error has been detected by the Java Runtime Environment:
#
#  SIGSEGV (0xb) at pc=0xb760a817, pid=4076, tid=2997013312
#
# JRE version: OpenJDK Runtime Environment (7.0_121) (build 1.7.0_121-b00)
# Java VM: OpenJDK Client VM (24.121-b00 mixed mode, sharing linux-x86 )
# Derivative: IcedTea 2.6.8
# Distribution: Ubuntu 14.04 LTS, package 7u121-2.6.8-1ubuntu0.14.04.1
# Problematic frame:
# C  [libc.so.6+0x64817]  fwrite+0x27
#
# Failed to write core dump. Core dumps have been disabled. To enable core dumping, try "ulimit -c unlimited" before starting Java again
#
# If you would like to submit a bug report, please include
# instructions on how to reproduce the bug and visit:
#   http://icedtea.classpath.org/bugzilla
# The crash happened outside the Java Virtual Machine in native code.
# See problematic frame for where to report the bug.
#

---------------  T H R E A D  ---------------

Current thread (0x09d12c00):  JavaThread "Thread-3" [_thread_in_native, id=4316, stack(0xb29dc000,0xb2a2d000)]

siginfo:si_signo=SIGSEGV: si_errno=0, si_code=1 (SEGV_MAPERR), si_addr=0x00000000

Registers:
EAX=0x00000000, EBX=0xb7751000, ECX=0x00000000, EDX=0x00000000
ESP=0xb292a1ec, EBP=0xb292a2b4, ESI=0x00000000, EDI=0x00000005
EIP=0xb760a817, EFLAGS=0x00010206, CR2=0x00000000

Top of Stack: (sp=0xb292a1ec)
0xb292a1ec:   00000020 00000400 00000000 b290cbd4
0xb292a1fc:   b291ff00 b291fefc 0000001c 00000000
0xb292a20c:   00000001 00000000 b292a2b4 b290a3df
0xb292a21c:   b291fa15 00000001 00000005 00000000
0xb292a22c:   00000001 00000000 00000001 00000000
0xb292a23c:   00000001 000003dc 00000001 00000000
0xb292a24c:   000003df 000003e0 000003e1 000003e2
0xb292a25c:   000003e3 000003e4 000003e5 000003e6 

Instructions: (pc=0xb760a817)
0xb760a7f7:   8b 7c 24 34 0f af 7c 24 38 e8 d6 1f 0c 00 81 c3
0xb760a807:   fb 67 14 00 8b 74 24 3c 85 ff 0f 84 b1 00 00 00
0xb760a817:   8b 06 25 00 80 00 00 75 35 8b 56 48 65 8b 2d 08
0xb760a827:   00 00 00 3b 6a 08 74 22 b9 01 00 00 00 65 83 3d 

Register to memory mapping:

EAX=0x00000000 is an unknown value
EBX=0xb7751000: <offset 0x1ab000> in /lib/i386-linux-gnu/libc.so.6 at 0xb75a6000
ECX=0x00000000 is an unknown value
EDX=0x00000000 is an unknown value
ESP=0xb292a1ec: <offset 0x2f1ec> in /home/user/Desktop/Dual-radio-simulation/lanada/log_test/obj_cooja/mtype364.cooja at 0xb28fb000
EBP=0xb292a2b4: <offset 0x2f2b4> in /home/user/Desktop/Dual-radio-simulation/lanada/log_test/obj_cooja/mtype364.cooja at 0xb28fb000
ESI=0x00000000 is an unknown value
EDI=0x00000005 is an unknown value


Stack: [0xb29dc000,0xb2a2d000],  sp=0xb292a1ec,  free space=4193592k
Native frames: (J=compiled Java code, j=interpreted, Vv=VM code, C=native code)
C  [libc.so.6+0x64817]  fwrite+0x27
C  [mtype364.cooja+0xf820]  process_run_thread_loop+0x1a

Java frames: (J=compiled Java code, j=interpreted, Vv=VM code)
j  org.contikios.cooja.corecomm.Lib1.tick()V+0
j  org.contikios.cooja.contikimote.ContikiMoteType.tick()V+4
j  org.contikios.cooja.contikimote.ContikiMote.execute(J)V+63
j  org.contikios.cooja.motes.AbstractWakeupMote$1.execute(J)V+5
j  org.contikios.cooja.Simulation.run()V+184
j  java.lang.Thread.run()V+11
v  ~StubRoutines::call_stub

---------------  P R O C E S S  ---------------

Java Threads: ( => current thread )
=>0x09d12c00 JavaThread "Thread-3" [_thread_in_native, id=4316, stack(0xb29dc000,0xb2a2d000)]
  0x09bb1800 JavaThread "Thread-2" [_thread_blocked, id=4306, stack(0xb298b000,0xb29dc000)]
  0x0992cc00 JavaThread "Thread-1" [_thread_blocked, id=4305, stack(0xb293a000,0xb298b000)]
  0x0992c400 JavaThread "process reaper" daemon [_thread_blocked, id=4100, stack(0xb2b44000,0xb2b95000)]
  0x099f5000 JavaThread "TimerQueue" daemon [_thread_blocked, id=4093, stack(0xb3287000,0xb32d8000)]
  0xb6807800 JavaThread "DestroyJavaVM" [_thread_blocked, id=4078, stack(0xb6956000,0xb69a7000)]
  0xb385cc00 JavaThread "AWT-EventQueue-0" [_thread_in_native, id=4092, stack(0xb32d8000,0xb3329000)]
  0xb3874400 JavaThread "AWT-Shutdown" [_thread_blocked, id=4091, stack(0xb3329000,0xb337a000)]
  0xb3849400 JavaThread "AWT-XAWT" daemon [_thread_blocked, id=4090, stack(0xb341b000,0xb346c000)]
  0xb383b400 JavaThread "Java2D Disposer" daemon [_thread_blocked, id=4089, stack(0xb3472000,0xb34c3000)]
  0xb684cc00 JavaThread "Service Thread" daemon [_thread_blocked, id=4087, stack(0xb3ddd000,0xb3e2e000)]
  0xb684ac00 JavaThread "C1 CompilerThread0" daemon [_thread_blocked, id=4086, stack(0xb3e2e000,0xb3eaf000)]
  0xb6849000 JavaThread "Signal Dispatcher" daemon [_thread_blocked, id=4085, stack(0xb3eaf000,0xb3f00000)]
  0xb6833400 JavaThread "Finalizer" daemon [_thread_blocked, id=4084, stack(0xb422b000,0xb427c000)]
  0xb6831c00 JavaThread "Reference Handler" daemon [_thread_blocked, id=4083, stack(0xb427c000,0xb42cd000)]

Other Threads:
  0xb6830400 VMThread [stack: 0xb42cd000,0xb434e000] [id=4082]
  0xb684f000 WatcherThread [stack: 0xb3d5c000,0xb3ddd000] [id=4088]

VM state:not at safepoint (normal execution)

VM Mutex/Monitor currently owned by a thread: None

Heap
 def new generation   total 4928K, used 727K [0x6e800000, 0x6ed50000, 0x792a0000)
  eden space 4416K,  14% used [0x6e800000, 0x6e89c950, 0x6ec50000)
  from space 512K,  19% used [0x6ecd0000, 0x6ece95e8, 0x6ed50000)
  to   space 512K,   0% used [0x6ec50000, 0x6ec50000, 0x6ecd0000)
 tenured generation   total 10944K, used 6646K [0x792a0000, 0x79d50000, 0x8e800000)
   the space 10944K,  60% used [0x792a0000, 0x7991d928, 0x7991da00, 0x79d50000)
 compacting perm gen  total 12288K, used 6964K [0x8e800000, 0x8f400000, 0x92800000)
   the space 12288K,  56% used [0x8e800000, 0x8eecd1d8, 0x8eecd200, 0x8f400000)
    ro space 10240K,  60% used [0x92800000, 0x92e00d38, 0x92e00e00, 0x93200000)
    rw space 12288K,  59% used [0x93200000, 0x9391e858, 0x9391ea00, 0x93e00000)

Card table byte_map: [0xb4623000,0xb474f000] byte_map_base: 0xb42af000

Polling page: 0xb775b000

Code Cache  [0xb47cf000, 0xb4a3f000, 0xb67cf000)
 total_blobs=1594 nmethods=1292 adapters=237 free_code_cache=30303Kb largest_free_block=31030464

Compilation events (10 events):
Event: 34.615 Thread 0xb684ac00 1292   !         javax.swing.text.SegmentCache::releaseSegment (43 bytes)
Event: 34.615 Thread 0xb684ac00 nmethod 1292 0xb4a34848 code [0xb4a34970, 0xb4a34bcc]
Event: 34.615 Thread 0xb684ac00 1293             javax.swing.text.SegmentCache::getSharedSegment (7 bytes)
Event: 34.615 Thread 0xb684ac00 nmethod 1293 0xb4a34cc8 code [0xb4a34dd0, 0xb4a34e5c]
Event: 34.615 Thread 0xb684ac00 1294             javax.swing.text.SegmentCache::releaseSharedSegment (8 bytes)
Event: 34.616 Thread 0xb684ac00 nmethod 1294 0xb4a34f08 code [0xb4a35010, 0xb4a3509c]
Event: 34.681 Thread 0xb684ac00 1295   !         java.awt.LightweightDispatcher::eventDispatched (336 bytes)
Event: 34.684 Thread 0xb684ac00 nmethod 1295 0xb4a35148 code [0xb4a35420, 0xb4a3629c]
Event: 34.688 Thread 0xb684ac00 1296             java.util.concurrent.locks.ReentrantReadWriteLock$Sync::exclusiveCount (5 bytes)
Event: 34.688 Thread 0xb684ac00 nmethod 1296 0xb4a37188 code [0xb4a37280, 0xb4a372f0]

GC Heap History (10 events):
Event: 33.258 GC heap before
{Heap before GC invocations=90 (full 0):
 def new generation   total 4928K, used 4425K [0x6e800000, 0x6ed50000, 0x792a0000)
  eden space 4416K, 100% used [0x6e800000, 0x6ec50000, 0x6ec50000)
  from space 512K,   1% used [0x6ec50000, 0x6ec52570, 0x6ecd0000)
  to   space 512K,   0% used [0x6ecd0000, 0x6ecd0000, 0x6ed50000)
 tenured generation   total 10944K, used 6259K [0x792a0000, 0x79d50000, 0x8e800000)
   the space 10944K,  57% used [0x792a0000, 0x798bcf70, 0x798bd000, 0x79d50000)
 compacting perm gen  total 12288K, used 6824K [0x8e800000, 0x8f400000, 0x92800000)
   the space 12288K,  55% used [0x8e800000, 0x8eeaa060, 0x8eeaa200, 0x8f400000)
    ro space 10240K,  60% used [0x92800000, 0x92e00d38, 0x92e00e00, 0x93200000)
    rw space 12288K,  59% used [0x93200000, 0x9391e858, 0x9391ea00, 0x93e00000)
Event: 33.258 GC heap after
Heap after GC invocations=91 (full 0):
 def new generation   total 4928K, used 10K [0x6e800000, 0x6ed50000, 0x792a0000)
  eden space 4416K,   0% used [0x6e800000, 0x6e800000, 0x6ec50000)
  from space 512K,   1% used [0x6ecd0000, 0x6ecd28e0, 0x6ed50000)
  to   space 512K,   0% used [0x6ec50000, 0x6ec50000, 0x6ecd0000)
 tenured generation   total 10944K, used 6260K [0x792a0000, 0x79d50000, 0x8e800000)
   the space 10944K,  57% used [0x792a0000, 0x798bd0a0, 0x798bd200, 0x79d50000)
 compacting perm gen  total 12288K, used 6824K [0x8e800000, 0x8f400000, 0x92800000)
   the space 12288K,  55% used [0x8e800000, 0x8eeaa060, 0x8eeaa200, 0x8f400000)
    ro space 10240K,  60% used [0x92800000, 0x92e00d38, 0x92e00e00, 0x93200000)
    rw space 12288K,  59% used [0x93200000, 0x9391e858, 0x9391ea00, 0x93e00000)
}
Event: 33.270 GC heap before
{Heap before GC invocations=91 (full 0):
 def new generation   total 4928K, used 4426K [0x6e800000, 0x6ed50000, 0x792a0000)
  eden space 4416K, 100% used [0x6e800000, 0x6ec50000, 0x6ec50000)
  from space 512K,   1% used [0x6ecd0000, 0x6ecd28e0, 0x6ed50000)
  to   space 512K,   0% used [0x6ec50000, 0x6ec50000, 0x6ecd0000)
 tenured generation   total 10944K, used 6260K [0x792a0000, 0x79d50000, 0x8e800000)
   the space 10944K,  57% used [0x792a0000, 0x798bd0a0, 0x798bd200, 0x79d50000)
 compacting perm gen  total 12288K, used 6824K [0x8e800000, 0x8f400000, 0x92800000)
   the space 12288K,  55% used [0x8e800000, 0x8eeaa060, 0x8eeaa200, 0x8f400000)
    ro space 10240K,  60% used [0x92800000, 0x92e00d38, 0x92e00e00, 0x93200000)
    rw space 12288K,  59% used [0x93200000, 0x9391e858, 0x9391ea00, 0x93e00000)
Event: 33.270 GC heap after
Heap after GC invocations=92 (full 0):
 def new generation   total 4928K, used 11K [0x6e800000, 0x6ed50000, 0x792a0000)
  eden space 4416K,   0% used [0x6e800000, 0x6e800000, 0x6ec50000)
  from space 512K,   2% used [0x6ec50000, 0x6ec52d30, 0x6ecd0000)
  to   space 512K,   0% used [0x6ecd0000, 0x6ecd0000, 0x6ed50000)
 tenured generation   total 10944K, used 6260K [0x792a0000, 0x79d50000, 0x8e800000)
   the space 10944K,  57% used [0x792a0000, 0x798bd118, 0x798bd200, 0x79d50000)
 compacting perm gen  total 12288K, used 6824K [0x8e800000, 0x8f400000, 0x92800000)
   the space 12288K,  55% used [0x8e800000, 0x8eeaa060, 0x8eeaa200, 0x8f400000)
    ro space 10240K,  60% used [0x92800000, 0x92e00d38, 0x92e00e00, 0x93200000)
    rw space 12288K,  59% used [0x93200000, 0x9391e858, 0x9391ea00, 0x93e00000)
}
Event: 33.282 GC heap before
{Heap before GC invocations=92 (full 0):
 def new generation   total 4928K, used 4427K [0x6e800000, 0x6ed50000, 0x792a0000)
  eden space 4416K, 100% used [0x6e800000, 0x6ec50000, 0x6ec50000)
  from space 512K,   2% used [0x6ec50000, 0x6ec52d30, 0x6ecd0000)
  to   space 512K,   0% used [0x6ecd0000, 0x6ecd0000, 0x6ed50000)
 tenured generation   total 10944K, used 6260K [0x792a0000, 0x79d50000, 0x8e800000)
   the space 10944K,  57% used [0x792a0000, 0x798bd118, 0x798bd200, 0x79d50000)
 compacting perm gen  total 12288K, used 6824K [0x8e800000, 0x8f400000, 0x92800000)
   the space 12288K,  55% used [0x8e800000, 0x8eeaa060, 0x8eeaa200, 0x8f400000)
    ro space 10240K,  60% used [0x92800000, 0x92e00d38, 0x92e00e00, 0x93200000)
    rw space 12288K,  59% used [0x93200000, 0x9391e858, 0x9391ea00, 0x93e00000)
Event: 33.282 GC heap after
Heap after GC invocations=93 (full 0):
 def new generation   total 4928K, used 12K [0x6e800000, 0x6ed50000, 0x792a0000)
  eden space 4416K,   0% used [0x6e800000, 0x6e800000, 0x6ec50000)
  from space 512K,   2% used [0x6ecd0000, 0x6ecd3328, 0x6ed50000)
  to   space 512K,   0% used [0x6ec50000, 0x6ec50000, 0x6ecd0000)
 tenured generation   total 10944K, used 6260K [0x792a0000, 0x79d50000, 0x8e800000)
   the space 10944K,  57% used [0x792a0000, 0x798bd200, 0x798bd200, 0x79d50000)
 compacting perm gen  total 12288K, used 6824K [0x8e800000, 0x8f400000, 0x92800000)
   the space 12288K,  55% used [0x8e800000, 0x8eeaa060, 0x8eeaa200, 0x8f400000)
    ro space 10240K,  60% used [0x92800000, 0x92e00d38, 0x92e00e00, 0x93200000)
    rw space 12288K,  59% used [0x93200000, 0x9391e858, 0x9391ea00, 0x93e00000)
}
Event: 33.744 GC heap before
{Heap before GC invocations=93 (full 0):
 def new generation   total 4928K, used 4428K [0x6e800000, 0x6ed50000, 0x792a0000)
  eden space 4416K, 100% used [0x6e800000, 0x6ec50000, 0x6ec50000)
  from space 512K,   2% used [0x6ecd0000, 0x6ecd3328, 0x6ed50000)
  to   space 512K,   0% used [0x6ec50000, 0x6ec50000, 0x6ecd0000)
 tenured generation   total 10944K, used 6260K [0x792a0000, 0x79d50000, 0x8e800000)
   the space 10944K,  57% used [0x792a0000, 0x798bd200, 0x798bd200, 0x79d50000)
 compacting perm gen  total 12288K, used 6921K [0x8e800000, 0x8f400000, 0x92800000)
   the space 12288K,  56% used [0x8e800000, 0x8eec2680, 0x8eec2800, 0x8f400000)
    ro space 10240K,  60% used [0x92800000, 0x92e00d38, 0x92e00e00, 0x93200000)
    rw space 12288K,  59% used [0x93200000, 0x9391e858, 0x9391ea00, 0x93e00000)
Event: 33.747 GC heap after
Heap after GC invocations=94 (full 0):
 def new generation   total 4928K, used 407K [0x6e800000, 0x6ed50000, 0x792a0000)
  eden space 4416K,   0% used [0x6e800000, 0x6e800000, 0x6ec50000)
  from space 512K,  79% used [0x6ec50000, 0x6ecb5e90, 0x6ecd0000)
  to   space 512K,   0% used [0x6ecd0000, 0x6ecd0000, 0x6ed50000)
 tenured generation   total 10944K, used 6260K [0x792a0000, 0x79d50000, 0x8e800000)
   the space 10944K,  57% used [0x792a0000, 0x798bd2e8, 0x798bd400, 0x79d50000)
 compacting perm gen  total 12288K, used 6921K [0x8e800000, 0x8f400000, 0x92800000)
   the space 12288K,  56% used [0x8e800000, 0x8eec2680, 0x8eec2800, 0x8f400000)
    ro space 10240K,  60% used [0x92800000, 0x92e00d38, 0x92e00e00, 0x93200000)
    rw space 12288K,  59% used [0x93200000, 0x9391e858, 0x9391ea00, 0x93e00000)
}
Event: 34.605 GC heap before
{Heap before GC invocations=94 (full 0):
 def new generation   total 4928K, used 4823K [0x6e800000, 0x6ed50000, 0x792a0000)
  eden space 4416K, 100% used [0x6e800000, 0x6ec50000, 0x6ec50000)
  from space 512K,  79% used [0x6ec50000, 0x6ecb5e90, 0x6ecd0000)
  to   space 512K,   0% used [0x6ecd0000, 0x6ecd0000, 0x6ed50000)
 tenured generation   total 10944K, used 6260K [0x792a0000, 0x79d50000, 0x8e800000)
   the space 10944K,  57% used [0x792a0000, 0x798bd2e8, 0x798bd400, 0x79d50000)
 compacting perm gen  total 12288K, used 6960K [0x8e800000, 0x8f400000, 0x92800000)
   the space 12288K,  56% used [0x8e800000, 0x8eecc360, 0x8eecc400, 0x8f400000)
    ro space 10240K,  60% used [0x92800000, 0x92e00d38, 0x92e00e00, 0x93200000)
    rw space 12288K,  59% used [0x93200000, 0x9391e858, 0x9391ea00, 0x93e00000)
Event: 34.607 GC heap after
Heap after GC invocations=95 (full 0):
 def new generation   total 4928K, used 101K [0x6e800000, 0x6ed50000, 0x792a0000)
  eden space 4416K,   0% used [0x6e800000, 0x6e800000, 0x6ec50000)
  from space 512K,  19% used [0x6ecd0000, 0x6ece95e8, 0x6ed50000)
  to   space 512K,   0% used [0x6ec50000, 0x6ec50000, 0x6ecd0000)
 tenured generation   total 10944K, used 6646K [0x792a0000, 0x79d50000, 0x8e800000)
   the space 10944K,  60% used [0x792a0000, 0x7991d928, 0x7991da00, 0x79d50000)
 compacting perm gen  total 12288K, used 6960K [0x8e800000, 0x8f400000, 0x92800000)
   the space 12288K,  56% used [0x8e800000, 0x8eecc360, 0x8eecc400, 0x8f400000)
    ro space 10240K,  60% used [0x92800000, 0x92e00d38, 0x92e00e00, 0x93200000)
    rw space 12288K,  59% used [0x93200000, 0x9391e858, 0x9391ea00, 0x93e00000)
}

Deoptimization events (0 events):
No events

Internal exceptions (10 events):
Event: 33.779 Thread 0xb385cc00 Threw 0x6e998950 at /build/openjdk-7-mks0zz/openjdk-7-7u121-2.6.8/build/openjdk/hotspot/src/share/vm/prims/jvm.cpp:1322
Event: 33.784 Thread 0xb385cc00 Threw 0x6e99bfb8 at /build/openjdk-7-mks0zz/openjdk-7-7u121-2.6.8/build/openjdk/hotspot/src/share/vm/prims/jvm.cpp:1322
Event: 33.784 Thread 0xb385cc00 Threw 0x6e99f528 at /build/openjdk-7-mks0zz/openjdk-7-7u121-2.6.8/build/openjdk/hotspot/src/share/vm/prims/jvm.cpp:1322
Event: 33.787 Thread 0xb385cc00 Threw 0x6e9a20b8 at /build/openjdk-7-mks0zz/openjdk-7-7u121-2.6.8/build/openjdk/hotspot/src/share/vm/prims/jvm.cpp:1322
Event: 33.787 Thread 0xb385cc00 Threw 0x6e9a52f8 at /build/openjdk-7-mks0zz/openjdk-7-7u121-2.6.8/build/openjdk/hotspot/src/share/vm/prims/jvm.cpp:1322
Event: 33.787 Thread 0xb385cc00 Threw 0x6e9a88f0 at /build/openjdk-7-mks0zz/openjdk-7-7u121-2.6.8/build/openjdk/hotspot/src/share/vm/prims/jvm.cpp:1322
Event: 33.788 Thread 0xb385cc00 Threw 0x6e9aba00 at /build/openjdk-7-mks0zz/openjdk-7-7u121-2.6.8/build/openjdk/hotspot/src/share/vm/prims/jvm.cpp:1322
Event: 33.839 Thread 0xb385cc00 Threw 0x6eae15d8 at /build/openjdk-7-mks0zz/openjdk-7-7u121-2.6.8/build/openjdk/hotspot/src/share/vm/prims/jvm.cpp:1322
Event: 34.690 Thread 0x09d12c00 Threw 0x6e8762e8 at /build/openjdk-7-mks0zz/openjdk-7-7u121-2.6.8/build/openjdk/hotspot/src/share/vm/prims/jvm.cpp:1322
Event: 34.693 Thread 0x09d12c00 Threw 0x6e879170 at /build/openjdk-7-mks0zz/openjdk-7-7u121-2.6.8/build/openjdk/hotspot/src/share/vm/prims/jvm.cpp:1322

Events (10 events):
Event: 34.693 loading class 0x09a8fa50
Event: 34.693 loading class 0x09a8fa50 done
Event: 34.694 Executing VM operation: RevokeBias
Event: 34.694 Executing VM operation: RevokeBias done
Event: 34.694 Executing VM operation: RevokeBias
Event: 34.694 Executing VM operation: RevokeBias done
Event: 34.694 Executing VM operation: RevokeBias
Event: 34.694 Executing VM operation: RevokeBias done
Event: 34.694 Executing VM operation: RevokeBias
Event: 34.694 Executing VM operation: RevokeBias done


Dynamic libraries:
08048000-08049000 r-xp 00000000 08:01 277177     /usr/lib/jvm/java-7-openjdk-i386/jre/bin/java
08049000-0804a000 r--p 00000000 08:01 277177     /usr/lib/jvm/java-7-openjdk-i386/jre/bin/java
0804a000-0804b000 rw-p 00001000 08:01 277177     /usr/lib/jvm/java-7-openjdk-i386/jre/bin/java
098f7000-09d35000 rw-p 00000000 00:00 0          [heap]
6e800000-6ed50000 rw-p 00000000 00:00 0 
6ed50000-792a0000 rw-p 00000000 00:00 0 
792a0000-79d50000 rw-p 00000000 00:00 0 
79d50000-8e800000 rw-p 00000000 00:00 0 
8e800000-8f400000 rw-p 00000000 00:00 0 
8f400000-92800000 rw-p 00000000 00:00 0 
92800000-92e01000 r--p 00001000 08:01 179396     /usr/lib/jvm/java-7-openjdk-i386/jre/lib/i386/client/classes.jsa
92e01000-93200000 rw-p 00000000 00:00 0 
93200000-9391f000 rw-p 00602000 08:01 179396     /usr/lib/jvm/java-7-openjdk-i386/jre/lib/i386/client/classes.jsa
9391f000-93e00000 rw-p 00000000 00:00 0 
93e00000-94115000 rw-p 00d21000 08:01 179396     /usr/lib/jvm/java-7-openjdk-i386/jre/lib/i386/client/classes.jsa
94115000-94200000 rw-p 00000000 00:00 0 
94200000-94209000 r-xp 01036000 08:01 179396     /usr/lib/jvm/java-7-openjdk-i386/jre/lib/i386/client/classes.jsa
94209000-94600000 rw-p 00000000 00:00 0 
b28fb000-b2927000 r-xp 00000000 08:01 305341     /home/user/Desktop/Dual-radio-simulation/lanada/log_test/obj_cooja/mtype364.cooja
b2927000-b2928000 r--p 0002b000 08:01 305341     /home/user/Desktop/Dual-radio-simulation/lanada/log_test/obj_cooja/mtype364.cooja
b2928000-b2929000 rw-p 0002c000 08:01 305341     /home/user/Desktop/Dual-radio-simulation/lanada/log_test/obj_cooja/mtype364.cooja
b2929000-b293a000 rw-p 00000000 00:00 0          [stack:4316]
b293a000-b293d000 ---p 00000000 00:00 0 
b293d000-b298b000 rw-p 00000000 00:00 0          [stack:4305]
b298b000-b298e000 ---p 00000000 00:00 0 
b298e000-b29dc000 rw-p 00000000 00:00 0          [stack:4306]
b29dc000-b29df000 ---p 00000000 00:00 0 
b29df000-b2a2d000 rw-p 00000000 00:00 0 
b2b3a000-b2b44000 rw-s 00000000 00:04 3309589    /SYSV00000000 (deleted)
b2b44000-b2b47000 ---p 00000000 00:00 0 
b2b47000-b2b95000 rw-p 00000000 00:00 0          [stack:4100]
b2b99000-b2b9a000 rw-p 00000000 00:00 0 
b2b9a000-b322f000 rw-s 00000000 00:04 2031634    /SYSV00000000 (deleted)
b322f000-b3231000 r--s 00003000 08:01 289777     /home/user/Desktop/Dual-radio-simulation/tools/cooja/apps/powertracker/lib/powertracker.jar
b3231000-b3232000 r--s 00002000 08:01 266126     /home/user/Desktop/Dual-radio-simulation/tools/cooja/apps/collect-view/cooja-collect-view.jar
b3232000-b3234000 r--s 00008000 08:01 289775     /home/user/Desktop/Dual-radio-simulation/tools/cooja/apps/serial_socket/lib/serial_socket.jar
b3234000-b326e000 r--s 001e1000 08:01 291798     /home/user/Desktop/Dual-radio-simulation/tools/cooja/apps/avrora/lib/avrora-small.jar
b326e000-b326f000 r--s 00008000 08:01 265385     /home/user/Desktop/Dual-radio-simulation/tools/cooja/apps/avrora/lib/cooja_avrora.jar
b326f000-b3271000 r--s 00010000 08:01 292113     /home/user/Desktop/Dual-radio-simulation/tools/cooja/apps/mspsim/lib/jipv6.jar
b3271000-b3272000 r--s 00004000 08:01 289779     /home/user/Desktop/Dual-radio-simulation/tools/cooja/apps/mspsim/lib/coffee.jar
b3272000-b327e000 r--s 000eb000 08:01 269680     /home/user/Desktop/Dual-radio-simulation/tools/cooja/apps/mspsim/lib/mspsim.jar
b327e000-b3284000 r--s 00062000 08:01 268623     /home/user/Desktop/Dual-radio-simulation/tools/cooja/apps/mspsim/lib/cooja_mspsim.jar
b3284000-b3287000 r--s 0001e000 08:01 266127     /home/user/Desktop/Dual-radio-simulation/tools/cooja/apps/mrm/lib/mrm.jar
b3287000-b328a000 ---p 00000000 00:00 0 
b328a000-b32d8000 rw-p 00000000 00:00 0          [stack:4093]
b32d8000-b32db000 ---p 00000000 00:00 0 
b32db000-b3329000 rw-p 00000000 00:00 0          [stack:4092]
b3329000-b332c000 ---p 00000000 00:00 0 
b332c000-b337a000 rw-p 00000000 00:00 0          [stack:4091]
b337a000-b337b000 r--s 00000000 08:01 403278     /var/cache/fontconfig/c05880de57d1f5e948fdfacc138775d9-le32d4.cache-4
b337b000-b3383000 r--s 00000000 08:01 395165     /var/cache/fontconfig/945677eb7aeaf62f1d50efc3fb3ec7d8-le32d4.cache-4
b3383000-b3385000 r--s 00000000 08:01 401858     /var/cache/fontconfig/99e8ed0e538f840c565b6ed5dad60d56-le32d4.cache-4
b3385000-b3389000 r--s 00000000 08:01 401857     /var/cache/fontconfig/2cd17615ca594fa2959ae173292e504c-le32d4.cache-4
b3389000-b338a000 r--s 00000000 08:01 401856     /var/cache/fontconfig/e7071f4a29fa870f4323321c154eba04-le32d4.cache-4
b338a000-b338b000 r--s 00000000 08:01 401855     /var/cache/fontconfig/0d8c3b2ac0904cb8a57a757ad11a4a08-le32d4.cache-4
b338b000-b3390000 r--s 00000000 08:01 401853     /var/cache/fontconfig/a755afe4a08bf5b97852ceb7400b47bc-le32d4.cache-4
b3390000-b3399000 r--s 00000000 08:01 401852     /var/cache/fontconfig/6d41288fd70b0be22e8c3a91e032eec0-le32d4.cache-4
b3399000-b33a8000 r--s 00000000 08:01 401851     /var/cache/fontconfig/04aabc0a78ac019cf9454389977116d2-le32d4.cache-4
b33a8000-b33a9000 r--s 00000000 08:01 401850     /var/cache/fontconfig/1ac9eb803944fde146138c791f5cc56a-le32d4.cache-4
b33a9000-b33ac000 r--s 00000000 08:01 401849     /var/cache/fontconfig/385c0604a188198f04d133e54aba7fe7-le32d4.cache-4
b33ac000-b33ad000 r--s 00000000 08:01 401848     /var/cache/fontconfig/dc05db6664285cc2f12bf69c139ae4c3-le32d4.cache-4
b33ad000-b33af000 r--s 00000000 08:01 393795     /var/cache/fontconfig/767a8244fc0220cfb567a839d0392e0b-le32d4.cache-4
b33af000-b33b3000 r--s 00000000 08:01 401846     /var/cache/fontconfig/8801497958630a81b71ace7c5f9b32a8-le32d4.cache-4
b33b3000-b33b8000 r--s 00000000 08:01 401845     /var/cache/fontconfig/3047814df9a2f067bd2d96a2b9c36e5a-le32d4.cache-4
b33b8000-b33c8000 r--s 00000000 08:01 401830     /var/cache/fontconfig/d52a8644073d54c13679302ca1180695-le32d4.cache-4
b33c8000-b3418000 r-xp 00000000 08:01 171756     /usr/lib/jvm/java-7-openjdk-i386/jre/lib/i386/libfontmanager.so
b3418000-b341a000 r--p 0004f000 08:01 171756     /usr/lib/jvm/java-7-openjdk-i386/jre/lib/i386/libfontmanager.so
b341a000-b341b000 rw-p 00051000 08:01 171756     /usr/lib/jvm/java-7-openjdk-i386/jre/lib/i386/libfontmanager.so
b341b000-b341e000 ---p 00000000 00:00 0 
b341e000-b346c000 rw-p 00000000 00:00 0          [stack:4090]
b346c000-b3470000 r-xp 00000000 08:01 7640       /usr/lib/i386-linux-gnu/libXfixes.so.3.1.0
b3470000-b3471000 r--p 00003000 08:01 7640       /usr/lib/i386-linux-gnu/libXfixes.so.3.1.0
b3471000-b3472000 rw-p 00004000 08:01 7640       /usr/lib/i386-linux-gnu/libXfixes.so.3.1.0
b3472000-b3475000 ---p 00000000 00:00 0 
b3475000-b34c3000 rw-p 00000000 00:00 0          [stack:4089]
b34c3000-b34e9000 r-xp 00000000 08:01 142126     /lib/i386-linux-gnu/libpng12.so.0.50.0
b34e9000-b34ea000 r--p 00025000 08:01 142126     /lib/i386-linux-gnu/libpng12.so.0.50.0
b34ea000-b34eb000 rw-p 00026000 08:01 142126     /lib/i386-linux-gnu/libpng12.so.0.50.0
b34eb000-b3510000 r-xp 00000000 08:01 131117     /lib/i386-linux-gnu/libexpat.so.1.6.0
b3510000-b3511000 ---p 00025000 08:01 131117     /lib/i386-linux-gnu/libexpat.so.1.6.0
b3511000-b3513000 r--p 00025000 08:01 131117     /lib/i386-linux-gnu/libexpat.so.1.6.0
b3513000-b3514000 rw-p 00027000 08:01 131117     /lib/i386-linux-gnu/libexpat.so.1.6.0
b3514000-b35af000 r-xp 00000000 08:01 9114       /usr/lib/i386-linux-gnu/libfreetype.so.6.11.1
b35af000-b35b3000 r--p 0009a000 08:01 9114       /usr/lib/i386-linux-gnu/libfreetype.so.6.11.1
b35b3000-b35b4000 rw-p 0009e000 08:01 9114       /usr/lib/i386-linux-gnu/libfreetype.so.6.11.1
b35b4000-b35d4000 r-xp 00000000 08:01 66655      /usr/lib/i386-linux-gnu/libxcb.so.1.1.0
b35d4000-b35d5000 r--p 0001f000 08:01 66655      /usr/lib/i386-linux-gnu/libxcb.so.1.1.0
b35d5000-b35d6000 rw-p 00020000 08:01 66655      /usr/lib/i386-linux-gnu/libxcb.so.1.1.0
b35d6000-b360f000 r-xp 00000000 08:01 9177       /usr/lib/i386-linux-gnu/libfontconfig.so.1.8.0
b360f000-b3610000 r--p 00039000 08:01 9177       /usr/lib/i386-linux-gnu/libfontconfig.so.1.8.0
b3610000-b3611000 rw-p 0003a000 08:01 9177       /usr/lib/i386-linux-gnu/libfontconfig.so.1.8.0
b3611000-b3741000 r-xp 00000000 08:01 10842      /usr/lib/i386-linux-gnu/libX11.so.6.3.0
b3741000-b3742000 r--p 00130000 08:01 10842      /usr/lib/i386-linux-gnu/libX11.so.6.3.0
b3742000-b3744000 rw-p 00131000 08:01 10842      /usr/lib/i386-linux-gnu/libX11.so.6.3.0
b3744000-b3745000 rw-p 00000000 00:00 0 
b3745000-b37d4000 r-xp 00000000 08:01 171844     /usr/lib/jvm/java-7-openjdk-i386/jre/lib/i386/libawt.so
b37d4000-b37d5000 r--p 0008f000 08:01 171844     /usr/lib/jvm/java-7-openjdk-i386/jre/lib/i386/libawt.so
b37d5000-b37dc000 rw-p 00090000 08:01 171844     /usr/lib/jvm/java-7-openjdk-i386/jre/lib/i386/libawt.so
b37dc000-b3800000 rw-p 00000000 00:00 0 
b3800000-b3886000 rw-p 00000000 00:00 0 
b3886000-b3900000 ---p 00000000 00:00 0 
b3900000-b3901000 r--s 00000000 08:01 401847     /var/cache/fontconfig/4794a0821666d79190d59a36cb4f44b5-le32d4.cache-4
b3901000-b390a000 r-xp 00000000 08:01 9790       /usr/lib/i386-linux-gnu/libXcursor.so.1.0.2
b390a000-b390b000 r--p 00008000 08:01 9790       /usr/lib/i386-linux-gnu/libXcursor.so.1.0.2
b390b000-b390c000 rw-p 00009000 08:01 9790       /usr/lib/i386-linux-gnu/libXcursor.so.1.0.2
b390c000-b3911000 r-xp 00000000 08:01 5406       /usr/lib/i386-linux-gnu/libXdmcp.so.6.0.0
b3911000-b3912000 r--p 00004000 08:01 5406       /usr/lib/i386-linux-gnu/libXdmcp.so.6.0.0
b3912000-b3913000 rw-p 00005000 08:01 5406       /usr/lib/i386-linux-gnu/libXdmcp.so.6.0.0
b3913000-b3915000 r-xp 00000000 08:01 5352       /usr/lib/i386-linux-gnu/libXau.so.6.0.0
b3915000-b3916000 r--p 00001000 08:01 5352       /usr/lib/i386-linux-gnu/libXau.so.6.0.0
b3916000-b3917000 rw-p 00002000 08:01 5352       /usr/lib/i386-linux-gnu/libXau.so.6.0.0
b3917000-b3925000 r-xp 00000000 08:01 7577       /usr/lib/i386-linux-gnu/libXi.so.6.1.0
b3925000-b3926000 r--p 0000e000 08:01 7577       /usr/lib/i386-linux-gnu/libXi.so.6.1.0
b3926000-b3927000 rw-p 0000f000 08:01 7577       /usr/lib/i386-linux-gnu/libXi.so.6.1.0
b3927000-b392c000 r-xp 00000000 08:01 10292      /usr/lib/i386-linux-gnu/libXtst.so.6.1.0
b392c000-b392d000 r--p 00004000 08:01 10292      /usr/lib/i386-linux-gnu/libXtst.so.6.1.0
b392d000-b392e000 rw-p 00005000 08:01 10292      /usr/lib/i386-linux-gnu/libXtst.so.6.1.0
b392e000-b3930000 r-xp 00000000 08:01 3489       /usr/lib/i386-linux-gnu/libXcomposite.so.1.0.0
b3930000-b3931000 r--p 00001000 08:01 3489       /usr/lib/i386-linux-gnu/libXcomposite.so.1.0.0
b3931000-b3932000 rw-p 00002000 08:01 3489       /usr/lib/i386-linux-gnu/libXcomposite.so.1.0.0
b3932000-b393b000 r-xp 00000000 08:01 6199       /usr/lib/i386-linux-gnu/libXrender.so.1.3.0
b393b000-b393c000 r--p 00008000 08:01 6199       /usr/lib/i386-linux-gnu/libXrender.so.1.3.0
b393c000-b393d000 rw-p 00009000 08:01 6199       /usr/lib/i386-linux-gnu/libXrender.so.1.3.0
b393d000-b394e000 r-xp 00000000 08:01 6183       /usr/lib/i386-linux-gnu/libXext.so.6.4.0
b394e000-b394f000 r--p 00010000 08:01 6183       /usr/lib/i386-linux-gnu/libXext.so.6.4.0
b394f000-b3950000 rw-p 00011000 08:01 6183       /usr/lib/i386-linux-gnu/libXext.so.6.4.0
b3950000-b3998000 r-xp 00000000 08:01 136650     /usr/lib/jvm/java-7-openjdk-i386/jre/lib/i386/xawt/libmawt.so
b3998000-b3999000 r--p 00048000 08:01 136650     /usr/lib/jvm/java-7-openjdk-i386/jre/lib/i386/xawt/libmawt.so
b3999000-b399b000 rw-p 00049000 08:01 136650     /usr/lib/jvm/java-7-openjdk-i386/jre/lib/i386/xawt/libmawt.so
b399b000-b399c000 rw-p 00000000 00:00 0 
b399c000-b39d8000 r-xp 00000000 08:01 132344     /lib/i386-linux-gnu/libpcre.so.3.13.1
b39d8000-b39d9000 r--p 0003b000 08:01 132344     /lib/i386-linux-gnu/libpcre.so.3.13.1
b39d9000-b39da000 rw-p 0003c000 08:01 132344     /lib/i386-linux-gnu/libpcre.so.3.13.1
b39da000-b39df000 r-xp 00000000 08:01 9076       /usr/lib/i386-linux-gnu/libffi.so.6.0.1
b39df000-b39e0000 r--p 00005000 08:01 9076       /usr/lib/i386-linux-gnu/libffi.so.6.0.1
b39e0000-b39e1000 rw-p 00006000 08:01 9076       /usr/lib/i386-linux-gnu/libffi.so.6.0.1
b39e1000-b39f4000 r-xp 00000000 08:01 158559     /lib/i386-linux-gnu/libresolv-2.19.so
b39f4000-b39f5000 ---p 00013000 08:01 158559     /lib/i386-linux-gnu/libresolv-2.19.so
b39f5000-b39f6000 r--p 00013000 08:01 158559     /lib/i386-linux-gnu/libresolv-2.19.so
b39f6000-b39f7000 rw-p 00014000 08:01 158559     /lib/i386-linux-gnu/libresolv-2.19.so
b39f7000-b39f9000 rw-p 00000000 00:00 0 
b39f9000-b3a19000 r-xp 00000000 08:01 131406     /lib/i386-linux-gnu/libselinux.so.1
b3a19000-b3a1a000 r--p 0001f000 08:01 131406     /lib/i386-linux-gnu/libselinux.so.1
b3a1a000-b3a1b000 rw-p 00020000 08:01 131406     /lib/i386-linux-gnu/libselinux.so.1
b3a1b000-b3a1c000 rw-p 00000000 00:00 0 
b3a1c000-b3b26000 r-xp 00000000 08:01 136564     /lib/i386-linux-gnu/libglib-2.0.so.0.4002.0
b3b26000-b3b27000 r--p 00109000 08:01 136564     /lib/i386-linux-gnu/libglib-2.0.so.0.4002.0
b3b27000-b3b28000 rw-p 0010a000 08:01 136564     /lib/i386-linux-gnu/libglib-2.0.so.0.4002.0
b3b28000-b3b78000 r-xp 00000000 08:01 1672       /usr/lib/i386-linux-gnu/libgobject-2.0.so.0.4002.0
b3b78000-b3b79000 r--p 0004f000 08:01 1672       /usr/lib/i386-linux-gnu/libgobject-2.0.so.0.4002.0
b3b79000-b3b7a000 rw-p 00050000 08:01 1672       /usr/lib/i386-linux-gnu/libgobject-2.0.so.0.4002.0
b3b7a000-b3cf7000 r-xp 00000000 08:01 1674       /usr/lib/i386-linux-gnu/libgio-2.0.so.0.4002.0
b3cf7000-b3cf9000 r--p 0017d000 08:01 1674       /usr/lib/i386-linux-gnu/libgio-2.0.so.0.4002.0
b3cf9000-b3cfa000 rw-p 0017f000 08:01 1674       /usr/lib/i386-linux-gnu/libgio-2.0.so.0.4002.0
b3cfa000-b3cfb000 rw-p 00000000 00:00 0 
b3cfb000-b3cfc000 r--s 00000000 08:01 401844     /var/cache/fontconfig/56cf4f4769d0f4abc89a4895d7bd3ae1-le32d4.cache-4
b3cfc000-b3d00000 r--s 00000000 08:01 401842     /var/cache/fontconfig/b47c4e1ecd0709278f4910c18777a504-le32d4.cache-4
b3d00000-b3d07000 r--s 00000000 08:01 401829     /var/cache/fontconfig/3f7329c5293ffd510edef78f73874cfd-le32d4.cache-4
b3d07000-b3d10000 r--s 00000000 08:01 401785     /var/cache/fontconfig/d589a48862398ed80a3d6066f4f56f4c-le32d4.cache-4
b3d10000-b3d12000 r--s 00000000 08:01 394475     /var/cache/fontconfig/e13b20fdb08344e0e664864cc2ede53d-le32d4.cache-4
b3d12000-b3d2a000 r-xp 00000000 08:01 171836     /usr/lib/jvm/java-7-openjdk-i386/jre/lib/i386/libnet.so
b3d2a000-b3d2b000 r--p 00017000 08:01 171836     /usr/lib/jvm/java-7-openjdk-i386/jre/lib/i386/libnet.so
b3d2b000-b3d2c000 rw-p 00018000 08:01 171836     /usr/lib/jvm/java-7-openjdk-i386/jre/lib/i386/libnet.so
b3d2c000-b3d3d000 r-xp 00000000 08:01 171778     /usr/lib/jvm/java-7-openjdk-i386/jre/lib/i386/libnio.so
b3d3d000-b3d3e000 r--p 00010000 08:01 171778     /usr/lib/jvm/java-7-openjdk-i386/jre/lib/i386/libnio.so
b3d3e000-b3d3f000 rw-p 00011000 08:01 171778     /usr/lib/jvm/java-7-openjdk-i386/jre/lib/i386/libnio.so
b3d3f000-b3d5c000 r--s 0014f000 08:01 293673     /home/user/Desktop/Dual-radio-simulation/tools/cooja/lib/swingx-all-1.6.4.jar
b3d5c000-b3d5d000 ---p 00000000 00:00 0 
b3d5d000-b3ddd000 rw-p 00000000 00:00 0          [stack:4088]
b3ddd000-b3de0000 ---p 00000000 00:00 0 
b3de0000-b3e2e000 rw-p 00000000 00:00 0          [stack:4087]
b3e2e000-b3e31000 ---p 00000000 00:00 0 
b3e31000-b3eaf000 rw-p 00000000 00:00 0          [stack:4086]
b3eaf000-b3eb2000 ---p 00000000 00:00 0 
b3eb2000-b3f00000 rw-p 00000000 00:00 0          [stack:4085]
b3f00000-b4100000 r--p 00000000 08:01 369        /usr/lib/locale/locale-archive
b4100000-b4131000 rw-p 00000000 00:00 0 
b4131000-b4200000 ---p 00000000 00:00 0 
b4200000-b4203000 r--s 00000000 08:01 394702     /var/cache/fontconfig/7ef2298fde41cc6eeb7af42e48b7d293-le32d4.cache-4
b4203000-b4206000 r-xp 00000000 08:01 1675       /usr/lib/i386-linux-gnu/libgmodule-2.0.so.0.4002.0
b4206000-b4207000 r--p 00002000 08:01 1675       /usr/lib/i386-linux-gnu/libgmodule-2.0.so.0.4002.0
b4207000-b4208000 rw-p 00003000 08:01 1675       /usr/lib/i386-linux-gnu/libgmodule-2.0.so.0.4002.0
b4208000-b4212000 r--s 000ae000 08:01 136921     /usr/lib/jvm/java-7-openjdk-i386/jre/lib/resources.jar
b4212000-b4219000 r--s 0005b000 08:01 293671     /home/user/Desktop/Dual-radio-simulation/tools/cooja/lib/jsyntaxpane.jar
b4219000-b4220000 r--s 0004f000 08:01 293672     /home/user/Desktop/Dual-radio-simulation/tools/cooja/lib/log4j.jar
b4220000-b4223000 r--s 00022000 08:01 293670     /home/user/Desktop/Dual-radio-simulation/tools/cooja/lib/jdom.jar
b4223000-b4227000 r--s 00085000 08:01 171728     /usr/lib/jvm/java-7-openjdk-i386/jre/lib/ext/localedata.jar
b4227000-b422b000 r--s 00034000 08:01 136936     /usr/lib/jvm/java-7-openjdk-i386/jre/lib/ext/sunjce_provider.jar
b422b000-b422e000 ---p 00000000 00:00 0 
b422e000-b427c000 rw-p 00000000 00:00 0          [stack:4084]
b427c000-b427f000 ---p 00000000 00:00 0 
b427f000-b42cd000 rw-p 00000000 00:00 0          [stack:4083]
b42cd000-b42ce000 ---p 00000000 00:00 0 
b42ce000-b4397000 rw-p 00000000 00:00 0          [stack:4082]
b4397000-b454a000 r--s 01d41000 08:01 136926     /usr/lib/jvm/java-7-openjdk-i386/jre/lib/rt.jar
b454a000-b455e000 rw-p 00000000 00:00 0 
b455e000-b4578000 rw-p 00000000 00:00 0 
b4578000-b457e000 rw-p 00000000 00:00 0 
b457e000-b4623000 rw-p 00000000 00:00 0 
b4623000-b4626000 rw-p 00000000 00:00 0 
b4626000-b4678000 rw-p 00000000 00:00 0 
b4678000-b467e000 rw-p 00000000 00:00 0 
b467e000-b4723000 rw-p 00000000 00:00 0 
b4723000-b4729000 rw-p 00000000 00:00 0 
b4729000-b4743000 rw-p 00000000 00:00 0 
b4743000-b4759000 rw-p 00000000 00:00 0 
b4759000-b47cf000 rw-p 00000000 00:00 0 
b47cf000-b4a3f000 rwxp 00000000 00:00 0 
b4a3f000-b67cf000 rw-p 00000000 00:00 0 
b67cf000-b67d9000 r-xp 00000000 08:01 159039     /lib/i386-linux-gnu/libnss_files-2.19.so
b67d9000-b67da000 r--p 00009000 08:01 159039     /lib/i386-linux-gnu/libnss_files-2.19.so
b67da000-b67db000 rw-p 0000a000 08:01 159039     /lib/i386-linux-gnu/libnss_files-2.19.so
b67db000-b67e5000 r-xp 00000000 08:01 158574     /lib/i386-linux-gnu/libnss_nis-2.19.so
b67e5000-b67e6000 r--p 00009000 08:01 158574     /lib/i386-linux-gnu/libnss_nis-2.19.so
b67e6000-b67e7000 rw-p 0000a000 08:01 158574     /lib/i386-linux-gnu/libnss_nis-2.19.so
b67e7000-b67fc000 r-xp 00000000 08:01 158568     /lib/i386-linux-gnu/libnsl-2.19.so
b67fc000-b67fd000 r--p 00015000 08:01 158568     /lib/i386-linux-gnu/libnsl-2.19.so
b67fd000-b67fe000 rw-p 00016000 08:01 158568     /lib/i386-linux-gnu/libnsl-2.19.so
b67fe000-b6800000 rw-p 00000000 00:00 0 
b6800000-b68f7000 rw-p 00000000 00:00 0 
b68f7000-b6900000 ---p 00000000 00:00 0 
b6900000-b6901000 r--s 00000000 08:01 401843     /var/cache/fontconfig/b9d506c9ac06c20b433354fa67a72993-le32d4.cache-4
b6901000-b6904000 r--s 0000f000 08:01 153628     /usr/lib/jvm/java-7-openjdk-i386/jre/lib/ext/icedtea-sound.jar
b6904000-b690b000 r-xp 00000000 08:01 158567     /lib/i386-linux-gnu/libnss_compat-2.19.so
b690b000-b690c000 r--p 00006000 08:01 158567     /lib/i386-linux-gnu/libnss_compat-2.19.so
b690c000-b690d000 rw-p 00007000 08:01 158567     /lib/i386-linux-gnu/libnss_compat-2.19.so
b690d000-b690e000 r--s 00000000 08:01 401740     /var/cache/fontconfig/0c9eb80ebd1c36541ebe2852d3bb0c49-le32d4.cache-4
b690e000-b690f000 r--s 00002000 08:01 136939     /usr/lib/jvm/java-7-openjdk-i386/jre/lib/ext/dnsns.jar
b690f000-b6912000 r--s 0003d000 08:01 136934     /usr/lib/jvm/java-7-openjdk-i386/jre/lib/ext/sunpkcs11.jar
b6912000-b691a000 r-xp 00000000 08:01 171832     /usr/lib/jvm/java-7-openjdk-i386/jre/lib/i386/libzip.so
b691a000-b691b000 r--p 00007000 08:01 171832     /usr/lib/jvm/java-7-openjdk-i386/jre/lib/i386/libzip.so
b691b000-b691c000 rw-p 00008000 08:01 171832     /usr/lib/jvm/java-7-openjdk-i386/jre/lib/i386/libzip.so
b691c000-b6924000 rw-s 00000000 08:01 167507     /tmp/hsperfdata_user/4076
b6924000-b694b000 r-xp 00000000 08:01 171830     /usr/lib/jvm/java-7-openjdk-i386/jre/lib/i386/libjava.so
b694b000-b694c000 r--p 00026000 08:01 171830     /usr/lib/jvm/java-7-openjdk-i386/jre/lib/i386/libjava.so
b694c000-b694d000 rw-p 00027000 08:01 171830     /usr/lib/jvm/java-7-openjdk-i386/jre/lib/i386/libjava.so
b694d000-b6954000 r-xp 00000000 08:01 158579     /lib/i386-linux-gnu/librt-2.19.so
b6954000-b6955000 r--p 00006000 08:01 158579     /lib/i386-linux-gnu/librt-2.19.so
b6955000-b6956000 rw-p 00007000 08:01 158579     /lib/i386-linux-gnu/librt-2.19.so
b6956000-b6959000 ---p 00000000 00:00 0 
b6959000-b69a7000 rw-p 00000000 00:00 0          [stack:4078]
b69a7000-b69c3000 r-xp 00000000 08:01 158999     /lib/i386-linux-gnu/libgcc_s.so.1
b69c3000-b69c4000 rw-p 0001b000 08:01 158999     /lib/i386-linux-gnu/libgcc_s.so.1
b69c4000-b6a08000 r-xp 00000000 08:01 158561     /lib/i386-linux-gnu/libm-2.19.so
b6a08000-b6a09000 r--p 00043000 08:01 158561     /lib/i386-linux-gnu/libm-2.19.so
b6a09000-b6a0a000 rw-p 00044000 08:01 158561     /lib/i386-linux-gnu/libm-2.19.so
b6a0a000-b6ae6000 r-xp 00000000 08:01 289        /usr/lib/i386-linux-gnu/libstdc++.so.6.0.19
b6ae6000-b6aea000 r--p 000dc000 08:01 289        /usr/lib/i386-linux-gnu/libstdc++.so.6.0.19
b6aea000-b6aeb000 rw-p 000e0000 08:01 289        /usr/lib/i386-linux-gnu/libstdc++.so.6.0.19
b6aeb000-b6af2000 rw-p 00000000 00:00 0 
b6af2000-b7129000 r-xp 00000000 08:01 171806     /usr/lib/jvm/java-7-openjdk-i386/jre/lib/i386/client/libjvm.so
b7129000-b712a000 ---p 00637000 08:01 171806     /usr/lib/jvm/java-7-openjdk-i386/jre/lib/i386/client/libjvm.so
b712a000-b7140000 r--p 00637000 08:01 171806     /usr/lib/jvm/java-7-openjdk-i386/jre/lib/i386/client/libjvm.so
b7140000-b714f000 rw-p 0064d000 08:01 171806     /usr/lib/jvm/java-7-openjdk-i386/jre/lib/i386/client/libjvm.so
b714f000-b756b000 rw-p 00000000 00:00 0 
b756b000-b7583000 r-xp 00000000 08:01 158556     /lib/i386-linux-gnu/libz.so.1.2.8
b7583000-b7584000 r--p 00017000 08:01 158556     /lib/i386-linux-gnu/libz.so.1.2.8
b7584000-b7585000 rw-p 00018000 08:01 158556     /lib/i386-linux-gnu/libz.so.1.2.8
b7585000-b759d000 r-xp 00000000 08:01 158571     /lib/i386-linux-gnu/libpthread-2.19.so
b759d000-b759e000 r--p 00018000 08:01 158571     /lib/i386-linux-gnu/libpthread-2.19.so
b759e000-b759f000 rw-p 00019000 08:01 158571     /lib/i386-linux-gnu/libpthread-2.19.so
b759f000-b75a1000 rw-p 00000000 00:00 0 
b75a1000-b75a4000 r-xp 00000000 08:01 158563     /lib/i386-linux-gnu/libdl-2.19.so
b75a4000-b75a5000 r--p 00002000 08:01 158563     /lib/i386-linux-gnu/libdl-2.19.so
b75a5000-b75a6000 rw-p 00003000 08:01 158563     /lib/i386-linux-gnu/libdl-2.19.so
b75a6000-b774e000 r-xp 00000000 08:01 158580     /lib/i386-linux-gnu/libc-2.19.so
b774e000-b774f000 ---p 001a8000 08:01 158580     /lib/i386-linux-gnu/libc-2.19.so
b774f000-b7751000 r--p 001a8000 08:01 158580     /lib/i386-linux-gnu/libc-2.19.so
b7751000-b7752000 rw-p 001aa000 08:01 158580     /lib/i386-linux-gnu/libc-2.19.so
b7752000-b7755000 rw-p 00000000 00:00 0 
b7755000-b7757000 r--s 00006000 08:01 276693     /usr/share/java/java-atk-wrapper.jar
b7757000-b7759000 r--s 00012000 08:01 136938     /usr/lib/jvm/java-7-openjdk-i386/jre/lib/ext/zipfs.jar
b7759000-b775a000 r--p 002c5000 08:01 369        /usr/lib/locale/locale-archive
b775a000-b775b000 rw-p 00000000 00:00 0 
b775b000-b775c000 r--p 00000000 00:00 0 
b775c000-b776a000 r-xp 00000000 08:01 171834     /usr/lib/jvm/java-7-openjdk-i386/jre/lib/i386/libverify.so
b776a000-b776b000 r--p 0000d000 08:01 171834     /usr/lib/jvm/java-7-openjdk-i386/jre/lib/i386/libverify.so
b776b000-b776c000 rw-p 0000e000 08:01 171834     /usr/lib/jvm/java-7-openjdk-i386/jre/lib/i386/libverify.so
b776c000-b7778000 r-xp 00000000 08:01 171842     /usr/lib/jvm/java-7-openjdk-i386/jre/lib/i386/jli/libjli.so
b7778000-b7779000 r--p 0000c000 08:01 171842     /usr/lib/jvm/java-7-openjdk-i386/jre/lib/i386/jli/libjli.so
b7779000-b777a000 rw-p 0000d000 08:01 171842     /usr/lib/jvm/java-7-openjdk-i386/jre/lib/i386/jli/libjli.so
b777a000-b777d000 rw-p 00000000 00:00 0 
b777d000-b777e000 r-xp 00000000 00:00 0          [vdso]
b777e000-b779e000 r-xp 00000000 08:01 158572     /lib/i386-linux-gnu/ld-2.19.so
b779e000-b779f000 r--p 0001f000 08:01 158572     /lib/i386-linux-gnu/ld-2.19.so
b779f000-b77a0000 rw-p 00020000 08:01 158572     /lib/i386-linux-gnu/ld-2.19.so
bfb99000-bfb9a000 rwxp 00000000 00:00 0 
bfbcc000-bfbed000 rw-p 00000000 00:00 0          [stack]

VM Arguments:
jvm_args: -Xmx512m -Duser.language=en 
java_command: org.contikios.cooja.Cooja
Launcher Type: SUN_STANDARD

Environment Variables:
JAVA_HOME=/usr/lib/jvm/java-7-openjdk-i386
PATH=/usr/local/sdcc/bin:/usr/local/sbin:/usr/local/bin:/usr/sbin:/usr/bin:/sbin:/bin:/usr/games:/usr/local/games:/home/user/CodeSourcery/Sourcery_G++_Lite/bin:/usr/local/msp430/bin:/home/user/CodeSourcery/Sourcery_G++_Lite/bin
LD_LIBRARY_PATH=.
SHELL=/bin/bash
DISPLAY=:0

Signal Handlers:
SIGSEGV: [libjvm.so+0x4f0b20], sa_mask[0]=0x7ffbfeff, sa_flags=0x10000004
SIGBUS: [libjvm.so+0x4f0b20], sa_mask[0]=0x7ffbfeff, sa_flags=0x10000004
SIGFPE: [libjvm.so+0x3cc460], sa_mask[0]=0x7ffbfeff, sa_flags=0x10000004
SIGPIPE: [libjvm.so+0x3cc460], sa_mask[0]=0x7ffbfeff, sa_flags=0x10000004
SIGXFSZ: [libjvm.so+0x3cc460], sa_mask[0]=0x7ffbfeff, sa_flags=0x10000004
SIGILL: [libjvm.so+0x3cc460], sa_mask[0]=0x7ffbfeff, sa_flags=0x10000004
SIGUSR1: SIG_DFL, sa_mask[0]=0x00000000, sa_flags=0x00000000
SIGUSR2: [libjvm.so+0x3cc5c0], sa_mask[0]=0x00000004, sa_flags=0x10000004
SIGHUP: [libjvm.so+0x3cc520], sa_mask[0]=0x7ffbfeff, sa_flags=0x10000004
SIGINT: [libjvm.so+0x3cc520], sa_mask[0]=0x7ffbfeff, sa_flags=0x10000004
SIGTERM: [libjvm.so+0x3cc520], sa_mask[0]=0x7ffbfeff, sa_flags=0x10000004
SIGQUIT: [libjvm.so+0x3cc520], sa_mask[0]=0x7ffbfeff, sa_flags=0x10000004
SIGTRAP: SIG_DFL, sa_mask[0]=0x00000000, sa_flags=0x00000000


---------------  S Y S T E M  ---------------

OS:Ubuntu 14.04 (trusty)
uname:Linux 3.13.0-107-generic #154-Ubuntu SMP Mon Dec 19 19:20:26 UTC 2016 i686
libc:glibc 2.19 NPTL 2.19 
rlimit: STACK 8192k, CORE 0k, NPROC 32110, NOFILE 4096, AS infinity
load average:0.37 0.12 0.09

/proc/meminfo:
MemTotal:        4130132 kB
MemFree:         2202016 kB
Buffers:          193984 kB
Cached:          1227272 kB
SwapCached:            0 kB
Active:           860144 kB
Inactive:         939768 kB
Active(anon):     379612 kB
Inactive(anon):    25184 kB
Active(file):     480532 kB
Inactive(file):   914584 kB
Unevictable:          32 kB
Mlocked:              32 kB
HighTotal:       3280776 kB
HighFree:        1933304 kB
LowTotal:         849356 kB
LowFree:          268712 kB
SwapTotal:       1046524 kB
SwapFree:        1046524 kB
Dirty:              1908 kB
Writeback:             0 kB
AnonPages:        378720 kB
Mapped:           112032 kB
Shmem:             26120 kB
Slab:              92560 kB
SReclaimable:      79172 kB
SUnreclaim:        13388 kB
KernelStack:        2848 kB
PageTables:         6692 kB
NFS_Unstable:          0 kB
Bounce:                0 kB
WritebackTmp:          0 kB
CommitLimit:     3111588 kB
Committed_AS:    2358552 kB
VmallocTotal:     122880 kB
VmallocUsed:       23428 kB
VmallocChunk:      89832 kB
HardwareCorrupted:     0 kB
AnonHugePages:    161792 kB
HugePages_Total:       0
HugePages_Free:        0
HugePages_Rsvd:        0
HugePages_Surp:        0
Hugepagesize:       2048 kB
DirectMap4k:       14328 kB
DirectMap2M:      899072 kB


CPU:total 1 (1 cores per cpu, 1 threads per core) family 6 model 94 stepping 3, cmov, cx8, fxsr, mmx, sse, sse2, sse3, ssse3, sse4.1, sse4.2, popcnt, avx, aes, tsc, tscinvbit

/proc/cpuinfo:
processor	: 0
vendor_id	: GenuineIntel
cpu family	: 6
model		: 94
model name	: Intel(R) Core(TM) i5-6500 CPU @ 3.20GHz
stepping	: 3
microcode	: 0x76
cpu MHz		: 3600.000
cache size	: 6144 KB
physical id	: 0
siblings	: 1
core id		: 0
cpu cores	: 1
apicid		: 0
initial apicid	: 0
fdiv_bug	: no
f00f_bug	: no
coma_bug	: no
fpu		: yes
fpu_exception	: yes
cpuid level	: 22
wp		: yes
flags		: fpu vme de pse tsc msr pae mce cx8 apic sep mtrr pge mca cmov pat pse36 clflush dts mmx fxsr sse sse2 ss nx rdtscp lm constant_tsc arch_perfmon pebs bts tsc_reliable nonstop_tsc aperfmperf pni pclmulqdq ssse3 fma cx16 sse4_1 sse4_2 movbe popcnt aes xsave avx hypervisor lahf_lm 3dnowprefetch ida arat epb pln pts dtherm
bogomips	: 7200.00
clflush size	: 64
cache_alignment	: 64
address sizes	: 40 bits physical, 48 bits virtual
power management:



Memory: 4k page, physical 4130132k(2202016k free), swap 1046524k(1046524k free)

vm_info: OpenJDK Client VM (24.121-b00) for linux-x86 JRE (1.7.0_121-b00), built on Nov 16 2016 00:51:04 by "buildd" with gcc 4.8.4

time: Tue Jan 31 02:44:49 2017
elapsed time: 34 seconds

