#
# A fatal error has been detected by the Java Runtime Environment:
#
#  SIGSEGV (0xb) at pc=0xb76d3cb1, pid=3205, tid=2973420352
#
# JRE version: OpenJDK Runtime Environment (7.0_111-b01) (build 1.7.0_111-b01)
# Java VM: OpenJDK Client VM (24.111-b01 mixed mode, sharing linux-x86 )
# Derivative: IcedTea 2.6.7
# Distribution: Ubuntu 14.04 LTS, package 7u111-2.6.7-0ubuntu0.14.04.3
# Problematic frame:
# C  [libc.so.6+0x133cb1]
#
# Failed to write core dump. Core dumps have been disabled. To enable core dumping, try "ulimit -c unlimited" before starting Java again
#
# If you would like to submit a bug report, please include
# instructions on how to reproduce the bug and visit:
#   http://icedtea.classpath.org/bugzilla
# The crash happened outside the Java Virtual Machine in native code.
# See problematic frame for where to report the bug.
#

---------------  T H R E A D  ---------------

Current thread (0x090b7c00):  JavaThread "Thread-133" [_thread_in_native, id=6610, stack(0xb135c000,0xb13ad000)]

siginfo:si_signo=SIGSEGV: si_errno=0, si_code=2 (SEGV_ACCERR), si_addr=0xb11a0fa0

Registers:
EAX=0x090369e0, EBX=0xb770a940, ECX=0x00000216, EDX=0xb11a0fb0
ESP=0xb13abd70, EBP=0xb13abda8, ESI=0xb11a0fa0, EDI=0x00000000
EIP=0xb76d3cb1, EFLAGS=0x00010202, CR2=0xb11a0fa0

Top of Stack: (sp=0xb13abd70)
0xb13abd70:   8eed16e8 090b7c00 8eed16e8 b11829e0
0xb13abd80:   b11a0fa0 090369d8 00000246 8ed4d180
0xb13abd90:   8eed16e8 8eed16e8 090b7c00 090369d8
0xb13abda0:   b47daeee 090b7c00 b13abdf0 b47daff3
0xb13abdb0:   090b7d28 b13abe0c 0002f020 00000246
0xb13abdc0:   b13abe00 b4a3a3d6 79b512a8 79860c00
0xb13abdd0:   b13abdd0 8eed16e8 b13abe0c 8eed1880
0xb13abde0:   00000000 8eed16e8 00000000 b13abe10 

Instructions: (pc=0xb76d3cb1)
0xb76d3c91:   5f 03 1c 8b ff e3 89 f6 8d bc 27 00 00 00 00 81
0xb76d3ca1:   c3 a0 6c 03 00 83 e8 08 0f 28 08 31 ff 83 e9 20
0xb76d3cb1:   f3 0f 7f 06 5e 66 0f 6f 54 38 10 83 e9 20 66 0f
0xb76d3cc1:   6f 5c 38 20 66 0f 6f e3 66 0f 3a 0f da 08 66 0f 

Register to memory mapping:

EAX=0x090369e0 is an unknown value
EBX=0xb770a940: <offset 0x16a940> in /lib/i386-linux-gnu/libc.so.6 at 0xb75a0000
ECX=0x00000216 is an unknown value
EDX=0xb11a0fb0: <offset 0x2dfb0> in /home/user/Desktop/nfs/examples/ipv6/rpl-udp/obj_cooja/mtype867.cooja at 0xb1173000
ESP=0xb13abd70 is pointing into the stack for thread: 0x090b7c00
EBP=0xb13abda8 is pointing into the stack for thread: 0x090b7c00
ESI=0xb11a0fa0: <offset 0x2dfa0> in /home/user/Desktop/nfs/examples/ipv6/rpl-udp/obj_cooja/mtype867.cooja at 0xb1173000
EDI=0x00000000 is an unknown value


Stack: [0xb135c000,0xb13ad000],  sp=0xb13abd70,  free space=319k
Native frames: (J=compiled Java code, j=interpreted, Vv=VM code, C=native code)
C  [libc.so.6+0x133cb1]
j  org.contikios.cooja.corecomm.Lib37.setMemory(II[B)V+0
J 1292 C1 org.contikios.cooja.contikimote.ContikiMoteType.setCoreMemory(Lorg/contikios/cooja/mote/memory/SectionMoteMemory;)V (66 bytes) @ 0xb4a35f88 [0xb4a35e90+0xf8]
J 1362 C1 org.contikios.cooja.contikimote.ContikiMote.execute(J)V (99 bytes) @ 0xb4a53496 [0xb4a53340+0x156]
J 1361 C1 org.contikios.cooja.motes.AbstractWakeupMote$1.execute(J)V (9 bytes) @ 0xb4a53087 [0xb4a53050+0x37]
J 2193 C1 org.contikios.cooja.Simulation.run()V (432 bytes) @ 0xb4ba2583 [0xb4ba2220+0x363]
j  java.lang.Thread.run()V+11
v  ~StubRoutines::call_stub
V  [libjvm.so+0x2b2716]

Java frames: (J=compiled Java code, j=interpreted, Vv=VM code)
j  org.contikios.cooja.corecomm.Lib37.setMemory(II[B)V+0
J 1292 C1 org.contikios.cooja.contikimote.ContikiMoteType.setCoreMemory(Lorg/contikios/cooja/mote/memory/SectionMoteMemory;)V (66 bytes) @ 0xb4a35f88 [0xb4a35e90+0xf8]
J 1362 C1 org.contikios.cooja.contikimote.ContikiMote.execute(J)V (99 bytes) @ 0xb4a53496 [0xb4a53340+0x156]
J 1361 C1 org.contikios.cooja.motes.AbstractWakeupMote$1.execute(J)V (9 bytes) @ 0xb4a53087 [0xb4a53050+0x37]
J 2193 C1 org.contikios.cooja.Simulation.run()V (432 bytes) @ 0xb4ba2583 [0xb4ba2220+0x363]
j  java.lang.Thread.run()V+11
v  ~StubRoutines::call_stub

---------------  P R O C E S S  ---------------

Java Threads: ( => current thread )
=>0x090b7c00 JavaThread "Thread-133" [_thread_in_native, id=6610, stack(0xb135c000,0xb13ad000)]
  0x09037c00 JavaThread "Thread-131" [_thread_blocked, id=6436, stack(0xb1967000,0xb19b8000)]
  0x08e48c00 JavaThread "Thread-129" [_thread_blocked, id=6388, stack(0xb1080000,0xb10d1000)]
  0x09139c00 JavaThread "Thread-126" [_thread_blocked, id=6328, stack(0xb0ff8000,0xb1049000)]
  0x09136000 JavaThread "Thread-124" [_thread_blocked, id=6280, stack(0xb10d1000,0xb1122000)]
  0x09038000 JavaThread "Thread-123" [_thread_blocked, id=6234, stack(0xb29bc000,0xb2a0d000)]
  0x09038800 JavaThread "Thread-121" [_thread_blocked, id=6223, stack(0xb16f4000,0xb1745000)]
  0x090bf000 JavaThread "Thread-120" [_thread_blocked, id=6189, stack(0xb1486000,0xb14d7000)]
  0x090be400 JavaThread "Thread-118" [_thread_blocked, id=6178, stack(0xb1745000,0xb1796000)]
  0x0903c800 JavaThread "Thread-116" [_thread_blocked, id=6130, stack(0xb1528000,0xb1579000)]
  0x090b8400 JavaThread "Thread-114" [_thread_blocked, id=6091, stack(0xb11e1000,0xb1232000)]
  0x09035800 JavaThread "Thread-112" [_thread_blocked, id=6080, stack(0xb1232000,0xb1283000)]
  0x090b4800 JavaThread "Thread-110" [_thread_blocked, id=6031, stack(0xb130b000,0xb135c000)]
  0x090acc00 JavaThread "Thread-109" [_thread_blocked, id=5993, stack(0xb13ad000,0xb13fe000)]
  0x090adc00 JavaThread "Thread-107" [_thread_blocked, id=5982, stack(0xb13fe000,0xb144f000)]
  0x090aa800 JavaThread "Thread-105" [_thread_blocked, id=5939, stack(0xb14d7000,0xb1528000)]
  0x0903d800 JavaThread "Thread-104" [_thread_blocked, id=5901, stack(0xb1579000,0xb15ca000)]
  0x09080c00 JavaThread "Thread-102" [_thread_blocked, id=5890, stack(0xb15ca000,0xb161b000)]
  0x0907e400 JavaThread "Thread-100" [_thread_blocked, id=5842, stack(0xb16a3000,0xb16f4000)]
  0x0907a400 JavaThread "Thread-99" [_thread_blocked, id=5804, stack(0xb1856000,0xb18a7000)]
  0x0907b400 JavaThread "Thread-97" [_thread_blocked, id=5793, stack(0xb1796000,0xb17e7000)]
  0x090c0400 JavaThread "Thread-95" [_thread_blocked, id=5745, stack(0xb1a78000,0xb1ac9000)]
  0x090bc400 JavaThread "Thread-89" [_thread_blocked, id=5683, stack(0xb18a7000,0xb18f8000)]
  0x090ba000 JavaThread "Thread-87" [_thread_blocked, id=5635, stack(0xb1b89000,0xb1bda000)]
  0x090f5c00 JavaThread "Thread-83" [_thread_blocked, id=5488, stack(0xb19b8000,0xb1a09000)]
  0x08e4a000 JavaThread "Thread-81" [_thread_blocked, id=5440, stack(0xb1c9a000,0xb1ceb000)]
  0x090eac00 JavaThread "Thread-77" [_thread_blocked, id=5377, stack(0xb1ac9000,0xb1b1a000)]
  0x09085800 JavaThread "Thread-75" [_thread_blocked, id=5329, stack(0xb1dab000,0xb1dfc000)]
  0x090e4000 JavaThread "Thread-71" [_thread_blocked, id=5266, stack(0xb1bda000,0xb1c2b000)]
  0x09088000 JavaThread "Thread-69" [_thread_blocked, id=5218, stack(0xb1fcd000,0xb201e000)]
  0x08e59000 JavaThread "Thread-65" [_thread_blocked, id=5155, stack(0xb1ceb000,0xb1d3c000)]
  0x08e57400 JavaThread "Thread-63" [_thread_blocked, id=5106, stack(0xb1f0d000,0xb1f5e000)]
  0x091e1000 JavaThread "Thread-59" [_thread_blocked, id=5045, stack(0xb1dfc000,0xb1e4d000)]
  0x091e1800 JavaThread "Thread-57" [_thread_blocked, id=4997, stack(0xb23d9000,0xb242a000)]
  0x09147000 JavaThread "Thread-53" [_thread_blocked, id=4936, stack(0xb1ebc000,0xb1f0d000)]
  0x09045800 JavaThread "Thread-51" [_thread_blocked, id=4888, stack(0xb2166000,0xb21b7000)]
  0x09049400 JavaThread "Thread-47" [_thread_blocked, id=4823, stack(0xb208d000,0xb20de000)]
  0x09046c00 JavaThread "Thread-45" [_thread_blocked, id=4775, stack(0xb2208000,0xb2259000)]
  0x09104c00 JavaThread "Thread-41" [_thread_blocked, id=4707, stack(0xb20de000,0xb212f000)]
  0x0904dc00 JavaThread "Thread-39" [_thread_blocked, id=4659, stack(0xb21b7000,0xb2208000)]
  0x0904d000 JavaThread "Thread-38" [_thread_blocked, id=4621, stack(0xb22c8000,0xb2319000)]
  0x0904bc00 JavaThread "Thread-36" [_thread_blocked, id=4610, stack(0xb2781000,0xb27d2000)]
  0x091ed800 JavaThread "Thread-32" [_thread_blocked, id=4288, stack(0xb2319000,0xb236a000)]
  0x090c5c00 JavaThread "Thread-30" [_thread_blocked, id=4240, stack(0xb2572000,0xb25c3000)]
  0x09147c00 JavaThread "Thread-26" [_thread_blocked, id=4189, stack(0xb2499000,0xb24ea000)]
  0x091e6400 JavaThread "Thread-24" [_thread_blocked, id=4141, stack(0xb26a8000,0xb26f9000)]
  0x090c4800 JavaThread "Thread-21" [_thread_blocked, id=3978, stack(0xb24ea000,0xb253b000)]
  0x090c2400 JavaThread "Thread-19" [_thread_blocked, id=3930, stack(0xb25c3000,0xb2614000)]
  0x08eeec00 JavaThread "Thread-18" [_thread_blocked, id=3892, stack(0xb2a5e000,0xb2aaf000)]
  0x091e9400 JavaThread "Thread-16" [_thread_blocked, id=3881, stack(0xb2823000,0xb2874000)]
  0xb4173800 JavaThread "Thread-12" [_thread_blocked, id=3466, stack(0xb26f9000,0xb274a000)]
  0xb416e000 JavaThread "Thread-10" [_thread_blocked, id=3418, stack(0xb27d2000,0xb2823000)]
  0x09096000 JavaThread "Thread-9" [_thread_blocked, id=3380, stack(0xb28e3000,0xb2934000)]
  0xb4139400 JavaThread "Thread-7" [_thread_blocked, id=3369, stack(0xb2b3b000,0xb2b8c000)]
  0xb38a8800 JavaThread "Thread-3" [_thread_blocked, id=3324, stack(0xb2934000,0xb2985000)]
  0xb38a1800 JavaThread "Thread-1" [_thread_blocked, id=3276, stack(0xb2a0d000,0xb2a5e000)]
  0x08ef8c00 JavaThread "TimerQueue" daemon [_thread_blocked, id=3222, stack(0xb3283000,0xb32d4000)]
  0xb6807800 JavaThread "DestroyJavaVM" [_thread_blocked, id=3210, stack(0xb6952000,0xb69a3000)]
  0xb3853800 JavaThread "AWT-EventQueue-0" [_thread_blocked, id=3221, stack(0xb32d4000,0xb3325000)]
  0xb3853400 JavaThread "AWT-Shutdown" [_thread_blocked, id=3220, stack(0xb3325000,0xb3376000)]
  0xb3849000 JavaThread "AWT-XAWT" daemon [_thread_in_native, id=3219, stack(0xb341b000,0xb346c000)]
  0xb383a000 JavaThread "Java2D Disposer" daemon [_thread_blocked, id=3218, stack(0xb3472000,0xb34c3000)]
  0xb684cc00 JavaThread "Service Thread" daemon [_thread_blocked, id=3216, stack(0xb3ddd000,0xb3e2e000)]
  0xb684ac00 JavaThread "C1 CompilerThread0" daemon [_thread_blocked, id=3215, stack(0xb3e2e000,0xb3eaf000)]
  0xb6849000 JavaThread "Signal Dispatcher" daemon [_thread_blocked, id=3214, stack(0xb3eaf000,0xb3f00000)]
  0xb6833400 JavaThread "Finalizer" daemon [_thread_blocked, id=3213, stack(0xb422b000,0xb427c000)]
  0xb6831c00 JavaThread "Reference Handler" daemon [_thread_blocked, id=3212, stack(0xb427c000,0xb42cd000)]

Other Threads:
  0xb6830400 VMThread [stack: 0xb42cd000,0xb434e000] [id=3211]
  0xb684f000 WatcherThread [stack: 0xb3d5c000,0xb3ddd000] [id=3217]

VM state:not at safepoint (normal execution)

VM Mutex/Monitor currently owned by a thread: None

Heap
 def new generation   total 5120K, used 832K [0x6e800000, 0x6ed80000, 0x792a0000)
  eden space 4608K,  15% used [0x6e800000, 0x6e8b4928, 0x6ec80000)
  from space 512K,  21% used [0x6ed00000, 0x6ed1b8f8, 0x6ed80000)
  to   space 512K,   0% used [0x6ec80000, 0x6ec80000, 0x6ed00000)
 tenured generation   total 10752K, used 9881K [0x792a0000, 0x79d20000, 0x8e800000)
   the space 10752K,  91% used [0x792a0000, 0x79c46658, 0x79c46800, 0x79d20000)
 compacting perm gen  total 12288K, used 6990K [0x8e800000, 0x8f400000, 0x92800000)
   the space 12288K,  56% used [0x8e800000, 0x8eed3a40, 0x8eed3c00, 0x8f400000)
    ro space 10240K,  59% used [0x92800000, 0x92dfe3d8, 0x92dfe400, 0x93200000)
    rw space 12288K,  59% used [0x93200000, 0x9391c2b0, 0x9391c400, 0x93e00000)

Card table byte_map: [0xb4623000,0xb474f000] byte_map_base: 0xb42af000

Polling page: 0xb7755000

Code Cache  [0xb47cf000, 0xb4d5f000, 0xb67cf000)
 total_blobs=3509 nmethods=3200 adapters=243 free_code_cache=27075Kb largest_free_block=27724032

Compilation events (10 events):
Event: 15123.863 Thread 0xb684ac00 3209   !         sun.font.TrueTypeFont::readBlock (493 bytes)
Event: 15123.865 Thread 0xb684ac00 nmethod 3209 0xb4d59788 code [0xb4d59c50, 0xb4d5b290]
Event: 15123.985 Thread 0xb684ac00 3210             java.util.StringTokenizer::countTokens (46 bytes)
Event: 15123.985 Thread 0xb684ac00 nmethod 3210 0xb4d5cd88 code [0xb4d5ce90, 0xb4d5cf84]
Event: 15216.922 Thread 0xb684ac00 3211             org.jdom.filter.ElementFilter::matches (62 bytes)
Event: 15216.922 Thread 0xb684ac00 nmethod 3211 0xb4d5d048 code [0xb4d5d170, 0xb4d5d354]
Event: 15224.531 Thread 0xb684ac00 3212             javax.swing.JDesktopPane::getAllFrames (116 bytes)
Event: 15224.532 Thread 0xb684ac00 nmethod 3212 0xb4d5d508 code [0xb4d5d6a0, 0xb4d5d9d8]
Event: 19941.590 Thread 0xb684ac00 3213   !         javax.swing.SwingUtilities::convertPointToScreen (132 bytes)
Event: 19941.591 Thread 0xb684ac00 nmethod 3213 0xb4d5dd88 code [0xb4d5df40, 0xb4d5e390]

GC Heap History (10 events):
Event: 19277.031 GC heap before
{Heap before GC invocations=3650 (full 23):
 def new generation   total 5120K, used 4645K [0x6e800000, 0x6ed80000, 0x792a0000)
  eden space 4608K, 100% used [0x6e800000, 0x6ec80000, 0x6ec80000)
  from space 512K,   7% used [0x6ec80000, 0x6ec89418, 0x6ed00000)
  to   space 512K,   0% used [0x6ed00000, 0x6ed00000, 0x6ed80000)
 tenured generation   total 10752K, used 9753K [0x792a0000, 0x79d20000, 0x8e800000)
   the space 10752K,  90% used [0x792a0000, 0x79c26638, 0x79c26800, 0x79d20000)
 compacting perm gen  total 12288K, used 6990K [0x8e800000, 0x8f400000, 0x92800000)
   the space 12288K,  56% used [0x8e800000, 0x8eed3a40, 0x8eed3c00, 0x8f400000)
    ro space 10240K,  59% used [0x92800000, 0x92dfe3d8, 0x92dfe400, 0x93200000)
    rw space 12288K,  59% used [0x93200000, 0x9391c2b0, 0x9391c400, 0x93e00000)
Event: 19277.032 GC heap after
Heap after GC invocations=3651 (full 23):
 def new generation   total 5120K, used 37K [0x6e800000, 0x6ed80000, 0x792a0000)
  eden space 4608K,   0% used [0x6e800000, 0x6e800000, 0x6ec80000)
  from space 512K,   7% used [0x6ed00000, 0x6ed09428, 0x6ed80000)
  to   space 512K,   0% used [0x6ec80000, 0x6ec80000, 0x6ed00000)
 tenured generation   total 10752K, used 9753K [0x792a0000, 0x79d20000, 0x8e800000)
   the space 10752K,  90% used [0x792a0000, 0x79c26638, 0x79c26800, 0x79d20000)
 compacting perm gen  total 12288K, used 6990K [0x8e800000, 0x8f400000, 0x92800000)
   the space 12288K,  56% used [0x8e800000, 0x8eed3a40, 0x8eed3c00, 0x8f400000)
    ro space 10240K,  59% used [0x92800000, 0x92dfe3d8, 0x92dfe400, 0x93200000)
    rw space 12288K,  59% used [0x93200000, 0x9391c2b0, 0x9391c400, 0x93e00000)
}
Event: 19905.873 GC heap before
{Heap before GC invocations=3651 (full 23):
 def new generation   total 5120K, used 4645K [0x6e800000, 0x6ed80000, 0x792a0000)
  eden space 4608K, 100% used [0x6e800000, 0x6ec80000, 0x6ec80000)
  from space 512K,   7% used [0x6ed00000, 0x6ed09428, 0x6ed80000)
  to   space 512K,   0% used [0x6ec80000, 0x6ec80000, 0x6ed00000)
 tenured generation   total 10752K, used 9753K [0x792a0000, 0x79d20000, 0x8e800000)
   the space 10752K,  90% used [0x792a0000, 0x79c26638, 0x79c26800, 0x79d20000)
 compacting perm gen  total 12288K, used 6990K [0x8e800000, 0x8f400000, 0x92800000)
   the space 12288K,  56% used [0x8e800000, 0x8eed3a40, 0x8eed3c00, 0x8f400000)
    ro space 10240K,  59% used [0x92800000, 0x92dfe3d8, 0x92dfe400, 0x93200000)
    rw space 12288K,  59% used [0x93200000, 0x9391c2b0, 0x9391c400, 0x93e00000)
Event: 19905.874 GC heap after
Heap after GC invocations=3652 (full 23):
 def new generation   total 5120K, used 37K [0x6e800000, 0x6ed80000, 0x792a0000)
  eden space 4608K,   0% used [0x6e800000, 0x6e800000, 0x6ec80000)
  from space 512K,   7% used [0x6ec80000, 0x6ec89478, 0x6ed00000)
  to   space 512K,   0% used [0x6ed00000, 0x6ed00000, 0x6ed80000)
 tenured generation   total 10752K, used 9753K [0x792a0000, 0x79d20000, 0x8e800000)
   the space 10752K,  90% used [0x792a0000, 0x79c26638, 0x79c26800, 0x79d20000)
 compacting perm gen  total 12288K, used 6990K [0x8e800000, 0x8f400000, 0x92800000)
   the space 12288K,  56% used [0x8e800000, 0x8eed3a40, 0x8eed3c00, 0x8f400000)
    ro space 10240K,  59% used [0x92800000, 0x92dfe3d8, 0x92dfe400, 0x93200000)
    rw space 12288K,  59% used [0x93200000, 0x9391c2b0, 0x9391c400, 0x93e00000)
}
Event: 19940.670 GC heap before
{Heap before GC invocations=3652 (full 23):
 def new generation   total 5120K, used 4645K [0x6e800000, 0x6ed80000, 0x792a0000)
  eden space 4608K, 100% used [0x6e800000, 0x6ec80000, 0x6ec80000)
  from space 512K,   7% used [0x6ec80000, 0x6ec89478, 0x6ed00000)
  to   space 512K,   0% used [0x6ed00000, 0x6ed00000, 0x6ed80000)
 tenured generation   total 10752K, used 9753K [0x792a0000, 0x79d20000, 0x8e800000)
   the space 10752K,  90% used [0x792a0000, 0x79c26638, 0x79c26800, 0x79d20000)
 compacting perm gen  total 12288K, used 6990K [0x8e800000, 0x8f400000, 0x92800000)
   the space 12288K,  56% used [0x8e800000, 0x8eed3a40, 0x8eed3c00, 0x8f400000)
    ro space 10240K,  59% used [0x92800000, 0x92dfe3d8, 0x92dfe400, 0x93200000)
    rw space 12288K,  59% used [0x93200000, 0x9391c2b0, 0x9391c400, 0x93e00000)
Event: 19940.671 GC heap after
Heap after GC invocations=3653 (full 23):
 def new generation   total 5120K, used 272K [0x6e800000, 0x6ed80000, 0x792a0000)
  eden space 4608K,   0% used [0x6e800000, 0x6e800000, 0x6ec80000)
  from space 512K,  53% used [0x6ed00000, 0x6ed44320, 0x6ed80000)
  to   space 512K,   0% used [0x6ec80000, 0x6ec80000, 0x6ed00000)
 tenured generation   total 10752K, used 9753K [0x792a0000, 0x79d20000, 0x8e800000)
   the space 10752K,  90% used [0x792a0000, 0x79c26638, 0x79c26800, 0x79d20000)
 compacting perm gen  total 12288K, used 6990K [0x8e800000, 0x8f400000, 0x92800000)
   the space 12288K,  56% used [0x8e800000, 0x8eed3a40, 0x8eed3c00, 0x8f400000)
    ro space 10240K,  59% used [0x92800000, 0x92dfe3d8, 0x92dfe400, 0x93200000)
    rw space 12288K,  59% used [0x93200000, 0x9391c2b0, 0x9391c400, 0x93e00000)
}
Event: 19941.611 GC heap before
{Heap before GC invocations=3653 (full 23):
 def new generation   total 5120K, used 4880K [0x6e800000, 0x6ed80000, 0x792a0000)
  eden space 4608K, 100% used [0x6e800000, 0x6ec80000, 0x6ec80000)
  from space 512K,  53% used [0x6ed00000, 0x6ed44320, 0x6ed80000)
  to   space 512K,   0% used [0x6ec80000, 0x6ec80000, 0x6ed00000)
 tenured generation   total 10752K, used 9753K [0x792a0000, 0x79d20000, 0x8e800000)
   the space 10752K,  90% used [0x792a0000, 0x79c26638, 0x79c26800, 0x79d20000)
 compacting perm gen  total 12288K, used 6990K [0x8e800000, 0x8f400000, 0x92800000)
   the space 12288K,  56% used [0x8e800000, 0x8eed3a40, 0x8eed3c00, 0x8f400000)
    ro space 10240K,  59% used [0x92800000, 0x92dfe3d8, 0x92dfe400, 0x93200000)
    rw space 12288K,  59% used [0x93200000, 0x9391c2b0, 0x9391c400, 0x93e00000)
Event: 19941.612 GC heap after
Heap after GC invocations=3654 (full 23):
 def new generation   total 5120K, used 69K [0x6e800000, 0x6ed80000, 0x792a0000)
  eden space 4608K,   0% used [0x6e800000, 0x6e800000, 0x6ec80000)
  from space 512K,  13% used [0x6ec80000, 0x6ec914e0, 0x6ed00000)
  to   space 512K,   0% used [0x6ed00000, 0x6ed00000, 0x6ed80000)
 tenured generation   total 10752K, used 9881K [0x792a0000, 0x79d20000, 0x8e800000)
   the space 10752K,  91% used [0x792a0000, 0x79c46658, 0x79c46800, 0x79d20000)
 compacting perm gen  total 12288K, used 6990K [0x8e800000, 0x8f400000, 0x92800000)
   the space 12288K,  56% used [0x8e800000, 0x8eed3a40, 0x8eed3c00, 0x8f400000)
    ro space 10240K,  59% used [0x92800000, 0x92dfe3d8, 0x92dfe400, 0x93200000)
    rw space 12288K,  59% used [0x93200000, 0x9391c2b0, 0x9391c400, 0x93e00000)
}
Event: 19942.933 GC heap before
{Heap before GC invocations=3654 (full 23):
 def new generation   total 5120K, used 4677K [0x6e800000, 0x6ed80000, 0x792a0000)
  eden space 4608K, 100% used [0x6e800000, 0x6ec80000, 0x6ec80000)
  from space 512K,  13% used [0x6ec80000, 0x6ec914e0, 0x6ed00000)
  to   space 512K,   0% used [0x6ed00000, 0x6ed00000, 0x6ed80000)
 tenured generation   total 10752K, used 9881K [0x792a0000, 0x79d20000, 0x8e800000)
   the space 10752K,  91% used [0x792a0000, 0x79c46658, 0x79c46800, 0x79d20000)
 compacting perm gen  total 12288K, used 6990K [0x8e800000, 0x8f400000, 0x92800000)
   the space 12288K,  56% used [0x8e800000, 0x8eed3a40, 0x8eed3c00, 0x8f400000)
    ro space 10240K,  59% used [0x92800000, 0x92dfe3d8, 0x92dfe400, 0x93200000)
    rw space 12288K,  59% used [0x93200000, 0x9391c2b0, 0x9391c400, 0x93e00000)
Event: 19942.934 GC heap after
Heap after GC invocations=3655 (full 23):
 def new generation   total 5120K, used 110K [0x6e800000, 0x6ed80000, 0x792a0000)
  eden space 4608K,   0% used [0x6e800000, 0x6e800000, 0x6ec80000)
  from space 512K,  21% used [0x6ed00000, 0x6ed1b8f8, 0x6ed80000)
  to   space 512K,   0% used [0x6ec80000, 0x6ec80000, 0x6ed00000)
 tenured generation   total 10752K, used 9881K [0x792a0000, 0x79d20000, 0x8e800000)
   the space 10752K,  91% used [0x792a0000, 0x79c46658, 0x79c46800, 0x79d20000)
 compacting perm gen  total 12288K, used 6990K [0x8e800000, 0x8f400000, 0x92800000)
   the space 12288K,  56% used [0x8e800000, 0x8eed3a40, 0x8eed3c00, 0x8f400000)
    ro space 10240K,  59% used [0x92800000, 0x92dfe3d8, 0x92dfe400, 0x93200000)
    rw space 12288K,  59% used [0x93200000, 0x9391c2b0, 0x9391c400, 0x93e00000)
}

Deoptimization events (0 events):
No events

Internal exceptions (10 events):
Event: 15106.457 Thread 0x090b7c00 Threw 0x6ec76c98 at /build/openjdk-7-Ylwexc/openjdk-7-7u111-2.6.7/build/openjdk/hotspot/src/share/vm/prims/jni.cpp:721
Event: 15106.457 Thread 0x090b7c00 Threw 0x6ec76db0 at /build/openjdk-7-Ylwexc/openjdk-7-7u111-2.6.7/build/openjdk/hotspot/src/share/vm/runtime/reflection.cpp:1030
Event: 15106.561 Thread 0xb3853800 Threw 0x6e936450 at /build/openjdk-7-Ylwexc/openjdk-7-7u111-2.6.7/build/openjdk/hotspot/src/share/vm/prims/jni.cpp:747
Event: 15115.544 Thread 0x090b7c00 Threw 0x6ec06ea0 at /build/openjdk-7-Ylwexc/openjdk-7-7u111-2.6.7/build/openjdk/hotspot/src/share/vm/prims/nativeLookup.cpp:381
Event: 15115.544 Thread 0x090b7c00 Threw 0x6ec06fb8 at /build/openjdk-7-Ylwexc/openjdk-7-7u111-2.6.7/build/openjdk/hotspot/src/share/vm/runtime/reflection.cpp:1030
Event: 15115.653 Thread 0xb3853800 Threw 0x6e8a2080 at /build/openjdk-7-Ylwexc/openjdk-7-7u111-2.6.7/build/openjdk/hotspot/src/share/vm/prims/jni.cpp:747
Event: 15123.353 Thread 0x090b7c00 Threw 0x6ec4b630 at /build/openjdk-7-Ylwexc/openjdk-7-7u111-2.6.7/build/openjdk/hotspot/src/share/vm/prims/jvm.cpp:1322
Event: 15216.882 Thread 0xb3853800 Threw 0x6e98e6f0 at /build/openjdk-7-Ylwexc/openjdk-7-7u111-2.6.7/build/openjdk/hotspot/src/share/vm/prims/jni.cpp:747
Event: 15220.440 Thread 0x09084800 Threw 0x6e9d2490 at /build/openjdk-7-Ylwexc/openjdk-7-7u111-2.6.7/build/openjdk/hotspot/src/share/vm/prims/jvm.cpp:1322
Event: 15223.928 Thread 0x09084800 Threw 0x6e914c68 at /build/openjdk-7-Ylwexc/openjdk-7-7u111-2.6.7/build/openjdk/hotspot/src/share/vm/prims/jvm.cpp:1322

Events (10 events):
Event: 19942.934 Executing VM operation: GenCollectForAllocation done
Event: 19942.990 Thread 0x090b7c00 Thread added: 0x090b7c00
Event: 19942.992 Executing VM operation: RevokeBias
Event: 19942.992 Executing VM operation: RevokeBias done
Event: 19942.992 Executing VM operation: RevokeBias
Event: 19942.992 Executing VM operation: RevokeBias done
Event: 19942.993 Executing VM operation: RevokeBias
Event: 19942.993 Executing VM operation: RevokeBias done
Event: 19942.993 Executing VM operation: RevokeBias
Event: 19942.993 Executing VM operation: RevokeBias done


Dynamic libraries:
08048000-08049000 r-xp 00000000 08:01 277188     /usr/lib/jvm/java-7-openjdk-i386/jre/bin/java
08049000-0804a000 r--p 00000000 08:01 277188     /usr/lib/jvm/java-7-openjdk-i386/jre/bin/java
0804a000-0804b000 rw-p 00001000 08:01 277188     /usr/lib/jvm/java-7-openjdk-i386/jre/bin/java
08dfb000-0929c000 rw-p 00000000 00:00 0          [heap]
6e800000-6ed80000 rw-p 00000000 00:00 0 
6ed80000-792a0000 rw-p 00000000 00:00 0 
792a0000-79d20000 rw-p 00000000 00:00 0 
79d20000-8e800000 rw-p 00000000 00:00 0 
8e800000-8f400000 rw-p 00000000 00:00 0 
8f400000-92800000 rw-p 00000000 00:00 0 
92800000-92dff000 r--p 00001000 08:01 199405     /usr/lib/jvm/java-7-openjdk-i386/jre/lib/i386/client/classes.jsa
92dff000-93200000 rw-p 00000000 00:00 0 
93200000-9391d000 rw-p 00600000 08:01 199405     /usr/lib/jvm/java-7-openjdk-i386/jre/lib/i386/client/classes.jsa
9391d000-93e00000 rw-p 00000000 00:00 0 
93e00000-94114000 rw-p 00d1d000 08:01 199405     /usr/lib/jvm/java-7-openjdk-i386/jre/lib/i386/client/classes.jsa
94114000-94200000 rw-p 00000000 00:00 0 
94200000-94209000 r-xp 01031000 08:01 199405     /usr/lib/jvm/java-7-openjdk-i386/jre/lib/i386/client/classes.jsa
94209000-94600000 rw-p 00000000 00:00 0 
b0f00000-b0f2e000 r-xp 00000000 00:1e 6164291    /home/user/Desktop/nfs/examples/ipv6/rpl-udp/obj_cooja/mtype938.cooja
b0f2e000-b0f2f000 r--p 0002d000 00:1e 6164291    /home/user/Desktop/nfs/examples/ipv6/rpl-udp/obj_cooja/mtype938.cooja
b0f2f000-b0f30000 rw-p 0002e000 00:1e 6164291    /home/user/Desktop/nfs/examples/ipv6/rpl-udp/obj_cooja/mtype938.cooja
b0f30000-b0f38000 rw-p 00000000 00:00 0 
b0f38000-b0f65000 r-xp 00000000 00:1e 6164285    /home/user/Desktop/nfs/examples/ipv6/rpl-udp/obj_cooja/mtype813.cooja
b0f65000-b0f66000 r--p 0002c000 00:1e 6164285    /home/user/Desktop/nfs/examples/ipv6/rpl-udp/obj_cooja/mtype813.cooja
b0f66000-b0f67000 rw-p 0002d000 00:1e 6164285    /home/user/Desktop/nfs/examples/ipv6/rpl-udp/obj_cooja/mtype813.cooja
b0f67000-b0f6f000 rw-p 00000000 00:00 0 
b0f6f000-b0f9d000 r-xp 00000000 00:1e 6164281    /home/user/Desktop/nfs/examples/ipv6/rpl-udp/obj_cooja/mtype112.cooja
b0f9d000-b0f9e000 r--p 0002d000 00:1e 6164281    /home/user/Desktop/nfs/examples/ipv6/rpl-udp/obj_cooja/mtype112.cooja
b0f9e000-b0f9f000 rw-p 0002e000 00:1e 6164281    /home/user/Desktop/nfs/examples/ipv6/rpl-udp/obj_cooja/mtype112.cooja
b0f9f000-b0fa7000 rw-p 00000000 00:00 0 
b0fa7000-b0faa000 ---p 00000000 00:00 0 
b0faa000-b0ff8000 rw-p 00000000 00:00 0 
b0ff8000-b0ffb000 ---p 00000000 00:00 0 
b0ffb000-b1049000 rw-p 00000000 00:00 0          [stack:6328]
b1049000-b1076000 r-xp 00000000 00:1e 6164277    /home/user/Desktop/nfs/examples/ipv6/rpl-udp/obj_cooja/mtype467.cooja
b1076000-b1077000 r--p 0002c000 00:1e 6164277    /home/user/Desktop/nfs/examples/ipv6/rpl-udp/obj_cooja/mtype467.cooja
b1077000-b1078000 rw-p 0002d000 00:1e 6164277    /home/user/Desktop/nfs/examples/ipv6/rpl-udp/obj_cooja/mtype467.cooja
b1078000-b1080000 rw-p 00000000 00:00 0 
b1080000-b1083000 ---p 00000000 00:00 0 
b1083000-b10d1000 rw-p 00000000 00:00 0          [stack:6388]
b10d1000-b10d4000 ---p 00000000 00:00 0 
b10d4000-b1122000 rw-p 00000000 00:00 0          [stack:6280]
b1122000-b1125000 ---p 00000000 00:00 0 
b1125000-b1173000 rw-p 00000000 00:00 0 
b1173000-b11a0000 r-xp 00000000 00:1e 6164043    /home/user/Desktop/nfs/examples/ipv6/rpl-udp/obj_cooja/mtype867.cooja
b11a0000-b11a1000 r--p 0002c000 00:1e 6164043    /home/user/Desktop/nfs/examples/ipv6/rpl-udp/obj_cooja/mtype867.cooja
b11a1000-b11a2000 rw-p 0002d000 00:1e 6164043    /home/user/Desktop/nfs/examples/ipv6/rpl-udp/obj_cooja/mtype867.cooja
b11a2000-b11aa000 rw-p 00000000 00:00 0 
b11aa000-b11d7000 r-xp 00000000 00:1e 6164268    /home/user/Desktop/nfs/examples/ipv6/rpl-udp/obj_cooja/mtype894.cooja
b11d7000-b11d8000 r--p 0002c000 00:1e 6164268    /home/user/Desktop/nfs/examples/ipv6/rpl-udp/obj_cooja/mtype894.cooja
b11d8000-b11d9000 rw-p 0002d000 00:1e 6164268    /home/user/Desktop/nfs/examples/ipv6/rpl-udp/obj_cooja/mtype894.cooja
b11d9000-b11e1000 rw-p 00000000 00:00 0 
b11e1000-b11e4000 ---p 00000000 00:00 0 
b11e4000-b1232000 rw-p 00000000 00:00 0          [stack:6091]
b1232000-b1235000 ---p 00000000 00:00 0 
b1235000-b1283000 rw-p 00000000 00:00 0          [stack:6080]
b1283000-b12b0000 r-xp 00000000 00:1e 6164264    /home/user/Desktop/nfs/examples/ipv6/rpl-udp/obj_cooja/mtype838.cooja
b12b0000-b12b1000 r--p 0002c000 00:1e 6164264    /home/user/Desktop/nfs/examples/ipv6/rpl-udp/obj_cooja/mtype838.cooja
b12b1000-b12b2000 rw-p 0002d000 00:1e 6164264    /home/user/Desktop/nfs/examples/ipv6/rpl-udp/obj_cooja/mtype838.cooja
b12b2000-b12ba000 rw-p 00000000 00:00 0 
b12ba000-b12bd000 ---p 00000000 00:00 0 
b12bd000-b130b000 rw-p 00000000 00:00 0 
b130b000-b130e000 ---p 00000000 00:00 0 
b130e000-b135c000 rw-p 00000000 00:00 0          [stack:6031]
b135c000-b135f000 ---p 00000000 00:00 0 
b135f000-b13ad000 rw-p 00000000 00:00 0          [stack:6610]
b13ad000-b13b0000 ---p 00000000 00:00 0 
b13b0000-b13fe000 rw-p 00000000 00:00 0          [stack:5993]
b13fe000-b1401000 ---p 00000000 00:00 0 
b1401000-b144f000 rw-p 00000000 00:00 0          [stack:5982]
b144f000-b147c000 r-xp 00000000 00:1e 6164260    /home/user/Desktop/nfs/examples/ipv6/rpl-udp/obj_cooja/mtype657.cooja
b147c000-b147d000 r--p 0002c000 00:1e 6164260    /home/user/Desktop/nfs/examples/ipv6/rpl-udp/obj_cooja/mtype657.cooja
b147d000-b147e000 rw-p 0002d000 00:1e 6164260    /home/user/Desktop/nfs/examples/ipv6/rpl-udp/obj_cooja/mtype657.cooja
b147e000-b1486000 rw-p 00000000 00:00 0 
b1486000-b1489000 ---p 00000000 00:00 0 
b1489000-b14d7000 rw-p 00000000 00:00 0          [stack:6189]
b14d7000-b14da000 ---p 00000000 00:00 0 
b14da000-b1528000 rw-p 00000000 00:00 0          [stack:5939]
b1528000-b152b000 ---p 00000000 00:00 0 
b152b000-b1579000 rw-p 00000000 00:00 0          [stack:6130]
b1579000-b157c000 ---p 00000000 00:00 0 
b157c000-b15ca000 rw-p 00000000 00:00 0          [stack:5901]
b15ca000-b15cd000 ---p 00000000 00:00 0 
b15cd000-b161b000 rw-p 00000000 00:00 0          [stack:5890]
b161b000-b1648000 r-xp 00000000 00:1e 6164289    /home/user/Desktop/nfs/examples/ipv6/rpl-udp/obj_cooja/mtype199.cooja
b1648000-b1649000 r--p 0002c000 00:1e 6164289    /home/user/Desktop/nfs/examples/ipv6/rpl-udp/obj_cooja/mtype199.cooja
b1649000-b164a000 rw-p 0002d000 00:1e 6164289    /home/user/Desktop/nfs/examples/ipv6/rpl-udp/obj_cooja/mtype199.cooja
b164a000-b1652000 rw-p 00000000 00:00 0 
b1652000-b1655000 ---p 00000000 00:00 0 
b1655000-b16a3000 rw-p 00000000 00:00 0 
b16a3000-b16a6000 ---p 00000000 00:00 0 
b16a6000-b16f4000 rw-p 00000000 00:00 0          [stack:5842]
b16f4000-b16f7000 ---p 00000000 00:00 0 
b16f7000-b1745000 rw-p 00000000 00:00 0          [stack:6223]
b1745000-b1748000 ---p 00000000 00:00 0 
b1748000-b1796000 rw-p 00000000 00:00 0          [stack:6178]
b1796000-b1799000 ---p 00000000 00:00 0 
b1799000-b17e7000 rw-p 00000000 00:00 0          [stack:5793]
b17e7000-b1814000 r-xp 00000000 00:1e 6164252    /home/user/Desktop/nfs/examples/ipv6/rpl-udp/obj_cooja/mtype0.cooja
b1814000-b1815000 r--p 0002c000 00:1e 6164252    /home/user/Desktop/nfs/examples/ipv6/rpl-udp/obj_cooja/mtype0.cooja
b1815000-b1816000 rw-p 0002d000 00:1e 6164252    /home/user/Desktop/nfs/examples/ipv6/rpl-udp/obj_cooja/mtype0.cooja
b1816000-b181e000 rw-p 00000000 00:00 0 
b181e000-b184c000 r-xp 00000000 00:1e 6164244    /home/user/Desktop/nfs/examples/ipv6/rpl-udp/obj_cooja/mtype926.cooja
b184c000-b184d000 r--p 0002d000 00:1e 6164244    /home/user/Desktop/nfs/examples/ipv6/rpl-udp/obj_cooja/mtype926.cooja
b184d000-b184e000 rw-p 0002e000 00:1e 6164244    /home/user/Desktop/nfs/examples/ipv6/rpl-udp/obj_cooja/mtype926.cooja
b184e000-b1856000 rw-p 00000000 00:00 0 
b1856000-b1859000 ---p 00000000 00:00 0 
b1859000-b18a7000 rw-p 00000000 00:00 0          [stack:5804]
b18a7000-b18aa000 ---p 00000000 00:00 0 
b18aa000-b18f8000 rw-p 00000000 00:00 0          [stack:5683]
b18f8000-b1925000 r-xp 00000000 00:1e 6164240    /home/user/Desktop/nfs/examples/ipv6/rpl-udp/obj_cooja/mtype375.cooja
b1925000-b1926000 r--p 0002c000 00:1e 6164240    /home/user/Desktop/nfs/examples/ipv6/rpl-udp/obj_cooja/mtype375.cooja
b1926000-b1927000 rw-p 0002d000 00:1e 6164240    /home/user/Desktop/nfs/examples/ipv6/rpl-udp/obj_cooja/mtype375.cooja
b1927000-b192f000 rw-p 00000000 00:00 0 
b192f000-b195d000 r-xp 00000000 00:1e 6164218    /home/user/Desktop/nfs/examples/ipv6/rpl-udp/obj_cooja/mtype753.cooja
b195d000-b195e000 r--p 0002d000 00:1e 6164218    /home/user/Desktop/nfs/examples/ipv6/rpl-udp/obj_cooja/mtype753.cooja
b195e000-b195f000 rw-p 0002e000 00:1e 6164218    /home/user/Desktop/nfs/examples/ipv6/rpl-udp/obj_cooja/mtype753.cooja
b195f000-b1967000 rw-p 00000000 00:00 0 
b1967000-b196a000 ---p 00000000 00:00 0 
b196a000-b19b8000 rw-p 00000000 00:00 0          [stack:6436]
b19b8000-b19bb000 ---p 00000000 00:00 0 
b19bb000-b1a09000 rw-p 00000000 00:00 0          [stack:5488]
b1a09000-b1a36000 r-xp 00000000 00:1e 6164214    /home/user/Desktop/nfs/examples/ipv6/rpl-udp/obj_cooja/mtype669.cooja
b1a36000-b1a37000 r--p 0002c000 00:1e 6164214    /home/user/Desktop/nfs/examples/ipv6/rpl-udp/obj_cooja/mtype669.cooja
b1a37000-b1a38000 rw-p 0002d000 00:1e 6164214    /home/user/Desktop/nfs/examples/ipv6/rpl-udp/obj_cooja/mtype669.cooja
b1a38000-b1a40000 rw-p 00000000 00:00 0 
b1a40000-b1a6e000 r-xp 00000000 00:1e 6164210    /home/user/Desktop/nfs/examples/ipv6/rpl-udp/obj_cooja/mtype486.cooja
b1a6e000-b1a6f000 r--p 0002d000 00:1e 6164210    /home/user/Desktop/nfs/examples/ipv6/rpl-udp/obj_cooja/mtype486.cooja
b1a6f000-b1a70000 rw-p 0002e000 00:1e 6164210    /home/user/Desktop/nfs/examples/ipv6/rpl-udp/obj_cooja/mtype486.cooja
b1a70000-b1a78000 rw-p 00000000 00:00 0 
b1a78000-b1a7b000 ---p 00000000 00:00 0 
b1a7b000-b1ac9000 rw-p 00000000 00:00 0          [stack:5745]
b1ac9000-b1acc000 ---p 00000000 00:00 0 
b1acc000-b1b1a000 rw-p 00000000 00:00 0          [stack:5377]
b1b1a000-b1b47000 r-xp 00000000 00:1e 6164206    /home/user/Desktop/nfs/examples/ipv6/rpl-udp/obj_cooja/mtype328.cooja
b1b47000-b1b48000 r--p 0002c000 00:1e 6164206    /home/user/Desktop/nfs/examples/ipv6/rpl-udp/obj_cooja/mtype328.cooja
b1b48000-b1b49000 rw-p 0002d000 00:1e 6164206    /home/user/Desktop/nfs/examples/ipv6/rpl-udp/obj_cooja/mtype328.cooja
b1b49000-b1b51000 rw-p 00000000 00:00 0 
b1b51000-b1b7f000 r-xp 00000000 00:1e 6164202    /home/user/Desktop/nfs/examples/ipv6/rpl-udp/obj_cooja/mtype676.cooja
b1b7f000-b1b80000 r--p 0002d000 00:1e 6164202    /home/user/Desktop/nfs/examples/ipv6/rpl-udp/obj_cooja/mtype676.cooja
b1b80000-b1b81000 rw-p 0002e000 00:1e 6164202    /home/user/Desktop/nfs/examples/ipv6/rpl-udp/obj_cooja/mtype676.cooja
b1b81000-b1b89000 rw-p 00000000 00:00 0 
b1b89000-b1b8c000 ---p 00000000 00:00 0 
b1b8c000-b1bda000 rw-p 00000000 00:00 0          [stack:5635]
b1bda000-b1bdd000 ---p 00000000 00:00 0 
b1bdd000-b1c2b000 rw-p 00000000 00:00 0          [stack:5266]
b1c2b000-b1c58000 r-xp 00000000 00:1e 6164198    /home/user/Desktop/nfs/examples/ipv6/rpl-udp/obj_cooja/mtype895.cooja
b1c58000-b1c59000 r--p 0002c000 00:1e 6164198    /home/user/Desktop/nfs/examples/ipv6/rpl-udp/obj_cooja/mtype895.cooja
b1c59000-b1c5a000 rw-p 0002d000 00:1e 6164198    /home/user/Desktop/nfs/examples/ipv6/rpl-udp/obj_cooja/mtype895.cooja
b1c5a000-b1c62000 rw-p 00000000 00:00 0 
b1c62000-b1c90000 r-xp 00000000 00:1e 6164194    /home/user/Desktop/nfs/examples/ipv6/rpl-udp/obj_cooja/mtype370.cooja
b1c90000-b1c91000 r--p 0002d000 00:1e 6164194    /home/user/Desktop/nfs/examples/ipv6/rpl-udp/obj_cooja/mtype370.cooja
b1c91000-b1c92000 rw-p 0002e000 00:1e 6164194    /home/user/Desktop/nfs/examples/ipv6/rpl-udp/obj_cooja/mtype370.cooja
b1c92000-b1c9a000 rw-p 00000000 00:00 0 
b1c9a000-b1c9d000 ---p 00000000 00:00 0 
b1c9d000-b1ceb000 rw-p 00000000 00:00 0          [stack:5440]
b1ceb000-b1cee000 ---p 00000000 00:00 0 
b1cee000-b1d3c000 rw-p 00000000 00:00 0          [stack:5155]
b1d3c000-b1d69000 r-xp 00000000 00:1e 6164190    /home/user/Desktop/nfs/examples/ipv6/rpl-udp/obj_cooja/mtype770.cooja
b1d69000-b1d6a000 r--p 0002c000 00:1e 6164190    /home/user/Desktop/nfs/examples/ipv6/rpl-udp/obj_cooja/mtype770.cooja
b1d6a000-b1d6b000 rw-p 0002d000 00:1e 6164190    /home/user/Desktop/nfs/examples/ipv6/rpl-udp/obj_cooja/mtype770.cooja
b1d6b000-b1d73000 rw-p 00000000 00:00 0 
b1d73000-b1da1000 r-xp 00000000 00:1e 6164186    /home/user/Desktop/nfs/examples/ipv6/rpl-udp/obj_cooja/mtype100.cooja
b1da1000-b1da2000 r--p 0002d000 00:1e 6164186    /home/user/Desktop/nfs/examples/ipv6/rpl-udp/obj_cooja/mtype100.cooja
b1da2000-b1da3000 rw-p 0002e000 00:1e 6164186    /home/user/Desktop/nfs/examples/ipv6/rpl-udp/obj_cooja/mtype100.cooja
b1da3000-b1dab000 rw-p 00000000 00:00 0 
b1dab000-b1dae000 ---p 00000000 00:00 0 
b1dae000-b1dfc000 rw-p 00000000 00:00 0          [stack:5329]
b1dfc000-b1dff000 ---p 00000000 00:00 0 
b1dff000-b1e4d000 rw-p 00000000 00:00 0          [stack:5045]
b1e4d000-b1e7a000 r-xp 00000000 00:1e 6164182    /home/user/Desktop/nfs/examples/ipv6/rpl-udp/obj_cooja/mtype811.cooja
b1e7a000-b1e7b000 r--p 0002c000 00:1e 6164182    /home/user/Desktop/nfs/examples/ipv6/rpl-udp/obj_cooja/mtype811.cooja
b1e7b000-b1e7c000 rw-p 0002d000 00:1e 6164182    /home/user/Desktop/nfs/examples/ipv6/rpl-udp/obj_cooja/mtype811.cooja
b1e7c000-b1e84000 rw-p 00000000 00:00 0 
b1e84000-b1eb2000 r-xp 00000000 00:1e 6164178    /home/user/Desktop/nfs/examples/ipv6/rpl-udp/obj_cooja/mtype737.cooja
b1eb2000-b1eb3000 r--p 0002d000 00:1e 6164178    /home/user/Desktop/nfs/examples/ipv6/rpl-udp/obj_cooja/mtype737.cooja
b1eb3000-b1eb4000 rw-p 0002e000 00:1e 6164178    /home/user/Desktop/nfs/examples/ipv6/rpl-udp/obj_cooja/mtype737.cooja
b1eb4000-b1ebc000 rw-p 00000000 00:00 0 
b1ebc000-b1ebf000 ---p 00000000 00:00 0 
b1ebf000-b1f0d000 rw-p 00000000 00:00 0          [stack:4936]
b1f0d000-b1f10000 ---p 00000000 00:00 0 
b1f10000-b1f5e000 rw-p 00000000 00:00 0          [stack:5106]
b1f5e000-b1f8b000 r-xp 00000000 00:1e 6164174    /home/user/Desktop/nfs/examples/ipv6/rpl-udp/obj_cooja/mtype983.cooja
b1f8b000-b1f8c000 r--p 0002c000 00:1e 6164174    /home/user/Desktop/nfs/examples/ipv6/rpl-udp/obj_cooja/mtype983.cooja
b1f8c000-b1f8d000 rw-p 0002d000 00:1e 6164174    /home/user/Desktop/nfs/examples/ipv6/rpl-udp/obj_cooja/mtype983.cooja
b1f8d000-b1f95000 rw-p 00000000 00:00 0 
b1f95000-b1fc3000 r-xp 00000000 00:1e 6164170    /home/user/Desktop/nfs/examples/ipv6/rpl-udp/obj_cooja/mtype874.cooja
b1fc3000-b1fc4000 r--p 0002d000 00:1e 6164170    /home/user/Desktop/nfs/examples/ipv6/rpl-udp/obj_cooja/mtype874.cooja
b1fc4000-b1fc5000 rw-p 0002e000 00:1e 6164170    /home/user/Desktop/nfs/examples/ipv6/rpl-udp/obj_cooja/mtype874.cooja
b1fc5000-b1fcd000 rw-p 00000000 00:00 0 
b1fcd000-b1fd0000 ---p 00000000 00:00 0 
b1fd0000-b201e000 rw-p 00000000 00:00 0          [stack:5218]
b201e000-b204b000 r-xp 00000000 00:1e 6164166    /home/user/Desktop/nfs/examples/ipv6/rpl-udp/obj_cooja/mtype285.cooja
b204b000-b204c000 r--p 0002c000 00:1e 6164166    /home/user/Desktop/nfs/examples/ipv6/rpl-udp/obj_cooja/mtype285.cooja
b204c000-b204d000 rw-p 0002d000 00:1e 6164166    /home/user/Desktop/nfs/examples/ipv6/rpl-udp/obj_cooja/mtype285.cooja
b204d000-b2055000 rw-p 00000000 00:00 0 
b2055000-b2083000 r-xp 00000000 00:1e 6164162    /home/user/Desktop/nfs/examples/ipv6/rpl-udp/obj_cooja/mtype12.cooja
b2083000-b2084000 r--p 0002d000 00:1e 6164162    /home/user/Desktop/nfs/examples/ipv6/rpl-udp/obj_cooja/mtype12.cooja
b2084000-b2085000 rw-p 0002e000 00:1e 6164162    /home/user/Desktop/nfs/examples/ipv6/rpl-udp/obj_cooja/mtype12.cooja
b2085000-b208d000 rw-p 00000000 00:00 0 
b208d000-b2090000 ---p 00000000 00:00 0 
b2090000-b20de000 rw-p 00000000 00:00 0          [stack:4823]
b20de000-b20e1000 ---p 00000000 00:00 0 
b20e1000-b212f000 rw-p 00000000 00:00 0          [stack:4707]
b212f000-b215c000 r-xp 00000000 00:1e 6164158    /home/user/Desktop/nfs/examples/ipv6/rpl-udp/obj_cooja/mtype369.cooja
b215c000-b215d000 r--p 0002c000 00:1e 6164158    /home/user/Desktop/nfs/examples/ipv6/rpl-udp/obj_cooja/mtype369.cooja
b215d000-b215e000 rw-p 0002d000 00:1e 6164158    /home/user/Desktop/nfs/examples/ipv6/rpl-udp/obj_cooja/mtype369.cooja
b215e000-b2166000 rw-p 00000000 00:00 0 
b2166000-b2169000 ---p 00000000 00:00 0 
b2169000-b21b7000 rw-p 00000000 00:00 0          [stack:4888]
b21b7000-b21ba000 ---p 00000000 00:00 0 
b21ba000-b2208000 rw-p 00000000 00:00 0          [stack:4659]
b2208000-b220b000 ---p 00000000 00:00 0 
b220b000-b2259000 rw-p 00000000 00:00 0          [stack:4775]
b2259000-b2286000 r-xp 00000000 00:1e 6164019    /home/user/Desktop/nfs/examples/ipv6/rpl-udp/obj_cooja/mtype13.cooja
b2286000-b2287000 r--p 0002c000 00:1e 6164019    /home/user/Desktop/nfs/examples/ipv6/rpl-udp/obj_cooja/mtype13.cooja
b2287000-b2288000 rw-p 0002d000 00:1e 6164019    /home/user/Desktop/nfs/examples/ipv6/rpl-udp/obj_cooja/mtype13.cooja
b2288000-b2290000 rw-p 00000000 00:00 0 
b2290000-b22be000 r-xp 00000000 00:1e 6164154    /home/user/Desktop/nfs/examples/ipv6/rpl-udp/obj_cooja/mtype935.cooja
b22be000-b22bf000 r--p 0002d000 00:1e 6164154    /home/user/Desktop/nfs/examples/ipv6/rpl-udp/obj_cooja/mtype935.cooja
b22bf000-b22c0000 rw-p 0002e000 00:1e 6164154    /home/user/Desktop/nfs/examples/ipv6/rpl-udp/obj_cooja/mtype935.cooja
b22c0000-b22c8000 rw-p 00000000 00:00 0 
b22c8000-b22cb000 ---p 00000000 00:00 0 
b22cb000-b2319000 rw-p 00000000 00:00 0          [stack:4621]
b2319000-b231c000 ---p 00000000 00:00 0 
b231c000-b236a000 rw-p 00000000 00:00 0          [stack:4288]
b236a000-b2397000 r-xp 00000000 00:1e 6164150    /home/user/Desktop/nfs/examples/ipv6/rpl-udp/obj_cooja/mtype237.cooja
b2397000-b2398000 r--p 0002c000 00:1e 6164150    /home/user/Desktop/nfs/examples/ipv6/rpl-udp/obj_cooja/mtype237.cooja
b2398000-b2399000 rw-p 0002d000 00:1e 6164150    /home/user/Desktop/nfs/examples/ipv6/rpl-udp/obj_cooja/mtype237.cooja
b2399000-b23a1000 rw-p 00000000 00:00 0 
b23a1000-b23cf000 r-xp 00000000 00:1e 6164146    /home/user/Desktop/nfs/examples/ipv6/rpl-udp/obj_cooja/mtype592.cooja
b23cf000-b23d0000 r--p 0002d000 00:1e 6164146    /home/user/Desktop/nfs/examples/ipv6/rpl-udp/obj_cooja/mtype592.cooja
b23d0000-b23d1000 rw-p 0002e000 00:1e 6164146    /home/user/Desktop/nfs/examples/ipv6/rpl-udp/obj_cooja/mtype592.cooja
b23d1000-b23d9000 rw-p 00000000 00:00 0 
b23d9000-b23dc000 ---p 00000000 00:00 0 
b23dc000-b242a000 rw-p 00000000 00:00 0          [stack:4997]
b242a000-b2457000 r-xp 00000000 00:1e 6164142    /home/user/Desktop/nfs/examples/ipv6/rpl-udp/obj_cooja/mtype469.cooja
b2457000-b2458000 r--p 0002c000 00:1e 6164142    /home/user/Desktop/nfs/examples/ipv6/rpl-udp/obj_cooja/mtype469.cooja
b2458000-b2459000 rw-p 0002d000 00:1e 6164142    /home/user/Desktop/nfs/examples/ipv6/rpl-udp/obj_cooja/mtype469.cooja
b2459000-b2461000 rw-p 00000000 00:00 0 
b2461000-b248f000 r-xp 00000000 00:1e 6164138    /home/user/Desktop/nfs/examples/ipv6/rpl-udp/obj_cooja/mtype936.cooja
b248f000-b2490000 r--p 0002d000 00:1e 6164138    /home/user/Desktop/nfs/examples/ipv6/rpl-udp/obj_cooja/mtype936.cooja
b2490000-b2491000 rw-p 0002e000 00:1e 6164138    /home/user/Desktop/nfs/examples/ipv6/rpl-udp/obj_cooja/mtype936.cooja
b2491000-b2499000 rw-p 00000000 00:00 0 
b2499000-b249c000 ---p 00000000 00:00 0 
b249c000-b24ea000 rw-p 00000000 00:00 0          [stack:4189]
b24ea000-b24ed000 ---p 00000000 00:00 0 
b24ed000-b253b000 rw-p 00000000 00:00 0          [stack:3978]
b253b000-b2568000 r-xp 00000000 00:1e 6164134    /home/user/Desktop/nfs/examples/ipv6/rpl-udp/obj_cooja/mtype52.cooja
b2568000-b2569000 r--p 0002c000 00:1e 6164134    /home/user/Desktop/nfs/examples/ipv6/rpl-udp/obj_cooja/mtype52.cooja
b2569000-b256a000 rw-p 0002d000 00:1e 6164134    /home/user/Desktop/nfs/examples/ipv6/rpl-udp/obj_cooja/mtype52.cooja
b256a000-b2572000 rw-p 00000000 00:00 0 
b2572000-b2575000 ---p 00000000 00:00 0 
b2575000-b25c3000 rw-p 00000000 00:00 0          [stack:4240]
b25c3000-b25c6000 ---p 00000000 00:00 0 
b25c6000-b2614000 rw-p 00000000 00:00 0          [stack:3930]
b2614000-b2641000 r-xp 00000000 00:1e 6163646    /home/user/Desktop/nfs/examples/ipv6/rpl-udp/obj_cooja/mtype242.cooja
b2641000-b2642000 r--p 0002c000 00:1e 6163646    /home/user/Desktop/nfs/examples/ipv6/rpl-udp/obj_cooja/mtype242.cooja
b2642000-b2643000 rw-p 0002d000 00:1e 6163646    /home/user/Desktop/nfs/examples/ipv6/rpl-udp/obj_cooja/mtype242.cooja
b2643000-b264b000 rw-p 00000000 00:00 0 
b264b000-b2670000 rw-s 00000000 00:04 30703636   /SYSV00000000 (deleted)
b2670000-b269e000 r-xp 00000000 00:1e 6164129    /home/user/Desktop/nfs/examples/ipv6/rpl-udp/obj_cooja/mtype918.cooja
b269e000-b269f000 r--p 0002d000 00:1e 6164129    /home/user/Desktop/nfs/examples/ipv6/rpl-udp/obj_cooja/mtype918.cooja
b269f000-b26a0000 rw-p 0002e000 00:1e 6164129    /home/user/Desktop/nfs/examples/ipv6/rpl-udp/obj_cooja/mtype918.cooja
b26a0000-b26a8000 rw-p 00000000 00:00 0 
b26a8000-b26ab000 ---p 00000000 00:00 0 
b26ab000-b26f9000 rw-p 00000000 00:00 0          [stack:4141]
b26f9000-b26fc000 ---p 00000000 00:00 0 
b26fc000-b274a000 rw-p 00000000 00:00 0          [stack:3466]
b274a000-b2777000 r-xp 00000000 00:1e 6164125    /home/user/Desktop/nfs/examples/ipv6/rpl-udp/obj_cooja/mtype364.cooja
b2777000-b2778000 r--p 0002c000 00:1e 6164125    /home/user/Desktop/nfs/examples/ipv6/rpl-udp/obj_cooja/mtype364.cooja
b2778000-b2779000 rw-p 0002d000 00:1e 6164125    /home/user/Desktop/nfs/examples/ipv6/rpl-udp/obj_cooja/mtype364.cooja
b2779000-b2781000 rw-p 00000000 00:00 0 
b2781000-b2784000 ---p 00000000 00:00 0 
b2784000-b27d2000 rw-p 00000000 00:00 0          [stack:4610]
b27d2000-b27d5000 ---p 00000000 00:00 0 
b27d5000-b2823000 rw-p 00000000 00:00 0          [stack:3418]
b2823000-b2826000 ---p 00000000 00:00 0 
b2826000-b2874000 rw-p 00000000 00:00 0          [stack:3881]
b2874000-b28a1000 r-xp 00000000 00:1e 6163797    /home/user/Desktop/nfs/examples/ipv6/rpl-udp/obj_cooja/mtype585.cooja
b28a1000-b28a2000 r--p 0002c000 00:1e 6163797    /home/user/Desktop/nfs/examples/ipv6/rpl-udp/obj_cooja/mtype585.cooja
b28a2000-b28a3000 rw-p 0002d000 00:1e 6163797    /home/user/Desktop/nfs/examples/ipv6/rpl-udp/obj_cooja/mtype585.cooja
b28a3000-b28ab000 rw-p 00000000 00:00 0 
b28ab000-b28d9000 r-xp 00000000 00:1e 6164121    /home/user/Desktop/nfs/examples/ipv6/rpl-udp/obj_cooja/mtype84.cooja
b28d9000-b28da000 r--p 0002d000 00:1e 6164121    /home/user/Desktop/nfs/examples/ipv6/rpl-udp/obj_cooja/mtype84.cooja
b28da000-b28db000 rw-p 0002e000 00:1e 6164121    /home/user/Desktop/nfs/examples/ipv6/rpl-udp/obj_cooja/mtype84.cooja
b28db000-b28e3000 rw-p 00000000 00:00 0 
b28e3000-b28e6000 ---p 00000000 00:00 0 
b28e6000-b2934000 rw-p 00000000 00:00 0          [stack:3380]
b2934000-b2937000 ---p 00000000 00:00 0 
b2937000-b2985000 rw-p 00000000 00:00 0          [stack:3324]
b2985000-b29b2000 r-xp 00000000 00:1e 6164117    /home/user/Desktop/nfs/examples/ipv6/rpl-udp/obj_cooja/mtype719.cooja
b29b2000-b29b3000 r--p 0002c000 00:1e 6164117    /home/user/Desktop/nfs/examples/ipv6/rpl-udp/obj_cooja/mtype719.cooja
b29b3000-b29b4000 rw-p 0002d000 00:1e 6164117    /home/user/Desktop/nfs/examples/ipv6/rpl-udp/obj_cooja/mtype719.cooja
b29b4000-b29bc000 rw-p 00000000 00:00 0 
b29bc000-b29bf000 ---p 00000000 00:00 0 
b29bf000-b2a0d000 rw-p 00000000 00:00 0          [stack:6234]
b2a0d000-b2a10000 ---p 00000000 00:00 0 
b2a10000-b2a5e000 rw-p 00000000 00:00 0          [stack:3276]
b2a5e000-b2a61000 ---p 00000000 00:00 0 
b2a61000-b2aaf000 rw-p 00000000 00:00 0          [stack:3892]
b2aaf000-b2ab2000 ---p 00000000 00:00 0 
b2ab2000-b2ac8000 rw-p 00000000 00:00 0 
b2b2b000-b2b3b000 rw-s 00000000 00:04 18284553   /SYSV00000000 (deleted)
b2b3b000-b2b3e000 ---p 00000000 00:00 0 
b2b3e000-b2b8c000 rw-p 00000000 00:00 0          [stack:3369]
b2b94000-b2b96000 rw-p 00000000 00:00 0 
b2b96000-b322b000 rw-s 00000000 00:04 2031631    /SYSV00000000 (deleted)
b322b000-b322d000 r--s 00003000 00:1e 6161210    /home/user/Desktop/nfs/tools/cooja/apps/powertracker/lib/powertracker.jar
b322d000-b322e000 r--s 00002000 00:1e 3705454    /home/user/Desktop/nfs/tools/cooja/apps/collect-view/cooja-collect-view.jar
b322e000-b3230000 r--s 00008000 00:1e 10104686   /home/user/Desktop/nfs/tools/cooja/apps/serial_socket/lib/serial_socket.jar
b3230000-b326a000 r--s 001e1000 00:1e 9048202    /home/user/Desktop/nfs/tools/cooja/apps/avrora/lib/avrora-small.jar
b326a000-b326b000 r--s 00008000 00:1e 9048113    /home/user/Desktop/nfs/tools/cooja/apps/avrora/lib/cooja_avrora.jar
b326b000-b326d000 r--s 00010000 00:1e 6161792    /home/user/Desktop/nfs/tools/cooja/apps/mspsim/lib/jipv6.jar
b326d000-b326e000 r--s 00004000 00:1e 6162693    /home/user/Desktop/nfs/tools/cooja/apps/mspsim/lib/coffee.jar
b326e000-b327a000 r--s 000ea000 00:1e 6161280    /home/user/Desktop/nfs/tools/cooja/apps/mspsim/lib/mspsim.jar
b327a000-b3280000 r--s 00062000 00:1e 6163184    /home/user/Desktop/nfs/tools/cooja/apps/mspsim/lib/cooja_mspsim.jar
b3280000-b3283000 r--s 0001e000 00:1e 6161370    /home/user/Desktop/nfs/tools/cooja/apps/mrm/lib/mrm.jar
b3283000-b3286000 ---p 00000000 00:00 0 
b3286000-b32d4000 rw-p 00000000 00:00 0          [stack:3222]
b32d4000-b32d7000 ---p 00000000 00:00 0 
b32d7000-b3325000 rw-p 00000000 00:00 0          [stack:3221]
b3325000-b3328000 ---p 00000000 00:00 0 
b3328000-b3376000 rw-p 00000000 00:00 0          [stack:3220]
b3376000-b3377000 r--s 00000000 08:01 403951     /var/cache/fontconfig/c05880de57d1f5e948fdfacc138775d9-le32d4.cache-4
b3377000-b337f000 r--s 00000000 08:01 395165     /var/cache/fontconfig/945677eb7aeaf62f1d50efc3fb3ec7d8-le32d4.cache-4
b337f000-b3381000 r--s 00000000 08:01 403828     /var/cache/fontconfig/99e8ed0e538f840c565b6ed5dad60d56-le32d4.cache-4
b3381000-b3385000 r--s 00000000 08:01 403701     /var/cache/fontconfig/2cd17615ca594fa2959ae173292e504c-le32d4.cache-4
b3385000-b3386000 r--s 00000000 08:01 403278     /var/cache/fontconfig/e7071f4a29fa870f4323321c154eba04-le32d4.cache-4
b3386000-b3387000 r--s 00000000 08:01 402342     /var/cache/fontconfig/0d8c3b2ac0904cb8a57a757ad11a4a08-le32d4.cache-4
b3387000-b338c000 r--s 00000000 08:01 402341     /var/cache/fontconfig/a755afe4a08bf5b97852ceb7400b47bc-le32d4.cache-4
b338c000-b3395000 r--s 00000000 08:01 401848     /var/cache/fontconfig/6d41288fd70b0be22e8c3a91e032eec0-le32d4.cache-4
b3395000-b33a4000 r--s 00000000 08:01 401847     /var/cache/fontconfig/04aabc0a78ac019cf9454389977116d2-le32d4.cache-4
b33a4000-b33a5000 r--s 00000000 08:01 401846     /var/cache/fontconfig/1ac9eb803944fde146138c791f5cc56a-le32d4.cache-4
b33a5000-b33a8000 r--s 00000000 08:01 401845     /var/cache/fontconfig/385c0604a188198f04d133e54aba7fe7-le32d4.cache-4
b33a8000-b33a9000 r--s 00000000 08:01 401843     /var/cache/fontconfig/dc05db6664285cc2f12bf69c139ae4c3-le32d4.cache-4
b33a9000-b33ab000 r--s 00000000 08:01 393795     /var/cache/fontconfig/767a8244fc0220cfb567a839d0392e0b-le32d4.cache-4
b33ab000-b33af000 r--s 00000000 08:01 401841     /var/cache/fontconfig/8801497958630a81b71ace7c5f9b32a8-le32d4.cache-4
b33af000-b33b4000 r--s 00000000 08:01 401840     /var/cache/fontconfig/3047814df9a2f067bd2d96a2b9c36e5a-le32d4.cache-4
b33b4000-b33b8000 r--s 00000000 08:01 401837     /var/cache/fontconfig/b47c4e1ecd0709278f4910c18777a504-le32d4.cache-4
b33b8000-b33c8000 r--s 00000000 08:01 401836     /var/cache/fontconfig/d52a8644073d54c13679302ca1180695-le32d4.cache-4
b33c8000-b3418000 r-xp 00000000 08:01 177825     /usr/lib/jvm/java-7-openjdk-i386/jre/lib/i386/libfontmanager.so
b3418000-b341a000 r--p 0004f000 08:01 177825     /usr/lib/jvm/java-7-openjdk-i386/jre/lib/i386/libfontmanager.so
b341a000-b341b000 rw-p 00051000 08:01 177825     /usr/lib/jvm/java-7-openjdk-i386/jre/lib/i386/libfontmanager.so
b341b000-b341e000 ---p 00000000 00:00 0 
b341e000-b346c000 rw-p 00000000 00:00 0          [stack:3219]
b346c000-b3470000 r-xp 00000000 08:01 7640       /usr/lib/i386-linux-gnu/libXfixes.so.3.1.0
b3470000-b3471000 r--p 00003000 08:01 7640       /usr/lib/i386-linux-gnu/libXfixes.so.3.1.0
b3471000-b3472000 rw-p 00004000 08:01 7640       /usr/lib/i386-linux-gnu/libXfixes.so.3.1.0
b3472000-b3475000 ---p 00000000 00:00 0 
b3475000-b34c3000 rw-p 00000000 00:00 0          [stack:3218]
b34c3000-b34e9000 r-xp 00000000 08:01 142122     /lib/i386-linux-gnu/libpng12.so.0.50.0
b34e9000-b34ea000 r--p 00025000 08:01 142122     /lib/i386-linux-gnu/libpng12.so.0.50.0
b34ea000-b34eb000 rw-p 00026000 08:01 142122     /lib/i386-linux-gnu/libpng12.so.0.50.0
b34eb000-b3510000 r-xp 00000000 08:01 131117     /lib/i386-linux-gnu/libexpat.so.1.6.0
b3510000-b3511000 ---p 00025000 08:01 131117     /lib/i386-linux-gnu/libexpat.so.1.6.0
b3511000-b3513000 r--p 00025000 08:01 131117     /lib/i386-linux-gnu/libexpat.so.1.6.0
b3513000-b3514000 rw-p 00027000 08:01 131117     /lib/i386-linux-gnu/libexpat.so.1.6.0
b3514000-b35af000 r-xp 00000000 08:01 9145       /usr/lib/i386-linux-gnu/libfreetype.so.6.11.1
b35af000-b35b3000 r--p 0009a000 08:01 9145       /usr/lib/i386-linux-gnu/libfreetype.so.6.11.1
b35b3000-b35b4000 rw-p 0009e000 08:01 9145       /usr/lib/i386-linux-gnu/libfreetype.so.6.11.1
b35b4000-b35d4000 r-xp 00000000 08:01 66655      /usr/lib/i386-linux-gnu/libxcb.so.1.1.0
b35d4000-b35d5000 r--p 0001f000 08:01 66655      /usr/lib/i386-linux-gnu/libxcb.so.1.1.0
b35d5000-b35d6000 rw-p 00020000 08:01 66655      /usr/lib/i386-linux-gnu/libxcb.so.1.1.0
b35d6000-b360f000 r-xp 00000000 08:01 9181       /usr/lib/i386-linux-gnu/libfontconfig.so.1.8.0
b360f000-b3610000 r--p 00039000 08:01 9181       /usr/lib/i386-linux-gnu/libfontconfig.so.1.8.0
b3610000-b3611000 rw-p 0003a000 08:01 9181       /usr/lib/i386-linux-gnu/libfontconfig.so.1.8.0
b3611000-b3741000 r-xp 00000000 08:01 10842      /usr/lib/i386-linux-gnu/libX11.so.6.3.0
b3741000-b3742000 r--p 00130000 08:01 10842      /usr/lib/i386-linux-gnu/libX11.so.6.3.0
b3742000-b3744000 rw-p 00131000 08:01 10842      /usr/lib/i386-linux-gnu/libX11.so.6.3.0
b3744000-b3745000 rw-p 00000000 00:00 0 
b3745000-b37d4000 r-xp 00000000 08:01 177836     /usr/lib/jvm/java-7-openjdk-i386/jre/lib/i386/libawt.so
b37d4000-b37d5000 r--p 0008f000 08:01 177836     /usr/lib/jvm/java-7-openjdk-i386/jre/lib/i386/libawt.so
b37d5000-b37dc000 rw-p 00090000 08:01 177836     /usr/lib/jvm/java-7-openjdk-i386/jre/lib/i386/libawt.so
b37dc000-b3800000 rw-p 00000000 00:00 0 
b3800000-b38bf000 rw-p 00000000 00:00 0 
b38bf000-b3900000 ---p 00000000 00:00 0 
b3900000-b3901000 r--s 00000000 08:01 401842     /var/cache/fontconfig/4794a0821666d79190d59a36cb4f44b5-le32d4.cache-4
b3901000-b390a000 r-xp 00000000 08:01 9790       /usr/lib/i386-linux-gnu/libXcursor.so.1.0.2
b390a000-b390b000 r--p 00008000 08:01 9790       /usr/lib/i386-linux-gnu/libXcursor.so.1.0.2
b390b000-b390c000 rw-p 00009000 08:01 9790       /usr/lib/i386-linux-gnu/libXcursor.so.1.0.2
b390c000-b3911000 r-xp 00000000 08:01 5406       /usr/lib/i386-linux-gnu/libXdmcp.so.6.0.0
b3911000-b3912000 r--p 00004000 08:01 5406       /usr/lib/i386-linux-gnu/libXdmcp.so.6.0.0
b3912000-b3913000 rw-p 00005000 08:01 5406       /usr/lib/i386-linux-gnu/libXdmcp.so.6.0.0
b3913000-b3915000 r-xp 00000000 08:01 5352       /usr/lib/i386-linux-gnu/libXau.so.6.0.0
b3915000-b3916000 r--p 00001000 08:01 5352       /usr/lib/i386-linux-gnu/libXau.so.6.0.0
b3916000-b3917000 rw-p 00002000 08:01 5352       /usr/lib/i386-linux-gnu/libXau.so.6.0.0
b3917000-b3925000 r-xp 00000000 08:01 7577       /usr/lib/i386-linux-gnu/libXi.so.6.1.0
b3925000-b3926000 r--p 0000e000 08:01 7577       /usr/lib/i386-linux-gnu/libXi.so.6.1.0
b3926000-b3927000 rw-p 0000f000 08:01 7577       /usr/lib/i386-linux-gnu/libXi.so.6.1.0
b3927000-b392c000 r-xp 00000000 08:01 10292      /usr/lib/i386-linux-gnu/libXtst.so.6.1.0
b392c000-b392d000 r--p 00004000 08:01 10292      /usr/lib/i386-linux-gnu/libXtst.so.6.1.0
b392d000-b392e000 rw-p 00005000 08:01 10292      /usr/lib/i386-linux-gnu/libXtst.so.6.1.0
b392e000-b3930000 r-xp 00000000 08:01 3489       /usr/lib/i386-linux-gnu/libXcomposite.so.1.0.0
b3930000-b3931000 r--p 00001000 08:01 3489       /usr/lib/i386-linux-gnu/libXcomposite.so.1.0.0
b3931000-b3932000 rw-p 00002000 08:01 3489       /usr/lib/i386-linux-gnu/libXcomposite.so.1.0.0
b3932000-b393b000 r-xp 00000000 08:01 6199       /usr/lib/i386-linux-gnu/libXrender.so.1.3.0
b393b000-b393c000 r--p 00008000 08:01 6199       /usr/lib/i386-linux-gnu/libXrender.so.1.3.0
b393c000-b393d000 rw-p 00009000 08:01 6199       /usr/lib/i386-linux-gnu/libXrender.so.1.3.0
b393d000-b394e000 r-xp 00000000 08:01 6183       /usr/lib/i386-linux-gnu/libXext.so.6.4.0
b394e000-b394f000 r--p 00010000 08:01 6183       /usr/lib/i386-linux-gnu/libXext.so.6.4.0
b394f000-b3950000 rw-p 00011000 08:01 6183       /usr/lib/i386-linux-gnu/libXext.so.6.4.0
b3950000-b3998000 r-xp 00000000 08:01 136659     /usr/lib/jvm/java-7-openjdk-i386/jre/lib/i386/xawt/libmawt.so
b3998000-b3999000 r--p 00048000 08:01 136659     /usr/lib/jvm/java-7-openjdk-i386/jre/lib/i386/xawt/libmawt.so
b3999000-b399b000 rw-p 00049000 08:01 136659     /usr/lib/jvm/java-7-openjdk-i386/jre/lib/i386/xawt/libmawt.so
b399b000-b399c000 rw-p 00000000 00:00 0 
b399c000-b39d8000 r-xp 00000000 08:01 132344     /lib/i386-linux-gnu/libpcre.so.3.13.1
b39d8000-b39d9000 r--p 0003b000 08:01 132344     /lib/i386-linux-gnu/libpcre.so.3.13.1
b39d9000-b39da000 rw-p 0003c000 08:01 132344     /lib/i386-linux-gnu/libpcre.so.3.13.1
b39da000-b39df000 r-xp 00000000 08:01 9076       /usr/lib/i386-linux-gnu/libffi.so.6.0.1
b39df000-b39e0000 r--p 00005000 08:01 9076       /usr/lib/i386-linux-gnu/libffi.so.6.0.1
b39e0000-b39e1000 rw-p 00006000 08:01 9076       /usr/lib/i386-linux-gnu/libffi.so.6.0.1
b39e1000-b39f4000 r-xp 00000000 08:01 158559     /lib/i386-linux-gnu/libresolv-2.19.so
b39f4000-b39f5000 ---p 00013000 08:01 158559     /lib/i386-linux-gnu/libresolv-2.19.so
b39f5000-b39f6000 r--p 00013000 08:01 158559     /lib/i386-linux-gnu/libresolv-2.19.so
b39f6000-b39f7000 rw-p 00014000 08:01 158559     /lib/i386-linux-gnu/libresolv-2.19.so
b39f7000-b39f9000 rw-p 00000000 00:00 0 
b39f9000-b3a19000 r-xp 00000000 08:01 131406     /lib/i386-linux-gnu/libselinux.so.1
b3a19000-b3a1a000 r--p 0001f000 08:01 131406     /lib/i386-linux-gnu/libselinux.so.1
b3a1a000-b3a1b000 rw-p 00020000 08:01 131406     /lib/i386-linux-gnu/libselinux.so.1
b3a1b000-b3a1c000 rw-p 00000000 00:00 0 
b3a1c000-b3b26000 r-xp 00000000 08:01 136564     /lib/i386-linux-gnu/libglib-2.0.so.0.4002.0
b3b26000-b3b27000 r--p 00109000 08:01 136564     /lib/i386-linux-gnu/libglib-2.0.so.0.4002.0
b3b27000-b3b28000 rw-p 0010a000 08:01 136564     /lib/i386-linux-gnu/libglib-2.0.so.0.4002.0
b3b28000-b3b78000 r-xp 00000000 08:01 1672       /usr/lib/i386-linux-gnu/libgobject-2.0.so.0.4002.0
b3b78000-b3b79000 r--p 0004f000 08:01 1672       /usr/lib/i386-linux-gnu/libgobject-2.0.so.0.4002.0
b3b79000-b3b7a000 rw-p 00050000 08:01 1672       /usr/lib/i386-linux-gnu/libgobject-2.0.so.0.4002.0
b3b7a000-b3cf7000 r-xp 00000000 08:01 1674       /usr/lib/i386-linux-gnu/libgio-2.0.so.0.4002.0
b3cf7000-b3cf9000 r--p 0017d000 08:01 1674       /usr/lib/i386-linux-gnu/libgio-2.0.so.0.4002.0
b3cf9000-b3cfa000 rw-p 0017f000 08:01 1674       /usr/lib/i386-linux-gnu/libgio-2.0.so.0.4002.0
b3cfa000-b3cfb000 rw-p 00000000 00:00 0 
b3cfb000-b3cfc000 r--s 00000000 08:01 401839     /var/cache/fontconfig/56cf4f4769d0f4abc89a4895d7bd3ae1-le32d4.cache-4
b3cfc000-b3cfd000 r--s 00000000 08:01 401838     /var/cache/fontconfig/b9d506c9ac06c20b433354fa67a72993-le32d4.cache-4
b3cfd000-b3d04000 r--s 00000000 08:01 401835     /var/cache/fontconfig/3f7329c5293ffd510edef78f73874cfd-le32d4.cache-4
b3d04000-b3d0d000 r--s 00000000 08:01 401834     /var/cache/fontconfig/d589a48862398ed80a3d6066f4f56f4c-le32d4.cache-4
b3d0d000-b3d0f000 r--s 00000000 08:01 394475     /var/cache/fontconfig/e13b20fdb08344e0e664864cc2ede53d-le32d4.cache-4
b3d0f000-b3d12000 r--s 00000000 08:01 394702     /var/cache/fontconfig/7ef2298fde41cc6eeb7af42e48b7d293-le32d4.cache-4
b3d12000-b3d2a000 r-xp 00000000 08:01 153628     /usr/lib/jvm/java-7-openjdk-i386/jre/lib/i386/libnet.so
b3d2a000-b3d2b000 r--p 00017000 08:01 153628     /usr/lib/jvm/java-7-openjdk-i386/jre/lib/i386/libnet.so
b3d2b000-b3d2c000 rw-p 00018000 08:01 153628     /usr/lib/jvm/java-7-openjdk-i386/jre/lib/i386/libnet.so
b3d2c000-b3d3d000 r-xp 00000000 08:01 177810     /usr/lib/jvm/java-7-openjdk-i386/jre/lib/i386/libnio.so
b3d3d000-b3d3e000 r--p 00010000 08:01 177810     /usr/lib/jvm/java-7-openjdk-i386/jre/lib/i386/libnio.so
b3d3e000-b3d3f000 rw-p 00011000 08:01 177810     /usr/lib/jvm/java-7-openjdk-i386/jre/lib/i386/libnio.so
b3d3f000-b3d5c000 r--s 0014f000 00:1e 3709046    /home/user/Desktop/nfs/tools/cooja/lib/swingx-all-1.6.4.jar
b3d5c000-b3d5d000 ---p 00000000 00:00 0 
b3d5d000-b3ddd000 rw-p 00000000 00:00 0          [stack:3217]
b3ddd000-b3de0000 ---p 00000000 00:00 0 
b3de0000-b3e2e000 rw-p 00000000 00:00 0          [stack:3216]
b3e2e000-b3e31000 ---p 00000000 00:00 0 
b3e31000-b3eaf000 rw-p 00000000 00:00 0          [stack:3215]
b3eaf000-b3eb2000 ---p 00000000 00:00 0 
b3eb2000-b3f00000 rw-p 00000000 00:00 0          [stack:3214]
b3f00000-b4100000 r--p 00000000 08:01 369        /usr/lib/locale/locale-archive
b4100000-b41d2000 rw-p 00000000 00:00 0 
b41d2000-b4200000 ---p 00000000 00:00 0 
b4200000-b4203000 r-xp 00000000 08:01 1675       /usr/lib/i386-linux-gnu/libgmodule-2.0.so.0.4002.0
b4203000-b4204000 r--p 00002000 08:01 1675       /usr/lib/i386-linux-gnu/libgmodule-2.0.so.0.4002.0
b4204000-b4205000 rw-p 00003000 08:01 1675       /usr/lib/i386-linux-gnu/libgmodule-2.0.so.0.4002.0
b4205000-b420f000 r--s 000ae000 08:01 136823     /usr/lib/jvm/java-7-openjdk-i386/jre/lib/resources.jar
b420f000-b4216000 r--s 0005b000 00:1e 3706283    /home/user/Desktop/nfs/tools/cooja/lib/jsyntaxpane.jar
b4216000-b421d000 r--s 0004f000 00:1e 3702728    /home/user/Desktop/nfs/tools/cooja/lib/log4j.jar
b421d000-b4220000 r--s 00022000 00:1e 3705387    /home/user/Desktop/nfs/tools/cooja/lib/jdom.jar
b4220000-b4224000 r--s 00085000 08:01 177967     /usr/lib/jvm/java-7-openjdk-i386/jre/lib/ext/localedata.jar
b4224000-b4228000 r--s 00034000 08:01 177971     /usr/lib/jvm/java-7-openjdk-i386/jre/lib/ext/sunjce_provider.jar
b4228000-b422b000 r--s 0000f000 08:01 177961     /usr/lib/jvm/java-7-openjdk-i386/jre/lib/ext/icedtea-sound.jar
b422b000-b422e000 ---p 00000000 00:00 0 
b422e000-b427c000 rw-p 00000000 00:00 0          [stack:3213]
b427c000-b427f000 ---p 00000000 00:00 0 
b427f000-b42cd000 rw-p 00000000 00:00 0          [stack:3212]
b42cd000-b42ce000 ---p 00000000 00:00 0 
b42ce000-b4397000 rw-p 00000000 00:00 0          [stack:3211]
b4397000-b454a000 r--s 01d3d000 08:01 136821     /usr/lib/jvm/java-7-openjdk-i386/jre/lib/rt.jar
b454a000-b455e000 rw-p 00000000 00:00 0 
b455e000-b4578000 rw-p 00000000 00:00 0 
b4578000-b457e000 rw-p 00000000 00:00 0 
b457e000-b4623000 rw-p 00000000 00:00 0 
b4623000-b4626000 rw-p 00000000 00:00 0 
b4626000-b4678000 rw-p 00000000 00:00 0 
b4678000-b467e000 rw-p 00000000 00:00 0 
b467e000-b4723000 rw-p 00000000 00:00 0 
b4723000-b4729000 rw-p 00000000 00:00 0 
b4729000-b4743000 rw-p 00000000 00:00 0 
b4743000-b4766000 rw-p 00000000 00:00 0 
b4766000-b47cf000 rw-p 00000000 00:00 0 
b47cf000-b4d5f000 rwxp 00000000 00:00 0 
b4d5f000-b67cf000 rw-p 00000000 00:00 0 
b67cf000-b67d9000 r-xp 00000000 08:01 159039     /lib/i386-linux-gnu/libnss_files-2.19.so
b67d9000-b67da000 r--p 00009000 08:01 159039     /lib/i386-linux-gnu/libnss_files-2.19.so
b67da000-b67db000 rw-p 0000a000 08:01 159039     /lib/i386-linux-gnu/libnss_files-2.19.so
b67db000-b67e5000 r-xp 00000000 08:01 158574     /lib/i386-linux-gnu/libnss_nis-2.19.so
b67e5000-b67e6000 r--p 00009000 08:01 158574     /lib/i386-linux-gnu/libnss_nis-2.19.so
b67e6000-b67e7000 rw-p 0000a000 08:01 158574     /lib/i386-linux-gnu/libnss_nis-2.19.so
b67e7000-b67fc000 r-xp 00000000 08:01 158568     /lib/i386-linux-gnu/libnsl-2.19.so
b67fc000-b67fd000 r--p 00015000 08:01 158568     /lib/i386-linux-gnu/libnsl-2.19.so
b67fd000-b67fe000 rw-p 00016000 08:01 158568     /lib/i386-linux-gnu/libnsl-2.19.so
b67fe000-b6800000 rw-p 00000000 00:00 0 
b6800000-b68f7000 rw-p 00000000 00:00 0 
b68f7000-b6900000 ---p 00000000 00:00 0 
b6900000-b6907000 r-xp 00000000 08:01 158567     /lib/i386-linux-gnu/libnss_compat-2.19.so
b6907000-b6908000 r--p 00006000 08:01 158567     /lib/i386-linux-gnu/libnss_compat-2.19.so
b6908000-b6909000 rw-p 00007000 08:01 158567     /lib/i386-linux-gnu/libnss_compat-2.19.so
b6909000-b690a000 r--s 00000000 08:01 401833     /var/cache/fontconfig/0c9eb80ebd1c36541ebe2852d3bb0c49-le32d4.cache-4
b690a000-b690b000 r--s 00002000 08:01 177972     /usr/lib/jvm/java-7-openjdk-i386/jre/lib/ext/dnsns.jar
b690b000-b690e000 r--s 0003d000 08:01 177959     /usr/lib/jvm/java-7-openjdk-i386/jre/lib/ext/sunpkcs11.jar
b690e000-b6916000 r-xp 00000000 08:01 177878     /usr/lib/jvm/java-7-openjdk-i386/jre/lib/i386/libzip.so
b6916000-b6917000 r--p 00007000 08:01 177878     /usr/lib/jvm/java-7-openjdk-i386/jre/lib/i386/libzip.so
b6917000-b6918000 rw-p 00008000 08:01 177878     /usr/lib/jvm/java-7-openjdk-i386/jre/lib/i386/libzip.so
b6918000-b6920000 rw-s 00000000 08:01 161638     /tmp/hsperfdata_user/3205
b6920000-b6947000 r-xp 00000000 08:01 136829     /usr/lib/jvm/java-7-openjdk-i386/jre/lib/i386/libjava.so
b6947000-b6948000 r--p 00026000 08:01 136829     /usr/lib/jvm/java-7-openjdk-i386/jre/lib/i386/libjava.so
b6948000-b6949000 rw-p 00027000 08:01 136829     /usr/lib/jvm/java-7-openjdk-i386/jre/lib/i386/libjava.so
b6949000-b6950000 r-xp 00000000 08:01 158579     /lib/i386-linux-gnu/librt-2.19.so
b6950000-b6951000 r--p 00006000 08:01 158579     /lib/i386-linux-gnu/librt-2.19.so
b6951000-b6952000 rw-p 00007000 08:01 158579     /lib/i386-linux-gnu/librt-2.19.so
b6952000-b6955000 ---p 00000000 00:00 0 
b6955000-b69a3000 rw-p 00000000 00:00 0          [stack:3210]
b69a3000-b69bf000 r-xp 00000000 08:01 158999     /lib/i386-linux-gnu/libgcc_s.so.1
b69bf000-b69c0000 rw-p 0001b000 08:01 158999     /lib/i386-linux-gnu/libgcc_s.so.1
b69c0000-b6a04000 r-xp 00000000 08:01 158561     /lib/i386-linux-gnu/libm-2.19.so
b6a04000-b6a05000 r--p 00043000 08:01 158561     /lib/i386-linux-gnu/libm-2.19.so
b6a05000-b6a06000 rw-p 00044000 08:01 158561     /lib/i386-linux-gnu/libm-2.19.so
b6a06000-b6ae2000 r-xp 00000000 08:01 289        /usr/lib/i386-linux-gnu/libstdc++.so.6.0.19
b6ae2000-b6ae6000 r--p 000dc000 08:01 289        /usr/lib/i386-linux-gnu/libstdc++.so.6.0.19
b6ae6000-b6ae7000 rw-p 000e0000 08:01 289        /usr/lib/i386-linux-gnu/libstdc++.so.6.0.19
b6ae7000-b6aee000 rw-p 00000000 00:00 0 
b6aee000-b7124000 r-xp 00000000 08:01 177850     /usr/lib/jvm/java-7-openjdk-i386/jre/lib/i386/client/libjvm.so
b7124000-b713a000 r--p 00635000 08:01 177850     /usr/lib/jvm/java-7-openjdk-i386/jre/lib/i386/client/libjvm.so
b713a000-b7149000 rw-p 0064b000 08:01 177850     /usr/lib/jvm/java-7-openjdk-i386/jre/lib/i386/client/libjvm.so
b7149000-b7565000 rw-p 00000000 00:00 0 
b7565000-b757d000 r-xp 00000000 08:01 158556     /lib/i386-linux-gnu/libz.so.1.2.8
b757d000-b757e000 r--p 00017000 08:01 158556     /lib/i386-linux-gnu/libz.so.1.2.8
b757e000-b757f000 rw-p 00018000 08:01 158556     /lib/i386-linux-gnu/libz.so.1.2.8
b757f000-b7597000 r-xp 00000000 08:01 158571     /lib/i386-linux-gnu/libpthread-2.19.so
b7597000-b7598000 r--p 00018000 08:01 158571     /lib/i386-linux-gnu/libpthread-2.19.so
b7598000-b7599000 rw-p 00019000 08:01 158571     /lib/i386-linux-gnu/libpthread-2.19.so
b7599000-b759b000 rw-p 00000000 00:00 0 
b759b000-b759e000 r-xp 00000000 08:01 158563     /lib/i386-linux-gnu/libdl-2.19.so
b759e000-b759f000 r--p 00002000 08:01 158563     /lib/i386-linux-gnu/libdl-2.19.so
b759f000-b75a0000 rw-p 00003000 08:01 158563     /lib/i386-linux-gnu/libdl-2.19.so
b75a0000-b7748000 r-xp 00000000 08:01 158580     /lib/i386-linux-gnu/libc-2.19.so
b7748000-b7749000 ---p 001a8000 08:01 158580     /lib/i386-linux-gnu/libc-2.19.so
b7749000-b774b000 r--p 001a8000 08:01 158580     /lib/i386-linux-gnu/libc-2.19.so
b774b000-b774c000 rw-p 001aa000 08:01 158580     /lib/i386-linux-gnu/libc-2.19.so
b774c000-b774f000 rw-p 00000000 00:00 0 
b774f000-b7751000 r--s 00006000 08:01 276693     /usr/share/java/java-atk-wrapper.jar
b7751000-b7753000 r--s 00012000 08:01 177976     /usr/lib/jvm/java-7-openjdk-i386/jre/lib/ext/zipfs.jar
b7753000-b7754000 r--p 002c5000 08:01 369        /usr/lib/locale/locale-archive
b7754000-b7755000 rw-p 00000000 00:00 0 
b7755000-b7756000 r--p 00000000 00:00 0 
b7756000-b7764000 r-xp 00000000 08:01 136825     /usr/lib/jvm/java-7-openjdk-i386/jre/lib/i386/libverify.so
b7764000-b7765000 r--p 0000d000 08:01 136825     /usr/lib/jvm/java-7-openjdk-i386/jre/lib/i386/libverify.so
b7765000-b7766000 rw-p 0000e000 08:01 136825     /usr/lib/jvm/java-7-openjdk-i386/jre/lib/i386/libverify.so
b7766000-b7772000 r-xp 00000000 08:01 136926     /usr/lib/jvm/java-7-openjdk-i386/jre/lib/i386/jli/libjli.so
b7772000-b7773000 r--p 0000c000 08:01 136926     /usr/lib/jvm/java-7-openjdk-i386/jre/lib/i386/jli/libjli.so
b7773000-b7774000 rw-p 0000d000 08:01 136926     /usr/lib/jvm/java-7-openjdk-i386/jre/lib/i386/jli/libjli.so
b7774000-b7777000 rw-p 00000000 00:00 0 
b7777000-b7778000 r-xp 00000000 00:00 0          [vdso]
b7778000-b7798000 r-xp 00000000 08:01 158572     /lib/i386-linux-gnu/ld-2.19.so
b7798000-b7799000 r--p 0001f000 08:01 158572     /lib/i386-linux-gnu/ld-2.19.so
b7799000-b779a000 rw-p 00020000 08:01 158572     /lib/i386-linux-gnu/ld-2.19.so
bf9ca000-bf9cb000 rwxp 00000000 00:00 0 
bf9fd000-bfa1e000 rw-p 00000000 00:00 0          [stack]

VM Arguments:
jvm_args: -Xmx512m -Duser.language=en 
java_command: org.contikios.cooja.Cooja
Launcher Type: SUN_STANDARD

Environment Variables:
JAVA_HOME=/usr/lib/jvm/java-7-openjdk-i386
PATH=/usr/local/sdcc/bin:/usr/local/sbin:/usr/local/bin:/usr/sbin:/usr/bin:/sbin:/bin:/usr/games:/usr/local/games:/home/user/CodeSourcery/Sourcery_G++_Lite/bin:/usr/local/msp430/bin:/home/user/CodeSourcery/Sourcery_G++_Lite/bin
LD_LIBRARY_PATH=.
SHELL=/bin/bash
DISPLAY=:0

Signal Handlers:
SIGSEGV: [libjvm.so+0x4efa90], sa_mask[0]=0x7ffbfeff, sa_flags=0x10000004
SIGBUS: [libjvm.so+0x4efa90], sa_mask[0]=0x7ffbfeff, sa_flags=0x10000004
SIGFPE: [libjvm.so+0x3cb5a0], sa_mask[0]=0x7ffbfeff, sa_flags=0x10000004
SIGPIPE: [libjvm.so+0x3cb5a0], sa_mask[0]=0x7ffbfeff, sa_flags=0x10000004
SIGXFSZ: [libjvm.so+0x3cb5a0], sa_mask[0]=0x7ffbfeff, sa_flags=0x10000004
SIGILL: [libjvm.so+0x3cb5a0], sa_mask[0]=0x7ffbfeff, sa_flags=0x10000004
SIGUSR1: SIG_DFL, sa_mask[0]=0x00000000, sa_flags=0x00000000
SIGUSR2: [libjvm.so+0x3cb700], sa_mask[0]=0x00000004, sa_flags=0x10000004
SIGHUP: [libjvm.so+0x3cb660], sa_mask[0]=0x7ffbfeff, sa_flags=0x10000004
SIGINT: [libjvm.so+0x3cb660], sa_mask[0]=0x7ffbfeff, sa_flags=0x10000004
SIGTERM: [libjvm.so+0x3cb660], sa_mask[0]=0x7ffbfeff, sa_flags=0x10000004
SIGQUIT: [libjvm.so+0x3cb660], sa_mask[0]=0x7ffbfeff, sa_flags=0x10000004
SIGTRAP: SIG_DFL, sa_mask[0]=0x00000000, sa_flags=0x00000000


---------------  S Y S T E M  ---------------

OS:Ubuntu 14.04 (trusty)
uname:Linux 3.13.0-96-generic #143-Ubuntu SMP Mon Aug 29 20:15:47 UTC 2016 i686
libc:glibc 2.19 NPTL 2.19 
rlimit: STACK 8192k, CORE 0k, NPROC 7860, NOFILE 4096, AS infinity
load average:0.00 0.01 0.05

/proc/meminfo:
MemTotal:        1025420 kB
MemFree:          116100 kB
Buffers:           87136 kB
Cached:           358192 kB
SwapCached:         3236 kB
Active:           342972 kB
Inactive:         456220 kB
Active(anon):     128708 kB
Inactive(anon):   250272 kB
Active(file):     214264 kB
Inactive(file):   205948 kB
Unevictable:          32 kB
Mlocked:              32 kB
HighTotal:        135048 kB
HighFree:          12292 kB
LowTotal:         890372 kB
LowFree:          103808 kB
SwapTotal:       1046524 kB
SwapFree:        1035520 kB
Dirty:               120 kB
Writeback:             0 kB
AnonPages:        350724 kB
Mapped:           101756 kB
Shmem:             25068 kB
Slab:              71504 kB
SReclaimable:      56548 kB
SUnreclaim:        14956 kB
KernelStack:        3336 kB
PageTables:         6656 kB
NFS_Unstable:          0 kB
Bounce:                0 kB
WritebackTmp:          0 kB
CommitLimit:     1559232 kB
Committed_AS:    2386376 kB
VmallocTotal:     122880 kB
VmallocUsed:       24672 kB
VmallocChunk:      85844 kB
HardwareCorrupted:     0 kB
AnonHugePages:    176128 kB
HugePages_Total:       0
HugePages_Free:        0
HugePages_Rsvd:        0
HugePages_Surp:        0
Hugepagesize:       2048 kB
DirectMap4k:       34808 kB
DirectMap2M:      878592 kB


CPU:total 1 (1 cores per cpu, 1 threads per core) family 6 model 94 stepping 3, cmov, cx8, fxsr, mmx, sse, sse2, sse3, ssse3, sse4.1, sse4.2, popcnt, avx, aes, tsc, tscinvbit

/proc/cpuinfo:
processor	: 0
vendor_id	: GenuineIntel
cpu family	: 6
model		: 94
model name	: Intel(R) Core(TM) i5-6500 CPU @ 3.20GHz
stepping	: 3
microcode	: 0x76
cpu MHz		: 3600.000
cache size	: 6144 KB
physical id	: 0
siblings	: 1
core id		: 0
cpu cores	: 1
apicid		: 0
initial apicid	: 0
fdiv_bug	: no
f00f_bug	: no
coma_bug	: no
fpu		: yes
fpu_exception	: yes
cpuid level	: 22
wp		: yes
flags		: fpu vme de pse tsc msr pae mce cx8 apic sep mtrr pge mca cmov pat pse36 clflush dts mmx fxsr sse sse2 ss nx rdtscp lm constant_tsc arch_perfmon pebs bts tsc_reliable nonstop_tsc aperfmperf pni pclmulqdq ssse3 fma cx16 sse4_1 sse4_2 movbe popcnt aes xsave avx hypervisor lahf_lm 3dnowprefetch ida arat epb pln pts dtherm
bogomips	: 7200.00
clflush size	: 64
cache_alignment	: 64
address sizes	: 40 bits physical, 48 bits virtual
power management:



Memory: 4k page, physical 1025420k(116100k free), swap 1046524k(1035520k free)

vm_info: OpenJDK Client VM (24.111-b01) for linux-x86 JRE (1.7.0_111-b01), built on Aug 12 2016 05:36:14 by "buildd" with gcc 4.8.4

time: Tue Sep 27 09:17:10 2016
elapsed time: 19943 seconds

