#
# A fatal error has been detected by the Java Runtime Environment:
#
#  SIGSEGV (0xb) at pc=0x000000fd, pid=22990, tid=2995559232
#
# JRE version: OpenJDK Runtime Environment (7.0_111-b01) (build 1.7.0_111-b01)
# Java VM: OpenJDK Client VM (24.111-b01 mixed mode, sharing linux-x86 )
# Derivative: IcedTea 2.6.7
# Distribution: Ubuntu 14.04 LTS, package 7u111-2.6.7-0ubuntu0.14.04.3
# Problematic frame:
# C  0x000000fd
#
# Failed to write core dump. Core dumps have been disabled. To enable core dumping, try "ulimit -c unlimited" before starting Java again
#
# If you would like to submit a bug report, please include
# instructions on how to reproduce the bug and visit:
#   http://icedtea.classpath.org/bugzilla
# The crash happened outside the Java Virtual Machine in native code.
# See problematic frame for where to report the bug.
#

---------------  T H R E A D  ---------------

Current thread (0x084e1000):  JavaThread "Thread-11" [_thread_in_native, id=23222, stack(0xb2879000,0xb28ca000)]

siginfo:si_signo=SIGSEGV: si_errno=0, si_code=1 (SEGV_MAPERR), si_addr=0x000000fd

Registers:
EAX=0x000000fd, EBX=0xb2737023, ECX=0x00000000, EDX=0x00000069
ESP=0xb27561c8, EBP=0xb27561e4, ESI=0x00000048, EDI=0x00000000
EIP=0x000000fd, EFLAGS=0x00010202, CR2=0x000000fd

Top of Stack: (sp=0xb27561c8)
0xb27561c8:   b2748b79 00000000 00000001 00000001
0xb27561d8:   00000067 b2747b61 b2737023 b2756224
0xb27561e8:   b2748deb 000000fd 00000000 00000001
0xb27561f8:   00000001 b27596c2 b27596e0 19d8415a
0xb2756208:   00000001 00100010 80100010 823a1b7a
0xb2756218:   00000067 1a100010 f158019b 0002f01e
0xb2756228:   0000f010 000000fd 00000000 ff000000
0xb2756238:   010000fe 08000e04 00070a0c 01000001 

Instructions: (pc=0x000000fd)
0x000000dd:   
[error occurred during error reporting (printing registers, top of stack, instructions near pc), id 0xb]

Register to memory mapping:

EAX=0x000000fd is an unknown value
EBX=0xb2737023: <offset 0x11023> in /media/user/JK/Dual-radio-simulation/examples/ipv6/rpl-udp/obj_cooja/mtype617.cooja at 0xb2726000
ECX=0x00000000 is an unknown value
EDX=0x00000069 is an unknown value
ESP=0xb27561c8: <offset 0x301c8> in /media/user/JK/Dual-radio-simulation/examples/ipv6/rpl-udp/obj_cooja/mtype617.cooja at 0xb2726000
EBP=0xb27561e4: <offset 0x301e4> in /media/user/JK/Dual-radio-simulation/examples/ipv6/rpl-udp/obj_cooja/mtype617.cooja at 0xb2726000
ESI=0x00000048 is an unknown value
EDI=0x00000000 is an unknown value


Stack: [0xb2879000,0xb28ca000],  sp=0xb27561c8,  free space=4193140k
Native frames: (J=compiled Java code, j=interpreted, Vv=VM code, C=native code)
C  0x000000fd
C  [mtype617.cooja+0x22deb]  send_one_packet+0x1f7

Java frames: (J=compiled Java code, j=interpreted, Vv=VM code)
J 2555  org.contikios.cooja.corecomm.Lib4.tick()V (0 bytes) @ 0xb4b63b10 [0xb4b63ad0+0x40]
