#
# A fatal error has been detected by the Java Runtime Environment:
#
#  SIGSEGV (0xb) at pc=0xb27d3911, pid=7950, tid=2997771072
#
# JRE version: OpenJDK Runtime Environment (7.0_111-b01) (build 1.7.0_111-b01)
# Java VM: OpenJDK Client VM (24.111-b01 mixed mode, sharing linux-x86 )
# Derivative: IcedTea 2.6.7
# Distribution: Ubuntu 14.04 LTS, package 7u111-2.6.7-0ubuntu0.14.04.3
# Problematic frame:
# C  [mtype854.cooja+0x19911]  tcpip_ipv6_output+0x229
#
# Failed to write core dump. Core dumps have been disabled. To enable core dumping, try "ulimit -c unlimited" before starting Java again
#
# If you would like to submit a bug report, please include
# instructions on how to reproduce the bug and visit:
#   http://icedtea.classpath.org/bugzilla
# The crash happened outside the Java Virtual Machine in native code.
# See problematic frame for where to report the bug.
#

---------------  T H R E A D  ---------------

Current thread (0x09757c00):  JavaThread "Thread-10" [_thread_in_native, id=8178, stack(0xb2a95000,0xb2ae6000)]

siginfo:si_signo=SIGSEGV: si_errno=0, si_code=1 (SEGV_MAPERR), si_addr=0x9b114100

Registers:
EAX=0x9b114100, EBX=0xb27e90f4, ECX=0x00ab80fe, EDX=0xb27ed564
ESP=0xb27eb17c, EBP=0xb27eb1b4, ESI=0x00000000, EDI=0x00000000
EIP=0xb27d3911, EFLAGS=0x00010246, CR2=0x9b114100

Top of Stack: (sp=0xb27eb17c)
0xb27eb17c:   b27ed564 00000001 00000000 00000000
0xb27eb18c:   00000000 00000000 b27ed564 00000000
0xb27eb19c:   00000000 b2000000 00000000 9b114100
0xb27eb1ac:   b27e90f8 b27e90f4 b27eb1d4 b27d3f58
0xb27eb1bc:   00000004 b27eb25a 0000001a b27cba4e
0xb27eb1cc:   b27e90f8 00000064 b27eb224 b27d3ffc
0xb27eb1dc:   b27f1040 b27eb25a 0000001a b27eb1f4
0xb27eb1ec:   b27c2e16 b27e92a4 b27eb25a b27f1040 

Instructions: (pc=0xb27d3911)
0xb27d38f1:   c0 74 15 66 c7 05 30 10 7f b2 00 00 c6 05 a9 d5
0xb27d3901:   7e b2 00 e9 38 01 00 00 8b 45 f4 8b 55 e0 8b 0a
0xb27d3911:   89 08 8b 4a 04 89 48 04 8b 4a 08 89 48 08 8b 52
0xb27d3921:   0c 89 50 0c 8b 45 f4 0f b6 40 02 3c ab 75 15 8b 

Register to memory mapping:

EAX=0x9b114100 is an unknown value
EBX=0xb27e90f4: ctimer_process+0xc in /home/user/Desktop/nfs/examples/ipv6/rpl-udp/obj_cooja/mtype854.cooja at 0xb27ba000
ECX=0x00ab80fe is an unknown value
EDX=0xb27ed564: <offset 0x33564> in /home/user/Desktop/nfs/examples/ipv6/rpl-udp/obj_cooja/mtype854.cooja at 0xb27ba000
ESP=0xb27eb17c: <offset 0x3117c> in /home/user/Desktop/nfs/examples/ipv6/rpl-udp/obj_cooja/mtype854.cooja at 0xb27ba000
EBP=0xb27eb1b4: <offset 0x311b4> in /home/user/Desktop/nfs/examples/ipv6/rpl-udp/obj_cooja/mtype854.cooja at 0xb27ba000
ESI=0x00000000 is an unknown value
EDI=0x00000000 is an unknown value


Stack: [0xb2a95000,0xb2ae6000],  sp=0xb27eb17c,  free space=4191576k
Native frames: (J=compiled Java code, j=interpreted, Vv=VM code, C=native code)
C  [mtype854.cooja+0x19911]  tcpip_ipv6_output+0x229
C  [mtype854.cooja+0x19f58]  uip_udp_packet_send+0x55
C  [mtype854.cooja+0x19ffc]  uip_udp_packet_sendto+0x99
C  [mtype854.cooja+0xf28a]  send_packet+0x99
C  [mtype854.cooja+0x117e1]  process_thread_ctimer_process+0xe7
C  [mtype854.cooja+0x11ffe]  call_process+0x57
C  [mtype854.cooja+0x12222]  do_event+0x141
C  [mtype854.cooja+0x1223f]  process_run+0x1b
C  [mtype854.cooja+0xfc09]  process_run_thread_loop+0x1f

Java frames: (J=compiled Java code, j=interpreted, Vv=VM code)
j  org.contikios.cooja.corecomm.Lib4.tick()V+0
j  org.contikios.cooja.contikimote.ContikiMoteType.tick()V+4
j  org.contikios.cooja.contikimote.ContikiMote.execute(J)V+63
j  org.contikios.cooja.motes.AbstractWakeupMote$1.execute(J)V+5
j  org.contikios.cooja.Simulation.run()V+184
j  java.lang.Thread.run()V+11
v  ~StubRoutines::call_stub

---------------  P R O C E S S  ---------------

Java Threads: ( => current thread )
=>0x09757c00 JavaThread "Thread-10" [_thread_in_native, id=8178, stack(0xb2a95000,0xb2ae6000)]
  0x094dd000 JavaThread "Thread-9" [_thread_blocked, id=8168, stack(0xb2946000,0xb2997000)]
  0x094de400 JavaThread "Thread-8" [_thread_blocked, id=8167, stack(0xb2843000,0xb2894000)]
  0x094d9000 JavaThread "Thread-7" [_thread_blocked, id=8120, stack(0xb2ae6000,0xb2b37000)]
  0x0964a400 JavaThread "Thread-6" [_thread_blocked, id=8119, stack(0xb2b9e000,0xb2bef000)]
  0x09647800 JavaThread "process reaper" daemon [_thread_blocked, id=8074, stack(0xb2b37000,0xb2b50000)]
  0xb38a9000 JavaThread "Thread-3" [_thread_blocked, id=8055, stack(0xb2997000,0xb29e8000)]
  0xb38a2c00 JavaThread "Thread-1" [_thread_blocked, id=8007, stack(0xb2a44000,0xb2a95000)]
  0x094aac00 JavaThread "TimerQueue" daemon [_thread_blocked, id=7967, stack(0xb32e6000,0xb3337000)]
  0xb6807800 JavaThread "DestroyJavaVM" [_thread_blocked, id=7955, stack(0xb69b5000,0xb6a06000)]
  0xb3854800 JavaThread "AWT-EventQueue-0" [_thread_in_Java, id=7966, stack(0xb3337000,0xb3388000)]
  0xb3854000 JavaThread "AWT-Shutdown" [_thread_blocked, id=7965, stack(0xb3388000,0xb33d9000)]
  0xb3849c00 JavaThread "AWT-XAWT" daemon [_thread_in_native, id=7964, stack(0xb347e000,0xb34cf000)]
  0xb383ac00 JavaThread "Java2D Disposer" daemon [_thread_blocked, id=7963, stack(0xb34da000,0xb352b000)]
  0xb684cc00 JavaThread "Service Thread" daemon [_thread_blocked, id=7961, stack(0xb3e3b000,0xb3e8c000)]
  0xb684ac00 JavaThread "C1 CompilerThread0" daemon [_thread_blocked, id=7960, stack(0xb3e8c000,0xb3f0d000)]
  0xb6849000 JavaThread "Signal Dispatcher" daemon [_thread_blocked, id=7959, stack(0xb3f0d000,0xb3f5e000)]
  0xb6833400 JavaThread "Finalizer" daemon [_thread_blocked, id=7958, stack(0xb415e000,0xb41af000)]
  0xb6831c00 JavaThread "Reference Handler" daemon [_thread_blocked, id=7957, stack(0xb41af000,0xb4200000)]

Other Threads:
  0xb6830400 VMThread [stack: 0xb432c000,0xb43ad000] [id=7956]
  0xb684f000 WatcherThread [stack: 0xb3dba000,0xb3e3b000] [id=7962]

VM state:not at safepoint (normal execution)

VM Mutex/Monitor currently owned by a thread: None

Heap
 def new generation   total 4928K, used 2558K [0x6e800000, 0x6ed50000, 0x792a0000)
  eden space 4416K,  51% used [0x6e800000, 0x6ea33678, 0x6ec50000)
  from space 512K,  59% used [0x6ec50000, 0x6ec9c260, 0x6ecd0000)
  to   space 512K,   0% used [0x6ecd0000, 0x6ecd0000, 0x6ed50000)
 tenured generation   total 10752K, used 5988K [0x792a0000, 0x79d20000, 0x8e800000)
   the space 10752K,  55% used [0x792a0000, 0x798792f8, 0x79879400, 0x79d20000)
 compacting perm gen  total 12288K, used 6655K [0x8e800000, 0x8f400000, 0x92800000)
   the space 12288K,  54% used [0x8e800000, 0x8ee7fde8, 0x8ee7fe00, 0x8f400000)
    ro space 10240K,  59% used [0x92800000, 0x92dfe3d8, 0x92dfe400, 0x93200000)
    rw space 12288K,  59% used [0x93200000, 0x9391c2b0, 0x9391c400, 0x93e00000)

Card table byte_map: [0xb4654000,0xb4780000] byte_map_base: 0xb42e0000

Polling page: 0xb77b8000

Code Cache  [0xb4800000, 0xb4af8000, 0xb6800000)
 total_blobs=1908 nmethods=1614 adapters=230 free_code_cache=29745Kb largest_free_block=30458944

Compilation events (10 events):
Event: 90.252 Thread 0xb684ac00 1613             java.nio.Buffer::remaining (10 bytes)
Event: 90.252 Thread 0xb684ac00 nmethod 1613 0xb4af02c8 code [0xb4af03c0, 0xb4af0440]
Event: 90.259 Thread 0xb684ac00 1614             org.contikios.cooja.motes.AbstractWakeupMote::scheduleNextWakeup (82 bytes)
Event: 90.259 Thread 0xb684ac00 nmethod 1614 0xb4af0488 code [0xb4af0590, 0xb4af06bc]
Event: 90.259 Thread 0xb684ac00 1615             sun.swing.MenuItemLayoutHelper$RectSize::getMaxWidth (5 bytes)
Event: 90.259 Thread 0xb684ac00 nmethod 1615 0xb4af07c8 code [0xb4af08c0, 0xb4af0940]
Event: 90.259 Thread 0xb684ac00 1616   !         javax.swing.JComponent::paint (409 bytes)
Event: 90.261 Thread 0xb684ac00 nmethod 1616 0xb4af0988 code [0xb4af0bb0, 0xb4af1278]
Event: 90.261 Thread 0xb684ac00 1617             javax.swing.JComponent::getComponentGraphics (63 bytes)
Event: 90.261 Thread 0xb684ac00 nmethod 1617 0xb4af1a88 code [0xb4af1c00, 0xb4af1f08]

GC Heap History (10 events):
Event: 89.273 GC heap before
{Heap before GC invocations=343 (full 2):
 def new generation   total 4928K, used 4928K [0x6e800000, 0x6ed50000, 0x792a0000)
  eden space 4416K, 100% used [0x6e800000, 0x6ec50000, 0x6ec50000)
  from space 512K, 100% used [0x6ecd0000, 0x6ed50000, 0x6ed50000)
  to   space 512K,   0% used [0x6ec50000, 0x6ec50000, 0x6ecd0000)
 tenured generation   total 10752K, used 5239K [0x792a0000, 0x79d20000, 0x8e800000)
   the space 10752K,  48% used [0x792a0000, 0x797bddd8, 0x797bde00, 0x79d20000)
 compacting perm gen  total 12288K, used 6606K [0x8e800000, 0x8f400000, 0x92800000)
   the space 12288K,  53% used [0x8e800000, 0x8ee73800, 0x8ee73800, 0x8f400000)
    ro space 10240K,  59% used [0x92800000, 0x92dfe3d8, 0x92dfe400, 0x93200000)
    rw space 12288K,  59% used [0x93200000, 0x9391c2b0, 0x9391c400, 0x93e00000)
Event: 89.274 GC heap after
Heap after GC invocations=344 (full 2):
 def new generation   total 4928K, used 197K [0x6e800000, 0x6ed50000, 0x792a0000)
  eden space 4416K,   0% used [0x6e800000, 0x6e800000, 0x6ec50000)
  from space 512K,  38% used [0x6ec50000, 0x6ec81678, 0x6ecd0000)
  to   space 512K,   0% used [0x6ecd0000, 0x6ecd0000, 0x6ed50000)
 tenured generation   total 10752K, used 5666K [0x792a0000, 0x79d20000, 0x8e800000)
   the space 10752K,  52% used [0x792a0000, 0x79828aa0, 0x79828c00, 0x79d20000)
 compacting perm gen  total 12288K, used 6606K [0x8e800000, 0x8f400000, 0x92800000)
   the space 12288K,  53% used [0x8e800000, 0x8ee73800, 0x8ee73800, 0x8f400000)
    ro space 10240K,  59% used [0x92800000, 0x92dfe3d8, 0x92dfe400, 0x93200000)
    rw space 12288K,  59% used [0x93200000, 0x9391c2b0, 0x9391c400, 0x93e00000)
}
Event: 89.352 GC heap before
{Heap before GC invocations=344 (full 2):
 def new generation   total 4928K, used 4613K [0x6e800000, 0x6ed50000, 0x792a0000)
  eden space 4416K, 100% used [0x6e800000, 0x6ec50000, 0x6ec50000)
  from space 512K,  38% used [0x6ec50000, 0x6ec81678, 0x6ecd0000)
  to   space 512K,   0% used [0x6ecd0000, 0x6ecd0000, 0x6ed50000)
 tenured generation   total 10752K, used 5666K [0x792a0000, 0x79d20000, 0x8e800000)
   the space 10752K,  52% used [0x792a0000, 0x79828aa0, 0x79828c00, 0x79d20000)
 compacting perm gen  total 12288K, used 6606K [0x8e800000, 0x8f400000, 0x92800000)
   the space 12288K,  53% used [0x8e800000, 0x8ee73860, 0x8ee73a00, 0x8f400000)
    ro space 10240K,  59% used [0x92800000, 0x92dfe3d8, 0x92dfe400, 0x93200000)
    rw space 12288K,  59% used [0x93200000, 0x9391c2b0, 0x9391c400, 0x93e00000)
Event: 89.353 GC heap after
Heap after GC invocations=345 (full 2):
 def new generation   total 4928K, used 375K [0x6e800000, 0x6ed50000, 0x792a0000)
  eden space 4416K,   0% used [0x6e800000, 0x6e800000, 0x6ec50000)
  from space 512K,  73% used [0x6ecd0000, 0x6ed2de48, 0x6ed50000)
  to   space 512K,   0% used [0x6ec50000, 0x6ec50000, 0x6ecd0000)
 tenured generation   total 10752K, used 5666K [0x792a0000, 0x79d20000, 0x8e800000)
   the space 10752K,  52% used [0x792a0000, 0x79828aa0, 0x79828c00, 0x79d20000)
 compacting perm gen  total 12288K, used 6606K [0x8e800000, 0x8f400000, 0x92800000)
   the space 12288K,  53% used [0x8e800000, 0x8ee73860, 0x8ee73a00, 0x8f400000)
    ro space 10240K,  59% used [0x92800000, 0x92dfe3d8, 0x92dfe400, 0x93200000)
    rw space 12288K,  59% used [0x93200000, 0x9391c2b0, 0x9391c400, 0x93e00000)
}
Event: 89.625 GC heap before
{Heap before GC invocations=345 (full 2):
 def new generation   total 4928K, used 4791K [0x6e800000, 0x6ed50000, 0x792a0000)
  eden space 4416K, 100% used [0x6e800000, 0x6ec50000, 0x6ec50000)
  from space 512K,  73% used [0x6ecd0000, 0x6ed2de48, 0x6ed50000)
  to   space 512K,   0% used [0x6ec50000, 0x6ec50000, 0x6ecd0000)
 tenured generation   total 10752K, used 5666K [0x792a0000, 0x79d20000, 0x8e800000)
   the space 10752K,  52% used [0x792a0000, 0x79828aa0, 0x79828c00, 0x79d20000)
 compacting perm gen  total 12288K, used 6606K [0x8e800000, 0x8f400000, 0x92800000)
   the space 12288K,  53% used [0x8e800000, 0x8ee73880, 0x8ee73a00, 0x8f400000)
    ro space 10240K,  59% used [0x92800000, 0x92dfe3d8, 0x92dfe400, 0x93200000)
    rw space 12288K,  59% used [0x93200000, 0x9391c2b0, 0x9391c400, 0x93e00000)
Event: 89.626 GC heap after
Heap after GC invocations=346 (full 2):
 def new generation   total 4928K, used 318K [0x6e800000, 0x6ed50000, 0x792a0000)
  eden space 4416K,   0% used [0x6e800000, 0x6e800000, 0x6ec50000)
  from space 512K,  62% used [0x6ec50000, 0x6ec9f990, 0x6ecd0000)
  to   space 512K,   0% used [0x6ecd0000, 0x6ecd0000, 0x6ed50000)
 tenured generation   total 10752K, used 5794K [0x792a0000, 0x79d20000, 0x8e800000)
   the space 10752K,  53% used [0x792a0000, 0x79848a50, 0x79848c00, 0x79d20000)
 compacting perm gen  total 12288K, used 6606K [0x8e800000, 0x8f400000, 0x92800000)
   the space 12288K,  53% used [0x8e800000, 0x8ee73880, 0x8ee73a00, 0x8f400000)
    ro space 10240K,  59% used [0x92800000, 0x92dfe3d8, 0x92dfe400, 0x93200000)
    rw space 12288K,  59% used [0x93200000, 0x9391c2b0, 0x9391c400, 0x93e00000)
}
Event: 90.101 GC heap before
{Heap before GC invocations=346 (full 2):
 def new generation   total 4928K, used 4726K [0x6e800000, 0x6ed50000, 0x792a0000)
  eden space 4416K,  99% used [0x6e800000, 0x6ec4dec8, 0x6ec50000)
  from space 512K,  62% used [0x6ec50000, 0x6ec9f990, 0x6ecd0000)
  to   space 512K,   0% used [0x6ecd0000, 0x6ecd0000, 0x6ed50000)
 tenured generation   total 10752K, used 5794K [0x792a0000, 0x79d20000, 0x8e800000)
   the space 10752K,  53% used [0x792a0000, 0x79848a50, 0x79848c00, 0x79d20000)
 compacting perm gen  total 12288K, used 6626K [0x8e800000, 0x8f400000, 0x92800000)
   the space 12288K,  53% used [0x8e800000, 0x8ee78ba8, 0x8ee78c00, 0x8f400000)
    ro space 10240K,  59% used [0x92800000, 0x92dfe3d8, 0x92dfe400, 0x93200000)
    rw space 12288K,  59% used [0x93200000, 0x9391c2b0, 0x9391c400, 0x93e00000)
Event: 90.102 GC heap after
Heap after GC invocations=347 (full 2):
 def new generation   total 4928K, used 240K [0x6e800000, 0x6ed50000, 0x792a0000)
  eden space 4416K,   0% used [0x6e800000, 0x6e800000, 0x6ec50000)
  from space 512K,  46% used [0x6ecd0000, 0x6ed0c120, 0x6ed50000)
  to   space 512K,   0% used [0x6ec50000, 0x6ec50000, 0x6ecd0000)
 tenured generation   total 10752K, used 5988K [0x792a0000, 0x79d20000, 0x8e800000)
   the space 10752K,  55% used [0x792a0000, 0x798792f8, 0x79879400, 0x79d20000)
 compacting perm gen  total 12288K, used 6626K [0x8e800000, 0x8f400000, 0x92800000)
   the space 12288K,  53% used [0x8e800000, 0x8ee78ba8, 0x8ee78c00, 0x8f400000)
    ro space 10240K,  59% used [0x92800000, 0x92dfe3d8, 0x92dfe400, 0x93200000)
    rw space 12288K,  59% used [0x93200000, 0x9391c2b0, 0x9391c400, 0x93e00000)
}
Event: 90.227 GC heap before
{Heap before GC invocations=347 (full 2):
 def new generation   total 4928K, used 4846K [0x6e800000, 0x6ed50000, 0x792a0000)
  eden space 4416K, 100% used [0x6e800000, 0x6ec50000, 0x6ec50000)
  from space 512K,  84% used [0x6ecd0000, 0x6ed3b888, 0x6ed50000)
  to   space 512K,   0% used [0x6ec50000, 0x6ec50000, 0x6ecd0000)
 tenured generation   total 10752K, used 5988K [0x792a0000, 0x79d20000, 0x8e800000)
   the space 10752K,  55% used [0x792a0000, 0x798792f8, 0x79879400, 0x79d20000)
 compacting perm gen  total 12288K, used 6632K [0x8e800000, 0x8f400000, 0x92800000)
   the space 12288K,  53% used [0x8e800000, 0x8ee7a2b8, 0x8ee7a400, 0x8f400000)
    ro space 10240K,  59% used [0x92800000, 0x92dfe3d8, 0x92dfe400, 0x93200000)
    rw space 12288K,  59% used [0x93200000, 0x9391c2b0, 0x9391c400, 0x93e00000)
Event: 90.228 GC heap after
Heap after GC invocations=348 (full 2):
 def new generation   total 4928K, used 304K [0x6e800000, 0x6ed50000, 0x792a0000)
  eden space 4416K,   0% used [0x6e800000, 0x6e800000, 0x6ec50000)
  from space 512K,  59% used [0x6ec50000, 0x6ec9c260, 0x6ecd0000)
  to   space 512K,   0% used [0x6ecd0000, 0x6ecd0000, 0x6ed50000)
 tenured generation   total 10752K, used 5988K [0x792a0000, 0x79d20000, 0x8e800000)
   the space 10752K,  55% used [0x792a0000, 0x798792f8, 0x79879400, 0x79d20000)
 compacting perm gen  total 12288K, used 6632K [0x8e800000, 0x8f400000, 0x92800000)
   the space 12288K,  53% used [0x8e800000, 0x8ee7a2b8, 0x8ee7a400, 0x8f400000)
    ro space 10240K,  59% used [0x92800000, 0x92dfe3d8, 0x92dfe400, 0x93200000)
    rw space 12288K,  59% used [0x93200000, 0x9391c2b0, 0x9391c400, 0x93e00000)
}

Deoptimization events (0 events):
No events

Internal exceptions (10 events):
Event: 88.588 Thread 0x09694000 Threw 0x6e93cf00 at /build/openjdk-7-Ylwexc/openjdk-7-7u111-2.6.7/build/openjdk/hotspot/src/share/vm/prims/jvm.cpp:1322
Event: 90.031 Thread 0x09757c00 Threw 0x6e867a90 at /build/openjdk-7-Ylwexc/openjdk-7-7u111-2.6.7/build/openjdk/hotspot/src/share/vm/prims/jvm.cpp:1322
Event: 90.036 Thread 0x09757c00 Threw 0x6e86a460 at /build/openjdk-7-Ylwexc/openjdk-7-7u111-2.6.7/build/openjdk/hotspot/src/share/vm/prims/jvm.cpp:1322
Event: 90.037 Thread 0x09757c00 Threw 0x6e87e2b8 at /build/openjdk-7-Ylwexc/openjdk-7-7u111-2.6.7/build/openjdk/hotspot/src/share/vm/prims/jvm.cpp:1322
Event: 90.038 Thread 0x09757c00 Threw 0x6e882630 at /build/openjdk-7-Ylwexc/openjdk-7-7u111-2.6.7/build/openjdk/hotspot/src/share/vm/prims/jvm.cpp:1322
Event: 90.038 Thread 0x09757c00 Threw 0x6e8853c8 at /build/openjdk-7-Ylwexc/openjdk-7-7u111-2.6.7/build/openjdk/hotspot/src/share/vm/prims/jvm.cpp:1322
Event: 90.040 Thread 0x09757c00 Threw 0x6e88d938 at /build/openjdk-7-Ylwexc/openjdk-7-7u111-2.6.7/build/openjdk/hotspot/src/share/vm/prims/jvm.cpp:1322
Event: 90.045 Thread 0x09757c00 Threw 0x6e8ad0e0 at /build/openjdk-7-Ylwexc/openjdk-7-7u111-2.6.7/build/openjdk/hotspot/src/share/vm/prims/jvm.cpp:1322
Event: 90.046 Thread 0x09757c00 Threw 0x6e8c4770 at /build/openjdk-7-Ylwexc/openjdk-7-7u111-2.6.7/build/openjdk/hotspot/src/share/vm/prims/jvm.cpp:1322
Event: 90.047 Thread 0x09757c00 Threw 0x6e8d0c00 at /build/openjdk-7-Ylwexc/openjdk-7-7u111-2.6.7/build/openjdk/hotspot/src/share/vm/prims/jvm.cpp:1322

Events (10 events):
Event: 90.223 Executing VM operation: GenCollectFull
Event: 90.229 Executing VM operation: GenCollectFull done
Event: 90.246 loading class 0x0966a7e8
Event: 90.246 loading class 0x0966a7e8 done
Event: 90.246 loading class 0x094cd3f8
Event: 90.246 loading class 0x094cd3f8 done
Event: 90.246 loading class 0x0966ab00
Event: 90.246 loading class 0x0966ab00 done
Event: 90.246 loading class 0x094cd428
Event: 90.246 loading class 0x094cd428 done


Dynamic libraries:
08048000-08049000 r-xp 00000000 08:01 277188     /usr/lib/jvm/java-7-openjdk-i386/jre/bin/java
08049000-0804a000 r--p 00000000 08:01 277188     /usr/lib/jvm/java-7-openjdk-i386/jre/bin/java
0804a000-0804b000 rw-p 00001000 08:01 277188     /usr/lib/jvm/java-7-openjdk-i386/jre/bin/java
093ad000-097a6000 rw-p 00000000 00:00 0          [heap]
6e800000-6ed50000 rw-p 00000000 00:00 0 
6ed50000-792a0000 rw-p 00000000 00:00 0 
792a0000-79d20000 rw-p 00000000 00:00 0 
79d20000-8e800000 rw-p 00000000 00:00 0 
8e800000-8f400000 rw-p 00000000 00:00 0 
8f400000-92800000 rw-p 00000000 00:00 0 
92800000-92dff000 r--p 00001000 08:01 199405     /usr/lib/jvm/java-7-openjdk-i386/jre/lib/i386/client/classes.jsa
92dff000-93200000 rw-p 00000000 00:00 0 
93200000-9391d000 rw-p 00600000 08:01 199405     /usr/lib/jvm/java-7-openjdk-i386/jre/lib/i386/client/classes.jsa
9391d000-93e00000 rw-p 00000000 00:00 0 
93e00000-94114000 rw-p 00d1d000 08:01 199405     /usr/lib/jvm/java-7-openjdk-i386/jre/lib/i386/client/classes.jsa
94114000-94200000 rw-p 00000000 00:00 0 
94200000-94209000 r-xp 01031000 08:01 199405     /usr/lib/jvm/java-7-openjdk-i386/jre/lib/i386/client/classes.jsa
94209000-94600000 rw-p 00000000 00:00 0 
b26ba000-b27ba000 rw-p 00000000 00:00 0 
b27ba000-b27e8000 r-xp 00000000 00:1e 6164609    /home/user/Desktop/nfs/examples/ipv6/rpl-udp/obj_cooja/mtype854.cooja
b27e8000-b27e9000 r--p 0002d000 00:1e 6164609    /home/user/Desktop/nfs/examples/ipv6/rpl-udp/obj_cooja/mtype854.cooja
b27e9000-b27ea000 rw-p 0002e000 00:1e 6164609    /home/user/Desktop/nfs/examples/ipv6/rpl-udp/obj_cooja/mtype854.cooja
b27ea000-b27f2000 rw-p 00000000 00:00 0          [stack:8178]
b27f2000-b27f5000 ---p 00000000 00:00 0 
b27f5000-b2843000 rw-p 00000000 00:00 0 
b2843000-b2846000 ---p 00000000 00:00 0 
b2846000-b2894000 rw-p 00000000 00:00 0          [stack:8167]
b2894000-b28c1000 r-xp 00000000 00:1e 6164605    /home/user/Desktop/nfs/examples/ipv6/rpl-udp/obj_cooja/mtype475.cooja
b28c1000-b28c2000 r--p 0002c000 00:1e 6164605    /home/user/Desktop/nfs/examples/ipv6/rpl-udp/obj_cooja/mtype475.cooja
b28c2000-b28c3000 rw-p 0002d000 00:1e 6164605    /home/user/Desktop/nfs/examples/ipv6/rpl-udp/obj_cooja/mtype475.cooja
b28c3000-b28cb000 rw-p 00000000 00:00 0 
b290e000-b293c000 r-xp 00000000 00:1e 6164601    /home/user/Desktop/nfs/examples/ipv6/rpl-udp/obj_cooja/mtype344.cooja
b293c000-b293d000 r--p 0002d000 00:1e 6164601    /home/user/Desktop/nfs/examples/ipv6/rpl-udp/obj_cooja/mtype344.cooja
b293d000-b293e000 rw-p 0002e000 00:1e 6164601    /home/user/Desktop/nfs/examples/ipv6/rpl-udp/obj_cooja/mtype344.cooja
b293e000-b2946000 rw-p 00000000 00:00 0 
b2946000-b2949000 ---p 00000000 00:00 0 
b2949000-b2997000 rw-p 00000000 00:00 0          [stack:8168]
b2997000-b299a000 ---p 00000000 00:00 0 
b299a000-b29e8000 rw-p 00000000 00:00 0          [stack:8055]
b29e8000-b2a15000 r-xp 00000000 00:1e 6164597    /home/user/Desktop/nfs/examples/ipv6/rpl-udp/obj_cooja/mtype308.cooja
b2a15000-b2a16000 r--p 0002c000 00:1e 6164597    /home/user/Desktop/nfs/examples/ipv6/rpl-udp/obj_cooja/mtype308.cooja
b2a16000-b2a17000 rw-p 0002d000 00:1e 6164597    /home/user/Desktop/nfs/examples/ipv6/rpl-udp/obj_cooja/mtype308.cooja
b2a17000-b2a1f000 rw-p 00000000 00:00 0 
b2a44000-b2a47000 ---p 00000000 00:00 0 
b2a47000-b2a95000 rw-p 00000000 00:00 0          [stack:8007]
b2a95000-b2a98000 ---p 00000000 00:00 0 
b2a98000-b2ae6000 rw-p 00000000 00:00 0 
b2ae6000-b2ae9000 ---p 00000000 00:00 0 
b2ae9000-b2b37000 rw-p 00000000 00:00 0          [stack:8120]
b2b37000-b2b3a000 ---p 00000000 00:00 0 
b2b3a000-b2b50000 rw-p 00000000 00:00 0          [stack:8074]
b2b9e000-b2ba1000 ---p 00000000 00:00 0 
b2ba1000-b2bef000 rw-p 00000000 00:00 0          [stack:8119]
b2bf3000-b2bf9000 rw-s 00000000 00:04 84672531   /SYSV00000000 (deleted)
b2bf9000-b328e000 rw-s 00000000 00:04 83886089   /SYSV00000000 (deleted)
b328e000-b3290000 r--s 00003000 00:1e 6161210    /home/user/Desktop/nfs/tools/cooja/apps/powertracker/lib/powertracker.jar
b3290000-b3291000 r--s 00002000 00:1e 3705454    /home/user/Desktop/nfs/tools/cooja/apps/collect-view/cooja-collect-view.jar
b3291000-b3293000 r--s 00008000 00:1e 10104686   /home/user/Desktop/nfs/tools/cooja/apps/serial_socket/lib/serial_socket.jar
b3293000-b32cd000 r--s 001e1000 00:1e 9048202    /home/user/Desktop/nfs/tools/cooja/apps/avrora/lib/avrora-small.jar
b32cd000-b32ce000 r--s 00008000 00:1e 9048113    /home/user/Desktop/nfs/tools/cooja/apps/avrora/lib/cooja_avrora.jar
b32ce000-b32d0000 r--s 00010000 00:1e 6161792    /home/user/Desktop/nfs/tools/cooja/apps/mspsim/lib/jipv6.jar
b32d0000-b32d1000 r--s 00004000 00:1e 6162693    /home/user/Desktop/nfs/tools/cooja/apps/mspsim/lib/coffee.jar
b32d1000-b32dd000 r--s 000ea000 00:1e 6161280    /home/user/Desktop/nfs/tools/cooja/apps/mspsim/lib/mspsim.jar
b32dd000-b32e3000 r--s 00062000 00:1e 6163184    /home/user/Desktop/nfs/tools/cooja/apps/mspsim/lib/cooja_mspsim.jar
b32e3000-b32e6000 r--s 0001e000 00:1e 6161370    /home/user/Desktop/nfs/tools/cooja/apps/mrm/lib/mrm.jar
b32e6000-b32e9000 ---p 00000000 00:00 0 
b32e9000-b3337000 rw-p 00000000 00:00 0          [stack:7967]
b3337000-b333a000 ---p 00000000 00:00 0 
b333a000-b3388000 rw-p 00000000 00:00 0          [stack:7966]
b3388000-b338b000 ---p 00000000 00:00 0 
b338b000-b33d9000 rw-p 00000000 00:00 0          [stack:7965]
b33d9000-b33da000 r--s 00000000 08:01 403951     /var/cache/fontconfig/c05880de57d1f5e948fdfacc138775d9-le32d4.cache-4
b33da000-b33e2000 r--s 00000000 08:01 395165     /var/cache/fontconfig/945677eb7aeaf62f1d50efc3fb3ec7d8-le32d4.cache-4
b33e2000-b33e4000 r--s 00000000 08:01 403828     /var/cache/fontconfig/99e8ed0e538f840c565b6ed5dad60d56-le32d4.cache-4
b33e4000-b33e8000 r--s 00000000 08:01 403701     /var/cache/fontconfig/2cd17615ca594fa2959ae173292e504c-le32d4.cache-4
b33e8000-b33e9000 r--s 00000000 08:01 403278     /var/cache/fontconfig/e7071f4a29fa870f4323321c154eba04-le32d4.cache-4
b33e9000-b33ea000 r--s 00000000 08:01 402342     /var/cache/fontconfig/0d8c3b2ac0904cb8a57a757ad11a4a08-le32d4.cache-4
b33ea000-b33ef000 r--s 00000000 08:01 402341     /var/cache/fontconfig/a755afe4a08bf5b97852ceb7400b47bc-le32d4.cache-4
b33ef000-b33f8000 r--s 00000000 08:01 401848     /var/cache/fontconfig/6d41288fd70b0be22e8c3a91e032eec0-le32d4.cache-4
b33f8000-b3407000 r--s 00000000 08:01 401847     /var/cache/fontconfig/04aabc0a78ac019cf9454389977116d2-le32d4.cache-4
b3407000-b3408000 r--s 00000000 08:01 401846     /var/cache/fontconfig/1ac9eb803944fde146138c791f5cc56a-le32d4.cache-4
b3408000-b340b000 r--s 00000000 08:01 401845     /var/cache/fontconfig/385c0604a188198f04d133e54aba7fe7-le32d4.cache-4
b340b000-b340c000 r--s 00000000 08:01 401843     /var/cache/fontconfig/dc05db6664285cc2f12bf69c139ae4c3-le32d4.cache-4
b340c000-b340e000 r--s 00000000 08:01 393795     /var/cache/fontconfig/767a8244fc0220cfb567a839d0392e0b-le32d4.cache-4
b340e000-b3412000 r--s 00000000 08:01 401841     /var/cache/fontconfig/8801497958630a81b71ace7c5f9b32a8-le32d4.cache-4
b3412000-b3417000 r--s 00000000 08:01 401840     /var/cache/fontconfig/3047814df9a2f067bd2d96a2b9c36e5a-le32d4.cache-4
b3417000-b341b000 r--s 00000000 08:01 401837     /var/cache/fontconfig/b47c4e1ecd0709278f4910c18777a504-le32d4.cache-4
b341b000-b342b000 r--s 00000000 08:01 401836     /var/cache/fontconfig/d52a8644073d54c13679302ca1180695-le32d4.cache-4
b342b000-b347b000 r-xp 00000000 08:01 177825     /usr/lib/jvm/java-7-openjdk-i386/jre/lib/i386/libfontmanager.so
b347b000-b347d000 r--p 0004f000 08:01 177825     /usr/lib/jvm/java-7-openjdk-i386/jre/lib/i386/libfontmanager.so
b347d000-b347e000 rw-p 00051000 08:01 177825     /usr/lib/jvm/java-7-openjdk-i386/jre/lib/i386/libfontmanager.so
b347e000-b3481000 ---p 00000000 00:00 0 
b3481000-b34cf000 rw-p 00000000 00:00 0          [stack:7964]
b34cf000-b34d8000 r-xp 00000000 08:01 9790       /usr/lib/i386-linux-gnu/libXcursor.so.1.0.2
b34d8000-b34d9000 r--p 00008000 08:01 9790       /usr/lib/i386-linux-gnu/libXcursor.so.1.0.2
b34d9000-b34da000 rw-p 00009000 08:01 9790       /usr/lib/i386-linux-gnu/libXcursor.so.1.0.2
b34da000-b34dd000 ---p 00000000 00:00 0 
b34dd000-b352b000 rw-p 00000000 00:00 0          [stack:7963]
b352b000-b3551000 r-xp 00000000 08:01 142122     /lib/i386-linux-gnu/libpng12.so.0.50.0
b3551000-b3552000 r--p 00025000 08:01 142122     /lib/i386-linux-gnu/libpng12.so.0.50.0
b3552000-b3553000 rw-p 00026000 08:01 142122     /lib/i386-linux-gnu/libpng12.so.0.50.0
b3553000-b3558000 r-xp 00000000 08:01 5406       /usr/lib/i386-linux-gnu/libXdmcp.so.6.0.0
b3558000-b3559000 r--p 00004000 08:01 5406       /usr/lib/i386-linux-gnu/libXdmcp.so.6.0.0
b3559000-b355a000 rw-p 00005000 08:01 5406       /usr/lib/i386-linux-gnu/libXdmcp.so.6.0.0
b355a000-b357f000 r-xp 00000000 08:01 131117     /lib/i386-linux-gnu/libexpat.so.1.6.0
b357f000-b3580000 ---p 00025000 08:01 131117     /lib/i386-linux-gnu/libexpat.so.1.6.0
b3580000-b3582000 r--p 00025000 08:01 131117     /lib/i386-linux-gnu/libexpat.so.1.6.0
b3582000-b3583000 rw-p 00027000 08:01 131117     /lib/i386-linux-gnu/libexpat.so.1.6.0
b3583000-b361e000 r-xp 00000000 08:01 9145       /usr/lib/i386-linux-gnu/libfreetype.so.6.11.1
b361e000-b3622000 r--p 0009a000 08:01 9145       /usr/lib/i386-linux-gnu/libfreetype.so.6.11.1
b3622000-b3623000 rw-p 0009e000 08:01 9145       /usr/lib/i386-linux-gnu/libfreetype.so.6.11.1
b3623000-b3643000 r-xp 00000000 08:01 66655      /usr/lib/i386-linux-gnu/libxcb.so.1.1.0
b3643000-b3644000 r--p 0001f000 08:01 66655      /usr/lib/i386-linux-gnu/libxcb.so.1.1.0
b3644000-b3645000 rw-p 00020000 08:01 66655      /usr/lib/i386-linux-gnu/libxcb.so.1.1.0
b3645000-b367e000 r-xp 00000000 08:01 9181       /usr/lib/i386-linux-gnu/libfontconfig.so.1.8.0
b367e000-b367f000 r--p 00039000 08:01 9181       /usr/lib/i386-linux-gnu/libfontconfig.so.1.8.0
b367f000-b3680000 rw-p 0003a000 08:01 9181       /usr/lib/i386-linux-gnu/libfontconfig.so.1.8.0
b3680000-b37b0000 r-xp 00000000 08:01 10842      /usr/lib/i386-linux-gnu/libX11.so.6.3.0
b37b0000-b37b1000 r--p 00130000 08:01 10842      /usr/lib/i386-linux-gnu/libX11.so.6.3.0
b37b1000-b37b3000 rw-p 00131000 08:01 10842      /usr/lib/i386-linux-gnu/libX11.so.6.3.0
b37b3000-b37b4000 rw-p 00000000 00:00 0 
b37b4000-b37fc000 r-xp 00000000 08:01 136659     /usr/lib/jvm/java-7-openjdk-i386/jre/lib/i386/xawt/libmawt.so
b37fc000-b37fd000 r--p 00048000 08:01 136659     /usr/lib/jvm/java-7-openjdk-i386/jre/lib/i386/xawt/libmawt.so
b37fd000-b37ff000 rw-p 00049000 08:01 136659     /usr/lib/jvm/java-7-openjdk-i386/jre/lib/i386/xawt/libmawt.so
b37ff000-b3800000 rw-p 00000000 00:00 0 
b3800000-b38c8000 rw-p 00000000 00:00 0 
b38c8000-b3900000 ---p 00000000 00:00 0 
b3900000-b3904000 r-xp 00000000 08:01 7640       /usr/lib/i386-linux-gnu/libXfixes.so.3.1.0
b3904000-b3905000 r--p 00003000 08:01 7640       /usr/lib/i386-linux-gnu/libXfixes.so.3.1.0
b3905000-b3906000 rw-p 00004000 08:01 7640       /usr/lib/i386-linux-gnu/libXfixes.so.3.1.0
b3906000-b3908000 r-xp 00000000 08:01 5352       /usr/lib/i386-linux-gnu/libXau.so.6.0.0
b3908000-b3909000 r--p 00001000 08:01 5352       /usr/lib/i386-linux-gnu/libXau.so.6.0.0
b3909000-b390a000 rw-p 00002000 08:01 5352       /usr/lib/i386-linux-gnu/libXau.so.6.0.0
b390a000-b3918000 r-xp 00000000 08:01 7577       /usr/lib/i386-linux-gnu/libXi.so.6.1.0
b3918000-b3919000 r--p 0000e000 08:01 7577       /usr/lib/i386-linux-gnu/libXi.so.6.1.0
b3919000-b391a000 rw-p 0000f000 08:01 7577       /usr/lib/i386-linux-gnu/libXi.so.6.1.0
b391a000-b391f000 r-xp 00000000 08:01 10292      /usr/lib/i386-linux-gnu/libXtst.so.6.1.0
b391f000-b3920000 r--p 00004000 08:01 10292      /usr/lib/i386-linux-gnu/libXtst.so.6.1.0
b3920000-b3921000 rw-p 00005000 08:01 10292      /usr/lib/i386-linux-gnu/libXtst.so.6.1.0
b3921000-b392a000 r-xp 00000000 08:01 6199       /usr/lib/i386-linux-gnu/libXrender.so.1.3.0
b392a000-b392b000 r--p 00008000 08:01 6199       /usr/lib/i386-linux-gnu/libXrender.so.1.3.0
b392b000-b392c000 rw-p 00009000 08:01 6199       /usr/lib/i386-linux-gnu/libXrender.so.1.3.0
b392c000-b393d000 r-xp 00000000 08:01 6183       /usr/lib/i386-linux-gnu/libXext.so.6.4.0
b393d000-b393e000 r--p 00010000 08:01 6183       /usr/lib/i386-linux-gnu/libXext.so.6.4.0
b393e000-b393f000 rw-p 00011000 08:01 6183       /usr/lib/i386-linux-gnu/libXext.so.6.4.0
b393f000-b39ce000 r-xp 00000000 08:01 177836     /usr/lib/jvm/java-7-openjdk-i386/jre/lib/i386/libawt.so
b39ce000-b39cf000 r--p 0008f000 08:01 177836     /usr/lib/jvm/java-7-openjdk-i386/jre/lib/i386/libawt.so
b39cf000-b39d6000 rw-p 00090000 08:01 177836     /usr/lib/jvm/java-7-openjdk-i386/jre/lib/i386/libawt.so
b39d6000-b39fa000 rw-p 00000000 00:00 0 
b39fa000-b3a36000 r-xp 00000000 08:01 132344     /lib/i386-linux-gnu/libpcre.so.3.13.1
b3a36000-b3a37000 r--p 0003b000 08:01 132344     /lib/i386-linux-gnu/libpcre.so.3.13.1
b3a37000-b3a38000 rw-p 0003c000 08:01 132344     /lib/i386-linux-gnu/libpcre.so.3.13.1
b3a38000-b3a3d000 r-xp 00000000 08:01 9076       /usr/lib/i386-linux-gnu/libffi.so.6.0.1
b3a3d000-b3a3e000 r--p 00005000 08:01 9076       /usr/lib/i386-linux-gnu/libffi.so.6.0.1
b3a3e000-b3a3f000 rw-p 00006000 08:01 9076       /usr/lib/i386-linux-gnu/libffi.so.6.0.1
b3a3f000-b3a52000 r-xp 00000000 08:01 158559     /lib/i386-linux-gnu/libresolv-2.19.so
b3a52000-b3a53000 ---p 00013000 08:01 158559     /lib/i386-linux-gnu/libresolv-2.19.so
b3a53000-b3a54000 r--p 00013000 08:01 158559     /lib/i386-linux-gnu/libresolv-2.19.so
b3a54000-b3a55000 rw-p 00014000 08:01 158559     /lib/i386-linux-gnu/libresolv-2.19.so
b3a55000-b3a57000 rw-p 00000000 00:00 0 
b3a57000-b3a77000 r-xp 00000000 08:01 131406     /lib/i386-linux-gnu/libselinux.so.1
b3a77000-b3a78000 r--p 0001f000 08:01 131406     /lib/i386-linux-gnu/libselinux.so.1
b3a78000-b3a79000 rw-p 00020000 08:01 131406     /lib/i386-linux-gnu/libselinux.so.1
b3a79000-b3a7a000 rw-p 00000000 00:00 0 
b3a7a000-b3b84000 r-xp 00000000 08:01 136564     /lib/i386-linux-gnu/libglib-2.0.so.0.4002.0
b3b84000-b3b85000 r--p 00109000 08:01 136564     /lib/i386-linux-gnu/libglib-2.0.so.0.4002.0
b3b85000-b3b86000 rw-p 0010a000 08:01 136564     /lib/i386-linux-gnu/libglib-2.0.so.0.4002.0
b3b86000-b3bd6000 r-xp 00000000 08:01 1672       /usr/lib/i386-linux-gnu/libgobject-2.0.so.0.4002.0
b3bd6000-b3bd7000 r--p 0004f000 08:01 1672       /usr/lib/i386-linux-gnu/libgobject-2.0.so.0.4002.0
b3bd7000-b3bd8000 rw-p 00050000 08:01 1672       /usr/lib/i386-linux-gnu/libgobject-2.0.so.0.4002.0
b3bd8000-b3d55000 r-xp 00000000 08:01 1674       /usr/lib/i386-linux-gnu/libgio-2.0.so.0.4002.0
b3d55000-b3d57000 r--p 0017d000 08:01 1674       /usr/lib/i386-linux-gnu/libgio-2.0.so.0.4002.0
b3d57000-b3d58000 rw-p 0017f000 08:01 1674       /usr/lib/i386-linux-gnu/libgio-2.0.so.0.4002.0
b3d58000-b3d59000 rw-p 00000000 00:00 0 
b3d59000-b3d5a000 r--s 00000000 08:01 401842     /var/cache/fontconfig/4794a0821666d79190d59a36cb4f44b5-le32d4.cache-4
b3d5a000-b3d5b000 r--s 00000000 08:01 401839     /var/cache/fontconfig/56cf4f4769d0f4abc89a4895d7bd3ae1-le32d4.cache-4
b3d5b000-b3d62000 r--s 00000000 08:01 401835     /var/cache/fontconfig/3f7329c5293ffd510edef78f73874cfd-le32d4.cache-4
b3d62000-b3d6b000 r--s 00000000 08:01 401834     /var/cache/fontconfig/d589a48862398ed80a3d6066f4f56f4c-le32d4.cache-4
b3d6b000-b3d6d000 r--s 00000000 08:01 394475     /var/cache/fontconfig/e13b20fdb08344e0e664864cc2ede53d-le32d4.cache-4
b3d6d000-b3d70000 r--s 00000000 08:01 394702     /var/cache/fontconfig/7ef2298fde41cc6eeb7af42e48b7d293-le32d4.cache-4
b3d70000-b3d88000 r-xp 00000000 08:01 153628     /usr/lib/jvm/java-7-openjdk-i386/jre/lib/i386/libnet.so
b3d88000-b3d89000 r--p 00017000 08:01 153628     /usr/lib/jvm/java-7-openjdk-i386/jre/lib/i386/libnet.so
b3d89000-b3d8a000 rw-p 00018000 08:01 153628     /usr/lib/jvm/java-7-openjdk-i386/jre/lib/i386/libnet.so
b3d8a000-b3d9b000 r-xp 00000000 08:01 177810     /usr/lib/jvm/java-7-openjdk-i386/jre/lib/i386/libnio.so
b3d9b000-b3d9c000 r--p 00010000 08:01 177810     /usr/lib/jvm/java-7-openjdk-i386/jre/lib/i386/libnio.so
b3d9c000-b3d9d000 rw-p 00011000 08:01 177810     /usr/lib/jvm/java-7-openjdk-i386/jre/lib/i386/libnio.so
b3d9d000-b3dba000 r--s 0014f000 00:1e 3709046    /home/user/Desktop/nfs/tools/cooja/lib/swingx-all-1.6.4.jar
b3dba000-b3dbb000 ---p 00000000 00:00 0 
b3dbb000-b3e3b000 rw-p 00000000 00:00 0          [stack:7962]
b3e3b000-b3e3e000 ---p 00000000 00:00 0 
b3e3e000-b3e8c000 rw-p 00000000 00:00 0          [stack:7961]
b3e8c000-b3e8f000 ---p 00000000 00:00 0 
b3e8f000-b3f0d000 rw-p 00000000 00:00 0          [stack:7960]
b3f0d000-b3f10000 ---p 00000000 00:00 0 
b3f10000-b3f5e000 rw-p 00000000 00:00 0          [stack:7959]
b3f5e000-b415e000 r--p 00000000 08:01 369        /usr/lib/locale/locale-archive
b415e000-b4161000 ---p 00000000 00:00 0 
b4161000-b41af000 rw-p 00000000 00:00 0          [stack:7958]
b41af000-b41b2000 ---p 00000000 00:00 0 
b41b2000-b4200000 rw-p 00000000 00:00 0          [stack:7957]
b4200000-b4255000 rw-p 00000000 00:00 0 
b4255000-b4300000 ---p 00000000 00:00 0 
b4300000-b4302000 r-xp 00000000 08:01 3489       /usr/lib/i386-linux-gnu/libXcomposite.so.1.0.0
b4302000-b4303000 r--p 00001000 08:01 3489       /usr/lib/i386-linux-gnu/libXcomposite.so.1.0.0
b4303000-b4304000 rw-p 00002000 08:01 3489       /usr/lib/i386-linux-gnu/libXcomposite.so.1.0.0
b4304000-b4307000 r-xp 00000000 08:01 1675       /usr/lib/i386-linux-gnu/libgmodule-2.0.so.0.4002.0
b4307000-b4308000 r--p 00002000 08:01 1675       /usr/lib/i386-linux-gnu/libgmodule-2.0.so.0.4002.0
b4308000-b4309000 rw-p 00003000 08:01 1675       /usr/lib/i386-linux-gnu/libgmodule-2.0.so.0.4002.0
b4309000-b4313000 r--s 000ae000 08:01 136823     /usr/lib/jvm/java-7-openjdk-i386/jre/lib/resources.jar
b4313000-b431a000 r--s 0005b000 00:1e 3706283    /home/user/Desktop/nfs/tools/cooja/lib/jsyntaxpane.jar
b431a000-b4321000 r--s 0004f000 00:1e 3702728    /home/user/Desktop/nfs/tools/cooja/lib/log4j.jar
b4321000-b4324000 r--s 00022000 00:1e 3705387    /home/user/Desktop/nfs/tools/cooja/lib/jdom.jar
b4324000-b4328000 r--s 00085000 08:01 177967     /usr/lib/jvm/java-7-openjdk-i386/jre/lib/ext/localedata.jar
b4328000-b432c000 r--s 00034000 08:01 177971     /usr/lib/jvm/java-7-openjdk-i386/jre/lib/ext/sunjce_provider.jar
b432c000-b432d000 ---p 00000000 00:00 0 
b432d000-b43f6000 rw-p 00000000 00:00 0          [stack:7956]
b43f6000-b45a9000 r--s 01d3d000 08:01 136821     /usr/lib/jvm/java-7-openjdk-i386/jre/lib/rt.jar
b45a9000-b45af000 rw-p 00000000 00:00 0 
b45af000-b4654000 rw-p 00000000 00:00 0 
b4654000-b4657000 rw-p 00000000 00:00 0 
b4657000-b46a9000 rw-p 00000000 00:00 0 
b46a9000-b46af000 rw-p 00000000 00:00 0 
b46af000-b4754000 rw-p 00000000 00:00 0 
b4754000-b475a000 rw-p 00000000 00:00 0 
b475a000-b4774000 rw-p 00000000 00:00 0 
b4774000-b478c000 rw-p 00000000 00:00 0 
b478c000-b4800000 rw-p 00000000 00:00 0 
b4800000-b4af8000 rwxp 00000000 00:00 0 
b4af8000-b68f6000 rw-p 00000000 00:00 0 
b68f6000-b6900000 ---p 00000000 00:00 0 
b6900000-b6901000 r--s 00000000 08:01 401838     /var/cache/fontconfig/b9d506c9ac06c20b433354fa67a72993-le32d4.cache-4
b6901000-b6904000 r--s 0000f000 08:01 177961     /usr/lib/jvm/java-7-openjdk-i386/jre/lib/ext/icedtea-sound.jar
b6904000-b6918000 rw-p 00000000 00:00 0 
b6918000-b6932000 rw-p 00000000 00:00 0 
b6932000-b693c000 r-xp 00000000 08:01 159039     /lib/i386-linux-gnu/libnss_files-2.19.so
b693c000-b693d000 r--p 00009000 08:01 159039     /lib/i386-linux-gnu/libnss_files-2.19.so
b693d000-b693e000 rw-p 0000a000 08:01 159039     /lib/i386-linux-gnu/libnss_files-2.19.so
b693e000-b6948000 r-xp 00000000 08:01 158574     /lib/i386-linux-gnu/libnss_nis-2.19.so
b6948000-b6949000 r--p 00009000 08:01 158574     /lib/i386-linux-gnu/libnss_nis-2.19.so
b6949000-b694a000 rw-p 0000a000 08:01 158574     /lib/i386-linux-gnu/libnss_nis-2.19.so
b694a000-b695f000 r-xp 00000000 08:01 158568     /lib/i386-linux-gnu/libnsl-2.19.so
b695f000-b6960000 r--p 00015000 08:01 158568     /lib/i386-linux-gnu/libnsl-2.19.so
b6960000-b6961000 rw-p 00016000 08:01 158568     /lib/i386-linux-gnu/libnsl-2.19.so
b6961000-b6963000 rw-p 00000000 00:00 0 
b6963000-b696a000 r-xp 00000000 08:01 158567     /lib/i386-linux-gnu/libnss_compat-2.19.so
b696a000-b696b000 r--p 00006000 08:01 158567     /lib/i386-linux-gnu/libnss_compat-2.19.so
b696b000-b696c000 rw-p 00007000 08:01 158567     /lib/i386-linux-gnu/libnss_compat-2.19.so
b696c000-b696d000 r--s 00000000 08:01 401833     /var/cache/fontconfig/0c9eb80ebd1c36541ebe2852d3bb0c49-le32d4.cache-4
b696d000-b696e000 r--s 00002000 08:01 177972     /usr/lib/jvm/java-7-openjdk-i386/jre/lib/ext/dnsns.jar
b696e000-b6971000 r--s 0003d000 08:01 177959     /usr/lib/jvm/java-7-openjdk-i386/jre/lib/ext/sunpkcs11.jar
b6971000-b6979000 r-xp 00000000 08:01 177878     /usr/lib/jvm/java-7-openjdk-i386/jre/lib/i386/libzip.so
b6979000-b697a000 r--p 00007000 08:01 177878     /usr/lib/jvm/java-7-openjdk-i386/jre/lib/i386/libzip.so
b697a000-b697b000 rw-p 00008000 08:01 177878     /usr/lib/jvm/java-7-openjdk-i386/jre/lib/i386/libzip.so
b697b000-b6983000 rw-s 00000000 08:01 131920     /tmp/hsperfdata_user/7950
b6983000-b69aa000 r-xp 00000000 08:01 136829     /usr/lib/jvm/java-7-openjdk-i386/jre/lib/i386/libjava.so
b69aa000-b69ab000 r--p 00026000 08:01 136829     /usr/lib/jvm/java-7-openjdk-i386/jre/lib/i386/libjava.so
b69ab000-b69ac000 rw-p 00027000 08:01 136829     /usr/lib/jvm/java-7-openjdk-i386/jre/lib/i386/libjava.so
b69ac000-b69b3000 r-xp 00000000 08:01 158579     /lib/i386-linux-gnu/librt-2.19.so
b69b3000-b69b4000 r--p 00006000 08:01 158579     /lib/i386-linux-gnu/librt-2.19.so
b69b4000-b69b5000 rw-p 00007000 08:01 158579     /lib/i386-linux-gnu/librt-2.19.so
b69b5000-b69b8000 ---p 00000000 00:00 0 
b69b8000-b6a06000 rw-p 00000000 00:00 0          [stack:7955]
b6a06000-b6a22000 r-xp 00000000 08:01 158999     /lib/i386-linux-gnu/libgcc_s.so.1
b6a22000-b6a23000 rw-p 0001b000 08:01 158999     /lib/i386-linux-gnu/libgcc_s.so.1
b6a23000-b6a67000 r-xp 00000000 08:01 158561     /lib/i386-linux-gnu/libm-2.19.so
b6a67000-b6a68000 r--p 00043000 08:01 158561     /lib/i386-linux-gnu/libm-2.19.so
b6a68000-b6a69000 rw-p 00044000 08:01 158561     /lib/i386-linux-gnu/libm-2.19.so
b6a69000-b6b45000 r-xp 00000000 08:01 289        /usr/lib/i386-linux-gnu/libstdc++.so.6.0.19
b6b45000-b6b49000 r--p 000dc000 08:01 289        /usr/lib/i386-linux-gnu/libstdc++.so.6.0.19
b6b49000-b6b4a000 rw-p 000e0000 08:01 289        /usr/lib/i386-linux-gnu/libstdc++.so.6.0.19
b6b4a000-b6b51000 rw-p 00000000 00:00 0 
b6b51000-b7187000 r-xp 00000000 08:01 177850     /usr/lib/jvm/java-7-openjdk-i386/jre/lib/i386/client/libjvm.so
b7187000-b719d000 r--p 00635000 08:01 177850     /usr/lib/jvm/java-7-openjdk-i386/jre/lib/i386/client/libjvm.so
b719d000-b71ac000 rw-p 0064b000 08:01 177850     /usr/lib/jvm/java-7-openjdk-i386/jre/lib/i386/client/libjvm.so
b71ac000-b75c8000 rw-p 00000000 00:00 0 
b75c8000-b75e0000 r-xp 00000000 08:01 158556     /lib/i386-linux-gnu/libz.so.1.2.8
b75e0000-b75e1000 r--p 00017000 08:01 158556     /lib/i386-linux-gnu/libz.so.1.2.8
b75e1000-b75e2000 rw-p 00018000 08:01 158556     /lib/i386-linux-gnu/libz.so.1.2.8
b75e2000-b75fa000 r-xp 00000000 08:01 158571     /lib/i386-linux-gnu/libpthread-2.19.so
b75fa000-b75fb000 r--p 00018000 08:01 158571     /lib/i386-linux-gnu/libpthread-2.19.so
b75fb000-b75fc000 rw-p 00019000 08:01 158571     /lib/i386-linux-gnu/libpthread-2.19.so
b75fc000-b75fe000 rw-p 00000000 00:00 0 
b75fe000-b7601000 r-xp 00000000 08:01 158563     /lib/i386-linux-gnu/libdl-2.19.so
b7601000-b7602000 r--p 00002000 08:01 158563     /lib/i386-linux-gnu/libdl-2.19.so
b7602000-b7603000 rw-p 00003000 08:01 158563     /lib/i386-linux-gnu/libdl-2.19.so
b7603000-b77ab000 r-xp 00000000 08:01 158580     /lib/i386-linux-gnu/libc-2.19.so
b77ab000-b77ac000 ---p 001a8000 08:01 158580     /lib/i386-linux-gnu/libc-2.19.so
b77ac000-b77ae000 r--p 001a8000 08:01 158580     /lib/i386-linux-gnu/libc-2.19.so
b77ae000-b77af000 rw-p 001aa000 08:01 158580     /lib/i386-linux-gnu/libc-2.19.so
b77af000-b77b2000 rw-p 00000000 00:00 0 
b77b2000-b77b4000 r--s 00006000 08:01 276693     /usr/share/java/java-atk-wrapper.jar
b77b4000-b77b6000 r--s 00012000 08:01 177976     /usr/lib/jvm/java-7-openjdk-i386/jre/lib/ext/zipfs.jar
b77b6000-b77b7000 r--p 002c5000 08:01 369        /usr/lib/locale/locale-archive
b77b7000-b77b8000 rw-p 00000000 00:00 0 
b77b8000-b77b9000 r--p 00000000 00:00 0 
b77b9000-b77c7000 r-xp 00000000 08:01 136825     /usr/lib/jvm/java-7-openjdk-i386/jre/lib/i386/libverify.so
b77c7000-b77c8000 r--p 0000d000 08:01 136825     /usr/lib/jvm/java-7-openjdk-i386/jre/lib/i386/libverify.so
b77c8000-b77c9000 rw-p 0000e000 08:01 136825     /usr/lib/jvm/java-7-openjdk-i386/jre/lib/i386/libverify.so
b77c9000-b77d5000 r-xp 00000000 08:01 136926     /usr/lib/jvm/java-7-openjdk-i386/jre/lib/i386/jli/libjli.so
b77d5000-b77d6000 r--p 0000c000 08:01 136926     /usr/lib/jvm/java-7-openjdk-i386/jre/lib/i386/jli/libjli.so
b77d6000-b77d7000 rw-p 0000d000 08:01 136926     /usr/lib/jvm/java-7-openjdk-i386/jre/lib/i386/jli/libjli.so
b77d7000-b77da000 rw-p 00000000 00:00 0 
b77da000-b77db000 r-xp 00000000 00:00 0          [vdso]
b77db000-b77fb000 r-xp 00000000 08:01 158572     /lib/i386-linux-gnu/ld-2.19.so
b77fb000-b77fc000 r--p 0001f000 08:01 158572     /lib/i386-linux-gnu/ld-2.19.so
b77fc000-b77fd000 rw-p 00020000 08:01 158572     /lib/i386-linux-gnu/ld-2.19.so
bf860000-bf861000 rwxp 00000000 00:00 0 
bf893000-bf8b4000 rw-p 00000000 00:00 0          [stack]

VM Arguments:
jvm_args: -Xmx512m -Duser.language=en 
java_command: org.contikios.cooja.Cooja
Launcher Type: SUN_STANDARD

Environment Variables:
JAVA_HOME=/usr/lib/jvm/java-7-openjdk-i386
PATH=/usr/local/sdcc/bin:/usr/local/sbin:/usr/local/bin:/usr/sbin:/usr/bin:/sbin:/bin:/usr/games:/usr/local/games:/home/user/CodeSourcery/Sourcery_G++_Lite/bin:/usr/local/msp430/bin:/home/user/CodeSourcery/Sourcery_G++_Lite/bin
LD_LIBRARY_PATH=.
SHELL=/bin/bash
DISPLAY=:0

Signal Handlers:
SIGSEGV: [libjvm.so+0x4efa90], sa_mask[0]=0x7ffbfeff, sa_flags=0x10000004
SIGBUS: [libjvm.so+0x4efa90], sa_mask[0]=0x7ffbfeff, sa_flags=0x10000004
SIGFPE: [libjvm.so+0x3cb5a0], sa_mask[0]=0x7ffbfeff, sa_flags=0x10000004
SIGPIPE: [libjvm.so+0x3cb5a0], sa_mask[0]=0x7ffbfeff, sa_flags=0x10000004
SIGXFSZ: [libjvm.so+0x3cb5a0], sa_mask[0]=0x7ffbfeff, sa_flags=0x10000004
SIGILL: [libjvm.so+0x3cb5a0], sa_mask[0]=0x7ffbfeff, sa_flags=0x10000004
SIGUSR1: SIG_DFL, sa_mask[0]=0x00000000, sa_flags=0x00000000
SIGUSR2: [libjvm.so+0x3cb700], sa_mask[0]=0x00000004, sa_flags=0x10000004
SIGHUP: [libjvm.so+0x3cb660], sa_mask[0]=0x7ffbfeff, sa_flags=0x10000004
SIGINT: [libjvm.so+0x3cb660], sa_mask[0]=0x7ffbfeff, sa_flags=0x10000004
SIGTERM: [libjvm.so+0x3cb660], sa_mask[0]=0x7ffbfeff, sa_flags=0x10000004
SIGQUIT: [libjvm.so+0x3cb660], sa_mask[0]=0x7ffbfeff, sa_flags=0x10000004
SIGTRAP: SIG_DFL, sa_mask[0]=0x00000000, sa_flags=0x00000000


---------------  S Y S T E M  ---------------

OS:Ubuntu 14.04 (trusty)
uname:Linux 3.13.0-96-generic #143-Ubuntu SMP Mon Aug 29 20:15:47 UTC 2016 i686
libc:glibc 2.19 NPTL 2.19 
rlimit: STACK 8192k, CORE 0k, NPROC 7860, NOFILE 4096, AS infinity
load average:0.23 0.13 0.08

/proc/meminfo:
MemTotal:        1025420 kB
MemFree:          122020 kB
Buffers:           69104 kB
Cached:           385616 kB
SwapCached:         2560 kB
Active:           348920 kB
Inactive:         443460 kB
Active(anon):     133612 kB
Inactive(anon):   229156 kB
Active(file):     215308 kB
Inactive(file):   214304 kB
Unevictable:          32 kB
Mlocked:              32 kB
HighTotal:        135048 kB
HighFree:          13904 kB
LowTotal:         890372 kB
LowFree:          108116 kB
SwapTotal:       1046524 kB
SwapFree:        1035348 kB
Dirty:               216 kB
Writeback:             0 kB
AnonPages:        335260 kB
Mapped:            86524 kB
Shmem:             25044 kB
Slab:              72888 kB
SReclaimable:      57732 kB
SUnreclaim:        15156 kB
KernelStack:        2952 kB
PageTables:         6592 kB
NFS_Unstable:          0 kB
Bounce:                0 kB
WritebackTmp:          0 kB
CommitLimit:     1559232 kB
Committed_AS:    2357628 kB
VmallocTotal:     122880 kB
VmallocUsed:       24672 kB
VmallocChunk:      85844 kB
HardwareCorrupted:     0 kB
AnonHugePages:    157696 kB
HugePages_Total:       0
HugePages_Free:        0
HugePages_Rsvd:        0
HugePages_Surp:        0
Hugepagesize:       2048 kB
DirectMap4k:       34808 kB
DirectMap2M:      878592 kB


CPU:total 1 (1 cores per cpu, 1 threads per core) family 6 model 94 stepping 3, cmov, cx8, fxsr, mmx, sse, sse2, sse3, ssse3, sse4.1, sse4.2, popcnt, avx, aes, tsc, tscinvbit

/proc/cpuinfo:
processor	: 0
vendor_id	: GenuineIntel
cpu family	: 6
model		: 94
model name	: Intel(R) Core(TM) i5-6500 CPU @ 3.20GHz
stepping	: 3
microcode	: 0x76
cpu MHz		: 3600.000
cache size	: 6144 KB
physical id	: 0
siblings	: 1
core id		: 0
cpu cores	: 1
apicid		: 0
initial apicid	: 0
fdiv_bug	: no
f00f_bug	: no
coma_bug	: no
fpu		: yes
fpu_exception	: yes
cpuid level	: 22
wp		: yes
flags		: fpu vme de pse tsc msr pae mce cx8 apic sep mtrr pge mca cmov pat pse36 clflush dts mmx fxsr sse sse2 ss nx rdtscp lm constant_tsc arch_perfmon pebs bts tsc_reliable nonstop_tsc aperfmperf pni pclmulqdq ssse3 fma cx16 sse4_1 sse4_2 movbe popcnt aes xsave avx hypervisor lahf_lm 3dnowprefetch ida arat epb pln pts dtherm
bogomips	: 7200.00
clflush size	: 64
cache_alignment	: 64
address sizes	: 40 bits physical, 48 bits virtual
power management:



Memory: 4k page, physical 1025420k(122020k free), swap 1046524k(1035348k free)

vm_info: OpenJDK Client VM (24.111-b01) for linux-x86 JRE (1.7.0_111-b01), built on Aug 12 2016 05:36:14 by "buildd" with gcc 4.8.4

time: Tue Sep 27 17:02:20 2016
elapsed time: 90 seconds

