#
# A fatal error has been detected by the Java Runtime Environment:
#
#  SIGSEGV (0xb) at pc=0x000000fd, pid=5451, tid=2996140864
#
# JRE version: OpenJDK Runtime Environment (7.0_111-b01) (build 1.7.0_111-b01)
# Java VM: OpenJDK Client VM (24.111-b01 mixed mode, sharing linux-x86 )
# Derivative: IcedTea 2.6.7
# Distribution: Ubuntu 14.04 LTS, package 7u111-2.6.7-0ubuntu0.14.04.3
# Problematic frame:
# C  0x000000fd
#
# Failed to write core dump. Core dumps have been disabled. To enable core dumping, try "ulimit -c unlimited" before starting Java again
#
# If you would like to submit a bug report, please include
# instructions on how to reproduce the bug and visit:
#   http://icedtea.classpath.org/bugzilla
# The crash happened outside the Java Virtual Machine in native code.
# See problematic frame for where to report the bug.
#

---------------  T H R E A D  ---------------

Current thread (0x086b6000):  JavaThread "Thread-8" [_thread_in_native, id=5611, stack(0xb2907000,0xb2958000)]

siginfo:si_signo=SIGSEGV: si_errno=0, si_code=1 (SEGV_MAPERR), si_addr=0x000000fd

Registers:
EAX=0x000000fd, EBX=0xb2767023, ECX=0x00000000, EDX=0x00000069
ESP=0xb27861c8, EBP=0xb27861e4, ESI=0x00000052, EDI=0x00000000
EIP=0x000000fd, EFLAGS=0x00010202, CR2=0x000000fd

Top of Stack: (sp=0xb27861c8)
0xb27861c8:   b2778b79 00000000 00000001 00000001
0xb27861d8:   00000067 b2777b61 b2767023 b2786224
0xb27861e8:   b2778deb 000000fd 00000000 00000001
0xb27861f8:   00000001 b27896c2 b27896e0 95d84159
0xb2786208:   00000001 00100010 80100010 823a1b7a
0xb2786218:   00000067 1a100010 f157019b 0003f01e
0xb2786228:   0000f010 000000fd 00000000 ff000000
0xb2786238:   010000fe 08000e04 00070a0c 01000001 

Instructions: (pc=0x000000fd)
0x000000dd:   
[error occurred during error reporting (printing registers, top of stack, instructions near pc), id 0xb]

Register to memory mapping:

EAX=0x000000fd is an unknown value
EBX=0xb2767023: <offset 0x11023> in /media/user/JK/Dual-radio-simulation/examples/ipv6/rpl-udp/obj_cooja/mtype429.cooja at 0xb2756000
ECX=0x00000000 is an unknown value
EDX=0x00000069 is an unknown value
ESP=0xb27861c8: <offset 0x301c8> in /media/user/JK/Dual-radio-simulation/examples/ipv6/rpl-udp/obj_cooja/mtype429.cooja at 0xb2756000
EBP=0xb27861e4: <offset 0x301e4> in /media/user/JK/Dual-radio-simulation/examples/ipv6/rpl-udp/obj_cooja/mtype429.cooja at 0xb2756000
ESI=0x00000052 is an unknown value
EDI=0x00000000 is an unknown value


Stack: [0xb2907000,0xb2958000],  sp=0xb27861c8,  free space=4192764k
Native frames: (J=compiled Java code, j=interpreted, Vv=VM code, C=native code)
C  0x000000fd
C  [mtype429.cooja+0x22deb]  send_one_packet+0x1f7

Java frames: (J=compiled Java code, j=interpreted, Vv=VM code)
J 1924  org.contikios.cooja.corecomm.Lib2.tick()V (0 bytes) @ 0xb4aeba90 [0xb4aeba50+0x40]
