#
# A fatal error has been detected by the Java Runtime Environment:
#
#  SIGSEGV (0xb) at pc=0x000000fd, pid=14053, tid=2997832512
#
# JRE version: OpenJDK Runtime Environment (7.0_111-b01) (build 1.7.0_111-b01)
# Java VM: OpenJDK Client VM (24.111-b01 mixed mode, sharing linux-x86 )
# Derivative: IcedTea 2.6.7
# Distribution: Ubuntu 14.04 LTS, package 7u111-2.6.7-0ubuntu0.14.04.3
# Problematic frame:
# C  0x000000fd
#
# Failed to write core dump. Core dumps have been disabled. To enable core dumping, try "ulimit -c unlimited" before starting Java again
#
# If you would like to submit a bug report, please include
# instructions on how to reproduce the bug and visit:
#   http://icedtea.classpath.org/bugzilla
# The crash happened outside the Java Virtual Machine in native code.
# See problematic frame for where to report the bug.
#

---------------  T H R E A D  ---------------

Current thread (0x08796c00):  JavaThread "Thread-8" [_thread_in_native, id=14181, stack(0xb2aa4000,0xb2af5000)]

siginfo:si_signo=SIGSEGV: si_errno=0, si_code=1 (SEGV_MAPERR), si_addr=0x000000fd

Registers:
EAX=0x000000fd, EBX=0xb27eef81, ECX=0x00000000, EDX=0x00000069
ESP=0xb280cfd8, EBP=0xb280cff4, ESI=0x00000048, EDI=0x00000000
EIP=0x000000fd, EFLAGS=0x00010202, CR2=0x000000fd

Top of Stack: (sp=0xb280cfd8)
0xb280cfd8:   b28026d6 00000000 00000001 00000001
0xb280cfe8:   00000067 b27ffad3 b27eef81 b280d034
0xb280cff8:   b2800574 000000fd 00000000 00000001
0xb280d008:   00000001 b280d050 b281329e 80d84144
0xb280d018:   00000001 00080008 80080008 823a1b7a
0xb280d028:   00000067 1a080008 f857019b 0004f01e
0xb280d038:   00000910 000000fd 00000000 ff000000
0xb280d048:   010000fe 08000e04 00070a0c 01000001 

Instructions: (pc=0x000000fd)
0x000000dd:   
[error occurred during error reporting (printing registers, top of stack, instructions near pc), id 0xb]

Register to memory mapping:

EAX=