#
# A fatal error has been detected by the Java Runtime Environment:
#
#  SIGSEGV (0xb) at pc=0xb768610f, pid=2293, tid=2994228032
#
# JRE version: OpenJDK Runtime Environment (7.0_79-b14) (build 1.7.0_79-b14)
# Java VM: OpenJDK Client VM (24.79-b02 mixed mode, sharing linux-x86 )
# Derivative: IcedTea 2.5.6
# Distribution: Ubuntu 14.04 LTS, package 7u79-2.5.6-0ubuntu1.14.04.1
# Problematic frame:
# C  [libc.so.6+0x14210f]
#
# Failed to write core dump. Core dumps have been disabled. To enable core dumping, try "ulimit -c unlimited" before starting Java again
#
# If you would like to submit a bug report, please include
# instructions on how to reproduce the bug and visit:
#   http://icedtea.classpath.org/bugzilla
# The crash happened outside the Java Virtual Machine in native code.
# See problematic frame for where to report the bug.
#

---------------  T H R E A D  ---------------

Current thread (0x09313800):  JavaThread "Thread-7" [_thread_in_native, id=2465, stack(0xb2734000,0xb2785000)]

siginfo:si_signo=SIGSEGV: si_errno=0, si_code=1 (SEGV_MAPERR), si_addr=0x00000000

Registers:
EAX=0xb24da7ca, EBX=0xb768610c, ECX=0x0d000d80, EDX=0x00000008
ESP=0xb24d4f14, EBP=0xb24d4f34, ESI=0x00000000, EDI=0x00000000
EIP=0xb768610f, EFLAGS=0x00010287, CR2=0x00000000

Top of Stack: (sp=0xb24d4f14)
0xb24d4f14:   00000000 b24c7c5b b24da7c2 00000000
0xb24d4f24:   00000008 b24d7200 b24d31a4 00000000
0xb24d4f34:   b24d4f64 b24c7cec b24da7c2 00000000
0xb24d4f44:   b24d8540 b24c0f67 b24d31b8 b24d87a8
0xb24d4f54:   00000000 00000000 00000000 00000000
0xb24d4f64:   b24d4fa4 b24bfefb 00000000 b24d8570
0xb24d4f74:   b24d4fa4 b24c0f7a b24d4fd8 0000001e
0xb24d4f84:   000000f0 00000000 b24db3e0 b24d8540 

Instructions: (pc=0xb768610f)
0xb76860ef:   00 8b 48 f0 8b 5a f0 39 d9 0f 85 f2 09 00 00 8b
0xb76860ff:   48 f4 8b 5a f4 39 d9 0f 85 e4 09 00 00 8b 48 f8
0xb768610f:   8b 5a f8 39 d9 0f 85 d6 09 00 00 8b 48 fc 8b 5a
0xb768611f:   fc 39 d9 b8 00 00 00 00 0f 85 c3 09 00 00 5b c3 

Register to memory mapping:

EAX=0xb24da7ca: ds6_lr_addrmap+0xa in /home/user/Desktop/Dual-radio-simulation/lanada/obj_cooja/mtype708.cooja at 0xb24a4000
EBX=0xb768610c: <offset 0x14210c> in /lib/i386-linux-gnu/libc.so.6 at 0xb7544000
ECX=0x0d000d80 is an unknown value
EDX=0x00000008 is an unknown value
ESP=0xb24d4f14: <offset 0x30f14> in /home/user/Desktop/Dual-radio-simulation/lanada/obj_cooja/mtype708.cooja at 0xb24a4000
EBP=0xb24d4f34: <offset 0x30f34> in /home/user/Desktop/Dual-radio-simulation/lanada/obj_cooja/mtype708.cooja at 0xb24a4000
ESI=0x00000000 is an unknown value
EDI=0x00000000 is an unknown value


Stack: [0xb2734000,0xb2785000],  sp=0xb24d4f14,  free space=4191875k
Native frames: (J=compiled Java code, j=interpreted, Vv=VM code, C=native code)
C  [libc.so.6+0x14210f]
C  [mtype708.cooja+0x23cec]  long_ip_from_lladdr_map+0x51
C  [mtype708.cooja+0x1befb]  rpl_lr_in_neighbor_tree+0xee
C  [mtype708.cooja+0x1fde6]  dio_input+0x85e
C  [mtype708.cooja+0x25095]  uip_icmp6_input+0x4f
C  [mtype708.cooja+0x198db]  uip_process+0x9a2
C  [mtype708.cooja+0x1af46]  packet_input+0x23
C  [mtype708.cooja+0x1b36b]  eventhandler+0x1db
C  [mtype708.cooja+0x1b9c5]  process_thread_tcpip_process+0xa2
C  [mtype708.cooja+0x1348a]  call_process+0x57
C  [mtype708.cooja+0x137d8]  process_post_synch+0x2e
C  [mtype708.cooja+0x1b394]  tcpip_input+0x22
C  [mtype708.cooja+0x1659e]  input+0x43e
C  [mtype708.cooja+0x24cc8]  input+0xd
C  [mtype708.cooja+0x229d3]  packet_input+0xd
C  [mtype708.cooja+0x2394f]  input_packet+0x156
C  [mtype708.cooja+0x122bb]  process_thread_cooja_radio_process+0x7d
C  [mtype708.cooja+0x1348a]  call_process+0x57
C  [mtype708.cooja+0x1355d]  do_poll+0x4b
C  [mtype708.cooja+0x136c6]  process_run+0x16
C  [mtype708.cooja+0x10e05]  process_run_thread_loop+0x1f

Java frames: (J=compiled Java code, j=interpreted, Vv=VM code)
J 1686  org.contikios.cooja.corecomm.Lib2.tick()V (0 bytes) @ 0xb4ade6d0 [0xb4ade690+0x40]

[error occurred during error reporting (printing Java stack), id 0xb]


