#
# A fatal error has been detected by the Java Runtime Environment:
#
#  SIGSEGV (0xb) at pc=0xb766a5f0, pid=3105, tid=2972580672
#
# JRE version: OpenJDK Runtime Environment (7.0_111-b01) (build 1.7.0_111-b01)
# Java VM: OpenJDK Client VM (24.111-b01 mixed mode, sharing linux-x86 )
# Derivative: IcedTea 2.6.7
# Distribution: Ubuntu 14.04 LTS, package 7u111-2.6.7-0ubuntu0.14.04.3
# Problematic frame:
# C  [libc.so.6+0x1335f0]
#
# Failed to write core dump. Core dumps have been disabled. To enable core dumping, try "ulimit -c unlimited" before starting Java again
#
# If you would like to submit a bug report, please include
# instructions on how to reproduce the bug and visit:
#   http://icedtea.classpath.org/bugzilla
# The crash happened outside the Java Virtual Machine in native code.
# See problematic frame for where to report the bug.
#

---------------  T H R E A D  ---------------

Current thread (0x08c0e400):  JavaThread "Thread-127" [_thread_in_native, id=9119, stack(0xb128f000,0xb12e0000)]

siginfo:si_signo=SIGSEGV: si_errno=0, si_code=2 (SEGV_ACCERR), si_addr=0xb14d9fa0

Registers:
EAX=0x08c0e8f0, EBX=0xb76e2000, ECX=0x00000236, EDX=0xb14d9fb0
ESP=0xb12ded80, EBP=0xb12dedb8, ESI=0xb14d9fa0, EDI=0x00000000
EIP=0xb766a5f0, EFLAGS=0x00010246, CR2=0xb14d9fa0

Top of Stack: (sp=0xb12ded80)
0xb12ded80:   8eedc9f8 08c0e400 8eedc9f8 b14bb780
0xb12ded90:   b14d9fa0 08c0e8e0 00000246 8ed4cef0
0xb12deda0:   8eedc9f8 8eedc9f8 08c0e400 08c0e8e0
0xb12dedb0:   b470beee 08c0e400 b12dee00 b470bff3
0xb12dedc0:   08c0e528 b12dee1c 0002e020 00000246
0xb12dedd0:   b12dee10 b497fc56 799a5d20 798750b8
0xb12dede0:   b12dede0 8eedc9f8 b12dee1c 8eedcb90
0xb12dedf0:   00000000 8eedc9f8 00000000 b12dee20 

Instructions: (pc=0xb766a5f0)
0xb766a5d0:   e7 0f 74 1c e8 02 32 ff ff 81 c3 27 74 03 00 03
0xb766a5e0:   1c bb ff e3 8d b6 00 00 00 00 8d bf 00 00 00 00
0xb766a5f0:   f3 0f 7f 06 31 ff 83 f9 7f 0f 87 94 00 00 00 8d
0xb766a600:   49 e0 66 0f 6f 04 38 66 0f 6f 4c 38 10 83 e9 20 

Register to memory mapping:

EAX=0x08c0e8f0 is an unknown value
EBX=0xb76e2000: <offset 0x1ab000> in /lib/i386-linux-gnu/libc.so.6 at 0xb7537000
ECX=0x00000236 is an unknown value
EDX=0xb14d9fb0: <offset 0x2dfb0> in /home/user/Desktop/nfs/examples/ipv6/rpl-udp/obj_cooja/mtype242.cooja at 0xb14ac000
ESP=0xb12ded80 is pointing into the stack for thread: 0x08c0e400
EBP=0xb12dedb8 is pointing into the stack for thread: 0x08c0e400
ESI=0xb14d9fa0: <offset 0x2dfa0> in /home/user/Desktop/nfs/examples/ipv6/rpl-udp/obj_cooja/mtype242.cooja at 0xb14ac000
EDI=0x00000000 is an unknown value


Stack: [0xb128f000,0xb12e0000],  sp=0xb12ded80,  free space=319k
Native frames: (J=compiled Java code, j=interpreted, Vv=VM code, C=native code)
C  [libc.so.6+0x1335f0]
j  org.contikios.cooja.corecomm.Lib32.setMemory(II[B)V+0
J 1391 C1 org.contikios.cooja.contikimote.ContikiMoteType.setCoreMemory(Lorg/contikios/cooja/mote/memory/SectionMoteMemory;)V (66 bytes) @ 0xb497c108 [0xb497c010+0xf8]
J 1539 C1 org.contikios.cooja.contikimote.ContikiMote.execute(J)V (99 bytes) @ 0xb49b0f96 [0xb49b0e40+0x156]
J 1538 C1 org.contikios.cooja.motes.AbstractWakeupMote$1.execute(J)V (9 bytes) @ 0xb49b0b87 [0xb49b0b50+0x37]
J 2095 C1 org.contikios.cooja.Simulation.run()V (432 bytes) @ 0xb4aa1efd [0xb4aa1bb0+0x34d]
j  java.lang.Thread.run()V+11
v  ~StubRoutines::call_stub
V  [libjvm.so+0x2b2716]

Java frames: (J=compiled Java code, j=interpreted, Vv=VM code)
j  org.contikios.cooja.corecomm.Lib32.setMemory(II[B)V+0
J 1391 C1 org.contikios.cooja.contikimote.ContikiMoteType.setCoreMemory(Lorg/contikios/cooja/mote/memory/SectionMoteMemory;)V (66 bytes) @ 0xb497c108 [0xb497c010+0xf8]
J 1539 C1 org.contikios.cooja.contikimote.ContikiMote.execute(J)V (99 bytes) @ 0xb49b0f96 [0xb49b0e40+0x156]
J 1538 C1 org.contikios.cooja.motes.AbstractWakeupMote$1.execute(J)V (9 bytes) @ 0xb49b0b87 [0xb49b0b50+0x37]
J 2095 C1 org.contikios.cooja.Simulation.run()V (432 bytes) @ 0xb4aa1efd [0xb4aa1bb0+0x34d]
j  java.lang.Thread.run()V+11
v  ~StubRoutines::call_stub

---------------  P R O C E S S  ---------------

Java Threads: ( => current thread )
=>0x08c0e400 JavaThread "Thread-127" [_thread_in_native, id=9119, stack(0xb128f000,0xb12e0000)]
  0x08c12800 JavaThread "Thread-126" [_thread_blocked, id=9109, stack(0xb25a3000,0xb25f4000)]
  0x08c13400 JavaThread "Thread-125" [_thread_blocked, id=9108, stack(0xb173a000,0xb178b000)]
  0x08c11000 JavaThread "Thread-124" [_thread_blocked, id=9060, stack(0xb108b000,0xb10dc000)]
  0x08c10c00 JavaThread "Thread-123" [_thread_blocked, id=9059, stack(0xb145b000,0xb14ac000)]
  0x08c10400 JavaThread "process reaper" daemon [_thread_blocked, id=9014, stack(0xb2a46000,0xb2a5f000)]
  0x08b7ec00 JavaThread "Thread-119" [_thread_blocked, id=8992, stack(0xb112d000,0xb117e000)]
  0x089abc00 JavaThread "Thread-117" [_thread_blocked, id=8944, stack(0xb1331000,0xb1382000)]
  0x08b7d000 JavaThread "Thread-114" [_thread_blocked, id=8835, stack(0xb1003000,0xb1054000)]
  0x08b6f800 JavaThread "Thread-112" [_thread_blocked, id=8787, stack(0xb10dc000,0xb112d000)]
  0x08b6e800 JavaThread "Thread-111" [_thread_blocked, id=8692, stack(0xb11b6000,0xb1207000)]
  0x089b2000 JavaThread "Thread-109" [_thread_blocked, id=8681, stack(0xb1207000,0xb1258000)]
  0x089ae800 JavaThread "Thread-107" [_thread_blocked, id=8638, stack(0xb12e0000,0xb1331000)]
  0x089b9400 JavaThread "Thread-106" [_thread_blocked, id=8600, stack(0xb13b9000,0xb140a000)]
  0x089b7400 JavaThread "Thread-104" [_thread_blocked, id=8589, stack(0xb140a000,0xb145b000)]
  0x089b4c00 JavaThread "Thread-103" [_thread_blocked, id=8553, stack(0xb151a000,0xb156b000)]
  0x089b4000 JavaThread "Thread-101" [_thread_blocked, id=8542, stack(0xb167b000,0xb16cc000)]
  0x08aba400 JavaThread "Thread-97" [_thread_blocked, id=7700, stack(0xb156b000,0xb15bc000)]
  0x089a3c00 JavaThread "Thread-95" [_thread_blocked, id=7652, stack(0xb1926000,0xb1977000)]
  0x089a6000 JavaThread "Thread-91" [_thread_blocked, id=6803, stack(0xb162a000,0xb167b000)]
  0x08aa0800 JavaThread "Thread-89" [_thread_blocked, id=6754, stack(0xb1aa1000,0xb1af2000)]
  0x08aa3c00 JavaThread "Thread-85" [_thread_blocked, id=6673, stack(0xb178b000,0xb17dc000)]
  0x087b5400 JavaThread "Thread-83" [_thread_blocked, id=6625, stack(0xb1b29000,0xb1b7a000)]
  0x08a9cc00 JavaThread "Thread-79" [_thread_blocked, id=6565, stack(0xb2332000,0xb2383000)]
  0x087ef800 JavaThread "Thread-77" [_thread_blocked, id=6516, stack(0xb19ff000,0xb1a50000)]
  0x08adc400 JavaThread "Thread-74" [_thread_blocked, id=6455, stack(0xb1dd1000,0xb1e22000)]
  0x08ada400 JavaThread "Thread-72" [_thread_blocked, id=6407, stack(0xb2501000,0xb2552000)]
  0x08a9ac00 JavaThread "Thread-68" [_thread_blocked, id=6340, stack(0xb1977000,0xb19c8000)]
  0x08a03000 JavaThread "Thread-66" [_thread_blocked, id=6292, stack(0xb1a50000,0xb1aa1000)]
  0x08a00c00 JavaThread "Thread-65" [_thread_blocked, id=6239, stack(0xb1b7a000,0xb1bcb000)]
  0x08b60400 JavaThread "Thread-63" [_thread_blocked, id=6228, stack(0xb1c02000,0xb1c53000)]
  0x08b5f400 JavaThread "Thread-61" [_thread_blocked, id=6185, stack(0xb1cf8000,0xb1d49000)]
  0x08b69000 JavaThread "Thread-60" [_thread_blocked, id=6147, stack(0xb214c000,0xb219d000)]
  0x08b5b400 JavaThread "Thread-58" [_thread_blocked, id=6136, stack(0xb223f000,0xb2290000)]
  0x08a43c00 JavaThread "Thread-56" [_thread_blocked, id=6088, stack(0xb1f66000,0xb1fb7000)]
  0x089ee400 JavaThread "Thread-55" [_thread_blocked, id=6045, stack(0xb1e73000,0xb1ec4000)]
  0x0899f000 JavaThread "Thread-54" [_thread_blocked, id=6029, stack(0xb2059000,0xb20aa000)]
  0x08b68800 JavaThread "Thread-50" [_thread_blocked, id=5973, stack(0xb1d49000,0xb1d9a000)]
  0x08b62000 JavaThread "Thread-48" [_thread_blocked, id=5925, stack(0xb1e22000,0xb1e73000)]
  0x08b88800 JavaThread "Thread-47" [_thread_blocked, id=5876, stack(0xb1ec4000,0xb1f15000)]
  0x08b88000 JavaThread "Thread-45" [_thread_blocked, id=5865, stack(0xb1f15000,0xb1f66000)]
  0x08a4b800 JavaThread "Thread-44" [_thread_blocked, id=5815, stack(0xb1fb7000,0xb2008000)]
  0x08a4b000 JavaThread "Thread-42" [_thread_blocked, id=5804, stack(0xb2008000,0xb2059000)]
  0x089ed400 JavaThread "Thread-41" [_thread_blocked, id=5756, stack(0xb20aa000,0xb20fb000)]
  0x089f0c00 JavaThread "Thread-39" [_thread_blocked, id=5745, stack(0xb20fb000,0xb214c000)]
  0x089ec800 JavaThread "Thread-38" [_thread_blocked, id=5711, stack(0xb219d000,0xb21ee000)]
  0x08a91000 JavaThread "Thread-36" [_thread_blocked, id=5700, stack(0xb21ee000,0xb223f000)]
  0x0899d800 JavaThread "Thread-35" [_thread_blocked, id=5653, stack(0xb2290000,0xb22e1000)]
  0x0899d000 JavaThread "Thread-33" [_thread_blocked, id=5642, stack(0xb22e1000,0xb2332000)]
  0x0899bc00 JavaThread "Thread-32" [_thread_blocked, id=5599, stack(0xb2428000,0xb2479000)]
  0x0899ac00 JavaThread "Thread-30" [_thread_blocked, id=5588, stack(0xb273d000,0xb278e000)]
  0x087b6000 JavaThread "Thread-26" [_thread_blocked, id=5523, stack(0xb2877000,0xb28c8000)]
  0x087b4c00 JavaThread "Thread-24" [_thread_blocked, id=5475, stack(0xb29f5000,0xb2a46000)]
  0x08a35000 JavaThread "Thread-20" [_thread_blocked, id=4496, stack(0xb2479000,0xb24ca000)]
  0x08a81000 JavaThread "Thread-18" [_thread_blocked, id=4448, stack(0xb2552000,0xb25a3000)]
  0x08a7fc00 JavaThread "Thread-17" [_thread_blocked, id=4410, stack(0xb262b000,0xb267c000)]
  0x08a7cc00 JavaThread "Thread-15" [_thread_blocked, id=4399, stack(0xb267c000,0xb26cd000)]
  0x08a6e400 JavaThread "Thread-13" [_thread_blocked, id=4356, stack(0xb2953000,0xb29a4000)]
  0x08a07000 JavaThread "Thread-9" [_thread_blocked, id=3468, stack(0xb278e000,0xb27df000)]
  0x087c9800 JavaThread "Thread-7" [_thread_blocked, id=3420, stack(0xb2ad2000,0xb2b23000)]
  0xb38a8000 JavaThread "Thread-3" [_thread_blocked, id=3210, stack(0xb28c8000,0xb2919000)]
  0xb38a0800 JavaThread "Thread-1" [_thread_blocked, id=3162, stack(0xb29a4000,0xb29f5000)]
  0x0887dc00 JavaThread "TimerQueue" daemon [_thread_blocked, id=3122, stack(0xb321a000,0xb326b000)]
  0xb6707800 JavaThread "DestroyJavaVM" [_thread_blocked, id=3110, stack(0xb68e9000,0xb693a000)]
  0xb3853800 JavaThread "AWT-EventQueue-0" [_thread_blocked, id=3121, stack(0xb326b000,0xb32bc000)]
  0xb3853400 JavaThread "AWT-Shutdown" [_thread_blocked, id=3120, stack(0xb32bc000,0xb330d000)]
  0xb3849000 JavaThread "AWT-XAWT" daemon [_thread_in_native, id=3119, stack(0xb33ad000,0xb33fe000)]
  0xb383a000 JavaThread "Java2D Disposer" daemon [_thread_blocked, id=3118, stack(0xb340f000,0xb3460000)]
  0xb674cc00 JavaThread "Service Thread" daemon [_thread_blocked, id=3116, stack(0xb3d3b000,0xb3d8c000)]
  0xb674ac00 JavaThread "C1 CompilerThread0" daemon [_thread_blocked, id=3115, stack(0xb3d8c000,0xb3e0d000)]
  0xb6749000 JavaThread "Signal Dispatcher" daemon [_thread_blocked, id=3114, stack(0xb3e0d000,0xb3e5e000)]
  0xb6733400 JavaThread "Finalizer" daemon [_thread_blocked, id=3113, stack(0xb405e000,0xb40af000)]
  0xb6731c00 JavaThread "Reference Handler" daemon [_thread_blocked, id=3112, stack(0xb40af000,0xb4100000)]

Other Threads:
  0xb6730400 VMThread [stack: 0xb422c000,0xb42ad000] [id=3111]
  0xb674f000 WatcherThread [stack: 0xb3cba000,0xb3d3b000] [id=3117]

VM state:not at safepoint (normal execution)

VM Mutex/Monitor currently owned by a thread: None

Heap
 def new generation   total 5184K, used 2275K [0x6e800000, 0x6eda0000, 0x792a0000)
  eden space 4608K,  43% used [0x6e800000, 0x6e9f76e8, 0x6ec80000)
  from space 576K,  45% used [0x6ed10000, 0x6ed51758, 0x6eda0000)
  to   space 576K,   0% used [0x6ec80000, 0x6ec80000, 0x6ed10000)
 tenured generation   total 10940K, used 7885K [0x792a0000, 0x79d4f000, 0x8e800000)
   the space 10940K,  72% used [0x792a0000, 0x79a53500, 0x79a53600, 0x79d4f000)
 compacting perm gen  total 12288K, used 7027K [0x8e800000, 0x8f400000, 0x92800000)
   the space 12288K,  57% used [0x8e800000, 0x8eedcc20, 0x8eedce00, 0x8f400000)
    ro space 10240K,  59% used [0x92800000, 0x92dfe3d8, 0x92dfe400, 0x93200000)
    rw space 12288K,  59% used [0x93200000, 0x9391c2b0, 0x9391c400, 0x93e00000)

Card table byte_map: [0xb4554000,0xb4680000] byte_map_base: 0xb41e0000

Polling page: 0xb76ec000

Code Cache  [0xb4700000, 0xb4c40000, 0xb6700000)
 total_blobs=3262 nmethods=2953 adapters=243 free_code_cache=27424Kb largest_free_block=28081344

Compilation events (10 events):
Event: 5375.469 Thread 0xb674ac00 2961             sun.java2d.pisces.Stroker$PolyStack::pushCubic (130 bytes)
Event: 5375.469 Thread 0xb674ac00 nmethod 2961 0xb4c36f88 code [0xb4c370a0, 0xb4c3725c]
Event: 5375.469 Thread 0xb674ac00 2962             sun.java2d.pisces.Stroker$PolyStack::pushLine (57 bytes)
Event: 5375.469 Thread 0xb674ac00 nmethod 2962 0xb4c37488 code [0xb4c37590, 0xb4c376bc]
Event: 5375.483 Thread 0xb674ac00 2963             javax.swing.ActionMap::setParent (6 bytes)
Event: 5375.483 Thread 0xb674ac00 nmethod 2963 0xb4c37808 code [0xb4c37900, 0xb4c37990]
Event: 5375.607 Thread 0xb674ac00 2964   !         sun.reflect.GeneratedConstructorAccessor4::newInstance (49 bytes)
Event: 5375.607 Thread 0xb674ac00 nmethod 2964 0xb4c379c8 code [0xb4c37b10, 0xb4c37d00]
Event: 5375.608 Thread 0xb674ac00 2965   !         javax.swing.text.AbstractDocument::fireRemoveUpdate (70 bytes)
Event: 5375.609 Thread 0xb674ac00 nmethod 2965 0xb4c37e88 code [0xb4c37fb0, 0xb4c3815c]

GC Heap History (10 events):
Event: 5375.399 GC heap before
{Heap before GC invocations=4374 (full 28):
 def new generation   total 5184K, used 4621K [0x6e800000, 0x6eda0000, 0x792a0000)
  eden space 4608K, 100% used [0x6e800000, 0x6ec80000, 0x6ec80000)
  from space 576K,   2% used [0x6ec80000, 0x6ec837e0, 0x6ed10000)
  to   space 576K,   0% used [0x6ed10000, 0x6ed10000, 0x6eda0000)
 tenured generation   total 10940K, used 7162K [0x792a0000, 0x79d4f000, 0x8e800000)
   the space 10940K,  65% used [0x792a0000, 0x7999e978, 0x7999ea00, 0x79d4f000)
 compacting perm gen  total 12288K, used 7026K [0x8e800000, 0x8f400000, 0x92800000)
   the space 12288K,  57% used [0x8e800000, 0x8eedcbe0, 0x8eedcc00, 0x8f400000)
    ro space 10240K,  59% used [0x92800000, 0x92dfe3d8, 0x92dfe400, 0x93200000)
    rw space 12288K,  59% used [0x93200000, 0x9391c2b0, 0x9391c400, 0x93e00000)
Event: 5375.400 GC heap after
Heap after GC invocations=4375 (full 28):
 def new generation   total 5184K, used 96K [0x6e800000, 0x6eda0000, 0x792a0000)
  eden space 4608K,   0% used [0x6e800000, 0x6e800000, 0x6ec80000)
  from space 576K,  16% used [0x6ed10000, 0x6ed281c0, 0x6eda0000)
  to   space 576K,   0% used [0x6ec80000, 0x6ec80000, 0x6ed10000)
 tenured generation   total 10940K, used 7162K [0x792a0000, 0x79d4f000, 0x8e800000)
   the space 10940K,  65% used [0x792a0000, 0x7999ea68, 0x7999ec00, 0x79d4f000)
 compacting perm gen  total 12288K, used 7026K [0x8e800000, 0x8f400000, 0x92800000)
   the space 12288K,  57% used [0x8e800000, 0x8eedcbe0, 0x8eedcc00, 0x8f400000)
    ro space 10240K,  59% used [0x92800000, 0x92dfe3d8, 0x92dfe400, 0x93200000)
    rw space 12288K,  59% used [0x93200000, 0x9391c2b0, 0x9391c400, 0x93e00000)
}
Event: 5375.436 GC heap before
{Heap before GC invocations=4375 (full 28):
 def new generation   total 5184K, used 4704K [0x6e800000, 0x6eda0000, 0x792a0000)
  eden space 4608K, 100% used [0x6e800000, 0x6ec80000, 0x6ec80000)
  from space 576K,  16% used [0x6ed10000, 0x6ed281c0, 0x6eda0000)
  to   space 576K,   0% used [0x6ec80000, 0x6ec80000, 0x6ed10000)
 tenured generation   total 10940K, used 7162K [0x792a0000, 0x79d4f000, 0x8e800000)
   the space 10940K,  65% used [0x792a0000, 0x7999ea68, 0x7999ec00, 0x79d4f000)
 compacting perm gen  total 12288K, used 7027K [0x8e800000, 0x8f400000, 0x92800000)
   the space 12288K,  57% used [0x8e800000, 0x8eedcc10, 0x8eedce00, 0x8f400000)
    ro space 10240K,  59% used [0x92800000, 0x92dfe3d8, 0x92dfe400, 0x93200000)
    rw space 12288K,  59% used [0x93200000, 0x9391c2b0, 0x9391c400, 0x93e00000)
Event: 5375.438 GC heap after
Heap after GC invocations=4376 (full 28):
 def new generation   total 5184K, used 548K [0x6e800000, 0x6eda0000, 0x792a0000)
  eden space 4608K,   0% used [0x6e800000, 0x6e800000, 0x6ec80000)
  from space 576K,  95% used [0x6ec80000, 0x6ed09030, 0x6ed10000)
  to   space 576K,   0% used [0x6ed10000, 0x6ed10000, 0x6eda0000)
 tenured generation   total 10940K, used 7162K [0x792a0000, 0x79d4f000, 0x8e800000)
   the space 10940K,  65% used [0x792a0000, 0x7999eb50, 0x7999ec00, 0x79d4f000)
 compacting perm gen  total 12288K, used 7027K [0x8e800000, 0x8f400000, 0x92800000)
   the space 12288K,  57% used [0x8e800000, 0x8eedcc10, 0x8eedce00, 0x8f400000)
    ro space 10240K,  59% used [0x92800000, 0x92dfe3d8, 0x92dfe400, 0x93200000)
    rw space 12288K,  59% used [0x93200000, 0x9391c2b0, 0x9391c400, 0x93e00000)
}
Event: 5375.507 GC heap before
{Heap before GC invocations=4376 (full 28):
 def new generation   total 5184K, used 5156K [0x6e800000, 0x6eda0000, 0x792a0000)
  eden space 4608K, 100% used [0x6e800000, 0x6ec80000, 0x6ec80000)
  from space 576K,  95% used [0x6ec80000, 0x6ed09030, 0x6ed10000)
  to   space 576K,   0% used [0x6ed10000, 0x6ed10000, 0x6eda0000)
 tenured generation   total 10940K, used 7162K [0x792a0000, 0x79d4f000, 0x8e800000)
   the space 10940K,  65% used [0x792a0000, 0x7999eb50, 0x7999ec00, 0x79d4f000)
 compacting perm gen  total 12288K, used 7027K [0x8e800000, 0x8f400000, 0x92800000)
   the space 12288K,  57% used [0x8e800000, 0x8eedcc10, 0x8eedce00, 0x8f400000)
    ro space 10240K,  59% used [0x92800000, 0x92dfe3d8, 0x92dfe400, 0x93200000)
    rw space 12288K,  59% used [0x93200000, 0x9391c2b0, 0x9391c400, 0x93e00000)
Event: 5375.509 GC heap after
Heap after GC invocations=4377 (full 28):
 def new generation   total 5184K, used 329K [0x6e800000, 0x6eda0000, 0x792a0000)
  eden space 4608K,   0% used [0x6e800000, 0x6e800000, 0x6ec80000)
  from space 576K,  57% used [0x6ed10000, 0x6ed62550, 0x6eda0000)
  to   space 576K,   0% used [0x6ec80000, 0x6ec80000, 0x6ed10000)
 tenured generation   total 10940K, used 7648K [0x792a0000, 0x79d4f000, 0x8e800000)
   the space 10940K,  69% used [0x792a0000, 0x79a18058, 0x79a18200, 0x79d4f000)
 compacting perm gen  total 12288K, used 7027K [0x8e800000, 0x8f400000, 0x92800000)
   the space 12288K,  57% used [0x8e800000, 0x8eedcc10, 0x8eedce00, 0x8f400000)
    ro space 10240K,  59% used [0x92800000, 0x92dfe3d8, 0x92dfe400, 0x93200000)
    rw space 12288K,  59% used [0x93200000, 0x9391c2b0, 0x9391c400, 0x93e00000)
}
Event: 5375.578 GC heap before
{Heap before GC invocations=4377 (full 28):
 def new generation   total 5184K, used 4937K [0x6e800000, 0x6eda0000, 0x792a0000)
  eden space 4608K, 100% used [0x6e800000, 0x6ec80000, 0x6ec80000)
  from space 576K,  57% used [0x6ed10000, 0x6ed62550, 0x6eda0000)
  to   space 576K,   0% used [0x6ec80000, 0x6ec80000, 0x6ed10000)
 tenured generation   total 10940K, used 7648K [0x792a0000, 0x79d4f000, 0x8e800000)
   the space 10940K,  69% used [0x792a0000, 0x79a18058, 0x79a18200, 0x79d4f000)
 compacting perm gen  total 12288K, used 7027K [0x8e800000, 0x8f400000, 0x92800000)
   the space 12288K,  57% used [0x8e800000, 0x8eedcc10, 0x8eedce00, 0x8f400000)
    ro space 10240K,  59% used [0x92800000, 0x92dfe3d8, 0x92dfe400, 0x93200000)
    rw space 12288K,  59% used [0x93200000, 0x9391c2b0, 0x9391c400, 0x93e00000)
Event: 5375.579 GC heap after
Heap after GC invocations=4378 (full 28):
 def new generation   total 5184K, used 179K [0x6e800000, 0x6eda0000, 0x792a0000)
  eden space 4608K,   0% used [0x6e800000, 0x6e800000, 0x6ec80000)
  from space 576K,  31% used [0x6ec80000, 0x6ecace50, 0x6ed10000)
  to   space 576K,   0% used [0x6ed10000, 0x6ed10000, 0x6eda0000)
 tenured generation   total 10940K, used 7885K [0x792a0000, 0x79d4f000, 0x8e800000)
   the space 10940K,  72% used [0x792a0000, 0x79a53500, 0x79a53600, 0x79d4f000)
 compacting perm gen  total 12288K, used 7027K [0x8e800000, 0x8f400000, 0x92800000)
   the space 12288K,  57% used [0x8e800000, 0x8eedcc10, 0x8eedce00, 0x8f400000)
    ro space 10240K,  59% used [0x92800000, 0x92dfe3d8, 0x92dfe400, 0x93200000)
    rw space 12288K,  59% used [0x93200000, 0x9391c2b0, 0x9391c400, 0x93e00000)
}
Event: 5375.669 GC heap before
{Heap before GC invocations=4378 (full 28):
 def new generation   total 5184K, used 4787K [0x6e800000, 0x6eda0000, 0x792a0000)
  eden space 4608K, 100% used [0x6e800000, 0x6ec80000, 0x6ec80000)
  from space 576K,  31% used [0x6ec80000, 0x6ecace50, 0x6ed10000)
  to   space 576K,   0% used [0x6ed10000, 0x6ed10000, 0x6eda0000)
 tenured generation   total 10940K, used 7885K [0x792a0000, 0x79d4f000, 0x8e800000)
   the space 10940K,  72% used [0x792a0000, 0x79a53500, 0x79a53600, 0x79d4f000)
 compacting perm gen  total 12288K, used 7027K [0x8e800000, 0x8f400000, 0x92800000)
   the space 12288K,  57% used [0x8e800000, 0x8eedcc20, 0x8eedce00, 0x8f400000)
    ro space 10240K,  59% used [0x92800000, 0x92dfe3d8, 0x92dfe400, 0x93200000)
    rw space 12288K,  59% used [0x93200000, 0x9391c2b0, 0x9391c400, 0x93e00000)
Event: 5375.670 GC heap after
Heap after GC invocations=4379 (full 28):
 def new generation   total 5184K, used 261K [0x6e800000, 0x6eda0000, 0x792a0000)
  eden space 4608K,   0% used [0x6e800000, 0x6e800000, 0x6ec80000)
  from space 576K,  45% used [0x6ed10000, 0x6ed51758, 0x6eda0000)
  to   space 576K,   0% used [0x6ec80000, 0x6ec80000, 0x6ed10000)
 tenured generation   total 10940K, used 7885K [0x792a0000, 0x79d4f000, 0x8e800000)
   the space 10940K,  72% used [0x792a0000, 0x79a53500, 0x79a53600, 0x79d4f000)
 compacting perm gen  total 12288K, used 7027K [0x8e800000, 0x8f400000, 0x92800000)
   the space 12288K,  57% used [0x8e800000, 0x8eedcc20, 0x8eedce00, 0x8f400000)
    ro space 10240K,  59% used [0x92800000, 0x92dfe3d8, 0x92dfe400, 0x93200000)
    rw space 12288K,  59% used [0x93200000, 0x9391c2b0, 0x9391c400, 0x93e00000)
}

Deoptimization events (0 events):
No events

Internal exceptions (10 events):
Event: 5110.003 Thread 0xb3853800 Threw 0x6e806978 at /build/openjdk-7-Ylwexc/openjdk-7-7u111-2.6.7/build/openjdk/hotspot/src/share/vm/prims/jni.cpp:747
Event: 5134.040 Thread 0x089a3800 Threw 0x6e95d318 at /build/openjdk-7-Ylwexc/openjdk-7-7u111-2.6.7/build/openjdk/hotspot/src/share/vm/prims/jvm.cpp:1322
Event: 5232.116 Thread 0xb3853800 Threw 0x6e940780 at /build/openjdk-7-Ylwexc/openjdk-7-7u111-2.6.7/build/openjdk/hotspot/src/share/vm/prims/jni.cpp:747
Event: 5237.264 Thread 0x089a4400 Threw 0x6e85f630 at /build/openjdk-7-Ylwexc/openjdk-7-7u111-2.6.7/build/openjdk/hotspot/src/share/vm/prims/jvm.cpp:1322
Event: 5241.515 Thread 0x089a4400 Threw 0x6e8e7e68 at /build/openjdk-7-Ylwexc/openjdk-7-7u111-2.6.7/build/openjdk/hotspot/src/share/vm/prims/jvm.cpp:1322
Event: 5348.305 Thread 0xb3853800 Threw 0x6eaadd30 at /build/openjdk-7-Ylwexc/openjdk-7-7u111-2.6.7/build/openjdk/hotspot/src/share/vm/prims/jvm.cpp:1322
Event: 5348.309 Thread 0xb3853800 Threw 0x6eabe8f8 at /build/openjdk-7-Ylwexc/openjdk-7-7u111-2.6.7/build/openjdk/hotspot/src/share/vm/prims/jvm.cpp:1322
Event: 5366.368 Thread 0xb3853800 Threw 0x6e95da48 at /build/openjdk-7-Ylwexc/openjdk-7-7u111-2.6.7/build/openjdk/hotspot/src/share/vm/prims/jni.cpp:747
Event: 5370.666 Thread 0x08b82800 Threw 0x6e91fa40 at /build/openjdk-7-Ylwexc/openjdk-7-7u111-2.6.7/build/openjdk/hotspot/src/share/vm/prims/jvm.cpp:1322
Event: 5374.987 Thread 0x08b82800 Threw 0x6eb88618 at /build/openjdk-7-Ylwexc/openjdk-7-7u111-2.6.7/build/openjdk/hotspot/src/share/vm/prims/jvm.cpp:1322

Events (10 events):
Event: 5375.753 Executing VM operation: RevokeBias done
Event: 5376.549 Thread 0x08c0e400 Thread added: 0x08c0e400
Event: 5376.549 Executing VM operation: RevokeBias
Event: 5376.552 Executing VM operation: RevokeBias done
Event: 5376.554 Executing VM operation: RevokeBias
Event: 5376.554 Executing VM operation: RevokeBias done
Event: 5376.554 Executing VM operation: RevokeBias
Event: 5376.554 Executing VM operation: RevokeBias done
Event: 5376.554 Executing VM operation: RevokeBias
Event: 5376.554 Executing VM operation: RevokeBias done


Dynamic libraries:
08048000-08049000 r-xp 00000000 08:01 277188     /usr/lib/jvm/java-7-openjdk-i386/jre/bin/java
08049000-0804a000 r--p 00000000 08:01 277188     /usr/lib/jvm/java-7-openjdk-i386/jre/bin/java
0804a000-0804b000 rw-p 00001000 08:01 277188     /usr/lib/jvm/java-7-openjdk-i386/jre/bin/java
08780000-08c37000 rw-p 00000000 00:00 0          [heap]
6e800000-6eda0000 rw-p 00000000 00:00 0 
6eda0000-792a0000 rw-p 00000000 00:00 0 
792a0000-79d4f000 rw-p 00000000 00:00 0 
79d4f000-8e800000 rw-p 00000000 00:00 0 
8e800000-8f400000 rw-p 00000000 00:00 0 
8f400000-92800000 rw-p 00000000 00:00 0 
92800000-92dff000 r--p 00001000 08:01 199405     /usr/lib/jvm/java-7-openjdk-i386/jre/lib/i386/client/classes.jsa
92dff000-93200000 rw-p 00000000 00:00 0 
93200000-9391d000 rw-p 00600000 08:01 199405     /usr/lib/jvm/java-7-openjdk-i386/jre/lib/i386/client/classes.jsa
9391d000-93e00000 rw-p 00000000 00:00 0 
93e00000-94114000 rw-p 00d1d000 08:01 199405     /usr/lib/jvm/java-7-openjdk-i386/jre/lib/i386/client/classes.jsa
94114000-94200000 rw-p 00000000 00:00 0 
94200000-94209000 r-xp 01031000 08:01 199405     /usr/lib/jvm/java-7-openjdk-i386/jre/lib/i386/client/classes.jsa
94209000-94600000 rw-p 00000000 00:00 0 
b0e9f000-b0ecc000 r-xp 00000000 00:1d 3713630    /home/user/Desktop/nfs/examples/ipv6/rpl-udp/obj_cooja/mtype395.cooja
b0ecc000-b0ecd000 r--p 0002c000 00:1d 3713630    /home/user/Desktop/nfs/examples/ipv6/rpl-udp/obj_cooja/mtype395.cooja
b0ecd000-b0ece000 rw-p 0002d000 00:1d 3713630    /home/user/Desktop/nfs/examples/ipv6/rpl-udp/obj_cooja/mtype395.cooja
b0ece000-b0ed6000 rw-p 00000000 00:00 0 
b0ed6000-b0f03000 r-xp 00000000 00:1d 3713626    /home/user/Desktop/nfs/examples/ipv6/rpl-udp/obj_cooja/mtype933.cooja
b0f03000-b0f04000 r--p 0002c000 00:1d 3713626    /home/user/Desktop/nfs/examples/ipv6/rpl-udp/obj_cooja/mtype933.cooja
b0f04000-b0f05000 rw-p 0002d000 00:1d 3713626    /home/user/Desktop/nfs/examples/ipv6/rpl-udp/obj_cooja/mtype933.cooja
b0f05000-b0f0d000 rw-p 00000000 00:00 0 
b0f0d000-b0f3a000 r-xp 00000000 00:1d 3713622    /home/user/Desktop/nfs/examples/ipv6/rpl-udp/obj_cooja/mtype506.cooja
b0f3a000-b0f3b000 r--p 0002c000 00:1d 3713622    /home/user/Desktop/nfs/examples/ipv6/rpl-udp/obj_cooja/mtype506.cooja
b0f3b000-b0f3c000 rw-p 0002d000 00:1d 3713622    /home/user/Desktop/nfs/examples/ipv6/rpl-udp/obj_cooja/mtype506.cooja
b0f3c000-b0f44000 rw-p 00000000 00:00 0 
b0f44000-b0f71000 r-xp 00000000 00:1d 3713618    /home/user/Desktop/nfs/examples/ipv6/rpl-udp/obj_cooja/mtype862.cooja
b0f71000-b0f72000 r--p 0002c000 00:1d 3713618    /home/user/Desktop/nfs/examples/ipv6/rpl-udp/obj_cooja/mtype862.cooja
b0f72000-b0f73000 rw-p 0002d000 00:1d 3713618    /home/user/Desktop/nfs/examples/ipv6/rpl-udp/obj_cooja/mtype862.cooja
b0f73000-b0f7b000 rw-p 00000000 00:00 0 
b0f7b000-b0fa8000 r-xp 00000000 00:1d 3713613    /home/user/Desktop/nfs/examples/ipv6/rpl-udp/obj_cooja/mtype154.cooja
b0fa8000-b0fa9000 r--p 0002c000 00:1d 3713613    /home/user/Desktop/nfs/examples/ipv6/rpl-udp/obj_cooja/mtype154.cooja
b0fa9000-b0faa000 rw-p 0002d000 00:1d 3713613    /home/user/Desktop/nfs/examples/ipv6/rpl-udp/obj_cooja/mtype154.cooja
b0faa000-b0fb2000 rw-p 00000000 00:00 0 
b0fb2000-b0fb5000 ---p 00000000 00:00 0 
b0fb5000-b1003000 rw-p 00000000 00:00 0 
b1003000-b1006000 ---p 00000000 00:00 0 
b1006000-b1054000 rw-p 00000000 00:00 0          [stack:8835]
b1054000-b1081000 r-xp 00000000 00:1d 3713609    /home/user/Desktop/nfs/examples/ipv6/rpl-udp/obj_cooja/mtype615.cooja
b1081000-b1082000 r--p 0002c000 00:1d 3713609    /home/user/Desktop/nfs/examples/ipv6/rpl-udp/obj_cooja/mtype615.cooja
b1082000-b1083000 rw-p 0002d000 00:1d 3713609    /home/user/Desktop/nfs/examples/ipv6/rpl-udp/obj_cooja/mtype615.cooja
b1083000-b108b000 rw-p 00000000 00:00 0 
b108b000-b108e000 ---p 00000000 00:00 0 
b108e000-b10dc000 rw-p 00000000 00:00 0          [stack:9060]
b10dc000-b10df000 ---p 00000000 00:00 0 
b10df000-b112d000 rw-p 00000000 00:00 0          [stack:8787]
b112d000-b1130000 ---p 00000000 00:00 0 
b1130000-b117e000 rw-p 00000000 00:00 0          [stack:8992]
b117e000-b11ac000 r-xp 00000000 00:1d 3713380    /home/user/Desktop/nfs/examples/ipv6/rpl-udp/obj_cooja/mtype157.cooja
b11ac000-b11ad000 r--p 0002d000 00:1d 3713380    /home/user/Desktop/nfs/examples/ipv6/rpl-udp/obj_cooja/mtype157.cooja
b11ad000-b11ae000 rw-p 0002e000 00:1d 3713380    /home/user/Desktop/nfs/examples/ipv6/rpl-udp/obj_cooja/mtype157.cooja
b11ae000-b11b6000 rw-p 00000000 00:00 0 
b11b6000-b11b9000 ---p 00000000 00:00 0 
b11b9000-b1207000 rw-p 00000000 00:00 0          [stack:8692]
b1207000-b120a000 ---p 00000000 00:00 0 
b120a000-b1258000 rw-p 00000000 00:00 0          [stack:8681]
b1258000-b1285000 r-xp 00000000 00:1d 3713605    /home/user/Desktop/nfs/examples/ipv6/rpl-udp/obj_cooja/mtype416.cooja
b1285000-b1286000 r--p 0002d000 00:1d 3713605    /home/user/Desktop/nfs/examples/ipv6/rpl-udp/obj_cooja/mtype416.cooja
b1286000-b1287000 rw-p 0002e000 00:1d 3713605    /home/user/Desktop/nfs/examples/ipv6/rpl-udp/obj_cooja/mtype416.cooja
b1287000-b128f000 rw-p 00000000 00:00 0 
b128f000-b1292000 ---p 00000000 00:00 0 
b1292000-b12e0000 rw-p 00000000 00:00 0          [stack:9119]
b12e0000-b12e3000 ---p 00000000 00:00 0 
b12e3000-b1331000 rw-p 00000000 00:00 0          [stack:8638]
b1331000-b1334000 ---p 00000000 00:00 0 
b1334000-b1382000 rw-p 00000000 00:00 0          [stack:8944]
b1382000-b13af000 r-xp 00000000 00:1d 3713283    /home/user/Desktop/nfs/examples/ipv6/rpl-udp/obj_cooja/mtype400.cooja
b13af000-b13b0000 r--p 0002d000 00:1d 3713283    /home/user/Desktop/nfs/examples/ipv6/rpl-udp/obj_cooja/mtype400.cooja
b13b0000-b13b1000 rw-p 0002e000 00:1d 3713283    /home/user/Desktop/nfs/examples/ipv6/rpl-udp/obj_cooja/mtype400.cooja
b13b1000-b13b9000 rw-p 00000000 00:00 0 
b13b9000-b13bc000 ---p 00000000 00:00 0 
b13bc000-b140a000 rw-p 00000000 00:00 0          [stack:8600]
b140a000-b140d000 ---p 00000000 00:00 0 
b140d000-b145b000 rw-p 00000000 00:00 0          [stack:8589]
b145b000-b145e000 ---p 00000000 00:00 0 
b145e000-b14ac000 rw-p 00000000 00:00 0          [stack:9059]
b14ac000-b14d9000 r-xp 00000000 00:1d 3713379    /home/user/Desktop/nfs/examples/ipv6/rpl-udp/obj_cooja/mtype242.cooja
b14d9000-b14da000 r--p 0002d000 00:1d 3713379    /home/user/Desktop/nfs/examples/ipv6/rpl-udp/obj_cooja/mtype242.cooja
b14da000-b14db000 rw-p 0002e000 00:1d 3713379    /home/user/Desktop/nfs/examples/ipv6/rpl-udp/obj_cooja/mtype242.cooja
b14db000-b14e3000 rw-p 00000000 00:00 0 
b14e3000-b1510000 r-xp 00000000 00:1d 3713602    /home/user/Desktop/nfs/examples/ipv6/rpl-udp/obj_cooja/mtype374.cooja
b1510000-b1511000 r--p 0002c000 00:1d 3713602    /home/user/Desktop/nfs/examples/ipv6/rpl-udp/obj_cooja/mtype374.cooja
b1511000-b1512000 rw-p 0002d000 00:1d 3713602    /home/user/Desktop/nfs/examples/ipv6/rpl-udp/obj_cooja/mtype374.cooja
b1512000-b151a000 rw-p 00000000 00:00 0 
b151a000-b151d000 ---p 00000000 00:00 0 
b151d000-b156b000 rw-p 00000000 00:00 0          [stack:8553]
b156b000-b156e000 ---p 00000000 00:00 0 
b156e000-b15bc000 rw-p 00000000 00:00 0          [stack:7700]
b15bc000-b15e9000 r-xp 00000000 00:1d 3713598    /home/user/Desktop/nfs/examples/ipv6/rpl-udp/obj_cooja/mtype266.cooja
b15e9000-b15ea000 r--p 0002c000 00:1d 3713598    /home/user/Desktop/nfs/examples/ipv6/rpl-udp/obj_cooja/mtype266.cooja
b15ea000-b15eb000 rw-p 0002d000 00:1d 3713598    /home/user/Desktop/nfs/examples/ipv6/rpl-udp/obj_cooja/mtype266.cooja
b15eb000-b15f3000 rw-p 00000000 00:00 0 
b15f3000-b1620000 r-xp 00000000 00:1d 3713593    /home/user/Desktop/nfs/examples/ipv6/rpl-udp/obj_cooja/mtype792.cooja
b1620000-b1621000 r--p 0002c000 00:1d 3713593    /home/user/Desktop/nfs/examples/ipv6/rpl-udp/obj_cooja/mtype792.cooja
b1621000-b1622000 rw-p 0002d000 00:1d 3713593    /home/user/Desktop/nfs/examples/ipv6/rpl-udp/obj_cooja/mtype792.cooja
b1622000-b162a000 rw-p 00000000 00:00 0 
b162a000-b162d000 ---p 00000000 00:00 0 
b162d000-b167b000 rw-p 00000000 00:00 0          [stack:6803]
b167b000-b167e000 ---p 00000000 00:00 0 
b167e000-b16cc000 rw-p 00000000 00:00 0          [stack:8542]
b16cc000-b16f9000 r-xp 00000000 00:1d 3713589    /home/user/Desktop/nfs/examples/ipv6/rpl-udp/obj_cooja/mtype401.cooja
b16f9000-b16fa000 r--p 0002c000 00:1d 3713589    /home/user/Desktop/nfs/examples/ipv6/rpl-udp/obj_cooja/mtype401.cooja
b16fa000-b16fb000 rw-p 0002d000 00:1d 3713589    /home/user/Desktop/nfs/examples/ipv6/rpl-udp/obj_cooja/mtype401.cooja
b16fb000-b1703000 rw-p 00000000 00:00 0 
b1703000-b1730000 r-xp 00000000 00:1d 3713586    /home/user/Desktop/nfs/examples/ipv6/rpl-udp/obj_cooja/mtype382.cooja
b1730000-b1731000 r--p 0002c000 00:1d 3713586    /home/user/Desktop/nfs/examples/ipv6/rpl-udp/obj_cooja/mtype382.cooja
b1731000-b1732000 rw-p 0002d000 00:1d 3713586    /home/user/Desktop/nfs/examples/ipv6/rpl-udp/obj_cooja/mtype382.cooja
b1732000-b173a000 rw-p 00000000 00:00 0 
b173a000-b173d000 ---p 00000000 00:00 0 
b173d000-b178b000 rw-p 00000000 00:00 0          [stack:9108]
b178b000-b178e000 ---p 00000000 00:00 0 
b178e000-b17dc000 rw-p 00000000 00:00 0          [stack:6673]
b17dc000-b1809000 r-xp 00000000 00:1d 3713559    /home/user/Desktop/nfs/examples/ipv6/rpl-udp/obj_cooja/mtype951.cooja
b1809000-b180a000 r--p 0002c000 00:1d 3713559    /home/user/Desktop/nfs/examples/ipv6/rpl-udp/obj_cooja/mtype951.cooja
b180a000-b180b000 rw-p 0002d000 00:1d 3713559    /home/user/Desktop/nfs/examples/ipv6/rpl-udp/obj_cooja/mtype951.cooja
b180b000-b1813000 rw-p 00000000 00:00 0 
b1813000-b1840000 r-xp 00000000 00:1d 3713550    /home/user/Desktop/nfs/examples/ipv6/rpl-udp/obj_cooja/mtype762.cooja
b1840000-b1841000 r--p 0002c000 00:1d 3713550    /home/user/Desktop/nfs/examples/ipv6/rpl-udp/obj_cooja/mtype762.cooja
b1841000-b1842000 rw-p 0002d000 00:1d 3713550    /home/user/Desktop/nfs/examples/ipv6/rpl-udp/obj_cooja/mtype762.cooja
b1842000-b184a000 rw-p 00000000 00:00 0 
b184a000-b1877000 r-xp 00000000 00:1d 3713507    /home/user/Desktop/nfs/examples/ipv6/rpl-udp/obj_cooja/mtype655.cooja
b1877000-b1878000 r--p 0002c000 00:1d 3713507    /home/user/Desktop/nfs/examples/ipv6/rpl-udp/obj_cooja/mtype655.cooja
b1878000-b1879000 rw-p 0002d000 00:1d 3713507    /home/user/Desktop/nfs/examples/ipv6/rpl-udp/obj_cooja/mtype655.cooja
b1879000-b1881000 rw-p 00000000 00:00 0 
b1881000-b18ae000 r-xp 00000000 00:1d 3713378    /home/user/Desktop/nfs/examples/ipv6/rpl-udp/obj_cooja/mtype475.cooja
b18ae000-b18af000 r--p 0002c000 00:1d 3713378    /home/user/Desktop/nfs/examples/ipv6/rpl-udp/obj_cooja/mtype475.cooja
b18af000-b18b0000 rw-p 0002d000 00:1d 3713378    /home/user/Desktop/nfs/examples/ipv6/rpl-udp/obj_cooja/mtype475.cooja
b18b0000-b18b8000 rw-p 00000000 00:00 0 
b18b8000-b18e5000 r-xp 00000000 00:1d 3713349    /home/user/Desktop/nfs/examples/ipv6/rpl-udp/obj_cooja/mtype196.cooja
b18e5000-b18e6000 r--p 0002c000 00:1d 3713349    /home/user/Desktop/nfs/examples/ipv6/rpl-udp/obj_cooja/mtype196.cooja
b18e6000-b18e7000 rw-p 0002d000 00:1d 3713349    /home/user/Desktop/nfs/examples/ipv6/rpl-udp/obj_cooja/mtype196.cooja
b18e7000-b18ef000 rw-p 00000000 00:00 0 
b18ef000-b191c000 r-xp 00000000 00:1d 3713039    /home/user/Desktop/nfs/examples/ipv6/rpl-udp/obj_cooja/mtype234.cooja
b191c000-b191d000 r--p 0002c000 00:1d 3713039    /home/user/Desktop/nfs/examples/ipv6/rpl-udp/obj_cooja/mtype234.cooja
b191d000-b191e000 rw-p 0002d000 00:1d 3713039    /home/user/Desktop/nfs/examples/ipv6/rpl-udp/obj_cooja/mtype234.cooja
b191e000-b1926000 rw-p 00000000 00:00 0 
b1926000-b1929000 ---p 00000000 00:00 0 
b1929000-b1977000 rw-p 00000000 00:00 0          [stack:7652]
b1977000-b197a000 ---p 00000000 00:00 0 
b197a000-b19c8000 rw-p 00000000 00:00 0          [stack:6340]
b19c8000-b19f5000 r-xp 00000000 00:1d 3711831    /home/user/Desktop/nfs/examples/ipv6/rpl-udp/obj_cooja/mtype491.cooja
b19f5000-b19f6000 r--p 0002c000 00:1d 3711831    /home/user/Desktop/nfs/examples/ipv6/rpl-udp/obj_cooja/mtype491.cooja
b19f6000-b19f7000 rw-p 0002d000 00:1d 3711831    /home/user/Desktop/nfs/examples/ipv6/rpl-udp/obj_cooja/mtype491.cooja
b19f7000-b19ff000 rw-p 00000000 00:00 0 
b19ff000-b1a02000 ---p 00000000 00:00 0 
b1a02000-b1a50000 rw-p 00000000 00:00 0          [stack:6516]
b1a50000-b1a53000 ---p 00000000 00:00 0 
b1a53000-b1aa1000 rw-p 00000000 00:00 0          [stack:6292]
b1aa1000-b1aa4000 ---p 00000000 00:00 0 
b1aa4000-b1af2000 rw-p 00000000 00:00 0          [stack:6754]
b1af2000-b1b1f000 r-xp 00000000 00:1d 3701159    /home/user/Desktop/nfs/examples/ipv6/rpl-udp/obj_cooja/mtype137.cooja
b1b1f000-b1b20000 r--p 0002c000 00:1d 3701159    /home/user/Desktop/nfs/examples/ipv6/rpl-udp/obj_cooja/mtype137.cooja
b1b20000-b1b21000 rw-p 0002d000 00:1d 3701159    /home/user/Desktop/nfs/examples/ipv6/rpl-udp/obj_cooja/mtype137.cooja
b1b21000-b1b29000 rw-p 00000000 00:00 0 
b1b29000-b1b2c000 ---p 00000000 00:00 0 
b1b2c000-b1b7a000 rw-p 00000000 00:00 0          [stack:6625]
b1b7a000-b1b7d000 ---p 00000000 00:00 0 
b1b7d000-b1bcb000 rw-p 00000000 00:00 0          [stack:6239]
b1bcb000-b1bf8000 r-xp 00000000 00:1d 3700894    /home/user/Desktop/nfs/examples/ipv6/rpl-udp/obj_cooja/mtype858.cooja
b1bf8000-b1bf9000 r--p 0002c000 00:1d 3700894    /home/user/Desktop/nfs/examples/ipv6/rpl-udp/obj_cooja/mtype858.cooja
b1bf9000-b1bfa000 rw-p 0002d000 00:1d 3700894    /home/user/Desktop/nfs/examples/ipv6/rpl-udp/obj_cooja/mtype858.cooja
b1bfa000-b1c02000 rw-p 00000000 00:00 0 
b1c02000-b1c05000 ---p 00000000 00:00 0 
b1c05000-b1c53000 rw-p 00000000 00:00 0          [stack:6228]
b1c53000-b1c80000 r-xp 00000000 00:1d 3683577    /home/user/Desktop/nfs/examples/ipv6/rpl-udp/obj_cooja/mtype764.cooja
b1c80000-b1c81000 r--p 0002c000 00:1d 3683577    /home/user/Desktop/nfs/examples/ipv6/rpl-udp/obj_cooja/mtype764.cooja
b1c81000-b1c82000 rw-p 0002d000 00:1d 3683577    /home/user/Desktop/nfs/examples/ipv6/rpl-udp/obj_cooja/mtype764.cooja
b1c82000-b1c8a000 rw-p 00000000 00:00 0 
b1c8a000-b1cb7000 r-xp 00000000 00:1d 3700855    /home/user/Desktop/nfs/examples/ipv6/rpl-udp/obj_cooja/mtype914.cooja
b1cb7000-b1cb8000 r--p 0002c000 00:1d 3700855    /home/user/Desktop/nfs/examples/ipv6/rpl-udp/obj_cooja/mtype914.cooja
b1cb8000-b1cb9000 rw-p 0002d000 00:1d 3700855    /home/user/Desktop/nfs/examples/ipv6/rpl-udp/obj_cooja/mtype914.cooja
b1cb9000-b1cc1000 rw-p 00000000 00:00 0 
b1cc1000-b1cee000 r-xp 00000000 00:1d 3683571    /home/user/Desktop/nfs/examples/ipv6/rpl-udp/obj_cooja/mtype286.cooja
b1cee000-b1cef000 r--p 0002c000 00:1d 3683571    /home/user/Desktop/nfs/examples/ipv6/rpl-udp/obj_cooja/mtype286.cooja
b1cef000-b1cf0000 rw-p 0002d000 00:1d 3683571    /home/user/Desktop/nfs/examples/ipv6/rpl-udp/obj_cooja/mtype286.cooja
b1cf0000-b1cf8000 rw-p 00000000 00:00 0 
b1cf8000-b1cfb000 ---p 00000000 00:00 0 
b1cfb000-b1d49000 rw-p 00000000 00:00 0          [stack:6185]
b1d49000-b1d4c000 ---p 00000000 00:00 0 
b1d4c000-b1d9a000 rw-p 00000000 00:00 0          [stack:5973]
b1d9a000-b1dc7000 r-xp 00000000 00:1d 3683567    /home/user/Desktop/nfs/examples/ipv6/rpl-udp/obj_cooja/mtype504.cooja
b1dc7000-b1dc8000 r--p 0002c000 00:1d 3683567    /home/user/Desktop/nfs/examples/ipv6/rpl-udp/obj_cooja/mtype504.cooja
b1dc8000-b1dc9000 rw-p 0002d000 00:1d 3683567    /home/user/Desktop/nfs/examples/ipv6/rpl-udp/obj_cooja/mtype504.cooja
b1dc9000-b1dd1000 rw-p 00000000 00:00 0 
b1dd1000-b1dd4000 ---p 00000000 00:00 0 
b1dd4000-b1e22000 rw-p 00000000 00:00 0          [stack:6455]
b1e22000-b1e25000 ---p 00000000 00:00 0 
b1e25000-b1e73000 rw-p 00000000 00:00 0          [stack:5925]
b1e73000-b1e76000 ---p 00000000 00:00 0 
b1e76000-b1ec4000 rw-p 00000000 00:00 0          [stack:6045]
b1ec4000-b1ec7000 ---p 00000000 00:00 0 
b1ec7000-b1f15000 rw-p 00000000 00:00 0          [stack:5876]
b1f15000-b1f18000 ---p 00000000 00:00 0 
b1f18000-b1f66000 rw-p 00000000 00:00 0          [stack:5865]
b1f66000-b1f69000 ---p 00000000 00:00 0 
b1f69000-b1fb7000 rw-p 00000000 00:00 0          [stack:6088]
b1fb7000-b1fba000 ---p 00000000 00:00 0 
b1fba000-b2008000 rw-p 00000000 00:00 0          [stack:5815]
b2008000-b200b000 ---p 00000000 00:00 0 
b200b000-b2059000 rw-p 00000000 00:00 0          [stack:5804]
b2059000-b205c000 ---p 00000000 00:00 0 
b205c000-b20aa000 rw-p 00000000 00:00 0          [stack:6029]
b20aa000-b20ad000 ---p 00000000 00:00 0 
b20ad000-b20fb000 rw-p 00000000 00:00 0          [stack:5756]
b20fb000-b20fe000 ---p 00000000 00:00 0 
b20fe000-b214c000 rw-p 00000000 00:00 0          [stack:5745]
b214c000-b214f000 ---p 00000000 00:00 0 
b214f000-b219d000 rw-p 00000000 00:00 0          [stack:6147]
b219d000-b21a0000 ---p 00000000 00:00 0 
b21a0000-b21ee000 rw-p 00000000 00:00 0          [stack:5711]
b21ee000-b21f1000 ---p 00000000 00:00 0 
b21f1000-b223f000 rw-p 00000000 00:00 0          [stack:5700]
b223f000-b2242000 ---p 00000000 00:00 0 
b2242000-b2290000 rw-p 00000000 00:00 0          [stack:6136]
b2290000-b2293000 ---p 00000000 00:00 0 
b2293000-b22e1000 rw-p 00000000 00:00 0          [stack:5653]
b22e1000-b22e4000 ---p 00000000 00:00 0 
b22e4000-b2332000 rw-p 00000000 00:00 0          [stack:5642]
b2332000-b2335000 ---p 00000000 00:00 0 
b2335000-b2383000 rw-p 00000000 00:00 0          [stack:6565]
b2383000-b23b0000 r-xp 00000000 00:1d 3683507    /home/user/Desktop/nfs/examples/ipv6/rpl-udp/obj_cooja/mtype946.cooja
b23b0000-b23b1000 r--p 0002c000 00:1d 3683507    /home/user/Desktop/nfs/examples/ipv6/rpl-udp/obj_cooja/mtype946.cooja
b23b1000-b23b2000 rw-p 0002d000 00:1d 3683507    /home/user/Desktop/nfs/examples/ipv6/rpl-udp/obj_cooja/mtype946.cooja
b23b2000-b23ba000 rw-p 00000000 00:00 0 
b23ba000-b23e7000 r-xp 00000000 00:1d 3683501    /home/user/Desktop/nfs/examples/ipv6/rpl-udp/obj_cooja/mtype975.cooja
b23e7000-b23e8000 r--p 0002c000 00:1d 3683501    /home/user/Desktop/nfs/examples/ipv6/rpl-udp/obj_cooja/mtype975.cooja
b23e8000-b23e9000 rw-p 0002d000 00:1d 3683501    /home/user/Desktop/nfs/examples/ipv6/rpl-udp/obj_cooja/mtype975.cooja
b23e9000-b23f1000 rw-p 00000000 00:00 0 
b23f1000-b241e000 r-xp 00000000 00:1d 3683498    /home/user/Desktop/nfs/examples/ipv6/rpl-udp/obj_cooja/mtype233.cooja
b241e000-b241f000 r--p 0002c000 00:1d 3683498    /home/user/Desktop/nfs/examples/ipv6/rpl-udp/obj_cooja/mtype233.cooja
b241f000-b2420000 rw-p 0002d000 00:1d 3683498    /home/user/Desktop/nfs/examples/ipv6/rpl-udp/obj_cooja/mtype233.cooja
b2420000-b2428000 rw-p 00000000 00:00 0 
b2428000-b242b000 ---p 00000000 00:00 0 
b242b000-b2479000 rw-p 00000000 00:00 0          [stack:5599]
b2479000-b247c000 ---p 00000000 00:00 0 
b247c000-b24ca000 rw-p 00000000 00:00 0          [stack:4496]
b24ca000-b24f7000 r-xp 00000000 00:1d 3683491    /home/user/Desktop/nfs/examples/ipv6/rpl-udp/obj_cooja/mtype634.cooja
b24f7000-b24f8000 r--p 0002c000 00:1d 3683491    /home/user/Desktop/nfs/examples/ipv6/rpl-udp/obj_cooja/mtype634.cooja
b24f8000-b24f9000 rw-p 0002d000 00:1d 3683491    /home/user/Desktop/nfs/examples/ipv6/rpl-udp/obj_cooja/mtype634.cooja
b24f9000-b2501000 rw-p 00000000 00:00 0 
b2501000-b2504000 ---p 00000000 00:00 0 
b2504000-b2552000 rw-p 00000000 00:00 0          [stack:6407]
b2552000-b2555000 ---p 00000000 00:00 0 
b2555000-b25a3000 rw-p 00000000 00:00 0          [stack:4448]
b25a3000-b25a6000 ---p 00000000 00:00 0 
b25a6000-b25f4000 rw-p 00000000 00:00 0          [stack:9109]
b25f4000-b2621000 r-xp 00000000 00:1d 3683378    /home/user/Desktop/nfs/examples/ipv6/rpl-udp/obj_cooja/mtype697.cooja
b2621000-b2622000 r--p 0002c000 00:1d 3683378    /home/user/Desktop/nfs/examples/ipv6/rpl-udp/obj_cooja/mtype697.cooja
b2622000-b2623000 rw-p 0002d000 00:1d 3683378    /home/user/Desktop/nfs/examples/ipv6/rpl-udp/obj_cooja/mtype697.cooja
b2623000-b262b000 rw-p 00000000 00:00 0 
b262b000-b262e000 ---p 00000000 00:00 0 
b262e000-b267c000 rw-p 00000000 00:00 0          [stack:4410]
b267c000-b267f000 ---p 00000000 00:00 0 
b267f000-b26cd000 rw-p 00000000 00:00 0          [stack:4399]
b26cd000-b26fa000 r-xp 00000000 00:1d 3683484    /home/user/Desktop/nfs/examples/ipv6/rpl-udp/obj_cooja/mtype43.cooja
b26fa000-b26fb000 r--p 0002c000 00:1d 3683484    /home/user/Desktop/nfs/examples/ipv6/rpl-udp/obj_cooja/mtype43.cooja
b26fb000-b26fc000 rw-p 0002d000 00:1d 3683484    /home/user/Desktop/nfs/examples/ipv6/rpl-udp/obj_cooja/mtype43.cooja
b26fc000-b2704000 rw-p 00000000 00:00 0 
b2704000-b2733000 r-xp 00000000 00:1d 3683375    /home/user/Desktop/nfs/examples/ipv6/rpl-udp/obj_cooja/mtype170.cooja
b2733000-b2734000 r--p 0002e000 00:1d 3683375    /home/user/Desktop/nfs/examples/ipv6/rpl-udp/obj_cooja/mtype170.cooja
b2734000-b2735000 rw-p 0002f000 00:1d 3683375    /home/user/Desktop/nfs/examples/ipv6/rpl-udp/obj_cooja/mtype170.cooja
b2735000-b273d000 rw-p 00000000 00:00 0 
b273d000-b2740000 ---p 00000000 00:00 0 
b2740000-b278e000 rw-p 00000000 00:00 0          [stack:5588]
b278e000-b2791000 ---p 00000000 00:00 0 
b2791000-b27df000 rw-p 00000000 00:00 0          [stack:3468]
b27df000-b280e000 r-xp 00000000 00:1d 3683370    /home/user/Desktop/nfs/examples/ipv6/rpl-udp/obj_cooja/mtype597.cooja
b280e000-b280f000 r--p 0002e000 00:1d 3683370    /home/user/Desktop/nfs/examples/ipv6/rpl-udp/obj_cooja/mtype597.cooja
b280f000-b2810000 rw-p 0002f000 00:1d 3683370    /home/user/Desktop/nfs/examples/ipv6/rpl-udp/obj_cooja/mtype597.cooja
b2810000-b2818000 rw-p 00000000 00:00 0 
b2818000-b283d000 rw-s 00000000 00:04 37879828   /SYSV00000000 (deleted)
b283d000-b286d000 r-xp 00000000 00:1d 3683355    /home/user/Desktop/nfs/examples/ipv6/rpl-udp/obj_cooja/mtype990.cooja
b286d000-b286e000 r--p 0002f000 00:1d 3683355    /home/user/Desktop/nfs/examples/ipv6/rpl-udp/obj_cooja/mtype990.cooja
b286e000-b286f000 rw-p 00030000 00:1d 3683355    /home/user/Desktop/nfs/examples/ipv6/rpl-udp/obj_cooja/mtype990.cooja
b286f000-b2877000 rw-p 00000000 00:00 0 
b2877000-b287a000 ---p 00000000 00:00 0 
b287a000-b28c8000 rw-p 00000000 00:00 0          [stack:5523]
b28c8000-b28cb000 ---p 00000000 00:00 0 
b28cb000-b2919000 rw-p 00000000 00:00 0          [stack:3210]
b2919000-b2949000 r-xp 00000000 00:1d 3682333    /home/user/Desktop/nfs/examples/ipv6/rpl-udp/obj_cooja/mtype31.cooja
b2949000-b294a000 r--p 0002f000 00:1d 3682333    /home/user/Desktop/nfs/examples/ipv6/rpl-udp/obj_cooja/mtype31.cooja
b294a000-b294b000 rw-p 00030000 00:1d 3682333    /home/user/Desktop/nfs/examples/ipv6/rpl-udp/obj_cooja/mtype31.cooja
b294b000-b2953000 rw-p 00000000 00:00 0 
b2953000-b2956000 ---p 00000000 00:00 0 
b2956000-b29a4000 rw-p 00000000 00:00 0          [stack:4356]
b29a4000-b29a7000 ---p 00000000 00:00 0 
b29a7000-b29f5000 rw-p 00000000 00:00 0          [stack:3162]
b29f5000-b29f8000 ---p 00000000 00:00 0 
b29f8000-b2a46000 rw-p 00000000 00:00 0          [stack:5475]
b2a46000-b2a49000 ---p 00000000 00:00 0 
b2a49000-b2a5f000 rw-p 00000000 00:00 0          [stack:9014]
b2aba000-b2acb000 rw-s 00000000 00:04 15859731   /SYSV00000000 (deleted)
b2ad2000-b2ad5000 ---p 00000000 00:00 0 
b2ad5000-b2b23000 rw-p 00000000 00:00 0          [stack:3420]
b2b2b000-b2b2d000 rw-p 00000000 00:00 0 
b2b2d000-b31c2000 rw-s 00000000 00:04 1966095    /SYSV00000000 (deleted)
b31c2000-b31c4000 r--s 00003000 00:1d 6161210    /home/user/Desktop/nfs/tools/cooja/apps/powertracker/lib/powertracker.jar
b31c4000-b31c5000 r--s 00002000 00:1d 3705454    /home/user/Desktop/nfs/tools/cooja/apps/collect-view/cooja-collect-view.jar
b31c5000-b31c7000 r--s 00008000 00:1d 10104686   /home/user/Desktop/nfs/tools/cooja/apps/serial_socket/lib/serial_socket.jar
b31c7000-b3201000 r--s 001e1000 00:1d 9048202    /home/user/Desktop/nfs/tools/cooja/apps/avrora/lib/avrora-small.jar
b3201000-b3202000 r--s 00008000 00:1d 9048113    /home/user/Desktop/nfs/tools/cooja/apps/avrora/lib/cooja_avrora.jar
b3202000-b3204000 r--s 00010000 00:1d 6161792    /home/user/Desktop/nfs/tools/cooja/apps/mspsim/lib/jipv6.jar
b3204000-b3205000 r--s 00004000 00:1d 6162693    /home/user/Desktop/nfs/tools/cooja/apps/mspsim/lib/coffee.jar
b3205000-b3211000 r--s 000ea000 00:1d 6161280    /home/user/Desktop/nfs/tools/cooja/apps/mspsim/lib/mspsim.jar
b3211000-b3217000 r--s 00062000 00:1d 6163184    /home/user/Desktop/nfs/tools/cooja/apps/mspsim/lib/cooja_mspsim.jar
b3217000-b321a000 r--s 0001e000 00:1d 6161370    /home/user/Desktop/nfs/tools/cooja/apps/mrm/lib/mrm.jar
b321a000-b321d000 ---p 00000000 00:00 0 
b321d000-b326b000 rw-p 00000000 00:00 0          [stack:3122]
b326b000-b326e000 ---p 00000000 00:00 0 
b326e000-b32bc000 rw-p 00000000 00:00 0          [stack:3121]
b32bc000-b32bf000 ---p 00000000 00:00 0 
b32bf000-b330d000 rw-p 00000000 00:00 0          [stack:3120]
b330d000-b330e000 r--s 00000000 08:01 403951     /var/cache/fontconfig/c05880de57d1f5e948fdfacc138775d9-le32d4.cache-4
b330e000-b3316000 r--s 00000000 08:01 395165     /var/cache/fontconfig/945677eb7aeaf62f1d50efc3fb3ec7d8-le32d4.cache-4
b3316000-b3318000 r--s 00000000 08:01 403828     /var/cache/fontconfig/99e8ed0e538f840c565b6ed5dad60d56-le32d4.cache-4
b3318000-b331c000 r--s 00000000 08:01 403701     /var/cache/fontconfig/2cd17615ca594fa2959ae173292e504c-le32d4.cache-4
b331c000-b331d000 r--s 00000000 08:01 403278     /var/cache/fontconfig/e7071f4a29fa870f4323321c154eba04-le32d4.cache-4
b331d000-b331e000 r--s 00000000 08:01 402342     /var/cache/fontconfig/0d8c3b2ac0904cb8a57a757ad11a4a08-le32d4.cache-4
b331e000-b3323000 r--s 00000000 08:01 402341     /var/cache/fontconfig/a755afe4a08bf5b97852ceb7400b47bc-le32d4.cache-4
b3323000-b332c000 r--s 00000000 08:01 401848     /var/cache/fontconfig/6d41288fd70b0be22e8c3a91e032eec0-le32d4.cache-4
b332c000-b333b000 r--s 00000000 08:01 401847     /var/cache/fontconfig/04aabc0a78ac019cf9454389977116d2-le32d4.cache-4
b333b000-b333c000 r--s 00000000 08:01 401846     /var/cache/fontconfig/1ac9eb803944fde146138c791f5cc56a-le32d4.cache-4
b333c000-b333f000 r--s 00000000 08:01 401845     /var/cache/fontconfig/385c0604a188198f04d133e54aba7fe7-le32d4.cache-4
b333f000-b3341000 r--s 00000000 08:01 393795     /var/cache/fontconfig/767a8244fc0220cfb567a839d0392e0b-le32d4.cache-4
b3341000-b3345000 r--s 00000000 08:01 401841     /var/cache/fontconfig/8801497958630a81b71ace7c5f9b32a8-le32d4.cache-4
b3345000-b334a000 r--s 00000000 08:01 401840     /var/cache/fontconfig/3047814df9a2f067bd2d96a2b9c36e5a-le32d4.cache-4
b334a000-b335a000 r--s 00000000 08:01 401836     /var/cache/fontconfig/d52a8644073d54c13679302ca1180695-le32d4.cache-4
b335a000-b33aa000 r-xp 00000000 08:01 177825     /usr/lib/jvm/java-7-openjdk-i386/jre/lib/i386/libfontmanager.so
b33aa000-b33ac000 r--p 0004f000 08:01 177825     /usr/lib/jvm/java-7-openjdk-i386/jre/lib/i386/libfontmanager.so
b33ac000-b33ad000 rw-p 00051000 08:01 177825     /usr/lib/jvm/java-7-openjdk-i386/jre/lib/i386/libfontmanager.so
b33ad000-b33b0000 ---p 00000000 00:00 0 
b33b0000-b33fe000 rw-p 00000000 00:00 0          [stack:3119]
b33fe000-b3402000 r-xp 00000000 08:01 7640       /usr/lib/i386-linux-gnu/libXfixes.so.3.1.0
b3402000-b3403000 r--p 00003000 08:01 7640       /usr/lib/i386-linux-gnu/libXfixes.so.3.1.0
b3403000-b3404000 rw-p 00004000 08:01 7640       /usr/lib/i386-linux-gnu/libXfixes.so.3.1.0
b3404000-b340d000 r-xp 00000000 08:01 9790       /usr/lib/i386-linux-gnu/libXcursor.so.1.0.2
b340d000-b340e000 r--p 00008000 08:01 9790       /usr/lib/i386-linux-gnu/libXcursor.so.1.0.2
b340e000-b340f000 rw-p 00009000 08:01 9790       /usr/lib/i386-linux-gnu/libXcursor.so.1.0.2
b340f000-b3412000 ---p 00000000 00:00 0 
b3412000-b3460000 rw-p 00000000 00:00 0          [stack:3118]
b3460000-b3486000 r-xp 00000000 08:01 142122     /lib/i386-linux-gnu/libpng12.so.0.50.0
b3486000-b3487000 r--p 00025000 08:01 142122     /lib/i386-linux-gnu/libpng12.so.0.50.0
b3487000-b3488000 rw-p 00026000 08:01 142122     /lib/i386-linux-gnu/libpng12.so.0.50.0
b3488000-b348d000 r-xp 00000000 08:01 5406       /usr/lib/i386-linux-gnu/libXdmcp.so.6.0.0
b348d000-b348e000 r--p 00004000 08:01 5406       /usr/lib/i386-linux-gnu/libXdmcp.so.6.0.0
b348e000-b348f000 rw-p 00005000 08:01 5406       /usr/lib/i386-linux-gnu/libXdmcp.so.6.0.0
b348f000-b34b4000 r-xp 00000000 08:01 131117     /lib/i386-linux-gnu/libexpat.so.1.6.0
b34b4000-b34b5000 ---p 00025000 08:01 131117     /lib/i386-linux-gnu/libexpat.so.1.6.0
b34b5000-b34b7000 r--p 00025000 08:01 131117     /lib/i386-linux-gnu/libexpat.so.1.6.0
b34b7000-b34b8000 rw-p 00027000 08:01 131117     /lib/i386-linux-gnu/libexpat.so.1.6.0
b34b8000-b3553000 r-xp 00000000 08:01 9145       /usr/lib/i386-linux-gnu/libfreetype.so.6.11.1
b3553000-b3557000 r--p 0009a000 08:01 9145       /usr/lib/i386-linux-gnu/libfreetype.so.6.11.1
b3557000-b3558000 rw-p 0009e000 08:01 9145       /usr/lib/i386-linux-gnu/libfreetype.so.6.11.1
b3558000-b3578000 r-xp 00000000 08:01 66655      /usr/lib/i386-linux-gnu/libxcb.so.1.1.0
b3578000-b3579000 r--p 0001f000 08:01 66655      /usr/lib/i386-linux-gnu/libxcb.so.1.1.0
b3579000-b357a000 rw-p 00020000 08:01 66655      /usr/lib/i386-linux-gnu/libxcb.so.1.1.0
b357a000-b35b3000 r-xp 00000000 08:01 9181       /usr/lib/i386-linux-gnu/libfontconfig.so.1.8.0
b35b3000-b35b4000 r--p 00039000 08:01 9181       /usr/lib/i386-linux-gnu/libfontconfig.so.1.8.0
b35b4000-b35b5000 rw-p 0003a000 08:01 9181       /usr/lib/i386-linux-gnu/libfontconfig.so.1.8.0
b35b5000-b35c3000 r-xp 00000000 08:01 7577       /usr/lib/i386-linux-gnu/libXi.so.6.1.0
b35c3000-b35c4000 r--p 0000e000 08:01 7577       /usr/lib/i386-linux-gnu/libXi.so.6.1.0
b35c4000-b35c5000 rw-p 0000f000 08:01 7577       /usr/lib/i386-linux-gnu/libXi.so.6.1.0
b35c5000-b36f5000 r-xp 00000000 08:01 10842      /usr/lib/i386-linux-gnu/libX11.so.6.3.0
b36f5000-b36f6000 r--p 00130000 08:01 10842      /usr/lib/i386-linux-gnu/libX11.so.6.3.0
b36f6000-b36f8000 rw-p 00131000 08:01 10842      /usr/lib/i386-linux-gnu/libX11.so.6.3.0
b36f8000-b36f9000 rw-p 00000000 00:00 0 
b36f9000-b3741000 r-xp 00000000 08:01 136659     /usr/lib/jvm/java-7-openjdk-i386/jre/lib/i386/xawt/libmawt.so
b3741000-b3742000 r--p 00048000 08:01 136659     /usr/lib/jvm/java-7-openjdk-i386/jre/lib/i386/xawt/libmawt.so
b3742000-b3744000 rw-p 00049000 08:01 136659     /usr/lib/jvm/java-7-openjdk-i386/jre/lib/i386/xawt/libmawt.so
b3744000-b3745000 rw-p 00000000 00:00 0 
b3745000-b37d4000 r-xp 00000000 08:01 177836     /usr/lib/jvm/java-7-openjdk-i386/jre/lib/i386/libawt.so
b37d4000-b37d5000 r--p 0008f000 08:01 177836     /usr/lib/jvm/java-7-openjdk-i386/jre/lib/i386/libawt.so
b37d5000-b37dc000 rw-p 00090000 08:01 177836     /usr/lib/jvm/java-7-openjdk-i386/jre/lib/i386/libawt.so
b37dc000-b3800000 rw-p 00000000 00:00 0 
b3800000-b38bf000 rw-p 00000000 00:00 0 
b38bf000-b3900000 ---p 00000000 00:00 0 
b3900000-b3901000 r--s 00000000 08:01 401843     /var/cache/fontconfig/dc05db6664285cc2f12bf69c139ae4c3-le32d4.cache-4
b3901000-b3902000 r--s 00000000 08:01 401842     /var/cache/fontconfig/4794a0821666d79190d59a36cb4f44b5-le32d4.cache-4
b3902000-b3903000 r--s 00000000 08:01 401839     /var/cache/fontconfig/56cf4f4769d0f4abc89a4895d7bd3ae1-le32d4.cache-4
b3903000-b3904000 r--s 00000000 08:01 401838     /var/cache/fontconfig/b9d506c9ac06c20b433354fa67a72993-le32d4.cache-4
b3904000-b3909000 r-xp 00000000 08:01 10292      /usr/lib/i386-linux-gnu/libXtst.so.6.1.0
b3909000-b390a000 r--p 00004000 08:01 10292      /usr/lib/i386-linux-gnu/libXtst.so.6.1.0
b390a000-b390b000 rw-p 00005000 08:01 10292      /usr/lib/i386-linux-gnu/libXtst.so.6.1.0
b390b000-b391c000 r-xp 00000000 08:01 6183       /usr/lib/i386-linux-gnu/libXext.so.6.4.0
b391c000-b391d000 r--p 00010000 08:01 6183       /usr/lib/i386-linux-gnu/libXext.so.6.4.0
b391d000-b391e000 rw-p 00011000 08:01 6183       /usr/lib/i386-linux-gnu/libXext.so.6.4.0
b391e000-b395a000 r-xp 00000000 08:01 132344     /lib/i386-linux-gnu/libpcre.so.3.13.1
b395a000-b395b000 r--p 0003b000 08:01 132344     /lib/i386-linux-gnu/libpcre.so.3.13.1
b395b000-b395c000 rw-p 0003c000 08:01 132344     /lib/i386-linux-gnu/libpcre.so.3.13.1
b395c000-b396f000 r-xp 00000000 08:01 158559     /lib/i386-linux-gnu/libresolv-2.19.so
b396f000-b3970000 ---p 00013000 08:01 158559     /lib/i386-linux-gnu/libresolv-2.19.so
b3970000-b3971000 r--p 00013000 08:01 158559     /lib/i386-linux-gnu/libresolv-2.19.so
b3971000-b3972000 rw-p 00014000 08:01 158559     /lib/i386-linux-gnu/libresolv-2.19.so
b3972000-b3974000 rw-p 00000000 00:00 0 
b3974000-b3994000 r-xp 00000000 08:01 131406     /lib/i386-linux-gnu/libselinux.so.1
b3994000-b3995000 r--p 0001f000 08:01 131406     /lib/i386-linux-gnu/libselinux.so.1
b3995000-b3996000 rw-p 00020000 08:01 131406     /lib/i386-linux-gnu/libselinux.so.1
b3996000-b3997000 rw-p 00000000 00:00 0 
b3997000-b3aa1000 r-xp 00000000 08:01 136564     /lib/i386-linux-gnu/libglib-2.0.so.0.4002.0
b3aa1000-b3aa2000 r--p 00109000 08:01 136564     /lib/i386-linux-gnu/libglib-2.0.so.0.4002.0
b3aa2000-b3aa3000 rw-p 0010a000 08:01 136564     /lib/i386-linux-gnu/libglib-2.0.so.0.4002.0
b3aa3000-b3af3000 r-xp 00000000 08:01 1672       /usr/lib/i386-linux-gnu/libgobject-2.0.so.0.4002.0
b3af3000-b3af4000 r--p 0004f000 08:01 1672       /usr/lib/i386-linux-gnu/libgobject-2.0.so.0.4002.0
b3af4000-b3af5000 rw-p 00050000 08:01 1672       /usr/lib/i386-linux-gnu/libgobject-2.0.so.0.4002.0
b3af5000-b3c72000 r-xp 00000000 08:01 1674       /usr/lib/i386-linux-gnu/libgio-2.0.so.0.4002.0
b3c72000-b3c74000 r--p 0017d000 08:01 1674       /usr/lib/i386-linux-gnu/libgio-2.0.so.0.4002.0
b3c74000-b3c75000 rw-p 0017f000 08:01 1674       /usr/lib/i386-linux-gnu/libgio-2.0.so.0.4002.0
b3c75000-b3c76000 rw-p 00000000 00:00 0 
b3c76000-b3c7a000 r--s 00000000 08:01 401837     /var/cache/fontconfig/b47c4e1ecd0709278f4910c18777a504-le32d4.cache-4
b3c7a000-b3c81000 r--s 00000000 08:01 401835     /var/cache/fontconfig/3f7329c5293ffd510edef78f73874cfd-le32d4.cache-4
b3c81000-b3c8a000 r--s 00000000 08:01 401834     /var/cache/fontconfig/d589a48862398ed80a3d6066f4f56f4c-le32d4.cache-4
b3c8a000-b3c8d000 r--s 00000000 08:01 394702     /var/cache/fontconfig/7ef2298fde41cc6eeb7af42e48b7d293-le32d4.cache-4
b3c8d000-b3ca5000 r-xp 00000000 08:01 153628     /usr/lib/jvm/java-7-openjdk-i386/jre/lib/i386/libnet.so
b3ca5000-b3ca6000 r--p 00017000 08:01 153628     /usr/lib/jvm/java-7-openjdk-i386/jre/lib/i386/libnet.so
b3ca6000-b3ca7000 rw-p 00018000 08:01 153628     /usr/lib/jvm/java-7-openjdk-i386/jre/lib/i386/libnet.so
b3ca7000-b3cb8000 r-xp 00000000 08:01 177810     /usr/lib/jvm/java-7-openjdk-i386/jre/lib/i386/libnio.so
b3cb8000-b3cb9000 r--p 00010000 08:01 177810     /usr/lib/jvm/java-7-openjdk-i386/jre/lib/i386/libnio.so
b3cb9000-b3cba000 rw-p 00011000 08:01 177810     /usr/lib/jvm/java-7-openjdk-i386/jre/lib/i386/libnio.so
b3cba000-b3cbb000 ---p 00000000 00:00 0 
b3cbb000-b3d3b000 rw-p 00000000 00:00 0          [stack:3117]
b3d3b000-b3d3e000 ---p 00000000 00:00 0 
b3d3e000-b3d8c000 rw-p 00000000 00:00 0          [stack:3116]
b3d8c000-b3d8f000 ---p 00000000 00:00 0 
b3d8f000-b3e0d000 rw-p 00000000 00:00 0          [stack:3115]
b3e0d000-b3e10000 ---p 00000000 00:00 0 
b3e10000-b3e5e000 rw-p 00000000 00:00 0          [stack:3114]
b3e5e000-b405e000 r--p 00000000 08:01 369        /usr/lib/locale/locale-archive
b405e000-b4061000 ---p 00000000 00:00 0 
b4061000-b40af000 rw-p 00000000 00:00 0          [stack:3113]
b40af000-b40b2000 ---p 00000000 00:00 0 
b40b2000-b4100000 rw-p 00000000 00:00 0          [stack:3112]
b4100000-b41df000 rw-p 00000000 00:00 0 
b41df000-b4200000 ---p 00000000 00:00 0 
b4200000-b4202000 r-xp 00000000 08:01 5352       /usr/lib/i386-linux-gnu/libXau.so.6.0.0
b4202000-b4203000 r--p 00001000 08:01 5352       /usr/lib/i386-linux-gnu/libXau.so.6.0.0
b4203000-b4204000 rw-p 00002000 08:01 5352       /usr/lib/i386-linux-gnu/libXau.so.6.0.0
b4204000-b420d000 r-xp 00000000 08:01 6199       /usr/lib/i386-linux-gnu/libXrender.so.1.3.0
b420d000-b420e000 r--p 00008000 08:01 6199       /usr/lib/i386-linux-gnu/libXrender.so.1.3.0
b420e000-b420f000 rw-p 00009000 08:01 6199       /usr/lib/i386-linux-gnu/libXrender.so.1.3.0
b420f000-b422c000 r--s 0014f000 00:1d 3709046    /home/user/Desktop/nfs/tools/cooja/lib/swingx-all-1.6.4.jar
b422c000-b422d000 ---p 00000000 00:00 0 
b422d000-b42f6000 rw-p 00000000 00:00 0          [stack:3111]
b42f6000-b44a9000 r--s 01d3d000 08:01 136821     /usr/lib/jvm/java-7-openjdk-i386/jre/lib/rt.jar
b44a9000-b44af000 rw-p 00000000 00:00 0 
b44af000-b4554000 rw-p 00000000 00:00 0 
b4554000-b4557000 rw-p 00000000 00:00 0 
b4557000-b45a9000 rw-p 00000000 00:00 0 
b45a9000-b45af000 rw-p 00000000 00:00 0 
b45af000-b4654000 rw-p 00000000 00:00 0 
b4654000-b465a000 rw-p 00000000 00:00 0 
b465a000-b4674000 rw-p 00000000 00:00 0 
b4674000-b4695000 rw-p 00000000 00:00 0 
b4695000-b4700000 rw-p 00000000 00:00 0 
b4700000-b4c40000 rwxp 00000000 00:00 0 
b4c40000-b67f7000 rw-p 00000000 00:00 0 
b67f7000-b6800000 ---p 00000000 00:00 0 
b6800000-b6802000 r--s 00000000 08:01 394475     /var/cache/fontconfig/e13b20fdb08344e0e664864cc2ede53d-le32d4.cache-4
b6802000-b6804000 r-xp 00000000 08:01 3489       /usr/lib/i386-linux-gnu/libXcomposite.so.1.0.0
b6804000-b6805000 r--p 00001000 08:01 3489       /usr/lib/i386-linux-gnu/libXcomposite.so.1.0.0
b6805000-b6806000 rw-p 00002000 08:01 3489       /usr/lib/i386-linux-gnu/libXcomposite.so.1.0.0
b6806000-b680b000 r-xp 00000000 08:01 9076       /usr/lib/i386-linux-gnu/libffi.so.6.0.1
b680b000-b680c000 r--p 00005000 08:01 9076       /usr/lib/i386-linux-gnu/libffi.so.6.0.1
b680c000-b680d000 rw-p 00006000 08:01 9076       /usr/lib/i386-linux-gnu/libffi.so.6.0.1
b680d000-b6810000 r-xp 00000000 08:01 1675       /usr/lib/i386-linux-gnu/libgmodule-2.0.so.0.4002.0
b6810000-b6811000 r--p 00002000 08:01 1675       /usr/lib/i386-linux-gnu/libgmodule-2.0.so.0.4002.0
b6811000-b6812000 rw-p 00003000 08:01 1675       /usr/lib/i386-linux-gnu/libgmodule-2.0.so.0.4002.0
b6812000-b681c000 r--s 000ae000 08:01 136823     /usr/lib/jvm/java-7-openjdk-i386/jre/lib/resources.jar
b681c000-b6823000 r--s 0005b000 00:1d 3706283    /home/user/Desktop/nfs/tools/cooja/lib/jsyntaxpane.jar
b6823000-b682a000 r--s 0004f000 00:1d 3702728    /home/user/Desktop/nfs/tools/cooja/lib/log4j.jar
b682a000-b682d000 r--s 00022000 00:1d 3705387    /home/user/Desktop/nfs/tools/cooja/lib/jdom.jar
b682d000-b6831000 r--s 00085000 08:01 177967     /usr/lib/jvm/java-7-openjdk-i386/jre/lib/ext/localedata.jar
b6831000-b6835000 r--s 00034000 08:01 177971     /usr/lib/jvm/java-7-openjdk-i386/jre/lib/ext/sunjce_provider.jar
b6835000-b6838000 r--s 0000f000 08:01 177961     /usr/lib/jvm/java-7-openjdk-i386/jre/lib/ext/icedtea-sound.jar
b6838000-b684c000 rw-p 00000000 00:00 0 
b684c000-b6866000 rw-p 00000000 00:00 0 
b6866000-b6870000 r-xp 00000000 08:01 159039     /lib/i386-linux-gnu/libnss_files-2.19.so
b6870000-b6871000 r--p 00009000 08:01 159039     /lib/i386-linux-gnu/libnss_files-2.19.so
b6871000-b6872000 rw-p 0000a000 08:01 159039     /lib/i386-linux-gnu/libnss_files-2.19.so
b6872000-b687c000 r-xp 00000000 08:01 158574     /lib/i386-linux-gnu/libnss_nis-2.19.so
b687c000-b687d000 r--p 00009000 08:01 158574     /lib/i386-linux-gnu/libnss_nis-2.19.so
b687d000-b687e000 rw-p 0000a000 08:01 158574     /lib/i386-linux-gnu/libnss_nis-2.19.so
b687e000-b6893000 r-xp 00000000 08:01 158568     /lib/i386-linux-gnu/libnsl-2.19.so
b6893000-b6894000 r--p 00015000 08:01 158568     /lib/i386-linux-gnu/libnsl-2.19.so
b6894000-b6895000 rw-p 00016000 08:01 158568     /lib/i386-linux-gnu/libnsl-2.19.so
b6895000-b6897000 rw-p 00000000 00:00 0 
b6897000-b689e000 r-xp 00000000 08:01 158567     /lib/i386-linux-gnu/libnss_compat-2.19.so
b689e000-b689f000 r--p 00006000 08:01 158567     /lib/i386-linux-gnu/libnss_compat-2.19.so
b689f000-b68a0000 rw-p 00007000 08:01 158567     /lib/i386-linux-gnu/libnss_compat-2.19.so
b68a0000-b68a1000 r--s 00000000 08:01 401833     /var/cache/fontconfig/0c9eb80ebd1c36541ebe2852d3bb0c49-le32d4.cache-4
b68a1000-b68a2000 r--s 00002000 08:01 177972     /usr/lib/jvm/java-7-openjdk-i386/jre/lib/ext/dnsns.jar
b68a2000-b68a5000 r--s 0003d000 08:01 177959     /usr/lib/jvm/java-7-openjdk-i386/jre/lib/ext/sunpkcs11.jar
b68a5000-b68ad000 r-xp 00000000 08:01 177878     /usr/lib/jvm/java-7-openjdk-i386/jre/lib/i386/libzip.so
b68ad000-b68ae000 r--p 00007000 08:01 177878     /usr/lib/jvm/java-7-openjdk-i386/jre/lib/i386/libzip.so
b68ae000-b68af000 rw-p 00008000 08:01 177878     /usr/lib/jvm/java-7-openjdk-i386/jre/lib/i386/libzip.so
b68af000-b68b7000 rw-s 00000000 08:01 132161     /tmp/hsperfdata_user/3105
b68b7000-b68de000 r-xp 00000000 08:01 136829     /usr/lib/jvm/java-7-openjdk-i386/jre/lib/i386/libjava.so
b68de000-b68df000 r--p 00026000 08:01 136829     /usr/lib/jvm/java-7-openjdk-i386/jre/lib/i386/libjava.so
b68df000-b68e0000 rw-p 00027000 08:01 136829     /usr/lib/jvm/java-7-openjdk-i386/jre/lib/i386/libjava.so
b68e0000-b68e7000 r-xp 00000000 08:01 158579     /lib/i386-linux-gnu/librt-2.19.so
b68e7000-b68e8000 r--p 00006000 08:01 158579     /lib/i386-linux-gnu/librt-2.19.so
b68e8000-b68e9000 rw-p 00007000 08:01 158579     /lib/i386-linux-gnu/librt-2.19.so
b68e9000-b68ec000 ---p 00000000 00:00 0 
b68ec000-b693a000 rw-p 00000000 00:00 0          [stack:3110]
b693a000-b6956000 r-xp 00000000 08:01 158999     /lib/i386-linux-gnu/libgcc_s.so.1
b6956000-b6957000 rw-p 0001b000 08:01 158999     /lib/i386-linux-gnu/libgcc_s.so.1
b6957000-b699b000 r-xp 00000000 08:01 158561     /lib/i386-linux-gnu/libm-2.19.so
b699b000-b699c000 r--p 00043000 08:01 158561     /lib/i386-linux-gnu/libm-2.19.so
b699c000-b699d000 rw-p 00044000 08:01 158561     /lib/i386-linux-gnu/libm-2.19.so
b699d000-b6a79000 r-xp 00000000 08:01 289        /usr/lib/i386-linux-gnu/libstdc++.so.6.0.19
b6a79000-b6a7d000 r--p 000dc000 08:01 289        /usr/lib/i386-linux-gnu/libstdc++.so.6.0.19
b6a7d000-b6a7e000 rw-p 000e0000 08:01 289        /usr/lib/i386-linux-gnu/libstdc++.so.6.0.19
b6a7e000-b6a85000 rw-p 00000000 00:00 0 
b6a85000-b70bb000 r-xp 00000000 08:01 177850     /usr/lib/jvm/java-7-openjdk-i386/jre/lib/i386/client/libjvm.so
b70bb000-b70d1000 r--p 00635000 08:01 177850     /usr/lib/jvm/java-7-openjdk-i386/jre/lib/i386/client/libjvm.so
b70d1000-b70e0000 rw-p 0064b000 08:01 177850     /usr/lib/jvm/java-7-openjdk-i386/jre/lib/i386/client/libjvm.so
b70e0000-b74fc000 rw-p 00000000 00:00 0 
b74fc000-b7514000 r-xp 00000000 08:01 158556     /lib/i386-linux-gnu/libz.so.1.2.8
b7514000-b7515000 r--p 00017000 08:01 158556     /lib/i386-linux-gnu/libz.so.1.2.8
b7515000-b7516000 rw-p 00018000 08:01 158556     /lib/i386-linux-gnu/libz.so.1.2.8
b7516000-b752e000 r-xp 00000000 08:01 158571     /lib/i386-linux-gnu/libpthread-2.19.so
b752e000-b752f000 r--p 00018000 08:01 158571     /lib/i386-linux-gnu/libpthread-2.19.so
b752f000-b7530000 rw-p 00019000 08:01 158571     /lib/i386-linux-gnu/libpthread-2.19.so
b7530000-b7532000 rw-p 00000000 00:00 0 
b7532000-b7535000 r-xp 00000000 08:01 158563     /lib/i386-linux-gnu/libdl-2.19.so
b7535000-b7536000 r--p 00002000 08:01 158563     /lib/i386-linux-gnu/libdl-2.19.so
b7536000-b7537000 rw-p 00003000 08:01 158563     /lib/i386-linux-gnu/libdl-2.19.so
b7537000-b76df000 r-xp 00000000 08:01 158580     /lib/i386-linux-gnu/libc-2.19.so
b76df000-b76e0000 ---p 001a8000 08:01 158580     /lib/i386-linux-gnu/libc-2.19.so
b76e0000-b76e2000 r--p 001a8000 08:01 158580     /lib/i386-linux-gnu/libc-2.19.so
b76e2000-b76e3000 rw-p 001aa000 08:01 158580     /lib/i386-linux-gnu/libc-2.19.so
b76e3000-b76e6000 rw-p 00000000 00:00 0 
b76e6000-b76e8000 r--s 00006000 08:01 276693     /usr/share/java/java-atk-wrapper.jar
b76e8000-b76ea000 r--s 00012000 08:01 177976     /usr/lib/jvm/java-7-openjdk-i386/jre/lib/ext/zipfs.jar
b76ea000-b76eb000 r--p 002c5000 08:01 369        /usr/lib/locale/locale-archive
b76eb000-b76ec000 rw-p 00000000 00:00 0 
b76ec000-b76ed000 r--p 00000000 00:00 0 
b76ed000-b76fb000 r-xp 00000000 08:01 136825     /usr/lib/jvm/java-7-openjdk-i386/jre/lib/i386/libverify.so
b76fb000-b76fc000 r--p 0000d000 08:01 136825     /usr/lib/jvm/java-7-openjdk-i386/jre/lib/i386/libverify.so
b76fc000-b76fd000 rw-p 0000e000 08:01 136825     /usr/lib/jvm/java-7-openjdk-i386/jre/lib/i386/libverify.so
b76fd000-b7709000 r-xp 00000000 08:01 136926     /usr/lib/jvm/java-7-openjdk-i386/jre/lib/i386/jli/libjli.so
b7709000-b770a000 r--p 0000c000 08:01 136926     /usr/lib/jvm/java-7-openjdk-i386/jre/lib/i386/jli/libjli.so
b770a000-b770b000 rw-p 0000d000 08:01 136926     /usr/lib/jvm/java-7-openjdk-i386/jre/lib/i386/jli/libjli.so
b770b000-b770e000 rw-p 00000000 00:00 0 
b770e000-b770f000 r-xp 00000000 00:00 0          [vdso]
b770f000-b772f000 r-xp 00000000 08:01 158572     /lib/i386-linux-gnu/ld-2.19.so
b772f000-b7730000 r--p 0001f000 08:01 158572     /lib/i386-linux-gnu/ld-2.19.so
b7730000-b7731000 rw-p 00020000 08:01 158572     /lib/i386-linux-gnu/ld-2.19.so
bfb1d000-bfb1e000 rwxp 00000000 00:00 0 
bfb50000-bfb71000 rw-p 00000000 00:00 0          [stack]

VM Arguments:
jvm_args: -Xmx512m -Duser.language=en 
java_command: org.contikios.cooja.Cooja
Launcher Type: SUN_STANDARD

Environment Variables:
JAVA_HOME=/usr/lib/jvm/java-7-openjdk-i386
PATH=/usr/local/sdcc/bin:/usr/local/sbin:/usr/local/bin:/usr/sbin:/usr/bin:/sbin:/bin:/usr/games:/usr/local/games:/home/user/CodeSourcery/Sourcery_G++_Lite/bin:/usr/local/msp430/bin:/home/user/CodeSourcery/Sourcery_G++_Lite/bin
LD_LIBRARY_PATH=.
SHELL=/bin/bash
DISPLAY=:0

Signal Handlers:
SIGSEGV: [libjvm.so+0x4efa90], sa_mask[0]=0x7ffbfeff, sa_flags=0x10000004
SIGBUS: [libjvm.so+0x4efa90], sa_mask[0]=0x7ffbfeff, sa_flags=0x10000004
SIGFPE: [libjvm.so+0x3cb5a0], sa_mask[0]=0x7ffbfeff, sa_flags=0x10000004
SIGPIPE: [libjvm.so+0x3cb5a0], sa_mask[0]=0x7ffbfeff, sa_flags=0x10000004
SIGXFSZ: [libjvm.so+0x3cb5a0], sa_mask[0]=0x7ffbfeff, sa_flags=0x10000004
SIGILL: [libjvm.so+0x3cb5a0], sa_mask[0]=0x7ffbfeff, sa_flags=0x10000004
SIGUSR1: SIG_DFL, sa_mask[0]=0x00000000, sa_flags=0x00000000
SIGUSR2: [libjvm.so+0x3cb700], sa_mask[0]=0x00000004, sa_flags=0x10000004
SIGHUP: [libjvm.so+0x3cb660], sa_mask[0]=0x7ffbfeff, sa_flags=0x10000004
SIGINT: [libjvm.so+0x3cb660], sa_mask[0]=0x7ffbfeff, sa_flags=0x10000004
SIGTERM: [libjvm.so+0x3cb660], sa_mask[0]=0x7ffbfeff, sa_flags=0x10000004
SIGQUIT: [libjvm.so+0x3cb660], sa_mask[0]=0x7ffbfeff, sa_flags=0x10000004
SIGTRAP: SIG_DFL, sa_mask[0]=0x00000000, sa_flags=0x00000000


---------------  S Y S T E M  ---------------

OS:Ubuntu 14.04 (trusty)
uname:Linux 3.13.0-96-generic #143-Ubuntu SMP Mon Aug 29 20:15:47 UTC 2016 i686
libc:glibc 2.19 NPTL 2.19 
rlimit: STACK 8192k, CORE 0k, NPROC 7860, NOFILE 4096, AS infinity
load average:0.28 0.31 0.24

/proc/meminfo:
MemTotal:        1025420 kB
MemFree:          110340 kB
Buffers:           91624 kB
Cached:           372696 kB
SwapCached:            0 kB
Active:           481124 kB
Inactive:         334352 kB
Active(anon):     251052 kB
Inactive(anon):   126248 kB
Active(file):     230072 kB
Inactive(file):   208104 kB
Unevictable:          32 kB
Mlocked:              32 kB
HighTotal:        135048 kB
HighFree:          15756 kB
LowTotal:         890372 kB
LowFree:           94584 kB
SwapTotal:       1046524 kB
SwapFree:        1046300 kB
Dirty:               204 kB
Writeback:             0 kB
AnonPages:        351204 kB
Mapped:           107868 kB
Shmem:             26128 kB
Slab:              60784 kB
SReclaimable:      46196 kB
SUnreclaim:        14588 kB
KernelStack:        3400 kB
PageTables:         6428 kB
NFS_Unstable:          0 kB
Bounce:                0 kB
WritebackTmp:          0 kB
CommitLimit:     1559232 kB
Committed_AS:    2292236 kB
VmallocTotal:     122880 kB
VmallocUsed:       24620 kB
VmallocChunk:      87148 kB
HardwareCorrupted:     0 kB
AnonHugePages:    169984 kB
HugePages_Total:       0
HugePages_Free:        0
HugePages_Rsvd:        0
HugePages_Surp:        0
Hugepagesize:       2048 kB
DirectMap4k:       34808 kB
DirectMap2M:      878592 kB


CPU:total 1 (1 cores per cpu, 1 threads per core) family 6 model 94 stepping 3, cmov, cx8, fxsr, mmx, sse, sse2, sse3, ssse3, sse4.1, sse4.2, popcnt, avx, aes, tsc, tscinvbit

/proc/cpuinfo:
processor	: 0
vendor_id	: GenuineIntel
cpu family	: 6
model		: 94
model name	: Intel(R) Core(TM) i5-6500 CPU @ 3.20GHz
stepping	: 3
microcode	: 0x76
cpu MHz		: 3600.000
cache size	: 6144 KB
physical id	: 0
siblings	: 1
core id		: 0
cpu cores	: 1
apicid		: 0
initial apicid	: 0
fdiv_bug	: no
f00f_bug	: no
coma_bug	: no
fpu		: yes
fpu_exception	: yes
cpuid level	: 22
wp		: yes
flags		: fpu vme de pse tsc msr pae mce cx8 apic sep mtrr pge mca cmov pat pse36 clflush dts mmx fxsr sse sse2 ss nx rdtscp lm constant_tsc arch_perfmon pebs bts tsc_reliable nonstop_tsc aperfmperf pni pclmulqdq ssse3 fma cx16 sse4_1 sse4_2 movbe popcnt aes xsave avx hypervisor lahf_lm 3dnowprefetch ida arat epb pln pts dtherm
bogomips	: 7200.00
clflush size	: 64
cache_alignment	: 64
address sizes	: 40 bits physical, 48 bits virtual
power management:



Memory: 4k page, physical 1025420k(110340k free), swap 1046524k(1046300k free)

vm_info: OpenJDK Client VM (24.111-b01) for linux-x86 JRE (1.7.0_111-b01), built on Aug 12 2016 05:36:14 by "buildd" with gcc 4.8.4

time: Thu Oct  6 08:25:27 2016
elapsed time: 5376 seconds

