#
# A fatal error has been detected by the Java Runtime Environment:
#
#  SIGSEGV (0xb) at pc=0xb7635817, pid=5120, tid=2998664000
#
# JRE version: OpenJDK Runtime Environment (7.0_121) (build 1.7.0_121-b00)
# Java VM: OpenJDK Client VM (24.121-b00 mixed mode, sharing linux-x86 )
# Derivative: IcedTea 2.6.8
# Distribution: Ubuntu 14.04 LTS, package 7u121-2.6.8-1ubuntu0.14.04.1
# Problematic frame:
# C  [libc.so.6+0x64817]  fwrite+0x27
#
# Failed to write core dump. Core dumps have been disabled. To enable core dumping, try "ulimit -c unlimited" before starting Java again
#
# If you would like to submit a bug report, please include
# instructions on how to reproduce the bug and visit:
#   http://icedtea.classpath.org/bugzilla
# The crash happened outside the Java Virtual Machine in native code.
# See problematic frame for where to report the bug.
#

---------------  T H R E A D  ---------------

Current thread (0x08db0400):  JavaThread "Thread-3" [_thread_in_native, id=5197, stack(0xb2b6f000,0xb2bc0000)]

siginfo:si_signo=SIGSEGV: si_errno=0, si_code=1 (SEGV_MAPERR), si_addr=0x00000000

Registers:
EAX=0x00000000, EBX=0xb777c000, ECX=0x00000aa0, EDX=0x00000000
ESP=0xb29551ec, EBP=0xb29552b4, ESI=0x00000000, EDI=0x00000006
EIP=0xb7635817, EFLAGS=0x00010206, CR2=0x00000000

Top of Stack: (sp=0xb29551ec)
0xb29551ec:   00000020 00000400 00000000 b2937bf5
0xb29551fc:   b294af04 b294aeff 0000001c 00000000
0xb295520c:   00000001 00000000 b29552b4 b29353ff
0xb295521c:   b294aa35 00000001 00000006 00000000
0xb295522c:   00000001 00000000 00000001 00000000
0xb295523c:   00000001 000003dc 00000001 00000000
0xb295524c:   000003df 000003e0 000003e1 000003e2
0xb295525c:   000003e3 000003e4 000003e5 000003e6 

Instructions: (pc=0xb7635817)
0xb76357f7:   8b 7c 24 34 0f af 7c 24 38 e8 d6 1f 0c 00 81 c3
0xb7635807:   fb 67 14 00 8b 74 24 3c 85 ff 0f 84 b1 00 00 00
0xb7635817:   8b 06 25 00 80 00 00 75 35 8b 56 48 65 8b 2d 08
0xb7635827:   00 00 00 3b 6a 08 74 22 b9 01 00 00 00 65 83 3d 

Register to memory mapping:

EAX=0x00000000 is an unknown value
EBX=0xb777c000: <offset 0x1ab000> in /lib/i386-linux-gnu/libc.so.6 at 0xb75d1000
ECX=0x00000aa0 is an unknown value
EDX=0x00000000 is an unknown value
ESP=0xb29551ec: <offset 0x2f1ec> in /home/user/Desktop/Dual-radio-simulation/lanada/log_test/obj_cooja/mtype898.cooja at 0xb2926000
EBP=0xb29552b4: <offset 0x2f2b4> in /home/user/Desktop/Dual-radio-simulation/lanada/log_test/obj_cooja/mtype898.cooja at 0xb2926000
ESI=0x00000000 is an unknown value
EDI=0x00000006 is an unknown value


Stack: [0xb2b6f000,0xb2bc0000],  sp=0xb29551ec,  free space=4192152k
Native frames: (J=compiled Java code, j=interpreted, Vv=VM code, C=native code)
C  [libc.so.6+0x64817]  fwrite+0x27
C  [mtype898.cooja+0xf841]  process_run_thread_loop+0x1a

Java frames: (J=compiled Java code, j=interpreted, Vv=VM code)
j  org.contikios.cooja.corecomm.Lib1.tick()V+0
j  org.contikios.cooja.contikimote.ContikiMoteType.tick()V+4
j  org.contikios.cooja.contikimote.ContikiMote.execute(J)V+63
j  org.contikios.cooja.motes.AbstractWakeupMote$1.execute(J)V+5
j  org.contikios.cooja.Simulation.run()V+184
j  java.lang.Thread.run()V+11
v  ~StubRoutines::call_stub

---------------  P R O C E S S  ---------------

Java Threads: ( => current thread )
=>0x08db0400 JavaThread "Thread-3" [_thread_in_native, id=5197, stack(0xb2b6f000,0xb2bc0000)]
  0x08c99c00 JavaThread "Thread-2" [_thread_blocked, id=5182, stack(0xb29b6000,0xb2a07000)]
  0x08d88400 JavaThread "Thread-1" [_thread_blocked, id=5181, stack(0xb2965000,0xb29b6000)]
  0x08b99400 JavaThread "process reaper" daemon [_thread_blocked, id=5144, stack(0xb2a07000,0xb2a58000)]
  0x08c63000 JavaThread "TimerQueue" daemon [_thread_blocked, id=5137, stack(0xb32b2000,0xb3303000)]
  0xb6807800 JavaThread "DestroyJavaVM" [_thread_blocked, id=5122, stack(0xb6981000,0xb69d2000)]
  0xb385c800 JavaThread "AWT-EventQueue-0" [_thread_blocked, id=5136, stack(0xb3303000,0xb3354000)]
  0xb3874000 JavaThread "AWT-Shutdown" [_thread_blocked, id=5135, stack(0xb3354000,0xb33a5000)]
  0xb3849000 JavaThread "AWT-XAWT" daemon [_thread_in_native, id=5134, stack(0xb3446000,0xb3497000)]
  0xb383b000 JavaThread "Java2D Disposer" daemon [_thread_blocked, id=5133, stack(0xb34a8000,0xb34f9000)]
  0xb684cc00 JavaThread "Service Thread" daemon [_thread_blocked, id=5131, stack(0xb3e2e000,0xb3e7f000)]
  0xb684ac00 JavaThread "C1 CompilerThread0" daemon [_thread_blocked, id=5130, stack(0xb3e7f000,0xb3f00000)]
  0xb6849000 JavaThread "Signal Dispatcher" daemon [_thread_blocked, id=5129, stack(0xb4205000,0xb4256000)]
  0xb6833400 JavaThread "Finalizer" daemon [_thread_blocked, id=5128, stack(0xb4256000,0xb42a7000)]
  0xb6831c00 JavaThread "Reference Handler" daemon [_thread_blocked, id=5127, stack(0xb42a7000,0xb42f8000)]

Other Threads:
  0xb6830400 VMThread [stack: 0xb42f8000,0xb4379000] [id=5126]
  0xb684f000 WatcherThread [stack: 0xb3dad000,0xb3e2e000] [id=5132]

VM state:not at safepoint (normal execution)

VM Mutex/Monitor currently owned by a thread: None

Heap
 def new generation   total 4928K, used 4232K [0x6e800000, 0x6ed50000, 0x792a0000)
  eden space 4416K,  84% used [0x6e800000, 0x6eba2288, 0x6ec50000)
  from space 512K, 100% used [0x6ecd0000, 0x6ed50000, 0x6ed50000)
  to   space 512K,   0% used [0x6ec50000, 0x6ec50000, 0x6ecd0000)
 tenured generation   total 10944K, used 7223K [0x792a0000, 0x79d50000, 0x8e800000)
   the space 10944K,  66% used [0x792a0000, 0x799adf10, 0x799ae000, 0x79d50000)
 compacting perm gen  total 12288K, used 7162K [0x8e800000, 0x8f400000, 0x92800000)
   the space 12288K,  58% used [0x8e800000, 0x8eefea98, 0x8eefec00, 0x8f400000)
    ro space 10240K,  60% used [0x92800000, 0x92e00d38, 0x92e00e00, 0x93200000)
    rw space 12288K,  59% used [0x93200000, 0x9391e858, 0x9391ea00, 0x93e00000)

Card table byte_map: [0xb4648000,0xb4774000] byte_map_base: 0xb42d4000

Polling page: 0xb7786000

Code Cache  [0xb47f4000, 0xb4a84000, 0xb67f4000)
 total_blobs=1600 nmethods=1298 adapters=237 free_code_cache=30161Kb largest_free_block=30884608

Compilation events (10 events):
Event: 31.876 Thread 0xb684ac00 1298   !         javax.swing.text.GlyphView::checkPainter (115 bytes)
Event: 31.877 Thread 0xb684ac00 nmethod 1298 0xb4a7dcc8 code [0xb4a7dee0, 0xb4a7e4a4]
Event: 31.878 Thread 0xb684ac00 1299             javax.swing.BufferStrategyPaintManager::fetchRoot (193 bytes)
Event: 31.879 Thread 0xb684ac00 nmethod 1299 0xb4a7edc8 code [0xb4a7ef30, 0xb4a7f318]
Event: 31.880 Thread 0xb684ac00 1300             javax.swing.SwingUtilities::getPaintingOrigin (33 bytes)
Event: 31.880 Thread 0xb684ac00 nmethod 1300 0xb4a7f588 code [0xb4a7f6a0, 0xb4a7f7d4]
Event: 31.898 Thread 0xb684ac00 1301             java.util.concurrent.locks.ReentrantReadWriteLock$Sync::exclusiveCount (5 bytes)
Event: 31.898 Thread 0xb684ac00 nmethod 1301 0xb4a7f888 code [0xb4a7f980, 0xb4a7f9f0]
Event: 31.901 Thread 0xb684ac00 1302             java.util.HashMap$HashIterator::<init> (63 bytes)
Event: 31.901 Thread 0xb684ac00 nmethod 1302 0xb4a7fa48 code [0xb4a7fb40, 0xb4a7fc30]

GC Heap History (10 events):
Event: 15.015 GC heap before
{Heap before GC invocations=90 (full 0):
 def new generation   total 4928K, used 4427K [0x6e800000, 0x6ed50000, 0x792a0000)
  eden space 4416K, 100% used [0x6e800000, 0x6ec50000, 0x6ec50000)
  from space 512K,   2% used [0x6ec50000, 0x6ec52d28, 0x6ecd0000)
  to   space 512K,   0% used [0x6ecd0000, 0x6ecd0000, 0x6ed50000)
 tenured generation   total 10944K, used 5979K [0x792a0000, 0x79d50000, 0x8e800000)
   the space 10944K,  54% used [0x792a0000, 0x79876f28, 0x79877000, 0x79d50000)
 compacting perm gen  total 12288K, used 6755K [0x8e800000, 0x8f400000, 0x92800000)
   the space 12288K,  54% used [0x8e800000, 0x8ee98c38, 0x8ee98e00, 0x8f400000)
    ro space 10240K,  60% used [0x92800000, 0x92e00d38, 0x92e00e00, 0x93200000)
    rw space 12288K,  59% used [0x93200000, 0x9391e858, 0x9391ea00, 0x93e00000)
Event: 15.015 GC heap after
Heap after GC invocations=91 (full 0):
 def new generation   total 4928K, used 12K [0x6e800000, 0x6ed50000, 0x792a0000)
  eden space 4416K,   0% used [0x6e800000, 0x6e800000, 0x6ec50000)
  from space 512K,   2% used [0x6ecd0000, 0x6ecd3048, 0x6ed50000)
  to   space 512K,   0% used [0x6ec50000, 0x6ec50000, 0x6ecd0000)
 tenured generation   total 10944K, used 5979K [0x792a0000, 0x79d50000, 0x8e800000)
   the space 10944K,  54% used [0x792a0000, 0x79876f98, 0x79877000, 0x79d50000)
 compacting perm gen  total 12288K, used 6755K [0x8e800000, 0x8f400000, 0x92800000)
   the space 12288K,  54% used [0x8e800000, 0x8ee98c38, 0x8ee98e00, 0x8f400000)
    ro space 10240K,  60% used [0x92800000, 0x92e00d38, 0x92e00e00, 0x93200000)
    rw space 12288K,  59% used [0x93200000, 0x9391e858, 0x9391ea00, 0x93e00000)
}
Event: 16.457 GC heap before
{Heap before GC invocations=91 (full 0):
 def new generation   total 4928K, used 4428K [0x6e800000, 0x6ed50000, 0x792a0000)
  eden space 4416K, 100% used [0x6e800000, 0x6ec50000, 0x6ec50000)
  from space 512K,   2% used [0x6ecd0000, 0x6ecd3048, 0x6ed50000)
  to   space 512K,   0% used [0x6ec50000, 0x6ec50000, 0x6ecd0000)
 tenured generation   total 10944K, used 5979K [0x792a0000, 0x79d50000, 0x8e800000)
   the space 10944K,  54% used [0x792a0000, 0x79876f98, 0x79877000, 0x79d50000)
 compacting perm gen  total 12288K, used 6830K [0x8e800000, 0x8f400000, 0x92800000)
   the space 12288K,  55% used [0x8e800000, 0x8eeab9b8, 0x8eeaba00, 0x8f400000)
    ro space 10240K,  60% used [0x92800000, 0x92e00d38, 0x92e00e00, 0x93200000)
    rw space 12288K,  59% used [0x93200000, 0x9391e858, 0x9391ea00, 0x93e00000)
Event: 16.461 GC heap after
Heap after GC invocations=92 (full 0):
 def new generation   total 4928K, used 357K [0x6e800000, 0x6ed50000, 0x792a0000)
  eden space 4416K,   0% used [0x6e800000, 0x6e800000, 0x6ec50000)
  from space 512K,  69% used [0x6ec50000, 0x6eca96f8, 0x6ecd0000)
  to   space 512K,   0% used [0x6ecd0000, 0x6ecd0000, 0x6ed50000)
 tenured generation   total 10944K, used 5980K [0x792a0000, 0x79d50000, 0x8e800000)
   the space 10944K,  54% used [0x792a0000, 0x79877080, 0x79877200, 0x79d50000)
 compacting perm gen  total 12288K, used 6830K [0x8e800000, 0x8f400000, 0x92800000)
   the space 12288K,  55% used [0x8e800000, 0x8eeab9b8, 0x8eeaba00, 0x8f400000)
    ro space 10240K,  60% used [0x92800000, 0x92e00d38, 0x92e00e00, 0x93200000)
    rw space 12288K,  59% used [0x93200000, 0x9391e858, 0x9391ea00, 0x93e00000)
}
Event: 16.722 GC heap before
{Heap before GC invocations=92 (full 0):
 def new generation   total 4928K, used 4773K [0x6e800000, 0x6ed50000, 0x792a0000)
  eden space 4416K, 100% used [0x6e800000, 0x6ec50000, 0x6ec50000)
  from space 512K,  69% used [0x6ec50000, 0x6eca96f8, 0x6ecd0000)
  to   space 512K,   0% used [0x6ecd0000, 0x6ecd0000, 0x6ed50000)
 tenured generation   total 10944K, used 5980K [0x792a0000, 0x79d50000, 0x8e800000)
   the space 10944K,  54% used [0x792a0000, 0x79877080, 0x79877200, 0x79d50000)
 compacting perm gen  total 12288K, used 6890K [0x8e800000, 0x8f400000, 0x92800000)
   the space 12288K,  56% used [0x8e800000, 0x8eeba930, 0x8eebaa00, 0x8f400000)
    ro space 10240K,  60% used [0x92800000, 0x92e00d38, 0x92e00e00, 0x93200000)
    rw space 12288K,  59% used [0x93200000, 0x9391e858, 0x9391ea00, 0x93e00000)
Event: 16.724 GC heap after
Heap after GC invocations=93 (full 0):
 def new generation   total 4928K, used 232K [0x6e800000, 0x6ed50000, 0x792a0000)
  eden space 4416K,   0% used [0x6e800000, 0x6e800000, 0x6ec50000)
  from space 512K,  45% used [0x6ecd0000, 0x6ed0a098, 0x6ed50000)
  to   space 512K,   0% used [0x6ec50000, 0x6ec50000, 0x6ecd0000)
 tenured generation   total 10944K, used 6324K [0x792a0000, 0x79d50000, 0x8e800000)
   the space 10944K,  57% used [0x792a0000, 0x798cd028, 0x798cd200, 0x79d50000)
 compacting perm gen  total 12288K, used 6890K [0x8e800000, 0x8f400000, 0x92800000)
   the space 12288K,  56% used [0x8e800000, 0x8eeba930, 0x8eebaa00, 0x8f400000)
    ro space 10240K,  60% used [0x92800000, 0x92e00d38, 0x92e00e00, 0x93200000)
    rw space 12288K,  59% used [0x93200000, 0x9391e858, 0x9391ea00, 0x93e00000)
}
Event: 22.222 GC heap before
{Heap before GC invocations=93 (full 0):
 def new generation   total 4928K, used 4648K [0x6e800000, 0x6ed50000, 0x792a0000)
  eden space 4416K, 100% used [0x6e800000, 0x6ec50000, 0x6ec50000)
  from space 512K,  45% used [0x6ecd0000, 0x6ed0a098, 0x6ed50000)
  to   space 512K,   0% used [0x6ec50000, 0x6ec50000, 0x6ecd0000)
 tenured generation   total 10944K, used 6324K [0x792a0000, 0x79d50000, 0x8e800000)
   the space 10944K,  57% used [0x792a0000, 0x798cd028, 0x798cd200, 0x79d50000)
 compacting perm gen  total 12288K, used 6910K [0x8e800000, 0x8f400000, 0x92800000)
   the space 12288K,  56% used [0x8e800000, 0x8eebfaf0, 0x8eebfc00, 0x8f400000)
    ro space 10240K,  60% used [0x92800000, 0x92e00d38, 0x92e00e00, 0x93200000)
    rw space 12288K,  59% used [0x93200000, 0x9391e858, 0x9391ea00, 0x93e00000)
Event: 22.223 GC heap after
Heap after GC invocations=94 (full 0):
 def new generation   total 4928K, used 401K [0x6e800000, 0x6ed50000, 0x792a0000)
  eden space 4416K,   0% used [0x6e800000, 0x6e800000, 0x6ec50000)
  from space 512K,  78% used [0x6ec50000, 0x6ecb4678, 0x6ecd0000)
  to   space 512K,   0% used [0x6ecd0000, 0x6ecd0000, 0x6ed50000)
 tenured generation   total 10944K, used 6324K [0x792a0000, 0x79d50000, 0x8e800000)
   the space 10944K,  57% used [0x792a0000, 0x798cd028, 0x798cd200, 0x79d50000)
 compacting perm gen  total 12288K, used 6910K [0x8e800000, 0x8f400000, 0x92800000)
   the space 12288K,  56% used [0x8e800000, 0x8eebfaf0, 0x8eebfc00, 0x8f400000)
    ro space 10240K,  60% used [0x92800000, 0x92e00d38, 0x92e00e00, 0x93200000)
    rw space 12288K,  59% used [0x93200000, 0x9391e858, 0x9391ea00, 0x93e00000)
}
Event: 27.901 GC heap before
{Heap before GC invocations=94 (full 0):
 def new generation   total 4928K, used 4817K [0x6e800000, 0x6ed50000, 0x792a0000)
  eden space 4416K, 100% used [0x6e800000, 0x6ec50000, 0x6ec50000)
  from space 512K,  78% used [0x6ec50000, 0x6ecb4678, 0x6ecd0000)
  to   space 512K,   0% used [0x6ecd0000, 0x6ecd0000, 0x6ed50000)
 tenured generation   total 10944K, used 6324K [0x792a0000, 0x79d50000, 0x8e800000)
   the space 10944K,  57% used [0x792a0000, 0x798cd028, 0x798cd200, 0x79d50000)
 compacting perm gen  total 12288K, used 7003K [0x8e800000, 0x8f400000, 0x92800000)
   the space 12288K,  56% used [0x8e800000, 0x8eed6c58, 0x8eed6e00, 0x8f400000)
    ro space 10240K,  60% used [0x92800000, 0x92e00d38, 0x92e00e00, 0x93200000)
    rw space 12288K,  59% used [0x93200000, 0x9391e858, 0x9391ea00, 0x93e00000)
Event: 27.907 GC heap after
Heap after GC invocations=95 (full 0):
 def new generation   total 4928K, used 512K [0x6e800000, 0x6ed50000, 0x792a0000)
  eden space 4416K,   0% used [0x6e800000, 0x6e800000, 0x6ec50000)
  from space 512K, 100% used [0x6ecd0000, 0x6ed50000, 0x6ed50000)
  to   space 512K,   0% used [0x6ec50000, 0x6ec50000, 0x6ecd0000)
 tenured generation   total 10944K, used 7223K [0x792a0000, 0x79d50000, 0x8e800000)
   the space 10944K,  66% used [0x792a0000, 0x799adf10, 0x799ae000, 0x79d50000)
 compacting perm gen  total 12288K, used 7003K [0x8e800000, 0x8f400000, 0x92800000)
   the space 12288K,  56% used [0x8e800000, 0x8eed6c58, 0x8eed6e00, 0x8f400000)
    ro space 10240K,  60% used [0x92800000, 0x92e00d38, 0x92e00e00, 0x93200000)
    rw space 12288K,  59% used [0x93200000, 0x9391e858, 0x9391ea00, 0x93e00000)
}

Deoptimization events (0 events):
No events

Internal exceptions (10 events):
Event: 28.652 Thread 0xb385c800 Threw 0x6e925300 at /build/openjdk-7-mks0zz/openjdk-7-7u121-2.6.8/build/openjdk/hotspot/src/share/vm/prims/jvm.cpp:1322
Event: 28.652 Thread 0xb385c800 Threw 0x6e929548 at /build/openjdk-7-mks0zz/openjdk-7-7u121-2.6.8/build/openjdk/hotspot/src/share/vm/prims/jvm.cpp:1322
Event: 28.654 Thread 0xb385c800 Threw 0x6e937ee8 at /build/openjdk-7-mks0zz/openjdk-7-7u121-2.6.8/build/openjdk/hotspot/src/share/vm/prims/jvm.cpp:1322
Event: 28.655 Thread 0xb385c800 Threw 0x6e942d10 at /build/openjdk-7-mks0zz/openjdk-7-7u121-2.6.8/build/openjdk/hotspot/src/share/vm/prims/jvm.cpp:1322
Event: 28.655 Thread 0xb385c800 Threw 0x6e945c08 at /build/openjdk-7-mks0zz/openjdk-7-7u121-2.6.8/build/openjdk/hotspot/src/share/vm/prims/jvm.cpp:1322
Event: 28.655 Thread 0xb385c800 Threw 0x6e9493d8 at /build/openjdk-7-mks0zz/openjdk-7-7u121-2.6.8/build/openjdk/hotspot/src/share/vm/prims/jvm.cpp:1322
Event: 28.656 Thread 0xb385c800 Threw 0x6e951ed8 at /build/openjdk-7-mks0zz/openjdk-7-7u121-2.6.8/build/openjdk/hotspot/src/share/vm/prims/jvm.cpp:1322
Event: 28.656 Thread 0xb385c800 Threw 0x6e9592d8 at /build/openjdk-7-mks0zz/openjdk-7-7u121-2.6.8/build/openjdk/hotspot/src/share/vm/prims/jvm.cpp:1322
Event: 31.900 Thread 0x08db0400 Threw 0x6eb844e0 at /build/openjdk-7-mks0zz/openjdk-7-7u121-2.6.8/build/openjdk/hotspot/src/share/vm/prims/jvm.cpp:1322
Event: 31.900 Thread 0x08db0400 Threw 0x6eb9c788 at /build/openjdk-7-mks0zz/openjdk-7-7u121-2.6.8/build/openjdk/hotspot/src/share/vm/prims/jvm.cpp:1322

Events (10 events):
Event: 31.900 Executing VM operation: RevokeBias
Event: 31.900 Executing VM operation: RevokeBias done
Event: 31.900 Executing VM operation: RevokeBias
Event: 31.900 Executing VM operation: RevokeBias done
Event: 31.900 loading class 0x08cfd850
Event: 31.900 loading class 0x08cfd850 done
Event: 31.900 Executing VM operation: RevokeBias
Event: 31.900 Executing VM operation: RevokeBias done
Event: 31.901 Executing VM operation: RevokeBias
Event: 31.901 Executing VM operation: RevokeBias done


Dynamic libraries:
08048000-08049000 r-xp 00000000 08:01 277177     /usr/lib/jvm/java-7-openjdk-i386/jre/bin/java
08049000-0804a000 r--p 00000000 08:01 277177     /usr/lib/jvm/java-7-openjdk-i386/jre/bin/java
0804a000-0804b000 rw-p 00001000 08:01 277177     /usr/lib/jvm/java-7-openjdk-i386/jre/bin/java
08b6d000-08ffa000 rw-p 00000000 00:00 0          [heap]
6e800000-6ed50000 rw-p 00000000 00:00 0 
6ed50000-792a0000 rw-p 00000000 00:00 0 
792a0000-79d50000 rw-p 00000000 00:00 0 
79d50000-8e800000 rw-p 00000000 00:00 0 
8e800000-8f400000 rw-p 00000000 00:00 0 
8f400000-92800000 rw-p 00000000 00:00 0 
92800000-92e01000 r--p 00001000 08:01 179396     /usr/lib/jvm/java-7-openjdk-i386/jre/lib/i386/client/classes.jsa
92e01000-93200000 rw-p 00000000 00:00 0 
93200000-9391f000 rw-p 00602000 08:01 179396     /usr/lib/jvm/java-7-openjdk-i386/jre/lib/i386/client/classes.jsa
9391f000-93e00000 rw-p 00000000 00:00 0 
93e00000-94115000 rw-p 00d21000 08:01 179396     /usr/lib/jvm/java-7-openjdk-i386/jre/lib/i386/client/classes.jsa
94115000-94200000 rw-p 00000000 00:00 0 
94200000-94209000 r-xp 01036000 08:01 179396     /usr/lib/jvm/java-7-openjdk-i386/jre/lib/i386/client/classes.jsa
94209000-94600000 rw-p 00000000 00:00 0 
b2926000-b2952000 r-xp 00000000 08:01 305357     /home/user/Desktop/Dual-radio-simulation/lanada/log_test/obj_cooja/mtype898.cooja
b2952000-b2953000 r--p 0002b000 08:01 305357     /home/user/Desktop/Dual-radio-simulation/lanada/log_test/obj_cooja/mtype898.cooja
b2953000-b2954000 rw-p 0002c000 08:01 305357     /home/user/Desktop/Dual-radio-simulation/lanada/log_test/obj_cooja/mtype898.cooja
b2954000-b2965000 rw-p 00000000 00:00 0          [stack:5197]
b2965000-b2968000 ---p 00000000 00:00 0 
b2968000-b29b6000 rw-p 00000000 00:00 0          [stack:5181]
b29b6000-b29b9000 ---p 00000000 00:00 0 
b29b9000-b2a07000 rw-p 00000000 00:00 0          [stack:5182]
b2a07000-b2a0a000 ---p 00000000 00:00 0 
b2a0a000-b2a58000 rw-p 00000000 00:00 0          [stack:5144]
b2a65000-b2a6c000 rw-s 00000000 00:04 12615700   /SYSV00000000 (deleted)
b2b1e000-b2b21000 ---p 00000000 00:00 0 
b2b21000-b2b6f000 rw-p 00000000 00:00 0 
b2b6f000-b2b72000 ---p 00000000 00:00 0 
b2b72000-b2bc0000 rw-p 00000000 00:00 0 
b2bc4000-b2bc5000 rw-p 00000000 00:00 0 
b2bc5000-b325a000 rw-s 00000000 00:04 10584083   /SYSV00000000 (deleted)
b325a000-b325c000 r--s 00003000 08:01 289777     /home/user/Desktop/Dual-radio-simulation/tools/cooja/apps/powertracker/lib/powertracker.jar
b325c000-b325d000 r--s 00002000 08:01 266126     /home/user/Desktop/Dual-radio-simulation/tools/cooja/apps/collect-view/cooja-collect-view.jar
b325d000-b325f000 r--s 00008000 08:01 289775     /home/user/Desktop/Dual-radio-simulation/tools/cooja/apps/serial_socket/lib/serial_socket.jar
b325f000-b3299000 r--s 001e1000 08:01 291798     /home/user/Desktop/Dual-radio-simulation/tools/cooja/apps/avrora/lib/avrora-small.jar
b3299000-b329a000 r--s 00008000 08:01 265385     /home/user/Desktop/Dual-radio-simulation/tools/cooja/apps/avrora/lib/cooja_avrora.jar
b329a000-b329c000 r--s 00010000 08:01 292113     /home/user/Desktop/Dual-radio-simulation/tools/cooja/apps/mspsim/lib/jipv6.jar
b329c000-b329d000 r--s 00004000 08:01 289779     /home/user/Desktop/Dual-radio-simulation/tools/cooja/apps/mspsim/lib/coffee.jar
b329d000-b32a9000 r--s 000eb000 08:01 269680     /home/user/Desktop/Dual-radio-simulation/tools/cooja/apps/mspsim/lib/mspsim.jar
b32a9000-b32af000 r--s 00062000 08:01 268623     /home/user/Desktop/Dual-radio-simulation/tools/cooja/apps/mspsim/lib/cooja_mspsim.jar
b32af000-b32b2000 r--s 0001e000 08:01 266127     /home/user/Desktop/Dual-radio-simulation/tools/cooja/apps/mrm/lib/mrm.jar
b32b2000-b32b5000 ---p 00000000 00:00 0 
b32b5000-b3303000 rw-p 00000000 00:00 0          [stack:5137]
b3303000-b3306000 ---p 00000000 00:00 0 
b3306000-b3354000 rw-p 00000000 00:00 0          [stack:5136]
b3354000-b3357000 ---p 00000000 00:00 0 
b3357000-b33a5000 rw-p 00000000 00:00 0          [stack:5135]
b33a5000-b33a6000 r--s 00000000 08:01 403278     /var/cache/fontconfig/c05880de57d1f5e948fdfacc138775d9-le32d4.cache-4
b33a6000-b33ae000 r--s 00000000 08:01 395165     /var/cache/fontconfig/945677eb7aeaf62f1d50efc3fb3ec7d8-le32d4.cache-4
b33ae000-b33b0000 r--s 00000000 08:01 401858     /var/cache/fontconfig/99e8ed0e538f840c565b6ed5dad60d56-le32d4.cache-4
b33b0000-b33b4000 r--s 00000000 08:01 401857     /var/cache/fontconfig/2cd17615ca594fa2959ae173292e504c-le32d4.cache-4
b33b4000-b33b5000 r--s 00000000 08:01 401856     /var/cache/fontconfig/e7071f4a29fa870f4323321c154eba04-le32d4.cache-4
b33b5000-b33b6000 r--s 00000000 08:01 401855     /var/cache/fontconfig/0d8c3b2ac0904cb8a57a757ad11a4a08-le32d4.cache-4
b33b6000-b33bb000 r--s 00000000 08:01 401853     /var/cache/fontconfig/a755afe4a08bf5b97852ceb7400b47bc-le32d4.cache-4
b33bb000-b33c4000 r--s 00000000 08:01 401852     /var/cache/fontconfig/6d41288fd70b0be22e8c3a91e032eec0-le32d4.cache-4
b33c4000-b33d3000 r--s 00000000 08:01 401851     /var/cache/fontconfig/04aabc0a78ac019cf9454389977116d2-le32d4.cache-4
b33d3000-b33d6000 r--s 00000000 08:01 401849     /var/cache/fontconfig/385c0604a188198f04d133e54aba7fe7-le32d4.cache-4
b33d6000-b33da000 r--s 00000000 08:01 401846     /var/cache/fontconfig/8801497958630a81b71ace7c5f9b32a8-le32d4.cache-4
b33da000-b33df000 r--s 00000000 08:01 401845     /var/cache/fontconfig/3047814df9a2f067bd2d96a2b9c36e5a-le32d4.cache-4
b33df000-b33e3000 r--s 00000000 08:01 401842     /var/cache/fontconfig/b47c4e1ecd0709278f4910c18777a504-le32d4.cache-4
b33e3000-b33f3000 r--s 00000000 08:01 401830     /var/cache/fontconfig/d52a8644073d54c13679302ca1180695-le32d4.cache-4
b33f3000-b3443000 r-xp 00000000 08:01 171756     /usr/lib/jvm/java-7-openjdk-i386/jre/lib/i386/libfontmanager.so
b3443000-b3445000 r--p 0004f000 08:01 171756     /usr/lib/jvm/java-7-openjdk-i386/jre/lib/i386/libfontmanager.so
b3445000-b3446000 rw-p 00051000 08:01 171756     /usr/lib/jvm/java-7-openjdk-i386/jre/lib/i386/libfontmanager.so
b3446000-b3449000 ---p 00000000 00:00 0 
b3449000-b3497000 rw-p 00000000 00:00 0          [stack:5134]
b3497000-b349b000 r-xp 00000000 08:01 7640       /usr/lib/i386-linux-gnu/libXfixes.so.3.1.0
b349b000-b349c000 r--p 00003000 08:01 7640       /usr/lib/i386-linux-gnu/libXfixes.so.3.1.0
b349c000-b349d000 rw-p 00004000 08:01 7640       /usr/lib/i386-linux-gnu/libXfixes.so.3.1.0
b349d000-b34a6000 r-xp 00000000 08:01 9790       /usr/lib/i386-linux-gnu/libXcursor.so.1.0.2
b34a6000-b34a7000 r--p 00008000 08:01 9790       /usr/lib/i386-linux-gnu/libXcursor.so.1.0.2
b34a7000-b34a8000 rw-p 00009000 08:01 9790       /usr/lib/i386-linux-gnu/libXcursor.so.1.0.2
b34a8000-b34ab000 ---p 00000000 00:00 0 
b34ab000-b34f9000 rw-p 00000000 00:00 0          [stack:5133]
b34f9000-b351f000 r-xp 00000000 08:01 142126     /lib/i386-linux-gnu/libpng12.so.0.50.0
b351f000-b3520000 r--p 00025000 08:01 142126     /lib/i386-linux-gnu/libpng12.so.0.50.0
b3520000-b3521000 rw-p 00026000 08:01 142126     /lib/i386-linux-gnu/libpng12.so.0.50.0
b3521000-b3526000 r-xp 00000000 08:01 5406       /usr/lib/i386-linux-gnu/libXdmcp.so.6.0.0
b3526000-b3527000 r--p 00004000 08:01 5406       /usr/lib/i386-linux-gnu/libXdmcp.so.6.0.0
b3527000-b3528000 rw-p 00005000 08:01 5406       /usr/lib/i386-linux-gnu/libXdmcp.so.6.0.0
b3528000-b352a000 r-xp 00000000 08:01 5352       /usr/lib/i386-linux-gnu/libXau.so.6.0.0
b352a000-b352b000 r--p 00001000 08:01 5352       /usr/lib/i386-linux-gnu/libXau.so.6.0.0
b352b000-b352c000 rw-p 00002000 08:01 5352       /usr/lib/i386-linux-gnu/libXau.so.6.0.0
b352c000-b3551000 r-xp 00000000 08:01 131117     /lib/i386-linux-gnu/libexpat.so.1.6.0
b3551000-b3552000 ---p 00025000 08:01 131117     /lib/i386-linux-gnu/libexpat.so.1.6.0
b3552000-b3554000 r--p 00025000 08:01 131117     /lib/i386-linux-gnu/libexpat.so.1.6.0
b3554000-b3555000 rw-p 00027000 08:01 131117     /lib/i386-linux-gnu/libexpat.so.1.6.0
b3555000-b35f0000 r-xp 00000000 08:01 9114       /usr/lib/i386-linux-gnu/libfreetype.so.6.11.1
b35f0000-b35f4000 r--p 0009a000 08:01 9114       /usr/lib/i386-linux-gnu/libfreetype.so.6.11.1
b35f4000-b35f5000 rw-p 0009e000 08:01 9114       /usr/lib/i386-linux-gnu/libfreetype.so.6.11.1
b35f5000-b3615000 r-xp 00000000 08:01 66655      /usr/lib/i386-linux-gnu/libxcb.so.1.1.0
b3615000-b3616000 r--p 0001f000 08:01 66655      /usr/lib/i386-linux-gnu/libxcb.so.1.1.0
b3616000-b3617000 rw-p 00020000 08:01 66655      /usr/lib/i386-linux-gnu/libxcb.so.1.1.0
b3617000-b3650000 r-xp 00000000 08:01 9177       /usr/lib/i386-linux-gnu/libfontconfig.so.1.8.0
b3650000-b3651000 r--p 00039000 08:01 9177       /usr/lib/i386-linux-gnu/libfontconfig.so.1.8.0
b3651000-b3652000 rw-p 0003a000 08:01 9177       /usr/lib/i386-linux-gnu/libfontconfig.so.1.8.0
b3652000-b3660000 r-xp 00000000 08:01 7577       /usr/lib/i386-linux-gnu/libXi.so.6.1.0
b3660000-b3661000 r--p 0000e000 08:01 7577       /usr/lib/i386-linux-gnu/libXi.so.6.1.0
b3661000-b3662000 rw-p 0000f000 08:01 7577       /usr/lib/i386-linux-gnu/libXi.so.6.1.0
b3662000-b3667000 r-xp 00000000 08:01 10292      /usr/lib/i386-linux-gnu/libXtst.so.6.1.0
b3667000-b3668000 r--p 00004000 08:01 10292      /usr/lib/i386-linux-gnu/libXtst.so.6.1.0
b3668000-b3669000 rw-p 00005000 08:01 10292      /usr/lib/i386-linux-gnu/libXtst.so.6.1.0
b3669000-b366b000 r-xp 00000000 08:01 3489       /usr/lib/i386-linux-gnu/libXcomposite.so.1.0.0
b366b000-b366c000 r--p 00001000 08:01 3489       /usr/lib/i386-linux-gnu/libXcomposite.so.1.0.0
b366c000-b366d000 rw-p 00002000 08:01 3489       /usr/lib/i386-linux-gnu/libXcomposite.so.1.0.0
b366d000-b379d000 r-xp 00000000 08:01 10842      /usr/lib/i386-linux-gnu/libX11.so.6.3.0
b379d000-b379e000 r--p 00130000 08:01 10842      /usr/lib/i386-linux-gnu/libX11.so.6.3.0
b379e000-b37a0000 rw-p 00131000 08:01 10842      /usr/lib/i386-linux-gnu/libX11.so.6.3.0
b37a0000-b37a1000 rw-p 00000000 00:00 0 
b37a1000-b37b2000 r-xp 00000000 08:01 6183       /usr/lib/i386-linux-gnu/libXext.so.6.4.0
b37b2000-b37b3000 r--p 00010000 08:01 6183       /usr/lib/i386-linux-gnu/libXext.so.6.4.0
b37b3000-b37b4000 rw-p 00011000 08:01 6183       /usr/lib/i386-linux-gnu/libXext.so.6.4.0
b37b4000-b37fc000 r-xp 00000000 08:01 136650     /usr/lib/jvm/java-7-openjdk-i386/jre/lib/i386/xawt/libmawt.so
b37fc000-b37fd000 r--p 00048000 08:01 136650     /usr/lib/jvm/java-7-openjdk-i386/jre/lib/i386/xawt/libmawt.so
b37fd000-b37ff000 rw-p 00049000 08:01 136650     /usr/lib/jvm/java-7-openjdk-i386/jre/lib/i386/xawt/libmawt.so
b37ff000-b3800000 rw-p 00000000 00:00 0 
b3800000-b388c000 rw-p 00000000 00:00 0 
b388c000-b3900000 ---p 00000000 00:00 0 
b3900000-b3901000 r--s 00000000 08:01 401850     /var/cache/fontconfig/1ac9eb803944fde146138c791f5cc56a-le32d4.cache-4
b3901000-b3903000 r--s 00000000 08:01 393795     /var/cache/fontconfig/767a8244fc0220cfb567a839d0392e0b-le32d4.cache-4
b3903000-b390c000 r-xp 00000000 08:01 6199       /usr/lib/i386-linux-gnu/libXrender.so.1.3.0
b390c000-b390d000 r--p 00008000 08:01 6199       /usr/lib/i386-linux-gnu/libXrender.so.1.3.0
b390d000-b390e000 rw-p 00009000 08:01 6199       /usr/lib/i386-linux-gnu/libXrender.so.1.3.0
b390e000-b399d000 r-xp 00000000 08:01 171844     /usr/lib/jvm/java-7-openjdk-i386/jre/lib/i386/libawt.so
b399d000-b399e000 r--p 0008f000 08:01 171844     /usr/lib/jvm/java-7-openjdk-i386/jre/lib/i386/libawt.so
b399e000-b39a5000 rw-p 00090000 08:01 171844     /usr/lib/jvm/java-7-openjdk-i386/jre/lib/i386/libawt.so
b39a5000-b39c9000 rw-p 00000000 00:00 0 
b39c9000-b3a05000 r-xp 00000000 08:01 132344     /lib/i386-linux-gnu/libpcre.so.3.13.1
b3a05000-b3a06000 r--p 0003b000 08:01 132344     /lib/i386-linux-gnu/libpcre.so.3.13.1
b3a06000-b3a07000 rw-p 0003c000 08:01 132344     /lib/i386-linux-gnu/libpcre.so.3.13.1
b3a07000-b3a0c000 r-xp 00000000 08:01 9076       /usr/lib/i386-linux-gnu/libffi.so.6.0.1
b3a0c000-b3a0d000 r--p 00005000 08:01 9076       /usr/lib/i386-linux-gnu/libffi.so.6.0.1
b3a0d000-b3a0e000 rw-p 00006000 08:01 9076       /usr/lib/i386-linux-gnu/libffi.so.6.0.1
b3a0e000-b3a21000 r-xp 00000000 08:01 158559     /lib/i386-linux-gnu/libresolv-2.19.so
b3a21000-b3a22000 ---p 00013000 08:01 158559     /lib/i386-linux-gnu/libresolv-2.19.so
b3a22000-b3a23000 r--p 00013000 08:01 158559     /lib/i386-linux-gnu/libresolv-2.19.so
b3a23000-b3a24000 rw-p 00014000 08:01 158559     /lib/i386-linux-gnu/libresolv-2.19.so
b3a24000-b3a26000 rw-p 00000000 00:00 0 
b3a26000-b3a46000 r-xp 00000000 08:01 131406     /lib/i386-linux-gnu/libselinux.so.1
b3a46000-b3a47000 r--p 0001f000 08:01 131406     /lib/i386-linux-gnu/libselinux.so.1
b3a47000-b3a48000 rw-p 00020000 08:01 131406     /lib/i386-linux-gnu/libselinux.so.1
b3a48000-b3a49000 rw-p 00000000 00:00 0 
b3a49000-b3a4c000 r-xp 00000000 08:01 1675       /usr/lib/i386-linux-gnu/libgmodule-2.0.so.0.4002.0
b3a4c000-b3a4d000 r--p 00002000 08:01 1675       /usr/lib/i386-linux-gnu/libgmodule-2.0.so.0.4002.0
b3a4d000-b3a4e000 rw-p 00003000 08:01 1675       /usr/lib/i386-linux-gnu/libgmodule-2.0.so.0.4002.0
b3a4e000-b3b58000 r-xp 00000000 08:01 136564     /lib/i386-linux-gnu/libglib-2.0.so.0.4002.0
b3b58000-b3b59000 r--p 00109000 08:01 136564     /lib/i386-linux-gnu/libglib-2.0.so.0.4002.0
b3b59000-b3b5a000 rw-p 0010a000 08:01 136564     /lib/i386-linux-gnu/libglib-2.0.so.0.4002.0
b3b5a000-b3baa000 r-xp 00000000 08:01 1672       /usr/lib/i386-linux-gnu/libgobject-2.0.so.0.4002.0
b3baa000-b3bab000 r--p 0004f000 08:01 1672       /usr/lib/i386-linux-gnu/libgobject-2.0.so.0.4002.0
b3bab000-b3bac000 rw-p 00050000 08:01 1672       /usr/lib/i386-linux-gnu/libgobject-2.0.so.0.4002.0
b3bac000-b3d29000 r-xp 00000000 08:01 1674       /usr/lib/i386-linux-gnu/libgio-2.0.so.0.4002.0
b3d29000-b3d2b000 r--p 0017d000 08:01 1674       /usr/lib/i386-linux-gnu/libgio-2.0.so.0.4002.0
b3d2b000-b3d2c000 rw-p 0017f000 08:01 1674       /usr/lib/i386-linux-gnu/libgio-2.0.so.0.4002.0
b3d2c000-b3d2d000 rw-p 00000000 00:00 0 
b3d2d000-b3d2e000 r--s 00000000 08:01 401848     /var/cache/fontconfig/dc05db6664285cc2f12bf69c139ae4c3-le32d4.cache-4
b3d2e000-b3d2f000 r--s 00000000 08:01 401847     /var/cache/fontconfig/4794a0821666d79190d59a36cb4f44b5-le32d4.cache-4
b3d2f000-b3d36000 r--s 00000000 08:01 401829     /var/cache/fontconfig/3f7329c5293ffd510edef78f73874cfd-le32d4.cache-4
b3d36000-b3d3f000 r--s 00000000 08:01 401785     /var/cache/fontconfig/d589a48862398ed80a3d6066f4f56f4c-le32d4.cache-4
b3d3f000-b3d41000 r--s 00000000 08:01 394475     /var/cache/fontconfig/e13b20fdb08344e0e664864cc2ede53d-le32d4.cache-4
b3d41000-b3d44000 r--s 00000000 08:01 394702     /var/cache/fontconfig/7ef2298fde41cc6eeb7af42e48b7d293-le32d4.cache-4
b3d44000-b3d5c000 r-xp 00000000 08:01 171836     /usr/lib/jvm/java-7-openjdk-i386/jre/lib/i386/libnet.so
b3d5c000-b3d5d000 r--p 00017000 08:01 171836     /usr/lib/jvm/java-7-openjdk-i386/jre/lib/i386/libnet.so
b3d5d000-b3d5e000 rw-p 00018000 08:01 171836     /usr/lib/jvm/java-7-openjdk-i386/jre/lib/i386/libnet.so
b3d5e000-b3d6f000 r-xp 00000000 08:01 171778     /usr/lib/jvm/java-7-openjdk-i386/jre/lib/i386/libnio.so
b3d6f000-b3d70000 r--p 00010000 08:01 171778     /usr/lib/jvm/java-7-openjdk-i386/jre/lib/i386/libnio.so
b3d70000-b3d71000 rw-p 00011000 08:01 171778     /usr/lib/jvm/java-7-openjdk-i386/jre/lib/i386/libnio.so
b3d71000-b3d7b000 r--s 000ae000 08:01 136921     /usr/lib/jvm/java-7-openjdk-i386/jre/lib/resources.jar
b3d7b000-b3d98000 r--s 0014f000 08:01 293673     /home/user/Desktop/Dual-radio-simulation/tools/cooja/lib/swingx-all-1.6.4.jar
b3d98000-b3d9f000 r--s 0005b000 08:01 293671     /home/user/Desktop/Dual-radio-simulation/tools/cooja/lib/jsyntaxpane.jar
b3d9f000-b3da6000 r--s 0004f000 08:01 293672     /home/user/Desktop/Dual-radio-simulation/tools/cooja/lib/log4j.jar
b3da6000-b3da9000 r--s 00022000 08:01 293670     /home/user/Desktop/Dual-radio-simulation/tools/cooja/lib/jdom.jar
b3da9000-b3dad000 r--s 00085000 08:01 171728     /usr/lib/jvm/java-7-openjdk-i386/jre/lib/ext/localedata.jar
b3dad000-b3dae000 ---p 00000000 00:00 0 
b3dae000-b3e2e000 rw-p 00000000 00:00 0          [stack:5132]
b3e2e000-b3e31000 ---p 00000000 00:00 0 
b3e31000-b3e7f000 rw-p 00000000 00:00 0          [stack:5131]
b3e7f000-b3e82000 ---p 00000000 00:00 0 
b3e82000-b3f00000 rw-p 00000000 00:00 0          [stack:5130]
b3f00000-b4100000 r--p 00000000 08:01 369        /usr/lib/locale/locale-archive
b4100000-b4137000 rw-p 00000000 00:00 0 
b4137000-b4200000 ---p 00000000 00:00 0 
b4200000-b4201000 r--s 00000000 08:01 401844     /var/cache/fontconfig/56cf4f4769d0f4abc89a4895d7bd3ae1-le32d4.cache-4
b4201000-b4205000 r--s 00034000 08:01 136936     /usr/lib/jvm/java-7-openjdk-i386/jre/lib/ext/sunjce_provider.jar
b4205000-b4208000 ---p 00000000 00:00 0 
b4208000-b4256000 rw-p 00000000 00:00 0          [stack:5129]
b4256000-b4259000 ---p 00000000 00:00 0 
b4259000-b42a7000 rw-p 00000000 00:00 0          [stack:5128]
b42a7000-b42aa000 ---p 00000000 00:00 0 
b42aa000-b42f8000 rw-p 00000000 00:00 0          [stack:5127]
b42f8000-b42f9000 ---p 00000000 00:00 0 
b42f9000-b43c2000 rw-p 00000000 00:00 0          [stack:5126]
b43c2000-b4575000 r--s 01d41000 08:01 136926     /usr/lib/jvm/java-7-openjdk-i386/jre/lib/rt.jar
b4575000-b4583000 rw-p 00000000 00:00 0 
b4583000-b459d000 rw-p 00000000 00:00 0 
b459d000-b45a3000 rw-p 00000000 00:00 0 
b45a3000-b4648000 rw-p 00000000 00:00 0 
b4648000-b464b000 rw-p 00000000 00:00 0 
b464b000-b469d000 rw-p 00000000 00:00 0 
b469d000-b46a3000 rw-p 00000000 00:00 0 
b46a3000-b4748000 rw-p 00000000 00:00 0 
b4748000-b474e000 rw-p 00000000 00:00 0 
b474e000-b4768000 rw-p 00000000 00:00 0 
b4768000-b477f000 rw-p 00000000 00:00 0 
b477f000-b47f4000 rw-p 00000000 00:00 0 
b47f4000-b4a84000 rwxp 00000000 00:00 0 
b4a84000-b67f4000 rw-p 00000000 00:00 0 
b67f4000-b67fe000 r-xp 00000000 08:01 159039     /lib/i386-linux-gnu/libnss_files-2.19.so
b67fe000-b67ff000 r--p 00009000 08:01 159039     /lib/i386-linux-gnu/libnss_files-2.19.so
b67ff000-b6800000 rw-p 0000a000 08:01 159039     /lib/i386-linux-gnu/libnss_files-2.19.so
b6800000-b68ff000 rw-p 00000000 00:00 0 
b68ff000-b6900000 ---p 00000000 00:00 0 
b6900000-b6901000 r--s 00000000 08:01 401843     /var/cache/fontconfig/b9d506c9ac06c20b433354fa67a72993-le32d4.cache-4
b6901000-b6904000 r--s 0000f000 08:01 153628     /usr/lib/jvm/java-7-openjdk-i386/jre/lib/ext/icedtea-sound.jar
b6904000-b690a000 rw-p 00000000 00:00 0 
b690a000-b6914000 r-xp 00000000 08:01 158574     /lib/i386-linux-gnu/libnss_nis-2.19.so
b6914000-b6915000 r--p 00009000 08:01 158574     /lib/i386-linux-gnu/libnss_nis-2.19.so
b6915000-b6916000 rw-p 0000a000 08:01 158574     /lib/i386-linux-gnu/libnss_nis-2.19.so
b6916000-b692b000 r-xp 00000000 08:01 158568     /lib/i386-linux-gnu/libnsl-2.19.so
b692b000-b692c000 r--p 00015000 08:01 158568     /lib/i386-linux-gnu/libnsl-2.19.so
b692c000-b692d000 rw-p 00016000 08:01 158568     /lib/i386-linux-gnu/libnsl-2.19.so
b692d000-b692f000 rw-p 00000000 00:00 0 
b692f000-b6936000 r-xp 00000000 08:01 158567     /lib/i386-linux-gnu/libnss_compat-2.19.so
b6936000-b6937000 r--p 00006000 08:01 158567     /lib/i386-linux-gnu/libnss_compat-2.19.so
b6937000-b6938000 rw-p 00007000 08:01 158567     /lib/i386-linux-gnu/libnss_compat-2.19.so
b6938000-b6939000 r--s 00000000 08:01 401740     /var/cache/fontconfig/0c9eb80ebd1c36541ebe2852d3bb0c49-le32d4.cache-4
b6939000-b693a000 r--s 00002000 08:01 136939     /usr/lib/jvm/java-7-openjdk-i386/jre/lib/ext/dnsns.jar
b693a000-b693d000 r--s 0003d000 08:01 136934     /usr/lib/jvm/java-7-openjdk-i386/jre/lib/ext/sunpkcs11.jar
b693d000-b6945000 r-xp 00000000 08:01 171832     /usr/lib/jvm/java-7-openjdk-i386/jre/lib/i386/libzip.so
b6945000-b6946000 r--p 00007000 08:01 171832     /usr/lib/jvm/java-7-openjdk-i386/jre/lib/i386/libzip.so
b6946000-b6947000 rw-p 00008000 08:01 171832     /usr/lib/jvm/java-7-openjdk-i386/jre/lib/i386/libzip.so
b6947000-b694f000 rw-s 00000000 08:01 167509     /tmp/hsperfdata_user/5120
b694f000-b6976000 r-xp 00000000 08:01 171830     /usr/lib/jvm/java-7-openjdk-i386/jre/lib/i386/libjava.so
b6976000-b6977000 r--p 00026000 08:01 171830     /usr/lib/jvm/java-7-openjdk-i386/jre/lib/i386/libjava.so
b6977000-b6978000 rw-p 00027000 08:01 171830     /usr/lib/jvm/java-7-openjdk-i386/jre/lib/i386/libjava.so
b6978000-b697f000 r-xp 00000000 08:01 158579     /lib/i386-linux-gnu/librt-2.19.so
b697f000-b6980000 r--p 00006000 08:01 158579     /lib/i386-linux-gnu/librt-2.19.so
b6980000-b6981000 rw-p 00007000 08:01 158579     /lib/i386-linux-gnu/librt-2.19.so
b6981000-b6984000 ---p 00000000 00:00 0 
b6984000-b69d2000 rw-p 00000000 00:00 0          [stack:5122]
b69d2000-b69ee000 r-xp 00000000 08:01 158999     /lib/i386-linux-gnu/libgcc_s.so.1
b69ee000-b69ef000 rw-p 0001b000 08:01 158999     /lib/i386-linux-gnu/libgcc_s.so.1
b69ef000-b6a33000 r-xp 00000000 08:01 158561     /lib/i386-linux-gnu/libm-2.19.so
b6a33000-b6a34000 r--p 00043000 08:01 158561     /lib/i386-linux-gnu/libm-2.19.so
b6a34000-b6a35000 rw-p 00044000 08:01 158561     /lib/i386-linux-gnu/libm-2.19.so
b6a35000-b6b11000 r-xp 00000000 08:01 289        /usr/lib/i386-linux-gnu/libstdc++.so.6.0.19
b6b11000-b6b15000 r--p 000dc000 08:01 289        /usr/lib/i386-linux-gnu/libstdc++.so.6.0.19
b6b15000-b6b16000 rw-p 000e0000 08:01 289        /usr/lib/i386-linux-gnu/libstdc++.so.6.0.19
b6b16000-b6b1d000 rw-p 00000000 00:00 0 
b6b1d000-b7154000 r-xp 00000000 08:01 171806     /usr/lib/jvm/java-7-openjdk-i386/jre/lib/i386/client/libjvm.so
b7154000-b7155000 ---p 00637000 08:01 171806     /usr/lib/jvm/java-7-openjdk-i386/jre/lib/i386/client/libjvm.so
b7155000-b716b000 r--p 00637000 08:01 171806     /usr/lib/jvm/java-7-openjdk-i386/jre/lib/i386/client/libjvm.so
b716b000-b717a000 rw-p 0064d000 08:01 171806     /usr/lib/jvm/java-7-openjdk-i386/jre/lib/i386/client/libjvm.so
b717a000-b7596000 rw-p 00000000 00:00 0 
b7596000-b75ae000 r-xp 00000000 08:01 158556     /lib/i386-linux-gnu/libz.so.1.2.8
b75ae000-b75af000 r--p 00017000 08:01 158556     /lib/i386-linux-gnu/libz.so.1.2.8
b75af000-b75b0000 rw-p 00018000 08:01 158556     /lib/i386-linux-gnu/libz.so.1.2.8
b75b0000-b75c8000 r-xp 00000000 08:01 158571     /lib/i386-linux-gnu/libpthread-2.19.so
b75c8000-b75c9000 r--p 00018000 08:01 158571     /lib/i386-linux-gnu/libpthread-2.19.so
b75c9000-b75ca000 rw-p 00019000 08:01 158571     /lib/i386-linux-gnu/libpthread-2.19.so
b75ca000-b75cc000 rw-p 00000000 00:00 0 
b75cc000-b75cf000 r-xp 00000000 08:01 158563     /lib/i386-linux-gnu/libdl-2.19.so
b75cf000-b75d0000 r--p 00002000 08:01 158563     /lib/i386-linux-gnu/libdl-2.19.so
b75d0000-b75d1000 rw-p 00003000 08:01 158563     /lib/i386-linux-gnu/libdl-2.19.so
b75d1000-b7779000 r-xp 00000000 08:01 158580     /lib/i386-linux-gnu/libc-2.19.so
b7779000-b777a000 ---p 001a8000 08:01 158580     /lib/i386-linux-gnu/libc-2.19.so
b777a000-b777c000 r--p 001a8000 08:01 158580     /lib/i386-linux-gnu/libc-2.19.so
b777c000-b777d000 rw-p 001aa000 08:01 158580     /lib/i386-linux-gnu/libc-2.19.so
b777d000-b7780000 rw-p 00000000 00:00 0 
b7780000-b7782000 r--s 00006000 08:01 276693     /usr/share/java/java-atk-wrapper.jar
b7782000-b7784000 r--s 00012000 08:01 136938     /usr/lib/jvm/java-7-openjdk-i386/jre/lib/ext/zipfs.jar
b7784000-b7785000 r--p 002c5000 08:01 369        /usr/lib/locale/locale-archive
b7785000-b7786000 rw-p 00000000 00:00 0 
b7786000-b7787000 r--p 00000000 00:00 0 
b7787000-b7795000 r-xp 00000000 08:01 171834     /usr/lib/jvm/java-7-openjdk-i386/jre/lib/i386/libverify.so
b7795000-b7796000 r--p 0000d000 08:01 171834     /usr/lib/jvm/java-7-openjdk-i386/jre/lib/i386/libverify.so
b7796000-b7797000 rw-p 0000e000 08:01 171834     /usr/lib/jvm/java-7-openjdk-i386/jre/lib/i386/libverify.so
b7797000-b77a3000 r-xp 00000000 08:01 171842     /usr/lib/jvm/java-7-openjdk-i386/jre/lib/i386/jli/libjli.so
b77a3000-b77a4000 r--p 0000c000 08:01 171842     /usr/lib/jvm/java-7-openjdk-i386/jre/lib/i386/jli/libjli.so
b77a4000-b77a5000 rw-p 0000d000 08:01 171842     /usr/lib/jvm/java-7-openjdk-i386/jre/lib/i386/jli/libjli.so
b77a5000-b77a8000 rw-p 00000000 00:00 0 
b77a8000-b77a9000 r-xp 00000000 00:00 0          [vdso]
b77a9000-b77c9000 r-xp 00000000 08:01 158572     /lib/i386-linux-gnu/ld-2.19.so
b77c9000-b77ca000 r--p 0001f000 08:01 158572     /lib/i386-linux-gnu/ld-2.19.so
b77ca000-b77cb000 rw-p 00020000 08:01 158572     /lib/i386-linux-gnu/ld-2.19.so
bfa08000-bfa09000 rwxp 00000000 00:00 0 
bfa3b000-bfa5c000 rw-p 00000000 00:00 0          [stack]

VM Arguments:
jvm_args: -Xmx512m -Duser.language=en 
java_command: org.contikios.cooja.Cooja
Launcher Type: SUN_STANDARD

Environment Variables:
JAVA_HOME=/usr/lib/jvm/java-7-openjdk-i386
PATH=/usr/local/sdcc/bin:/usr/local/sbin:/usr/local/bin:/usr/sbin:/usr/bin:/sbin:/bin:/usr/games:/usr/local/games:/home/user/CodeSourcery/Sourcery_G++_Lite/bin:/usr/local/msp430/bin:/home/user/CodeSourcery/Sourcery_G++_Lite/bin
LD_LIBRARY_PATH=.
SHELL=/bin/bash
DISPLAY=:0

Signal Handlers:
SIGSEGV: [libjvm.so+0x4f0b20], sa_mask[0]=0x7ffbfeff, sa_flags=0x10000004
SIGBUS: [libjvm.so+0x4f0b20], sa_mask[0]=0x7ffbfeff, sa_flags=0x10000004
SIGFPE: [libjvm.so+0x3cc460], sa_mask[0]=0x7ffbfeff, sa_flags=0x10000004
SIGPIPE: [libjvm.so+0x3cc460], sa_mask[0]=0x7ffbfeff, sa_flags=0x10000004
SIGXFSZ: [libjvm.so+0x3cc460], sa_mask[0]=0x7ffbfeff, sa_flags=0x10000004
SIGILL: [libjvm.so+0x3cc460], sa_mask[0]=0x7ffbfeff, sa_flags=0x10000004
SIGUSR1: SIG_DFL, sa_mask[0]=0x00000000, sa_flags=0x00000000
SIGUSR2: [libjvm.so+0x3cc5c0], sa_mask[0]=0x00000004, sa_flags=0x10000004
SIGHUP: [libjvm.so+0x3cc520], sa_mask[0]=0x7ffbfeff, sa_flags=0x10000004
SIGINT: [libjvm.so+0x3cc520], sa_mask[0]=0x7ffbfeff, sa_flags=0x10000004
SIGTERM: [libjvm.so+0x3cc520], sa_mask[0]=0x7ffbfeff, sa_flags=0x10000004
SIGQUIT: [libjvm.so+0x3cc520], sa_mask[0]=0x7ffbfeff, sa_flags=0x10000004
SIGTRAP: SIG_DFL, sa_mask[0]=0x00000000, sa_flags=0x00000000


---------------  S Y S T E M  ---------------

OS:Ubuntu 14.04 (trusty)
uname:Linux 3.13.0-107-generic #154-Ubuntu SMP Mon Dec 19 19:20:26 UTC 2016 i686
libc:glibc 2.19 NPTL 2.19 
rlimit: STACK 8192k, CORE 0k, NPROC 32110, NOFILE 4096, AS infinity
load average:0.16 0.29 0.27

/proc/meminfo:
MemTotal:        4130132 kB
MemFree:         2153104 kB
Buffers:          196448 kB
Cached:          1269416 kB
SwapCached:            0 kB
Active:           936688 kB
Inactive:         907980 kB
Active(anon):     379736 kB
Inactive(anon):    25368 kB
Active(file):     556952 kB
Inactive(file):   882612 kB
Unevictable:          32 kB
Mlocked:              32 kB
HighTotal:       3280776 kB
HighFree:        1884868 kB
LowTotal:         849356 kB
LowFree:          268236 kB
SwapTotal:       1046524 kB
SwapFree:        1046524 kB
Dirty:              1248 kB
Writeback:             0 kB
AnonPages:        378832 kB
Mapped:           113188 kB
Shmem:             26304 kB
Slab:              96372 kB
SReclaimable:      82684 kB
SUnreclaim:        13688 kB
KernelStack:        2864 kB
PageTables:         6716 kB
NFS_Unstable:          0 kB
Bounce:                0 kB
WritebackTmp:          0 kB
CommitLimit:     3111588 kB
Committed_AS:    2356996 kB
VmallocTotal:     122880 kB
VmallocUsed:       23428 kB
VmallocChunk:      89832 kB
HardwareCorrupted:     0 kB
AnonHugePages:    161792 kB
HugePages_Total:       0
HugePages_Free:        0
HugePages_Rsvd:        0
HugePages_Surp:        0
Hugepagesize:       2048 kB
DirectMap4k:       14328 kB
DirectMap2M:      899072 kB


CPU:total 1 (1 cores per cpu, 1 threads per core) family 6 model 94 stepping 3, cmov, cx8, fxsr, mmx, sse, sse2, sse3, ssse3, sse4.1, sse4.2, popcnt, avx, aes, tsc, tscinvbit

/proc/cpuinfo:
processor	: 0
vendor_id	: GenuineIntel
cpu family	: 6
model		: 94
model name	: Intel(R) Core(TM) i5-6500 CPU @ 3.20GHz
stepping	: 3
microcode	: 0x76
cpu MHz		: 3600.000
cache size	: 6144 KB
physical id	: 0
siblings	: 1
core id		: 0
cpu cores	: 1
apicid		: 0
initial apicid	: 0
fdiv_bug	: no
f00f_bug	: no
coma_bug	: no
fpu		: yes
fpu_exception	: yes
cpuid level	: 22
wp		: yes
flags		: fpu vme de pse tsc msr pae mce cx8 apic sep mtrr pge mca cmov pat pse36 clflush dts mmx fxsr sse sse2 ss nx rdtscp lm constant_tsc arch_perfmon pebs bts tsc_reliable nonstop_tsc aperfmperf pni pclmulqdq ssse3 fma cx16 sse4_1 sse4_2 movbe popcnt aes xsave avx hypervisor lahf_lm 3dnowprefetch ida arat epb pln pts dtherm
bogomips	: 7200.00
clflush size	: 64
cache_alignment	: 64
address sizes	: 40 bits physical, 48 bits virtual
power management:



Memory: 4k page, physical 4130132k(2153104k free), swap 1046524k(1046524k free)

vm_info: OpenJDK Client VM (24.121-b00) for linux-x86 JRE (1.7.0_121-b00), built on Nov 16 2016 00:51:04 by "buildd" with gcc 4.8.4

time: Tue Jan 31 02:53:20 2017
elapsed time: 31 seconds

