#
# A fatal error has been detected by the Java Runtime Environment:
#
#  SIGSEGV (0xb) at pc=0x00f31000, pid=19304, tid=3002407744
#
# JRE version: OpenJDK Runtime Environment (7.0_111-b01) (build 1.7.0_111-b01)
# Java VM: OpenJDK Client VM (24.111-b01 mixed mode, sharing linux-x86 )
# Derivative: IcedTea 2.6.7
# Distribution: Ubuntu 14.04 LTS, package 7u111-2.6.7-0ubuntu0.14.04.3
# Problematic frame:
# C  0x00f31000
#
# Failed to write core dump. Core dumps have been disabled. To enable core dumping, try "ulimit -c unlimited" before starting Java again
#
# If you would like to submit a bug report, please include
# instructions on how to reproduce the bug and visit:
#   http://icedtea.classpath.org/bugzilla
# The crash happened outside the Java Virtual Machine in native code.
# See problematic frame for where to report the bug.
#

---------------  T H R E A D  ---------------

Current thread (0x08b6a000):  JavaThread "Thread-7" [_thread_in_native, id=19423, stack(0xb2f01000,0xb2f52000)]

siginfo:si_signo=SIGSEGV: si_errno=0, si_code=1 (SEGV_MAPERR), si_addr=0x00f31000

Registers:
EAX=0x00f31000, EBX=0xb3161fac, ECX=0x00000000, EDX=0x00000069
ESP=0xb317ff78, EBP=0xb317ff94, ESI=0x0000004a, EDI=0x00000000
EIP=0x00f31000, EFLAGS=0x00010206, CR2=0x00f31000

Top of Stack: (sp=0xb317ff78)
0xb317ff78:   b3175701 0000fd00 00000001 00000001
0xb317ff88:   0000006c b3172afe b3161fac b317ffd4
0xb317ff98:   b317359f 00f31000 0000fd00 00000001
0xb317ffa8:   00000001 b317fff0 b318629e 80dc61da
0xb317ffb8:   00000001 00140014 00058014 00050005
0xb317ffc8:   0000006c 0005823a 00050005 d6019b05
0xb317ffd8:   03f01e65 00f31000 0000fd00 00000000
0xb317ffe8:   00000000 0000feff 000e0401 070a0c08 

Instructions: (pc=0x00f31000)
0x00f30fe0:   
[error occurred during error reporting (printing registers, top of stack, instructions near pc), id 0xb]

Register to memory mapping:

EAX=