#
# A fatal error has been detected by the Java Runtime Environment:
#
#  SIGSEGV (0xb) at pc=0xb76808df, pid=23025, tid=2996722496
#
# JRE version: OpenJDK Runtime Environment (7.0_111-b01) (build 1.7.0_111-b01)
# Java VM: OpenJDK Client VM (24.111-b01 mixed mode, sharing linux-x86 )
# Derivative: IcedTea 2.6.7
# Distribution: Ubuntu 14.04 LTS, package 7u111-2.6.7-0ubuntu0.14.04.3
# Problematic frame:
# C  [libc.so.6+0x12c8df]
#
# Failed to write core dump. Core dumps have been disabled. To enable core dumping, try "ulimit -c unlimited" before starting Java again
#
# If you would like to submit a bug report, please include
# instructions on how to reproduce the bug and visit:
#   http://icedtea.classpath.org/bugzilla
# The crash happened outside the Java Virtual Machine in native code.
# See problematic frame for where to report the bug.
#

---------------  T H R E A D  ---------------

Current thread (0x08a4d400):  JavaThread "Thread-11" [_thread_in_native, id=23260, stack(0xb2995000,0xb29e6000)]

siginfo:si_signo=SIGSEGV: si_errno=0, si_code=1 (SEGV_MAPERR), si_addr=0x00000000

Registers:
EAX=0x00000000, EBX=0xb76808df, ECX=0x00000008, EDX=0x00000008
ESP=0xb277ae14, EBP=0xb277ae44, ESI=0x00000700, EDI=0x00000100
EIP=0xb76808df, EFLAGS=0x00010202, CR2=0x00000000

Top of Stack: (sp=0xb277ae14)
0xb277ae14:   0000000a b276b250 00000000 00000000
0xb277ae24:   00000008 b277ae50 b2779118 b277ae50
0xb277ae34:   00000025 00000000 000002c3 00000000
0xb277ae44:   b277ae84 b275ebd9 b277d2e0 b27814fe
0xb277ae54:   00000001 b277af7c b2779118 000002cc
0xb277ae64:   ffffff01 00000200 000002cf 000002d0
0xb277ae74:   000002d1 b277d1e0 000002d3 0000020f
0xb277ae84:   b277aec4 b2767e36 b277af6c b27814fe 

Instructions: (pc=0xb76808df)
0xb76808bf:   ca ff e3 8d b4 26 00 00 00 00 8d bc 27 00 00 00
0xb76808cf:   00 89 42 e4 89 42 e8 89 42 ec 89 42 f0 89 42 f4
0xb76808df:   89 42 f8 89 42 fc 8b 44 24 08 5b c3 90 8d 74 26
0xb76808ef:   00 89 42 e3 89 42 e7 89 42 eb 89 42 ef 89 42 f3 

Register to memory mapping:

EAX=0x00000000 is an unknown value
EBX=0xb76808df: <offset 0x12c8df> in /lib/i386-linux-gnu/libc.so.6 at 0xb7554000
ECX=0x00000008 is an unknown value
EDX=0x00000008 is an unknown value
ESP=0xb277ae14: <offset 0x31e14> in /home/user/Desktop/nfs/examples/ipv6/rpl-udp/obj_cooja/mtype610.cooja at 0xb2749000
EBP=0xb277ae44: <offset 0x31e44> in /home/user/Desktop/nfs/examples/ipv6/rpl-udp/obj_cooja/mtype610.cooja at 0xb2749000
ESI=0x00000700 is an unknown value
EDI=0x00000100 is an unknown value


Stack: [0xb2995000,0xb29e6000],  sp=0xb277ae14,  free space=4192151k
Native frames: (J=compiled Java code, j=interpreted, Vv=VM code, C=native code)
C  [libc.so.6+0x12c8df]
C  [mtype610.cooja+0x15bd9]  uip_ds6_nbr_add+0x56
C  [mtype610.cooja+0x1ee36]  rpl_icmp6_update_nbr_table+0x57
C  [mtype610.cooja+0x1d859]  add_nbr_from_dio+0x20
C  [mtype610.cooja+0x1daab]  rpl_process_dio+0x21d
C  [mtype610.cooja+0x1f8a7]  dio_input+0x829
C  [mtype610.cooja+0x244d5]  uip_icmp6_input+0x4f
C  [mtype610.cooja+0x18ec3]  uip_process+0x9a2
C  [mtype610.cooja+0x1a52e]  packet_input+0x23
C  [mtype610.cooja+0x1a953]  eventhandler+0x1db
C  [mtype610.cooja+0x1ae65]  process_thread_tcpip_process+0xa2
C  [mtype610.cooja+0x12aa1]  call_process+0x57
C  [mtype610.cooja+0x12def]  process_post_synch+0x2e
C  [mtype610.cooja+0x1a97c]  tcpip_input+0x22
C  [mtype610.cooja+0x15ae2]  input+0x43e
C  [mtype610.cooja+0x2423c]  input+0xd
C  [mtype610.cooja+0x23885]  input_packet+0xd
C  [mtype610.cooja+0x24179]  packet_input+0x175
C  [mtype610.cooja+0x119ef]  process_thread_cooja_radio_process+0xa0
C  [mtype610.cooja+0x12aa1]  call_process+0x57
C  [mtype610.cooja+0x12b74]  do_poll+0x4b
C  [mtype610.cooja+0x12cdd]  process_run+0x16
C  [mtype610.cooja+0x1067f]  process_run_thread_loop+0x1f

Java frames: (J=compiled Java code, j=interpreted, Vv=VM code)
j  org.contikios.cooja.corecomm.Lib4.tick()V+0
J 1390 C1 org.contikios.cooja.contikimote.ContikiMote.execute(J)V (99 bytes) @ 0xb4a05eec [0xb4a05d80+0x16c]

[error occurred during error reporting (printing Java stack), id 0xb]


