#
# A fatal error has been detected by the Java Runtime Environment:
#
#  SIGSEGV (0xb) at pc=0x00031e00, pid=4689, tid=2991663936
#
# JRE version: OpenJDK Runtime Environment (7.0_111-b01) (build 1.7.0_111-b01)
# Java VM: OpenJDK Client VM (24.111-b01 mixed mode, sharing linux-x86 )
# Derivative: IcedTea 2.6.7
# Distribution: Ubuntu 14.04 LTS, package 7u111-2.6.7-0ubuntu0.14.04.3
# Problematic frame:
# C  0x00031e00
#
# Failed to write core dump. Core dumps have been disabled. To enable core dumping, try "ulimit -c unlimited" before starting Java again
#
# If you would like to submit a bug report, please include
# instructions on how to reproduce the bug and visit:
#   http://icedtea.classpath.org/bugzilla
# The crash happened outside the Java Virtual Machine in native code.
# See problematic frame for where to report the bug.
#

---------------  T H R E A D  ---------------

Current thread (0x08f48400):  JavaThread "Thread-22" [_thread_in_native, id=5352, stack(0xb24c2000,0xb2513000)]

siginfo:si_signo=SIGSEGV: si_errno=0, si_code=1 (SEGV_MAPERR), si_addr=0x00031e00

Registers:
EAX=0x00031e00, EBX=0xb2ca7023, ECX=0x00000058, EDX=0x00000069
ESP=0xb2cc61c8, EBP=0xb2cc61e4, ESI=0x00000040, EDI=0x00000000
EIP=0x00031e00, EFLAGS=0x00010206, CR2=0x00031e00

Top of Stack: (sp=0xb2cc61c8)
0xb2cc61c8:   b2cb8b79 2e163d22 00000001 00000001
0xb2cc61d8:   00000048 b2cb7b61 b2ca7023 b2cc6224
0xb2cc61e8:   b2cb8deb 00031e00 2e163d22 00000001
0xb2cc61f8:   00000001 b2cc96c2 b2cc96e0 74dc617d
0xb2cc6208:   00000001 00110011 000f8011 000f000f
0xb2cc6218:   00000048 0f820000 0f000f00 01000f00
0xb2cc6228:   04630011 00031e00 2e163d22 4d301d00
0xb2cc6238:   41544144 3a646920 20343131 6d6f7266 

Instructions: (pc=0x00031e00)
0x00031de0:   
[error occurred during error reporting (printing registers, top of stack, instructions near pc), id 0xb]

Register to memory mapping:

EAX=0x00031e00 is an unknown value
EBX=0xb2ca7023: <offset 0x11023> in /media/user/JK/Dual-radio-simulation/examples/ipv6/rpl-udp/obj_cooja/mtype292.cooja at 0xb2c96000
ECX=0x00000058 is an unknown value
EDX=0x00000069 is an unknown value
ESP=0xb2cc61c8: <offset 0x301c8> in /media/user/JK/Dual-radio-simulation/examples/ipv6/rpl-udp/obj_cooja/mtype292.cooja at 0xb2c96000
EBP=0xb2cc61e4: <offset 0x301e4> in /media/user/JK/Dual-radio-simulation/examples/ipv6/rpl-udp/obj_cooja/mtype292.cooja at 0xb2c96000
ESI=0x00000040 is an unknown value
EDI=0x00000000 is an unknown value


Stack: [0xb24c2000,0xb2513000],  sp=0xb2cc61c8,  free space=8208k
Native frames: (J=compiled Java code, j=interpreted, Vv=VM code, C=native code)
C  0x00031e00
C  [mtype292.cooja+0x22deb]  send_one_packet+0x1f7

Java frames: (J=compiled Java code, j=interpreted, Vv=VM code)
J 2936  org.contikios.cooja.corecomm.Lib8.tick()V (0 bytes) @ 0xb4cb1990 [0xb4cb1950+0x40]
