#
# A fatal error has been detected by the Java Runtime Environment:
#
#  SIGSEGV (0xb) at pc=0xb76d48df, pid=3225, tid=2989620032
#
# JRE version: OpenJDK Runtime Environment (7.0_111-b01) (build 1.7.0_111-b01)
# Java VM: OpenJDK Client VM (24.111-b01 mixed mode, sharing linux-x86 )
# Derivative: IcedTea 2.6.7
# Distribution: Ubuntu 14.04 LTS, package 7u111-2.6.7-0ubuntu0.14.04.3
# Problematic frame:
# C  [libc.so.6+0x12c8df]
#
# Failed to write core dump. Core dumps have been disabled. To enable core dumping, try "ulimit -c unlimited" before starting Java again
#
# If you would like to submit a bug report, please include
# instructions on how to reproduce the bug and visit:
#   http://icedtea.classpath.org/bugzilla
# The crash happened outside the Java Virtual Machine in native code.
# See problematic frame for where to report the bug.
#

---------------  T H R E A D  ---------------

Current thread (0x0901bc00):  JavaThread "Thread-57" [_thread_in_native, id=6559, stack(0xb22cf000,0xb2320000)]

siginfo:si_signo=SIGSEGV: si_errno=0, si_code=2 (SEGV_ACCERR), si_addr=0xb1e9f833

Registers:
EAX=0x00000000, EBX=0xb76d48df, ECX=0x00000008, EDX=0xb1e9f83b
ESP=0xb1ebfe74, EBP=0xb1ebfeb4, ESI=0x00000700, EDI=0x00000100
EIP=0xb76d48df, EFLAGS=0x00010282, CR2=0xb1e9f833

Top of Stack: (sp=0xb1ebfe74)
0xb1ebfe74:   0000000a b1eacc4d b1e9f833 00000000
0xb1ebfe84:   00000008 000002d6 000002d7 0000021e
0xb1ebfe94:   0000020a b1ebfea4 b1e9f7ba 0000000a
0xb1ebfea4:   00000000 b1e9f833 0000000a 00000400
0xb1ebfeb4:   b1ebfed4 b1eab68e b1ebff6c 00000001
0xb1ebfec4:   b1ebff7c 0000002f 0000000a 00000001
0xb1ebfed4:   b1ebff14 b1eab8e0 b1ebff6c b1ebff7c
0xb1ebfee4:   b1ebff14 b1e9f833 0000000a 00000400 

Instructions: (pc=0xb76d48df)
0xb76d48bf:   ca ff e3 8d b4 26 00 00 00 00 8d bc 27 00 00 00
0xb76d48cf:   00 89 42 e4 89 42 e8 89 42 ec 89 42 f0 89 42 f4
0xb76d48df:   89 42 f8 89 42 fc 8b 44 24 08 5b c3 90 8d 74 26
0xb76d48ef:   00 89 42 e3 89 42 e7 89 42 eb 89 42 ef 89 42 f3 

Register to memory mapping:

EAX=0x00000000 is an unknown value
EBX=0xb76d48df: <offset 0x12c8df> in /lib/i386-linux-gnu/libc.so.6 at 0xb75a8000
ECX=0x00000008 is an unknown value
EDX=0xb1e9f83b: log_printf+0x58 in /home/user/Desktop/nfs/examples/ipv6/rpl-udp/obj_cooja/mtype19.cooja at 0xb1e8f000
ESP=0xb1ebfe74: <offset 0x30e74> in /home/user/Desktop/nfs/examples/ipv6/rpl-udp/obj_cooja/mtype19.cooja at 0xb1e8f000
EBP=0xb1ebfeb4: <offset 0x30eb4> in /home/user/Desktop/nfs/examples/ipv6/rpl-udp/obj_cooja/mtype19.cooja at 0xb1e8f000
ESI=0x00000700 is an unknown value
EDI=0x00000100 is an unknown value


Stack: [0xb22cf000,0xb2320000],  sp=0xb1ebfe74,  free space=4190147k
Native frames: (J=compiled Java code, j=interpreted, Vv=VM code, C=native code)
C  [libc.so.6+0x12c8df]
C  [mtype19.cooja+0x1c68e]  add_nbr_from_dio+0x20
C  [mtype19.cooja+0x1c8e0]  rpl_process_dio+0x21d
C  [mtype19.cooja+0x1e730]  dio_input+0x844
C  [mtype19.cooja+0x231ed]  uip_icmp6_input+0x4f
C  [mtype19.cooja+0x17c6a]  uip_process+0x97a
C  [mtype19.cooja+0x192f8]  packet_input+0x23
C  [mtype19.cooja+0x1971d]  eventhandler+0x1db
C  [mtype19.cooja+0x19c9a]  process_thread_tcpip_process+0xa2
C  [mtype19.cooja+0x1206e]  call_process+0x57
C  [mtype19.cooja+0x123bc]  process_post_synch+0x2e
C  [mtype19.cooja+0x19746]  tcpip_input+0x22
C  [mtype19.cooja+0x150af]  input+0x43e
C  [mtype19.cooja+0x22f54]  input+0xd
C  [mtype19.cooja+0x22568]  input_packet+0xd
C  [mtype19.cooja+0x22e91]  packet_input+0x19c
C  [mtype19.cooja+0x10fbc]  process_thread_cooja_radio_process+0xa0
C  [mtype19.cooja+0x1206e]  call_process+0x57
C  [mtype19.cooja+0x12141]  do_poll+0x4b
C  [mtype19.cooja+0x122aa]  process_run+0x16
C  [mtype19.cooja+0xfc79]  process_run_thread_loop+0x1f

Java frames: (J=compiled Java code, j=interpreted, Vv=VM code)
j  org.contikios.cooja.corecomm.Lib16.tick()V+0
J 1408 C1 org.contikios.cooja.contikimote.ContikiMote.execute(J)V (99 bytes) @ 0xb4a5e56c [0xb4a5e400+0x16c]

[error occurred during error reporting (printing Java stack), id 0xb]


