#
# A fatal error has been detected by the Java Runtime Environment:
#
#  SIGSEGV (0xb) at pc=0xb2918e90, pid=3255, tid=2992577344
#
# JRE version: OpenJDK Runtime Environment (7.0_111-b01) (build 1.7.0_111-b01)
# Java VM: OpenJDK Client VM (24.111-b01 mixed mode, sharing linux-x86 )
# Derivative: IcedTea 2.6.7
# Distribution: Ubuntu 14.04 LTS, package 7u111-2.6.7-0ubuntu0.14.04.3
# Problematic frame:
# C  [mtype21.cooja+0x11e90]  do_poll+0x1a
#
# Failed to write core dump. Core dumps have been disabled. To enable core dumping, try "ulimit -c unlimited" before starting Java again
#
# If you would like to submit a bug report, please include
# instructions on how to reproduce the bug and visit:
#   http://icedtea.classpath.org/bugzilla
# The crash happened outside the Java Virtual Machine in native code.
# See problematic frame for where to report the bug.
#

---------------  T H R E A D  ---------------

Current thread (0x08ae9800):  JavaThread "Thread-27" [_thread_in_native, id=4015, stack(0xb25a1000,0xb25f2000)]

siginfo:si_signo=SIGSEGV: si_errno=0, si_code=1 (SEGV_MAPERR), si_addr=0xffffffab

Registers:
EAX=0xffffff9c, EBX=0x00000000, ECX=0x00000000, EDX=0x00000000
ESP=0xb29382dc, EBP=0xb2938304, ESI=0x00000000, EDI=0x00000000
EIP=0xb2918e90, EFLAGS=0x00010286, CR2=0xffffffab

Top of Stack: (sp=0xb29382dc)
0xb29382dc:   b29382fc b29382fc 00000000 00000000
0xb29382ec:   00000000 00000000 00000000 ffffff9c
0xb29382fc:   b2938304 b2916e17 b2938314 b291902a
0xb293830c:   00000000 00000000 b2938324 b29169f9
0xb293831c:   00000000 00000000 00000000 00000000
0xb293832c:   00000000 00000000 b2937320 b293732c
0xb293833c:   00000000 00000000 00000000 00000001
0xb293834c:   00000000 00000000 00000000 00000000 

Instructions: (pc=0xb2918e90)
0xb2918e70:   c4 97 93 b2 5d c3 55 89 e5 83 ec 28 c6 05 60 99
0xb2918e80:   93 b2 00 a1 c0 97 93 b2 89 45 f4 eb 3c 8b 45 f4
0xb2918e90:   0f b6 40 0f 84 c0 74 29 8b 45 f4 c6 40 0e 01 8b
0xb2918ea0:   45 f4 c6 40 0f 00 c7 44 24 08 00 00 00 00 c7 44 

Register to memory mapping:

EAX=0xffffff9c is an unknown value
EBX=0x00000000 is an unknown value
ECX=0x00000000 is an unknown value
EDX=0x00000000 is an unknown value
ESP=0xb29382dc: <offset 0x312dc> in /home/user/Desktop/nfs/examples/ipv6/rpl-udp/obj_cooja/mtype21.cooja at 0xb2907000
EBP=0xb2938304: <offset 0x31304> in /home/user/Desktop/nfs/examples/ipv6/rpl-udp/obj_cooja/mtype21.cooja at 0xb2907000
ESI=0x00000000 is an unknown value
EDI=0x00000000 is an unknown value


Stack: [0xb25a1000,0xb25f2000],  sp=0xb29382dc,  free space=3676k
Native frames: (J=compiled Java code, j=interpreted, Vv=VM code, C=native code)
C  [mtype21.cooja+0x11e90]  do_poll+0x1a
C  [mtype21.cooja+0x1202a]  process_run+0x16
C  [mtype21.cooja+0xf9f9]  process_run_thread_loop+0x1f

Java frames: (J=compiled Java code, j=interpreted, Vv=VM code)
j  org.contikios.cooja.corecomm.Lib7.tick()V+0
J 1814 C1 org.contikios.cooja.contikimote.ContikiMote.execute(J)V (99 bytes) @ 0xb4b27cec [0xb4b27b80+0x16c]

[error occurred during error reporting (printing Java stack), id 0xb]


---------------  P R O C E S S  ---------------

Java Threads: ( => current thread )
=>