#
# A fatal error has been detected by the Java Runtime Environment:
#
#  SIGSEGV (0xb) at pc=0x000000fd, pid=4109, tid=3001297728
#
# JRE version: OpenJDK Runtime Environment (7.0_111-b01) (build 1.7.0_111-b01)
# Java VM: OpenJDK Client VM (24.111-b01 mixed mode, sharing linux-x86 )
# Derivative: IcedTea 2.6.7
# Distribution: Ubuntu 14.04 LTS, package 7u111-2.6.7-0ubuntu0.14.04.3
# Problematic frame:
# C  0x000000fd
#
# Failed to write core dump. Core dumps have been disabled. To enable core dumping, try "ulimit -c unlimited" before starting Java again
#
# If you would like to submit a bug report, please include
# instructions on how to reproduce the bug and visit:
#   http://icedtea.classpath.org/bugzilla
# The crash happened outside the Java Virtual Machine in native code.
# See problematic frame for where to report the bug.
#

---------------  T H R E A D  ---------------

Current thread (0x09f47c00):  JavaThread "Thread-7" [_thread_in_native, id=4240, stack(0xb2df2000,0xb2e43000)]

siginfo:si_signo=SIGSEGV: si_errno=0, si_code=1 (SEGV_MAPERR), si_addr=0x000000fd

Registers:
EAX=0x000000fd, EBX=0xb2c35fa8, ECX=0x00000000, EDX=0x00000069
ESP=0xb2c53ef8, EBP=0xb2c53f14, ESI=0x0000004a, EDI=0x00000000
EIP=0x000000fd, EFLAGS=0x00010202, CR2=0x000000fd

Top of Stack: (sp=0xb2c53ef8)
0xb2c53ef8:   b2c496fd 00000000 00000001 00000001
0xb2c53f08:   00000067 b2c46afa b2c35fa8 b2c53f54
0xb2c53f18:   b2c4759b 000000fd 00000000 00000001
0xb2c53f28:   00000001 b2c53f70 b2c5a29e 2cd84169
0xb2c53f38:   00000001 00090009 80090009 823a1b7a
0xb2c53f48:   00000067 1a090009 d655019b 1d06f01e
0xb2c53f58:   00000a10 000000fd 00000000 ff000000
0xb2c53f68:   010000fe 08000e04 00070a0c 01000001 

Instructions: (pc=0x000000fd)
0x000000dd:   
[error occurred during error reporting (printing registers, top of stack, instructions near pc), id 0xb]

Register to memory mapping:

EAX=