#
# A fatal error has been detected by the Java Runtime Environment:
#
#  SIGSEGV (0xb) at pc=0xb76598df, pid=6625, tid=2996411200
#
# JRE version: OpenJDK Runtime Environment (7.0_111-b01) (build 1.7.0_111-b01)
# Java VM: OpenJDK Client VM (24.111-b01 mixed mode, sharing linux-x86 )
# Derivative: IcedTea 2.6.7
# Distribution: Ubuntu 14.04 LTS, package 7u111-2.6.7-0ubuntu0.14.04.3
# Problematic frame:
# C  [libc.so.6+0x12c8df]
#
# Failed to write core dump. Core dumps have been disabled. To enable core dumping, try "ulimit -c unlimited" before starting Java again
#
# If you would like to submit a bug report, please include
# instructions on how to reproduce the bug and visit:
#   http://icedtea.classpath.org/bugzilla
# The crash happened outside the Java Virtual Machine in native code.
# See problematic frame for where to report the bug.
#

---------------  T H R E A D  ---------------

Current thread (0x08cce000):  JavaThread "Thread-5" [_thread_in_native, id=6746, stack(0xb2949000,0xb299a000)]

siginfo:si_signo=SIGSEGV: si_errno=0, si_code=2 (SEGV_ACCERR), si_addr=0xb2848833

Registers:
EAX=0x00000000, EBX=0xb76598df, ECX=0x00000008, EDX=0xb284883b
ESP=0xb2868e74, EBP=0xb2868eb4, ESI=0x00000700, EDI=0x00000100
EIP=0xb76598df, EFLAGS=0x00010282, CR2=0xb2848833

Top of Stack: (sp=0xb2868e74)
0xb2868e74:   0000000a b2855c4d b2848833 00000000
0xb2868e84:   00000008 000002d6 000002d7 0000021e
0xb2868e94:   0000020a b2868ea4 b28487ba 0000000a
0xb2868ea4:   00000000 b2848833 0000000a 00000400
0xb2868eb4:   b2868ed4 b285468e b2868f6c 00000001
0xb2868ec4:   b2868f7c 0000002f 0000000a 00000001
0xb2868ed4:   b2868f14 b28548e0 b2868f6c b2868f7c
0xb2868ee4:   b2868f14 b2848833 0000000a 00000400 

Instructions: (pc=0xb76598df)
0xb76598bf:   ca ff e3 8d b4 26 00 00 00 00 8d bc 27 00 00 00
0xb76598cf:   00 89 42 e4 89 42 e8 89 42 ec 89 42 f0 89 42 f4
0xb76598df:   89 42 f8 89 42 fc 8b 44 24 08 5b c3 90 8d 74 26
0xb76598ef:   00 89 42 e3 89 42 e7 89 42 eb 89 42 ef 89 42 f3 

Register to memory mapping:

EAX=0x00000000 is an unknown value
EBX=0xb76598df: <offset 0x12c8df> in /lib/i386-linux-gnu/libc.so.6 at 0xb752d000
ECX=0x00000008 is an unknown value
EDX=0xb284883b: log_printf+0x58 in /home/user/Desktop/nfs/examples/ipv6/rpl-udp/obj_cooja/mtype625.cooja at 0xb2838000
ESP=0xb2868e74: <offset 0x30e74> in /home/user/Desktop/nfs/examples/ipv6/rpl-udp/obj_cooja/mtype625.cooja at 0xb2838000
EBP=0xb2868eb4: <offset 0x30eb4> in /home/user/Desktop/nfs/examples/ipv6/rpl-udp/obj_cooja/mtype625.cooja at 0xb2838000
ESI=0x00000700 is an unknown value
EDI=0x00000100 is an unknown value


Stack: [0xb2949000,0xb299a000],  sp=0xb2868e74,  free space=4193407k
Native frames: (J=compiled Java code, j=interpreted, Vv=VM code, C=native code)
C  [libc.so.6+0x12c8df]
C  [mtype625.cooja+0x1c68e]  add_nbr_from_dio+0x20
C  [mtype625.cooja+0x1c8e0]  rpl_process_dio+0x21d
C  [mtype625.cooja+0x1e730]  dio_input+0x844
C  [mtype625.cooja+0x231ed]  uip_icmp6_input+0x4f
C  [mtype625.cooja+0x17c6a]  uip_process+0x97a
C  [mtype625.cooja+0x192f8]  packet_input+0x23
C  [mtype625.cooja+0x1971d]  eventhandler+0x1db
C  [mtype625.cooja+0x19c9a]  process_thread_tcpip_process+0xa2
C  [mtype625.cooja+0x1206e]  call_process+0x57
C  [mtype625.cooja+0x123bc]  process_post_synch+0x2e
C  [mtype625.cooja+0x19746]  tcpip_input+0x22
C  [mtype625.cooja+0x150af]  input+0x43e
C  [mtype625.cooja+0x22f54]  input+0xd
C  [mtype625.cooja+0x22568]  input_packet+0xd
C  [mtype625.cooja+0x22e91]  packet_input+0x19c
C  [mtype625.cooja+0x10fbc]  process_thread_cooja_radio_process+0xa0
C  [mtype625.cooja+0x1206e]  call_process+0x57
C  [mtype625.cooja+0x12141]  do_poll+0x4b
C  [mtype625.cooja+0x122aa]  process_run+0x16
C  [mtype625.cooja+0xfc79]  process_run_thread_loop+0x1f

Java frames: (J=compiled Java code, j=interpreted, Vv=VM code)
j  org.contikios.cooja.corecomm.Lib2.tick()V+0
j  org.contikios.cooja.contikimote.ContikiMoteType.tick()V+4
j  org.contikios.cooja.contikimote.ContikiMote.execute(J)V+63
j  org.contikios.cooja.motes.AbstractWakeupMote$1.execute(J)V+5
j  org.contikios.cooja.Simulation.run()V+184
j  java.lang.Thread.run()V+11
v  ~StubRoutines::call_stub

---------------  P R O C E S S  ---------------

Java Threads: ( => current thread )
=>0x08cce000 JavaThread "Thread-5" [_thread_in_native, id=6746, stack(0xb2949000,0xb299a000)]
  0xb38a7400 JavaThread "Thread-3" [_thread_blocked, id=6735, stack(0xb28c1000,0xb2912000)]
  0xb38a0800 JavaThread "Thread-1" [_thread_blocked, id=6687, stack(0xb299a000,0xb29eb000)]
  0xb389a000 JavaThread "process reaper" daemon [_thread_blocked, id=6650, stack(0xb2a3c000,0xb2a55000)]
  0x08c8cc00 JavaThread "TimerQueue" daemon [_thread_blocked, id=6642, stack(0xb3210000,0xb3261000)]
  0xb6707800 JavaThread "DestroyJavaVM" [_thread_blocked, id=6627, stack(0xb68df000,0xb6930000)]
  0xb3873c00 JavaThread "AWT-EventQueue-0" [_thread_blocked, id=6641, stack(0xb3261000,0xb32b2000)]
  0xb3873800 JavaThread "AWT-Shutdown" [_thread_blocked, id=6640, stack(0xb32b2000,0xb3303000)]
  0xb3849000 JavaThread "AWT-XAWT" daemon [_thread_in_native, id=6639, stack(0xb33a6000,0xb33f7000)]
  0xb383a000 JavaThread "Java2D Disposer" daemon [_thread_blocked, id=6638, stack(0xb3408000,0xb3459000)]
  0xb674cc00 JavaThread "Service Thread" daemon [_thread_blocked, id=6636, stack(0xb3d3b000,0xb3d8c000)]
  0xb674ac00 JavaThread "C1 CompilerThread0" daemon [_thread_blocked, id=6635, stack(0xb3d8c000,0xb3e0d000)]
  0xb6749000 JavaThread "Signal Dispatcher" daemon [_thread_blocked, id=6634, stack(0xb3e0d000,0xb3e5e000)]
  0xb6733400 JavaThread "Finalizer" daemon [_thread_blocked, id=6633, stack(0xb405e000,0xb40af000)]
  0xb6731c00 JavaThread "Reference Handler" daemon [_thread_blocked, id=6632, stack(0xb40af000,0xb4100000)]

Other Threads:
  0xb6730400 VMThread [stack: 0xb422c000,0xb42ad000] [id=6631]
  0xb674f000 WatcherThread [stack: 0xb3cba000,0xb3d3b000] [id=6637]

VM state:not at safepoint (normal execution)

VM Mutex/Monitor currently owned by a thread: None

Heap
 def new generation   total 4928K, used 2646K [0x6e800000, 0x6ed50000, 0x792a0000)
  eden space 4416K,  57% used [0x6e800000, 0x6ea7e298, 0x6ec50000)
  from space 512K,  18% used [0x6ec50000, 0x6ec67760, 0x6ecd0000)
  to   space 512K,   0% used [0x6ecd0000, 0x6ecd0000, 0x6ed50000)
 tenured generation   total 10752K, used 6638K [0x792a0000, 0x79d20000, 0x8e800000)
   the space 10752K,  61% used [0x792a0000, 0x7991b9d0, 0x7991ba00, 0x79d20000)
 compacting perm gen  total 12288K, used 6601K [0x8e800000, 0x8f400000, 0x92800000)
   the space 12288K,  53% used [0x8e800000, 0x8ee72658, 0x8ee72800, 0x8f400000)
    ro space 10240K,  59% used [0x92800000, 0x92dfe3d8, 0x92dfe400, 0x93200000)
    rw space 12288K,  59% used [0x93200000, 0x9391c2b0, 0x9391c400, 0x93e00000)

Card table byte_map: [0xb4554000,0xb4680000] byte_map_base: 0xb41e0000

Polling page: 0xb76e2000

Code Cache  [0xb4700000, 0xb4950000, 0xb6700000)
 total_blobs=1517 nmethods=1223 adapters=230 free_code_cache=30401Kb largest_free_block=31130048

Compilation events (10 events):
Event: 94.574 Thread 0xb674ac00 1226             org.contikios.cooja.mote.memory.SectionMoteMemory::getSymbolMap (5 bytes)
Event: 94.574 Thread 0xb674ac00 nmethod 1226 0xb494e8c8 code [0xb494e9c0, 0xb494ea40]
Event: 94.574 Thread 0xb674ac00 1227             org.contikios.cooja.mote.memory.VarMemory::getVariable (34 bytes)
Event: 94.574 Thread 0xb674ac00 nmethod 1227 0xb494ea88 code [0xb494ebc0, 0xb494ed20]
Event: 94.574 Thread 0xb674ac00 1228             org.contikios.cooja.mote.memory.SectionMoteMemory::getLayout (5 bytes)
Event: 94.574 Thread 0xb674ac00 nmethod 1228 0xb494ee48 code [0xb494ef40, 0xb494efc0]
Event: 94.574 Thread 0xb674ac00 1229             java.nio.Buffer::limit (62 bytes)
Event: 94.574 Thread 0xb674ac00 nmethod 1229 0xb494f008 code [0xb494f110, 0xb494f22c]
Event: 94.576 Thread 0xb674ac00 1230             java.nio.Buffer::<init> (121 bytes)
Event: 94.576 Thread 0xb674ac00 nmethod 1230 0xb494f2c8 code [0xb494f4c0, 0xb494f9c4]

GC Heap History (10 events):
Event: 90.794 GC heap before
{Heap before GC invocations=176 (full 1):
 def new generation   total 4928K, used 4817K [0x6e800000, 0x6ed50000, 0x792a0000)
  eden space 4416K, 100% used [0x6e800000, 0x6ec50000, 0x6ec50000)
  from space 512K,  78% used [0x6ecd0000, 0x6ed34758, 0x6ed50000)
  to   space 512K,   0% used [0x6ec50000, 0x6ec50000, 0x6ecd0000)
 tenured generation   total 10752K, used 5714K [0x792a0000, 0x79d20000, 0x8e800000)
   the space 10752K,  53% used [0x792a0000, 0x79834b30, 0x79834c00, 0x79d20000)
 compacting perm gen  total 12288K, used 6439K [0x8e800000, 0x8f400000, 0x92800000)
   the space 12288K,  52% used [0x8e800000, 0x8ee49f08, 0x8ee4a000, 0x8f400000)
    ro space 10240K,  59% used [0x92800000, 0x92dfe3d8, 0x92dfe400, 0x93200000)
    rw space 12288K,  59% used [0x93200000, 0x9391c2b0, 0x9391c400, 0x93e00000)
Event: 90.796 GC heap after
Heap after GC invocations=177 (full 1):
 def new generation   total 4928K, used 205K [0x6e800000, 0x6ed50000, 0x792a0000)
  eden space 4416K,   0% used [0x6e800000, 0x6e800000, 0x6ec50000)
  from space 512K,  40% used [0x6ec50000, 0x6ec83468, 0x6ecd0000)
  to   space 512K,   0% used [0x6ecd0000, 0x6ecd0000, 0x6ed50000)
 tenured generation   total 10752K, used 6063K [0x792a0000, 0x79d20000, 0x8e800000)
   the space 10752K,  56% used [0x792a0000, 0x7988bf60, 0x7988c000, 0x79d20000)
 compacting perm gen  total 12288K, used 6439K [0x8e800000, 0x8f400000, 0x92800000)
   the space 12288K,  52% used [0x8e800000, 0x8ee49f08, 0x8ee4a000, 0x8f400000)
    ro space 10240K,  59% used [0x92800000, 0x92dfe3d8, 0x92dfe400, 0x93200000)
    rw space 12288K,  59% used [0x93200000, 0x9391c2b0, 0x9391c400, 0x93e00000)
}
Event: 90.900 GC heap before
{Heap before GC invocations=177 (full 1):
 def new generation   total 4928K, used 4621K [0x6e800000, 0x6ed50000, 0x792a0000)
  eden space 4416K, 100% used [0x6e800000, 0x6ec50000, 0x6ec50000)
  from space 512K,  40% used [0x6ec50000, 0x6ec83468, 0x6ecd0000)
  to   space 512K,   0% used [0x6ecd0000, 0x6ecd0000, 0x6ed50000)
 tenured generation   total 10752K, used 6063K [0x792a0000, 0x79d20000, 0x8e800000)
   the space 10752K,  56% used [0x792a0000, 0x7988bf60, 0x7988c000, 0x79d20000)
 compacting perm gen  total 12288K, used 6499K [0x8e800000, 0x8f400000, 0x92800000)
   the space 12288K,  52% used [0x8e800000, 0x8ee58f58, 0x8ee59000, 0x8f400000)
    ro space 10240K,  59% used [0x92800000, 0x92dfe3d8, 0x92dfe400, 0x93200000)
    rw space 12288K,  59% used [0x93200000, 0x9391c2b0, 0x9391c400, 0x93e00000)
Event: 90.901 GC heap after
Heap after GC invocations=178 (full 1):
 def new generation   total 4928K, used 348K [0x6e800000, 0x6ed50000, 0x792a0000)
  eden space 4416K,   0% used [0x6e800000, 0x6e800000, 0x6ec50000)
  from space 512K,  68% used [0x6ecd0000, 0x6ed271b0, 0x6ed50000)
  to   space 512K,   0% used [0x6ec50000, 0x6ec50000, 0x6ecd0000)
 tenured generation   total 10752K, used 6063K [0x792a0000, 0x79d20000, 0x8e800000)
   the space 10752K,  56% used [0x792a0000, 0x7988bf60, 0x7988c000, 0x79d20000)
 compacting perm gen  total 12288K, used 6499K [0x8e800000, 0x8f400000, 0x92800000)
   the space 12288K,  52% used [0x8e800000, 0x8ee58f58, 0x8ee59000, 0x8f400000)
    ro space 10240K,  59% used [0x92800000, 0x92dfe3d8, 0x92dfe400, 0x93200000)
    rw space 12288K,  59% used [0x93200000, 0x9391c2b0, 0x9391c400, 0x93e00000)
}
Event: 90.988 GC heap before
{Heap before GC invocations=178 (full 1):
 def new generation   total 4928K, used 4764K [0x6e800000, 0x6ed50000, 0x792a0000)
  eden space 4416K, 100% used [0x6e800000, 0x6ec50000, 0x6ec50000)
  from space 512K,  68% used [0x6ecd0000, 0x6ed271b0, 0x6ed50000)
  to   space 512K,   0% used [0x6ec50000, 0x6ec50000, 0x6ecd0000)
 tenured generation   total 10752K, used 6063K [0x792a0000, 0x79d20000, 0x8e800000)
   the space 10752K,  56% used [0x792a0000, 0x7988bf60, 0x7988c000, 0x79d20000)
 compacting perm gen  total 12288K, used 6557K [0x8e800000, 0x8f400000, 0x92800000)
   the space 12288K,  53% used [0x8e800000, 0x8ee674b0, 0x8ee67600, 0x8f400000)
    ro space 10240K,  59% used [0x92800000, 0x92dfe3d8, 0x92dfe400, 0x93200000)
    rw space 12288K,  59% used [0x93200000, 0x9391c2b0, 0x9391c400, 0x93e00000)
Event: 90.990 GC heap after
Heap after GC invocations=179 (full 1):
 def new generation   total 4928K, used 325K [0x6e800000, 0x6ed50000, 0x792a0000)
  eden space 4416K,   0% used [0x6e800000, 0x6e800000, 0x6ec50000)
  from space 512K,  63% used [0x6ec50000, 0x6eca14d0, 0x6ecd0000)
  to   space 512K,   0% used [0x6ecd0000, 0x6ecd0000, 0x6ed50000)
 tenured generation   total 10752K, used 6232K [0x792a0000, 0x79d20000, 0x8e800000)
   the space 10752K,  57% used [0x792a0000, 0x798b6200, 0x798b6200, 0x79d20000)
 compacting perm gen  total 12288K, used 6557K [0x8e800000, 0x8f400000, 0x92800000)
   the space 12288K,  53% used [0x8e800000, 0x8ee674b0, 0x8ee67600, 0x8f400000)
    ro space 10240K,  59% used [0x92800000, 0x92dfe3d8, 0x92dfe400, 0x93200000)
    rw space 12288K,  59% used [0x93200000, 0x9391c2b0, 0x9391c400, 0x93e00000)
}
Event: 91.118 GC heap before
{Heap before GC invocations=179 (full 1):
 def new generation   total 4928K, used 4741K [0x6e800000, 0x6ed50000, 0x792a0000)
  eden space 4416K, 100% used [0x6e800000, 0x6ec50000, 0x6ec50000)
  from space 512K,  63% used [0x6ec50000, 0x6eca14d0, 0x6ecd0000)
  to   space 512K,   0% used [0x6ecd0000, 0x6ecd0000, 0x6ed50000)
 tenured generation   total 10752K, used 6232K [0x792a0000, 0x79d20000, 0x8e800000)
   the space 10752K,  57% used [0x792a0000, 0x798b6200, 0x798b6200, 0x79d20000)
 compacting perm gen  total 12288K, used 6578K [0x8e800000, 0x8f400000, 0x92800000)
   the space 12288K,  53% used [0x8e800000, 0x8ee6cbe8, 0x8ee6cc00, 0x8f400000)
    ro space 10240K,  59% used [0x92800000, 0x92dfe3d8, 0x92dfe400, 0x93200000)
    rw space 12288K,  59% used [0x93200000, 0x9391c2b0, 0x9391c400, 0x93e00000)
Event: 91.120 GC heap after
Heap after GC invocations=180 (full 1):
 def new generation   total 4928K, used 381K [0x6e800000, 0x6ed50000, 0x792a0000)
  eden space 4416K,   0% used [0x6e800000, 0x6e800000, 0x6ec50000)
  from space 512K,  74% used [0x6ecd0000, 0x6ed2f720, 0x6ed50000)
  to   space 512K,   0% used [0x6ec50000, 0x6ec50000, 0x6ecd0000)
 tenured generation   total 10752K, used 6357K [0x792a0000, 0x79d20000, 0x8e800000)
   the space 10752K,  59% used [0x792a0000, 0x798d56a0, 0x798d5800, 0x79d20000)
 compacting perm gen  total 12288K, used 6578K [0x8e800000, 0x8f400000, 0x92800000)
   the space 12288K,  53% used [0x8e800000, 0x8ee6cbe8, 0x8ee6cc00, 0x8f400000)
    ro space 10240K,  59% used [0x92800000, 0x92dfe3d8, 0x92dfe400, 0x93200000)
    rw space 12288K,  59% used [0x93200000, 0x9391c2b0, 0x9391c400, 0x93e00000)
}
Event: 94.227 GC heap before
{Heap before GC invocations=180 (full 1):
 def new generation   total 4928K, used 4787K [0x6e800000, 0x6ed50000, 0x792a0000)
  eden space 4416K,  99% used [0x6e800000, 0x6ec4d7e0, 0x6ec50000)
  from space 512K,  74% used [0x6ecd0000, 0x6ed2f720, 0x6ed50000)
  to   space 512K,   0% used [0x6ec50000, 0x6ec50000, 0x6ecd0000)
 tenured generation   total 10752K, used 6357K [0x792a0000, 0x79d20000, 0x8e800000)
   the space 10752K,  59% used [0x792a0000, 0x798d56a0, 0x798d5800, 0x79d20000)
 compacting perm gen  total 12288K, used 6579K [0x8e800000, 0x8f400000, 0x92800000)
   the space 12288K,  53% used [0x8e800000, 0x8ee6cfe0, 0x8ee6d000, 0x8f400000)
    ro space 10240K,  59% used [0x92800000, 0x92dfe3d8, 0x92dfe400, 0x93200000)
    rw space 12288K,  59% used [0x93200000, 0x9391c2b0, 0x9391c400, 0x93e00000)
Event: 94.228 GC heap after
Heap after GC invocations=181 (full 1):
 def new generation   total 4928K, used 93K [0x6e800000, 0x6ed50000, 0x792a0000)
  eden space 4416K,   0% used [0x6e800000, 0x6e800000, 0x6ec50000)
  from space 512K,  18% used [0x6ec50000, 0x6ec67760, 0x6ecd0000)
  to   space 512K,   0% used [0x6ecd0000, 0x6ecd0000, 0x6ed50000)
 tenured generation   total 10752K, used 6638K [0x792a0000, 0x79d20000, 0x8e800000)
   the space 10752K,  61% used [0x792a0000, 0x7991b9d0, 0x7991ba00, 0x79d20000)
 compacting perm gen  total 12288K, used 6579K [0x8e800000, 0x8f400000, 0x92800000)
   the space 12288K,  53% used [0x8e800000, 0x8ee6cfe0, 0x8ee6d000, 0x8f400000)
    ro space 10240K,  59% used [0x92800000, 0x92dfe3d8, 0x92dfe400, 0x93200000)
    rw space 12288K,  59% used [0x93200000, 0x9391c2b0, 0x9391c400, 0x93e00000)
}

Deoptimization events (0 events):
No events

Internal exceptions (10 events):
Event: 91.046 Thread 0x08e3cc00 Threw 0x6ea89910 at /build/openjdk-7-Ylwexc/openjdk-7-7u111-2.6.7/build/openjdk/hotspot/src/share/vm/prims/jvm.cpp:1322
Event: 94.528 Thread 0x08cce000 Threw 0x6e979f50 at /build/openjdk-7-Ylwexc/openjdk-7-7u111-2.6.7/build/openjdk/hotspot/src/share/vm/prims/jvm.cpp:1322
Event: 94.531 Thread 0x08cce000 Threw 0x6e97c918 at /build/openjdk-7-Ylwexc/openjdk-7-7u111-2.6.7/build/openjdk/hotspot/src/share/vm/prims/jvm.cpp:1322
Event: 94.538 Thread 0x08cce000 Threw 0x6e97f5c8 at /build/openjdk-7-Ylwexc/openjdk-7-7u111-2.6.7/build/openjdk/hotspot/src/share/vm/prims/jvm.cpp:1322
Event: 94.549 Thread 0x08cce000 Threw 0x6e9951b0 at /build/openjdk-7-Ylwexc/openjdk-7-7u111-2.6.7/build/openjdk/hotspot/src/share/vm/prims/jvm.cpp:1322
Event: 94.553 Thread 0x08cce000 Threw 0x6e997e70 at /build/openjdk-7-Ylwexc/openjdk-7-7u111-2.6.7/build/openjdk/hotspot/src/share/vm/prims/jvm.cpp:1322
Event: 94.556 Thread 0x08cce000 Threw 0x6e9b1ae8 at /build/openjdk-7-Ylwexc/openjdk-7-7u111-2.6.7/build/openjdk/hotspot/src/share/vm/prims/jvm.cpp:1322
Event: 94.564 Thread 0x08cce000 Threw 0x6e9d12b0 at /build/openjdk-7-Ylwexc/openjdk-7-7u111-2.6.7/build/openjdk/hotspot/src/share/vm/prims/jvm.cpp:1322
Event: 94.566 Thread 0x08cce000 Threw 0x6e9e8a40 at /build/openjdk-7-Ylwexc/openjdk-7-7u111-2.6.7/build/openjdk/hotspot/src/share/vm/prims/jvm.cpp:1322
Event: 94.568 Thread 0x08cce000 Threw 0x6e9f4eb8 at /build/openjdk-7-Ylwexc/openjdk-7-7u111-2.6.7/build/openjdk/hotspot/src/share/vm/prims/jvm.cpp:1322

Events (10 events):
Event: 94.564 loading class 0xb38940a8
Event: 94.564 loading class 0xb38940a8 done
Event: 94.565 Executing VM operation: RevokeBias
Event: 94.565 Executing VM operation: RevokeBias done
Event: 94.566 loading class 0x08d296b0
Event: 94.566 loading class 0x08d296b0 done
Event: 94.568 Executing VM operation: RevokeBias
Event: 94.568 Executing VM operation: RevokeBias done
Event: 94.568 loading class 0xb384efd8
Event: 94.568 loading class 0xb384efd8 done


Dynamic libraries:
08048000-08049000 r-xp 00000000 08:01 277188     /usr/lib/jvm/java-7-openjdk-i386/jre/bin/java
08049000-0804a000 r--p 00000000 08:01 277188     /usr/lib/jvm/java-7-openjdk-i386/jre/bin/java
0804a000-0804b000 rw-p 00001000 08:01 277188     /usr/lib/jvm/java-7-openjdk-i386/jre/bin/java
08b8f000-08f89000 rw-p 00000000 00:00 0          [heap]
6e800000-6ed50000 rw-p 00000000 00:00 0 
6ed50000-792a0000 rw-p 00000000 00:00 0 
792a0000-79d20000 rw-p 00000000 00:00 0 
79d20000-8e800000 rw-p 00000000 00:00 0 
8e800000-8f400000 rw-p 00000000 00:00 0 
8f400000-92800000 rw-p 00000000 00:00 0 
92800000-92dff000 r--p 00001000 08:01 199405     /usr/lib/jvm/java-7-openjdk-i386/jre/lib/i386/client/classes.jsa
92dff000-93200000 rw-p 00000000 00:00 0 
93200000-9391d000 rw-p 00600000 08:01 199405     /usr/lib/jvm/java-7-openjdk-i386/jre/lib/i386/client/classes.jsa
9391d000-93e00000 rw-p 00000000 00:00 0 
93e00000-94114000 rw-p 00d1d000 08:01 199405     /usr/lib/jvm/java-7-openjdk-i386/jre/lib/i386/client/classes.jsa
94114000-94200000 rw-p 00000000 00:00 0 
94200000-94209000 r-xp 01031000 08:01 199405     /usr/lib/jvm/java-7-openjdk-i386/jre/lib/i386/client/classes.jsa
94209000-94600000 rw-p 00000000 00:00 0 
b2738000-b2838000 rw-p 00000000 00:00 0 
b2838000-b2866000 r-xp 00000000 00:1e 3677001    /home/user/Desktop/nfs/examples/ipv6/rpl-udp/obj_cooja/mtype625.cooja
b2866000-b2867000 r--p 0002d000 00:1e 3677001    /home/user/Desktop/nfs/examples/ipv6/rpl-udp/obj_cooja/mtype625.cooja
b2867000-b2868000 rw-p 0002e000 00:1e 3677001    /home/user/Desktop/nfs/examples/ipv6/rpl-udp/obj_cooja/mtype625.cooja
b2868000-b2870000 rw-p 00000000 00:00 0          [stack:6746]
b2870000-b2873000 ---p 00000000 00:00 0 
b2873000-b28c1000 rw-p 00000000 00:00 0 
b28c1000-b28c4000 ---p 00000000 00:00 0 
b28c4000-b2912000 rw-p 00000000 00:00 0          [stack:6735]
b2912000-b293f000 r-xp 00000000 00:1e 3676995    /home/user/Desktop/nfs/examples/ipv6/rpl-udp/obj_cooja/mtype697.cooja
b293f000-b2940000 r--p 0002c000 00:1e 3676995    /home/user/Desktop/nfs/examples/ipv6/rpl-udp/obj_cooja/mtype697.cooja
b2940000-b2941000 rw-p 0002d000 00:1e 3676995    /home/user/Desktop/nfs/examples/ipv6/rpl-udp/obj_cooja/mtype697.cooja
b2941000-b2949000 rw-p 00000000 00:00 0 
b2949000-b294c000 ---p 00000000 00:00 0 
b294c000-b299a000 rw-p 00000000 00:00 0 
b299a000-b299d000 ---p 00000000 00:00 0 
b299d000-b29eb000 rw-p 00000000 00:00 0          [stack:6687]
b29eb000-b29ee000 ---p 00000000 00:00 0 
b29ee000-b2a3c000 rw-p 00000000 00:00 0 
b2a3c000-b2a3f000 ---p 00000000 00:00 0 
b2a3f000-b2a55000 rw-p 00000000 00:00 0          [stack:6650]
b2a90000-b2ac8000 rw-s 00000000 00:04 54394900   /SYSV00000000 (deleted)
b2ac8000-b2acb000 ---p 00000000 00:00 0 
b2acb000-b2b19000 rw-p 00000000 00:00 0 
b2b22000-b2b23000 rw-p 00000000 00:00 0 
b2b23000-b31b8000 rw-s 00000000 00:04 53903375   /SYSV00000000 (deleted)
b31b8000-b31ba000 r--s 00003000 00:1e 6161210    /home/user/Desktop/nfs/tools/cooja/apps/powertracker/lib/powertracker.jar
b31ba000-b31bb000 r--s 00002000 00:1e 3705454    /home/user/Desktop/nfs/tools/cooja/apps/collect-view/cooja-collect-view.jar
b31bb000-b31bd000 r--s 00008000 00:1e 10104686   /home/user/Desktop/nfs/tools/cooja/apps/serial_socket/lib/serial_socket.jar
b31bd000-b31f7000 r--s 001e1000 00:1e 9048202    /home/user/Desktop/nfs/tools/cooja/apps/avrora/lib/avrora-small.jar
b31f7000-b31f8000 r--s 00008000 00:1e 9048113    /home/user/Desktop/nfs/tools/cooja/apps/avrora/lib/cooja_avrora.jar
b31f8000-b31fa000 r--s 00010000 00:1e 6161792    /home/user/Desktop/nfs/tools/cooja/apps/mspsim/lib/jipv6.jar
b31fa000-b31fb000 r--s 00004000 00:1e 6162693    /home/user/Desktop/nfs/tools/cooja/apps/mspsim/lib/coffee.jar
b31fb000-b3207000 r--s 000ea000 00:1e 6161280    /home/user/Desktop/nfs/tools/cooja/apps/mspsim/lib/mspsim.jar
b3207000-b320d000 r--s 00062000 00:1e 6163184    /home/user/Desktop/nfs/tools/cooja/apps/mspsim/lib/cooja_mspsim.jar
b320d000-b3210000 r--s 0001e000 00:1e 6161370    /home/user/Desktop/nfs/tools/cooja/apps/mrm/lib/mrm.jar
b3210000-b3213000 ---p 00000000 00:00 0 
b3213000-b3261000 rw-p 00000000 00:00 0          [stack:6642]
b3261000-b3264000 ---p 00000000 00:00 0 
b3264000-b32b2000 rw-p 00000000 00:00 0          [stack:6641]
b32b2000-b32b5000 ---p 00000000 00:00 0 
b32b5000-b3303000 rw-p 00000000 00:00 0          [stack:6640]
b3303000-b3304000 r--s 00000000 08:01 403951     /var/cache/fontconfig/c05880de57d1f5e948fdfacc138775d9-le32d4.cache-4
b3304000-b330c000 r--s 00000000 08:01 395165     /var/cache/fontconfig/945677eb7aeaf62f1d50efc3fb3ec7d8-le32d4.cache-4
b330c000-b330e000 r--s 00000000 08:01 403828     /var/cache/fontconfig/99e8ed0e538f840c565b6ed5dad60d56-le32d4.cache-4
b330e000-b3312000 r--s 00000000 08:01 403701     /var/cache/fontconfig/2cd17615ca594fa2959ae173292e504c-le32d4.cache-4
b3312000-b3313000 r--s 00000000 08:01 403278     /var/cache/fontconfig/e7071f4a29fa870f4323321c154eba04-le32d4.cache-4
b3313000-b3314000 r--s 00000000 08:01 402342     /var/cache/fontconfig/0d8c3b2ac0904cb8a57a757ad11a4a08-le32d4.cache-4
b3314000-b3319000 r--s 00000000 08:01 402341     /var/cache/fontconfig/a755afe4a08bf5b97852ceb7400b47bc-le32d4.cache-4
b3319000-b3322000 r--s 00000000 08:01 401848     /var/cache/fontconfig/6d41288fd70b0be22e8c3a91e032eec0-le32d4.cache-4
b3322000-b3331000 r--s 00000000 08:01 401847     /var/cache/fontconfig/04aabc0a78ac019cf9454389977116d2-le32d4.cache-4
b3331000-b3332000 r--s 00000000 08:01 401846     /var/cache/fontconfig/1ac9eb803944fde146138c791f5cc56a-le32d4.cache-4
b3332000-b3335000 r--s 00000000 08:01 401845     /var/cache/fontconfig/385c0604a188198f04d133e54aba7fe7-le32d4.cache-4
b3335000-b3336000 r--s 00000000 08:01 401843     /var/cache/fontconfig/dc05db6664285cc2f12bf69c139ae4c3-le32d4.cache-4
b3336000-b3338000 r--s 00000000 08:01 393795     /var/cache/fontconfig/767a8244fc0220cfb567a839d0392e0b-le32d4.cache-4
b3338000-b3339000 r--s 00000000 08:01 401842     /var/cache/fontconfig/4794a0821666d79190d59a36cb4f44b5-le32d4.cache-4
b3339000-b333d000 r--s 00000000 08:01 401841     /var/cache/fontconfig/8801497958630a81b71ace7c5f9b32a8-le32d4.cache-4
b333d000-b3342000 r--s 00000000 08:01 401840     /var/cache/fontconfig/3047814df9a2f067bd2d96a2b9c36e5a-le32d4.cache-4
b3342000-b3343000 r--s 00000000 08:01 401839     /var/cache/fontconfig/56cf4f4769d0f4abc89a4895d7bd3ae1-le32d4.cache-4
b3343000-b3353000 r--s 00000000 08:01 401836     /var/cache/fontconfig/d52a8644073d54c13679302ca1180695-le32d4.cache-4
b3353000-b33a3000 r-xp 00000000 08:01 177825     /usr/lib/jvm/java-7-openjdk-i386/jre/lib/i386/libfontmanager.so
b33a3000-b33a5000 r--p 0004f000 08:01 177825     /usr/lib/jvm/java-7-openjdk-i386/jre/lib/i386/libfontmanager.so
b33a5000-b33a6000 rw-p 00051000 08:01 177825     /usr/lib/jvm/java-7-openjdk-i386/jre/lib/i386/libfontmanager.so
b33a6000-b33a9000 ---p 00000000 00:00 0 
b33a9000-b33f7000 rw-p 00000000 00:00 0          [stack:6639]
b33f7000-b33fb000 r-xp 00000000 08:01 7640       /usr/lib/i386-linux-gnu/libXfixes.so.3.1.0
b33fb000-b33fc000 r--p 00003000 08:01 7640       /usr/lib/i386-linux-gnu/libXfixes.so.3.1.0
b33fc000-b33fd000 rw-p 00004000 08:01 7640       /usr/lib/i386-linux-gnu/libXfixes.so.3.1.0
b33fd000-b3406000 r-xp 00000000 08:01 9790       /usr/lib/i386-linux-gnu/libXcursor.so.1.0.2
b3406000-b3407000 r--p 00008000 08:01 9790       /usr/lib/i386-linux-gnu/libXcursor.so.1.0.2
b3407000-b3408000 rw-p 00009000 08:01 9790       /usr/lib/i386-linux-gnu/libXcursor.so.1.0.2
b3408000-b340b000 ---p 00000000 00:00 0 
b340b000-b3459000 rw-p 00000000 00:00 0          [stack:6638]
b3459000-b347f000 r-xp 00000000 08:01 142122     /lib/i386-linux-gnu/libpng12.so.0.50.0
b347f000-b3480000 r--p 00025000 08:01 142122     /lib/i386-linux-gnu/libpng12.so.0.50.0
b3480000-b3481000 rw-p 00026000 08:01 142122     /lib/i386-linux-gnu/libpng12.so.0.50.0
b3481000-b3486000 r-xp 00000000 08:01 5406       /usr/lib/i386-linux-gnu/libXdmcp.so.6.0.0
b3486000-b3487000 r--p 00004000 08:01 5406       /usr/lib/i386-linux-gnu/libXdmcp.so.6.0.0
b3487000-b3488000 rw-p 00005000 08:01 5406       /usr/lib/i386-linux-gnu/libXdmcp.so.6.0.0
b3488000-b34ad000 r-xp 00000000 08:01 131117     /lib/i386-linux-gnu/libexpat.so.1.6.0
b34ad000-b34ae000 ---p 00025000 08:01 131117     /lib/i386-linux-gnu/libexpat.so.1.6.0
b34ae000-b34b0000 r--p 00025000 08:01 131117     /lib/i386-linux-gnu/libexpat.so.1.6.0
b34b0000-b34b1000 rw-p 00027000 08:01 131117     /lib/i386-linux-gnu/libexpat.so.1.6.0
b34b1000-b354c000 r-xp 00000000 08:01 9145       /usr/lib/i386-linux-gnu/libfreetype.so.6.11.1
b354c000-b3550000 r--p 0009a000 08:01 9145       /usr/lib/i386-linux-gnu/libfreetype.so.6.11.1
b3550000-b3551000 rw-p 0009e000 08:01 9145       /usr/lib/i386-linux-gnu/libfreetype.so.6.11.1
b3551000-b3571000 r-xp 00000000 08:01 66655      /usr/lib/i386-linux-gnu/libxcb.so.1.1.0
b3571000-b3572000 r--p 0001f000 08:01 66655      /usr/lib/i386-linux-gnu/libxcb.so.1.1.0
b3572000-b3573000 rw-p 00020000 08:01 66655      /usr/lib/i386-linux-gnu/libxcb.so.1.1.0
b3573000-b35ac000 r-xp 00000000 08:01 9181       /usr/lib/i386-linux-gnu/libfontconfig.so.1.8.0
b35ac000-b35ad000 r--p 00039000 08:01 9181       /usr/lib/i386-linux-gnu/libfontconfig.so.1.8.0
b35ad000-b35ae000 rw-p 0003a000 08:01 9181       /usr/lib/i386-linux-gnu/libfontconfig.so.1.8.0
b35ae000-b35bc000 r-xp 00000000 08:01 7577       /usr/lib/i386-linux-gnu/libXi.so.6.1.0
b35bc000-b35bd000 r--p 0000e000 08:01 7577       /usr/lib/i386-linux-gnu/libXi.so.6.1.0
b35bd000-b35be000 rw-p 0000f000 08:01 7577       /usr/lib/i386-linux-gnu/libXi.so.6.1.0
b35be000-b35c3000 r-xp 00000000 08:01 10292      /usr/lib/i386-linux-gnu/libXtst.so.6.1.0
b35c3000-b35c4000 r--p 00004000 08:01 10292      /usr/lib/i386-linux-gnu/libXtst.so.6.1.0
b35c4000-b35c5000 rw-p 00005000 08:01 10292      /usr/lib/i386-linux-gnu/libXtst.so.6.1.0
b35c5000-b36f5000 r-xp 00000000 08:01 10842      /usr/lib/i386-linux-gnu/libX11.so.6.3.0
b36f5000-b36f6000 r--p 00130000 08:01 10842      /usr/lib/i386-linux-gnu/libX11.so.6.3.0
b36f6000-b36f8000 rw-p 00131000 08:01 10842      /usr/lib/i386-linux-gnu/libX11.so.6.3.0
b36f8000-b36f9000 rw-p 00000000 00:00 0 
b36f9000-b3741000 r-xp 00000000 08:01 136659     /usr/lib/jvm/java-7-openjdk-i386/jre/lib/i386/xawt/libmawt.so
b3741000-b3742000 r--p 00048000 08:01 136659     /usr/lib/jvm/java-7-openjdk-i386/jre/lib/i386/xawt/libmawt.so
b3742000-b3744000 rw-p 00049000 08:01 136659     /usr/lib/jvm/java-7-openjdk-i386/jre/lib/i386/xawt/libmawt.so
b3744000-b3745000 rw-p 00000000 00:00 0 
b3745000-b37d4000 r-xp 00000000 08:01 177836     /usr/lib/jvm/java-7-openjdk-i386/jre/lib/i386/libawt.so
b37d4000-b37d5000 r--p 0008f000 08:01 177836     /usr/lib/jvm/java-7-openjdk-i386/jre/lib/i386/libawt.so
b37d5000-b37dc000 rw-p 00090000 08:01 177836     /usr/lib/jvm/java-7-openjdk-i386/jre/lib/i386/libawt.so
b37dc000-b3800000 rw-p 00000000 00:00 0 
b3800000-b38bf000 rw-p 00000000 00:00 0 
b38bf000-b3900000 ---p 00000000 00:00 0 
b3900000-b3909000 r-xp 00000000 08:01 6199       /usr/lib/i386-linux-gnu/libXrender.so.1.3.0
b3909000-b390a000 r--p 00008000 08:01 6199       /usr/lib/i386-linux-gnu/libXrender.so.1.3.0
b390a000-b390b000 rw-p 00009000 08:01 6199       /usr/lib/i386-linux-gnu/libXrender.so.1.3.0
b390b000-b391c000 r-xp 00000000 08:01 6183       /usr/lib/i386-linux-gnu/libXext.so.6.4.0
b391c000-b391d000 r--p 00010000 08:01 6183       /usr/lib/i386-linux-gnu/libXext.so.6.4.0
b391d000-b391e000 rw-p 00011000 08:01 6183       /usr/lib/i386-linux-gnu/libXext.so.6.4.0
b391e000-b395a000 r-xp 00000000 08:01 132344     /lib/i386-linux-gnu/libpcre.so.3.13.1
b395a000-b395b000 r--p 0003b000 08:01 132344     /lib/i386-linux-gnu/libpcre.so.3.13.1
b395b000-b395c000 rw-p 0003c000 08:01 132344     /lib/i386-linux-gnu/libpcre.so.3.13.1
b395c000-b396f000 r-xp 00000000 08:01 158559     /lib/i386-linux-gnu/libresolv-2.19.so
b396f000-b3970000 ---p 00013000 08:01 158559     /lib/i386-linux-gnu/libresolv-2.19.so
b3970000-b3971000 r--p 00013000 08:01 158559     /lib/i386-linux-gnu/libresolv-2.19.so
b3971000-b3972000 rw-p 00014000 08:01 158559     /lib/i386-linux-gnu/libresolv-2.19.so
b3972000-b3974000 rw-p 00000000 00:00 0 
b3974000-b3994000 r-xp 00000000 08:01 131406     /lib/i386-linux-gnu/libselinux.so.1
b3994000-b3995000 r--p 0001f000 08:01 131406     /lib/i386-linux-gnu/libselinux.so.1
b3995000-b3996000 rw-p 00020000 08:01 131406     /lib/i386-linux-gnu/libselinux.so.1
b3996000-b3997000 rw-p 00000000 00:00 0 
b3997000-b3aa1000 r-xp 00000000 08:01 136564     /lib/i386-linux-gnu/libglib-2.0.so.0.4002.0
b3aa1000-b3aa2000 r--p 00109000 08:01 136564     /lib/i386-linux-gnu/libglib-2.0.so.0.4002.0
b3aa2000-b3aa3000 rw-p 0010a000 08:01 136564     /lib/i386-linux-gnu/libglib-2.0.so.0.4002.0
b3aa3000-b3af3000 r-xp 00000000 08:01 1672       /usr/lib/i386-linux-gnu/libgobject-2.0.so.0.4002.0
b3af3000-b3af4000 r--p 0004f000 08:01 1672       /usr/lib/i386-linux-gnu/libgobject-2.0.so.0.4002.0
b3af4000-b3af5000 rw-p 00050000 08:01 1672       /usr/lib/i386-linux-gnu/libgobject-2.0.so.0.4002.0
b3af5000-b3c72000 r-xp 00000000 08:01 1674       /usr/lib/i386-linux-gnu/libgio-2.0.so.0.4002.0
b3c72000-b3c74000 r--p 0017d000 08:01 1674       /usr/lib/i386-linux-gnu/libgio-2.0.so.0.4002.0
b3c74000-b3c75000 rw-p 0017f000 08:01 1674       /usr/lib/i386-linux-gnu/libgio-2.0.so.0.4002.0
b3c75000-b3c76000 rw-p 00000000 00:00 0 
b3c76000-b3c77000 r--s 00000000 08:01 401838     /var/cache/fontconfig/b9d506c9ac06c20b433354fa67a72993-le32d4.cache-4
b3c77000-b3c7b000 r--s 00000000 08:01 401837     /var/cache/fontconfig/b47c4e1ecd0709278f4910c18777a504-le32d4.cache-4
b3c7b000-b3c82000 r--s 00000000 08:01 401835     /var/cache/fontconfig/3f7329c5293ffd510edef78f73874cfd-le32d4.cache-4
b3c82000-b3c8b000 r--s 00000000 08:01 401834     /var/cache/fontconfig/d589a48862398ed80a3d6066f4f56f4c-le32d4.cache-4
b3c8b000-b3c8d000 r--s 00000000 08:01 394475     /var/cache/fontconfig/e13b20fdb08344e0e664864cc2ede53d-le32d4.cache-4
b3c8d000-b3ca5000 r-xp 00000000 08:01 153628     /usr/lib/jvm/java-7-openjdk-i386/jre/lib/i386/libnet.so
b3ca5000-b3ca6000 r--p 00017000 08:01 153628     /usr/lib/jvm/java-7-openjdk-i386/jre/lib/i386/libnet.so
b3ca6000-b3ca7000 rw-p 00018000 08:01 153628     /usr/lib/jvm/java-7-openjdk-i386/jre/lib/i386/libnet.so
b3ca7000-b3cb8000 r-xp 00000000 08:01 177810     /usr/lib/jvm/java-7-openjdk-i386/jre/lib/i386/libnio.so
b3cb8000-b3cb9000 r--p 00010000 08:01 177810     /usr/lib/jvm/java-7-openjdk-i386/jre/lib/i386/libnio.so
b3cb9000-b3cba000 rw-p 00011000 08:01 177810     /usr/lib/jvm/java-7-openjdk-i386/jre/lib/i386/libnio.so
b3cba000-b3cbb000 ---p 00000000 00:00 0 
b3cbb000-b3d3b000 rw-p 00000000 00:00 0          [stack:6637]
b3d3b000-b3d3e000 ---p 00000000 00:00 0 
b3d3e000-b3d8c000 rw-p 00000000 00:00 0          [stack:6636]
b3d8c000-b3d8f000 ---p 00000000 00:00 0 
b3d8f000-b3e0d000 rw-p 00000000 00:00 0          [stack:6635]
b3e0d000-b3e10000 ---p 00000000 00:00 0 
b3e10000-b3e5e000 rw-p 00000000 00:00 0          [stack:6634]
b3e5e000-b405e000 r--p 00000000 08:01 369        /usr/lib/locale/locale-archive
b405e000-b4061000 ---p 00000000 00:00 0 
b4061000-b40af000 rw-p 00000000 00:00 0          [stack:6633]
b40af000-b40b2000 ---p 00000000 00:00 0 
b40b2000-b4100000 rw-p 00000000 00:00 0          [stack:6632]
b4100000-b4136000 rw-p 00000000 00:00 0 
b4136000-b4200000 ---p 00000000 00:00 0 
b4200000-b4202000 r-xp 00000000 08:01 5352       /usr/lib/i386-linux-gnu/libXau.so.6.0.0
b4202000-b4203000 r--p 00001000 08:01 5352       /usr/lib/i386-linux-gnu/libXau.so.6.0.0
b4203000-b4204000 rw-p 00002000 08:01 5352       /usr/lib/i386-linux-gnu/libXau.so.6.0.0
b4204000-b4206000 r-xp 00000000 08:01 3489       /usr/lib/i386-linux-gnu/libXcomposite.so.1.0.0
b4206000-b4207000 r--p 00001000 08:01 3489       /usr/lib/i386-linux-gnu/libXcomposite.so.1.0.0
b4207000-b4208000 rw-p 00002000 08:01 3489       /usr/lib/i386-linux-gnu/libXcomposite.so.1.0.0
b4208000-b420d000 r-xp 00000000 08:01 9076       /usr/lib/i386-linux-gnu/libffi.so.6.0.1
b420d000-b420e000 r--p 00005000 08:01 9076       /usr/lib/i386-linux-gnu/libffi.so.6.0.1
b420e000-b420f000 rw-p 00006000 08:01 9076       /usr/lib/i386-linux-gnu/libffi.so.6.0.1
b420f000-b422c000 r--s 0014f000 00:1e 3709046    /home/user/Desktop/nfs/tools/cooja/lib/swingx-all-1.6.4.jar
b422c000-b422d000 ---p 00000000 00:00 0 
b422d000-b42f6000 rw-p 00000000 00:00 0          [stack:6631]
b42f6000-b44a9000 r--s 01d3d000 08:01 136821     /usr/lib/jvm/java-7-openjdk-i386/jre/lib/rt.jar
b44a9000-b44af000 rw-p 00000000 00:00 0 
b44af000-b4554000 rw-p 00000000 00:00 0 
b4554000-b4557000 rw-p 00000000 00:00 0 
b4557000-b45a9000 rw-p 00000000 00:00 0 
b45a9000-b45af000 rw-p 00000000 00:00 0 
b45af000-b4654000 rw-p 00000000 00:00 0 
b4654000-b465a000 rw-p 00000000 00:00 0 
b465a000-b4674000 rw-p 00000000 00:00 0 
b4674000-b468a000 rw-p 00000000 00:00 0 
b468a000-b4700000 rw-p 00000000 00:00 0 
b4700000-b4950000 rwxp 00000000 00:00 0 
b4950000-b67f7000 rw-p 00000000 00:00 0 
b67f7000-b6800000 ---p 00000000 00:00 0 
b6800000-b6803000 r--s 00000000 08:01 394702     /var/cache/fontconfig/7ef2298fde41cc6eeb7af42e48b7d293-le32d4.cache-4
b6803000-b6806000 r-xp 00000000 08:01 1675       /usr/lib/i386-linux-gnu/libgmodule-2.0.so.0.4002.0
b6806000-b6807000 r--p 00002000 08:01 1675       /usr/lib/i386-linux-gnu/libgmodule-2.0.so.0.4002.0
b6807000-b6808000 rw-p 00003000 08:01 1675       /usr/lib/i386-linux-gnu/libgmodule-2.0.so.0.4002.0
b6808000-b6812000 r--s 000ae000 08:01 136823     /usr/lib/jvm/java-7-openjdk-i386/jre/lib/resources.jar
b6812000-b6819000 r--s 0005b000 00:1e 3706283    /home/user/Desktop/nfs/tools/cooja/lib/jsyntaxpane.jar
b6819000-b6820000 r--s 0004f000 00:1e 3702728    /home/user/Desktop/nfs/tools/cooja/lib/log4j.jar
b6820000-b6823000 r--s 00022000 00:1e 3705387    /home/user/Desktop/nfs/tools/cooja/lib/jdom.jar
b6823000-b6827000 r--s 00085000 08:01 177967     /usr/lib/jvm/java-7-openjdk-i386/jre/lib/ext/localedata.jar
b6827000-b682b000 r--s 00034000 08:01 177971     /usr/lib/jvm/java-7-openjdk-i386/jre/lib/ext/sunjce_provider.jar
b682b000-b682e000 r--s 0000f000 08:01 177961     /usr/lib/jvm/java-7-openjdk-i386/jre/lib/ext/icedtea-sound.jar
b682e000-b6842000 rw-p 00000000 00:00 0 
b6842000-b685c000 rw-p 00000000 00:00 0 
b685c000-b6866000 r-xp 00000000 08:01 159039     /lib/i386-linux-gnu/libnss_files-2.19.so
b6866000-b6867000 r--p 00009000 08:01 159039     /lib/i386-linux-gnu/libnss_files-2.19.so
b6867000-b6868000 rw-p 0000a000 08:01 159039     /lib/i386-linux-gnu/libnss_files-2.19.so
b6868000-b6872000 r-xp 00000000 08:01 158574     /lib/i386-linux-gnu/libnss_nis-2.19.so
b6872000-b6873000 r--p 00009000 08:01 158574     /lib/i386-linux-gnu/libnss_nis-2.19.so
b6873000-b6874000 rw-p 0000a000 08:01 158574     /lib/i386-linux-gnu/libnss_nis-2.19.so
b6874000-b6889000 r-xp 00000000 08:01 158568     /lib/i386-linux-gnu/libnsl-2.19.so
b6889000-b688a000 r--p 00015000 08:01 158568     /lib/i386-linux-gnu/libnsl-2.19.so
b688a000-b688b000 rw-p 00016000 08:01 158568     /lib/i386-linux-gnu/libnsl-2.19.so
b688b000-b688d000 rw-p 00000000 00:00 0 
b688d000-b6894000 r-xp 00000000 08:01 158567     /lib/i386-linux-gnu/libnss_compat-2.19.so
b6894000-b6895000 r--p 00006000 08:01 158567     /lib/i386-linux-gnu/libnss_compat-2.19.so
b6895000-b6896000 rw-p 00007000 08:01 158567     /lib/i386-linux-gnu/libnss_compat-2.19.so
b6896000-b6897000 r--s 00000000 08:01 401833     /var/cache/fontconfig/0c9eb80ebd1c36541ebe2852d3bb0c49-le32d4.cache-4
b6897000-b6898000 r--s 00002000 08:01 177972     /usr/lib/jvm/java-7-openjdk-i386/jre/lib/ext/dnsns.jar
b6898000-b689b000 r--s 0003d000 08:01 177959     /usr/lib/jvm/java-7-openjdk-i386/jre/lib/ext/sunpkcs11.jar
b689b000-b68a3000 r-xp 00000000 08:01 177878     /usr/lib/jvm/java-7-openjdk-i386/jre/lib/i386/libzip.so
b68a3000-b68a4000 r--p 00007000 08:01 177878     /usr/lib/jvm/java-7-openjdk-i386/jre/lib/i386/libzip.so
b68a4000-b68a5000 rw-p 00008000 08:01 177878     /usr/lib/jvm/java-7-openjdk-i386/jre/lib/i386/libzip.so
b68a5000-b68ad000 rw-s 00000000 08:01 131918     /tmp/hsperfdata_user/6625
b68ad000-b68d4000 r-xp 00000000 08:01 136829     /usr/lib/jvm/java-7-openjdk-i386/jre/lib/i386/libjava.so
b68d4000-b68d5000 r--p 00026000 08:01 136829     /usr/lib/jvm/java-7-openjdk-i386/jre/lib/i386/libjava.so
b68d5000-b68d6000 rw-p 00027000 08:01 136829     /usr/lib/jvm/java-7-openjdk-i386/jre/lib/i386/libjava.so
b68d6000-b68dd000 r-xp 00000000 08:01 158579     /lib/i386-linux-gnu/librt-2.19.so
b68dd000-b68de000 r--p 00006000 08:01 158579     /lib/i386-linux-gnu/librt-2.19.so
b68de000-b68df000 rw-p 00007000 08:01 158579     /lib/i386-linux-gnu/librt-2.19.so
b68df000-b68e2000 ---p 00000000 00:00 0 
b68e2000-b6930000 rw-p 00000000 00:00 0          [stack:6627]
b6930000-b694c000 r-xp 00000000 08:01 158999     /lib/i386-linux-gnu/libgcc_s.so.1
b694c000-b694d000 rw-p 0001b000 08:01 158999     /lib/i386-linux-gnu/libgcc_s.so.1
b694d000-b6991000 r-xp 00000000 08:01 158561     /lib/i386-linux-gnu/libm-2.19.so
b6991000-b6992000 r--p 00043000 08:01 158561     /lib/i386-linux-gnu/libm-2.19.so
b6992000-b6993000 rw-p 00044000 08:01 158561     /lib/i386-linux-gnu/libm-2.19.so
b6993000-b6a6f000 r-xp 00000000 08:01 289        /usr/lib/i386-linux-gnu/libstdc++.so.6.0.19
b6a6f000-b6a73000 r--p 000dc000 08:01 289        /usr/lib/i386-linux-gnu/libstdc++.so.6.0.19
b6a73000-b6a74000 rw-p 000e0000 08:01 289        /usr/lib/i386-linux-gnu/libstdc++.so.6.0.19
b6a74000-b6a7b000 rw-p 00000000 00:00 0 
b6a7b000-b70b1000 r-xp 00000000 08:01 177850     /usr/lib/jvm/java-7-openjdk-i386/jre/lib/i386/client/libjvm.so
b70b1000-b70c7000 r--p 00635000 08:01 177850     /usr/lib/jvm/java-7-openjdk-i386/jre/lib/i386/client/libjvm.so
b70c7000-b70d6000 rw-p 0064b000 08:01 177850     /usr/lib/jvm/java-7-openjdk-i386/jre/lib/i386/client/libjvm.so
b70d6000-b74f2000 rw-p 00000000 00:00 0 
b74f2000-b750a000 r-xp 00000000 08:01 158556     /lib/i386-linux-gnu/libz.so.1.2.8
b750a000-b750b000 r--p 00017000 08:01 158556     /lib/i386-linux-gnu/libz.so.1.2.8
b750b000-b750c000 rw-p 00018000 08:01 158556     /lib/i386-linux-gnu/libz.so.1.2.8
b750c000-b7524000 r-xp 00000000 08:01 158571     /lib/i386-linux-gnu/libpthread-2.19.so
b7524000-b7525000 r--p 00018000 08:01 158571     /lib/i386-linux-gnu/libpthread-2.19.so
b7525000-b7526000 rw-p 00019000 08:01 158571     /lib/i386-linux-gnu/libpthread-2.19.so
b7526000-b7528000 rw-p 00000000 00:00 0 
b7528000-b752b000 r-xp 00000000 08:01 158563     /lib/i386-linux-gnu/libdl-2.19.so
b752b000-b752c000 r--p 00002000 08:01 158563     /lib/i386-linux-gnu/libdl-2.19.so
b752c000-b752d000 rw-p 00003000 08:01 158563     /lib/i386-linux-gnu/libdl-2.19.so
b752d000-b76d5000 r-xp 00000000 08:01 158580     /lib/i386-linux-gnu/libc-2.19.so
b76d5000-b76d6000 ---p 001a8000 08:01 158580     /lib/i386-linux-gnu/libc-2.19.so
b76d6000-b76d8000 r--p 001a8000 08:01 158580     /lib/i386-linux-gnu/libc-2.19.so
b76d8000-b76d9000 rw-p 001aa000 08:01 158580     /lib/i386-linux-gnu/libc-2.19.so
b76d9000-b76dc000 rw-p 00000000 00:00 0 
b76dc000-b76de000 r--s 00006000 08:01 276693     /usr/share/java/java-atk-wrapper.jar
b76de000-b76e0000 r--s 00012000 08:01 177976     /usr/lib/jvm/java-7-openjdk-i386/jre/lib/ext/zipfs.jar
b76e0000-b76e1000 r--p 002c5000 08:01 369        /usr/lib/locale/locale-archive
b76e1000-b76e2000 rw-p 00000000 00:00 0 
b76e2000-b76e3000 r--p 00000000 00:00 0 
b76e3000-b76f1000 r-xp 00000000 08:01 136825     /usr/lib/jvm/java-7-openjdk-i386/jre/lib/i386/libverify.so
b76f1000-b76f2000 r--p 0000d000 08:01 136825     /usr/lib/jvm/java-7-openjdk-i386/jre/lib/i386/libverify.so
b76f2000-b76f3000 rw-p 0000e000 08:01 136825     /usr/lib/jvm/java-7-openjdk-i386/jre/lib/i386/libverify.so
b76f3000-b76ff000 r-xp 00000000 08:01 136926     /usr/lib/jvm/java-7-openjdk-i386/jre/lib/i386/jli/libjli.so
b76ff000-b7700000 r--p 0000c000 08:01 136926     /usr/lib/jvm/java-7-openjdk-i386/jre/lib/i386/jli/libjli.so
b7700000-b7701000 rw-p 0000d000 08:01 136926     /usr/lib/jvm/java-7-openjdk-i386/jre/lib/i386/jli/libjli.so
b7701000-b7704000 rw-p 00000000 00:00 0 
b7704000-b7705000 r-xp 00000000 00:00 0          [vdso]
b7705000-b7725000 r-xp 00000000 08:01 158572     /lib/i386-linux-gnu/ld-2.19.so
b7725000-b7726000 r--p 0001f000 08:01 158572     /lib/i386-linux-gnu/ld-2.19.so
b7726000-b7727000 rw-p 00020000 08:01 158572     /lib/i386-linux-gnu/ld-2.19.so
bf985000-bf986000 rwxp 00000000 00:00 0 
bf9b8000-bf9d9000 rw-p 00000000 00:00 0          [stack]

VM Arguments:
jvm_args: -Xmx512m -Duser.language=en 
java_command: org.contikios.cooja.Cooja
Launcher Type: SUN_STANDARD

Environment Variables:
JAVA_HOME=/usr/lib/jvm/java-7-openjdk-i386
PATH=/usr/local/sdcc/bin:/usr/local/sbin:/usr/local/bin:/usr/sbin:/usr/bin:/sbin:/bin:/usr/games:/usr/local/games:/home/user/CodeSourcery/Sourcery_G++_Lite/bin:/usr/local/msp430/bin:/home/user/CodeSourcery/Sourcery_G++_Lite/bin
LD_LIBRARY_PATH=.
SHELL=/bin/bash
DISPLAY=:0

Signal Handlers:
SIGSEGV: [libjvm.so+0x4efa90], sa_mask[0]=0x7ffbfeff, sa_flags=0x10000004
SIGBUS: [libjvm.so+0x4efa90], sa_mask[0]=0x7ffbfeff, sa_flags=0x10000004
SIGFPE: [libjvm.so+0x3cb5a0], sa_mask[0]=0x7ffbfeff, sa_flags=0x10000004
SIGPIPE: [libjvm.so+0x3cb5a0], sa_mask[0]=0x7ffbfeff, sa_flags=0x10000004
SIGXFSZ: [libjvm.so+0x3cb5a0], sa_mask[0]=0x7ffbfeff, sa_flags=0x10000004
SIGILL: [libjvm.so+0x3cb5a0], sa_mask[0]=0x7ffbfeff, sa_flags=0x10000004
SIGUSR1: SIG_DFL, sa_mask[0]=0x00000000, sa_flags=0x00000000
SIGUSR2: [libjvm.so+0x3cb700], sa_mask[0]=0x00000004, sa_flags=0x10000004
SIGHUP: [libjvm.so+0x3cb660], sa_mask[0]=0x7ffbfeff, sa_flags=0x10000004
SIGINT: [libjvm.so+0x3cb660], sa_mask[0]=0x7ffbfeff, sa_flags=0x10000004
SIGTERM: [libjvm.so+0x3cb660], sa_mask[0]=0x7ffbfeff, sa_flags=0x10000004
SIGQUIT: [libjvm.so+0x3cb660], sa_mask[0]=0x7ffbfeff, sa_flags=0x10000004
SIGTRAP: SIG_DFL, sa_mask[0]=0x00000000, sa_flags=0x00000000


---------------  S Y S T E M  ---------------

OS:Ubuntu 14.04 (trusty)
uname:Linux 3.13.0-96-generic #143-Ubuntu SMP Mon Aug 29 20:15:47 UTC 2016 i686
libc:glibc 2.19 NPTL 2.19 
rlimit: STACK 8192k, CORE 0k, NPROC 7860, NOFILE 4096, AS infinity
load average:1.07 1.33 0.86

/proc/meminfo:
MemTotal:        1025420 kB
MemFree:          180320 kB
Buffers:           69280 kB
Cached:           342912 kB
SwapCached:          156 kB
Active:           339264 kB
Inactive:         397448 kB
Active(anon):     151120 kB
Inactive(anon):   200008 kB
Active(file):     188144 kB
Inactive(file):   197440 kB
Unevictable:          32 kB
Mlocked:              32 kB
HighTotal:        135048 kB
HighFree:          14520 kB
LowTotal:         890372 kB
LowFree:          165800 kB
SwapTotal:       1046524 kB
SwapFree:        1045696 kB
Dirty:               232 kB
Writeback:             0 kB
AnonPages:        324416 kB
Mapped:            77720 kB
Shmem:             26592 kB
Slab:              70344 kB
SReclaimable:      55268 kB
SUnreclaim:        15076 kB
KernelStack:        2952 kB
PageTables:         6604 kB
NFS_Unstable:          0 kB
Bounce:                0 kB
WritebackTmp:          0 kB
CommitLimit:     1559232 kB
Committed_AS:    2351876 kB
VmallocTotal:     122880 kB
VmallocUsed:       24652 kB
VmallocChunk:      87536 kB
HardwareCorrupted:     0 kB
AnonHugePages:    139264 kB
HugePages_Total:       0
HugePages_Free:        0
HugePages_Rsvd:        0
HugePages_Surp:        0
Hugepagesize:       2048 kB
DirectMap4k:       38904 kB
DirectMap2M:      874496 kB


CPU:total 1 (1 cores per cpu, 1 threads per core) family 6 model 94 stepping 3, cmov, cx8, fxsr, mmx, sse, sse2, sse3, ssse3, sse4.1, sse4.2, popcnt, avx, aes, tsc, tscinvbit

/proc/cpuinfo:
processor	: 0
vendor_id	: GenuineIntel
cpu family	: 6
model		: 94
model name	: Intel(R) Core(TM) i5-6500 CPU @ 3.20GHz
stepping	: 3
microcode	: 0x76
cpu MHz		: 3600.000
cache size	: 6144 KB
physical id	: 0
siblings	: 1
core id		: 0
cpu cores	: 1
apicid		: 0
initial apicid	: 0
fdiv_bug	: no
f00f_bug	: no
coma_bug	: no
fpu		: yes
fpu_exception	: yes
cpuid level	: 22
wp		: yes
flags		: fpu vme de pse tsc msr pae mce cx8 apic sep mtrr pge mca cmov pat pse36 clflush dts mmx fxsr sse sse2 ss nx rdtscp lm constant_tsc arch_perfmon pebs bts tsc_reliable nonstop_tsc aperfmperf pni pclmulqdq ssse3 fma cx16 sse4_1 sse4_2 movbe popcnt aes xsave avx hypervisor lahf_lm 3dnowprefetch ida arat epb pln pts dtherm
bogomips	: 7200.00
clflush size	: 64
cache_alignment	: 64
address sizes	: 40 bits physical, 48 bits virtual
power management:



Memory: 4k page, physical 1025420k(180320k free), swap 1046524k(1045696k free)

vm_info: OpenJDK Client VM (24.111-b01) for linux-x86 JRE (1.7.0_111-b01), built on Aug 12 2016 05:36:14 by "buildd" with gcc 4.8.4

time: Wed Sep 28 10:17:45 2016
elapsed time: 94 seconds

