#
# A fatal error has been detected by the Java Runtime Environment:
#
#  SIGSEGV (0xb) at pc=0x0000fdf1, pid=5836, tid=2997852992
#
# JRE version: OpenJDK Runtime Environment (7.0_111-b01) (build 1.7.0_111-b01)
# Java VM: OpenJDK Client VM (24.111-b01 mixed mode, sharing linux-x86 )
# Derivative: IcedTea 2.6.7
# Distribution: Ubuntu 14.04 LTS, package 7u111-2.6.7-0ubuntu0.14.04.3
# Problematic frame:
# C  0x0000fdf1
#
# Failed to write core dump. Core dumps have been disabled. To enable core dumping, try "ulimit -c unlimited" before starting Java again
#
# If you would like to submit a bug report, please include
# instructions on how to reproduce the bug and visit:
#   http://icedtea.classpath.org/bugzilla
# The crash happened outside the Java Virtual Machine in native code.
# See problematic frame for where to report the bug.
#

---------------  T H R E A D  ---------------

Current thread (0x08bf9c00):  JavaThread "Thread-5" [_thread_in_native, id=5959, stack(0xb2aa9000,0xb2afa000)]

siginfo:si_signo=SIGSEGV: si_errno=0, si_code=1 (SEGV_MAPERR), si_addr=0x0000fdf1

Registers:
EAX=0x0000fdf1, EBX=0xb2909023, ECX=0x00000000, EDX=0x00000069
ESP=0xb29281c8, EBP=0xb29281e4, ESI=0x0000004a, EDI=0x00000000
EIP=0x0000fdf1, EFLAGS=0x00010202, CR2=0x0000fdf1

Top of Stack: (sp=0xb29281c8)
0xb29281c8:   b291ab79 00000000 00000001 00000001
0xb29281d8:   00000052 b2919b61 b2909023 b2928224
0xb29281e8:   b291adeb 0000fdf1 00000000 00000001
0xb29281f8:   00000001 b292b6c2 b292b6e0 7fdc6177
0xb2928208:   00000001 00110011 00128011 00120012
0xb2928218:   00000052 0012823a 00120012 3c029b12
0xb2928228:   00401ef0 0000fdf1 00000000 00000000
0xb2928238:   0000feff 00120501 0000fd80 00000000 

Instructions: (pc=0x0000fdf1)
0x0000fdd1:   
[error occurred during error reporting (printing registers, top of stack, instructions near pc), id 0xb]

Register to memory mapping:

EAX=0x0000fdf1 is an unknown value
EBX=0xb2909023: <offset 0x11023> in /media/user/JK/Dual-radio-simulation/examples/ipv6/rpl-udp/obj_cooja/mtype950.cooja at 0xb28f8000
ECX=0x00000000 is an unknown value
EDX=0x00000069 is an unknown value
ESP=0xb29281c8: <offset 0x301c8> in /media/user/JK/Dual-radio-simulation/examples/ipv6/rpl-udp/obj_cooja/mtype950.cooja at 0xb28f8000
EBP=0xb29281e4: <offset 0x301e4> in /media/user/JK/Dual-radio-simulation/examples/ipv6/rpl-udp/obj_cooja/mtype950.cooja at 0xb28f8000
ESI=0x0000004a is an unknown value
EDI=0x00000000 is an unknown value


Stack: [0xb2aa9000,0xb2afa000],  sp=0xb29281c8,  free space=4192764k
Native frames: (J=compiled Java code, j=interpreted, Vv=VM code, C=native code)
C  0x0000fdf1
C  [mtype950.cooja+0x22deb]  send_one_packet+0x1f7

Java frames: (J=compiled Java code, j=interpreted, Vv=VM code)
J 1726  org.contikios.cooja.corecomm.Lib2.tick()V (0 bytes) @ 0xb4b09a90 [0xb4b09a50+0x40]
