#
# A fatal error has been detected by the Java Runtime Environment:
#
#  SIGSEGV (0xb) at pc=0xb762f836, pid=4675, tid=3002055488
#
# JRE version: OpenJDK Runtime Environment (7.0_111-b01) (build 1.7.0_111-b01)
# Java VM: OpenJDK Client VM (24.111-b01 mixed mode, sharing linux-x86 )
# Derivative: IcedTea 2.6.7
# Distribution: Ubuntu 14.04 LTS, package 7u111-2.6.7-0ubuntu0.14.04.3
# Problematic frame:
# C  [libc.so.6+0x43836]  _IO_vfprintf+0x26
#
# Failed to write core dump. Core dumps have been disabled. To enable core dumping, try "ulimit -c unlimited" before starting Java again
#
# If you would like to submit a bug report, please include
# instructions on how to reproduce the bug and visit:
#   http://icedtea.classpath.org/bugzilla
# The crash happened outside the Java Virtual Machine in native code.
# See problematic frame for where to report the bug.
#

---------------  T H R E A D  ---------------

Current thread (0x08fd7400):  JavaThread "Thread-5" [_thread_in_native, id=4799, stack(0xb2eab000,0xb2efc000)]

siginfo:si_signo=SIGSEGV: si_errno=0, si_code=1 (SEGV_MAPERR), si_addr=0x00000046

Registers:
EAX=0xb2efbb40, EBX=0xb7797000, ECX=0x00000010, EDX=0xb2d0a73a
ESP=0xb2d259fc, EBP=0xb2d25f14, ESI=0x00000000, EDI=0x00000000
EIP=0xb762f836, EFLAGS=0x00010296, CR2=0x00000046

Top of Stack: (sp=0xb2d259fc)
0xb2d259fc:   b2d25f4c b2d1b4d8 b2d25fa0 b762f970
0xb2d25a0c:   b2d25f4c b2d1b677 ffffffff b765cd12
0xb2d25a1c:   b2d26320 b2d1bb38 00000027 00000001
0xb2d25a2c:   000001d7 000001d8 b762f17d b7797000
0xb2d25a3c:   b2d25f8c b2d1bb61 b2d25f64 b762fd82
0xb2d25a4c:   b2d25f8c b2d1bb61 00000001 00000000
0xb2d25a5c:   00000000 00000000 fffffffc 00000000
0xb2d25a6c:   0000fd00 00000000 00000000 00000000 

Instructions: (pc=0xb762f836)
0xb762f816:   00 89 e5 57 56 53 e8 ba 2f 0e 00 81 c3 df 77 16
0xb762f826:   00 81 ec 0c 05 00 00 8b 75 08 89 85 ac fb ff ff
0xb762f836:   80 7e 46 00 8b 8b 24 ff ff ff 8b 04 08 89 85 a4
0xb762f846:   fb ff ff 75 20 8b 83 08 ff ff ff 85 c0 0f 84 5a 

Register to memory mapping:

EAX=0xb2efbb40 is pointing into the stack for thread: 0x08fd7400
EBX=0xb7797000: <offset 0x1ab000> in /lib/i386-linux-gnu/libc.so.6 at 0xb75ec000
ECX=0x00000010 is an unknown value
EDX=0xb2d0a73a: <offset 0x1473a> in /media/user/JK/Dual-radio-simulation/examples/ipv6/rpl-udp/obj_cooja/mtype288.cooja at 0xb2cf6000
ESP=0xb2d259fc: <offset 0x2f9fc> in /media/user/JK/Dual-radio-simulation/examples/ipv6/rpl-udp/obj_cooja/mtype288.cooja at 0xb2cf6000
EBP=0xb2d25f14: <offset 0x2ff14> in /media/user/JK/Dual-radio-simulation/examples/ipv6/rpl-udp/obj_cooja/mtype288.cooja at 0xb2cf6000
ESI=0x00000000 is an unknown value
EDI=0x00000000 is an unknown value


Stack: [0xb2eab000,0xb2efc000],  sp=0xb2d259fc,  free space=4192746k
Native frames: (J=compiled Java code, j=interpreted, Vv=VM code, C=native code)
C  [libc.so.6+0x43836]  _IO_vfprintf+0x26
C  [libc.so.6+0x4d3ff]  _IO_fprintf+0x1f
C  [mtype288.cooja+0x2256a]  send+0x41
C  [mtype288.cooja+0x147b8]  send_packet+0x43
C  [mtype288.cooja+0x14c3e]  output+0x47f
C  [mtype288.cooja+0x19099]  tcpip_output+0x1c
C  [mtype288.cooja+0x19902]  tcpip_ipv6_output+0x376
C  [mtype288.cooja+0x238e0]  uip_icmp6_send+0x101
C  [mtype288.cooja+0x1e0b1]  dio_output+0x5f8
C  [mtype288.cooja+0x115df]  process_thread_dual_dio_broadcast+0x48
C  [mtype288.cooja+0x120e8]  call_process+0x57
C  [mtype288.cooja+0x12436]  process_post_synch+0x2e
C  [mtype288.cooja+0x11fa5]  process_start+0x6d
C  [mtype288.cooja+0x1172e]  dio_broadcast+0x22
C  [mtype288.cooja+0x1f7c7]  handle_dio_timer+0x9c
C  [mtype288.cooja+0x118cb]  process_thread_ctimer_process+0xe7
C  [mtype288.cooja+0x120e8]  call_process+0x57
C  [mtype288.cooja+0x1230c]  do_event+0x141
C  [mtype288.cooja+0x12329]  process_run+0x1b
C  [mtype288.cooja+0xfc2f]  process_run_thread_loop+0x1f

Java frames: (J=compiled Java code, j=interpreted, Vv=VM code)
j  org.contikios.cooja.corecomm.Lib1.tick()V+0
j  org.contikios.cooja.contikimote.ContikiMoteType.tick()V+4
j  org.contikios.cooja.contikimote.ContikiMote.execute(J)V+63
j  org.contikios.cooja.motes.AbstractWakeupMote$1.execute(J)V+5
j  org.contikios.cooja.Simulation.run()V+184
j  java.lang.Thread.run()V+11
v  ~StubRoutines::call_stub

---------------  P R O C E S S  ---------------

Java Threads: ( => current thread )
=>0x08fd7400 JavaThread "Thread-5" [_thread_in_native, id=4799, stack(0xb2eab000,0xb2efc000)]
  0xb38a7800 JavaThread "Thread-4" [_thread_blocked, id=4789, stack(0xb2d2d000,0xb2d7e000)]
  0xb38a8c00 JavaThread "Thread-3" [_thread_blocked, id=4788, stack(0xb2ca5000,0xb2cf6000)]
  0xb38a3400 JavaThread "Thread-2" [_thread_blocked, id=4741, stack(0xb2dcf000,0xb2e20000)]
  0xb38a1c00 JavaThread "Thread-1" [_thread_blocked, id=4740, stack(0xb2d7e000,0xb2dcf000)]
  0xb389f800 JavaThread "process reaper" daemon [_thread_blocked, id=4696, stack(0xb2e20000,0xb2e39000)]
  0x0909fc00 JavaThread "TimerQueue" daemon [_thread_blocked, id=4692, stack(0xb32cf000,0xb3320000)]
  0xb6807800 JavaThread "DestroyJavaVM" [_thread_blocked, id=4677, stack(0xb699e000,0xb69ef000)]
  0xb3853800 JavaThread "AWT-EventQueue-0" [_thread_blocked, id=4691, stack(0xb3320000,0xb3371000)]
  0xb3853400 JavaThread "AWT-Shutdown" [_thread_blocked, id=4690, stack(0xb3371000,0xb33c2000)]
  0xb3849000 JavaThread "AWT-XAWT" daemon [_thread_in_native, id=4689, stack(0xb3468000,0xb34b9000)]
  0xb383a000 JavaThread "Java2D Disposer" daemon [_thread_blocked, id=4688, stack(0xb34ca000,0xb351b000)]
  0xb684cc00 JavaThread "Service Thread" daemon [_thread_blocked, id=4686, stack(0xb3e3b000,0xb3e8c000)]
  0xb684ac00 JavaThread "C1 CompilerThread0" daemon [_thread_blocked, id=4685, stack(0xb3e8c000,0xb3f0d000)]
  0xb6849000 JavaThread "Signal Dispatcher" daemon [_thread_blocked, id=4684, stack(0xb3f0d000,0xb3f5e000)]
  0xb6833400 JavaThread "Finalizer" daemon [_thread_blocked, id=4683, stack(0xb415e000,0xb41af000)]
  0xb6831c00 JavaThread "Reference Handler" daemon [_thread_blocked, id=4682, stack(0xb41af000,0xb4200000)]

Other Threads:
  0xb6830400 VMThread [stack: 0xb430b000,0xb438c000] [id=4681]
  0xb684f000 WatcherThread [stack: 0xb3dba000,0xb3e3b000] [id=4687]

VM state:not at safepoint (normal execution)

VM Mutex/Monitor currently owned by a thread: None

Heap
 def new generation   total 4992K, used 2607K [0x6e800000, 0x6ed60000, 0x792a0000)
  eden space 4480K,  53% used [0x6e800000, 0x6ea56e70, 0x6ec60000)
  from space 512K,  41% used [0x6ec60000, 0x6ec950e0, 0x6ece0000)
  to   space 512K,   0% used [0x6ece0000, 0x6ece0000, 0x6ed60000)
 tenured generation   total 10944K, used 6397K [0x792a0000, 0x79d50000, 0x8e800000)
   the space 10944K,  58% used [0x792a0000, 0x798df430, 0x798df600, 0x79d50000)
 compacting perm gen  total 12288K, used 6667K [0x8e800000, 0x8f400000, 0x92800000)
   the space 12288K,  54% used [0x8e800000, 0x8ee82d00, 0x8ee82e00, 0x8f400000)
    ro space 10240K,  59% used [0x92800000, 0x92dfe3d8, 0x92dfe400, 0x93200000)
    rw space 12288K,  59% used [0x93200000, 0x9391c2b0, 0x9391c400, 0x93e00000)

Card table byte_map: [0xb4654000,0xb4780000] byte_map_base: 0xb42e0000

Polling page: 0xb77a1000

Code Cache  [0xb4800000, 0xb4a50000, 0xb6800000)
 total_blobs=1539 nmethods=1244 adapters=230 free_code_cache=30404Kb largest_free_block=31133056

Compilation events (10 events):
