#
# A fatal error has been detected by the Java Runtime Environment:
#
#  SIGSEGV (0xb) at pc=0xb76d9f3c, pid=7535, tid=2998418240
#
# JRE version: OpenJDK Runtime Environment (7.0_111-b01) (build 1.7.0_111-b01)
# Java VM: OpenJDK Client VM (24.111-b01 mixed mode, sharing linux-x86 )
# Derivative: IcedTea 2.6.7
# Distribution: Ubuntu 14.04 LTS, package 7u111-2.6.7-0ubuntu0.14.04.3
# Problematic frame:
# C  [libc.so.6+0x141f3c]
#
# Failed to write core dump. Core dumps have been disabled. To enable core dumping, try "ulimit -c unlimited" before starting Java again
#
# If you would like to submit a bug report, please include
# instructions on how to reproduce the bug and visit:
#   http://icedtea.classpath.org/bugzilla
# The crash happened outside the Java Virtual Machine in native code.
# See problematic frame for where to report the bug.
#

---------------  T H R E A D  ---------------

Current thread (0x09d13400):  JavaThread "Thread-5" [_thread_in_native, id=7664, stack(0xb2b33000,0xb2b84000)]

siginfo:si_signo=SIGSEGV: si_errno=0, si_code=1 (SEGV_MAPERR), si_addr=0x00000000

Registers:
EAX=0x00000008, EBX=0xb76d9f3c, ECX=0x00000008, EDX=0xb28d64ac
ESP=0xb28d3154, EBP=0xb28d3174, ESI=0x00000000, EDI=0x00000000
EIP=0xb76d9f3c, EFLAGS=0x00010287, CR2=0x00000000

Top of Stack: (sp=0xb28d3154)
0xb28d3154:   b28d10f4 b28c300d 00000000 b28d64a4
0xb28d3164:   00000008 b28d51e0 b28d118c b76cb58f
0xb28d3174:   b28d31d4 b28c1bbe 00000000 b28d64a4
0xb28d3184:   00000010 00000000 b28d11f1 b28d640a
0xb28d3194:   b28d3238 b28d6360 808d118c 00000000
0xb28d31a4:   b28d9390 b28d9380 b28d8b8c 0000002e
0xb28d31b4:   b28d51e0 000080fe 00000000 01000102
0xb28d31c4:   01000100 9963f200 b28d118c b76cb57f 

Instructions: (pc=0xb76d9f3c)
0xb76d9f1c:   c8 8d 76 00 8b 48 f0 8b 5a f0 39 d9 0f 85 f2 09
0xb76d9f2c:   00 00 8b 48 f4 8b 5a f4 39 d9 0f 85 e4 09 00 00
0xb76d9f3c:   8b 48 f8 8b 5a f8 39 d9 0f 85 d6 09 00 00 8b 48
0xb76d9f4c:   fc 8b 5a fc 39 d9 b8 00 00 00 00 0f 85 c3 09 00 

Register to memory mapping:

EAX=0x00000008 is an unknown value
EBX=0xb76d9f3c: <offset 0x141f3c> in /lib/i386-linux-gnu/libc.so.6 at 0xb7598000
ECX=0x00000008 is an unknown value
EDX=0xb28d64ac: <offset 0x354ac> in /home/user/Desktop/nfs/examples/ipv6/rpl-udp/obj_cooja/mtype447.cooja at 0xb28a1000
ESP=0xb28d3154: <offset 0x32154> in /home/user/Desktop/nfs/examples/ipv6/rpl-udp/obj_cooja/mtype447.cooja at 0xb28a1000
EBP=0xb28d3174: <offset 0x32174> in /home/user/Desktop/nfs/examples/ipv6/rpl-udp/obj_cooja/mtype447.cooja at 0xb28a1000
ESI=0x00000000 is an unknown value
EDI=0x00000000 is an unknown value


Stack: [0xb2b33000,0xb2b84000],  sp=0xb28d3154,  free space=4191872k
Native frames: (J=compiled Java code, j=interpreted, Vv=VM code, C=native code)
C  [libc.so.6+0x141f3c]
C  [mtype447.cooja+0x20bbe]  dao_output_target_seq+0x2d4
C  [mtype447.cooja+0x208e8]  dao_output_target+0x34
C  [mtype447.cooja+0x208a1]  dao_output+0xb4
C  [mtype447.cooja+0x214b9]  handle_dao_timer+0x98
C  [mtype447.cooja+0x121d4]  process_thread_ctimer_process+0xe7
C  [mtype447.cooja+0x129f1]  call_process+0x57
C  [mtype447.cooja+0x12c15]  do_event+0x141
C  [mtype447.cooja+0x12c32]  process_run+0x1b
C  [mtype447.cooja+0x105cf]  process_run_thread_loop+0x1f

Java frames: (J=compiled Java code, j=interpreted, Vv=VM code)
j  org.contikios.cooja.corecomm.Lib2.tick()V+0
j  org.contikios.cooja.contikimote.ContikiMoteType.tick()V+4
j  org.contikios.cooja.contikimote.ContikiMote.execute(J)V+63
j  org.contikios.cooja.motes.AbstractWakeupMote$1.execute(J)V+5
j  org.contikios.cooja.Simulation.run()V+184
j  java.lang.Thread.run()V+11
v  ~StubRoutines::call_stub

---------------  P R O C E S S  ---------------

Java Threads: ( => current thread )
=>0x09d13400 JavaThread "Thread-5" [_thread_in_native, id=7664, stack(0xb2b33000,0xb2b84000)]
  0xb38a6400 JavaThread "Thread-4" [_thread_blocked, id=7654, stack(0xb2a56000,0xb2aa7000)]
  0xb38a8000 JavaThread "Thread-3" [_thread_blocked, id=7653, stack(0xb292b000,0xb297c000)]
  0xb38a0000 JavaThread "Thread-2" [_thread_blocked, id=7606, stack(0xb2a05000,0xb2a56000)]
  0xb38a1c00 JavaThread "Thread-1" [_thread_blocked, id=7605, stack(0xb29b4000,0xb2a05000)]
  0xb3899c00 JavaThread "process reaper" daemon [_thread_blocked, id=7560, stack(0xb2aa7000,0xb2ac0000)]
  0x09b2bc00 JavaThread "TimerQueue" daemon [_thread_blocked, id=7552, stack(0xb327b000,0xb32cc000)]
  0xb6807800 JavaThread "DestroyJavaVM" [_thread_blocked, id=7537, stack(0xb694a000,0xb699b000)]
  0xb3854000 JavaThread "AWT-EventQueue-0" [_thread_blocked, id=7551, stack(0xb32cc000,0xb331d000)]
  0xb3873c00 JavaThread "AWT-Shutdown" [_thread_blocked, id=7550, stack(0xb331d000,0xb336e000)]
  0xb3849000 JavaThread "AWT-XAWT" daemon [_thread_in_native, id=7549, stack(0xb3410000,0xb3461000)]
  0xb383a000 JavaThread "Java2D Disposer" daemon [_thread_blocked, id=7548, stack(0xb3472000,0xb34c3000)]
  0xb684cc00 JavaThread "Service Thread" daemon [_thread_blocked, id=7546, stack(0xb3ddd000,0xb3e2e000)]
  0xb684ac00 JavaThread "C1 CompilerThread0" daemon [_thread_blocked, id=7545, stack(0xb3e2e000,0xb3eaf000)]
  0xb6849000 JavaThread "Signal Dispatcher" daemon [_thread_blocked, id=7544, stack(0xb3eaf000,0xb3f00000)]
  0xb6833400 JavaThread "Finalizer" daemon [_thread_blocked, id=7543, stack(0xb4228000,0xb4279000)]
  0xb6831c00 JavaThread "Reference Handler" daemon [_thread_blocked, id=7542, stack(0xb4279000,0xb42ca000)]

Other Threads:
  0xb6830400 VMThread [stack: 0xb42ca000,0xb434b000] [id=7541]
  0xb684f000 WatcherThread [stack: 0xb3d5c000,0xb3ddd000] [id=7547]

VM state:not at safepoint (normal execution)

VM Mutex/Monitor currently owned by a thread: None

Heap
 def new generation   total 4992K, used 3702K [0x6e800000, 0x6ed60000, 0x792a0000)
  eden space 4480K,  76% used [0x6e800000, 0x6eb57ef0, 0x6ec60000)
  from space 512K,  54% used [0x6ece0000, 0x6ed25cd8, 0x6ed60000)
  to   space 512K,   0% used [0x6ec60000, 0x6ec60000, 0x6ece0000)
 tenured generation   total 10944K, used 6870K [0x792a0000, 0x79d50000, 0x8e800000)
   the space 10944K,  62% used [0x792a0000, 0x79955998, 0x79955a00, 0x79d50000)
 compacting perm gen  total 12288K, used 6601K [0x8e800000, 0x8f400000, 0x92800000)
   the space 12288K,  53% used [0x8e800000, 0x8ee724e0, 0x8ee72600, 0x8f400000)
    ro space 10240K,  59% used [0x92800000, 0x92dfe3d8, 0x92dfe400, 0x93200000)
    rw space 12288K,  59% used [0x93200000, 0x9391c2b0, 0x9391c400, 0x93e00000)

Card table byte_map: [0xb461a000,0xb4746000] byte_map_base: 0xb42a6000

Polling page: 0xb774d000

Code Cache  [0xb47c6000, 0xb4a1e000, 0xb67c6000)
 total_blobs=1535 nmethods=1241 adapters=230 free_code_cache=30382Kb largest_free_block=31111296

Compilation events (10 events):
Event: 13.795 Thread 0xb684ac00 1241             org.contikios.cooja.mote.memory.Memory::getIntValueOf (38 bytes)
Event: 13.796 Thread 0xb684ac00 nmethod 1241 0xb4a17f88 code [0xb4a18110, 0xb4a183e8]
Event: 13.796 Thread 0xb684ac00 1242             org.contikios.cooja.mote.memory.MemoryBuffer::getInt (60 bytes)
Event: 13.796 Thread 0xb684ac00 nmethod 1242 0xb4a187c8 code [0xb4a188f0, 0xb4a189f0]
Event: 13.796 Thread 0xb684ac00 1243             org.contikios.cooja.mote.memory.VarMemory::getIntValueOf (15 bytes)
Event: 13.797 Thread 0xb684ac00 nmethod 1243 0xb4a18ac8 code [0xb4a18c00, 0xb4a18d88]
Event: 13.797 Thread 0xb684ac00 1244             org.contikios.cooja.MoteInterfaceHandler::doActiveActionsAfterTick (113 bytes)
Event: 13.797 Thread 0xb684ac00 nmethod 1244 0xb4a18f48 code [0xb4a190d0, 0xb4a19588]
Event: 13.797 Thread 0xb684ac00 1245             org.contikios.cooja.mote.memory.SectionMoteMemory::pollForMemoryChanges (42 bytes)
Event: 13.797 Thread 0xb684ac00 nmethod 1245 0xb4a19a08 code [0xb4a19b30, 0xb4a19ce4]

GC Heap History (10 events):
Event: 12.248 GC heap before
{Heap before GC invocations=175 (full 1):
 def new generation   total 4992K, used 4705K [0x6e800000, 0x6ed60000, 0x792a0000)
  eden space 4480K,  99% used [0x6e800000, 0x6ec5eb10, 0x6ec60000)
  from space 512K,  45% used [0x6ec60000, 0x6ec999a8, 0x6ece0000)
  to   space 512K,   0% used [0x6ece0000, 0x6ece0000, 0x6ed60000)
 tenured generation   total 10944K, used 5662K [0x792a0000, 0x79d50000, 0x8e800000)
   the space 10944K,  51% used [0x792a0000, 0x79827be0, 0x79827c00, 0x79d50000)
 compacting perm gen  total 12288K, used 6267K [0x8e800000, 0x8f400000, 0x92800000)
   the space 12288K,  51% used [0x8e800000, 0x8ee1eee8, 0x8ee1f000, 0x8f400000)
    ro space 10240K,  59% used [0x92800000, 0x92dfe3d8, 0x92dfe400, 0x93200000)
    rw space 12288K,  59% used [0x93200000, 0x9391c2b0, 0x9391c400, 0x93e00000)
Event: 12.250 GC heap after
Heap after GC invocations=176 (full 1):
 def new generation   total 4992K, used 512K [0x6e800000, 0x6ed60000, 0x792a0000)
  eden space 4480K,   0% used [0x6e800000, 0x6e800000, 0x6ec60000)
  from space 512K, 100% used [0x6ece0000, 0x6ed60000, 0x6ed60000)
  to   space 512K,   0% used [0x6ec60000, 0x6ec60000, 0x6ece0000)
 tenured generation   total 10944K, used 6021K [0x792a0000, 0x79d50000, 0x8e800000)
   the space 10944K,  55% used [0x792a0000, 0x79881430, 0x79881600, 0x79d50000)
 compacting perm gen  total 12288K, used 6267K [0x8e800000, 0x8f400000, 0x92800000)
   the space 12288K,  51% used [0x8e800000, 0x8ee1eee8, 0x8ee1f000, 0x8f400000)
    ro space 10240K,  59% used [0x92800000, 0x92dfe3d8, 0x92dfe400, 0x93200000)
    rw space 12288K,  59% used [0x93200000, 0x9391c2b0, 0x9391c400, 0x93e00000)
}
Event: 12.346 GC heap before
{Heap before GC invocations=176 (full 1):
 def new generation   total 4992K, used 4992K [0x6e800000, 0x6ed60000, 0x792a0000)
  eden space 4480K, 100% used [0x6e800000, 0x6ec60000, 0x6ec60000)
  from space 512K, 100% used [0x6ece0000, 0x6ed60000, 0x6ed60000)
  to   space 512K,   0% used [0x6ec60000, 0x6ec60000, 0x6ece0000)
 tenured generation   total 10944K, used 6021K [0x792a0000, 0x79d50000, 0x8e800000)
   the space 10944K,  55% used [0x792a0000, 0x79881430, 0x79881600, 0x79d50000)
 compacting perm gen  total 12288K, used 6472K [0x8e800000, 0x8f400000, 0x92800000)
   the space 12288K,  52% used [0x8e800000, 0x8ee52270, 0x8ee52400, 0x8f400000)
    ro space 10240K,  59% used [0x92800000, 0x92dfe3d8, 0x92dfe400, 0x93200000)
    rw space 12288K,  59% used [0x93200000, 0x9391c2b0, 0x9391c400, 0x93e00000)
Event: 12.349 GC heap after
Heap after GC invocations=177 (full 1):
 def new generation   total 4992K, used 373K [0x6e800000, 0x6ed60000, 0x792a0000)
  eden space 4480K,   0% used [0x6e800000, 0x6e800000, 0x6ec60000)
  from space 512K,  73% used [0x6ec60000, 0x6ecbd790, 0x6ece0000)
  to   space 512K,   0% used [0x6ece0000, 0x6ece0000, 0x6ed60000)
 tenured generation   total 10944K, used 6499K [0x792a0000, 0x79d50000, 0x8e800000)
   the space 10944K,  59% used [0x792a0000, 0x798f8ff8, 0x798f9000, 0x79d50000)
 compacting perm gen  total 12288K, used 6472K [0x8e800000, 0x8f400000, 0x92800000)
   the space 12288K,  52% used [0x8e800000, 0x8ee52270, 0x8ee52400, 0x8f400000)
    ro space 10240K,  59% used [0x92800000, 0x92dfe3d8, 0x92dfe400, 0x93200000)
    rw space 12288K,  59% used [0x93200000, 0x9391c2b0, 0x9391c400, 0x93e00000)
}
Event: 12.429 GC heap before
{Heap before GC invocations=177 (full 1):
 def new generation   total 4992K, used 4853K [0x6e800000, 0x6ed60000, 0x792a0000)
  eden space 4480K, 100% used [0x6e800000, 0x6ec60000, 0x6ec60000)
  from space 512K,  73% used [0x6ec60000, 0x6ecbd790, 0x6ece0000)
  to   space 512K,   0% used [0x6ece0000, 0x6ece0000, 0x6ed60000)
 tenured generation   total 10944K, used 6499K [0x792a0000, 0x79d50000, 0x8e800000)
   the space 10944K,  59% used [0x792a0000, 0x798f8ff8, 0x798f9000, 0x79d50000)
 compacting perm gen  total 12288K, used 6555K [0x8e800000, 0x8f400000, 0x92800000)
   the space 12288K,  53% used [0x8e800000, 0x8ee66d90, 0x8ee66e00, 0x8f400000)
    ro space 10240K,  59% used [0x92800000, 0x92dfe3d8, 0x92dfe400, 0x93200000)
    rw space 12288K,  59% used [0x93200000, 0x9391c2b0, 0x9391c400, 0x93e00000)
Event: 12.430 GC heap after
Heap after GC invocations=178 (full 1):
 def new generation   total 4992K, used 180K [0x6e800000, 0x6ed60000, 0x792a0000)
  eden space 4480K,   0% used [0x6e800000, 0x6e800000, 0x6ec60000)
  from space 512K,  35% used [0x6ece0000, 0x6ed0d180, 0x6ed60000)
  to   space 512K,   0% used [0x6ec60000, 0x6ec60000, 0x6ece0000)
 tenured generation   total 10944K, used 6731K [0x792a0000, 0x79d50000, 0x8e800000)
   the space 10944K,  61% used [0x792a0000, 0x79932e20, 0x79933000, 0x79d50000)
 compacting perm gen  total 12288K, used 6555K [0x8e800000, 0x8f400000, 0x92800000)
   the space 12288K,  53% used [0x8e800000, 0x8ee66d90, 0x8ee66e00, 0x8f400000)
    ro space 10240K,  59% used [0x92800000, 0x92dfe3d8, 0x92dfe400, 0x93200000)
    rw space 12288K,  59% used [0x93200000, 0x9391c2b0, 0x9391c400, 0x93e00000)
}
Event: 12.536 GC heap before
{Heap before GC invocations=178 (full 1):
 def new generation   total 4992K, used 4660K [0x6e800000, 0x6ed60000, 0x792a0000)
  eden space 4480K, 100% used [0x6e800000, 0x6ec60000, 0x6ec60000)
  from space 512K,  35% used [0x6ece0000, 0x6ed0d180, 0x6ed60000)
  to   space 512K,   0% used [0x6ec60000, 0x6ec60000, 0x6ece0000)
 tenured generation   total 10944K, used 6731K [0x792a0000, 0x79d50000, 0x8e800000)
   the space 10944K,  61% used [0x792a0000, 0x79932e20, 0x79933000, 0x79d50000)
 compacting perm gen  total 12288K, used 6577K [0x8e800000, 0x8f400000, 0x92800000)
   the space 12288K,  53% used [0x8e800000, 0x8ee6c518, 0x8ee6c600, 0x8f400000)
    ro space 10240K,  59% used [0x92800000, 0x92dfe3d8, 0x92dfe400, 0x93200000)
    rw space 12288K,  59% used [0x93200000, 0x9391c2b0, 0x9391c400, 0x93e00000)
Event: 12.538 GC heap after
Heap after GC invocations=179 (full 1):
 def new generation   total 4992K, used 352K [0x6e800000, 0x6ed60000, 0x792a0000)
  eden space 4480K,   0% used [0x6e800000, 0x6e800000, 0x6ec60000)
  from space 512K,  68% used [0x6ec60000, 0x6ecb82d8, 0x6ece0000)
  to   space 512K,   0% used [0x6ece0000, 0x6ece0000, 0x6ed60000)
 tenured generation   total 10944K, used 6731K [0x792a0000, 0x79d50000, 0x8e800000)
   the space 10944K,  61% used [0x792a0000, 0x79932e20, 0x79933000, 0x79d50000)
 compacting perm gen  total 12288K, used 6577K [0x8e800000, 0x8f400000, 0x92800000)
   the space 12288K,  53% used [0x8e800000, 0x8ee6c518, 0x8ee6c600, 0x8f400000)
    ro space 10240K,  59% used [0x92800000, 0x92dfe3d8, 0x92dfe400, 0x93200000)
    rw space 12288K,  59% used [0x93200000, 0x9391c2b0, 0x9391c400, 0x93e00000)
}
Event: 13.711 GC heap before
{Heap before GC invocations=179 (full 1):
 def new generation   total 4992K, used 4832K [0x6e800000, 0x6ed60000, 0x792a0000)
  eden space 4480K, 100% used [0x6e800000, 0x6ec60000, 0x6ec60000)
  from space 512K,  68% used [0x6ec60000, 0x6ecb82d8, 0x6ece0000)
  to   space 512K,   0% used [0x6ece0000, 0x6ece0000, 0x6ed60000)
 tenured generation   total 10944K, used 6731K [0x792a0000, 0x79d50000, 0x8e800000)
   the space 10944K,  61% used [0x792a0000, 0x79932e20, 0x79933000, 0x79d50000)
 compacting perm gen  total 12288K, used 6580K [0x8e800000, 0x8f400000, 0x92800000)
   the space 12288K,  53% used [0x8e800000, 0x8ee6d1f8, 0x8ee6d200, 0x8f400000)
    ro space 10240K,  59% used [0x92800000, 0x92dfe3d8, 0x92dfe400, 0x93200000)
    rw space 12288K,  59% used [0x93200000, 0x9391c2b0, 0x9391c400, 0x93e00000)
Event: 13.713 GC heap after
Heap after GC invocations=180 (full 1):
 def new generation   total 4992K, used 279K [0x6e800000, 0x6ed60000, 0x792a0000)
  eden space 4480K,   0% used [0x6e800000, 0x6e800000, 0x6ec60000)
  from space 512K,  54% used [0x6ece0000, 0x6ed25cd8, 0x6ed60000)
  to   space 512K,   0% used [0x6ec60000, 0x6ec60000, 0x6ece0000)
 tenured generation   total 10944K, used 6870K [0x792a0000, 0x79d50000, 0x8e800000)
   the space 10944K,  62% used [0x792a0000, 0x79955998, 0x79955a00, 0x79d50000)
 compacting perm gen  total 12288K, used 6580K [0x8e800000, 0x8f400000, 0x92800000)
   the space 12288K,  53% used [0x8e800000, 0x8ee6d1f8, 0x8ee6d200, 0x8f400000)
    ro space 10240K,  59% used [0x92800000, 0x92dfe3d8, 0x92dfe400, 0x93200000)
    rw space 12288K,  59% used [0x93200000, 0x9391c2b0, 0x9391c400, 0x93e00000)
}

Deoptimization events (0 events):
No events

Internal exceptions (10 events):
Event: 12.947 Thread 0xb3854000 Threw 0x6eb5d328 at /build/openjdk-7-Ylwexc/openjdk-7-7u111-2.6.7/build/openjdk/hotspot/src/share/vm/prims/jvm.cpp:1322
Event: 13.747 Thread 0x09d13400 Threw 0x6e96c318 at /build/openjdk-7-Ylwexc/openjdk-7-7u111-2.6.7/build/openjdk/hotspot/src/share/vm/prims/jvm.cpp:1322
Event: 13.751 Thread 0x09d13400 Threw 0x6e96ece8 at /build/openjdk-7-Ylwexc/openjdk-7-7u111-2.6.7/build/openjdk/hotspot/src/share/vm/prims/jvm.cpp:1322
Event: 13.751 Thread 0x09d13400 Threw 0x6e980a08 at /build/openjdk-7-Ylwexc/openjdk-7-7u111-2.6.7/build/openjdk/hotspot/src/share/vm/prims/jvm.cpp:1322
Event: 13.753 Thread 0x09d13400 Threw 0x6e984d80 at /build/openjdk-7-Ylwexc/openjdk-7-7u111-2.6.7/build/openjdk/hotspot/src/share/vm/prims/jvm.cpp:1322
Event: 13.753 Thread 0x09d13400 Threw 0x6e987a58 at /build/openjdk-7-Ylwexc/openjdk-7-7u111-2.6.7/build/openjdk/hotspot/src/share/vm/prims/jvm.cpp:1322
Event: 13.755 Thread 0x09d13400 Threw 0x6e9900a8 at /build/openjdk-7-Ylwexc/openjdk-7-7u111-2.6.7/build/openjdk/hotspot/src/share/vm/prims/jvm.cpp:1322
Event: 13.760 Thread 0x09d13400 Threw 0x6e9b1e08 at /build/openjdk-7-Ylwexc/openjdk-7-7u111-2.6.7/build/openjdk/hotspot/src/share/vm/prims/jvm.cpp:1322
Event: 13.761 Thread 0x09d13400 Threw 0x6e9c8db8 at /build/openjdk-7-Ylwexc/openjdk-7-7u111-2.6.7/build/openjdk/hotspot/src/share/vm/prims/jvm.cpp:1322
Event: 13.761 Thread 0x09d13400 Threw 0x6e9d51d8 at /build/openjdk-7-Ylwexc/openjdk-7-7u111-2.6.7/build/openjdk/hotspot/src/share/vm/prims/jvm.cpp:1322

Events (10 events):
Event: 13.756 Executing VM operation: RevokeBias
Event: 13.756 Executing VM operation: RevokeBias done
Event: 13.760 loading class 0xb3893e48
Event: 13.760 loading class 0xb3893e48 done
Event: 13.761 loading class 0x09bc88b0
Event: 13.761 loading class 0x09bc88b0 done
Event: 13.761 loading class 0xb68d9820
Event: 13.761 loading class 0xb68d9820 done
Event: 13.792 Executing VM operation: RevokeBias
Event: 13.792 Executing VM operation: RevokeBias done


Dynamic libraries:
08048000-08049000 r-xp 00000000 08:01 277188     /usr/lib/jvm/java-7-openjdk-i386/jre/bin/java
08049000-0804a000 r--p 00000000 08:01 277188     /usr/lib/jvm/java-7-openjdk-i386/jre/bin/java
0804a000-0804b000 rw-p 00001000 08:01 277188     /usr/lib/jvm/java-7-openjdk-i386/jre/bin/java
09a2e000-09e2a000 rw-p 00000000 00:00 0          [heap]
6e800000-6ed60000 rw-p 00000000 00:00 0 
6ed60000-792a0000 rw-p 00000000 00:00 0 
792a0000-79d50000 rw-p 00000000 00:00 0 
79d50000-8e800000 rw-p 00000000 00:00 0 
8e800000-8f400000 rw-p 00000000 00:00 0 
8f400000-92800000 rw-p 00000000 00:00 0 
92800000-92dff000 r--p 00001000 08:01 199405     /usr/lib/jvm/java-7-openjdk-i386/jre/lib/i386/client/classes.jsa
92dff000-93200000 rw-p 00000000 00:00 0 
93200000-9391d000 rw-p 00600000 08:01 199405     /usr/lib/jvm/java-7-openjdk-i386/jre/lib/i386/client/classes.jsa
9391d000-93e00000 rw-p 00000000 00:00 0 
93e00000-94114000 rw-p 00d1d000 08:01 199405     /usr/lib/jvm/java-7-openjdk-i386/jre/lib/i386/client/classes.jsa
94114000-94200000 rw-p 00000000 00:00 0 
94200000-94209000 r-xp 01031000 08:01 199405     /usr/lib/jvm/java-7-openjdk-i386/jre/lib/i386/client/classes.jsa
94209000-94600000 rw-p 00000000 00:00 0 
b27a1000-b28a1000 rw-p 00000000 00:00 0 
b28a1000-b28d0000 r-xp 00000000 00:1e 3675181    /home/user/Desktop/nfs/examples/ipv6/rpl-udp/obj_cooja/mtype447.cooja
b28d0000-b28d1000 r--p 0002e000 00:1e 3675181    /home/user/Desktop/nfs/examples/ipv6/rpl-udp/obj_cooja/mtype447.cooja
b28d1000-b28d2000 rw-p 0002f000 00:1e 3675181    /home/user/Desktop/nfs/examples/ipv6/rpl-udp/obj_cooja/mtype447.cooja
b28d2000-b28da000 rw-p 00000000 00:00 0          [stack:7664]
b28da000-b28dd000 ---p 00000000 00:00 0 
b28dd000-b292b000 rw-p 00000000 00:00 0 
b292b000-b292e000 ---p 00000000 00:00 0 
b292e000-b297c000 rw-p 00000000 00:00 0          [stack:7653]
b297c000-b29aa000 r-xp 00000000 00:1e 3675175    /home/user/Desktop/nfs/examples/ipv6/rpl-udp/obj_cooja/mtype358.cooja
b29aa000-b29ab000 r--p 0002d000 00:1e 3675175    /home/user/Desktop/nfs/examples/ipv6/rpl-udp/obj_cooja/mtype358.cooja
b29ab000-b29ac000 rw-p 0002e000 00:1e 3675175    /home/user/Desktop/nfs/examples/ipv6/rpl-udp/obj_cooja/mtype358.cooja
b29ac000-b29b4000 rw-p 00000000 00:00 0 
b29b4000-b29b7000 ---p 00000000 00:00 0 
b29b7000-b2a05000 rw-p 00000000 00:00 0          [stack:7605]
b2a05000-b2a08000 ---p 00000000 00:00 0 
b2a08000-b2a56000 rw-p 00000000 00:00 0          [stack:7606]
b2a56000-b2a59000 ---p 00000000 00:00 0 
b2a59000-b2aa7000 rw-p 00000000 00:00 0          [stack:7654]
b2aa7000-b2aaa000 ---p 00000000 00:00 0 
b2aaa000-b2ac0000 rw-p 00000000 00:00 0          [stack:7560]
b2afb000-b2b33000 rw-s 00000000 00:04 23232531   /SYSV00000000 (deleted)
b2b33000-b2b36000 ---p 00000000 00:00 0 
b2b36000-b2b84000 rw-p 00000000 00:00 0 
b2b8d000-b2b8e000 rw-p 00000000 00:00 0 
b2b8e000-b3223000 rw-s 00000000 00:04 22577168   /SYSV00000000 (deleted)
b3223000-b3225000 r--s 00003000 00:1e 6161349    /home/user/Desktop/nfs/tools/cooja/apps/powertracker/lib/powertracker.jar
b3225000-b3226000 r--s 00002000 00:1e 3683091    /home/user/Desktop/nfs/tools/cooja/apps/collect-view/cooja-collect-view.jar
b3226000-b3228000 r--s 00008000 00:1e 10105265   /home/user/Desktop/nfs/tools/cooja/apps/serial_socket/lib/serial_socket.jar
b3228000-b3262000 r--s 001e1000 00:1e 9048202    /home/user/Desktop/nfs/tools/cooja/apps/avrora/lib/avrora-small.jar
b3262000-b3263000 r--s 00008000 00:1e 9047568    /home/user/Desktop/nfs/tools/cooja/apps/avrora/lib/cooja_avrora.jar
b3263000-b3265000 r--s 00010000 00:1e 6161792    /home/user/Desktop/nfs/tools/cooja/apps/mspsim/lib/jipv6.jar
b3265000-b3266000 r--s 00004000 00:1e 6161304    /home/user/Desktop/nfs/tools/cooja/apps/mspsim/lib/coffee.jar
b3266000-b3272000 r--s 000eb000 00:1e 6161348    /home/user/Desktop/nfs/tools/cooja/apps/mspsim/lib/mspsim.jar
b3272000-b3278000 r--s 00062000 00:1e 6161344    /home/user/Desktop/nfs/tools/cooja/apps/mspsim/lib/cooja_mspsim.jar
b3278000-b327b000 r--s 0001e000 00:1e 6161303    /home/user/Desktop/nfs/tools/cooja/apps/mrm/lib/mrm.jar
b327b000-b327e000 ---p 00000000 00:00 0 
b327e000-b32cc000 rw-p 00000000 00:00 0          [stack:7552]
b32cc000-b32cf000 ---p 00000000 00:00 0 
b32cf000-b331d000 rw-p 00000000 00:00 0          [stack:7551]
b331d000-b3320000 ---p 00000000 00:00 0 
b3320000-b336e000 rw-p 00000000 00:00 0          [stack:7550]
b336e000-b336f000 r--s 00000000 08:01 403951     /var/cache/fontconfig/c05880de57d1f5e948fdfacc138775d9-le32d4.cache-4
b336f000-b3377000 r--s 00000000 08:01 395165     /var/cache/fontconfig/945677eb7aeaf62f1d50efc3fb3ec7d8-le32d4.cache-4
b3377000-b3379000 r--s 00000000 08:01 403828     /var/cache/fontconfig/99e8ed0e538f840c565b6ed5dad60d56-le32d4.cache-4
b3379000-b337d000 r--s 00000000 08:01 403701     /var/cache/fontconfig/2cd17615ca594fa2959ae173292e504c-le32d4.cache-4
b337d000-b337e000 r--s 00000000 08:01 403278     /var/cache/fontconfig/e7071f4a29fa870f4323321c154eba04-le32d4.cache-4
b337e000-b337f000 r--s 00000000 08:01 402342     /var/cache/fontconfig/0d8c3b2ac0904cb8a57a757ad11a4a08-le32d4.cache-4
b337f000-b3384000 r--s 00000000 08:01 402341     /var/cache/fontconfig/a755afe4a08bf5b97852ceb7400b47bc-le32d4.cache-4
b3384000-b338d000 r--s 00000000 08:01 401848     /var/cache/fontconfig/6d41288fd70b0be22e8c3a91e032eec0-le32d4.cache-4
b338d000-b339c000 r--s 00000000 08:01 401847     /var/cache/fontconfig/04aabc0a78ac019cf9454389977116d2-le32d4.cache-4
b339c000-b339d000 r--s 00000000 08:01 401846     /var/cache/fontconfig/1ac9eb803944fde146138c791f5cc56a-le32d4.cache-4
b339d000-b33a0000 r--s 00000000 08:01 401845     /var/cache/fontconfig/385c0604a188198f04d133e54aba7fe7-le32d4.cache-4
b33a0000-b33a1000 r--s 00000000 08:01 401843     /var/cache/fontconfig/dc05db6664285cc2f12bf69c139ae4c3-le32d4.cache-4
b33a1000-b33a3000 r--s 00000000 08:01 393795     /var/cache/fontconfig/767a8244fc0220cfb567a839d0392e0b-le32d4.cache-4
b33a3000-b33a4000 r--s 00000000 08:01 401842     /var/cache/fontconfig/4794a0821666d79190d59a36cb4f44b5-le32d4.cache-4
b33a4000-b33a8000 r--s 00000000 08:01 401841     /var/cache/fontconfig/8801497958630a81b71ace7c5f9b32a8-le32d4.cache-4
b33a8000-b33ad000 r--s 00000000 08:01 401840     /var/cache/fontconfig/3047814df9a2f067bd2d96a2b9c36e5a-le32d4.cache-4
b33ad000-b33bd000 r--s 00000000 08:01 401836     /var/cache/fontconfig/d52a8644073d54c13679302ca1180695-le32d4.cache-4
b33bd000-b340d000 r-xp 00000000 08:01 177825     /usr/lib/jvm/java-7-openjdk-i386/jre/lib/i386/libfontmanager.so
b340d000-b340f000 r--p 0004f000 08:01 177825     /usr/lib/jvm/java-7-openjdk-i386/jre/lib/i386/libfontmanager.so
b340f000-b3410000 rw-p 00051000 08:01 177825     /usr/lib/jvm/java-7-openjdk-i386/jre/lib/i386/libfontmanager.so
b3410000-b3413000 ---p 00000000 00:00 0 
b3413000-b3461000 rw-p 00000000 00:00 0          [stack:7549]
b3461000-b3465000 r-xp 00000000 08:01 7640       /usr/lib/i386-linux-gnu/libXfixes.so.3.1.0
b3465000-b3466000 r--p 00003000 08:01 7640       /usr/lib/i386-linux-gnu/libXfixes.so.3.1.0
b3466000-b3467000 rw-p 00004000 08:01 7640       /usr/lib/i386-linux-gnu/libXfixes.so.3.1.0
b3467000-b3470000 r-xp 00000000 08:01 9790       /usr/lib/i386-linux-gnu/libXcursor.so.1.0.2
b3470000-b3471000 r--p 00008000 08:01 9790       /usr/lib/i386-linux-gnu/libXcursor.so.1.0.2
b3471000-b3472000 rw-p 00009000 08:01 9790       /usr/lib/i386-linux-gnu/libXcursor.so.1.0.2
b3472000-b3475000 ---p 00000000 00:00 0 
b3475000-b34c3000 rw-p 00000000 00:00 0          [stack:7548]
b34c3000-b34e9000 r-xp 00000000 08:01 142122     /lib/i386-linux-gnu/libpng12.so.0.50.0
b34e9000-b34ea000 r--p 00025000 08:01 142122     /lib/i386-linux-gnu/libpng12.so.0.50.0
b34ea000-b34eb000 rw-p 00026000 08:01 142122     /lib/i386-linux-gnu/libpng12.so.0.50.0
b34eb000-b3510000 r-xp 00000000 08:01 131117     /lib/i386-linux-gnu/libexpat.so.1.6.0
b3510000-b3511000 ---p 00025000 08:01 131117     /lib/i386-linux-gnu/libexpat.so.1.6.0
b3511000-b3513000 r--p 00025000 08:01 131117     /lib/i386-linux-gnu/libexpat.so.1.6.0
b3513000-b3514000 rw-p 00027000 08:01 131117     /lib/i386-linux-gnu/libexpat.so.1.6.0
b3514000-b35af000 r-xp 00000000 08:01 9145       /usr/lib/i386-linux-gnu/libfreetype.so.6.11.1
b35af000-b35b3000 r--p 0009a000 08:01 9145       /usr/lib/i386-linux-gnu/libfreetype.so.6.11.1
b35b3000-b35b4000 rw-p 0009e000 08:01 9145       /usr/lib/i386-linux-gnu/libfreetype.so.6.11.1
b35b4000-b35d4000 r-xp 00000000 08:01 66655      /usr/lib/i386-linux-gnu/libxcb.so.1.1.0
b35d4000-b35d5000 r--p 0001f000 08:01 66655      /usr/lib/i386-linux-gnu/libxcb.so.1.1.0
b35d5000-b35d6000 rw-p 00020000 08:01 66655      /usr/lib/i386-linux-gnu/libxcb.so.1.1.0
b35d6000-b360f000 r-xp 00000000 08:01 9181       /usr/lib/i386-linux-gnu/libfontconfig.so.1.8.0
b360f000-b3610000 r--p 00039000 08:01 9181       /usr/lib/i386-linux-gnu/libfontconfig.so.1.8.0
b3610000-b3611000 rw-p 0003a000 08:01 9181       /usr/lib/i386-linux-gnu/libfontconfig.so.1.8.0
b3611000-b3741000 r-xp 00000000 08:01 10842      /usr/lib/i386-linux-gnu/libX11.so.6.3.0
b3741000-b3742000 r--p 00130000 08:01 10842      /usr/lib/i386-linux-gnu/libX11.so.6.3.0
b3742000-b3744000 rw-p 00131000 08:01 10842      /usr/lib/i386-linux-gnu/libX11.so.6.3.0
b3744000-b3745000 rw-p 00000000 00:00 0 
b3745000-b37d4000 r-xp 00000000 08:01 177836     /usr/lib/jvm/java-7-openjdk-i386/jre/lib/i386/libawt.so
b37d4000-b37d5000 r--p 0008f000 08:01 177836     /usr/lib/jvm/java-7-openjdk-i386/jre/lib/i386/libawt.so
b37d5000-b37dc000 rw-p 00090000 08:01 177836     /usr/lib/jvm/java-7-openjdk-i386/jre/lib/i386/libawt.so
b37dc000-b3800000 rw-p 00000000 00:00 0 
b3800000-b38d4000 rw-p 00000000 00:00 0 
b38d4000-b3900000 ---p 00000000 00:00 0 
b3900000-b3901000 r--s 00000000 08:01 401839     /var/cache/fontconfig/56cf4f4769d0f4abc89a4895d7bd3ae1-le32d4.cache-4
b3901000-b3902000 r--s 00000000 08:01 401838     /var/cache/fontconfig/b9d506c9ac06c20b433354fa67a72993-le32d4.cache-4
b3902000-b3907000 r-xp 00000000 08:01 5406       /usr/lib/i386-linux-gnu/libXdmcp.so.6.0.0
b3907000-b3908000 r--p 00004000 08:01 5406       /usr/lib/i386-linux-gnu/libXdmcp.so.6.0.0
b3908000-b3909000 rw-p 00005000 08:01 5406       /usr/lib/i386-linux-gnu/libXdmcp.so.6.0.0
b3909000-b390b000 r-xp 00000000 08:01 5352       /usr/lib/i386-linux-gnu/libXau.so.6.0.0
b390b000-b390c000 r--p 00001000 08:01 5352       /usr/lib/i386-linux-gnu/libXau.so.6.0.0
b390c000-b390d000 rw-p 00002000 08:01 5352       /usr/lib/i386-linux-gnu/libXau.so.6.0.0
b390d000-b391b000 r-xp 00000000 08:01 7577       /usr/lib/i386-linux-gnu/libXi.so.6.1.0
b391b000-b391c000 r--p 0000e000 08:01 7577       /usr/lib/i386-linux-gnu/libXi.so.6.1.0
b391c000-b391d000 rw-p 0000f000 08:01 7577       /usr/lib/i386-linux-gnu/libXi.so.6.1.0
b391d000-b3922000 r-xp 00000000 08:01 10292      /usr/lib/i386-linux-gnu/libXtst.so.6.1.0
b3922000-b3923000 r--p 00004000 08:01 10292      /usr/lib/i386-linux-gnu/libXtst.so.6.1.0
b3923000-b3924000 rw-p 00005000 08:01 10292      /usr/lib/i386-linux-gnu/libXtst.so.6.1.0
b3924000-b3926000 r-xp 00000000 08:01 3489       /usr/lib/i386-linux-gnu/libXcomposite.so.1.0.0
b3926000-b3927000 r--p 00001000 08:01 3489       /usr/lib/i386-linux-gnu/libXcomposite.so.1.0.0
b3927000-b3928000 rw-p 00002000 08:01 3489       /usr/lib/i386-linux-gnu/libXcomposite.so.1.0.0
b3928000-b3931000 r-xp 00000000 08:01 6199       /usr/lib/i386-linux-gnu/libXrender.so.1.3.0
b3931000-b3932000 r--p 00008000 08:01 6199       /usr/lib/i386-linux-gnu/libXrender.so.1.3.0
b3932000-b3933000 rw-p 00009000 08:01 6199       /usr/lib/i386-linux-gnu/libXrender.so.1.3.0
b3933000-b3944000 r-xp 00000000 08:01 6183       /usr/lib/i386-linux-gnu/libXext.so.6.4.0
b3944000-b3945000 r--p 00010000 08:01 6183       /usr/lib/i386-linux-gnu/libXext.so.6.4.0
b3945000-b3946000 rw-p 00011000 08:01 6183       /usr/lib/i386-linux-gnu/libXext.so.6.4.0
b3946000-b398e000 r-xp 00000000 08:01 136659     /usr/lib/jvm/java-7-openjdk-i386/jre/lib/i386/xawt/libmawt.so
b398e000-b398f000 r--p 00048000 08:01 136659     /usr/lib/jvm/java-7-openjdk-i386/jre/lib/i386/xawt/libmawt.so
b398f000-b3991000 rw-p 00049000 08:01 136659     /usr/lib/jvm/java-7-openjdk-i386/jre/lib/i386/xawt/libmawt.so
b3991000-b3992000 rw-p 00000000 00:00 0 
b3992000-b39ce000 r-xp 00000000 08:01 132344     /lib/i386-linux-gnu/libpcre.so.3.13.1
b39ce000-b39cf000 r--p 0003b000 08:01 132344     /lib/i386-linux-gnu/libpcre.so.3.13.1
b39cf000-b39d0000 rw-p 0003c000 08:01 132344     /lib/i386-linux-gnu/libpcre.so.3.13.1
b39d0000-b39d5000 r-xp 00000000 08:01 9076       /usr/lib/i386-linux-gnu/libffi.so.6.0.1
b39d5000-b39d6000 r--p 00005000 08:01 9076       /usr/lib/i386-linux-gnu/libffi.so.6.0.1
b39d6000-b39d7000 rw-p 00006000 08:01 9076       /usr/lib/i386-linux-gnu/libffi.so.6.0.1
b39d7000-b39ea000 r-xp 00000000 08:01 158559     /lib/i386-linux-gnu/libresolv-2.19.so
b39ea000-b39eb000 ---p 00013000 08:01 158559     /lib/i386-linux-gnu/libresolv-2.19.so
b39eb000-b39ec000 r--p 00013000 08:01 158559     /lib/i386-linux-gnu/libresolv-2.19.so
b39ec000-b39ed000 rw-p 00014000 08:01 158559     /lib/i386-linux-gnu/libresolv-2.19.so
b39ed000-b39ef000 rw-p 00000000 00:00 0 
b39ef000-b3a0f000 r-xp 00000000 08:01 131406     /lib/i386-linux-gnu/libselinux.so.1
b3a0f000-b3a10000 r--p 0001f000 08:01 131406     /lib/i386-linux-gnu/libselinux.so.1
b3a10000-b3a11000 rw-p 00020000 08:01 131406     /lib/i386-linux-gnu/libselinux.so.1
b3a11000-b3a12000 rw-p 00000000 00:00 0 
b3a12000-b3b1c000 r-xp 00000000 08:01 136564     /lib/i386-linux-gnu/libglib-2.0.so.0.4002.0
b3b1c000-b3b1d000 r--p 00109000 08:01 136564     /lib/i386-linux-gnu/libglib-2.0.so.0.4002.0
b3b1d000-b3b1e000 rw-p 0010a000 08:01 136564     /lib/i386-linux-gnu/libglib-2.0.so.0.4002.0
b3b1e000-b3b6e000 r-xp 00000000 08:01 1672       /usr/lib/i386-linux-gnu/libgobject-2.0.so.0.4002.0
b3b6e000-b3b6f000 r--p 0004f000 08:01 1672       /usr/lib/i386-linux-gnu/libgobject-2.0.so.0.4002.0
b3b6f000-b3b70000 rw-p 00050000 08:01 1672       /usr/lib/i386-linux-gnu/libgobject-2.0.so.0.4002.0
b3b70000-b3ced000 r-xp 00000000 08:01 1674       /usr/lib/i386-linux-gnu/libgio-2.0.so.0.4002.0
b3ced000-b3cef000 r--p 0017d000 08:01 1674       /usr/lib/i386-linux-gnu/libgio-2.0.so.0.4002.0
b3cef000-b3cf0000 rw-p 0017f000 08:01 1674       /usr/lib/i386-linux-gnu/libgio-2.0.so.0.4002.0
b3cf0000-b3cf1000 rw-p 00000000 00:00 0 
b3cf1000-b3cf5000 r--s 00000000 08:01 401837     /var/cache/fontconfig/b47c4e1ecd0709278f4910c18777a504-le32d4.cache-4
b3cf5000-b3cfc000 r--s 00000000 08:01 401835     /var/cache/fontconfig/3f7329c5293ffd510edef78f73874cfd-le32d4.cache-4
b3cfc000-b3d05000 r--s 00000000 08:01 401834     /var/cache/fontconfig/d589a48862398ed80a3d6066f4f56f4c-le32d4.cache-4
b3d05000-b3d06000 r--s 00000000 08:01 401833     /var/cache/fontconfig/0c9eb80ebd1c36541ebe2852d3bb0c49-le32d4.cache-4
b3d06000-b3d08000 r--s 00000000 08:01 394475     /var/cache/fontconfig/e13b20fdb08344e0e664864cc2ede53d-le32d4.cache-4
b3d08000-b3d20000 r-xp 00000000 08:01 153628     /usr/lib/jvm/java-7-openjdk-i386/jre/lib/i386/libnet.so
b3d20000-b3d21000 r--p 00017000 08:01 153628     /usr/lib/jvm/java-7-openjdk-i386/jre/lib/i386/libnet.so
b3d21000-b3d22000 rw-p 00018000 08:01 153628     /usr/lib/jvm/java-7-openjdk-i386/jre/lib/i386/libnet.so
b3d22000-b3d33000 r-xp 00000000 08:01 177810     /usr/lib/jvm/java-7-openjdk-i386/jre/lib/i386/libnio.so
b3d33000-b3d34000 r--p 00010000 08:01 177810     /usr/lib/jvm/java-7-openjdk-i386/jre/lib/i386/libnio.so
b3d34000-b3d35000 rw-p 00011000 08:01 177810     /usr/lib/jvm/java-7-openjdk-i386/jre/lib/i386/libnio.so
b3d35000-b3d3f000 r--s 000ae000 08:01 136823     /usr/lib/jvm/java-7-openjdk-i386/jre/lib/resources.jar
b3d3f000-b3d5c000 r--s 0014f000 00:1e 3709046    /home/user/Desktop/nfs/tools/cooja/lib/swingx-all-1.6.4.jar
b3d5c000-b3d5d000 ---p 00000000 00:00 0 
b3d5d000-b3ddd000 rw-p 00000000 00:00 0          [stack:7547]
b3ddd000-b3de0000 ---p 00000000 00:00 0 
b3de0000-b3e2e000 rw-p 00000000 00:00 0          [stack:7546]
b3e2e000-b3e31000 ---p 00000000 00:00 0 
b3e31000-b3eaf000 rw-p 00000000 00:00 0          [stack:7545]
b3eaf000-b3eb2000 ---p 00000000 00:00 0 
b3eb2000-b3f00000 rw-p 00000000 00:00 0          [stack:7544]
b3f00000-b4100000 r--p 00000000 08:01 369        /usr/lib/locale/locale-archive
b4100000-b4128000 rw-p 00000000 00:00 0 
b4128000-b4200000 ---p 00000000 00:00 0 
b4200000-b4203000 r--s 00000000 08:01 394702     /var/cache/fontconfig/7ef2298fde41cc6eeb7af42e48b7d293-le32d4.cache-4
b4203000-b4206000 r-xp 00000000 08:01 1675       /usr/lib/i386-linux-gnu/libgmodule-2.0.so.0.4002.0
b4206000-b4207000 r--p 00002000 08:01 1675       /usr/lib/i386-linux-gnu/libgmodule-2.0.so.0.4002.0
b4207000-b4208000 rw-p 00003000 08:01 1675       /usr/lib/i386-linux-gnu/libgmodule-2.0.so.0.4002.0
b4208000-b420f000 r--s 0005b000 00:1e 3706283    /home/user/Desktop/nfs/tools/cooja/lib/jsyntaxpane.jar
b420f000-b4216000 r--s 0004f000 00:1e 3702728    /home/user/Desktop/nfs/tools/cooja/lib/log4j.jar
b4216000-b4219000 r--s 00022000 00:1e 3705387    /home/user/Desktop/nfs/tools/cooja/lib/jdom.jar
b4219000-b421d000 r--s 00085000 08:01 177967     /usr/lib/jvm/java-7-openjdk-i386/jre/lib/ext/localedata.jar
b421d000-b421e000 r--s 00002000 08:01 177972     /usr/lib/jvm/java-7-openjdk-i386/jre/lib/ext/dnsns.jar
b421e000-b4222000 r--s 00034000 08:01 177971     /usr/lib/jvm/java-7-openjdk-i386/jre/lib/ext/sunjce_provider.jar
b4222000-b4225000 r--s 0000f000 08:01 177961     /usr/lib/jvm/java-7-openjdk-i386/jre/lib/ext/icedtea-sound.jar
b4225000-b4228000 r--s 0003d000 08:01 177959     /usr/lib/jvm/java-7-openjdk-i386/jre/lib/ext/sunpkcs11.jar
b4228000-b422b000 ---p 00000000 00:00 0 
b422b000-b4279000 rw-p 00000000 00:00 0          [stack:7543]
b4279000-b427c000 ---p 00000000 00:00 0 
b427c000-b42ca000 rw-p 00000000 00:00 0          [stack:7542]
b42ca000-b42cb000 ---p 00000000 00:00 0 
b42cb000-b4394000 rw-p 00000000 00:00 0          [stack:7541]
b4394000-b4547000 r--s 01d3d000 08:01 136821     /usr/lib/jvm/java-7-openjdk-i386/jre/lib/rt.jar
b4547000-b4555000 rw-p 00000000 00:00 0 
b4555000-b456f000 rw-p 00000000 00:00 0 
b456f000-b4575000 rw-p 00000000 00:00 0 
b4575000-b461a000 rw-p 00000000 00:00 0 
b461a000-b461d000 rw-p 00000000 00:00 0 
b461d000-b466f000 rw-p 00000000 00:00 0 
b466f000-b4675000 rw-p 00000000 00:00 0 
b4675000-b471a000 rw-p 00000000 00:00 0 
b471a000-b4720000 rw-p 00000000 00:00 0 
b4720000-b473a000 rw-p 00000000 00:00 0 
b473a000-b4750000 rw-p 00000000 00:00 0 
b4750000-b47c6000 rw-p 00000000 00:00 0 
b47c6000-b4a1e000 rwxp 00000000 00:00 0 
b4a1e000-b67c6000 rw-p 00000000 00:00 0 
b67c6000-b67d0000 r-xp 00000000 08:01 159039     /lib/i386-linux-gnu/libnss_files-2.19.so
b67d0000-b67d1000 r--p 00009000 08:01 159039     /lib/i386-linux-gnu/libnss_files-2.19.so
b67d1000-b67d2000 rw-p 0000a000 08:01 159039     /lib/i386-linux-gnu/libnss_files-2.19.so
b67d2000-b67dc000 r-xp 00000000 08:01 158574     /lib/i386-linux-gnu/libnss_nis-2.19.so
b67dc000-b67dd000 r--p 00009000 08:01 158574     /lib/i386-linux-gnu/libnss_nis-2.19.so
b67dd000-b67de000 rw-p 0000a000 08:01 158574     /lib/i386-linux-gnu/libnss_nis-2.19.so
b67de000-b67f3000 r-xp 00000000 08:01 158568     /lib/i386-linux-gnu/libnsl-2.19.so
b67f3000-b67f4000 r--p 00015000 08:01 158568     /lib/i386-linux-gnu/libnsl-2.19.so
b67f4000-b67f5000 rw-p 00016000 08:01 158568     /lib/i386-linux-gnu/libnsl-2.19.so
b67f5000-b67f7000 rw-p 00000000 00:00 0 
b67f7000-b67fe000 r-xp 00000000 08:01 158567     /lib/i386-linux-gnu/libnss_compat-2.19.so
b67fe000-b67ff000 r--p 00006000 08:01 158567     /lib/i386-linux-gnu/libnss_compat-2.19.so
b67ff000-b6800000 rw-p 00007000 08:01 158567     /lib/i386-linux-gnu/libnss_compat-2.19.so
b6800000-b68f7000 rw-p 00000000 00:00 0 
b68f7000-b6900000 ---p 00000000 00:00 0 
b6900000-b6906000 rw-p 00000000 00:00 0 
b6906000-b690e000 r-xp 00000000 08:01 177878     /usr/lib/jvm/java-7-openjdk-i386/jre/lib/i386/libzip.so
b690e000-b690f000 r--p 00007000 08:01 177878     /usr/lib/jvm/java-7-openjdk-i386/jre/lib/i386/libzip.so
b690f000-b6910000 rw-p 00008000 08:01 177878     /usr/lib/jvm/java-7-openjdk-i386/jre/lib/i386/libzip.so
b6910000-b6918000 rw-s 00000000 08:01 132388     /tmp/hsperfdata_user/7535
b6918000-b693f000 r-xp 00000000 08:01 136829     /usr/lib/jvm/java-7-openjdk-i386/jre/lib/i386/libjava.so
b693f000-b6940000 r--p 00026000 08:01 136829     /usr/lib/jvm/java-7-openjdk-i386/jre/lib/i386/libjava.so
b6940000-b6941000 rw-p 00027000 08:01 136829     /usr/lib/jvm/java-7-openjdk-i386/jre/lib/i386/libjava.so
b6941000-b6948000 r-xp 00000000 08:01 158579     /lib/i386-linux-gnu/librt-2.19.so
b6948000-b6949000 r--p 00006000 08:01 158579     /lib/i386-linux-gnu/librt-2.19.so
b6949000-b694a000 rw-p 00007000 08:01 158579     /lib/i386-linux-gnu/librt-2.19.so
b694a000-b694d000 ---p 00000000 00:00 0 
b694d000-b699b000 rw-p 00000000 00:00 0          [stack:7537]
b699b000-b69b7000 r-xp 00000000 08:01 158999     /lib/i386-linux-gnu/libgcc_s.so.1
b69b7000-b69b8000 rw-p 0001b000 08:01 158999     /lib/i386-linux-gnu/libgcc_s.so.1
b69b8000-b69fc000 r-xp 00000000 08:01 158561     /lib/i386-linux-gnu/libm-2.19.so
b69fc000-b69fd000 r--p 00043000 08:01 158561     /lib/i386-linux-gnu/libm-2.19.so
b69fd000-b69fe000 rw-p 00044000 08:01 158561     /lib/i386-linux-gnu/libm-2.19.so
b69fe000-b6ada000 r-xp 00000000 08:01 289        /usr/lib/i386-linux-gnu/libstdc++.so.6.0.19
b6ada000-b6ade000 r--p 000dc000 08:01 289        /usr/lib/i386-linux-gnu/libstdc++.so.6.0.19
b6ade000-b6adf000 rw-p 000e0000 08:01 289        /usr/lib/i386-linux-gnu/libstdc++.so.6.0.19
b6adf000-b6ae6000 rw-p 00000000 00:00 0 
b6ae6000-b711c000 r-xp 00000000 08:01 177850     /usr/lib/jvm/java-7-openjdk-i386/jre/lib/i386/client/libjvm.so
b711c000-b7132000 r--p 00635000 08:01 177850     /usr/lib/jvm/java-7-openjdk-i386/jre/lib/i386/client/libjvm.so
b7132000-b7141000 rw-p 0064b000 08:01 177850     /usr/lib/jvm/java-7-openjdk-i386/jre/lib/i386/client/libjvm.so
b7141000-b755d000 rw-p 00000000 00:00 0 
b755d000-b7575000 r-xp 00000000 08:01 158556     /lib/i386-linux-gnu/libz.so.1.2.8
b7575000-b7576000 r--p 00017000 08:01 158556     /lib/i386-linux-gnu/libz.so.1.2.8
b7576000-b7577000 rw-p 00018000 08:01 158556     /lib/i386-linux-gnu/libz.so.1.2.8
b7577000-b758f000 r-xp 00000000 08:01 158571     /lib/i386-linux-gnu/libpthread-2.19.so
b758f000-b7590000 r--p 00018000 08:01 158571     /lib/i386-linux-gnu/libpthread-2.19.so
b7590000-b7591000 rw-p 00019000 08:01 158571     /lib/i386-linux-gnu/libpthread-2.19.so
b7591000-b7593000 rw-p 00000000 00:00 0 
b7593000-b7596000 r-xp 00000000 08:01 158563     /lib/i386-linux-gnu/libdl-2.19.so
b7596000-b7597000 r--p 00002000 08:01 158563     /lib/i386-linux-gnu/libdl-2.19.so
b7597000-b7598000 rw-p 00003000 08:01 158563     /lib/i386-linux-gnu/libdl-2.19.so
b7598000-b7740000 r-xp 00000000 08:01 158580     /lib/i386-linux-gnu/libc-2.19.so
b7740000-b7741000 ---p 001a8000 08:01 158580     /lib/i386-linux-gnu/libc-2.19.so
b7741000-b7743000 r--p 001a8000 08:01 158580     /lib/i386-linux-gnu/libc-2.19.so
b7743000-b7744000 rw-p 001aa000 08:01 158580     /lib/i386-linux-gnu/libc-2.19.so
b7744000-b7747000 rw-p 00000000 00:00 0 
b7747000-b7749000 r--s 00006000 08:01 276693     /usr/share/java/java-atk-wrapper.jar
b7749000-b774b000 r--s 00012000 08:01 177976     /usr/lib/jvm/java-7-openjdk-i386/jre/lib/ext/zipfs.jar
b774b000-b774c000 r--p 002c5000 08:01 369        /usr/lib/locale/locale-archive
b774c000-b774d000 rw-p 00000000 00:00 0 
b774d000-b774e000 r--p 00000000 00:00 0 
b774e000-b775c000 r-xp 00000000 08:01 136825     /usr/lib/jvm/java-7-openjdk-i386/jre/lib/i386/libverify.so
b775c000-b775d000 r--p 0000d000 08:01 136825     /usr/lib/jvm/java-7-openjdk-i386/jre/lib/i386/libverify.so
b775d000-b775e000 rw-p 0000e000 08:01 136825     /usr/lib/jvm/java-7-openjdk-i386/jre/lib/i386/libverify.so
b775e000-b776a000 r-xp 00000000 08:01 136926     /usr/lib/jvm/java-7-openjdk-i386/jre/lib/i386/jli/libjli.so
b776a000-b776b000 r--p 0000c000 08:01 136926     /usr/lib/jvm/java-7-openjdk-i386/jre/lib/i386/jli/libjli.so
b776b000-b776c000 rw-p 0000d000 08:01 136926     /usr/lib/jvm/java-7-openjdk-i386/jre/lib/i386/jli/libjli.so
b776c000-b776f000 rw-p 00000000 00:00 0 
b776f000-b7770000 r-xp 00000000 00:00 0          [vdso]
b7770000-b7790000 r-xp 00000000 08:01 158572     /lib/i386-linux-gnu/ld-2.19.so
b7790000-b7791000 r--p 0001f000 08:01 158572     /lib/i386-linux-gnu/ld-2.19.so
b7791000-b7792000 rw-p 00020000 08:01 158572     /lib/i386-linux-gnu/ld-2.19.so
bff17000-bff18000 rwxp 00000000 00:00 0 
bff4a000-bff6b000 rw-p 00000000 00:00 0          [stack]

VM Arguments:
jvm_args: -Xmx512m -Duser.language=en 
java_command: org.contikios.cooja.Cooja
Launcher Type: SUN_STANDARD

Environment Variables:
JAVA_HOME=/usr/lib/jvm/java-7-openjdk-i386
PATH=/usr/local/sdcc/bin:/usr/local/sbin:/usr/local/bin:/usr/sbin:/usr/bin:/sbin:/bin:/usr/games:/usr/local/games:/home/user/CodeSourcery/Sourcery_G++_Lite/bin:/usr/local/msp430/bin:/home/user/CodeSourcery/Sourcery_G++_Lite/bin
LD_LIBRARY_PATH=.
SHELL=/bin/bash
DISPLAY=:0

Signal Handlers:
SIGSEGV: [libjvm.so+0x4efa90], sa_mask[0]=0x7ffbfeff, sa_flags=0x10000004
SIGBUS: [libjvm.so+0x4efa90], sa_mask[0]=0x7ffbfeff, sa_flags=0x10000004
SIGFPE: [libjvm.so+0x3cb5a0], sa_mask[0]=0x7ffbfeff, sa_flags=0x10000004
SIGPIPE: [libjvm.so+0x3cb5a0], sa_mask[0]=0x7ffbfeff, sa_flags=0x10000004
SIGXFSZ: [libjvm.so+0x3cb5a0], sa_mask[0]=0x7ffbfeff, sa_flags=0x10000004
SIGILL: [libjvm.so+0x3cb5a0], sa_mask[0]=0x7ffbfeff, sa_flags=0x10000004
SIGUSR1: SIG_DFL, sa_mask[0]=0x00000000, sa_flags=0x00000000
SIGUSR2: [libjvm.so+0x3cb700], sa_mask[0]=0x00000004, sa_flags=0x10000004
SIGHUP: [libjvm.so+0x3cb660], sa_mask[0]=0x7ffbfeff, sa_flags=0x10000004
SIGINT: [libjvm.so+0x3cb660], sa_mask[0]=0x7ffbfeff, sa_flags=0x10000004
SIGTERM: [libjvm.so+0x3cb660], sa_mask[0]=0x7ffbfeff, sa_flags=0x10000004
SIGQUIT: [libjvm.so+0x3cb660], sa_mask[0]=0x7ffbfeff, sa_flags=0x10000004
SIGTRAP: SIG_DFL, sa_mask[0]=0x00000000, sa_flags=0x00000000


---------------  S Y S T E M  ---------------

OS:Ubuntu 14.04 (trusty)
uname:Linux 3.13.0-98-generic #145-Ubuntu SMP Sat Oct 8 20:13:07 UTC 2016 i686
libc:glibc 2.19 NPTL 2.19 
rlimit: STACK 8192k, CORE 0k, NPROC 15972, NOFILE 4096, AS infinity
load average:0.32 0.26 0.31

/proc/meminfo:
MemTotal:        2063736 kB
MemFree:          658824 kB
Buffers:          175804 kB
Cached:           750748 kB
SwapCached:            0 kB
Active:           815052 kB
Inactive:         470076 kB
Active(anon):     359680 kB
Inactive(anon):    25540 kB
Active(file):     455372 kB
Inactive(file):   444536 kB
Unevictable:          32 kB
Mlocked:              32 kB
HighTotal:       1183624 kB
HighFree:         478856 kB
LowTotal:         880112 kB
LowFree:          179968 kB
SwapTotal:       1046524 kB
SwapFree:        1046524 kB
Dirty:               312 kB
Writeback:             0 kB
AnonPages:        358668 kB
Mapped:           134740 kB
Shmem:             26584 kB
Slab:              81124 kB
SReclaimable:      66024 kB
SUnreclaim:        15100 kB
KernelStack:        2944 kB
PageTables:         6760 kB
NFS_Unstable:          0 kB
Bounce:                0 kB
WritebackTmp:          0 kB
CommitLimit:     2078392 kB
Committed_AS:    2391528 kB
VmallocTotal:     122880 kB
VmallocUsed:       24628 kB
VmallocChunk:      87548 kB
HardwareCorrupted:     0 kB
AnonHugePages:    163840 kB
HugePages_Total:       0
HugePages_Free:        0
HugePages_Rsvd:        0
HugePages_Surp:        0
Hugepagesize:       2048 kB
DirectMap4k:       28664 kB
DirectMap2M:      884736 kB


CPU:total 1 (1 cores per cpu, 1 threads per core) family 6 model 94 stepping 3, cmov, cx8, fxsr, mmx, sse, sse2, sse3, ssse3, sse4.1, sse4.2, popcnt, avx, aes, tsc, tscinvbit

/proc/cpuinfo:
processor	: 0
vendor_id	: GenuineIntel
cpu family	: 6
model		: 94
model name	: Intel(R) Core(TM) i5-6500 CPU @ 3.20GHz
stepping	: 3
microcode	: 0x76
cpu MHz		: 3600.000
cache size	: 6144 KB
physical id	: 0
siblings	: 1
core id		: 0
cpu cores	: 1
apicid		: 0
initial apicid	: 0
fdiv_bug	: no
f00f_bug	: no
coma_bug	: no
fpu		: yes
fpu_exception	: yes
cpuid level	: 22
wp		: yes
flags		: fpu vme de pse tsc msr pae mce cx8 apic sep mtrr pge mca cmov pat pse36 clflush dts mmx fxsr sse sse2 ss nx rdtscp lm constant_tsc arch_perfmon pebs bts tsc_reliable nonstop_tsc aperfmperf pni pclmulqdq ssse3 fma cx16 sse4_1 sse4_2 movbe popcnt aes xsave avx hypervisor lahf_lm 3dnowprefetch ida arat epb pln pts dtherm
bogomips	: 7200.00
clflush size	: 64
cache_alignment	: 64
address sizes	: 40 bits physical, 48 bits virtual
power management:



Memory: 4k page, physical 2063736k(658824k free), swap 1046524k(1046524k free)

vm_info: OpenJDK Client VM (24.111-b01) for linux-x86 JRE (1.7.0_111-b01), built on Aug 12 2016 05:36:14 by "buildd" with gcc 4.8.4

time: Sat Oct 15 12:26:44 2016
elapsed time: 13 seconds

