#
# A fatal error has been detected by the Java Runtime Environment:
#
#  SIGSEGV (0xb) at pc=0x0000fdf4, pid=16089, tid=0x82f46b40
#
# JRE version: Java(TM) SE Runtime Environment (8.0_101-b13) (build 1.8.0_101-b13)
# Java VM: Java HotSpot(TM) Server VM (25.101-b13 mixed mode linux-x86 )
# Problematic frame:
# C  0x0000fdf4
#
# Core dump written. Default location: /home/user/longrange/Dual-radio-simulation/tools/cooja/build/core or core.16089
#
# If you would like to submit a bug report, please visit:
#   http://bugreport.java.com/bugreport/crash.jsp
# The crash happened outside the Java Virtual Machine in native code.
# See problematic frame for where to report the bug.
#

---------------  T H R E A D  ---------------

Current thread (0x85186c00):  JavaThread "Thread-15" [_thread_in_native, id=16316, stack(0x82ef6000,0x82f47000)]

siginfo: si_signo: 11 (SIGSEGV), si_code: 1 (SEGV_MAPERR), si_addr: 0x0000fdf4

Registers:
EAX=0x0000fdf4, EBX=0x82ed18a3, ECX=0x00000000, EDX=0x00000069
ESP=0x82eef1c8, EBP=0x82eef1e4, ESI=0x0000004a, EDI=0x00000000
EIP=0x0000fdf4, EFLAGS=0x00010202, CR2=0x0000fdf4

Top of Stack: (sp=0x82eef1c8)
0x82eef1c8:   82ee278e 00000000 00000001 00000001
0x82eef1d8:   00000052 82ee1776 82ed18a3 82eef224
0x82eef1e8:   82ee2a00 0000fdf4 00000000 00000001
0x82eef1f8:   00000001 82ef26c2 82ef26e0 0cdc6142
0x82eef208:   00000001 000e000e 000a800e 000a000a
0x82eef218:   00000052 000a823a 000a000a 3d029b0a
0x82eef228:   00401e2f 0000fdf4 00000000 00000000
0x82eef238:   0000feff 00120501 0000fd80 00000000 

Instructions: (pc=0x0000fdf4)
0x0000fdd4:   
[error occurred during error reporting (printing registers, top of stack, instructions near pc), id 0xb]

Register to memory mapping:

EAX=0x0000fdf4 is an unknown value
EBX=0x82ed18a3: <offset 0x108a3> in /home/user/longrange/Dual-radio-simulation/examples/ipv6/rpl-udp/obj_cooja/mtype16.cooja at 0x82ec1000
ECX=0x00000000 is an unknown value
EDX=0x00000069 is an unknown value
ESP=0x82eef1c8: <offset 0x2e1c8> in /home/user/longrange/Dual-radio-simulation/examples/ipv6/rpl-udp/obj_cooja/mtype16.cooja at 0x82ec1000
EBP=0x82eef1e4: <offset 0x2e1e4> in /home/user/longrange/Dual-radio-simulation/examples/ipv6/rpl-udp/obj_cooja/mtype16.cooja at 0x82ec1000
ESI=0x0000004a is an unknown value
EDI=0x00000000 is an unknown value


Stack: [0x82ef6000,0x82f47000],  sp=0x82eef1c8,  free space=4194276k
Native frames: (J=compiled Java code, j=interpreted, Vv=VM code, C=native code)
C