#
# A fatal error has been detected by the Java Runtime Environment:
#
#  SIGSEGV (0xb) at pc=0x000000fd, pid=3586, tid=2997926720
#
# JRE version: OpenJDK Runtime Environment (7.0_111-b01) (build 1.7.0_111-b01)
# Java VM: OpenJDK Client VM (24.111-b01 mixed mode, sharing linux-x86 )
# Derivative: IcedTea 2.6.7
# Distribution: Ubuntu 14.04 LTS, package 7u111-2.6.7-0ubuntu0.14.04.3
# Problematic frame:
# C  0x000000fd
#
# Failed to write core dump. Core dumps have been disabled. To enable core dumping, try "ulimit -c unlimited" before starting Java again
#
# If you would like to submit a bug report, please include
# instructions on how to reproduce the bug and visit:
#   http://icedtea.classpath.org/bugzilla
# The crash happened outside the Java Virtual Machine in native code.
# See problematic frame for where to report the bug.
#

---------------  T H R E A D  ---------------

Current thread (0x09b7b400):  JavaThread "Thread-5" [_thread_in_native, id=3702, stack(0xb2abb000,0xb2b0c000)]

siginfo:si_signo=SIGSEGV: si_errno=0, si_code=1 (SEGV_MAPERR), si_addr=0x000000fd

Registers:
EAX=0x000000fd, EBX=0xb283e023, ECX=0x00000000, EDX=0x00000069
ESP=0xb285d1c8, EBP=0xb285d1e4, ESI=0x0000004a, EDI=0x00000000
EIP=0x000000fd, EFLAGS=0x00010202, CR2=0x000000fd

Top of Stack: (sp=0xb285d1c8)
0xb285d1c8:   b284fb79 00000000 00000001 00000001
0xb285d1d8:   00000067 b284eb61 b283e023 b285d224
0xb285d1e8:   b284fdeb 000000fd 00000000 00000001
0xb285d1f8:   00000001 b28606c2 b28606e0 23d841ab
0xb285d208:   00000001 00030003 80030003 823a1b7a
0xb285d218:   00000067 1a030003 2156019b 0005f01e
0xb285d228:   0000f410 000000fd 00000000 ff000000
0xb285d238:   010000fe 08000e04 00070a0c 01000001 

Instructions: (pc=0x000000fd)
0x000000dd:   
[error occurred during error reporting (printing registers, top of stack, instructions near pc), id 0xb]

Register to memory mapping:

EAX=0x000000fd is an unknown value
EBX=0xb283e023: <offset 0x11023> in /media/user/JK/Dual-radio-simulation/examples/ipv6/rpl-udp/obj_cooja/mtype525.cooja at 0xb282d000
ECX=0x00000000 is an unknown value
EDX=0x00000069 is an unknown value
ESP=0xb285d1c8: <offset 0x301c8> in /media/user/JK/Dual-radio-simulation/examples/ipv6/rpl-udp/obj_cooja/mtype525.cooja at 0xb282d000
EBP=0xb285d1e4: <offset 0x301e4> in /media/user/JK/Dual-radio-simulation/examples/ipv6/rpl-udp/obj_cooja/mtype525.cooja at 0xb282d000
ESI=0x0000004a is an unknown value
EDI=0x00000000 is an unknown value


Stack: [0xb2abb000,0xb2b0c000],  sp=0xb285d1c8,  free space=4191880k
Native frames: (J=compiled Java code, j=interpreted, Vv=VM code, C=native code)
C  0x000000fd
C  [mtype525.cooja+0x22deb]  send_one_packet+0x1f7

Java frames: (J=compiled Java code, j=interpreted, Vv=VM code)
J 1594  org.contikios.cooja.corecomm.Lib2.tick()V (0 bytes) @ 0xb49dd1d0 [0xb49dd190+0x40]
