#
# A fatal error has been detected by the Java Runtime Environment:
#
#  SIGSEGV (0xb) at pc=0xb772a5f0, pid=3421, tid=2990762816
#
# JRE version: OpenJDK Runtime Environment (7.0_111-b01) (build 1.7.0_111-b01)
# Java VM: OpenJDK Client VM (24.111-b01 mixed mode, sharing linux-x86 )
# Derivative: IcedTea 2.6.7
# Distribution: Ubuntu 14.04 LTS, package 7u111-2.6.7-0ubuntu0.14.04.3
# Problematic frame:
# C  [libc.so.6+0x1335f0]
#
# Failed to write core dump. Core dumps have been disabled. To enable core dumping, try "ulimit -c unlimited" before starting Java again
#
# If you would like to submit a bug report, please include
# instructions on how to reproduce the bug and visit:
#   http://icedtea.classpath.org/bugzilla
# The crash happened outside the Java Virtual Machine in native code.
# See problematic frame for where to report the bug.
#

---------------  T H R E A D  ---------------

Current thread (0x09ccbc00):  JavaThread "Thread-48" [_thread_in_native, id=5466, stack(0xb23e6000,0xb2437000)]

siginfo:si_signo=SIGSEGV: si_errno=0, si_code=2 (SEGV_ACCERR), si_addr=0xb25a7fa0

Registers:
EAX=0xb425e7e0, EBX=0xb77a2000, ECX=0x00000236, EDX=0xb25a7fb0
ESP=0xb2435d70, EBP=0xb2435da8, ESI=0xb25a7fa0, EDI=0x00000000
EIP=0xb772a5f0, EFLAGS=0x00010246, CR2=0xb25a7fa0

Top of Stack: (sp=0xb2435d70)
0xb2435d70:   8eed4570 09ccbc00 8eed4570 b258a0e0
0xb2435d80:   b25a7fa0 b425e7d0 00000246 8ed4d1b0
0xb2435d90:   8eed4570 8eed4570 09ccbc00 b425e7d0
0xb2435da0:   b480beee 09ccbc00 b2435df0 b480bff3
0xb2435db0:   09ccbd28 b2435e0c 0002e020 00000246
0xb2435dc0:   b2435e00 b4adb156 798b36f8 7974f950
0xb2435dd0:   b2435dd0 8eed4570 b2435e0c 8eed4708
0xb2435de0:   00000000 8eed4570 00000000 b2435e10 

Instructions: (pc=0xb772a5f0)
0xb772a5d0:   e7 0f 74 1c e8 02 32 ff ff 81 c3 27 74 03 00 03
0xb772a5e0:   1c bb ff e3 8d b6 00 00 00 00 8d bf 00 00 00 00
0xb772a5f0:   f3 0f 7f 06 31 ff 83 f9 7f 0f 87 94 00 00 00 8d
0xb772a600:   49 e0 66 0f 6f 04 38 66 0f 6f 4c 38 10 83 e9 20 

Register to memory mapping:

EAX=0xb425e7e0 is an unknown value
EBX=0xb77a2000: <offset 0x1ab000> in /lib/i386-linux-gnu/libc.so.6 at 0xb75f7000
ECX=0x00000236 is an unknown value
EDX=0xb25a7fb0: <offset 0x2cfb0> in /home/user/Desktop/nfs/examples/ipv6/rpl-udp/obj_cooja/mtype195.cooja at 0xb257b000
ESP=0xb2435d70 is pointing into the stack for thread: 0x09ccbc00
EBP=0xb2435da8 is pointing into the stack for thread: 0x09ccbc00
ESI=0xb25a7fa0: <offset 0x2cfa0> in /home/user/Desktop/nfs/examples/ipv6/rpl-udp/obj_cooja/mtype195.cooja at 0xb257b000
EDI=0x00000000 is an unknown value


Stack: [0xb23e6000,0xb2437000],  sp=0xb2435d70,  free space=319k
Native frames: (J=compiled Java code, j=interpreted, Vv=VM code, C=native code)
C  [libc.so.6+0x1335f0]
j  org.contikios.cooja.corecomm.Lib12.setMemory(II[B)V+0
J 1541 C1 org.contikios.cooja.contikimote.ContikiMoteType.setCoreMemory(Lorg/contikios/cooja/mote/memory/SectionMoteMemory;)V (66 bytes) @ 0xb4abfc48 [0xb4abfb50+0xf8]
J 2255 C1 org.contikios.cooja.contikimote.ContikiMote.execute(J)V (99 bytes) @ 0xb4bdc996 [0xb4bdc840+0x156]
J 2254 C1 org.contikios.cooja.motes.AbstractWakeupMote$1.execute(J)V (9 bytes) @ 0xb4bdc587 [0xb4bdc550+0x37]
J 2522 C1 org.contikios.cooja.Simulation.run()V (432 bytes) @ 0xb4c5c083 [0xb4c5bd20+0x363]
j  java.lang.Thread.run()V+11
v  ~StubRoutines::call_stub
V  [libjvm.so+0x2b2716]

Java frames: (J=compiled Java code, j=interpreted, Vv=VM code)
j  org.contikios.cooja.corecomm.Lib12.setMemory(II[B)V+0
J 1541 C1 org.contikios.cooja.contikimote.ContikiMoteType.setCoreMemory(Lorg/contikios/cooja/mote/memory/SectionMoteMemory;)V (66 bytes) @ 0xb4abfc48 [0xb4abfb50+0xf8]
J 2255 C1 org.contikios.cooja.contikimote.ContikiMote.execute(J)V (99 bytes) @ 0xb4bdc996 [0xb4bdc840+0x156]
J 2254 C1 org.contikios.cooja.motes.AbstractWakeupMote$1.execute(J)V (9 bytes) @ 0xb4bdc587 [0xb4bdc550+0x37]
J 2522 C1 org.contikios.cooja.Simulation.run()V (432 bytes) @ 0xb4c5c083 [0xb4c5bd20+0x363]
j  java.lang.Thread.run()V+11
v  ~StubRoutines::call_stub

---------------  P R O C E S S  ---------------

Java Threads: ( => current thread )
=>0x09ccbc00 JavaThread "Thread-48" [_thread_in_native, id=5466, stack(0xb23e6000,0xb2437000)]
  0xb424ec00 JavaThread "Thread-47" [_thread_blocked, id=5456, stack(0xb1f73000,0xb1fc4000)]
  0xb425c000 JavaThread "Thread-46" [_thread_blocked, id=5455, stack(0xb1eeb000,0xb1f3c000)]
  0xb424d000 JavaThread "Thread-45" [_thread_blocked, id=5408, stack(0xb2015000,0xb2066000)]
  0xb424b800 JavaThread "Thread-44" [_thread_blocked, id=5407, stack(0xb1fc4000,0xb2015000)]
  0x09ce0000 JavaThread "Thread-43" [_thread_blocked, id=5369, stack(0xb209d000,0xb20ee000)]
  0xb4266800 JavaThread "Thread-42" [_thread_blocked, id=5359, stack(0xb20ee000,0xb213f000)]
  0xb4265400 JavaThread "Thread-41" [_thread_blocked, id=5358, stack(0xb213f000,0xb2190000)]
  0x09cce800 JavaThread "Thread-40" [_thread_blocked, id=5325, stack(0xb21c7000,0xb2218000)]
  0xb4261c00 JavaThread "Thread-39" [_thread_blocked, id=5315, stack(0xb2218000,0xb2269000)]
  0xb4263c00 JavaThread "Thread-38" [_thread_blocked, id=5314, stack(0xb2788000,0xb27d9000)]
  0xb4244800 JavaThread "Thread-37" [_thread_blocked, id=5272, stack(0xb2ab5000,0xb2b06000)]
  0xb4260c00 JavaThread "Thread-36" [_thread_blocked, id=5271, stack(0xb22d7000,0xb2328000)]
  0xb4243400 JavaThread "process reaper" daemon [_thread_blocked, id=5234, stack(0xb2b06000,0xb2b1f000)]
  0xb4270400 JavaThread "Thread-32" [_thread_blocked, id=5215, stack(0xb2328000,0xb2379000)]
  0xb4243c00 JavaThread "Thread-30" [_thread_blocked, id=5167, stack(0xb260d000,0xb265e000)]
  0xb423fc00 JavaThread "Thread-26" [_thread_blocked, id=4200, stack(0xb24a3000,0xb24f4000)]
  0xb423d800 JavaThread "Thread-24" [_thread_blocked, id=4152, stack(0xb26e6000,0xb2737000)]
  0x09894800 JavaThread "Thread-20" [_thread_blocked, id=4091, stack(0xb24f4000,0xb2545000)]
  0x09893c00 JavaThread "Thread-18" [_thread_blocked, id=4043, stack(0xb2b92000,0xb2be3000)]
  0x09892800 JavaThread "Thread-17" [_thread_blocked, id=4005, stack(0xb28b2000,0xb2903000)]
  0x09891000 JavaThread "Thread-15" [_thread_blocked, id=3994, stack(0xb298b000,0xb29dc000)]
  0xb38abc00 JavaThread "Thread-11" [_thread_blocked, id=3886, stack(0xb265e000,0xb26af000)]
  0xb3834c00 JavaThread "Thread-9" [_thread_blocked, id=3838, stack(0xb2737000,0xb2788000)]
  0x098d0c00 JavaThread "Thread-8" [_thread_blocked, id=3800, stack(0xb2810000,0xb2861000)]
  0xb382f800 JavaThread "Thread-6" [_thread_blocked, id=3789, stack(0xb2861000,0xb28b2000)]
  0x09b55c00 JavaThread "Thread-5" [_thread_blocked, id=3756, stack(0xb293a000,0xb298b000)]
  0xb38a9000 JavaThread "Thread-3" [_thread_blocked, id=3745, stack(0xb2a13000,0xb2a64000)]
  0xb38a1800 JavaThread "Thread-1" [_thread_blocked, id=3702, stack(0xb2a64000,0xb2ab5000)]
  0x0995ac00 JavaThread "TimerQueue" daemon [_thread_blocked, id=3438, stack(0xb32da000,0xb332b000)]
  0xb6807800 JavaThread "DestroyJavaVM" [_thread_blocked, id=3426, stack(0xb69a9000,0xb69fa000)]
  0xb3853800 JavaThread "AWT-EventQueue-0" [_thread_in_native, id=3437, stack(0xb332b000,0xb337c000)]
  0xb3853400 JavaThread "AWT-Shutdown" [_thread_blocked, id=3436, stack(0xb337c000,0xb33cd000)]
  0xb3849000 JavaThread "AWT-XAWT" daemon [_thread_in_native, id=3435, stack(0xb346f000,0xb34c0000)]
  0xb383a000 JavaThread "Java2D Disposer" daemon [_thread_blocked, id=3434, stack(0xb34d1000,0xb3522000)]
  0xb684cc00 JavaThread "Service Thread" daemon [_thread_blocked, id=3432, stack(0xb3e3b000,0xb3e8c000)]
  0xb684ac00 JavaThread "C1 CompilerThread0" daemon [_thread_blocked, id=3431, stack(0xb3e8c000,0xb3f0d000)]
  0xb6849000 JavaThread "Signal Dispatcher" daemon [_thread_blocked, id=3430, stack(0xb3f0d000,0xb3f5e000)]
  0xb6833400 JavaThread "Finalizer" daemon [_thread_blocked, id=3429, stack(0xb415e000,0xb41af000)]
  0xb6831c00 JavaThread "Reference Handler" daemon [_thread_blocked, id=3428, stack(0xb41af000,0xb4200000)]

Other Threads:
  0xb6830400 VMThread [stack: 0xb431f000,0xb43a0000] [id=3427]
  0xb684f000 WatcherThread [stack: 0xb3dba000,0xb3e3b000] [id=3433]

VM state:not at safepoint (normal execution)

VM Mutex/Monitor currently owned by a thread: None

Heap
 def new generation   total 4992K, used 3627K [0x6e800000, 0x6ed60000, 0x792a0000)
  eden space 4480K,  74% used [0x6e800000, 0x6eb471d8, 0x6ec60000)
  from space 512K,  52% used [0x6ece0000, 0x6ed23d38, 0x6ed60000)
  to   space 512K,   0% used [0x6ec60000, 0x6ec60000, 0x6ece0000)
 tenured generation   total 10752K, used 6865K [0x792a0000, 0x79d20000, 0x8e800000)
   the space 10752K,  63% used [0x792a0000, 0x79954428, 0x79954600, 0x79d20000)
 compacting perm gen  total 12288K, used 6994K [0x8e800000, 0x8f400000, 0x92800000)
   the space 12288K,  56% used [0x8e800000, 0x8eed48b8, 0x8eed4a00, 0x8f400000)
    ro space 10240K,  59% used [0x92800000, 0x92dfe3d8, 0x92dfe400, 0x93200000)
    rw space 12288K,  59% used [0x93200000, 0x9391c2b0, 0x9391c400, 0x93e00000)

Card table byte_map: [0xb4654000,0xb4780000] byte_map_base: 0xb42e0000

Polling page: 0xb77ac000

Code Cache  [0xb4800000, 0xb4ca8000, 0xb6800000)
 total_blobs=3010 nmethods=2699 adapters=243 free_code_cache=28005Kb largest_free_block=28677376

Compilation events (10 events):
Event: 7356.519 Thread 0xb684ac00 2707             javax.swing.text.DefaultStyledDocument$ElementBuffer::insertElement (530 bytes)
Event: 7356.520 Thread 0xb684ac00 nmethod 2707 0xb4ca3108 code [0xb4ca34e0, 0xb4ca432c]
Event: 7356.522 Thread 0xb684ac00 2708             javax.swing.text.html.CSS::translateHTMLToCSS (300 bytes)
Event: 7356.522 Thread 0xb684ac00 nmethod 2708 0xb4ca5288 code [0xb4ca5520, 0xb4ca5b08]
Event: 7356.522 Thread 0xb684ac00 2709             javax.swing.text.html.CSS::getHTMLTag (26 bytes)
Event: 7356.522 Thread 0xb684ac00 nmethod 2709 0xb4ca6208 code [0xb4ca6310, 0xb4ca640c]
Event: 7356.524 Thread 0xb684ac00 2710             javax.swing.text.html.CSS::getColor (22 bytes)
Event: 7356.524 Thread 0xb684ac00 nmethod 2710 0xb4ca6488 code [0xb4ca6590, 0xb4ca666c]
Event: 7356.589 Thread 0xb684ac00 2711             javax.swing.text.AbstractDocument::fireUndoableEditUpdate (47 bytes)
Event: 7356.589 Thread 0xb684ac00 nmethod 2711 0xb4ca6748 code [0xb4ca6860, 0xb4ca69cc]

GC Heap History (10 events):
Event: 7356.364 GC heap before
{Heap before GC invocations=1352 (full 9):
 def new generation   total 4992K, used 4491K [0x6e800000, 0x6ed60000, 0x792a0000)
  eden space 4480K, 100% used [0x6e800000, 0x6ec60000, 0x6ec60000)
  from space 512K,   2% used [0x6ec60000, 0x6ec62ef0, 0x6ece0000)
  to   space 512K,   0% used [0x6ece0000, 0x6ece0000, 0x6ed60000)
 tenured generation   total 10752K, used 6027K [0x792a0000, 0x79d20000, 0x8e800000)
   the space 10752K,  56% used [0x792a0000, 0x79882ec0, 0x79883000, 0x79d20000)
 compacting perm gen  total 12288K, used 6993K [0x8e800000, 0x8f400000, 0x92800000)
   the space 12288K,  56% used [0x8e800000, 0x8eed4758, 0x8eed4800, 0x8f400000)
    ro space 10240K,  59% used [0x92800000, 0x92dfe3d8, 0x92dfe400, 0x93200000)
    rw space 12288K,  59% used [0x93200000, 0x9391c2b0, 0x9391c400, 0x93e00000)
Event: 7356.364 GC heap after
Heap after GC invocations=1353 (full 9):
 def new generation   total 4992K, used 132K [0x6e800000, 0x6ed60000, 0x792a0000)
  eden space 4480K,   0% used [0x6e800000, 0x6e800000, 0x6ec60000)
  from space 512K,  25% used [0x6ece0000, 0x6ed013c0, 0x6ed60000)
  to   space 512K,   0% used [0x6ec60000, 0x6ec60000, 0x6ece0000)
 tenured generation   total 10752K, used 6027K [0x792a0000, 0x79d20000, 0x8e800000)
   the space 10752K,  56% used [0x792a0000, 0x79882fb0, 0x79883000, 0x79d20000)
 compacting perm gen  total 12288K, used 6993K [0x8e800000, 0x8f400000, 0x92800000)
   the space 12288K,  56% used [0x8e800000, 0x8eed4758, 0x8eed4800, 0x8f400000)
    ro space 10240K,  59% used [0x92800000, 0x92dfe3d8, 0x92dfe400, 0x93200000)
    rw space 12288K,  59% used [0x93200000, 0x9391c2b0, 0x9391c400, 0x93e00000)
}
Event: 7356.408 GC heap before
{Heap before GC invocations=1353 (full 9):
 def new generation   total 4992K, used 4612K [0x6e800000, 0x6ed60000, 0x792a0000)
  eden space 4480K, 100% used [0x6e800000, 0x6ec60000, 0x6ec60000)
  from space 512K,  25% used [0x6ece0000, 0x6ed013c0, 0x6ed60000)
  to   space 512K,   0% used [0x6ec60000, 0x6ec60000, 0x6ece0000)
 tenured generation   total 10752K, used 6027K [0x792a0000, 0x79d20000, 0x8e800000)
   the space 10752K,  56% used [0x792a0000, 0x79882fb0, 0x79883000, 0x79d20000)
 compacting perm gen  total 12288K, used 6993K [0x8e800000, 0x8f400000, 0x92800000)
   the space 12288K,  56% used [0x8e800000, 0x8eed4768, 0x8eed4800, 0x8f400000)
    ro space 10240K,  59% used [0x92800000, 0x92dfe3d8, 0x92dfe400, 0x93200000)
    rw space 12288K,  59% used [0x93200000, 0x9391c2b0, 0x9391c400, 0x93e00000)
Event: 7356.410 GC heap after
Heap after GC invocations=1354 (full 9):
 def new generation   total 4992K, used 512K [0x6e800000, 0x6ed60000, 0x792a0000)
  eden space 4480K,   0% used [0x6e800000, 0x6e800000, 0x6ec60000)
  from space 512K, 100% used [0x6ec60000, 0x6ece0000, 0x6ece0000)
  to   space 512K,   0% used [0x6ece0000, 0x6ece0000, 0x6ed60000)
 tenured generation   total 10752K, used 6126K [0x792a0000, 0x79d20000, 0x8e800000)
   the space 10752K,  56% used [0x792a0000, 0x7989ba28, 0x7989bc00, 0x79d20000)
 compacting perm gen  total 12288K, used 6993K [0x8e800000, 0x8f400000, 0x92800000)
   the space 12288K,  56% used [0x8e800000, 0x8eed4768, 0x8eed4800, 0x8f400000)
    ro space 10240K,  59% used [0x92800000, 0x92dfe3d8, 0x92dfe400, 0x93200000)
    rw space 12288K,  59% used [0x93200000, 0x9391c2b0, 0x9391c400, 0x93e00000)
}
Event: 7356.465 GC heap before
{Heap before GC invocations=1354 (full 9):
 def new generation   total 4992K, used 4992K [0x6e800000, 0x6ed60000, 0x792a0000)
  eden space 4480K, 100% used [0x6e800000, 0x6ec60000, 0x6ec60000)
  from space 512K, 100% used [0x6ec60000, 0x6ece0000, 0x6ece0000)
  to   space 512K,   0% used [0x6ece0000, 0x6ece0000, 0x6ed60000)
 tenured generation   total 10752K, used 6126K [0x792a0000, 0x79d20000, 0x8e800000)
   the space 10752K,  56% used [0x792a0000, 0x7989ba28, 0x7989bc00, 0x79d20000)
 compacting perm gen  total 12288K, used 6993K [0x8e800000, 0x8f400000, 0x92800000)
   the space 12288K,  56% used [0x8e800000, 0x8eed4768, 0x8eed4800, 0x8f400000)
    ro space 10240K,  59% used [0x92800000, 0x92dfe3d8, 0x92dfe400, 0x93200000)
    rw space 12288K,  59% used [0x93200000, 0x9391c2b0, 0x9391c400, 0x93e00000)
Event: 7356.467 GC heap after
Heap after GC invocations=1355 (full 9):
 def new generation   total 4992K, used 350K [0x6e800000, 0x6ed60000, 0x792a0000)
  eden space 4480K,   0% used [0x6e800000, 0x6e800000, 0x6ec60000)
  from space 512K,  68% used [0x6ece0000, 0x6ed379d8, 0x6ed60000)
  to   space 512K,   0% used [0x6ec60000, 0x6ec60000, 0x6ece0000)
 tenured generation   total 10752K, used 6607K [0x792a0000, 0x79d20000, 0x8e800000)
   the space 10752K,  61% used [0x792a0000, 0x79913d88, 0x79913e00, 0x79d20000)
 compacting perm gen  total 12288K, used 6993K [0x8e800000, 0x8f400000, 0x92800000)
   the space 12288K,  56% used [0x8e800000, 0x8eed4768, 0x8eed4800, 0x8f400000)
    ro space 10240K,  59% used [0x92800000, 0x92dfe3d8, 0x92dfe400, 0x93200000)
    rw space 12288K,  59% used [0x93200000, 0x9391c2b0, 0x9391c400, 0x93e00000)
}
Event: 7356.544 GC heap before
{Heap before GC invocations=1355 (full 9):
 def new generation   total 4992K, used 4830K [0x6e800000, 0x6ed60000, 0x792a0000)
  eden space 4480K, 100% used [0x6e800000, 0x6ec60000, 0x6ec60000)
  from space 512K,  68% used [0x6ece0000, 0x6ed379d8, 0x6ed60000)
  to   space 512K,   0% used [0x6ec60000, 0x6ec60000, 0x6ece0000)
 tenured generation   total 10752K, used 6607K [0x792a0000, 0x79d20000, 0x8e800000)
   the space 10752K,  61% used [0x792a0000, 0x79913d88, 0x79913e00, 0x79d20000)
 compacting perm gen  total 12288K, used 6994K [0x8e800000, 0x8f400000, 0x92800000)
   the space 12288K,  56% used [0x8e800000, 0x8eed48b8, 0x8eed4a00, 0x8f400000)
    ro space 10240K,  59% used [0x92800000, 0x92dfe3d8, 0x92dfe400, 0x93200000)
    rw space 12288K,  59% used [0x93200000, 0x9391c2b0, 0x9391c400, 0x93e00000)
Event: 7356.545 GC heap after
Heap after GC invocations=1356 (full 9):
 def new generation   total 4992K, used 222K [0x6e800000, 0x6ed60000, 0x792a0000)
  eden space 4480K,   0% used [0x6e800000, 0x6e800000, 0x6ec60000)
  from space 512K,  43% used [0x6ec60000, 0x6ec97958, 0x6ece0000)
  to   space 512K,   0% used [0x6ece0000, 0x6ece0000, 0x6ed60000)
 tenured generation   total 10752K, used 6865K [0x792a0000, 0x79d20000, 0x8e800000)
   the space 10752K,  63% used [0x792a0000, 0x79954428, 0x79954600, 0x79d20000)
 compacting perm gen  total 12288K, used 6994K [0x8e800000, 0x8f400000, 0x92800000)
   the space 12288K,  56% used [0x8e800000, 0x8eed48b8, 0x8eed4a00, 0x8f400000)
    ro space 10240K,  59% used [0x92800000, 0x92dfe3d8, 0x92dfe400, 0x93200000)
    rw space 12288K,  59% used [0x93200000, 0x9391c2b0, 0x9391c400, 0x93e00000)
}
Event: 7356.622 GC heap before
{Heap before GC invocations=1356 (full 9):
 def new generation   total 4992K, used 4690K [0x6e800000, 0x6ed60000, 0x792a0000)
  eden space 4480K,  99% used [0x6e800000, 0x6ec5d180, 0x6ec60000)
  from space 512K,  43% used [0x6ec60000, 0x6ec97958, 0x6ece0000)
  to   space 512K,   0% used [0x6ece0000, 0x6ece0000, 0x6ed60000)
 tenured generation   total 10752K, used 6865K [0x792a0000, 0x79d20000, 0x8e800000)
   the space 10752K,  63% used [0x792a0000, 0x79954428, 0x79954600, 0x79d20000)
 compacting perm gen  total 12288K, used 6994K [0x8e800000, 0x8f400000, 0x92800000)
   the space 12288K,  56% used [0x8e800000, 0x8eed48b8, 0x8eed4a00, 0x8f400000)
    ro space 10240K,  59% used [0x92800000, 0x92dfe3d8, 0x92dfe400, 0x93200000)
    rw space 12288K,  59% used [0x93200000, 0x9391c2b0, 0x9391c400, 0x93e00000)
Event: 7356.622 GC heap after
Heap after GC invocations=1357 (full 9):
 def new generation   total 4992K, used 271K [0x6e800000, 0x6ed60000, 0x792a0000)
  eden space 4480K,   0% used [0x6e800000, 0x6e800000, 0x6ec60000)
  from space 512K,  52% used [0x6ece0000, 0x6ed23d38, 0x6ed60000)
  to   space 512K,   0% used [0x6ec60000, 0x6ec60000, 0x6ece0000)
 tenured generation   total 10752K, used 6865K [0x792a0000, 0x79d20000, 0x8e800000)
   the space 10752K,  63% used [0x792a0000, 0x79954428, 0x79954600, 0x79d20000)
 compacting perm gen  total 12288K, used 6994K [0x8e800000, 0x8f400000, 0x92800000)
   the space 12288K,  56% used [0x8e800000, 0x8eed48b8, 0x8eed4a00, 0x8f400000)
    ro space 10240K,  59% used [0x92800000, 0x92dfe3d8, 0x92dfe400, 0x93200000)
    rw space 12288K,  59% used [0x93200000, 0x9391c2b0, 0x9391c400, 0x93e00000)
}

Deoptimization events (0 events):
No events

Internal exceptions (10 events):
Event: 7332.417 Thread 0xb3853800 Threw 0x6e8858d8 at /build/openjdk-7-Ylwexc/openjdk-7-7u111-2.6.7/build/openjdk/hotspot/src/share/vm/prims/jni.cpp:747
Event: 7336.652 Thread 0x09cca000 Threw 0x6e911698 at /build/openjdk-7-Ylwexc/openjdk-7-7u111-2.6.7/build/openjdk/hotspot/src/share/vm/prims/jvm.cpp:1322
Event: 7340.801 Thread 0x09cca000 Threw 0x6e8fb2b8 at /build/openjdk-7-Ylwexc/openjdk-7-7u111-2.6.7/build/openjdk/hotspot/src/share/vm/prims/jvm.cpp:1322
Event: 7340.802 Thread 0x09cca000 Threw 0x6e8fd090 at /build/openjdk-7-Ylwexc/openjdk-7-7u111-2.6.7/build/openjdk/hotspot/src/share/vm/prims/nativeLookup.cpp:381
Event: 7340.802 Thread 0x09cca000 Threw 0x6e8fd1a8 at /build/openjdk-7-Ylwexc/openjdk-7-7u111-2.6.7/build/openjdk/hotspot/src/share/vm/runtime/reflection.cpp:1030
Event: 7340.911 Thread 0xb3853800 Threw 0x6ea2cb40 at /build/openjdk-7-Ylwexc/openjdk-7-7u111-2.6.7/build/openjdk/hotspot/src/share/vm/prims/jni.cpp:747
Event: 7346.370 Thread 0x09cca000 Threw 0x6e8f9400 at /build/openjdk-7-Ylwexc/openjdk-7-7u111-2.6.7/build/openjdk/hotspot/src/share/vm/prims/nativeLookup.cpp:381
Event: 7346.370 Thread 0x09cca000 Threw 0x6e8f9518 at /build/openjdk-7-Ylwexc/openjdk-7-7u111-2.6.7/build/openjdk/hotspot/src/share/vm/runtime/reflection.cpp:1030
Event: 7346.478 Thread 0xb3853800 Threw 0x6ea1b0f0 at /build/openjdk-7-Ylwexc/openjdk-7-7u111-2.6.7/build/openjdk/hotspot/src/share/vm/prims/jni.cpp:747
Event: 7355.958 Thread 0x09cca000 Threw 0x6ebd9c00 at /build/openjdk-7-Ylwexc/openjdk-7-7u111-2.6.7/build/openjdk/hotspot/src/share/vm/prims/jvm.cpp:1322

Events (10 events):
Event: 7356.738 Executing VM operation: RevokeBias done
Event: 7357.729 Thread 0x09ccbc00 Thread added: 0x09ccbc00
Event: 7357.730 Executing VM operation: RevokeBias
Event: 7357.730 Executing VM operation: RevokeBias done
Event: 7357.730 Executing VM operation: RevokeBias
Event: 7357.730 Executing VM operation: RevokeBias done
Event: 7357.730 Executing VM operation: RevokeBias
Event: 7357.731 Executing VM operation: RevokeBias done
Event: 7357.731 Executing VM operation: RevokeBias
Event: 7357.731 Executing VM operation: RevokeBias done


Dynamic libraries:
08048000-08049000 r-xp 00000000 08:01 277188     /usr/lib/jvm/java-7-openjdk-i386/jre/bin/java
08049000-0804a000 r--p 00000000 08:01 277188     /usr/lib/jvm/java-7-openjdk-i386/jre/bin/java
0804a000-0804b000 rw-p 00001000 08:01 277188     /usr/lib/jvm/java-7-openjdk-i386/jre/bin/java
0985d000-09cf0000 rw-p 00000000 00:00 0          [heap]
6e800000-6ed60000 rw-p 00000000 00:00 0 
6ed60000-792a0000 rw-p 00000000 00:00 0 
792a0000-79d20000 rw-p 00000000 00:00 0 
79d20000-8e800000 rw-p 00000000 00:00 0 
8e800000-8f400000 rw-p 00000000 00:00 0 
8f400000-92800000 rw-p 00000000 00:00 0 
92800000-92dff000 r--p 00001000 08:01 199405     /usr/lib/jvm/java-7-openjdk-i386/jre/lib/i386/client/classes.jsa
92dff000-93200000 rw-p 00000000 00:00 0 
93200000-9391d000 rw-p 00600000 08:01 199405     /usr/lib/jvm/java-7-openjdk-i386/jre/lib/i386/client/classes.jsa
9391d000-93e00000 rw-p 00000000 00:00 0 
93e00000-94114000 rw-p 00d1d000 08:01 199405     /usr/lib/jvm/java-7-openjdk-i386/jre/lib/i386/client/classes.jsa
94114000-94200000 rw-p 00000000 00:00 0 
94200000-94209000 r-xp 01031000 08:01 199405     /usr/lib/jvm/java-7-openjdk-i386/jre/lib/i386/client/classes.jsa
94209000-94600000 rw-p 00000000 00:00 0 
b1e63000-b1e90000 r-xp 00000000 00:1d 3711541    /home/user/Desktop/nfs/examples/ipv6/rpl-udp/obj_cooja/mtype149.cooja
b1e90000-b1e91000 r--p 0002c000 00:1d 3711541    /home/user/Desktop/nfs/examples/ipv6/rpl-udp/obj_cooja/mtype149.cooja
b1e91000-b1e92000 rw-p 0002d000 00:1d 3711541    /home/user/Desktop/nfs/examples/ipv6/rpl-udp/obj_cooja/mtype149.cooja
b1e92000-b1e9a000 rw-p 00000000 00:00 0 
b1e9a000-b1e9d000 ---p 00000000 00:00 0 
b1e9d000-b1eeb000 rw-p 00000000 00:00 0 
b1eeb000-b1eee000 ---p 00000000 00:00 0 
b1eee000-b1f3c000 rw-p 00000000 00:00 0          [stack:5455]
b1f3c000-b1f69000 r-xp 00000000 00:1d 3711537    /home/user/Desktop/nfs/examples/ipv6/rpl-udp/obj_cooja/mtype903.cooja
b1f69000-b1f6a000 r--p 0002c000 00:1d 3711537    /home/user/Desktop/nfs/examples/ipv6/rpl-udp/obj_cooja/mtype903.cooja
b1f6a000-b1f6b000 rw-p 0002d000 00:1d 3711537    /home/user/Desktop/nfs/examples/ipv6/rpl-udp/obj_cooja/mtype903.cooja
b1f6b000-b1f73000 rw-p 00000000 00:00 0 
b1f73000-b1f76000 ---p 00000000 00:00 0 
b1f76000-b1fc4000 rw-p 00000000 00:00 0          [stack:5456]
b1fc4000-b1fc7000 ---p 00000000 00:00 0 
b1fc7000-b2015000 rw-p 00000000 00:00 0          [stack:5407]
b2015000-b2018000 ---p 00000000 00:00 0 
b2018000-b2066000 rw-p 00000000 00:00 0          [stack:5408]
b2066000-b2093000 r-xp 00000000 00:1d 3683539    /home/user/Desktop/nfs/examples/ipv6/rpl-udp/obj_cooja/mtype136.cooja
b2093000-b2094000 r--p 0002c000 00:1d 3683539    /home/user/Desktop/nfs/examples/ipv6/rpl-udp/obj_cooja/mtype136.cooja
b2094000-b2095000 rw-p 0002d000 00:1d 3683539    /home/user/Desktop/nfs/examples/ipv6/rpl-udp/obj_cooja/mtype136.cooja
b2095000-b209d000 rw-p 00000000 00:00 0 
b209d000-b20a0000 ---p 00000000 00:00 0 
b20a0000-b20ee000 rw-p 00000000 00:00 0          [stack:5369]
b20ee000-b20f1000 ---p 00000000 00:00 0 
b20f1000-b213f000 rw-p 00000000 00:00 0          [stack:5359]
b213f000-b2142000 ---p 00000000 00:00 0 
b2142000-b2190000 rw-p 00000000 00:00 0          [stack:5358]
b2190000-b21bd000 r-xp 00000000 00:1d 3711523    /home/user/Desktop/nfs/examples/ipv6/rpl-udp/obj_cooja/mtype62.cooja
b21bd000-b21be000 r--p 0002c000 00:1d 3711523    /home/user/Desktop/nfs/examples/ipv6/rpl-udp/obj_cooja/mtype62.cooja
b21be000-b21bf000 rw-p 0002d000 00:1d 3711523    /home/user/Desktop/nfs/examples/ipv6/rpl-udp/obj_cooja/mtype62.cooja
b21bf000-b21c7000 rw-p 00000000 00:00 0 
b21c7000-b21ca000 ---p 00000000 00:00 0 
b21ca000-b2218000 rw-p 00000000 00:00 0          [stack:5325]
b2218000-b221b000 ---p 00000000 00:00 0 
b221b000-b2269000 rw-p 00000000 00:00 0          [stack:5315]
b2269000-b2296000 r-xp 00000000 00:1d 3711533    /home/user/Desktop/nfs/examples/ipv6/rpl-udp/obj_cooja/mtype264.cooja
b2296000-b2297000 r--p 0002c000 00:1d 3711533    /home/user/Desktop/nfs/examples/ipv6/rpl-udp/obj_cooja/mtype264.cooja
b2297000-b2298000 rw-p 0002d000 00:1d 3711533    /home/user/Desktop/nfs/examples/ipv6/rpl-udp/obj_cooja/mtype264.cooja
b2298000-b22a0000 rw-p 00000000 00:00 0 
b22a0000-b22cd000 r-xp 00000000 00:1d 3711522    /home/user/Desktop/nfs/examples/ipv6/rpl-udp/obj_cooja/mtype808.cooja
b22cd000-b22ce000 r--p 0002c000 00:1d 3711522    /home/user/Desktop/nfs/examples/ipv6/rpl-udp/obj_cooja/mtype808.cooja
b22ce000-b22cf000 rw-p 0002d000 00:1d 3711522    /home/user/Desktop/nfs/examples/ipv6/rpl-udp/obj_cooja/mtype808.cooja
b22cf000-b22d7000 rw-p 00000000 00:00 0 
b22d7000-b22da000 ---p 00000000 00:00 0 
b22da000-b2328000 rw-p 00000000 00:00 0          [stack:5271]
b2328000-b232b000 ---p 00000000 00:00 0 
b232b000-b2379000 rw-p 00000000 00:00 0          [stack:5215]
b2379000-b23a6000 r-xp 00000000 00:1d 3711518    /home/user/Desktop/nfs/examples/ipv6/rpl-udp/obj_cooja/mtype525.cooja
b23a6000-b23a7000 r--p 0002c000 00:1d 3711518    /home/user/Desktop/nfs/examples/ipv6/rpl-udp/obj_cooja/mtype525.cooja
b23a7000-b23a8000 rw-p 0002d000 00:1d 3711518    /home/user/Desktop/nfs/examples/ipv6/rpl-udp/obj_cooja/mtype525.cooja
b23a8000-b23b0000 rw-p 00000000 00:00 0 
b23b0000-b23dc000 r-xp 00000000 00:1d 3714740    /home/user/Desktop/nfs/examples/ipv6/rpl-udp/obj_cooja/mtype489.cooja
b23dc000-b23dd000 r--p 0002b000 00:1d 3714740    /home/user/Desktop/nfs/examples/ipv6/rpl-udp/obj_cooja/mtype489.cooja
b23dd000-b23de000 rw-p 0002c000 00:1d 3714740    /home/user/Desktop/nfs/examples/ipv6/rpl-udp/obj_cooja/mtype489.cooja
b23de000-b23e6000 rw-p 00000000 00:00 0 
b23e6000-b23e9000 ---p 00000000 00:00 0 
b23e9000-b2437000 rw-p 00000000 00:00 0          [stack:5466]
b2437000-b2463000 r-xp 00000000 00:1d 3714736    /home/user/Desktop/nfs/examples/ipv6/rpl-udp/obj_cooja/mtype884.cooja
b2463000-b2464000 r--p 0002b000 00:1d 3714736    /home/user/Desktop/nfs/examples/ipv6/rpl-udp/obj_cooja/mtype884.cooja
b2464000-b2465000 rw-p 0002c000 00:1d 3714736    /home/user/Desktop/nfs/examples/ipv6/rpl-udp/obj_cooja/mtype884.cooja
b2465000-b246d000 rw-p 00000000 00:00 0 
b246d000-b2499000 r-xp 00000000 00:1d 3714732    /home/user/Desktop/nfs/examples/ipv6/rpl-udp/obj_cooja/mtype380.cooja
b2499000-b249a000 r--p 0002b000 00:1d 3714732    /home/user/Desktop/nfs/examples/ipv6/rpl-udp/obj_cooja/mtype380.cooja
b249a000-b249b000 rw-p 0002c000 00:1d 3714732    /home/user/Desktop/nfs/examples/ipv6/rpl-udp/obj_cooja/mtype380.cooja
b249b000-b24a3000 rw-p 00000000 00:00 0 
b24a3000-b24a6000 ---p 00000000 00:00 0 
b24a6000-b24f4000 rw-p 00000000 00:00 0          [stack:4200]
b24f4000-b24f7000 ---p 00000000 00:00 0 
b24f7000-b2545000 rw-p 00000000 00:00 0          [stack:4091]
b2545000-b2571000 r-xp 00000000 00:1d 3714728    /home/user/Desktop/nfs/examples/ipv6/rpl-udp/obj_cooja/mtype665.cooja
b2571000-b2572000 r--p 0002b000 00:1d 3714728    /home/user/Desktop/nfs/examples/ipv6/rpl-udp/obj_cooja/mtype665.cooja
b2572000-b2573000 rw-p 0002c000 00:1d 3714728    /home/user/Desktop/nfs/examples/ipv6/rpl-udp/obj_cooja/mtype665.cooja
b2573000-b257b000 rw-p 00000000 00:00 0 
b257b000-b25a7000 r-xp 00000000 00:1d 3714724    /home/user/Desktop/nfs/examples/ipv6/rpl-udp/obj_cooja/mtype195.cooja
b25a7000-b25a8000 r--p 0002b000 00:1d 3714724    /home/user/Desktop/nfs/examples/ipv6/rpl-udp/obj_cooja/mtype195.cooja
b25a8000-b25a9000 rw-p 0002c000 00:1d 3714724    /home/user/Desktop/nfs/examples/ipv6/rpl-udp/obj_cooja/mtype195.cooja
b25a9000-b25b1000 rw-p 00000000 00:00 0 
b25b1000-b25d6000 rw-s 00000000 00:04 48267285   /SYSV00000000 (deleted)
b25d6000-b2603000 r-xp 00000000 00:1d 3714721    /home/user/Desktop/nfs/examples/ipv6/rpl-udp/obj_cooja/mtype585.cooja
b2603000-b2604000 r--p 0002c000 00:1d 3714721    /home/user/Desktop/nfs/examples/ipv6/rpl-udp/obj_cooja/mtype585.cooja
b2604000-b2605000 rw-p 0002d000 00:1d 3714721    /home/user/Desktop/nfs/examples/ipv6/rpl-udp/obj_cooja/mtype585.cooja
b2605000-b260d000 rw-p 00000000 00:00 0 
b260d000-b2610000 ---p 00000000 00:00 0 
b2610000-b265e000 rw-p 00000000 00:00 0          [stack:5167]
b265e000-b2661000 ---p 00000000 00:00 0 
b2661000-b26af000 rw-p 00000000 00:00 0          [stack:3886]
b26af000-b26dc000 r-xp 00000000 00:1d 3714697    /home/user/Desktop/nfs/examples/ipv6/rpl-udp/obj_cooja/mtype404.cooja
b26dc000-b26dd000 r--p 0002c000 00:1d 3714697    /home/user/Desktop/nfs/examples/ipv6/rpl-udp/obj_cooja/mtype404.cooja
b26dd000-b26de000 rw-p 0002d000 00:1d 3714697    /home/user/Desktop/nfs/examples/ipv6/rpl-udp/obj_cooja/mtype404.cooja
b26de000-b26e6000 rw-p 00000000 00:00 0 
b26e6000-b26e9000 ---p 00000000 00:00 0 
b26e9000-b2737000 rw-p 00000000 00:00 0          [stack:4152]
b2737000-b273a000 ---p 00000000 00:00 0 
b273a000-b2788000 rw-p 00000000 00:00 0          [stack:3838]
b2788000-b278b000 ---p 00000000 00:00 0 
b278b000-b27d9000 rw-p 00000000 00:00 0          [stack:5314]
b27d9000-b2806000 r-xp 00000000 00:1d 3713308    /home/user/Desktop/nfs/examples/ipv6/rpl-udp/obj_cooja/mtype100.cooja
b2806000-b2807000 r--p 0002c000 00:1d 3713308    /home/user/Desktop/nfs/examples/ipv6/rpl-udp/obj_cooja/mtype100.cooja
b2807000-b2808000 rw-p 0002d000 00:1d 3713308    /home/user/Desktop/nfs/examples/ipv6/rpl-udp/obj_cooja/mtype100.cooja
b2808000-b2810000 rw-p 00000000 00:00 0 
b2810000-b2813000 ---p 00000000 00:00 0 
b2813000-b2861000 rw-p 00000000 00:00 0          [stack:3800]
b2861000-b2864000 ---p 00000000 00:00 0 
b2864000-b28b2000 rw-p 00000000 00:00 0          [stack:3789]
b28b2000-b28b5000 ---p 00000000 00:00 0 
b28b5000-b2903000 rw-p 00000000 00:00 0          [stack:4005]
b2903000-b2930000 r-xp 00000000 00:1d 3709952    /home/user/Desktop/nfs/examples/ipv6/rpl-udp/obj_cooja/mtype116.cooja
b2930000-b2931000 r--p 0002c000 00:1d 3709952    /home/user/Desktop/nfs/examples/ipv6/rpl-udp/obj_cooja/mtype116.cooja
b2931000-b2932000 rw-p 0002d000 00:1d 3709952    /home/user/Desktop/nfs/examples/ipv6/rpl-udp/obj_cooja/mtype116.cooja
b2932000-b293a000 rw-p 00000000 00:00 0 
b293a000-b293d000 ---p 00000000 00:00 0 
b293d000-b298b000 rw-p 00000000 00:00 0          [stack:3756]
b298b000-b298e000 ---p 00000000 00:00 0 
b298e000-b29dc000 rw-p 00000000 00:00 0          [stack:3994]
b29dc000-b2a09000 r-xp 00000000 00:1d 3711258    /home/user/Desktop/nfs/examples/ipv6/rpl-udp/obj_cooja/mtype426.cooja
b2a09000-b2a0a000 r--p 0002c000 00:1d 3711258    /home/user/Desktop/nfs/examples/ipv6/rpl-udp/obj_cooja/mtype426.cooja
b2a0a000-b2a0b000 rw-p 0002d000 00:1d 3711258    /home/user/Desktop/nfs/examples/ipv6/rpl-udp/obj_cooja/mtype426.cooja
b2a0b000-b2a13000 rw-p 00000000 00:00 0 
b2a13000-b2a16000 ---p 00000000 00:00 0 
b2a16000-b2a64000 rw-p 00000000 00:00 0          [stack:3745]
b2a64000-b2a67000 ---p 00000000 00:00 0 
b2a67000-b2ab5000 rw-p 00000000 00:00 0          [stack:3702]
b2ab5000-b2ab8000 ---p 00000000 00:00 0 
b2ab8000-b2b06000 rw-p 00000000 00:00 0          [stack:5272]
b2b06000-b2b09000 ---p 00000000 00:00 0 
b2b09000-b2b1f000 rw-p 00000000 00:00 0          [stack:5234]
b2b83000-b2b92000 rw-s 00000000 00:04 35454998   /SYSV00000000 (deleted)
b2b92000-b2b95000 ---p 00000000 00:00 0 
b2b95000-b2be3000 rw-p 00000000 00:00 0          [stack:4043]
b2beb000-b2bed000 rw-p 00000000 00:00 0 
b2bed000-b3282000 rw-s 00000000 00:04 1933327    /SYSV00000000 (deleted)
b3282000-b3284000 r--s 00003000 00:1d 6161210    /home/user/Desktop/nfs/tools/cooja/apps/powertracker/lib/powertracker.jar
b3284000-b3285000 r--s 00002000 00:1d 3705454    /home/user/Desktop/nfs/tools/cooja/apps/collect-view/cooja-collect-view.jar
b3285000-b3287000 r--s 00008000 00:1d 10104686   /home/user/Desktop/nfs/tools/cooja/apps/serial_socket/lib/serial_socket.jar
b3287000-b32c1000 r--s 001e1000 00:1d 9048202    /home/user/Desktop/nfs/tools/cooja/apps/avrora/lib/avrora-small.jar
b32c1000-b32c2000 r--s 00008000 00:1d 9048113    /home/user/Desktop/nfs/tools/cooja/apps/avrora/lib/cooja_avrora.jar
b32c2000-b32c4000 r--s 00010000 00:1d 6161792    /home/user/Desktop/nfs/tools/cooja/apps/mspsim/lib/jipv6.jar
b32c4000-b32c5000 r--s 00004000 00:1d 6162693    /home/user/Desktop/nfs/tools/cooja/apps/mspsim/lib/coffee.jar
b32c5000-b32d1000 r--s 000ea000 00:1d 6161280    /home/user/Desktop/nfs/tools/cooja/apps/mspsim/lib/mspsim.jar
b32d1000-b32d7000 r--s 00062000 00:1d 6163184    /home/user/Desktop/nfs/tools/cooja/apps/mspsim/lib/cooja_mspsim.jar
b32d7000-b32da000 r--s 0001e000 00:1d 6161370    /home/user/Desktop/nfs/tools/cooja/apps/mrm/lib/mrm.jar
b32da000-b32dd000 ---p 00000000 00:00 0 
b32dd000-b332b000 rw-p 00000000 00:00 0          [stack:3438]
b332b000-b332e000 ---p 00000000 00:00 0 
b332e000-b337c000 rw-p 00000000 00:00 0          [stack:3437]
b337c000-b337f000 ---p 00000000 00:00 0 
b337f000-b33cd000 rw-p 00000000 00:00 0          [stack:3436]
b33cd000-b33ce000 r--s 00000000 08:01 403951     /var/cache/fontconfig/c05880de57d1f5e948fdfacc138775d9-le32d4.cache-4
b33ce000-b33d6000 r--s 00000000 08:01 395165     /var/cache/fontconfig/945677eb7aeaf62f1d50efc3fb3ec7d8-le32d4.cache-4
b33d6000-b33d8000 r--s 00000000 08:01 403828     /var/cache/fontconfig/99e8ed0e538f840c565b6ed5dad60d56-le32d4.cache-4
b33d8000-b33dc000 r--s 00000000 08:01 403701     /var/cache/fontconfig/2cd17615ca594fa2959ae173292e504c-le32d4.cache-4
b33dc000-b33dd000 r--s 00000000 08:01 403278     /var/cache/fontconfig/e7071f4a29fa870f4323321c154eba04-le32d4.cache-4
b33dd000-b33de000 r--s 00000000 08:01 402342     /var/cache/fontconfig/0d8c3b2ac0904cb8a57a757ad11a4a08-le32d4.cache-4
b33de000-b33e3000 r--s 00000000 08:01 402341     /var/cache/fontconfig/a755afe4a08bf5b97852ceb7400b47bc-le32d4.cache-4
b33e3000-b33ec000 r--s 00000000 08:01 401848     /var/cache/fontconfig/6d41288fd70b0be22e8c3a91e032eec0-le32d4.cache-4
b33ec000-b33fb000 r--s 00000000 08:01 401847     /var/cache/fontconfig/04aabc0a78ac019cf9454389977116d2-le32d4.cache-4
b33fb000-b33fc000 r--s 00000000 08:01 401846     /var/cache/fontconfig/1ac9eb803944fde146138c791f5cc56a-le32d4.cache-4
b33fc000-b33ff000 r--s 00000000 08:01 401845     /var/cache/fontconfig/385c0604a188198f04d133e54aba7fe7-le32d4.cache-4
b33ff000-b3400000 r--s 00000000 08:01 401843     /var/cache/fontconfig/dc05db6664285cc2f12bf69c139ae4c3-le32d4.cache-4
b3400000-b3402000 r--s 00000000 08:01 393795     /var/cache/fontconfig/767a8244fc0220cfb567a839d0392e0b-le32d4.cache-4
b3402000-b3403000 r--s 00000000 08:01 401842     /var/cache/fontconfig/4794a0821666d79190d59a36cb4f44b5-le32d4.cache-4
b3403000-b3407000 r--s 00000000 08:01 401841     /var/cache/fontconfig/8801497958630a81b71ace7c5f9b32a8-le32d4.cache-4
b3407000-b340c000 r--s 00000000 08:01 401840     /var/cache/fontconfig/3047814df9a2f067bd2d96a2b9c36e5a-le32d4.cache-4
b340c000-b341c000 r--s 00000000 08:01 401836     /var/cache/fontconfig/d52a8644073d54c13679302ca1180695-le32d4.cache-4
b341c000-b346c000 r-xp 00000000 08:01 177825     /usr/lib/jvm/java-7-openjdk-i386/jre/lib/i386/libfontmanager.so
b346c000-b346e000 r--p 0004f000 08:01 177825     /usr/lib/jvm/java-7-openjdk-i386/jre/lib/i386/libfontmanager.so
b346e000-b346f000 rw-p 00051000 08:01 177825     /usr/lib/jvm/java-7-openjdk-i386/jre/lib/i386/libfontmanager.so
b346f000-b3472000 ---p 00000000 00:00 0 
b3472000-b34c0000 rw-p 00000000 00:00 0          [stack:3435]
b34c0000-b34c4000 r-xp 00000000 08:01 7640       /usr/lib/i386-linux-gnu/libXfixes.so.3.1.0
b34c4000-b34c5000 r--p 00003000 08:01 7640       /usr/lib/i386-linux-gnu/libXfixes.so.3.1.0
b34c5000-b34c6000 rw-p 00004000 08:01 7640       /usr/lib/i386-linux-gnu/libXfixes.so.3.1.0
b34c6000-b34cf000 r-xp 00000000 08:01 9790       /usr/lib/i386-linux-gnu/libXcursor.so.1.0.2
b34cf000-b34d0000 r--p 00008000 08:01 9790       /usr/lib/i386-linux-gnu/libXcursor.so.1.0.2
b34d0000-b34d1000 rw-p 00009000 08:01 9790       /usr/lib/i386-linux-gnu/libXcursor.so.1.0.2
b34d1000-b34d4000 ---p 00000000 00:00 0 
b34d4000-b3522000 rw-p 00000000 00:00 0          [stack:3434]
b3522000-b3548000 r-xp 00000000 08:01 142122     /lib/i386-linux-gnu/libpng12.so.0.50.0
b3548000-b3549000 r--p 00025000 08:01 142122     /lib/i386-linux-gnu/libpng12.so.0.50.0
b3549000-b354a000 rw-p 00026000 08:01 142122     /lib/i386-linux-gnu/libpng12.so.0.50.0
b354a000-b356f000 r-xp 00000000 08:01 131117     /lib/i386-linux-gnu/libexpat.so.1.6.0
b356f000-b3570000 ---p 00025000 08:01 131117     /lib/i386-linux-gnu/libexpat.so.1.6.0
b3570000-b3572000 r--p 00025000 08:01 131117     /lib/i386-linux-gnu/libexpat.so.1.6.0
b3572000-b3573000 rw-p 00027000 08:01 131117     /lib/i386-linux-gnu/libexpat.so.1.6.0
b3573000-b360e000 r-xp 00000000 08:01 9145       /usr/lib/i386-linux-gnu/libfreetype.so.6.11.1
b360e000-b3612000 r--p 0009a000 08:01 9145       /usr/lib/i386-linux-gnu/libfreetype.so.6.11.1
b3612000-b3613000 rw-p 0009e000 08:01 9145       /usr/lib/i386-linux-gnu/libfreetype.so.6.11.1
b3613000-b3633000 r-xp 00000000 08:01 66655      /usr/lib/i386-linux-gnu/libxcb.so.1.1.0
b3633000-b3634000 r--p 0001f000 08:01 66655      /usr/lib/i386-linux-gnu/libxcb.so.1.1.0
b3634000-b3635000 rw-p 00020000 08:01 66655      /usr/lib/i386-linux-gnu/libxcb.so.1.1.0
b3635000-b366e000 r-xp 00000000 08:01 9181       /usr/lib/i386-linux-gnu/libfontconfig.so.1.8.0
b366e000-b366f000 r--p 00039000 08:01 9181       /usr/lib/i386-linux-gnu/libfontconfig.so.1.8.0
b366f000-b3670000 rw-p 0003a000 08:01 9181       /usr/lib/i386-linux-gnu/libfontconfig.so.1.8.0
b3670000-b367e000 r-xp 00000000 08:01 7577       /usr/lib/i386-linux-gnu/libXi.so.6.1.0
b367e000-b367f000 r--p 0000e000 08:01 7577       /usr/lib/i386-linux-gnu/libXi.so.6.1.0
b367f000-b3680000 rw-p 0000f000 08:01 7577       /usr/lib/i386-linux-gnu/libXi.so.6.1.0
b3680000-b37b0000 r-xp 00000000 08:01 10842      /usr/lib/i386-linux-gnu/libX11.so.6.3.0
b37b0000-b37b1000 r--p 00130000 08:01 10842      /usr/lib/i386-linux-gnu/libX11.so.6.3.0
b37b1000-b37b3000 rw-p 00131000 08:01 10842      /usr/lib/i386-linux-gnu/libX11.so.6.3.0
b37b3000-b37b4000 rw-p 00000000 00:00 0 
b37b4000-b37fc000 r-xp 00000000 08:01 136659     /usr/lib/jvm/java-7-openjdk-i386/jre/lib/i386/xawt/libmawt.so
b37fc000-b37fd000 r--p 00048000 08:01 136659     /usr/lib/jvm/java-7-openjdk-i386/jre/lib/i386/xawt/libmawt.so
b37fd000-b37ff000 rw-p 00049000 08:01 136659     /usr/lib/jvm/java-7-openjdk-i386/jre/lib/i386/xawt/libmawt.so
b37ff000-b3800000 rw-p 00000000 00:00 0 
b3800000-b38c3000 rw-p 00000000 00:00 0 
b38c3000-b3900000 ---p 00000000 00:00 0 
b3900000-b3901000 r--s 00000000 08:01 401839     /var/cache/fontconfig/56cf4f4769d0f4abc89a4895d7bd3ae1-le32d4.cache-4
b3901000-b3906000 r-xp 00000000 08:01 5406       /usr/lib/i386-linux-gnu/libXdmcp.so.6.0.0
b3906000-b3907000 r--p 00004000 08:01 5406       /usr/lib/i386-linux-gnu/libXdmcp.so.6.0.0
b3907000-b3908000 rw-p 00005000 08:01 5406       /usr/lib/i386-linux-gnu/libXdmcp.so.6.0.0
b3908000-b390a000 r-xp 00000000 08:01 5352       /usr/lib/i386-linux-gnu/libXau.so.6.0.0
b390a000-b390b000 r--p 00001000 08:01 5352       /usr/lib/i386-linux-gnu/libXau.so.6.0.0
b390b000-b390c000 rw-p 00002000 08:01 5352       /usr/lib/i386-linux-gnu/libXau.so.6.0.0
b390c000-b3911000 r-xp 00000000 08:01 10292      /usr/lib/i386-linux-gnu/libXtst.so.6.1.0
b3911000-b3912000 r--p 00004000 08:01 10292      /usr/lib/i386-linux-gnu/libXtst.so.6.1.0
b3912000-b3913000 rw-p 00005000 08:01 10292      /usr/lib/i386-linux-gnu/libXtst.so.6.1.0
b3913000-b3915000 r-xp 00000000 08:01 3489       /usr/lib/i386-linux-gnu/libXcomposite.so.1.0.0
b3915000-b3916000 r--p 00001000 08:01 3489       /usr/lib/i386-linux-gnu/libXcomposite.so.1.0.0
b3916000-b3917000 rw-p 00002000 08:01 3489       /usr/lib/i386-linux-gnu/libXcomposite.so.1.0.0
b3917000-b3920000 r-xp 00000000 08:01 6199       /usr/lib/i386-linux-gnu/libXrender.so.1.3.0
b3920000-b3921000 r--p 00008000 08:01 6199       /usr/lib/i386-linux-gnu/libXrender.so.1.3.0
b3921000-b3922000 rw-p 00009000 08:01 6199       /usr/lib/i386-linux-gnu/libXrender.so.1.3.0
b3922000-b3933000 r-xp 00000000 08:01 6183       /usr/lib/i386-linux-gnu/libXext.so.6.4.0
b3933000-b3934000 r--p 00010000 08:01 6183       /usr/lib/i386-linux-gnu/libXext.so.6.4.0
b3934000-b3935000 rw-p 00011000 08:01 6183       /usr/lib/i386-linux-gnu/libXext.so.6.4.0
b3935000-b39c4000 r-xp 00000000 08:01 177836     /usr/lib/jvm/java-7-openjdk-i386/jre/lib/i386/libawt.so
b39c4000-b39c5000 r--p 0008f000 08:01 177836     /usr/lib/jvm/java-7-openjdk-i386/jre/lib/i386/libawt.so
b39c5000-b39cc000 rw-p 00090000 08:01 177836     /usr/lib/jvm/java-7-openjdk-i386/jre/lib/i386/libawt.so
b39cc000-b39f0000 rw-p 00000000 00:00 0 
b39f0000-b3a2c000 r-xp 00000000 08:01 132344     /lib/i386-linux-gnu/libpcre.so.3.13.1
b3a2c000-b3a2d000 r--p 0003b000 08:01 132344     /lib/i386-linux-gnu/libpcre.so.3.13.1
b3a2d000-b3a2e000 rw-p 0003c000 08:01 132344     /lib/i386-linux-gnu/libpcre.so.3.13.1
b3a2e000-b3a33000 r-xp 00000000 08:01 9076       /usr/lib/i386-linux-gnu/libffi.so.6.0.1
b3a33000-b3a34000 r--p 00005000 08:01 9076       /usr/lib/i386-linux-gnu/libffi.so.6.0.1
b3a34000-b3a35000 rw-p 00006000 08:01 9076       /usr/lib/i386-linux-gnu/libffi.so.6.0.1
b3a35000-b3a48000 r-xp 00000000 08:01 158559     /lib/i386-linux-gnu/libresolv-2.19.so
b3a48000-b3a49000 ---p 00013000 08:01 158559     /lib/i386-linux-gnu/libresolv-2.19.so
b3a49000-b3a4a000 r--p 00013000 08:01 158559     /lib/i386-linux-gnu/libresolv-2.19.so
b3a4a000-b3a4b000 rw-p 00014000 08:01 158559     /lib/i386-linux-gnu/libresolv-2.19.so
b3a4b000-b3a4d000 rw-p 00000000 00:00 0 
b3a4d000-b3a6d000 r-xp 00000000 08:01 131406     /lib/i386-linux-gnu/libselinux.so.1
b3a6d000-b3a6e000 r--p 0001f000 08:01 131406     /lib/i386-linux-gnu/libselinux.so.1
b3a6e000-b3a6f000 rw-p 00020000 08:01 131406     /lib/i386-linux-gnu/libselinux.so.1
b3a6f000-b3a70000 rw-p 00000000 00:00 0 
b3a70000-b3b7a000 r-xp 00000000 08:01 136564     /lib/i386-linux-gnu/libglib-2.0.so.0.4002.0
b3b7a000-b3b7b000 r--p 00109000 08:01 136564     /lib/i386-linux-gnu/libglib-2.0.so.0.4002.0
b3b7b000-b3b7c000 rw-p 0010a000 08:01 136564     /lib/i386-linux-gnu/libglib-2.0.so.0.4002.0
b3b7c000-b3bcc000 r-xp 00000000 08:01 1672       /usr/lib/i386-linux-gnu/libgobject-2.0.so.0.4002.0
b3bcc000-b3bcd000 r--p 0004f000 08:01 1672       /usr/lib/i386-linux-gnu/libgobject-2.0.so.0.4002.0
b3bcd000-b3bce000 rw-p 00050000 08:01 1672       /usr/lib/i386-linux-gnu/libgobject-2.0.so.0.4002.0
b3bce000-b3d4b000 r-xp 00000000 08:01 1674       /usr/lib/i386-linux-gnu/libgio-2.0.so.0.4002.0
b3d4b000-b3d4d000 r--p 0017d000 08:01 1674       /usr/lib/i386-linux-gnu/libgio-2.0.so.0.4002.0
b3d4d000-b3d4e000 rw-p 0017f000 08:01 1674       /usr/lib/i386-linux-gnu/libgio-2.0.so.0.4002.0
b3d4e000-b3d4f000 rw-p 00000000 00:00 0 
b3d4f000-b3d53000 r--s 00000000 08:01 401837     /var/cache/fontconfig/b47c4e1ecd0709278f4910c18777a504-le32d4.cache-4
b3d53000-b3d5a000 r--s 00000000 08:01 401835     /var/cache/fontconfig/3f7329c5293ffd510edef78f73874cfd-le32d4.cache-4
b3d5a000-b3d63000 r--s 00000000 08:01 401834     /var/cache/fontconfig/d589a48862398ed80a3d6066f4f56f4c-le32d4.cache-4
b3d63000-b3d66000 r--s 00000000 08:01 394702     /var/cache/fontconfig/7ef2298fde41cc6eeb7af42e48b7d293-le32d4.cache-4
b3d66000-b3d7e000 r-xp 00000000 08:01 153628     /usr/lib/jvm/java-7-openjdk-i386/jre/lib/i386/libnet.so
b3d7e000-b3d7f000 r--p 00017000 08:01 153628     /usr/lib/jvm/java-7-openjdk-i386/jre/lib/i386/libnet.so
b3d7f000-b3d80000 rw-p 00018000 08:01 153628     /usr/lib/jvm/java-7-openjdk-i386/jre/lib/i386/libnet.so
b3d80000-b3d91000 r-xp 00000000 08:01 177810     /usr/lib/jvm/java-7-openjdk-i386/jre/lib/i386/libnio.so
b3d91000-b3d92000 r--p 00010000 08:01 177810     /usr/lib/jvm/java-7-openjdk-i386/jre/lib/i386/libnio.so
b3d92000-b3d93000 rw-p 00011000 08:01 177810     /usr/lib/jvm/java-7-openjdk-i386/jre/lib/i386/libnio.so
b3d93000-b3d9d000 r--s 000ae000 08:01 136823     /usr/lib/jvm/java-7-openjdk-i386/jre/lib/resources.jar
b3d9d000-b3dba000 r--s 0014f000 00:1d 3709046    /home/user/Desktop/nfs/tools/cooja/lib/swingx-all-1.6.4.jar
b3dba000-b3dbb000 ---p 00000000 00:00 0 
b3dbb000-b3e3b000 rw-p 00000000 00:00 0          [stack:3433]
b3e3b000-b3e3e000 ---p 00000000 00:00 0 
b3e3e000-b3e8c000 rw-p 00000000 00:00 0          [stack:3432]
b3e8c000-b3e8f000 ---p 00000000 00:00 0 
b3e8f000-b3f0d000 rw-p 00000000 00:00 0          [stack:3431]
b3f0d000-b3f10000 ---p 00000000 00:00 0 
b3f10000-b3f5e000 rw-p 00000000 00:00 0          [stack:3430]
b3f5e000-b415e000 r--p 00000000 08:01 369        /usr/lib/locale/locale-archive
b415e000-b4161000 ---p 00000000 00:00 0 
b4161000-b41af000 rw-p 00000000 00:00 0          [stack:3429]
b41af000-b41b2000 ---p 00000000 00:00 0 
b41b2000-b4200000 rw-p 00000000 00:00 0          [stack:3428]
b4200000-b42a2000 rw-p 00000000 00:00 0 
b42a2000-b4300000 ---p 00000000 00:00 0 
b4300000-b4301000 r--s 00000000 08:01 401838     /var/cache/fontconfig/b9d506c9ac06c20b433354fa67a72993-le32d4.cache-4
b4301000-b4304000 r-xp 00000000 08:01 1675       /usr/lib/i386-linux-gnu/libgmodule-2.0.so.0.4002.0
b4304000-b4305000 r--p 00002000 08:01 1675       /usr/lib/i386-linux-gnu/libgmodule-2.0.so.0.4002.0
b4305000-b4306000 rw-p 00003000 08:01 1675       /usr/lib/i386-linux-gnu/libgmodule-2.0.so.0.4002.0
b4306000-b430d000 r--s 0005b000 00:1d 3706283    /home/user/Desktop/nfs/tools/cooja/lib/jsyntaxpane.jar
b430d000-b4314000 r--s 0004f000 00:1d 3702728    /home/user/Desktop/nfs/tools/cooja/lib/log4j.jar
b4314000-b4317000 r--s 00022000 00:1d 3705387    /home/user/Desktop/nfs/tools/cooja/lib/jdom.jar
b4317000-b431b000 r--s 00085000 08:01 177967     /usr/lib/jvm/java-7-openjdk-i386/jre/lib/ext/localedata.jar
b431b000-b431f000 r--s 00034000 08:01 177971     /usr/lib/jvm/java-7-openjdk-i386/jre/lib/ext/sunjce_provider.jar
b431f000-b4320000 ---p 00000000 00:00 0 
b4320000-b43e9000 rw-p 00000000 00:00 0          [stack:3427]
b43e9000-b459c000 r--s 01d3d000 08:01 136821     /usr/lib/jvm/java-7-openjdk-i386/jre/lib/rt.jar
b459c000-b45af000 rw-p 00000000 00:00 0 
b45af000-b4654000 rw-p 00000000 00:00 0 
b4654000-b4657000 rw-p 00000000 00:00 0 
b4657000-b46a9000 rw-p 00000000 00:00 0 
b46a9000-b46af000 rw-p 00000000 00:00 0 
b46af000-b4754000 rw-p 00000000 00:00 0 
b4754000-b475a000 rw-p 00000000 00:00 0 
b475a000-b4774000 rw-p 00000000 00:00 0 
b4774000-b4793000 rw-p 00000000 00:00 0 
b4793000-b4800000 rw-p 00000000 00:00 0 
b4800000-b4ca8000 rwxp 00000000 00:00 0 
b4ca8000-b68f7000 rw-p 00000000 00:00 0 
b68f7000-b6900000 ---p 00000000 00:00 0 
b6900000-b6902000 r--s 00000000 08:01 394475     /var/cache/fontconfig/e13b20fdb08344e0e664864cc2ede53d-le32d4.cache-4
b6902000-b6905000 r--s 0000f000 08:01 177961     /usr/lib/jvm/java-7-openjdk-i386/jre/lib/ext/icedtea-sound.jar
b6905000-b690c000 rw-p 00000000 00:00 0 
b690c000-b6926000 rw-p 00000000 00:00 0 
b6926000-b6930000 r-xp 00000000 08:01 159039     /lib/i386-linux-gnu/libnss_files-2.19.so
b6930000-b6931000 r--p 00009000 08:01 159039     /lib/i386-linux-gnu/libnss_files-2.19.so
b6931000-b6932000 rw-p 0000a000 08:01 159039     /lib/i386-linux-gnu/libnss_files-2.19.so
b6932000-b693c000 r-xp 00000000 08:01 158574     /lib/i386-linux-gnu/libnss_nis-2.19.so
b693c000-b693d000 r--p 00009000 08:01 158574     /lib/i386-linux-gnu/libnss_nis-2.19.so
b693d000-b693e000 rw-p 0000a000 08:01 158574     /lib/i386-linux-gnu/libnss_nis-2.19.so
b693e000-b6953000 r-xp 00000000 08:01 158568     /lib/i386-linux-gnu/libnsl-2.19.so
b6953000-b6954000 r--p 00015000 08:01 158568     /lib/i386-linux-gnu/libnsl-2.19.so
b6954000-b6955000 rw-p 00016000 08:01 158568     /lib/i386-linux-gnu/libnsl-2.19.so
b6955000-b6957000 rw-p 00000000 00:00 0 
b6957000-b695e000 r-xp 00000000 08:01 158567     /lib/i386-linux-gnu/libnss_compat-2.19.so
b695e000-b695f000 r--p 00006000 08:01 158567     /lib/i386-linux-gnu/libnss_compat-2.19.so
b695f000-b6960000 rw-p 00007000 08:01 158567     /lib/i386-linux-gnu/libnss_compat-2.19.so
b6960000-b6961000 r--s 00000000 08:01 401833     /var/cache/fontconfig/0c9eb80ebd1c36541ebe2852d3bb0c49-le32d4.cache-4
b6961000-b6962000 r--s 00002000 08:01 177972     /usr/lib/jvm/java-7-openjdk-i386/jre/lib/ext/dnsns.jar
b6962000-b6965000 r--s 0003d000 08:01 177959     /usr/lib/jvm/java-7-openjdk-i386/jre/lib/ext/sunpkcs11.jar
b6965000-b696d000 r-xp 00000000 08:01 177878     /usr/lib/jvm/java-7-openjdk-i386/jre/lib/i386/libzip.so
b696d000-b696e000 r--p 00007000 08:01 177878     /usr/lib/jvm/java-7-openjdk-i386/jre/lib/i386/libzip.so
b696e000-b696f000 rw-p 00008000 08:01 177878     /usr/lib/jvm/java-7-openjdk-i386/jre/lib/i386/libzip.so
b696f000-b6977000 rw-s 00000000 08:01 138918     /tmp/hsperfdata_user/3421
b6977000-b699e000 r-xp 00000000 08:01 136829     /usr/lib/jvm/java-7-openjdk-i386/jre/lib/i386/libjava.so
b699e000-b699f000 r--p 00026000 08:01 136829     /usr/lib/jvm/java-7-openjdk-i386/jre/lib/i386/libjava.so
b699f000-b69a0000 rw-p 00027000 08:01 136829     /usr/lib/jvm/java-7-openjdk-i386/jre/lib/i386/libjava.so
b69a0000-b69a7000 r-xp 00000000 08:01 158579     /lib/i386-linux-gnu/librt-2.19.so
b69a7000-b69a8000 r--p 00006000 08:01 158579     /lib/i386-linux-gnu/librt-2.19.so
b69a8000-b69a9000 rw-p 00007000 08:01 158579     /lib/i386-linux-gnu/librt-2.19.so
b69a9000-b69ac000 ---p 00000000 00:00 0 
b69ac000-b69fa000 rw-p 00000000 00:00 0          [stack:3426]
b69fa000-b6a16000 r-xp 00000000 08:01 158999     /lib/i386-linux-gnu/libgcc_s.so.1
b6a16000-b6a17000 rw-p 0001b000 08:01 158999     /lib/i386-linux-gnu/libgcc_s.so.1
b6a17000-b6a5b000 r-xp 00000000 08:01 158561     /lib/i386-linux-gnu/libm-2.19.so
b6a5b000-b6a5c000 r--p 00043000 08:01 158561     /lib/i386-linux-gnu/libm-2.19.so
b6a5c000-b6a5d000 rw-p 00044000 08:01 158561     /lib/i386-linux-gnu/libm-2.19.so
b6a5d000-b6b39000 r-xp 00000000 08:01 289        /usr/lib/i386-linux-gnu/libstdc++.so.6.0.19
b6b39000-b6b3d000 r--p 000dc000 08:01 289        /usr/lib/i386-linux-gnu/libstdc++.so.6.0.19
b6b3d000-b6b3e000 rw-p 000e0000 08:01 289        /usr/lib/i386-linux-gnu/libstdc++.so.6.0.19
b6b3e000-b6b45000 rw-p 00000000 00:00 0 
b6b45000-b717b000 r-xp 00000000 08:01 177850     /usr/lib/jvm/java-7-openjdk-i386/jre/lib/i386/client/libjvm.so
b717b000-b7191000 r--p 00635000 08:01 177850     /usr/lib/jvm/java-7-openjdk-i386/jre/lib/i386/client/libjvm.so
b7191000-b71a0000 rw-p 0064b000 08:01 177850     /usr/lib/jvm/java-7-openjdk-i386/jre/lib/i386/client/libjvm.so
b71a0000-b75bc000 rw-p 00000000 00:00 0 
b75bc000-b75d4000 r-xp 00000000 08:01 158556     /lib/i386-linux-gnu/libz.so.1.2.8
b75d4000-b75d5000 r--p 00017000 08:01 158556     /lib/i386-linux-gnu/libz.so.1.2.8
b75d5000-b75d6000 rw-p 00018000 08:01 158556     /lib/i386-linux-gnu/libz.so.1.2.8
b75d6000-b75ee000 r-xp 00000000 08:01 158571     /lib/i386-linux-gnu/libpthread-2.19.so
b75ee000-b75ef000 r--p 00018000 08:01 158571     /lib/i386-linux-gnu/libpthread-2.19.so
b75ef000-b75f0000 rw-p 00019000 08:01 158571     /lib/i386-linux-gnu/libpthread-2.19.so
b75f0000-b75f2000 rw-p 00000000 00:00 0 
b75f2000-b75f5000 r-xp 00000000 08:01 158563     /lib/i386-linux-gnu/libdl-2.19.so
b75f5000-b75f6000 r--p 00002000 08:01 158563     /lib/i386-linux-gnu/libdl-2.19.so
b75f6000-b75f7000 rw-p 00003000 08:01 158563     /lib/i386-linux-gnu/libdl-2.19.so
b75f7000-b779f000 r-xp 00000000 08:01 158580     /lib/i386-linux-gnu/libc-2.19.so
b779f000-b77a0000 ---p 001a8000 08:01 158580     /lib/i386-linux-gnu/libc-2.19.so
b77a0000-b77a2000 r--p 001a8000 08:01 158580     /lib/i386-linux-gnu/libc-2.19.so
b77a2000-b77a3000 rw-p 001aa000 08:01 158580     /lib/i386-linux-gnu/libc-2.19.so
b77a3000-b77a6000 rw-p 00000000 00:00 0 
b77a6000-b77a8000 r--s 00006000 08:01 276693     /usr/share/java/java-atk-wrapper.jar
b77a8000-b77aa000 r--s 00012000 08:01 177976     /usr/lib/jvm/java-7-openjdk-i386/jre/lib/ext/zipfs.jar
b77aa000-b77ab000 r--p 002c5000 08:01 369        /usr/lib/locale/locale-archive
b77ab000-b77ac000 rw-p 00000000 00:00 0 
b77ac000-b77ad000 r--p 00000000 00:00 0 
b77ad000-b77bb000 r-xp 00000000 08:01 136825     /usr/lib/jvm/java-7-openjdk-i386/jre/lib/i386/libverify.so
b77bb000-b77bc000 r--p 0000d000 08:01 136825     /usr/lib/jvm/java-7-openjdk-i386/jre/lib/i386/libverify.so
b77bc000-b77bd000 rw-p 0000e000 08:01 136825     /usr/lib/jvm/java-7-openjdk-i386/jre/lib/i386/libverify.so
b77bd000-b77c9000 r-xp 00000000 08:01 136926     /usr/lib/jvm/java-7-openjdk-i386/jre/lib/i386/jli/libjli.so
b77c9000-b77ca000 r--p 0000c000 08:01 136926     /usr/lib/jvm/java-7-openjdk-i386/jre/lib/i386/jli/libjli.so
b77ca000-b77cb000 rw-p 0000d000 08:01 136926     /usr/lib/jvm/java-7-openjdk-i386/jre/lib/i386/jli/libjli.so
b77cb000-b77ce000 rw-p 00000000 00:00 0 
b77ce000-b77cf000 r-xp 00000000 00:00 0          [vdso]
b77cf000-b77ef000 r-xp 00000000 08:01 158572     /lib/i386-linux-gnu/ld-2.19.so
b77ef000-b77f0000 r--p 0001f000 08:01 158572     /lib/i386-linux-gnu/ld-2.19.so
b77f0000-b77f1000 rw-p 00020000 08:01 158572     /lib/i386-linux-gnu/ld-2.19.so
bfba9000-bfbaa000 rwxp 00000000 00:00 0 
bfbdc000-bfbfd000 rw-p 00000000 00:00 0          [stack]

VM Arguments:
jvm_args: -Xmx512m -Duser.language=en 
java_command: org.contikios.cooja.Cooja
Launcher Type: SUN_STANDARD

Environment Variables:
JAVA_HOME=/usr/lib/jvm/java-7-openjdk-i386
PATH=/usr/local/sdcc/bin:/usr/local/sbin:/usr/local/bin:/usr/sbin:/usr/bin:/sbin:/bin:/usr/games:/usr/local/games:/home/user/CodeSourcery/Sourcery_G++_Lite/bin:/usr/local/msp430/bin:/home/user/CodeSourcery/Sourcery_G++_Lite/bin
LD_LIBRARY_PATH=.
SHELL=/bin/bash
DISPLAY=:0

Signal Handlers:
SIGSEGV: [libjvm.so+0x4efa90], sa_mask[0]=0x7ffbfeff, sa_flags=0x10000004
SIGBUS: [libjvm.so+0x4efa90], sa_mask[0]=0x7ffbfeff, sa_flags=0x10000004
SIGFPE: [libjvm.so+0x3cb5a0], sa_mask[0]=0x7ffbfeff, sa_flags=0x10000004
SIGPIPE: [libjvm.so+0x3cb5a0], sa_mask[0]=0x7ffbfeff, sa_flags=0x10000004
SIGXFSZ: [libjvm.so+0x3cb5a0], sa_mask[0]=0x7ffbfeff, sa_flags=0x10000004
SIGILL: [libjvm.so+0x3cb5a0], sa_mask[0]=0x7ffbfeff, sa_flags=0x10000004
SIGUSR1: SIG_DFL, sa_mask[0]=0x00000000, sa_flags=0x00000000
SIGUSR2: [libjvm.so+0x3cb700], sa_mask[0]=0x00000004, sa_flags=0x10000004
SIGHUP: [libjvm.so+0x3cb660], sa_mask[0]=0x7ffbfeff, sa_flags=0x10000004
SIGINT: [libjvm.so+0x3cb660], sa_mask[0]=0x7ffbfeff, sa_flags=0x10000004
SIGTERM: [libjvm.so+0x3cb660], sa_mask[0]=0x7ffbfeff, sa_flags=0x10000004
SIGQUIT: [libjvm.so+0x3cb660], sa_mask[0]=0x7ffbfeff, sa_flags=0x10000004
SIGTRAP: SIG_DFL, sa_mask[0]=0x00000000, sa_flags=0x00000000


---------------  S Y S T E M  ---------------

OS:Ubuntu 14.04 (trusty)
uname:Linux 3.13.0-96-generic #143-Ubuntu SMP Mon Aug 29 20:15:47 UTC 2016 i686
libc:glibc 2.19 NPTL 2.19 
rlimit: STACK 8192k, CORE 0k, NPROC 7860, NOFILE 4096, AS infinity
load average:1.66 0.67 0.31

/proc/meminfo:
MemTotal:        1025420 kB
MemFree:          105324 kB
Buffers:           54456 kB
Cached:           389048 kB
SwapCached:          772 kB
Active:           398116 kB
Inactive:         416632 kB
Active(anon):     184880 kB
Inactive(anon):   212984 kB
Active(file):     213236 kB
Inactive(file):   203648 kB
Unevictable:          32 kB
Mlocked:              32 kB
HighTotal:        135048 kB
HighFree:           6448 kB
LowTotal:         890372 kB
LowFree:           98876 kB
SwapTotal:       1046524 kB
SwapFree:        1045124 kB
Dirty:               268 kB
Writeback:             0 kB
AnonPages:        370576 kB
Mapped:           135464 kB
Shmem:             26568 kB
Slab:              66576 kB
SReclaimable:      52072 kB
SUnreclaim:        14504 kB
KernelStack:        3144 kB
PageTables:         6724 kB
NFS_Unstable:          0 kB
Bounce:                0 kB
WritebackTmp:          0 kB
CommitLimit:     1559232 kB
Committed_AS:    2416868 kB
VmallocTotal:     122880 kB
VmallocUsed:       24588 kB
VmallocChunk:      72024 kB
HardwareCorrupted:     0 kB
AnonHugePages:    180224 kB
HugePages_Total:       0
HugePages_Free:        0
HugePages_Rsvd:        0
HugePages_Surp:        0
Hugepagesize:       2048 kB
DirectMap4k:       53240 kB
DirectMap2M:      860160 kB


CPU:total 1 (1 cores per cpu, 1 threads per core) family 6 model 94 stepping 3, cmov, cx8, fxsr, mmx, sse, sse2, sse3, ssse3, sse4.1, sse4.2, popcnt, avx, aes, tsc, tscinvbit

/proc/cpuinfo:
processor	: 0
vendor_id	: GenuineIntel
cpu family	: 6
model		: 94
model name	: Intel(R) Core(TM) i5-6500 CPU @ 3.20GHz
stepping	: 3
microcode	: 0x76
cpu MHz		: 3600.000
cache size	: 6144 KB
physical id	: 0
siblings	: 1
core id		: 0
cpu cores	: 1
apicid		: 0
initial apicid	: 0
fdiv_bug	: no
f00f_bug	: no
coma_bug	: no
fpu		: yes
fpu_exception	: yes
cpuid level	: 22
wp		: yes
flags		: fpu vme de pse tsc msr pae mce cx8 apic sep mtrr pge mca cmov pat pse36 clflush dts mmx fxsr sse sse2 ss nx rdtscp lm constant_tsc arch_perfmon pebs bts tsc_reliable nonstop_tsc aperfmperf pni pclmulqdq ssse3 fma cx16 sse4_1 sse4_2 movbe popcnt aes xsave avx hypervisor lahf_lm 3dnowprefetch ida arat epb pln pts dtherm
bogomips	: 7200.00
clflush size	: 64
cache_alignment	: 64
address sizes	: 40 bits physical, 48 bits virtual
power management:



Memory: 4k page, physical 1025420k(105324k free), swap 1046524k(1045124k free)

vm_info: OpenJDK Client VM (24.111-b01) for linux-x86 JRE (1.7.0_111-b01), built on Aug 12 2016 05:36:14 by "buildd" with gcc 4.8.4

time: Fri Oct  7 07:45:55 2016
elapsed time: 7357 seconds

