#
# A fatal error has been detected by the Java Runtime Environment:
#
#  SIGSEGV (0xb) at pc=0xb769f0c1, pid=2829, tid=2990467904
#
# JRE version: OpenJDK Runtime Environment (7.0_79-b14) (build 1.7.0_79-b14)
# Java VM: OpenJDK Client VM (24.79-b02 mixed mode, sharing linux-x86 )
# Derivative: IcedTea 2.5.6
# Distribution: Ubuntu 14.04 LTS, package 7u79-2.5.6-0ubuntu1.14.04.1
# Problematic frame:
# C  [libc.so.6+0x1340c1]
#
# Failed to write core dump. Core dumps have been disabled. To enable core dumping, try "ulimit -c unlimited" before starting Java again
#
# If you would like to submit a bug report, please include
# instructions on how to reproduce the bug and visit:
#   http://icedtea.classpath.org/bugzilla
# The crash happened outside the Java Virtual Machine in native code.
# See problematic frame for where to report the bug.
#

---------------  T H R E A D  ---------------

Current thread (0x085d9400):  JavaThread "Thread-27" [_thread_in_native, id=3717, stack(0xb239e000,0xb23ef000)]

siginfo:si_signo=SIGSEGV: si_errno=0, si_code=2 (SEGV_ACCERR), si_addr=0xb2351f9c

Registers:
EAX=0xb389d1d0, EBX=0xb76d5bc0, ECX=0x00000256, EDX=0xb2351fa0
ESP=0xb23ede40, EBP=0xb23ede78, ESI=0xb2351f9c, EDI=0x00000000
EIP=0xb769f0c1, EFLAGS=0x00010206, CR2=0xb2351f9c

Top of Stack: (sp=0xb23ede40)
0xb23ede40:   8f0e2f1c 085d9400 8f0e2f20 b2332c56
0xb23ede50:   b2351f9c b389d1d8 0000027a b2134844
0xb23ede60:   8f0e2f20 8f0e2f1c 085d9400 b389d1d8
0xb23ede70:   b47afade 085d9400 b23edec0 b47afbe3
0xb23ede80:   085d9528 b23ededc 00030020 0000027a
0xb23ede90:   b23eded0 08660e40 00000008 00000000
0xb23edea0:   b23edea0 8f0e2f1c b23ededc 8f0e30b8
0xb23edeb0:   00000000 8f0e2f20 00000000 b23eded0 

Instructions: (pc=0xb769f0c1)
0xb769f0a1:   5f 03 1c 8b ff e3 89 f6 8d bc 27 00 00 00 00 81
0xb769f0b1:   c3 10 6b 03 00 83 e8 0c 0f 28 08 31 ff 83 e9 20
0xb769f0c1:   f3 0f 7f 06 5e 66 0f 6f 54 38 10 83 e9 20 66 0f
0xb769f0d1:   6f 5c 38 20 66 0f 6f e3 66 0f 3a 0f da 0c 66 0f 

Register to memory mapping:

EAX=0xb389d1d0 is an unknown value
EBX=0xb76d5bc0: <offset 0x16abc0> in /lib/i386-linux-gnu/libc.so.6 at 0xb756b000
ECX=0x00000256 is an unknown value
EDX=0xb2351fa0: <offset 0x2ffa0> in /home/user/Desktop/Dual-radio-simulation/lanada/obj_cooja/mtype870.cooja at 0xb2322000
ESP=0xb23ede40 is pointing into the stack for thread: 0x085d9400
EBP=0xb23ede78 is pointing into the stack for thread: 0x085d9400
ESI=0xb2351f9c: <offset 0x2ff9c> in /home/user/Desktop/Dual-radio-simulation/lanada/obj_cooja/mtype870.cooja at 0xb2322000
EDI=0x00000000 is an unknown value


Stack: [0xb239e000,0xb23ef000],  sp=0xb23ede40,  free space=319k
Native frames: (J=compiled Java code, j=interpreted, Vv=VM code, C=native code)
C  [libc.so.6+0x1340c1]
j  org.contikios.cooja.corecomm.Lib8.setMemory(II[B)V+0
j  org.contikios.cooja.contikimote.ContikiMoteType.setCoreMemory(II[B)V+7
j  org.contikios.cooja.contikimote.ContikiMoteType.setCoreMemory(Lorg/contikios/cooja/mote/memory/SectionMoteMemory;)V+59
j  org.contikios.cooja.contikimote.ContikiMote.execute(J)V+56
j  org.contikios.cooja.motes.AbstractWakeupMote$1.execute(J)V+5
j  org.contikios.cooja.Simulation.run()V+184
j  java.lang.Thread.run()V+11
v  ~StubRoutines::call_stub
V  [libjvm.so+0x2ad116]  JavaCalls::call_helper(JavaValue*, methodHandle*, JavaCallArguments*, Thread*)+0x386

Java frames: (J=compiled Java code, j=interpreted, Vv=VM code)
j  org.contikios.cooja.corecomm.Lib8.setMemory(II[B)V+0
j  org.contikios.cooja.contikimote.ContikiMoteType.setCoreMemory(II[B)V+7
j  org.contikios.cooja.contikimote.ContikiMoteType.setCoreMemory(Lorg/contikios/cooja/mote/memory/SectionMoteMemory;)V+59
j  org.contikios.cooja.contikimote.ContikiMote.execute(J)V+56
j  org.contikios.cooja.motes.AbstractWakeupMote$1.execute(J)V+5
j  org.contikios.cooja.Simulation.run()V+184
j  java.lang.Thread.run()V+11
v  ~StubRoutines::call_stub

---------------  P R O C E S S  ---------------

Java Threads: ( => current thread )
=>0x085d9400 JavaThread "Thread-27" [_thread_in_native, id=3717, stack(0xb239e000,0xb23ef000)]
  0xb210d400 JavaThread "Thread-26" [_thread_blocked, id=3417, stack(0xb1f62000,0xb1fb3000)]
  0xb38bf000 JavaThread "Thread-24" [_thread_blocked, id=3406, stack(0xb1fb3000,0xb2004000)]
  0xb38a1c00 JavaThread "Thread-22" [_thread_blocked, id=3358, stack(0xb2076000,0xb20c7000)]
  0xb38bc800 JavaThread "Thread-19" [_thread_blocked, id=3304, stack(0xb2700000,0xb2751000)]
  0xb38a7800 JavaThread "Thread-17" [_thread_blocked, id=3256, stack(0xb2247000,0xb2298000)]
  0x084c3800 JavaThread "Thread-13" [_thread_blocked, id=3201, stack(0xb2298000,0xb22e9000)]
  0x08530400 JavaThread "Thread-11" [_thread_blocked, id=3153, stack(0xb26af000,0xb2700000)]
  0x084b8400 JavaThread "Thread-10" [_thread_blocked, id=3115, stack(0xb23ef000,0xb2440000)]
  0x084b6400 JavaThread "Thread-8" [_thread_blocked, id=3104, stack(0xb2440000,0xb2491000)]
  0xb38a9000 JavaThread "Thread-3" [_thread_blocked, id=2986, stack(0xb251b000,0xb256c000)]
  0xb38a3800 JavaThread "Thread-1" [_thread_blocked, id=2938, stack(0xb25f6000,0xb2647000)]
  0x0838fc00 JavaThread "TimerQueue" daemon [_thread_blocked, id=2846, stack(0xb2e9e000,0xb2eef000)]
  0xb6807800 JavaThread "DestroyJavaVM" [_thread_blocked, id=2831, stack(0xb6929000,0xb697a000)]
  0xb3876400 JavaThread "AWT-EventQueue-0" [_thread_blocked, id=2845, stack(0xb2eef000,0xb2f40000)]
  0xb3874c00 JavaThread "AWT-Shutdown" [_thread_blocked, id=2844, stack(0xb2f40000,0xb2f91000)]
  0xb384c400 JavaThread "AWT-XAWT" daemon [_thread_in_native, id=2843, stack(0xb3038000,0xb3089000)]
  0xb383d400 JavaThread "Java2D Disposer" daemon [_thread_blocked, id=2842, stack(0xb309a000,0xb30eb000)]
  0xb684cc00 JavaThread "Service Thread" daemon [_thread_blocked, id=2840, stack(0xb3ddd000,0xb3e2e000)]
  0xb684ac00 JavaThread "C1 CompilerThread0" daemon [_thread_blocked, id=2839, stack(0xb3e2e000,0xb3eaf000)]
  0xb6849000 JavaThread "Signal Dispatcher" daemon [_thread_blocked, id=2838, stack(0xb3eaf000,0xb3f00000)]
  0xb6833400 JavaThread "Finalizer" daemon [_thread_blocked, id=2837, stack(0xb4203000,0xb4254000)]
  0xb6831c00 JavaThread "Reference Handler" daemon [_thread_blocked, id=2836, stack(0xb4254000,0xb42a5000)]

Other Threads:
  0xb6830400 VMThread [stack: 0xb42a5000,0xb4326000] [id=2835]
  0xb684f000 WatcherThread [stack: 0xb3d5c000,0xb3ddd000] [id=2841]

VM state:not at safepoint (normal execution)

VM Mutex/Monitor currently owned by a thread: None

Heap
 def new generation   total 9600K, used 2706K [0x6e800000, 0x6f260000, 0x792a0000)
  eden space 8576K,  30% used [0x6e800000, 0x6ea8be90, 0x6f060000)
  from space 1024K,   9% used [0x6f060000, 0x6f078af8, 0x6f160000)
  to   space 1024K,   0% used [0x6f160000, 0x6f160000, 0x6f260000)
 tenured generation   total 21100K, used 18909K [0x792a0000, 0x7a73b000, 0x8e800000)
   the space 21100K,  89% used [0x792a0000, 0x7a5176a8, 0x7a517800, 0x7a73b000)
 compacting perm gen  total 12288K, used 9107K [0x8e800000, 0x8f400000, 0x92800000)
   the space 12288K,  74% used [0x8e800000, 0x8f0e4ef0, 0x8f0e5000, 0x8f400000)
    ro space 10240K,  58% used [0x92800000, 0x92de1330, 0x92de1400, 0x93200000)
    rw space 12288K,  59% used [0x93200000, 0x93916340, 0x93916400, 0x93e00000)

Card table byte_map: [0xb45f9000,0xb4725000] byte_map_base: 0xb4285000

Polling page: 0xb771f000

Code Cache  [0xb47a5000, 0xb4cd5000, 0xb67a5000)
 total_blobs=3249 nmethods=2938 adapters=243 free_code_cache=27467Kb largest_free_block=28126336

Compilation events (10 events):
Event: 271.045 Thread 0xb684ac00 2940             javax.swing.plaf.nimbus.SynthPainterImpl::paintViewportBorder (15 bytes)
Event: 271.045 Thread 0xb684ac00 nmethod 2940 0xb4cced88 code [0xb4ccee90, 0xb4ccef94]
Event: 271.045 Thread 0xb684ac00 2941             javax.swing.plaf.nimbus.SynthPainterImpl::paintScrollPaneBorder (15 bytes)
Event: 271.045 Thread 0xb684ac00 nmethod 2941 0xb4ccf0c8 code [0xb4ccf1d0, 0xb4ccf2d4]
Event: 272.246 Thread 0xb684ac00 2942             javax.swing.plaf.nimbus.SynthPainterImpl::paintArrowButtonBackground (83 bytes)
Event: 272.247 Thread 0xb684ac00 nmethod 2942 0xb4ccf408 code [0xb4ccf560, 0xb4ccf774]
Event: 272.247 Thread 0xb684ac00 2943             javax.swing.plaf.nimbus.SynthPainterImpl::paintArrowButtonForeground (413 bytes)
Event: 272.248 Thread 0xb684ac00 nmethod 2943 0xb4ccf988 code [0xb4ccfd80, 0xb4cd0840]
Event: 274.950 Thread 0xb684ac00 2944   !         java.awt.Container::removeAll (223 bytes)
Event: 274.951 Thread 0xb684ac00 nmethod 2944 0xb4cd1548 code [0xb4cd1760, 0xb4cd1d88]

GC Heap History (10 events):
Event: 275.626 GC heap before
{Heap before GC invocations=735 (full 5):
 def new generation   total 9600K, used 8605K [0x6e800000, 0x6f260000, 0x792a0000)
  eden space 8576K, 100% used [0x6e800000, 0x6f060000, 0x6f060000)
  from space 1024K,   2% used [0x6f160000, 0x6f167770, 0x6f260000)
  to   space 1024K,   0% used [0x6f060000, 0x6f060000, 0x6f160000)
 tenured generation   total 21100K, used 18909K [0x792a0000, 0x7a73b000, 0x8e800000)
   the space 21100K,  89% used [0x792a0000, 0x7a5176a8, 0x7a517800, 0x7a73b000)
 compacting perm gen  total 12288K, used 9105K [0x8e800000, 0x8f400000, 0x92800000)
   the space 12288K,  74% used [0x8e800000, 0x8f0e4750, 0x8f0e4800, 0x8f400000)
    ro space 10240K,  58% used [0x92800000, 0x92de1330, 0x92de1400, 0x93200000)
    rw space 12288K,  59% used [0x93200000, 0x93916340, 0x93916400, 0x93e00000)
Event: 275.626 GC heap after
Heap after GC invocations=736 (full 5):
 def new generation   total 9600K, used 38K [0x6e800000, 0x6f260000, 0x792a0000)
  eden space 8576K,   0% used [0x6e800000, 0x6e800000, 0x6f060000)
  from space 1024K,   3% used [0x6f060000, 0x6f069ab8, 0x6f160000)
  to   space 1024K,   0% used [0x6f160000, 0x6f160000, 0x6f260000)
 tenured generation   total 21100K, used 18909K [0x792a0000, 0x7a73b000, 0x8e800000)
   the space 21100K,  89% used [0x792a0000, 0x7a5176a8, 0x7a517800, 0x7a73b000)
 compacting perm gen  total 12288K, used 9105K [0x8e800000, 0x8f400000, 0x92800000)
   the space 12288K,  74% used [0x8e800000, 0x8f0e4750, 0x8f0e4800, 0x8f400000)
    ro space 10240K,  58% used [0x92800000, 0x92de1330, 0x92de1400, 0x93200000)
    rw space 12288K,  59% used [0x93200000, 0x93916340, 0x93916400, 0x93e00000)
}
Event: 276.248 GC heap before
{Heap before GC invocations=736 (full 5):
 def new generation   total 9600K, used 8614K [0x6e800000, 0x6f260000, 0x792a0000)
  eden space 8576K, 100% used [0x6e800000, 0x6f060000, 0x6f060000)
  from space 1024K,   3% used [0x6f060000, 0x6f069ab8, 0x6f160000)
  to   space 1024K,   0% used [0x6f160000, 0x6f160000, 0x6f260000)
 tenured generation   total 21100K, used 18909K [0x792a0000, 0x7a73b000, 0x8e800000)
   the space 21100K,  89% used [0x792a0000, 0x7a5176a8, 0x7a517800, 0x7a73b000)
 compacting perm gen  total 12288K, used 9105K [0x8e800000, 0x8f400000, 0x92800000)
   the space 12288K,  74% used [0x8e800000, 0x8f0e4750, 0x8f0e4800, 0x8f400000)
    ro space 10240K,  58% used [0x92800000, 0x92de1330, 0x92de1400, 0x93200000)
    rw space 12288K,  59% used [0x93200000, 0x93916340, 0x93916400, 0x93e00000)
Event: 276.249 GC heap after
Heap after GC invocations=737 (full 5):
 def new generation   total 9600K, used 33K [0x6e800000, 0x6f260000, 0x792a0000)
  eden space 8576K,   0% used [0x6e800000, 0x6e800000, 0x6f060000)
  from space 1024K,   3% used [0x6f160000, 0x6f1686f0, 0x6f260000)
  to   space 1024K,   0% used [0x6f060000, 0x6f060000, 0x6f160000)
 tenured generation   total 21100K, used 18909K [0x792a0000, 0x7a73b000, 0x8e800000)
   the space 21100K,  89% used [0x792a0000, 0x7a5176a8, 0x7a517800, 0x7a73b000)
 compacting perm gen  total 12288K, used 9105K [0x8e800000, 0x8f400000, 0x92800000)
   the space 12288K,  74% used [0x8e800000, 0x8f0e4750, 0x8f0e4800, 0x8f400000)
    ro space 10240K,  58% used [0x92800000, 0x92de1330, 0x92de1400, 0x93200000)
    rw space 12288K,  59% used [0x93200000, 0x93916340, 0x93916400, 0x93e00000)
}
Event: 276.831 GC heap before
{Heap before GC invocations=737 (full 5):
 def new generation   total 9600K, used 8609K [0x6e800000, 0x6f260000, 0x792a0000)
  eden space 8576K, 100% used [0x6e800000, 0x6f060000, 0x6f060000)
  from space 1024K,   3% used [0x6f160000, 0x6f1686f0, 0x6f260000)
  to   space 1024K,   0% used [0x6f060000, 0x6f060000, 0x6f160000)
 tenured generation   total 21100K, used 18909K [0x792a0000, 0x7a73b000, 0x8e800000)
   the space 21100K,  89% used [0x792a0000, 0x7a5176a8, 0x7a517800, 0x7a73b000)
 compacting perm gen  total 12288K, used 9105K [0x8e800000, 0x8f400000, 0x92800000)
   the space 12288K,  74% used [0x8e800000, 0x8f0e4750, 0x8f0e4800, 0x8f400000)
    ro space 10240K,  58% used [0x92800000, 0x92de1330, 0x92de1400, 0x93200000)
    rw space 12288K,  59% used [0x93200000, 0x93916340, 0x93916400, 0x93e00000)
Event: 276.833 GC heap after
Heap after GC invocations=738 (full 5):
 def new generation   total 9600K, used 37K [0x6e800000, 0x6f260000, 0x792a0000)
  eden space 8576K,   0% used [0x6e800000, 0x6e800000, 0x6f060000)
  from space 1024K,   3% used [0x6f060000, 0x6f069560, 0x6f160000)
  to   space 1024K,   0% used [0x6f160000, 0x6f160000, 0x6f260000)
 tenured generation   total 21100K, used 18909K [0x792a0000, 0x7a73b000, 0x8e800000)
   the space 21100K,  89% used [0x792a0000, 0x7a5176a8, 0x7a517800, 0x7a73b000)
 compacting perm gen  total 12288K, used 9105K [0x8e800000, 0x8f400000, 0x92800000)
   the space 12288K,  74% used [0x8e800000, 0x8f0e4750, 0x8f0e4800, 0x8f400000)
    ro space 10240K,  58% used [0x92800000, 0x92de1330, 0x92de1400, 0x93200000)
    rw space 12288K,  59% used [0x93200000, 0x93916340, 0x93916400, 0x93e00000)
}
Event: 277.360 GC heap before
{Heap before GC invocations=738 (full 5):
 def new generation   total 9600K, used 8613K [0x6e800000, 0x6f260000, 0x792a0000)
  eden space 8576K, 100% used [0x6e800000, 0x6f060000, 0x6f060000)
  from space 1024K,   3% used [0x6f060000, 0x6f069560, 0x6f160000)
  to   space 1024K,   0% used [0x6f160000, 0x6f160000, 0x6f260000)
 tenured generation   total 21100K, used 18909K [0x792a0000, 0x7a73b000, 0x8e800000)
   the space 21100K,  89% used [0x792a0000, 0x7a5176a8, 0x7a517800, 0x7a73b000)
 compacting perm gen  total 12288K, used 9105K [0x8e800000, 0x8f400000, 0x92800000)
   the space 12288K,  74% used [0x8e800000, 0x8f0e4750, 0x8f0e4800, 0x8f400000)
    ro space 10240K,  58% used [0x92800000, 0x92de1330, 0x92de1400, 0x93200000)
    rw space 12288K,  59% used [0x93200000, 0x93916340, 0x93916400, 0x93e00000)
Event: 277.361 GC heap after
Heap after GC invocations=739 (full 5):
 def new generation   total 9600K, used 59K [0x6e800000, 0x6f260000, 0x792a0000)
  eden space 8576K,   0% used [0x6e800000, 0x6e800000, 0x6f060000)
  from space 1024K,   5% used [0x6f160000, 0x6f16ed20, 0x6f260000)
  to   space 1024K,   0% used [0x6f060000, 0x6f060000, 0x6f160000)
 tenured generation   total 21100K, used 18909K [0x792a0000, 0x7a73b000, 0x8e800000)
   the space 21100K,  89% used [0x792a0000, 0x7a5176a8, 0x7a517800, 0x7a73b000)
 compacting perm gen  total 12288K, used 9105K [0x8e800000, 0x8f400000, 0x92800000)
   the space 12288K,  74% used [0x8e800000, 0x8f0e4750, 0x8f0e4800, 0x8f400000)
    ro space 10240K,  58% used [0x92800000, 0x92de1330, 0x92de1400, 0x93200000)
    rw space 12288K,  59% used [0x93200000, 0x93916340, 0x93916400, 0x93e00000)
}
Event: 277.813 GC heap before
{Heap before GC invocations=739 (full 5):
 def new generation   total 9600K, used 8635K [0x6e800000, 0x6f260000, 0x792a0000)
  eden space 8576K, 100% used [0x6e800000, 0x6f060000, 0x6f060000)
  from space 1024K,   5% used [0x6f160000, 0x6f16ed20, 0x6f260000)
  to   space 1024K,   0% used [0x6f060000, 0x6f060000, 0x6f160000)
 tenured generation   total 21100K, used 18909K [0x792a0000, 0x7a73b000, 0x8e800000)
   the space 21100K,  89% used [0x792a0000, 0x7a5176a8, 0x7a517800, 0x7a73b000)
 compacting perm gen  total 12288K, used 9105K [0x8e800000, 0x8f400000, 0x92800000)
   the space 12288K,  74% used [0x8e800000, 0x8f0e4750, 0x8f0e4800, 0x8f400000)
    ro space 10240K,  58% used [0x92800000, 0x92de1330, 0x92de1400, 0x93200000)
    rw space 12288K,  59% used [0x93200000, 0x93916340, 0x93916400, 0x93e00000)
Event: 277.814 GC heap after
Heap after GC invocations=740 (full 5):
 def new generation   total 9600K, used 98K [0x6e800000, 0x6f260000, 0x792a0000)
  eden space 8576K,   0% used [0x6e800000, 0x6e800000, 0x6f060000)
  from space 1024K,   9% used [0x6f060000, 0x6f078af8, 0x6f160000)
  to   space 1024K,   0% used [0x6f160000, 0x6f160000, 0x6f260000)
 tenured generation   total 21100K, used 18909K [0x792a0000, 0x7a73b000, 0x8e800000)
   the space 21100K,  89% used [0x792a0000, 0x7a5176a8, 0x7a517800, 0x7a73b000)
 compacting perm gen  total 12288K, used 9105K [0x8e800000, 0x8f400000, 0x92800000)
   the space 12288K,  74% used [0x8e800000, 0x8f0e4750, 0x8f0e4800, 0x8f400000)
    ro space 10240K,  58% used [0x92800000, 0x92de1330, 0x92de1400, 0x93200000)
    rw space 12288K,  59% used [0x93200000, 0x93916340, 0x93916400, 0x93e00000)
}

Deoptimization events (0 events):
No events

Internal exceptions (10 events):
Event: 170.128 Thread 0xb3876400 Threw 0x6e8911a8 at /build/openjdk-7-OXg_HK/openjdk-7-7u79-2.5.6/build/openjdk/hotspot/src/share/vm/prims/jni.cpp:747
Event: 187.504 Thread 0xb3876400 Threw 0x6e96cd80 at /build/openjdk-7-OXg_HK/openjdk-7-7u79-2.5.6/build/openjdk/hotspot/src/share/vm/prims/jni.cpp:747
Event: 188.224 Thread 0x08631c00 Threw 0x6eb3c170 at /build/openjdk-7-OXg_HK/openjdk-7-7u79-2.5.6/build/openjdk/hotspot/src/share/vm/prims/jvm.cpp:1284
Event: 189.540 Thread 0x08631c00 Threw 0x6e80e610 at /build/openjdk-7-OXg_HK/openjdk-7-7u79-2.5.6/build/openjdk/hotspot/src/share/vm/prims/jvm.cpp:1284
Event: 190.502 Thread 0x08631c00 Threw 0x6e92b920 at /build/openjdk-7-OXg_HK/openjdk-7-7u79-2.5.6/build/openjdk/hotspot/src/share/vm/prims/jvm.cpp:1284
Event: 190.502 Thread 0x08631c00 Threw 0x6e92c928 at /build/openjdk-7-OXg_HK/openjdk-7-7u79-2.5.6/build/openjdk/hotspot/src/share/vm/prims/jvm.cpp:1284
Event: 190.502 Thread 0x08631c00 Threw 0x6e92d028 at /build/openjdk-7-OXg_HK/openjdk-7-7u79-2.5.6/build/openjdk/hotspot/src/share/vm/prims/jvm.cpp:1284
Event: 190.502 Thread 0x08631c00 Threw 0x6e92e030 at /build/openjdk-7-OXg_HK/openjdk-7-7u79-2.5.6/build/openjdk/hotspot/src/share/vm/prims/jvm.cpp:1284
Event: 277.848 Thread 0x085d9400 Threw 0x6ea58128 at /build/openjdk-7-OXg_HK/openjdk-7-7u79-2.5.6/build/openjdk/hotspot/src/share/vm/prims/jvm.cpp:1284
Event: 277.851 Thread 0x085d9400 Threw 0x6ea5ac28 at /build/openjdk-7-OXg_HK/openjdk-7-7u79-2.5.6/build/openjdk/hotspot/src/share/vm/prims/jvm.cpp:1284

Events (10 events):
Event: 277.848 Executing VM operation: RevokeBias
Event: 277.848 Executing VM operation: RevokeBias done
Event: 277.848 Executing VM operation: RevokeBias
Event: 277.848 Executing VM operation: RevokeBias done
Event: 277.848 Executing VM operation: RevokeBias
Event: 277.848 Executing VM operation: RevokeBias done
Event: 277.848 loading class 0xb38acdd8
Event: 277.848 loading class 0xb38acdd8 done
Event: 277.851 loading class 0xb38ad7d8
Event: 277.851 loading class 0xb38ad7d8 done


Dynamic libraries:
08048000-08049000 r-xp 00000000 08:01 282989     /usr/lib/jvm/java-7-openjdk-i386/jre/bin/java
08049000-0804a000 r--p 00000000 08:01 282989     /usr/lib/jvm/java-7-openjdk-i386/jre/bin/java
0804a000-0804b000 rw-p 00001000 08:01 282989     /usr/lib/jvm/java-7-openjdk-i386/jre/bin/java
0829b000-08788000 rw-p 00000000 00:00 0          [heap]
6e800000-6f260000 rw-p 00000000 00:00 0 
6f260000-792a0000 rw-p 00000000 00:00 0 
792a0000-7a73b000 rw-p 00000000 00:00 0 
7a73b000-8e800000 rw-p 00000000 00:00 0 
8e800000-8f400000 rw-p 00000000 00:00 0 
8f400000-92800000 rw-p 00000000 00:00 0 
92800000-92de2000 r--p 00001000 08:01 153627     /usr/lib/jvm/java-7-openjdk-i386/jre/lib/i386/client/classes.jsa
92de2000-93200000 rw-p 00000000 00:00 0 
93200000-93917000 rw-p 005e3000 08:01 153627     /usr/lib/jvm/java-7-openjdk-i386/jre/lib/i386/client/classes.jsa
93917000-93e00000 rw-p 00000000 00:00 0 
93e00000-94112000 rw-p 00cfa000 08:01 153627     /usr/lib/jvm/java-7-openjdk-i386/jre/lib/i386/client/classes.jsa
94112000-94200000 rw-p 00000000 00:00 0 
94200000-94209000 r-xp 0100c000 08:01 153627     /usr/lib/jvm/java-7-openjdk-i386/jre/lib/i386/client/classes.jsa
94209000-94600000 rw-p 00000000 00:00 0 
b1e4b000-b1f29000 rw-p 00000000 00:00 0 
b1f29000-b1f58000 r-xp 00000000 08:01 241375     /home/user/Desktop/Dual-radio-simulation/lanada/obj_cooja/mtype267.cooja
b1f58000-b1f59000 r--p 0002f000 08:01 241375     /home/user/Desktop/Dual-radio-simulation/lanada/obj_cooja/mtype267.cooja
b1f59000-b1f5a000 rw-p 00030000 08:01 241375     /home/user/Desktop/Dual-radio-simulation/lanada/obj_cooja/mtype267.cooja
b1f5a000-b1f62000 rw-p 00000000 00:00 0 
b1f62000-b1f65000 ---p 00000000 00:00 0 
b1f65000-b1fb3000 rw-p 00000000 00:00 0          [stack:3417]
b1fb3000-b1fb6000 ---p 00000000 00:00 0 
b1fb6000-b2004000 rw-p 00000000 00:00 0          [stack:3406]
b2004000-b2033000 r-xp 00000000 08:01 241371     /home/user/Desktop/Dual-radio-simulation/lanada/obj_cooja/mtype356.cooja
b2033000-b2034000 r--p 0002e000 08:01 241371     /home/user/Desktop/Dual-radio-simulation/lanada/obj_cooja/mtype356.cooja
b2034000-b2035000 rw-p 0002f000 08:01 241371     /home/user/Desktop/Dual-radio-simulation/lanada/obj_cooja/mtype356.cooja
b2035000-b203d000 rw-p 00000000 00:00 0 
b203d000-b206c000 r-xp 00000000 08:01 241367     /home/user/Desktop/Dual-radio-simulation/lanada/obj_cooja/mtype427.cooja
b206c000-b206d000 r--p 0002f000 08:01 241367     /home/user/Desktop/Dual-radio-simulation/lanada/obj_cooja/mtype427.cooja
b206d000-b206e000 rw-p 00030000 08:01 241367     /home/user/Desktop/Dual-radio-simulation/lanada/obj_cooja/mtype427.cooja
b206e000-b2076000 rw-p 00000000 00:00 0 
b2076000-b2079000 ---p 00000000 00:00 0 
b2079000-b20c7000 rw-p 00000000 00:00 0          [stack:3358]
b20c7000-b20f6000 r-xp 00000000 08:01 241363     /home/user/Desktop/Dual-radio-simulation/lanada/obj_cooja/mtype704.cooja
b20f6000-b20f7000 r--p 0002e000 08:01 241363     /home/user/Desktop/Dual-radio-simulation/lanada/obj_cooja/mtype704.cooja
b20f7000-b20f8000 rw-p 0002f000 08:01 241363     /home/user/Desktop/Dual-radio-simulation/lanada/obj_cooja/mtype704.cooja
b20f8000-b2100000 rw-p 00000000 00:00 0 
b2100000-b21c8000 rw-p 00000000 00:00 0 
b21c8000-b2200000 ---p 00000000 00:00 0 
b220e000-b223d000 r-xp 00000000 08:01 241359     /home/user/Desktop/Dual-radio-simulation/lanada/obj_cooja/mtype549.cooja
b223d000-b223e000 r--p 0002f000 08:01 241359     /home/user/Desktop/Dual-radio-simulation/lanada/obj_cooja/mtype549.cooja
b223e000-b223f000 rw-p 00030000 08:01 241359     /home/user/Desktop/Dual-radio-simulation/lanada/obj_cooja/mtype549.cooja
b223f000-b2247000 rw-p 00000000 00:00 0 
b2247000-b224a000 ---p 00000000 00:00 0 
b224a000-b2298000 rw-p 00000000 00:00 0          [stack:3256]
b2298000-b229b000 ---p 00000000 00:00 0 
b229b000-b22e9000 rw-p 00000000 00:00 0          [stack:3201]
b22e9000-b2318000 r-xp 00000000 08:01 241355     /home/user/Desktop/Dual-radio-simulation/lanada/obj_cooja/mtype641.cooja
b2318000-b2319000 r--p 0002e000 08:01 241355     /home/user/Desktop/Dual-radio-simulation/lanada/obj_cooja/mtype641.cooja
b2319000-b231a000 rw-p 0002f000 08:01 241355     /home/user/Desktop/Dual-radio-simulation/lanada/obj_cooja/mtype641.cooja
b231a000-b2322000 rw-p 00000000 00:00 0 
b2322000-b2351000 r-xp 00000000 08:01 241349     /home/user/Desktop/Dual-radio-simulation/lanada/obj_cooja/mtype870.cooja
b2351000-b2352000 r--p 0002e000 08:01 241349     /home/user/Desktop/Dual-radio-simulation/lanada/obj_cooja/mtype870.cooja
b2352000-b2353000 rw-p 0002f000 08:01 241349     /home/user/Desktop/Dual-radio-simulation/lanada/obj_cooja/mtype870.cooja
b2353000-b235b000 rw-p 00000000 00:00 0 
b239e000-b23a1000 ---p 00000000 00:00 0 
b23a1000-b23ef000 rw-p 00000000 00:00 0          [stack:3717]
b23ef000-b23f2000 ---p 00000000 00:00 0 
b23f2000-b2440000 rw-p 00000000 00:00 0          [stack:3115]
b2440000-b2443000 ---p 00000000 00:00 0 
b2443000-b2491000 rw-p 00000000 00:00 0          [stack:3104]
b2491000-b24c0000 r-xp 00000000 08:01 241351     /home/user/Desktop/Dual-radio-simulation/lanada/obj_cooja/mtype965.cooja
b24c0000-b24c1000 r--p 0002f000 08:01 241351     /home/user/Desktop/Dual-radio-simulation/lanada/obj_cooja/mtype965.cooja
b24c1000-b24c2000 rw-p 00030000 08:01 241351     /home/user/Desktop/Dual-radio-simulation/lanada/obj_cooja/mtype965.cooja
b24c2000-b24ca000 rw-p 00000000 00:00 0 
b24ca000-b24cd000 ---p 00000000 00:00 0 
b24cd000-b251b000 rw-p 00000000 00:00 0 
b251b000-b251e000 ---p 00000000 00:00 0 
b251e000-b256c000 rw-p 00000000 00:00 0          [stack:2986]
b256c000-b259b000 r-xp 00000000 08:01 241347     /home/user/Desktop/Dual-radio-simulation/lanada/obj_cooja/mtype890.cooja
b259b000-b259c000 r--p 0002e000 08:01 241347     /home/user/Desktop/Dual-radio-simulation/lanada/obj_cooja/mtype890.cooja
b259c000-b259d000 rw-p 0002f000 08:01 241347     /home/user/Desktop/Dual-radio-simulation/lanada/obj_cooja/mtype890.cooja
b259d000-b25a5000 rw-p 00000000 00:00 0 
b25a5000-b25a8000 ---p 00000000 00:00 0 
b25a8000-b25f6000 rw-p 00000000 00:00 0 
b25f6000-b25f9000 ---p 00000000 00:00 0 
b25f9000-b2647000 rw-p 00000000 00:00 0          [stack:2938]
b265e000-b266c000 r--s 0010f000 08:01 138889     /usr/lib/jvm/java-7-openjdk-i386/jre/lib/rhino.jar
b26af000-b26b2000 ---p 00000000 00:00 0 
b26b2000-b2700000 rw-p 00000000 00:00 0          [stack:3153]
b2700000-b2703000 ---p 00000000 00:00 0 
b2703000-b2751000 rw-p 00000000 00:00 0          [stack:3304]
b275a000-b275b000 rw-p 00000000 00:00 0 
b275b000-b275e000 ---p 00000000 00:00 0 
b275e000-b27ad000 rw-p 00000000 00:00 0 
b27ad000-b27b1000 rw-s 00000000 00:04 6258711    /SYSV00000000 (deleted)
b27b1000-b2e46000 rw-s 00000000 00:04 1867795    /SYSV00000000 (deleted)
b2e46000-b2e48000 r--s 00003000 08:01 240239     /home/user/Desktop/Dual-radio-simulation/tools/cooja/apps/powertracker/lib/powertracker.jar
b2e48000-b2e49000 r--s 00002000 08:01 221744     /home/user/Desktop/Dual-radio-simulation/tools/cooja/apps/collect-view/cooja-collect-view.jar
b2e49000-b2e4b000 r--s 00008000 08:01 240241     /home/user/Desktop/Dual-radio-simulation/tools/cooja/apps/serial_socket/lib/serial_socket.jar
b2e4b000-b2e85000 r--s 001e1000 08:01 215649     /home/user/Desktop/Dual-radio-simulation/tools/cooja/apps/avrora/lib/avrora-small.jar
b2e85000-b2e86000 r--s 00008000 08:01 221742     /home/user/Desktop/Dual-radio-simulation/tools/cooja/apps/avrora/lib/cooja_avrora.jar
b2e86000-b2e88000 r--s 00010000 08:01 216078     /home/user/Desktop/Dual-radio-simulation/tools/cooja/apps/mspsim/lib/jipv6.jar
b2e88000-b2e89000 r--s 00004000 08:01 240237     /home/user/Desktop/Dual-radio-simulation/tools/cooja/apps/mspsim/lib/coffee.jar
b2e89000-b2e95000 r--s 000eb000 08:01 221748     /home/user/Desktop/Dual-radio-simulation/tools/cooja/apps/mspsim/lib/mspsim.jar
b2e95000-b2e9b000 r--s 00062000 08:01 221747     /home/user/Desktop/Dual-radio-simulation/tools/cooja/apps/mspsim/lib/cooja_mspsim.jar
b2e9b000-b2e9e000 r--s 0001e000 08:01 221746     /home/user/Desktop/Dual-radio-simulation/tools/cooja/apps/mrm/lib/mrm.jar
b2e9e000-b2ea1000 ---p 00000000 00:00 0 
b2ea1000-b2eef000 rw-p 00000000 00:00 0          [stack:2846]
b2eef000-b2ef2000 ---p 00000000 00:00 0 
b2ef2000-b2f40000 rw-p 00000000 00:00 0          [stack:2845]
b2f40000-b2f43000 ---p 00000000 00:00 0 
b2f43000-b2f91000 rw-p 00000000 00:00 0          [stack:2844]
b2f91000-b2f92000 r--s 00000000 08:01 395215     /var/cache/fontconfig/c05880de57d1f5e948fdfacc138775d9-le32d4.cache-4
b2f92000-b2f9a000 r--s 00000000 08:01 395167     /var/cache/fontconfig/945677eb7aeaf62f1d50efc3fb3ec7d8-le32d4.cache-4
b2f9a000-b2f9c000 r--s 00000000 08:01 395164     /var/cache/fontconfig/99e8ed0e538f840c565b6ed5dad60d56-le32d4.cache-4
b2f9c000-b2fa0000 r--s 00000000 08:01 395159     /var/cache/fontconfig/2cd17615ca594fa2959ae173292e504c-le32d4.cache-4
b2fa0000-b2fa1000 r--s 00000000 08:01 395064     /var/cache/fontconfig/e7071f4a29fa870f4323321c154eba04-le32d4.cache-4
b2fa1000-b2fa2000 r--s 00000000 08:01 394991     /var/cache/fontconfig/0d8c3b2ac0904cb8a57a757ad11a4a08-le32d4.cache-4
b2fa2000-b2fa7000 r--s 00000000 08:01 394968     /var/cache/fontconfig/a755afe4a08bf5b97852ceb7400b47bc-le32d4.cache-4
b2fa7000-b2fb0000 r--s 00000000 08:01 394962     /var/cache/fontconfig/6d41288fd70b0be22e8c3a91e032eec0-le32d4.cache-4
b2fb0000-b2fbf000 r--s 00000000 08:01 394955     /var/cache/fontconfig/04aabc0a78ac019cf9454389977116d2-le32d4.cache-4
b2fbf000-b2fc0000 r--s 00000000 08:01 394954     /var/cache/fontconfig/1ac9eb803944fde146138c791f5cc56a-le32d4.cache-4
b2fc0000-b2fc3000 r--s 00000000 08:01 394928     /var/cache/fontconfig/385c0604a188198f04d133e54aba7fe7-le32d4.cache-4
b2fc3000-b2fc4000 r--s 00000000 08:01 394926     /var/cache/fontconfig/dc05db6664285cc2f12bf69c139ae4c3-le32d4.cache-4
b2fc4000-b2fc6000 r--s 00000000 08:01 394921     /var/cache/fontconfig/767a8244fc0220cfb567a839d0392e0b-le32d4.cache-4
b2fc6000-b2fc7000 r--s 00000000 08:01 394913     /var/cache/fontconfig/4794a0821666d79190d59a36cb4f44b5-le32d4.cache-4
b2fc7000-b2fcb000 r--s 00000000 08:01 394858     /var/cache/fontconfig/8801497958630a81b71ace7c5f9b32a8-le32d4.cache-4
b2fcb000-b2fd0000 r--s 00000000 08:01 394798     /var/cache/fontconfig/3047814df9a2f067bd2d96a2b9c36e5a-le32d4.cache-4
b2fd0000-b2fd1000 r--s 00000000 08:01 394797     /var/cache/fontconfig/56cf4f4769d0f4abc89a4895d7bd3ae1-le32d4.cache-4
b2fd1000-b2fd5000 r--s 00000000 08:01 394795     /var/cache/fontconfig/b47c4e1ecd0709278f4910c18777a504-le32d4.cache-4
b2fd5000-b2fe5000 r--s 00000000 08:01 394737     /var/cache/fontconfig/d52a8644073d54c13679302ca1180695-le32d4.cache-4
b2fe5000-b3035000 r-xp 00000000 08:01 138960     /usr/lib/jvm/java-7-openjdk-i386/jre/lib/i386/libfontmanager.so
b3035000-b3037000 r--p 0004f000 08:01 138960     /usr/lib/jvm/java-7-openjdk-i386/jre/lib/i386/libfontmanager.so
b3037000-b3038000 rw-p 00051000 08:01 138960     /usr/lib/jvm/java-7-openjdk-i386/jre/lib/i386/libfontmanager.so
b3038000-b303b000 ---p 00000000 00:00 0 
b303b000-b3089000 rw-p 00000000 00:00 0          [stack:2843]
b3089000-b308d000 r-xp 00000000 08:01 7640       /usr/lib/i386-linux-gnu/libXfixes.so.3.1.0
b308d000-b308e000 r--p 00003000 08:01 7640       /usr/lib/i386-linux-gnu/libXfixes.so.3.1.0
b308e000-b308f000 rw-p 00004000 08:01 7640       /usr/lib/i386-linux-gnu/libXfixes.so.3.1.0
b308f000-b3098000 r-xp 00000000 08:01 9790       /usr/lib/i386-linux-gnu/libXcursor.so.1.0.2
b3098000-b3099000 r--p 00008000 08:01 9790       /usr/lib/i386-linux-gnu/libXcursor.so.1.0.2
b3099000-b309a000 rw-p 00009000 08:01 9790       /usr/lib/i386-linux-gnu/libXcursor.so.1.0.2
b309a000-b309d000 ---p 00000000 00:00 0 
b309d000-b30eb000 rw-p 00000000 00:00 0          [stack:2842]
b30eb000-b30ee000 r-xp 00000000 08:01 131371     /lib/i386-linux-gnu/libgpg-error.so.0.10.0
b30ee000-b30ef000 r--p 00002000 08:01 131371     /lib/i386-linux-gnu/libgpg-error.so.0.10.0
b30ef000-b30f0000 rw-p 00003000 08:01 131371     /lib/i386-linux-gnu/libgpg-error.so.0.10.0
b30f0000-b30f2000 r-xp 00000000 08:01 132278     /lib/i386-linux-gnu/libkeyutils.so.1.4
b30f2000-b30f3000 r--p 00002000 08:01 132278     /lib/i386-linux-gnu/libkeyutils.so.1.4
b30f3000-b30f4000 rw-p 00003000 08:01 132278     /lib/i386-linux-gnu/libkeyutils.so.1.4
b30f4000-b311a000 r-xp 00000000 08:01 158418     /lib/i386-linux-gnu/libpng12.so.0.50.0
b311a000-b311b000 r--p 00025000 08:01 158418     /lib/i386-linux-gnu/libpng12.so.0.50.0
b311b000-b311c000 rw-p 00026000 08:01 158418     /lib/i386-linux-gnu/libpng12.so.0.50.0
b311c000-b3165000 r-xp 00000000 08:01 131443     /lib/i386-linux-gnu/libdbus-1.so.3.7.6
b3165000-b3166000 r--p 00048000 08:01 131443     /lib/i386-linux-gnu/libdbus-1.so.3.7.6
b3166000-b3167000 rw-p 00049000 08:01 131443     /lib/i386-linux-gnu/libdbus-1.so.3.7.6
b3167000-b319e000 r-xp 00000000 08:01 712        /usr/lib/i386-linux-gnu/libp11-kit.so.0.0.0
b319e000-b319f000 ---p 00037000 08:01 712        /usr/lib/i386-linux-gnu/libp11-kit.so.0.0.0
b319f000-b31a2000 r--p 00037000 08:01 712        /usr/lib/i386-linux-gnu/libp11-kit.so.0.0.0
b31a2000-b31a3000 rw-p 0003a000 08:01 712        /usr/lib/i386-linux-gnu/libp11-kit.so.0.0.0
b31a3000-b31b5000 r-xp 00000000 08:01 38286      /usr/lib/i386-linux-gnu/libtasn1.so.6.2.0
b31b5000-b31b6000 r--p 00011000 08:01 38286      /usr/lib/i386-linux-gnu/libtasn1.so.6.2.0
b31b6000-b31b7000 rw-p 00012000 08:01 38286      /usr/lib/i386-linux-gnu/libtasn1.so.6.2.0
b31b7000-b3239000 r-xp 00000000 08:01 131206     /lib/i386-linux-gnu/libgcrypt.so.11.8.2
b3239000-b323a000 r--p 00082000 08:01 131206     /lib/i386-linux-gnu/libgcrypt.so.11.8.2
b323a000-b323c000 rw-p 00083000 08:01 131206     /lib/i386-linux-gnu/libgcrypt.so.11.8.2
b323c000-b323d000 rw-p 00000000 00:00 0 
b323d000-b3247000 r-xp 00000000 08:01 56557      /usr/lib/i386-linux-gnu/libkrb5support.so.0.1
b3247000-b3248000 r--p 00009000 08:01 56557      /usr/lib/i386-linux-gnu/libkrb5support.so.0.1
b3248000-b3249000 rw-p 0000a000 08:01 56557      /usr/lib/i386-linux-gnu/libkrb5support.so.0.1
b3249000-b324c000 r-xp 00000000 08:01 138844     /lib/i386-linux-gnu/libcom_err.so.2.1
b324c000-b324d000 r--p 00002000 08:01 138844     /lib/i386-linux-gnu/libcom_err.so.2.1
b324d000-b324e000 rw-p 00003000 08:01 138844     /lib/i386-linux-gnu/libcom_err.so.2.1
b324e000-b327c000 r-xp 00000000 08:01 56585      /usr/lib/i386-linux-gnu/libk5crypto.so.3.1
b327c000-b327d000 r--p 0002d000 08:01 56585      /usr/lib/i386-linux-gnu/libk5crypto.so.3.1
b327d000-b327e000 rw-p 0002e000 08:01 56585      /usr/lib/i386-linux-gnu/libk5crypto.so.3.1
b327e000-b3335000 r-xp 00000000 08:01 56629      /usr/lib/i386-linux-gnu/libkrb5.so.3.3
b3335000-b333b000 r--p 000b7000 08:01 56629      /usr/lib/i386-linux-gnu/libkrb5.so.3.3
b333b000-b333c000 rw-p 000bd000 08:01 56629      /usr/lib/i386-linux-gnu/libkrb5.so.3.3
b333c000-b3341000 r-xp 00000000 08:01 5406       /usr/lib/i386-linux-gnu/libXdmcp.so.6.0.0
b3341000-b3342000 r--p 00004000 08:01 5406       /usr/lib/i386-linux-gnu/libXdmcp.so.6.0.0
b3342000-b3343000 rw-p 00005000 08:01 5406       /usr/lib/i386-linux-gnu/libXdmcp.so.6.0.0
b3343000-b3368000 r-xp 00000000 08:01 131422     /lib/i386-linux-gnu/libexpat.so.1.6.0
b3368000-b3369000 ---p 00025000 08:01 131422     /lib/i386-linux-gnu/libexpat.so.1.6.0
b3369000-b336b000 r--p 00025000 08:01 131422     /lib/i386-linux-gnu/libexpat.so.1.6.0
b336b000-b336c000 rw-p 00027000 08:01 131422     /lib/i386-linux-gnu/libexpat.so.1.6.0
b336c000-b3407000 r-xp 00000000 08:01 5308       /usr/lib/i386-linux-gnu/libfreetype.so.6.11.1
b3407000-b340b000 r--p 0009a000 08:01 5308       /usr/lib/i386-linux-gnu/libfreetype.so.6.11.1
b340b000-b340c000 rw-p 0009e000 08:01 5308       /usr/lib/i386-linux-gnu/libfreetype.so.6.11.1
b340c000-b341c000 r-xp 00000000 08:01 10788      /usr/lib/i386-linux-gnu/libavahi-client.so.3.2.9
b341c000-b341d000 r--p 0000f000 08:01 10788      /usr/lib/i386-linux-gnu/libavahi-client.so.3.2.9
b341d000-b341e000 rw-p 00010000 08:01 10788      /usr/lib/i386-linux-gnu/libavahi-client.so.3.2.9
b341e000-b342a000 r-xp 00000000 08:01 8766       /usr/lib/i386-linux-gnu/libavahi-common.so.3.5.3
b342a000-b342b000 r--p 0000b000 08:01 8766       /usr/lib/i386-linux-gnu/libavahi-common.so.3.5.3
b342b000-b342c000 rw-p 0000c000 08:01 8766       /usr/lib/i386-linux-gnu/libavahi-common.so.3.5.3
b342c000-b34ed000 r-xp 00000000 08:01 43756      /usr/lib/i386-linux-gnu/libgnutls.so.26.22.6
b34ed000-b34f1000 r--p 000c0000 08:01 43756      /usr/lib/i386-linux-gnu/libgnutls.so.26.22.6
b34f1000-b34f2000 rw-p 000c4000 08:01 43756      /usr/lib/i386-linux-gnu/libgnutls.so.26.22.6
b34f2000-b3535000 r-xp 00000000 08:01 56613      /usr/lib/i386-linux-gnu/libgssapi_krb5.so.2.2
b3535000-b3536000 r--p 00042000 08:01 56613      /usr/lib/i386-linux-gnu/libgssapi_krb5.so.2.2
b3536000-b3537000 rw-p 00043000 08:01 56613      /usr/lib/i386-linux-gnu/libgssapi_krb5.so.2.2
b3537000-b3557000 r-xp 00000000 08:01 66655      /usr/lib/i386-linux-gnu/libxcb.so.1.1.0
b3557000-b3558000 r--p 0001f000 08:01 66655      /usr/lib/i386-linux-gnu/libxcb.so.1.1.0
b3558000-b3559000 rw-p 00020000 08:01 66655      /usr/lib/i386-linux-gnu/libxcb.so.1.1.0
b3559000-b3592000 r-xp 00000000 08:01 10898      /usr/lib/i386-linux-gnu/libfontconfig.so.1.8.0
b3592000-b3593000 r--p 00039000 08:01 10898      /usr/lib/i386-linux-gnu/libfontconfig.so.1.8.0
b3593000-b3594000 rw-p 0003a000 08:01 10898      /usr/lib/i386-linux-gnu/libfontconfig.so.1.8.0
b3594000-b35fb000 r-xp 00000000 08:01 6693       /usr/lib/i386-linux-gnu/libcups.so.2
b35fb000-b35fc000 ---p 00067000 08:01 6693       /usr/lib/i386-linux-gnu/libcups.so.2
b35fc000-b3600000 r--p 00067000 08:01 6693       /usr/lib/i386-linux-gnu/libcups.so.2
b3600000-b3601000 rw-p 0006b000 08:01 6693       /usr/lib/i386-linux-gnu/libcups.so.2
b3601000-b360f000 r-xp 00000000 08:01 7577       /usr/lib/i386-linux-gnu/libXi.so.6.1.0
b360f000-b3610000 r--p 0000e000 08:01 7577       /usr/lib/i386-linux-gnu/libXi.so.6.1.0
b3610000-b3611000 rw-p 0000f000 08:01 7577       /usr/lib/i386-linux-gnu/libXi.so.6.1.0
b3611000-b3741000 r-xp 00000000 08:01 10842      /usr/lib/i386-linux-gnu/libX11.so.6.3.0
b3741000-b3742000 r--p 00130000 08:01 10842      /usr/lib/i386-linux-gnu/libX11.so.6.3.0
b3742000-b3744000 rw-p 00131000 08:01 10842      /usr/lib/i386-linux-gnu/libX11.so.6.3.0
b3744000-b3745000 rw-p 00000000 00:00 0 
b3745000-b37d4000 r-xp 00000000 08:01 138964     /usr/lib/jvm/java-7-openjdk-i386/jre/lib/i386/libawt.so
b37d4000-b37d5000 r--p 0008f000 08:01 138964     /usr/lib/jvm/java-7-openjdk-i386/jre/lib/i386/libawt.so
b37d5000-b37dc000 rw-p 00090000 08:01 138964     /usr/lib/jvm/java-7-openjdk-i386/jre/lib/i386/libawt.so
b37dc000-b3800000 rw-p 00000000 00:00 0 
b3800000-b3900000 rw-p 00000000 00:00 0 
b3900000-b3902000 r-xp 00000000 08:01 5352       /usr/lib/i386-linux-gnu/libXau.so.6.0.0
b3902000-b3903000 r--p 00001000 08:01 5352       /usr/lib/i386-linux-gnu/libXau.so.6.0.0
b3903000-b3904000 rw-p 00002000 08:01 5352       /usr/lib/i386-linux-gnu/libXau.so.6.0.0
b3904000-b3909000 r-xp 00000000 08:01 10292      /usr/lib/i386-linux-gnu/libXtst.so.6.1.0
b3909000-b390a000 r--p 00004000 08:01 10292      /usr/lib/i386-linux-gnu/libXtst.so.6.1.0
b390a000-b390b000 rw-p 00005000 08:01 10292      /usr/lib/i386-linux-gnu/libXtst.so.6.1.0
b390b000-b3914000 r-xp 00000000 08:01 6199       /usr/lib/i386-linux-gnu/libXrender.so.1.3.0
b3914000-b3915000 r--p 00008000 08:01 6199       /usr/lib/i386-linux-gnu/libXrender.so.1.3.0
b3915000-b3916000 rw-p 00009000 08:01 6199       /usr/lib/i386-linux-gnu/libXrender.so.1.3.0
b3916000-b3927000 r-xp 00000000 08:01 6183       /usr/lib/i386-linux-gnu/libXext.so.6.4.0
b3927000-b3928000 r--p 00010000 08:01 6183       /usr/lib/i386-linux-gnu/libXext.so.6.4.0
b3928000-b3929000 rw-p 00011000 08:01 6183       /usr/lib/i386-linux-gnu/libXext.so.6.4.0
b3929000-b3971000 r-xp 00000000 08:01 136828     /usr/lib/jvm/java-7-openjdk-i386/jre/lib/i386/xawt/libmawt.so
b3971000-b3972000 r--p 00047000 08:01 136828     /usr/lib/jvm/java-7-openjdk-i386/jre/lib/i386/xawt/libmawt.so
b3972000-b3974000 rw-p 00048000 08:01 136828     /usr/lib/jvm/java-7-openjdk-i386/jre/lib/i386/xawt/libmawt.so
b3974000-b3975000 rw-p 00000000 00:00 0 
b3975000-b39b1000 r-xp 00000000 08:01 136082     /lib/i386-linux-gnu/libpcre.so.3.13.1
b39b1000-b39b2000 r--p 0003b000 08:01 136082     /lib/i386-linux-gnu/libpcre.so.3.13.1
b39b2000-b39b3000 rw-p 0003c000 08:01 136082     /lib/i386-linux-gnu/libpcre.so.3.13.1
b39b3000-b39b8000 r-xp 00000000 08:01 1818       /usr/lib/i386-linux-gnu/libffi.so.6.0.1
b39b8000-b39b9000 r--p 00005000 08:01 1818       /usr/lib/i386-linux-gnu/libffi.so.6.0.1
b39b9000-b39ba000 rw-p 00006000 08:01 1818       /usr/lib/i386-linux-gnu/libffi.so.6.0.1
b39ba000-b39cd000 r-xp 00000000 08:01 159740     /lib/i386-linux-gnu/libresolv-2.19.so
b39cd000-b39ce000 ---p 00013000 08:01 159740     /lib/i386-linux-gnu/libresolv-2.19.so
b39ce000-b39cf000 r--p 00013000 08:01 159740     /lib/i386-linux-gnu/libresolv-2.19.so
b39cf000-b39d0000 rw-p 00014000 08:01 159740     /lib/i386-linux-gnu/libresolv-2.19.so
b39d0000-b39d2000 rw-p 00000000 00:00 0 
b39d2000-b39f2000 r-xp 00000000 08:01 131406     /lib/i386-linux-gnu/libselinux.so.1
b39f2000-b39f3000 r--p 0001f000 08:01 131406     /lib/i386-linux-gnu/libselinux.so.1
b39f3000-b39f4000 rw-p 00020000 08:01 131406     /lib/i386-linux-gnu/libselinux.so.1
b39f4000-b39f5000 rw-p 00000000 00:00 0 
b39f5000-b39f8000 r-xp 00000000 08:01 1675       /usr/lib/i386-linux-gnu/libgmodule-2.0.so.0.4002.0
b39f8000-b39f9000 r--p 00002000 08:01 1675       /usr/lib/i386-linux-gnu/libgmodule-2.0.so.0.4002.0
b39f9000-b39fa000 rw-p 00003000 08:01 1675       /usr/lib/i386-linux-gnu/libgmodule-2.0.so.0.4002.0
b39fa000-b3b04000 r-xp 00000000 08:01 136564     /lib/i386-linux-gnu/libglib-2.0.so.0.4002.0
b3b04000-b3b05000 r--p 00109000 08:01 136564     /lib/i386-linux-gnu/libglib-2.0.so.0.4002.0
b3b05000-b3b06000 rw-p 0010a000 08:01 136564     /lib/i386-linux-gnu/libglib-2.0.so.0.4002.0
b3b06000-b3b56000 r-xp 00000000 08:01 1672       /usr/lib/i386-linux-gnu/libgobject-2.0.so.0.4002.0
b3b56000-b3b57000 r--p 0004f000 08:01 1672       /usr/lib/i386-linux-gnu/libgobject-2.0.so.0.4002.0
b3b57000-b3b58000 rw-p 00050000 08:01 1672       /usr/lib/i386-linux-gnu/libgobject-2.0.so.0.4002.0
b3b58000-b3cd5000 r-xp 00000000 08:01 1674       /usr/lib/i386-linux-gnu/libgio-2.0.so.0.4002.0
b3cd5000-b3cd7000 r--p 0017d000 08:01 1674       /usr/lib/i386-linux-gnu/libgio-2.0.so.0.4002.0
b3cd7000-b3cd8000 rw-p 0017f000 08:01 1674       /usr/lib/i386-linux-gnu/libgio-2.0.so.0.4002.0
b3cd8000-b3cd9000 rw-p 00000000 00:00 0 
b3cd9000-b3cda000 r--s 00000000 08:01 394796     /var/cache/fontconfig/b9d506c9ac06c20b433354fa67a72993-le32d4.cache-4
b3cda000-b3ce1000 r--s 00000000 08:01 394735     /var/cache/fontconfig/3f7329c5293ffd510edef78f73874cfd-le32d4.cache-4
b3ce1000-b3cea000 r--s 00000000 08:01 394733     /var/cache/fontconfig/d589a48862398ed80a3d6066f4f56f4c-le32d4.cache-4
b3cea000-b3ceb000 r--s 00000000 08:01 394716     /var/cache/fontconfig/0c9eb80ebd1c36541ebe2852d3bb0c49-le32d4.cache-4
b3ceb000-b3ced000 r--s 00000000 08:01 393797     /var/cache/fontconfig/e13b20fdb08344e0e664864cc2ede53d-le32d4.cache-4
b3ced000-b3cf0000 r--s 00000000 08:01 394715     /var/cache/fontconfig/7ef2298fde41cc6eeb7af42e48b7d293-le32d4.cache-4
b3cf0000-b3d07000 r-xp 00000000 08:01 138987     /usr/lib/jvm/java-7-openjdk-i386/jre/lib/i386/libnet.so
b3d07000-b3d08000 r--p 00017000 08:01 138987     /usr/lib/jvm/java-7-openjdk-i386/jre/lib/i386/libnet.so
b3d08000-b3d09000 rw-p 00018000 08:01 138987     /usr/lib/jvm/java-7-openjdk-i386/jre/lib/i386/libnet.so
b3d09000-b3d1a000 r-xp 00000000 08:01 138994     /usr/lib/jvm/java-7-openjdk-i386/jre/lib/i386/libnio.so
b3d1a000-b3d1b000 r--p 00010000 08:01 138994     /usr/lib/jvm/java-7-openjdk-i386/jre/lib/i386/libnio.so
b3d1b000-b3d1c000 rw-p 00011000 08:01 138994     /usr/lib/jvm/java-7-openjdk-i386/jre/lib/i386/libnio.so
b3d1c000-b3d26000 r--s 000ae000 08:01 136954     /usr/lib/jvm/java-7-openjdk-i386/jre/lib/resources.jar
b3d26000-b3d43000 r--s 0014f000 08:01 218137     /home/user/Desktop/Dual-radio-simulation/tools/cooja/lib/swingx-all-1.6.4.jar
b3d43000-b3d4a000 r--s 0005b000 08:01 218134     /home/user/Desktop/Dual-radio-simulation/tools/cooja/lib/jsyntaxpane.jar
b3d4a000-b3d51000 r--s 0004f000 08:01 218135     /home/user/Desktop/Dual-radio-simulation/tools/cooja/lib/log4j.jar
b3d51000-b3d54000 r--s 00022000 08:01 218133     /home/user/Desktop/Dual-radio-simulation/tools/cooja/lib/jdom.jar
b3d54000-b3d58000 r--s 00085000 08:01 144112     /usr/lib/jvm/java-7-openjdk-i386/jre/lib/ext/localedata.jar
b3d58000-b3d5c000 r--s 00034000 08:01 144116     /usr/lib/jvm/java-7-openjdk-i386/jre/lib/ext/sunjce_provider.jar
b3d5c000-b3d5d000 ---p 00000000 00:00 0 
b3d5d000-b3ddd000 rw-p 00000000 00:00 0          [stack:2841]
b3ddd000-b3de0000 ---p 00000000 00:00 0 
b3de0000-b3e2e000 rw-p 00000000 00:00 0          [stack:2840]
b3e2e000-b3e31000 ---p 00000000 00:00 0 
b3e31000-b3eaf000 rw-p 00000000 00:00 0          [stack:2839]
b3eaf000-b3eb2000 ---p 00000000 00:00 0 
b3eb2000-b3f00000 rw-p 00000000 00:00 0          [stack:2838]
b3f00000-b4100000 r--p 00000000 08:01 369        /usr/lib/locale/locale-archive
b4100000-b4179000 rw-p 00000000 00:00 0 
b4179000-b4200000 ---p 00000000 00:00 0 
b4200000-b4203000 r--s 0000f000 08:01 144120     /usr/lib/jvm/java-7-openjdk-i386/jre/lib/ext/icedtea-sound.jar
b4203000-b4206000 ---p 00000000 00:00 0 
b4206000-b4254000 rw-p 00000000 00:00 0          [stack:2837]
b4254000-b4257000 ---p 00000000 00:00 0 
b4257000-b42a5000 rw-p 00000000 00:00 0          [stack:2836]
b42a5000-b42a6000 ---p 00000000 00:00 0 
b42a6000-b436f000 rw-p 00000000 00:00 0          [stack:2835]
b436f000-b4520000 r--s 01d29000 08:01 136944     /usr/lib/jvm/java-7-openjdk-i386/jre/lib/rt.jar
b4520000-b4534000 rw-p 00000000 00:00 0 
b4534000-b454e000 rw-p 00000000 00:00 0 
b454e000-b4559000 rw-p 00000000 00:00 0 
b4559000-b45f9000 rw-p 00000000 00:00 0 
b45f9000-b45ff000 rw-p 00000000 00:00 0 
b45ff000-b464e000 rw-p 00000000 00:00 0 
b464e000-b4659000 rw-p 00000000 00:00 0 
b4659000-b46f9000 rw-p 00000000 00:00 0 
b46f9000-b46ff000 rw-p 00000000 00:00 0 
b46ff000-b4719000 rw-p 00000000 00:00 0 
b4719000-b473a000 rw-p 00000000 00:00 0 
b473a000-b47a5000 rw-p 00000000 00:00 0 
b47a5000-b4cd5000 rwxp 00000000 00:00 0 
b4cd5000-b67a5000 rw-p 00000000 00:00 0 
b67a5000-b67b0000 r-xp 00000000 08:01 159744     /lib/i386-linux-gnu/libnss_files-2.19.so
b67b0000-b67b1000 r--p 0000a000 08:01 159744     /lib/i386-linux-gnu/libnss_files-2.19.so
b67b1000-b67b2000 rw-p 0000b000 08:01 159744     /lib/i386-linux-gnu/libnss_files-2.19.so
b67b2000-b67bc000 r-xp 00000000 08:01 159715     /lib/i386-linux-gnu/libnss_nis-2.19.so
b67bc000-b67bd000 r--p 00009000 08:01 159715     /lib/i386-linux-gnu/libnss_nis-2.19.so
b67bd000-b67be000 rw-p 0000a000 08:01 159715     /lib/i386-linux-gnu/libnss_nis-2.19.so
b67be000-b67d3000 r-xp 00000000 08:01 159717     /lib/i386-linux-gnu/libnsl-2.19.so
b67d3000-b67d4000 r--p 00015000 08:01 159717     /lib/i386-linux-gnu/libnsl-2.19.so
b67d4000-b67d5000 rw-p 00016000 08:01 159717     /lib/i386-linux-gnu/libnsl-2.19.so
b67d5000-b67d7000 rw-p 00000000 00:00 0 
b67d7000-b67fe000 r-xp 00000000 08:01 144073     /usr/lib/jvm/java-7-openjdk-i386/jre/lib/i386/libjava.so
b67fe000-b67ff000 r--p 00026000 08:01 144073     /usr/lib/jvm/java-7-openjdk-i386/jre/lib/i386/libjava.so
b67ff000-b6800000 rw-p 00027000 08:01 144073     /usr/lib/jvm/java-7-openjdk-i386/jre/lib/i386/libjava.so
b6800000-b68ff000 rw-p 00000000 00:00 0 
b68ff000-b6900000 ---p 00000000 00:00 0 
b6900000-b6907000 r-xp 00000000 08:01 159727     /lib/i386-linux-gnu/libnss_compat-2.19.so
b6907000-b6908000 r--p 00006000 08:01 159727     /lib/i386-linux-gnu/libnss_compat-2.19.so
b6908000-b6909000 rw-p 00007000 08:01 159727     /lib/i386-linux-gnu/libnss_compat-2.19.so
b6909000-b690a000 r--s 00002000 08:01 144114     /usr/lib/jvm/java-7-openjdk-i386/jre/lib/ext/dnsns.jar
b690a000-b690e000 r--s 0003c000 08:01 144118     /usr/lib/jvm/java-7-openjdk-i386/jre/lib/ext/sunpkcs11.jar
b690e000-b6916000 r-xp 00000000 08:01 138893     /usr/lib/jvm/java-7-openjdk-i386/jre/lib/i386/libzip.so
b6916000-b6917000 r--p 00007000 08:01 138893     /usr/lib/jvm/java-7-openjdk-i386/jre/lib/i386/libzip.so
b6917000-b6918000 rw-p 00008000 08:01 138893     /usr/lib/jvm/java-7-openjdk-i386/jre/lib/i386/libzip.so
b6918000-b6920000 rw-s 00000000 08:01 201436     /tmp/hsperfdata_user/2829
b6920000-b6927000 r-xp 00000000 08:01 159746     /lib/i386-linux-gnu/librt-2.19.so
b6927000-b6928000 r--p 00006000 08:01 159746     /lib/i386-linux-gnu/librt-2.19.so
b6928000-b6929000 rw-p 00007000 08:01 159746     /lib/i386-linux-gnu/librt-2.19.so
b6929000-b692c000 ---p 00000000 00:00 0 
b692c000-b697a000 rw-p 00000000 00:00 0          [stack:2831]
b697a000-b6996000 r-xp 00000000 08:01 131377     /lib/i386-linux-gnu/libgcc_s.so.1
b6996000-b6997000 rw-p 0001b000 08:01 131377     /lib/i386-linux-gnu/libgcc_s.so.1
b6997000-b69db000 r-xp 00000000 08:01 159725     /lib/i386-linux-gnu/libm-2.19.so
b69db000-b69dc000 r--p 00043000 08:01 159725     /lib/i386-linux-gnu/libm-2.19.so
b69dc000-b69dd000 rw-p 00044000 08:01 159725     /lib/i386-linux-gnu/libm-2.19.so
b69dd000-b6ab9000 r-xp 00000000 08:01 540        /usr/lib/i386-linux-gnu/libstdc++.so.6.0.19
b6ab9000-b6abd000 r--p 000dc000 08:01 540        /usr/lib/i386-linux-gnu/libstdc++.so.6.0.19
b6abd000-b6abe000 rw-p 000e0000 08:01 540        /usr/lib/i386-linux-gnu/libstdc++.so.6.0.19
b6abe000-b6ac5000 rw-p 00000000 00:00 0 
b6ac5000-b70f0000 r-xp 00000000 08:01 144071     /usr/lib/jvm/java-7-openjdk-i386/jre/lib/i386/client/libjvm.so
b70f0000-b7106000 r--p 0062a000 08:01 144071     /usr/lib/jvm/java-7-openjdk-i386/jre/lib/i386/client/libjvm.so
b7106000-b7115000 rw-p 00640000 08:01 144071     /usr/lib/jvm/java-7-openjdk-i386/jre/lib/i386/client/libjvm.so
b7115000-b7530000 rw-p 00000000 00:00 0 
b7530000-b7548000 r-xp 00000000 08:01 158556     /lib/i386-linux-gnu/libz.so.1.2.8
b7548000-b7549000 r--p 00017000 08:01 158556     /lib/i386-linux-gnu/libz.so.1.2.8
b7549000-b754a000 rw-p 00018000 08:01 158556     /lib/i386-linux-gnu/libz.so.1.2.8
b754a000-b7562000 r-xp 00000000 08:01 159736     /lib/i386-linux-gnu/libpthread-2.19.so
b7562000-b7563000 r--p 00018000 08:01 159736     /lib/i386-linux-gnu/libpthread-2.19.so
b7563000-b7564000 rw-p 00019000 08:01 159736     /lib/i386-linux-gnu/libpthread-2.19.so
b7564000-b7566000 rw-p 00000000 00:00 0 
b7566000-b7569000 r-xp 00000000 08:01 159003     /lib/i386-linux-gnu/libdl-2.19.so
b7569000-b756a000 r--p 00002000 08:01 159003     /lib/i386-linux-gnu/libdl-2.19.so
b756a000-b756b000 rw-p 00003000 08:01 159003     /lib/i386-linux-gnu/libdl-2.19.so
b756b000-b7713000 r-xp 00000000 08:01 159001     /lib/i386-linux-gnu/libc-2.19.so
b7713000-b7715000 r--p 001a8000 08:01 159001     /lib/i386-linux-gnu/libc-2.19.so
b7715000-b7716000 rw-p 001aa000 08:01 159001     /lib/i386-linux-gnu/libc-2.19.so
b7716000-b7719000 rw-p 00000000 00:00 0 
b7719000-b771b000 r--s 00006000 08:01 276693     /usr/share/java/java-atk-wrapper.jar
b771b000-b771d000 r--s 00012000 08:01 144121     /usr/lib/jvm/java-7-openjdk-i386/jre/lib/ext/zipfs.jar
b771d000-b771e000 r--p 002c5000 08:01 369        /usr/lib/locale/locale-archive
b771e000-b771f000 rw-p 00000000 00:00 0 
b771f000-b7720000 r--p 00000000 00:00 0 
b7720000-b772e000 r-xp 00000000 08:01 138970     /usr/lib/jvm/java-7-openjdk-i386/jre/lib/i386/libverify.so
b772e000-b772f000 r--p 0000d000 08:01 138970     /usr/lib/jvm/java-7-openjdk-i386/jre/lib/i386/libverify.so
b772f000-b7730000 rw-p 0000e000 08:01 138970     /usr/lib/jvm/java-7-openjdk-i386/jre/lib/i386/libverify.so
b7730000-b773c000 r-xp 00000000 08:01 138927     /usr/lib/jvm/java-7-openjdk-i386/jre/lib/i386/jli/libjli.so
b773c000-b773d000 r--p 0000c000 08:01 138927     /usr/lib/jvm/java-7-openjdk-i386/jre/lib/i386/jli/libjli.so
b773d000-b773e000 rw-p 0000d000 08:01 138927     /usr/lib/jvm/java-7-openjdk-i386/jre/lib/i386/jli/libjli.so
b773e000-b7741000 rw-p 00000000 00:00 0 
b7741000-b7742000 r-xp 00000000 00:00 0          [vdso]
b7742000-b7762000 r-xp 00000000 08:01 159713     /lib/i386-linux-gnu/ld-2.19.so
b7762000-b7763000 r--p 0001f000 08:01 159713     /lib/i386-linux-gnu/ld-2.19.so
b7763000-b7764000 rw-p 00020000 08:01 159713     /lib/i386-linux-gnu/ld-2.19.so
bfb45000-bfb46000 rwxp 00000000 00:00 0 
bfb78000-bfb99000 rw-p 00000000 00:00 0          [stack]

VM Arguments:
jvm_args: -Xmx512m -Duser.language=en 
java_command: org.contikios.cooja.Cooja
Launcher Type: SUN_STANDARD

Environment Variables:
JAVA_HOME=/usr/lib/jvm/java-7-openjdk-i386
PATH=/usr/local/sdcc/bin:/usr/local/sbin:/usr/local/bin:/usr/sbin:/usr/bin:/sbin:/bin:/usr/games:/usr/local/games:/home/user/CodeSourcery/Sourcery_G++_Lite/bin:/usr/local/msp430/bin:/home/user/CodeSourcery/Sourcery_G++_Lite/bin
LD_LIBRARY_PATH=.
SHELL=/bin/bash
DISPLAY=:0

Signal Handlers:
SIGSEGV: [libjvm.so+0x4e6b10], sa_mask[0]=0x7ffbfeff, sa_flags=0x10000004
SIGBUS: [libjvm.so+0x4e6b10], sa_mask[0]=0x7ffbfeff, sa_flags=0x10000004
SIGFPE: [libjvm.so+0x3c5790], sa_mask[0]=0x7ffbfeff, sa_flags=0x10000004
SIGPIPE: [libjvm.so+0x3c5790], sa_mask[0]=0x7ffbfeff, sa_flags=0x10000004
SIGXFSZ: [libjvm.so+0x3c5790], sa_mask[0]=0x7ffbfeff, sa_flags=0x10000004
SIGILL: [libjvm.so+0x3c5790], sa_mask[0]=0x7ffbfeff, sa_flags=0x10000004
SIGUSR1: SIG_DFL, sa_mask[0]=0x00000000, sa_flags=0x00000000
SIGUSR2: [libjvm.so+0x3c5620], sa_mask[0]=0x00000004, sa_flags=0x10000004
SIGHUP: [libjvm.so+0x3c5850], sa_mask[0]=0x7ffbfeff, sa_flags=0x10000004
SIGINT: [libjvm.so+0x3c5850], sa_mask[0]=0x7ffbfeff, sa_flags=0x10000004
SIGTERM: [libjvm.so+0x3c5850], sa_mask[0]=0x7ffbfeff, sa_flags=0x10000004
SIGQUIT: [libjvm.so+0x3c5850], sa_mask[0]=0x7ffbfeff, sa_flags=0x10000004
SIGTRAP: SIG_DFL, sa_mask[0]=0x00000000, sa_flags=0x00000000


---------------  S Y S T E M  ---------------

OS:Ubuntu 14.04 (trusty)
uname:Linux 3.13.0-62-generic #102-Ubuntu SMP Tue Aug 11 14:28:35 UTC 2015 i686
libc:glibc 2.19 NPTL 2.19 
rlimit: STACK 8192k, CORE 0k, NPROC 32116, NOFILE 4096, AS infinity
load average:0.66 0.48 0.23

/proc/meminfo:
MemTotal:        4130164 kB
MemFree:         2801504 kB
Buffers:          143000 kB
Cached:           683788 kB
SwapCached:            0 kB
Active:           737572 kB
Inactive:         495176 kB
Active(anon):     407028 kB
Inactive(anon):    25460 kB
Active(file):     330544 kB
Inactive(file):   469716 kB
Unevictable:          32 kB
Mlocked:              32 kB
HighTotal:       3280776 kB
HighFree:        2296880 kB
LowTotal:         849388 kB
LowFree:          504624 kB
SwapTotal:       1046524 kB
SwapFree:        1046524 kB
Dirty:              3840 kB
Writeback:             0 kB
AnonPages:        406068 kB
Mapped:           141888 kB
Shmem:             26456 kB
Slab:              59464 kB
SReclaimable:      45528 kB
SUnreclaim:        13936 kB
KernelStack:        2912 kB
PageTables:         7084 kB
NFS_Unstable:          0 kB
Bounce:                0 kB
WritebackTmp:          0 kB
CommitLimit:     3111604 kB
Committed_AS:    2463012 kB
VmallocTotal:     122880 kB
VmallocUsed:       23464 kB
VmallocChunk:      96368 kB
HardwareCorrupted:     0 kB
AnonHugePages:    141312 kB
HugePages_Total:       0
HugePages_Free:        0
HugePages_Rsvd:        0
HugePages_Surp:        0
Hugepagesize:       2048 kB
DirectMap4k:       12280 kB
DirectMap2M:      901120 kB


CPU:total 1 (1 cores per cpu, 1 threads per core) family 6 model 94 stepping 3, cmov, cx8, fxsr, mmx, sse, sse2, sse3, ssse3, sse4.1, sse4.2, popcnt, avx, aes, tsc, tscinvbit

/proc/cpuinfo:
processor	: 0
vendor_id	: GenuineIntel
cpu family	: 6
model		: 94
model name	: Intel(R) Core(TM) i5-6500 CPU @ 3.20GHz
stepping	: 3
microcode	: 0x76
cpu MHz		: 3191.991
cache size	: 6144 KB
physical id	: 0
siblings	: 1
core id		: 0
cpu cores	: 1
apicid		: 0
initial apicid	: 0
fdiv_bug	: no
f00f_bug	: no
coma_bug	: no
fpu		: yes
fpu_exception	: yes
cpuid level	: 22
wp		: yes
flags		: fpu vme de pse tsc msr pae mce cx8 apic sep mtrr pge mca cmov pat pse36 clflush dts mmx fxsr sse sse2 ss nx rdtscp lm constant_tsc arch_perfmon pebs bts tsc_reliable nonstop_tsc aperfmperf pni pclmulqdq ssse3 fma cx16 sse4_1 sse4_2 movbe popcnt aes xsave avx hypervisor lahf_lm 3dnowprefetch ida arat epb pln pts dtherm
bogomips	: 6383.98
clflush size	: 64
cache_alignment	: 64
address sizes	: 40 bits physical, 48 bits virtual
power management:



Memory: 4k page, physical 4130164k(2801504k free), swap 1046524k(1046524k free)

vm_info: OpenJDK Client VM (24.79-b02) for linux-x86 JRE (1.7.0_79-b14), built on Jul 24 2015 08:28:59 by "buildd" with gcc 4.8.2

time: Thu Mar 30 14:22:32 2017
elapsed time: 277 seconds

