#
# A fatal error has been detected by the Java Runtime Environment:
#
#  SIGSEGV (0xb) at pc=0x000000fd, pid=14201, tid=2993683264
#
# JRE version: OpenJDK Runtime Environment (7.0_111-b01) (build 1.7.0_111-b01)
# Java VM: OpenJDK Client VM (24.111-b01 mixed mode, sharing linux-x86 )
# Derivative: IcedTea 2.6.7
# Distribution: Ubuntu 14.04 LTS, package 7u111-2.6.7-0ubuntu0.14.04.3
# Problematic frame:
# C  0x000000fd
#
# Failed to write core dump. Core dumps have been disabled. To enable core dumping, try "ulimit -c unlimited" before starting Java again
#
# If you would like to submit a bug report, please include
# instructions on how to reproduce the bug and visit:
#   http://icedtea.classpath.org/bugzilla
# The crash happened outside the Java Virtual Machine in native code.
# See problematic frame for where to report the bug.
#

---------------  T H R E A D  ---------------

Current thread (0x08664000):  JavaThread "Thread-7" [_thread_in_native, id=14316, stack(0xb26af000,0xb2700000)]

siginfo:si_signo=SIGSEGV: si_errno=0, si_code=1 (SEGV_MAPERR), si_addr=0x000000fd

Registers:
EAX=0x000000fd, EBX=0xb28d4f81, ECX=0x00000000, EDX=0x00000069
ESP=0xb28f2ef8, EBP=0xb28f2f14, ESI=0x0000004a, EDI=0x00000000
EIP=0x000000fd, EFLAGS=0x00010202, CR2=0x000000fd

Top of Stack: (sp=0xb28f2ef8)
0xb28f2ef8:   b28e86d6 00000000 00000001 00000001
0xb28f2f08:   00000067 b28e5ad3 b28d4f81 b28f2f54
0xb28f2f18:   b28e6574 000000fd 00000000 00000001
0xb28f2f28:   00000001 b28f2f70 b28f929e 2cd84169
0xb28f2f38:   00000001 00090009 80090009 823a1b7a
0xb28f2f48:   00000067 1a090009 d655019b 1d06f01e
0xb28f2f58:   00000a10 000000fd 00000000 ff000000
0xb28f2f68:   010000fe 08000e04 00070a0c 01000001 

Instructions: (pc=0x000000fd)
0x000000dd:   
[error occurred during error reporting (printing registers, top of stack, instructions near pc), id 0xb]

Register to memory mapping:

EAX=