#
# A fatal error has been detected by the Java Runtime Environment:
#
#  SIGSEGV (0xb) at pc=0x0000fd18, pid=6416, tid=3003595584
#
# JRE version: OpenJDK Runtime Environment (7.0_111-b01) (build 1.7.0_111-b01)
# Java VM: OpenJDK Client VM (24.111-b01 mixed mode, sharing linux-x86 )
# Derivative: IcedTea 2.6.7
# Distribution: Ubuntu 14.04 LTS, package 7u111-2.6.7-0ubuntu0.14.04.3
# Problematic frame:
# C  0x0000fd18
#
# Failed to write core dump. Core dumps have been disabled. To enable core dumping, try "ulimit -c unlimited" before starting Java again
#
# If you would like to submit a bug report, please include
# instructions on how to reproduce the bug and visit:
#   http://icedtea.classpath.org/bugzilla
# The crash happened outside the Java Virtual Machine in native code.
# See problematic frame for where to report the bug.
#

---------------  T H R E A D  ---------------

Current thread (0x08a96c00):  JavaThread "Thread-5" [_thread_in_native, id=7324, stack(0xb3023000,0xb3074000)]

siginfo:si_signo=SIGSEGV: si_errno=0, si_code=1 (SEGV_MAPERR), si_addr=0x0000fd18

Registers:
EAX=0x0000fd18, EBX=0xb2dcadb3, ECX=0x00000000, EDX=0x00000069
ESP=0xb2de8b58, EBP=0xb2de8b74, ESI=0x0000004a, EDI=0x00000100
EIP=0x0000fd18, EFLAGS=0x00010206, CR2=0x0000fd18

Top of Stack: (sp=0xb2de8b58)
0xb2de8b58:   b2dde54e 00000000 00000001 00000001
0xb2de8b68:   00000052 b2ddb8f1 b2dcadb3 b2de8bb4
0xb2de8b78:   b2ddc36c 0000fd18 00000000 00000001
0xb2de8b88:   00000001 b2de8bd0 b2def27e 5edc61ff
0xb2de8b98:   00000001 00140014 000d8014 000d000d
0xb2de8ba8:   00000052 000d823a 000d000d 3d029b0d
0xb2de8bb8:   00401ee5 0000fd18 00000000 00000000
0xb2de8bc8:   0000feff 00120501 0000fd80 00000000 

Instructions: (pc=0x0000fd18)
0x0000fcf8:   
[error occurred during error reporting (printing registers, top of stack, instructions near pc), id 0xb]

Register to memory mapping:

EAX=