#
# A fatal error has been detected by the Java Runtime Environment:
#
#  SIGSEGV (0xb) at pc=0x0000fdf5, pid=10380, tid=0x81fffb40
#
# JRE version: Java(TM) SE Runtime Environment (8.0_101-b13) (build 1.8.0_101-b13)
# Java VM: Java HotSpot(TM) Server VM (25.101-b13 mixed mode linux-x86 )
# Problematic frame:
# C  0x0000fdf5
#
# Failed to write core dump. Core dumps have been disabled. To enable core dumping, try "ulimit -c unlimited" before starting Java again
#
# If you would like to submit a bug report, please visit:
#   http://bugreport.java.com/bugreport/crash.jsp
# The crash happened outside the Java Virtual Machine in native code.
# See problematic frame for where to report the bug.
#

---------------  T H R E A D  ---------------

Current thread (0x83bcd000):  JavaThread "Thread-33" [_thread_in_native, id=10983, stack(0x81faf000,0x82000000)]

siginfo: si_signo: 11 (SIGSEGV), si_code: 1 (SEGV_MAPERR), si_addr: 0x0000fdf5

Registers:
EAX=0x0000fdf5, EBX=0x81f85553, ECX=0x00000000, EDX=0x00000069
ESP=0x81fa81c8, EBP=0x81fa81e4, ESI=0x0000004a, EDI=0x00000000
EIP=0x0000fdf5, EFLAGS=0x00010206, CR2=0x0000fdf5

Top of Stack: (sp=0x81fa81c8)
0x81fa81c8:   81f98539 00000000 00000001 00000001
0x81fa81d8:   00000052 81f97521 81f85553 81fa8224
0x81fa81e8:   81f987ab 0000fdf5 00000000 00000001
0x81fa81f8:   00000001 81fab6c2 81fab6e0 aedc6140
0x81fa8208:   00000001 00030003 00068003 00060006
0x81fa8218:   00000052 0006823a 00060006 3d029b06
0x81fa8228:   00401e7a 0000fdf5 00000000 00000000
0x81fa8238:   0000feff 00120501 0000fd80 00000000 

Instructions: (pc=0x0000fdf5)
0x0000fdd5:   
[error occurred during error reporting (printing registers, top of stack, instructions near pc), id 0xb]

Register to memory mapping:

EAX=0x0000fdf5 is an unknown value
EBX=0x81f85553: <offset 0x12553> in /home/user/longrange/Dual-radio-simulation/examples/ipv6/rpl-udp/obj_cooja/mtype409.cooja at 0x81f73000
ECX=0x00000000 is an unknown value
EDX=0x00000069 is an unknown value
ESP=0x81fa81c8: <offset 0x351c8> in /home/user/longrange/Dual-radio-simulation/examples/ipv6/rpl-udp/obj_cooja/mtype409.cooja at 0x81f73000
EBP=0x81fa81e4: <offset 0x351e4> in /home/user/longrange/Dual-radio-simulation/examples/ipv6/rpl-udp/obj_cooja/mtype409.cooja at 0x81f73000
ESI=0x0000004a is an unknown value
EDI=0x00000000 is an unknown value


Stack: [0x81faf000,0x82000000],  sp=0x81fa81c8,  free space=4194276k
Native frames: (J=compiled Java code, j=interpreted, Vv=VM code, C=native code)
C