#
# A fatal error has been detected by the Java Runtime Environment:
#
#  SIGSEGV (0xb) at pc=0xb2d81533, pid=6463, tid=2999614272
#
# JRE version: OpenJDK Runtime Environment (7.0_79-b14) (build 1.7.0_79-b14)
# Java VM: OpenJDK Client VM (24.79-b02 mixed mode, sharing linux-x86 )
# Derivative: IcedTea 2.5.6
# Distribution: Ubuntu 14.04 LTS, package 7u79-2.5.6-0ubuntu1.14.04.1
# Problematic frame:
# C  [mtype607.cooja+0x24533]  nbr_set_bit+0x3f
#
# Failed to write core dump. Core dumps have been disabled. To enable core dumping, try "ulimit -c unlimited" before starting Java again
#
# If you would like to submit a bug report, please include
# instructions on how to reproduce the bug and visit:
#   http://icedtea.classpath.org/bugzilla
# The crash happened outside the Java Virtual Machine in native code.
# See problematic frame for where to report the bug.
#

---------------  T H R E A D  ---------------

Current thread (0x09d72400):  JavaThread "Thread-5" [_thread_in_native, id=6739, stack(0xb2c57000,0xb2ca8000)]

siginfo:si_signo=SIGSEGV: si_errno=0, si_code=1 (SEGV_MAPERR), si_addr=0xb7ac3e40

Registers:
EAX=0xb7ac3e40, EBX=0xb2d8d120, ECX=0x04d316d8, EDX=0xb7ac3e40
ESP=0xb2d8f16c, EBP=0xb2d8f18c, ESI=0x00000000, EDI=0x00000000
EIP=0xb2d81533, EFLAGS=0x00010292, CR2=0xb7ac3e40

Top of Stack: (sp=0xb2d8f16c)
0xb2d8f16c:   b2d8d1b8 000a9300 b2d8f1a4 b2d78c66
0xb2d8f17c:   00000002 04d316d8 b2d8d120 00000000
0xb2d8f18c:   b2d8f1a4 b2d81a54 b2d92768 b2d8d1b8
0xb2d8f19c:   000a9300 00000001 b2d8f1d4 b2d79488
0xb2d8f1ac:   b2d8d1b8 000a9300 b2d8f1d4 b2d7009e
0xb2d8f1bc:   b2d8d124 00000009 00000000 000a9300
0xb2d8f1cc:   b2d92740 00000028 b2d8f204 b2d7a649
0xb2d8f1dc:   b2d95450 000a9300 b2d8f214 b2d7100b 

Instructions: (pc=0xb2d81533)
0xb2d81513:   0c 00 74 69 83 7d f4 ff 74 63 83 7d 14 00 74 2b
0xb2d81523:   8b 55 f4 8b 45 08 01 c2 8b 4d f4 8b 45 08 01 c8
0xb2d81533:   0f b6 00 89 c3 8b 45 0c 8b 00 be 01 00 00 00 89
0xb2d81543:   c1 d3 e6 89 f0 09 d8 88 02 eb 2b 8b 55 f4 8b 45 

Register to memory mapping:

EAX=0xb7ac3e40 is an unknown value
EBX=0xb2d8d120: ctimer_process+0xc in /home/user/Desktop/Dual-radio-simulation/lanada/obj_cooja/mtype607.cooja at 0xb2d5d000
ECX=0x04d316d8 is an unknown value
EDX=0xb7ac3e40 is an unknown value
ESP=0xb2d8f16c: <offset 0x3216c> in /home/user/Desktop/Dual-radio-simulation/lanada/obj_cooja/mtype607.cooja at 0xb2d5d000
EBP=0xb2d8f18c: <offset 0x3218c> in /home/user/Desktop/Dual-radio-simulation/lanada/obj_cooja/mtype607.cooja at 0xb2d5d000
ESI=0x00000000 is an unknown value
EDI=0x00000000 is an unknown value


Stack: [0xb2c57000,0xb2ca8000],  sp=0xb2d8f16c,  free space=1248k
Native frames: (J=compiled Java code, j=interpreted, Vv=VM code, C=native code)
C  [mtype607.cooja+0x24533]  nbr_set_bit+0x3f
C  [mtype607.cooja+0x24a54]  nbr_table_lock+0x28
C  [mtype607.cooja+0x1c488]  rpl_set_preferred_parent+0x42
C  [mtype607.cooja+0x1d649]  rpl_select_parent+0x2c
C  [mtype607.cooja+0x1d237]  rpl_select_dag+0x50
C  [mtype607.cooja+0x1e1b0]  rpl_process_parent_event+0x65
C  [mtype607.cooja+0x1e12c]  rpl_recalculate_ranks+0x67
C  [mtype607.cooja+0x21cc5]  handle_periodic_timer+0x15
C  [mtype607.cooja+0x12e31]  process_thread_ctimer_process+0xe7
C  [mtype607.cooja+0x1372b]  call_process+0x57
C  [mtype607.cooja+0x1394f]  do_event+0x141
C  [mtype607.cooja+0x1396c]  process_run+0x1b
C  [mtype607.cooja+0x10fcd]  process_run_thread_loop+0x2b

Java frames: (J=compiled Java code, j=interpreted, Vv=VM code)
J 1375  org.contikios.cooja.corecomm.Lib2.tick()V (0 bytes) @ 0xb4a470d0 [0xb4a47090+0x40]

[error occurred during error reporting (printing Java stack), id 0xb]


---------------  P R O C E S S  ---------------

Java Threads: ( => current thread )
=>