#
# A fatal error has been detected by the Java Runtime Environment:
#
#  SIGSEGV (0xb) at pc=0xb1ed461e, pid=3702, tid=2987703104
#
# JRE version: OpenJDK Runtime Environment (7.0_79-b14) (build 1.7.0_79-b14)
# Java VM: OpenJDK Client VM (24.79-b02 mixed mode, sharing linux-x86 )
# Derivative: IcedTea 2.5.6
# Distribution: Ubuntu 14.04 LTS, package 7u79-2.5.6-0ubuntu1.14.04.1
# Problematic frame:
# C  [mtype67.cooja+0x2461e]  nbr_set_bit+0x56
#
# Failed to write core dump. Core dumps have been disabled. To enable core dumping, try "ulimit -c unlimited" before starting Java again
#
# If you would like to submit a bug report, please include
# instructions on how to reproduce the bug and visit:
#   http://icedtea.classpath.org/bugzilla
# The crash happened outside the Java Virtual Machine in native code.
# See problematic frame for where to report the bug.
#

---------------  T H R E A D  ---------------

Current thread (0x08e7e400):  JavaThread "Thread-26" [_thread_in_native, id=5436, stack(0xb20fb000,0xb214c000)]

siginfo:si_signo=SIGSEGV: si_errno=0, si_code=2 (SEGV_ACCERR), si_addr=0xb6cf724c

Registers:
EAX=0x0000005d, EBX=0x00000059, ECX=0x00000002, EDX=0xb6cf724c
ESP=0xb1ee21ac, EBP=0xb1ee21cc, ESI=0x00000004, EDI=0x00000000
EIP=0xb1ed461e, EFLAGS=0x00010202, CR2=0xb6cf724c

Top of Stack: (sp=0xb1ee21ac)
0xb1ee21ac:   b1ee01b8 00000001 b1ee21e4 b1ecbce6
0xb1ee21bc:   00000002 04e11aa4 b1ee0120 00000000
0xb1ee21cc:   b1ee21e4 b1ed4b28 b1ee57a8 b1ee01b8
0xb1ee21dc:   00000001 00000001 b1ee2214 b1ecc508
0xb1ee21ec:   b1ee01b8 00000001 00000000 b1ec4d02
0xb1ee21fc:   b1ee7c87 00000000 00000001 00000001
0xb1ee220c:   b1ee5780 00000028 b1ee2244 b1ecd71d
0xb1ee221c:   b1ee8490 00000001 00000000 b1ec5e02 

Instructions: (pc=0xb1ed461e)
0xb1ed45fe:   c2 8b 4d f4 8b 45 08 01 c8 0f b6 00 89 c3 8b 45
0xb1ed460e:   0c 8b 00 be 01 00 00 00 89 c1 d3 e6 89 f0 09 d8
0xb1ed461e:   88 02 eb 2b 8b 55 f4 8b 45 08 01 c2 8b 4d f4 8b
0xb1ed462e:   45 08 01 c8 0f b6 00 89 c3 8b 45 0c 8b 00 be 01 

Register to memory mapping:

EAX=0x0000005d is an unknown value
EBX=0x00000059 is an unknown value
ECX=0x00000002 is an unknown value
EDX=0xb6cf724c: <offset 0x25524c> in /usr/lib/jvm/java-7-openjdk-i386/jre/lib/i386/client/libjvm.so at 0xb6aa2000
ESP=0xb1ee21ac: <offset 0x321ac> in /home/user/Desktop/Dual-radio-simulation/lanada/obj_cooja/mtype67.cooja at 0xb1eb0000
EBP=0xb1ee21cc: <offset 0x321cc> in /home/user/Desktop/Dual-radio-simulation/lanada/obj_cooja/mtype67.cooja at 0xb1eb0000
ESI=0x00000004 is an unknown value
EDI=0x00000000 is an unknown value


Stack: [0xb20fb000,0xb214c000],  sp=0xb1ee21ac,  free space=4192156k
Native frames: (J=compiled Java code, j=interpreted, Vv=VM code, C=native code)
C  [mtype67.cooja+0x2461e]  nbr_set_bit+0x56
C  [mtype67.cooja+0x24b28]  nbr_table_lock+0x28
C  [mtype67.cooja+0x1c508]  rpl_set_preferred_parent+0x42
C  [mtype67.cooja+0x1d71d]  rpl_select_parent+0x2c
C  [mtype67.cooja+0x1d2b7]  rpl_select_dag+0x50
C  [mtype67.cooja+0x1e284]  rpl_process_parent_event+0x65
C  [mtype67.cooja+0x1e200]  rpl_recalculate_ranks+0x67
C  [mtype67.cooja+0x21d99]  handle_periodic_timer+0x15
C  [mtype67.cooja+0x12eb1]  process_thread_ctimer_process+0xe7
C  [mtype67.cooja+0x137ab]  call_process+0x57
C  [mtype67.cooja+0x139cf]  do_event+0x141
C  [mtype67.cooja+0x139ec]  process_run+0x1b
C  [mtype67.cooja+0x1104d]  process_run_thread_loop+0x2b

Java frames: (J=compiled Java code, j=interpreted, Vv=VM code)
J 2263  org.contikios.cooja.corecomm.Lib4.tick()V (0 bytes) @ 0xb4b55990 [0xb4b55950+0x40]

[error occurred during error reporting (printing Java stack), id 0xb]


---------------  P R O C E S S  ---------------

Java Threads: ( => current thread )
=>