#
# A fatal error has been detected by the Java Runtime Environment:
#
#  SIGSEGV (0xb) at pc=0x0000fdf1, pid=13283, tid=0x82baeb40
#
# JRE version: Java(TM) SE Runtime Environment (8.0_101-b13) (build 1.8.0_101-b13)
# Java VM: Java HotSpot(TM) Server VM (25.101-b13 mixed mode linux-x86 )
# Problematic frame:
# C  0x0000fdf1
#
# Core dump written. Default location: /home/user/longrange/Dual-radio-simulation/tools/cooja/build/core or core.13283
#
# If you would like to submit a bug report, please visit:
#   http://bugreport.java.com/bugreport/crash.jsp
# The crash happened outside the Java Virtual Machine in native code.
# See problematic frame for where to report the bug.
#

---------------  T H R E A D  ---------------

Current thread (0x84369000):  JavaThread "Thread-7" [_thread_in_native, id=13424, stack(0x82b5e000,0x82baf000)]

siginfo: si_signo: 11 (SIGSEGV), si_code: 1 (SEGV_MAPERR), si_addr: 0x0000fdf1

Registers:
EAX=0x0000fdf1, EBX=0x83304a03, ECX=0x00000000, EDX=0x00000069
ESP=0x833221c8, EBP=0x833221e4, ESI=0x0000004a, EDI=0x00000000
EIP=0x0000fdf1, EFLAGS=0x00010202, CR2=0x0000fdf1

Top of Stack: (sp=0x833221c8)
0x833221c8:   83315c8e 00000000 00000001 00000001
0x833221d8:   00000052 83314c76 83304a03 83322224
0x833221e8:   83315f00 0000fdf1 00000000 00000001
0x833221f8:   00000001 833256c2 833256e0 6edc61e1
0x83322208:   00000001 00170017 000f8017 000f000f
0x83322218:   00000052 000f823a 000f000f 3c029b0f
0x83322228:   00401ef0 0000fdf1 00000000 00000000
0x83322238:   0000feff 00120501 0000fd80 00000000 

Instructions: (pc=0x0000fdf1)
0x0000fdd1:   
[error occurred during error reporting (printing registers, top of stack, instructions near pc), id 0xb]

Register to memory mapping:

EAX=0x0000fdf1 is an unknown value
EBX=0x83304a03: <offset 0x10a03> in /home/user/longrange/Dual-radio-simulation/examples/ipv6/rpl-udp/obj_cooja/mtype106.cooja at 0x832f4000
ECX=0x00000000 is an unknown value
EDX=0x00000069 is an unknown value
ESP=0x833221c8: <offset 0x2e1c8> in /home/user/longrange/Dual-radio-simulation/examples/ipv6/rpl-udp/obj_cooja/mtype106.cooja at 0x832f4000
EBP=0x833221e4: <offset 0x2e1e4> in /home/user/longrange/Dual-radio-simulation/examples/ipv6/rpl-udp/obj_cooja/mtype106.cooja at 0x832f4000
ESI=0x0000004a is an unknown value
EDI=0x00000000 is an unknown value


Stack: [0x82b5e000,0x82baf000],  sp=0x833221c8,  free space=7952k
Native frames: (J=compiled Java code, j=interpreted, Vv=VM code, C=native code)
C