#
# A fatal error has been detected by the Java Runtime Environment:
#
#  SIGSEGV (0xb) at pc=0x0000fdf6, pid=4641, tid=3000281920
#
# JRE version: OpenJDK Runtime Environment (7.0_111-b01) (build 1.7.0_111-b01)
# Java VM: OpenJDK Client VM (24.111-b01 mixed mode, sharing linux-x86 )
# Derivative: IcedTea 2.6.7
# Distribution: Ubuntu 14.04 LTS, package 7u111-2.6.7-0ubuntu0.14.04.3
# Problematic frame:
# C  0x0000fdf6
#
# Failed to write core dump. Core dumps have been disabled. To enable core dumping, try "ulimit -c unlimited" before starting Java again
#
# If you would like to submit a bug report, please include
# instructions on how to reproduce the bug and visit:
#   http://icedtea.classpath.org/bugzilla
# The crash happened outside the Java Virtual Machine in native code.
# See problematic frame for where to report the bug.
#

---------------  T H R E A D  ---------------

Current thread (0x085fd800):  JavaThread "Thread-7" [_thread_in_native, id=4757, stack(0xb2cfa000,0xb2d4b000)]

siginfo:si_signo=SIGSEGV: si_errno=0, si_code=1 (SEGV_MAPERR), si_addr=0x0000fdf6

Registers:
EAX=0x0000fdf6, EBX=0xb2bfb25a, ECX=0x00000000, EDX=0x00000069
ESP=0xb2c1a1c8, EBP=0xb2c1a1e4, ESI=0x0000004a, EDI=0x00000000
EIP=0x0000fdf6, EFLAGS=0x00010206, CR2=0x0000fdf6

Top of Stack: (sp=0xb2c1a1c8)
0xb2c1a1c8:   b2c0ce20 00000000 00000001 00000001
0xb2c1a1d8:   00000052 b2c0bdac b2bfb25a b2c1a224
0xb2c1a1e8:   b2c0d0a5 0000fdf6 00000000 00000001
0xb2c1a1f8:   00000001 b2c1d6c2 b2c1d6e0 3fdc61a8
0xb2c1a208:   00000001 00140014 00098014 00090009
0xb2c1a218:   00000052 0009823a 00090009 3d029b09
0xb2c1a228:   00401e35 0000fdf6 00000000 00000000
0xb2c1a238:   0000feff 00120501 0000fd80 00000000 

Instructions: (pc=0x0000fdf6)
0x0000fdd6:   
[error occurred during error reporting (printing registers, top of stack, instructions near pc), id 0xb]

Register to memory mapping:

EAX=0x0000fdf6 is an unknown value
EBX=0xb2bfb25a: <offset 0x1125a> in /media/user/JK/Dual-radio-simulation/examples/ipv6/rpl-udp/obj_cooja/mtype707.cooja at 0xb2bea000
ECX=0x00000000 is an unknown value
EDX=0x00000069 is an unknown value
ESP=0xb2c1a1c8: <offset 0x301c8> in /media/user/JK/Dual-radio-simulation/examples/ipv6/rpl-udp/obj_cooja/mtype707.cooja at 0xb2bea000
EBP=0xb2c1a1e4: <offset 0x301e4> in /media/user/JK/Dual-radio-simulation/examples/ipv6/rpl-udp/obj_cooja/mtype707.cooja at 0xb2bea000
ESI=0x0000004a is an unknown value
EDI=0x00000000 is an unknown value


Stack: [0xb2cfa000,0xb2d4b000],  sp=0xb2c1a1c8,  free space=4193408k
Native frames: (J=compiled Java code, j=interpreted, Vv=VM code, C=native code)
C  0x0000fdf6
C  [mtype707.cooja+0x230a5]  send_one_packet+0x20a

Java frames: (J=compiled Java code, j=interpreted, Vv=VM code)
J 1898  org.contikios.cooja.corecomm.Lib2.tick()V (0 bytes) @ 0xb4b4d6d0 [0xb4b4d690+0x40]
