#
# A fatal error has been detected by the Java Runtime Environment:
#
#  SIGSEGV (0xb) at pc=0xb760b506, pid=3718, tid=2998496064
#
# JRE version: OpenJDK Runtime Environment (7.0_121) (build 1.7.0_121-b00)
# Java VM: OpenJDK Client VM (24.121-b00 mixed mode, sharing linux-x86 )
# Derivative: IcedTea 2.6.8
# Distribution: Ubuntu 14.04 LTS, package 7u121-2.6.8-1ubuntu0.14.04.1
# Problematic frame:
# C  [libc.so.6+0x63506]  fclose+0x16
#
# Failed to write core dump. Core dumps have been disabled. To enable core dumping, try "ulimit -c unlimited" before starting Java again
#
# If you would like to submit a bug report, please include
# instructions on how to reproduce the bug and visit:
#   http://icedtea.classpath.org/bugzilla
# The crash happened outside the Java Virtual Machine in native code.
# See problematic frame for where to report the bug.
#

---------------  T H R E A D  ---------------

Current thread (0x08506000):  JavaThread "Thread-7" [_thread_in_native, id=3882, stack(0xb2b46000,0xb2b97000)]

siginfo:si_signo=SIGSEGV: si_errno=0, si_code=1 (SEGV_MAPERR), si_addr=0x00000046

Registers:
EAX=0x00000000, EBX=0xb7753000, ECX=0x00000000, EDX=0x0000000a
ESP=0xb2a5e1cc, EBP=0xb2a5e214, ESI=0x00000000, EDI=0x00000000
EIP=0xb760b506, EFLAGS=0x00010286, CR2=0x00000046

Top of Stack: (sp=0xb2a5e1cc)
0xb2a5e1cc:   0000000a 00000400 b2a53e08 b2a5e200
0xb2a5e1dc:   b2a53de0 b2a5e200 0000001b 00000000
0xb2a5e1ec:   00000000 00000000 b2a5e214 b2a40a9d
0xb2a5e1fc:   00000000 b2a53ddc 000003cd 000003ce
0xb2a5e20c:   000003cf 000003d0 b2a5e2b4 b2a3e182
0xb2a5e21c:   000003d3 000003d4 000003d5 000003d6
0xb2a5e22c:   000003d7 000003d8 000003d9 000003da
0xb2a5e23c:   000003db 000003dc 000003dd 000003de 

Instructions: (pc=0xb760b506)
0xb760b4e6:   78 ff ff ff 66 90 66 90 66 90 55 57 56 53 83 ec
0xb760b4f6:   1c 8b 74 24 30 e8 db 32 0c 00 81 c3 00 7b 14 00
0xb760b506:   80 7e 46 00 0f 85 80 01 00 00 8b 16 f6 c6 20 89
0xb760b516:   d1 0f 85 43 01 00 00 89 d0 25 00 80 00 00 75 39 

Register to memory mapping:

EAX=0x00000000 is an unknown value
EBX=0xb7753000: <offset 0x1ab000> in /lib/i386-linux-gnu/libc.so.6 at 0xb75a8000
ECX=0x00000000 is an unknown value
EDX=0x0000000a is an unknown value
ESP=0xb2a5e1cc: <offset 0x2f1cc> in /home/user/Desktop/Dual-radio-simulation/lanada/log_test/obj_cooja/mtype235.cooja at 0xb2a2f000
EBP=0xb2a5e214: <offset 0x2f214> in /home/user/Desktop/Dual-radio-simulation/lanada/log_test/obj_cooja/mtype235.cooja at 0xb2a2f000
ESI=0x00000000 is an unknown value
EDI=0x00000000 is an unknown value


Stack: [0xb2b46000,0xb2b97000],  sp=0xb2a5e1cc,  free space=4193376k
Native frames: (J=compiled Java code, j=interpreted, Vv=VM code, C=native code)
C  [libc.so.6+0x63506]  fclose+0x16
C  [mtype235.cooja+0xf182]  contiki_init+0x26
C  [mtype235.cooja+0xf6c3]  process_run_thread_loop+0x1a

Java frames: (J=compiled Java code, j=interpreted, Vv=VM code)
j  org.contikios.cooja.corecomm.Lib2.tick()V+0
J 1300 C1 org.contikios.cooja.contikimote.ContikiMote.execute(J)V (99 bytes) @ 0xb4a398ac [0xb4a39740+0x16c]

[error occurred during error reporting (printing Java stack), id 0xb]


---------------  P R O C E S S  ---------------

Java Threads: ( => current thread )
=>