#
# A fatal error has been detected by the Java Runtime Environment:
#
#  SIGSEGV (0xb) at pc=0xb75ac506, pid=3140, tid=2996632384
#
# JRE version: OpenJDK Runtime Environment (7.0_121) (build 1.7.0_121-b00)
# Java VM: OpenJDK Client VM (24.121-b00 mixed mode, sharing linux-x86 )
# Derivative: IcedTea 2.6.8
# Distribution: Ubuntu 14.04 LTS, package 7u121-2.6.8-1ubuntu0.14.04.1
# Problematic frame:
# C  [libc.so.6+0x63506]  fclose+0x16
#
# Failed to write core dump. Core dumps have been disabled. To enable core dumping, try "ulimit -c unlimited" before starting Java again
#
# If you would like to submit a bug report, please include
# instructions on how to reproduce the bug and visit:
#   http://icedtea.classpath.org/bugzilla
# The crash happened outside the Java Virtual Machine in native code.
# See problematic frame for where to report the bug.
#

---------------  T H R E A D  ---------------

Current thread (0x0859b400):  JavaThread "Thread-3" [_thread_in_native, id=3220, stack(0xb297f000,0xb29d0000)]

siginfo:si_signo=SIGSEGV: si_errno=0, si_code=1 (SEGV_MAPERR), si_addr=0x00000046

Registers:
EAX=0x00000000, EBX=0xb76f4000, ECX=0x00000000, EDX=0x0000000a
ESP=0xb28cd0dc, EBP=0xb28cd124, ESI=0x00000000, EDI=0x00000000
EIP=0xb75ac506, EFLAGS=0x00010286, CR2=0x00000046

Top of Stack: (sp=0xb28cd0dc)
0xb28cd0dc:   0000000a 00000400 b28c2e1a b28cd110
0xb28cd0ec:   b28c2dfe b28cd110 0000001b b28cb030
0xb28cd0fc:   00000001 00000000 b28cd124 b28afaaa
0xb28cd10c:   00000000 b28c2dfc 00000000 00000000
0xb28cd11c:   00000000 00000000 b28cd154 b28acfb2
0xb28cd12c:   b28cb26c 00000000 ffffffff b28b0281
0xb28cd13c:   b28ce920 00000000 ffffffff 01000081
0xb28cd14c:   0000039f 000003a0 b28cd184 b28afc71 

Instructions: (pc=0xb75ac506)
0xb75ac4e6:   78 ff ff ff 66 90 66 90 66 90 55 57 56 53 83 ec
0xb75ac4f6:   1c 8b 74 24 30 e8 db 32 0c 00 81 c3 00 7b 14 00
0xb75ac506:   80 7e 46 00 0f 85 80 01 00 00 8b 16 f6 c6 20 89
0xb75ac516:   d1 0f 85 43 01 00 00 89 d0 25 00 80 00 00 75 39 

Register to memory mapping:

EAX=0x00000000 is an unknown value
EBX=0xb76f4000: <offset 0x1ab000> in /lib/i386-linux-gnu/libc.so.6 at 0xb7549000
ECX=0x00000000 is an unknown value
EDX=0x0000000a is an unknown value
ESP=0xb28cd0dc: <offset 0x2f0dc> in /home/user/Desktop/Dual-radio-simulation/lanada/log_test/obj_cooja/mtype146.cooja at 0xb289e000
EBP=0xb28cd124: <offset 0x2f124> in /home/user/Desktop/Dual-radio-simulation/lanada/log_test/obj_cooja/mtype146.cooja at 0xb289e000
ESI=0x00000000 is an unknown value
EDI=0x00000000 is an unknown value


Stack: [0xb297f000,0xb29d0000],  sp=0xb28cd0dc,  free space=4193592k
Native frames: (J=compiled Java code, j=interpreted, Vv=VM code, C=native code)
C  [libc.so.6+0x63506]  fclose+0x16
C  [mtype146.cooja+0xefb2]  process_thread_hello_world_process+0x27
C  [mtype146.cooja+0x11c71]  call_process+0x57
C  [mtype146.cooja+0x11fbf]  process_post_synch+0x2e
C  [mtype146.cooja+0x11b2e]  process_start+0x6d
C  [mtype146.cooja+0x112c1]  autostart_start+0x30
C  [mtype146.cooja+0xf69a]  contiki_init+0x527
C  [mtype146.cooja+0xf6d0]  process_run_thread_loop+0x1a

Java frames: (J=compiled Java code, j=interpreted, Vv=VM code)
j  org.contikios.cooja.corecomm.Lib1.tick()V+0
j  org.contikios.cooja.contikimote.ContikiMoteType.tick()V+4
j  org.contikios.cooja.contikimote.ContikiMote.execute(J)V+63
j  org.contikios.cooja.motes.AbstractWakeupMote$1.execute(J)V+5
j  org.contikios.cooja.Simulation.run()V+184
j  java.lang.Thread.run()V+11
v  ~StubRoutines::call_stub

---------------  P R O C E S S  ---------------

Java Threads: ( => current thread )
=>0x0859b400 JavaThread "Thread-3" [_thread_in_native, id=3220, stack(0xb297f000,0xb29d0000)]
  0x0857d000 JavaThread "Thread-2" [_thread_blocked, id=3210, stack(0xb292e000,0xb297f000)]
  0x08587400 JavaThread "Thread-1" [_thread_blocked, id=3209, stack(0xb28dd000,0xb292e000)]
  0x08586000 JavaThread "process reaper" daemon [_thread_blocked, id=3164, stack(0xb2ae7000,0xb2b38000)]
  0x08426000 JavaThread "TimerQueue" daemon [_thread_blocked, id=3157, stack(0xb322a000,0xb327b000)]
  0xb6707800 JavaThread "DestroyJavaVM" [_thread_blocked, id=3142, stack(0xb68f9000,0xb694a000)]
  0xb3874000 JavaThread "AWT-EventQueue-0" [_thread_blocked, id=3156, stack(0xb327b000,0xb32cc000)]
  0xb3873800 JavaThread "AWT-Shutdown" [_thread_blocked, id=3155, stack(0xb32cc000,0xb331d000)]
  0xb3849000 JavaThread "AWT-XAWT" daemon [_thread_in_native, id=3154, stack(0xb33bd000,0xb340e000)]
  0xb383b000 JavaThread "Java2D Disposer" daemon [_thread_blocked, id=3153, stack(0xb341f000,0xb3470000)]
  0xb674cc00 JavaThread "Service Thread" daemon [_thread_blocked, id=3151, stack(0xb3d3b000,0xb3d8c000)]
  0xb674ac00 JavaThread "C1 CompilerThread0" daemon [_thread_blocked, id=3150, stack(0xb3d8c000,0xb3e0d000)]
  0xb6749000 JavaThread "Signal Dispatcher" daemon [_thread_blocked, id=3149, stack(0xb3e0d000,0xb3e5e000)]
  0xb6733400 JavaThread "Finalizer" daemon [_thread_blocked, id=3148, stack(0xb405e000,0xb40af000)]
  0xb6731c00 JavaThread "Reference Handler" daemon [_thread_blocked, id=3147, stack(0xb40af000,0xb4100000)]

Other Threads:
  0xb6730400 VMThread [stack: 0xb422c000,0xb42ad000] [id=3146]
  0xb674f000 WatcherThread [stack: 0xb3cba000,0xb3d3b000] [id=3152]

VM state:not at safepoint (normal execution)

VM Mutex/Monitor currently owned by a thread: None

Heap
 def new generation   total 4928K, used 4496K [0x6e800000, 0x6ed50000, 0x792a0000)
  eden space 4416K,  92% used [0x6e800000, 0x6ebfe2e8, 0x6ec50000)
  from space 512K,  79% used [0x6ecd0000, 0x6ed35ed8, 0x6ed50000)
  to   space 512K,   0% used [0x6ec50000, 0x6ec50000, 0x6ecd0000)
 tenured generation   total 10944K, used 6305K [0x792a0000, 0x79d50000, 0x8e800000)
   the space 10944K,  57% used [0x792a0000, 0x798c8430, 0x798c8600, 0x79d50000)
 compacting perm gen  total 12288K, used 6965K [0x8e800000, 0x8f400000, 0x92800000)
   the space 12288K,  56% used [0x8e800000, 0x8eecd638, 0x8eecd800, 0x8f400000)
    ro space 10240K,  60% used [0x92800000, 0x92e00d38, 0x92e00e00, 0x93200000)
    rw space 12288K,  59% used [0x93200000, 0x9391e858, 0x9391ea00, 0x93e00000)

Card table byte_map: [0xb4554000,0xb4680000] byte_map_base: 0xb41e0000

Polling page: 0xb76fe000

Code Cache  [0xb4700000, 0xb4960000, 0xb6700000)
 total_blobs=1512 nmethods=1210 adapters=237 free_code_cache=30336Kb largest_free_block=31064512

Compilation events (10 events):
Event: 25.286 Thread 0xb674ac00 1210             javax.swing.text.JTextComponent::getDocument (5 bytes)
Event: 25.286 Thread 0xb674ac00 nmethod 1210 0xb495e4c8 code [0xb495e5c0, 0xb495e640]
Event: 25.287 Thread 0xb674ac00 1211             java.util.Arrays::equals (78 bytes)
Event: 25.287 Thread 0xb674ac00 nmethod 1211 0xb495e688 code [0xb495e7a0, 0xb495e91c]
Event: 25.288 Thread 0xb674ac00 1212             sun.java2d.SunGraphics2D::constrain (11 bytes)
Event: 25.288 Thread 0xb674ac00 nmethod 1212 0xb495ea48 code [0xb495eb40, 0xb495ebec]
Event: 25.288 Thread 0xb674ac00 1213             sun.java2d.SunGraphics2D::constrain (216 bytes)
Event: 25.288 Thread 0xb674ac00 nmethod 1213 0xb495ec48 code [0xb495ee00, 0xb495f250]
Event: 25.328 Thread 0xb674ac00 1214             java.awt.EventDispatchThread$HierarchyEventFilter::acceptEvent (225 bytes)
Event: 25.329 Thread 0xb674ac00 nmethod 1214 0xb495f708 code [0xb495f860, 0xb495fc40]

GC Heap History (10 events):
Event: 23.931 GC heap before
{Heap before GC invocations=88 (full 0):
 def new generation   total 4928K, used 4425K [0x6e800000, 0x6ed50000, 0x792a0000)
  eden space 4416K, 100% used [0x6e800000, 0x6ec50000, 0x6ec50000)
  from space 512K,   1% used [0x6ec50000, 0x6ec52648, 0x6ecd0000)
  to   space 512K,   0% used [0x6ecd0000, 0x6ecd0000, 0x6ed50000)
 tenured generation   total 10944K, used 6303K [0x792a0000, 0x79d50000, 0x8e800000)
   the space 10944K,  57% used [0x792a0000, 0x798c7f08, 0x798c8000, 0x79d50000)
 compacting perm gen  total 12288K, used 6824K [0x8e800000, 0x8f400000, 0x92800000)
   the space 12288K,  55% used [0x8e800000, 0x8eeaa120, 0x8eeaa200, 0x8f400000)
    ro space 10240K,  60% used [0x92800000, 0x92e00d38, 0x92e00e00, 0x93200000)
    rw space 12288K,  59% used [0x93200000, 0x9391e858, 0x9391ea00, 0x93e00000)
Event: 23.931 GC heap after
Heap after GC invocations=89 (full 0):
 def new generation   total 4928K, used 10K [0x6e800000, 0x6ed50000, 0x792a0000)
  eden space 4416K,   0% used [0x6e800000, 0x6e800000, 0x6ec50000)
  from space 512K,   2% used [0x6ecd0000, 0x6ecd2b30, 0x6ed50000)
  to   space 512K,   0% used [0x6ec50000, 0x6ec50000, 0x6ecd0000)
 tenured generation   total 10944K, used 6303K [0x792a0000, 0x79d50000, 0x8e800000)
   the space 10944K,  57% used [0x792a0000, 0x798c7ff8, 0x798c8000, 0x79d50000)
 compacting perm gen  total 12288K, used 6824K [0x8e800000, 0x8f400000, 0x92800000)
   the space 12288K,  55% used [0x8e800000, 0x8eeaa120, 0x8eeaa200, 0x8f400000)
    ro space 10240K,  60% used [0x92800000, 0x92e00d38, 0x92e00e00, 0x93200000)
    rw space 12288K,  59% used [0x93200000, 0x9391e858, 0x9391ea00, 0x93e00000)
}
Event: 23.945 GC heap before
{Heap before GC invocations=89 (full 0):
 def new generation   total 4928K, used 4426K [0x6e800000, 0x6ed50000, 0x792a0000)
  eden space 4416K, 100% used [0x6e800000, 0x6ec50000, 0x6ec50000)
  from space 512K,   2% used [0x6ecd0000, 0x6ecd2b30, 0x6ed50000)
  to   space 512K,   0% used [0x6ec50000, 0x6ec50000, 0x6ecd0000)
 tenured generation   total 10944K, used 6303K [0x792a0000, 0x79d50000, 0x8e800000)
   the space 10944K,  57% used [0x792a0000, 0x798c7ff8, 0x798c8000, 0x79d50000)
 compacting perm gen  total 12288K, used 6824K [0x8e800000, 0x8f400000, 0x92800000)
   the space 12288K,  55% used [0x8e800000, 0x8eeaa120, 0x8eeaa200, 0x8f400000)
    ro space 10240K,  60% used [0x92800000, 0x92e00d38, 0x92e00e00, 0x93200000)
    rw space 12288K,  59% used [0x93200000, 0x9391e858, 0x9391ea00, 0x93e00000)
Event: 23.945 GC heap after
Heap after GC invocations=90 (full 0):
 def new generation   total 4928K, used 12K [0x6e800000, 0x6ed50000, 0x792a0000)
  eden space 4416K,   0% used [0x6e800000, 0x6e800000, 0x6ec50000)
  from space 512K,   2% used [0x6ec50000, 0x6ec531e0, 0x6ecd0000)
  to   space 512K,   0% used [0x6ecd0000, 0x6ecd0000, 0x6ed50000)
 tenured generation   total 10944K, used 6304K [0x792a0000, 0x79d50000, 0x8e800000)
   the space 10944K,  57% used [0x792a0000, 0x798c80e8, 0x798c8200, 0x79d50000)
 compacting perm gen  total 12288K, used 6824K [0x8e800000, 0x8f400000, 0x92800000)
   the space 12288K,  55% used [0x8e800000, 0x8eeaa120, 0x8eeaa200, 0x8f400000)
    ro space 10240K,  60% used [0x92800000, 0x92e00d38, 0x92e00e00, 0x93200000)
    rw space 12288K,  59% used [0x93200000, 0x9391e858, 0x9391ea00, 0x93e00000)
}
Event: 23.957 GC heap before
{Heap before GC invocations=90 (full 0):
 def new generation   total 4928K, used 4428K [0x6e800000, 0x6ed50000, 0x792a0000)
  eden space 4416K, 100% used [0x6e800000, 0x6ec50000, 0x6ec50000)
  from space 512K,   2% used [0x6ec50000, 0x6ec531e0, 0x6ecd0000)
  to   space 512K,   0% used [0x6ecd0000, 0x6ecd0000, 0x6ed50000)
 tenured generation   total 10944K, used 6304K [0x792a0000, 0x79d50000, 0x8e800000)
   the space 10944K,  57% used [0x792a0000, 0x798c80e8, 0x798c8200, 0x79d50000)
 compacting perm gen  total 12288K, used 6824K [0x8e800000, 0x8f400000, 0x92800000)
   the space 12288K,  55% used [0x8e800000, 0x8eeaa120, 0x8eeaa200, 0x8f400000)
    ro space 10240K,  60% used [0x92800000, 0x92e00d38, 0x92e00e00, 0x93200000)
    rw space 12288K,  59% used [0x93200000, 0x9391e858, 0x9391ea00, 0x93e00000)
Event: 23.957 GC heap after
Heap after GC invocations=91 (full 0):
 def new generation   total 4928K, used 12K [0x6e800000, 0x6ed50000, 0x792a0000)
  eden space 4416K,   0% used [0x6e800000, 0x6e800000, 0x6ec50000)
  from space 512K,   2% used [0x6ecd0000, 0x6ecd3390, 0x6ed50000)
  to   space 512K,   0% used [0x6ec50000, 0x6ec50000, 0x6ecd0000)
 tenured generation   total 10944K, used 6304K [0x792a0000, 0x79d50000, 0x8e800000)
   the space 10944K,  57% used [0x792a0000, 0x798c8250, 0x798c8400, 0x79d50000)
 compacting perm gen  total 12288K, used 6824K [0x8e800000, 0x8f400000, 0x92800000)
   the space 12288K,  55% used [0x8e800000, 0x8eeaa120, 0x8eeaa200, 0x8f400000)
    ro space 10240K,  60% used [0x92800000, 0x92e00d38, 0x92e00e00, 0x93200000)
    rw space 12288K,  59% used [0x93200000, 0x9391e858, 0x9391ea00, 0x93e00000)
}
Event: 23.977 GC heap before
{Heap before GC invocations=91 (full 0):
 def new generation   total 4928K, used 4428K [0x6e800000, 0x6ed50000, 0x792a0000)
  eden space 4416K, 100% used [0x6e800000, 0x6ec50000, 0x6ec50000)
  from space 512K,   2% used [0x6ecd0000, 0x6ecd3390, 0x6ed50000)
  to   space 512K,   0% used [0x6ec50000, 0x6ec50000, 0x6ecd0000)
 tenured generation   total 10944K, used 6304K [0x792a0000, 0x79d50000, 0x8e800000)
   the space 10944K,  57% used [0x792a0000, 0x798c8250, 0x798c8400, 0x79d50000)
 compacting perm gen  total 12288K, used 6843K [0x8e800000, 0x8f400000, 0x92800000)
   the space 12288K,  55% used [0x8e800000, 0x8eeaec70, 0x8eeaee00, 0x8f400000)
    ro space 10240K,  60% used [0x92800000, 0x92e00d38, 0x92e00e00, 0x93200000)
    rw space 12288K,  59% used [0x93200000, 0x9391e858, 0x9391ea00, 0x93e00000)
Event: 23.978 GC heap after
Heap after GC invocations=92 (full 0):
 def new generation   total 4928K, used 124K [0x6e800000, 0x6ed50000, 0x792a0000)
  eden space 4416K,   0% used [0x6e800000, 0x6e800000, 0x6ec50000)
  from space 512K,  24% used [0x6ec50000, 0x6ec6f0b8, 0x6ecd0000)
  to   space 512K,   0% used [0x6ecd0000, 0x6ecd0000, 0x6ed50000)
 tenured generation   total 10944K, used 6304K [0x792a0000, 0x79d50000, 0x8e800000)
   the space 10944K,  57% used [0x792a0000, 0x798c82c8, 0x798c8400, 0x79d50000)
 compacting perm gen  total 12288K, used 6843K [0x8e800000, 0x8f400000, 0x92800000)
   the space 12288K,  55% used [0x8e800000, 0x8eeaec70, 0x8eeaee00, 0x8f400000)
    ro space 10240K,  60% used [0x92800000, 0x92e00d38, 0x92e00e00, 0x93200000)
    rw space 12288K,  59% used [0x93200000, 0x9391e858, 0x9391ea00, 0x93e00000)
}
Event: 24.585 GC heap before
{Heap before GC invocations=92 (full 0):
 def new generation   total 4928K, used 4540K [0x6e800000, 0x6ed50000, 0x792a0000)
  eden space 4416K, 100% used [0x6e800000, 0x6ec50000, 0x6ec50000)
  from space 512K,  24% used [0x6ec50000, 0x6ec6f0b8, 0x6ecd0000)
  to   space 512K,   0% used [0x6ecd0000, 0x6ecd0000, 0x6ed50000)
 tenured generation   total 10944K, used 6304K [0x792a0000, 0x79d50000, 0x8e800000)
   the space 10944K,  57% used [0x792a0000, 0x798c82c8, 0x798c8400, 0x79d50000)
 compacting perm gen  total 12288K, used 6922K [0x8e800000, 0x8f400000, 0x92800000)
   the space 12288K,  56% used [0x8e800000, 0x8eec2b10, 0x8eec2c00, 0x8f400000)
    ro space 10240K,  60% used [0x92800000, 0x92e00d38, 0x92e00e00, 0x93200000)
    rw space 12288K,  59% used [0x93200000, 0x9391e858, 0x9391ea00, 0x93e00000)
Event: 24.588 GC heap after
Heap after GC invocations=93 (full 0):
 def new generation   total 4928K, used 407K [0x6e800000, 0x6ed50000, 0x792a0000)
  eden space 4416K,   0% used [0x6e800000, 0x6e800000, 0x6ec50000)
  from space 512K,  79% used [0x6ecd0000, 0x6ed35ed8, 0x6ed50000)
  to   space 512K,   0% used [0x6ec50000, 0x6ec50000, 0x6ecd0000)
 tenured generation   total 10944K, used 6305K [0x792a0000, 0x79d50000, 0x8e800000)
   the space 10944K,  57% used [0x792a0000, 0x798c8430, 0x798c8600, 0x79d50000)
 compacting perm gen  total 12288K, used 6922K [0x8e800000, 0x8f400000, 0x92800000)
   the space 12288K,  56% used [0x8e800000, 0x8eec2b10, 0x8eec2c00, 0x8f400000)
    ro space 10240K,  60% used [0x92800000, 0x92e00d38, 0x92e00e00, 0x93200000)
    rw space 12288K,  59% used [0x93200000, 0x9391e858, 0x9391ea00, 0x93e00000)
}

Deoptimization events (0 events):
No events

Internal exceptions (10 events):
Event: 24.630 Thread 0xb3874000 Threw 0x6e8b81b0 at /build/openjdk-7-mks0zz/openjdk-7-7u121-2.6.8/build/openjdk/hotspot/src/share/vm/prims/jvm.cpp:1322
Event: 24.630 Thread 0xb3874000 Threw 0x6e8bb818 at /build/openjdk-7-mks0zz/openjdk-7-7u121-2.6.8/build/openjdk/hotspot/src/share/vm/prims/jvm.cpp:1322
Event: 24.630 Thread 0xb3874000 Threw 0x6e8bedd8 at /build/openjdk-7-mks0zz/openjdk-7-7u121-2.6.8/build/openjdk/hotspot/src/share/vm/prims/jvm.cpp:1322
Event: 24.631 Thread 0xb3874000 Threw 0x6e8c18f0 at /build/openjdk-7-mks0zz/openjdk-7-7u121-2.6.8/build/openjdk/hotspot/src/share/vm/prims/jvm.cpp:1322
Event: 24.631 Thread 0xb3874000 Threw 0x6e8c4b30 at /build/openjdk-7-mks0zz/openjdk-7-7u121-2.6.8/build/openjdk/hotspot/src/share/vm/prims/jvm.cpp:1322
Event: 24.631 Thread 0xb3874000 Threw 0x6e8c8128 at /build/openjdk-7-mks0zz/openjdk-7-7u121-2.6.8/build/openjdk/hotspot/src/share/vm/prims/jvm.cpp:1322
Event: 24.631 Thread 0xb3874000 Threw 0x6e8cb238 at /build/openjdk-7-mks0zz/openjdk-7-7u121-2.6.8/build/openjdk/hotspot/src/share/vm/prims/jvm.cpp:1322
Event: 24.699 Thread 0xb3874000 Threw 0x6ea212b8 at /build/openjdk-7-mks0zz/openjdk-7-7u121-2.6.8/build/openjdk/hotspot/src/share/vm/prims/jvm.cpp:1322
Event: 25.333 Thread 0x0859b400 Threw 0x6ebdf178 at /build/openjdk-7-mks0zz/openjdk-7-7u121-2.6.8/build/openjdk/hotspot/src/share/vm/prims/jvm.cpp:1322
Event: 25.335 Thread 0x0859b400 Threw 0x6ebf87e8 at /build/openjdk-7-mks0zz/openjdk-7-7u121-2.6.8/build/openjdk/hotspot/src/share/vm/prims/jvm.cpp:1322

Events (10 events):
Event: 25.335 loading class 0x084c0838
Event: 25.335 loading class 0x084c0838 done
Event: 25.336 Executing VM operation: RevokeBias
Event: 25.336 Executing VM operation: RevokeBias done
Event: 25.336 Executing VM operation: RevokeBias
Event: 25.336 Executing VM operation: RevokeBias done
Event: 25.336 Executing VM operation: RevokeBias
Event: 25.336 Executing VM operation: RevokeBias done
Event: 25.336 Executing VM operation: RevokeBias
Event: 25.336 Executing VM operation: RevokeBias done


Dynamic libraries:
08048000-08049000 r-xp 00000000 08:01 277177     /usr/lib/jvm/java-7-openjdk-i386/jre/bin/java
08049000-0804a000 r--p 00000000 08:01 277177     /usr/lib/jvm/java-7-openjdk-i386/jre/bin/java
0804a000-0804b000 rw-p 00001000 08:01 277177     /usr/lib/jvm/java-7-openjdk-i386/jre/bin/java
08328000-08797000 rw-p 00000000 00:00 0          [heap]
6e800000-6ed50000 rw-p 00000000 00:00 0 
6ed50000-792a0000 rw-p 00000000 00:00 0 
792a0000-79d50000 rw-p 00000000 00:00 0 
79d50000-8e800000 rw-p 00000000 00:00 0 
8e800000-8f400000 rw-p 00000000 00:00 0 
8f400000-92800000 rw-p 00000000 00:00 0 
92800000-92e01000 r--p 00001000 08:01 179396     /usr/lib/jvm/java-7-openjdk-i386/jre/lib/i386/client/classes.jsa
92e01000-93200000 rw-p 00000000 00:00 0 
93200000-9391f000 rw-p 00602000 08:01 179396     /usr/lib/jvm/java-7-openjdk-i386/jre/lib/i386/client/classes.jsa
9391f000-93e00000 rw-p 00000000 00:00 0 
93e00000-94115000 rw-p 00d21000 08:01 179396     /usr/lib/jvm/java-7-openjdk-i386/jre/lib/i386/client/classes.jsa
94115000-94200000 rw-p 00000000 00:00 0 
94200000-94209000 r-xp 01036000 08:01 179396     /usr/lib/jvm/java-7-openjdk-i386/jre/lib/i386/client/classes.jsa
94209000-94600000 rw-p 00000000 00:00 0 
b289e000-b28ca000 r-xp 00000000 08:01 339435     /home/user/Desktop/Dual-radio-simulation/lanada/log_test/obj_cooja/mtype146.cooja
b28ca000-b28cb000 r--p 0002b000 08:01 339435     /home/user/Desktop/Dual-radio-simulation/lanada/log_test/obj_cooja/mtype146.cooja
b28cb000-b28cc000 rw-p 0002c000 08:01 339435     /home/user/Desktop/Dual-radio-simulation/lanada/log_test/obj_cooja/mtype146.cooja
b28cc000-b28dd000 rw-p 00000000 00:00 0          [stack:3220]
b28dd000-b28e0000 ---p 00000000 00:00 0 
b28e0000-b292e000 rw-p 00000000 00:00 0          [stack:3209]
b292e000-b2931000 ---p 00000000 00:00 0 
b2931000-b297f000 rw-p 00000000 00:00 0          [stack:3210]
b297f000-b2982000 ---p 00000000 00:00 0 
b2982000-b29d0000 rw-p 00000000 00:00 0 
b2a49000-b2ad5000 rw-s 00000000 00:04 35553292   /SYSV00000000 (deleted)
b2ae7000-b2aea000 ---p 00000000 00:00 0 
b2aea000-b2b38000 rw-p 00000000 00:00 0          [stack:3164]
b2b3c000-b2b3d000 rw-p 00000000 00:00 0 
b2b3d000-b31d2000 rw-s 00000000 00:04 34111493   /SYSV00000000 (deleted)
b31d2000-b31d4000 r--s 00003000 08:01 289777     /home/user/Desktop/Dual-radio-simulation/tools/cooja/apps/powertracker/lib/powertracker.jar
b31d4000-b31d5000 r--s 00002000 08:01 266126     /home/user/Desktop/Dual-radio-simulation/tools/cooja/apps/collect-view/cooja-collect-view.jar
b31d5000-b31d7000 r--s 00008000 08:01 289775     /home/user/Desktop/Dual-radio-simulation/tools/cooja/apps/serial_socket/lib/serial_socket.jar
b31d7000-b3211000 r--s 001e1000 08:01 291798     /home/user/Desktop/Dual-radio-simulation/tools/cooja/apps/avrora/lib/avrora-small.jar
b3211000-b3212000 r--s 00008000 08:01 265385     /home/user/Desktop/Dual-radio-simulation/tools/cooja/apps/avrora/lib/cooja_avrora.jar
b3212000-b3214000 r--s 00010000 08:01 292113     /home/user/Desktop/Dual-radio-simulation/tools/cooja/apps/mspsim/lib/jipv6.jar
b3214000-b3215000 r--s 00004000 08:01 289779     /home/user/Desktop/Dual-radio-simulation/tools/cooja/apps/mspsim/lib/coffee.jar
b3215000-b3221000 r--s 000eb000 08:01 269680     /home/user/Desktop/Dual-radio-simulation/tools/cooja/apps/mspsim/lib/mspsim.jar
b3221000-b3227000 r--s 00062000 08:01 268623     /home/user/Desktop/Dual-radio-simulation/tools/cooja/apps/mspsim/lib/cooja_mspsim.jar
b3227000-b322a000 r--s 0001e000 08:01 266127     /home/user/Desktop/Dual-radio-simulation/tools/cooja/apps/mrm/lib/mrm.jar
b322a000-b322d000 ---p 00000000 00:00 0 
b322d000-b327b000 rw-p 00000000 00:00 0          [stack:3157]
b327b000-b327e000 ---p 00000000 00:00 0 
b327e000-b32cc000 rw-p 00000000 00:00 0          [stack:3156]
b32cc000-b32cf000 ---p 00000000 00:00 0 
b32cf000-b331d000 rw-p 00000000 00:00 0          [stack:3155]
b331d000-b331e000 r--s 00000000 08:01 403278     /var/cache/fontconfig/c05880de57d1f5e948fdfacc138775d9-le32d4.cache-4
b331e000-b3326000 r--s 00000000 08:01 395165     /var/cache/fontconfig/945677eb7aeaf62f1d50efc3fb3ec7d8-le32d4.cache-4
b3326000-b3328000 r--s 00000000 08:01 401858     /var/cache/fontconfig/99e8ed0e538f840c565b6ed5dad60d56-le32d4.cache-4
b3328000-b332c000 r--s 00000000 08:01 401857     /var/cache/fontconfig/2cd17615ca594fa2959ae173292e504c-le32d4.cache-4
b332c000-b332d000 r--s 00000000 08:01 401856     /var/cache/fontconfig/e7071f4a29fa870f4323321c154eba04-le32d4.cache-4
b332d000-b332e000 r--s 00000000 08:01 401855     /var/cache/fontconfig/0d8c3b2ac0904cb8a57a757ad11a4a08-le32d4.cache-4
b332e000-b3333000 r--s 00000000 08:01 401853     /var/cache/fontconfig/a755afe4a08bf5b97852ceb7400b47bc-le32d4.cache-4
b3333000-b333c000 r--s 00000000 08:01 401852     /var/cache/fontconfig/6d41288fd70b0be22e8c3a91e032eec0-le32d4.cache-4
b333c000-b334b000 r--s 00000000 08:01 401851     /var/cache/fontconfig/04aabc0a78ac019cf9454389977116d2-le32d4.cache-4
b334b000-b334c000 r--s 00000000 08:01 401850     /var/cache/fontconfig/1ac9eb803944fde146138c791f5cc56a-le32d4.cache-4
b334c000-b334f000 r--s 00000000 08:01 401849     /var/cache/fontconfig/385c0604a188198f04d133e54aba7fe7-le32d4.cache-4
b334f000-b3351000 r--s 00000000 08:01 393795     /var/cache/fontconfig/767a8244fc0220cfb567a839d0392e0b-le32d4.cache-4
b3351000-b3355000 r--s 00000000 08:01 401846     /var/cache/fontconfig/8801497958630a81b71ace7c5f9b32a8-le32d4.cache-4
b3355000-b335a000 r--s 00000000 08:01 401845     /var/cache/fontconfig/3047814df9a2f067bd2d96a2b9c36e5a-le32d4.cache-4
b335a000-b336a000 r--s 00000000 08:01 401830     /var/cache/fontconfig/d52a8644073d54c13679302ca1180695-le32d4.cache-4
b336a000-b33ba000 r-xp 00000000 08:01 171756     /usr/lib/jvm/java-7-openjdk-i386/jre/lib/i386/libfontmanager.so
b33ba000-b33bc000 r--p 0004f000 08:01 171756     /usr/lib/jvm/java-7-openjdk-i386/jre/lib/i386/libfontmanager.so
b33bc000-b33bd000 rw-p 00051000 08:01 171756     /usr/lib/jvm/java-7-openjdk-i386/jre/lib/i386/libfontmanager.so
b33bd000-b33c0000 ---p 00000000 00:00 0 
b33c0000-b340e000 rw-p 00000000 00:00 0          [stack:3154]
b340e000-b3412000 r-xp 00000000 08:01 7640       /usr/lib/i386-linux-gnu/libXfixes.so.3.1.0
b3412000-b3413000 r--p 00003000 08:01 7640       /usr/lib/i386-linux-gnu/libXfixes.so.3.1.0
b3413000-b3414000 rw-p 00004000 08:01 7640       /usr/lib/i386-linux-gnu/libXfixes.so.3.1.0
b3414000-b341d000 r-xp 00000000 08:01 9790       /usr/lib/i386-linux-gnu/libXcursor.so.1.0.2
b341d000-b341e000 r--p 00008000 08:01 9790       /usr/lib/i386-linux-gnu/libXcursor.so.1.0.2
b341e000-b341f000 rw-p 00009000 08:01 9790       /usr/lib/i386-linux-gnu/libXcursor.so.1.0.2
b341f000-b3422000 ---p 00000000 00:00 0 
b3422000-b3470000 rw-p 00000000 00:00 0          [stack:3153]
b3470000-b3496000 r-xp 00000000 08:01 142126     /lib/i386-linux-gnu/libpng12.so.0.50.0
b3496000-b3497000 r--p 00025000 08:01 142126     /lib/i386-linux-gnu/libpng12.so.0.50.0
b3497000-b3498000 rw-p 00026000 08:01 142126     /lib/i386-linux-gnu/libpng12.so.0.50.0
b3498000-b349d000 r-xp 00000000 08:01 5406       /usr/lib/i386-linux-gnu/libXdmcp.so.6.0.0
b349d000-b349e000 r--p 00004000 08:01 5406       /usr/lib/i386-linux-gnu/libXdmcp.so.6.0.0
b349e000-b349f000 rw-p 00005000 08:01 5406       /usr/lib/i386-linux-gnu/libXdmcp.so.6.0.0
b349f000-b34c4000 r-xp 00000000 08:01 131117     /lib/i386-linux-gnu/libexpat.so.1.6.0
b34c4000-b34c5000 ---p 00025000 08:01 131117     /lib/i386-linux-gnu/libexpat.so.1.6.0
b34c5000-b34c7000 r--p 00025000 08:01 131117     /lib/i386-linux-gnu/libexpat.so.1.6.0
b34c7000-b34c8000 rw-p 00027000 08:01 131117     /lib/i386-linux-gnu/libexpat.so.1.6.0
b34c8000-b3563000 r-xp 00000000 08:01 9114       /usr/lib/i386-linux-gnu/libfreetype.so.6.11.1
b3563000-b3567000 r--p 0009a000 08:01 9114       /usr/lib/i386-linux-gnu/libfreetype.so.6.11.1
b3567000-b3568000 rw-p 0009e000 08:01 9114       /usr/lib/i386-linux-gnu/libfreetype.so.6.11.1
b3568000-b3588000 r-xp 00000000 08:01 66655      /usr/lib/i386-linux-gnu/libxcb.so.1.1.0
b3588000-b3589000 r--p 0001f000 08:01 66655      /usr/lib/i386-linux-gnu/libxcb.so.1.1.0
b3589000-b358a000 rw-p 00020000 08:01 66655      /usr/lib/i386-linux-gnu/libxcb.so.1.1.0
b358a000-b35c3000 r-xp 00000000 08:01 9177       /usr/lib/i386-linux-gnu/libfontconfig.so.1.8.0
b35c3000-b35c4000 r--p 00039000 08:01 9177       /usr/lib/i386-linux-gnu/libfontconfig.so.1.8.0
b35c4000-b35c5000 rw-p 0003a000 08:01 9177       /usr/lib/i386-linux-gnu/libfontconfig.so.1.8.0
b35c5000-b36f5000 r-xp 00000000 08:01 10842      /usr/lib/i386-linux-gnu/libX11.so.6.3.0
b36f5000-b36f6000 r--p 00130000 08:01 10842      /usr/lib/i386-linux-gnu/libX11.so.6.3.0
b36f6000-b36f8000 rw-p 00131000 08:01 10842      /usr/lib/i386-linux-gnu/libX11.so.6.3.0
b36f8000-b36f9000 rw-p 00000000 00:00 0 
b36f9000-b3741000 r-xp 00000000 08:01 136650     /usr/lib/jvm/java-7-openjdk-i386/jre/lib/i386/xawt/libmawt.so
b3741000-b3742000 r--p 00048000 08:01 136650     /usr/lib/jvm/java-7-openjdk-i386/jre/lib/i386/xawt/libmawt.so
b3742000-b3744000 rw-p 00049000 08:01 136650     /usr/lib/jvm/java-7-openjdk-i386/jre/lib/i386/xawt/libmawt.so
b3744000-b3745000 rw-p 00000000 00:00 0 
b3745000-b37d4000 r-xp 00000000 08:01 171844     /usr/lib/jvm/java-7-openjdk-i386/jre/lib/i386/libawt.so
b37d4000-b37d5000 r--p 0008f000 08:01 171844     /usr/lib/jvm/java-7-openjdk-i386/jre/lib/i386/libawt.so
b37d5000-b37dc000 rw-p 00090000 08:01 171844     /usr/lib/jvm/java-7-openjdk-i386/jre/lib/i386/libawt.so
b37dc000-b3800000 rw-p 00000000 00:00 0 
b3800000-b3887000 rw-p 00000000 00:00 0 
b3887000-b3900000 ---p 00000000 00:00 0 
b3900000-b3901000 r--s 00000000 08:01 401848     /var/cache/fontconfig/dc05db6664285cc2f12bf69c139ae4c3-le32d4.cache-4
b3901000-b3902000 r--s 00000000 08:01 401847     /var/cache/fontconfig/4794a0821666d79190d59a36cb4f44b5-le32d4.cache-4
b3902000-b3903000 r--s 00000000 08:01 401844     /var/cache/fontconfig/56cf4f4769d0f4abc89a4895d7bd3ae1-le32d4.cache-4
b3903000-b3904000 r--s 00000000 08:01 401843     /var/cache/fontconfig/b9d506c9ac06c20b433354fa67a72993-le32d4.cache-4
b3904000-b3906000 r-xp 00000000 08:01 5352       /usr/lib/i386-linux-gnu/libXau.so.6.0.0
b3906000-b3907000 r--p 00001000 08:01 5352       /usr/lib/i386-linux-gnu/libXau.so.6.0.0
b3907000-b3908000 rw-p 00002000 08:01 5352       /usr/lib/i386-linux-gnu/libXau.so.6.0.0
b3908000-b3916000 r-xp 00000000 08:01 7577       /usr/lib/i386-linux-gnu/libXi.so.6.1.0
b3916000-b3917000 r--p 0000e000 08:01 7577       /usr/lib/i386-linux-gnu/libXi.so.6.1.0
b3917000-b3918000 rw-p 0000f000 08:01 7577       /usr/lib/i386-linux-gnu/libXi.so.6.1.0
b3918000-b391d000 r-xp 00000000 08:01 10292      /usr/lib/i386-linux-gnu/libXtst.so.6.1.0
b391d000-b391e000 r--p 00004000 08:01 10292      /usr/lib/i386-linux-gnu/libXtst.so.6.1.0
b391e000-b391f000 rw-p 00005000 08:01 10292      /usr/lib/i386-linux-gnu/libXtst.so.6.1.0
b391f000-b3921000 r-xp 00000000 08:01 3489       /usr/lib/i386-linux-gnu/libXcomposite.so.1.0.0
b3921000-b3922000 r--p 00001000 08:01 3489       /usr/lib/i386-linux-gnu/libXcomposite.so.1.0.0
b3922000-b3923000 rw-p 00002000 08:01 3489       /usr/lib/i386-linux-gnu/libXcomposite.so.1.0.0
b3923000-b392c000 r-xp 00000000 08:01 6199       /usr/lib/i386-linux-gnu/libXrender.so.1.3.0
b392c000-b392d000 r--p 00008000 08:01 6199       /usr/lib/i386-linux-gnu/libXrender.so.1.3.0
b392d000-b392e000 rw-p 00009000 08:01 6199       /usr/lib/i386-linux-gnu/libXrender.so.1.3.0
b392e000-b393f000 r-xp 00000000 08:01 6183       /usr/lib/i386-linux-gnu/libXext.so.6.4.0
b393f000-b3940000 r--p 00010000 08:01 6183       /usr/lib/i386-linux-gnu/libXext.so.6.4.0
b3940000-b3941000 rw-p 00011000 08:01 6183       /usr/lib/i386-linux-gnu/libXext.so.6.4.0
b3941000-b397d000 r-xp 00000000 08:01 132344     /lib/i386-linux-gnu/libpcre.so.3.13.1
b397d000-b397e000 r--p 0003b000 08:01 132344     /lib/i386-linux-gnu/libpcre.so.3.13.1
b397e000-b397f000 rw-p 0003c000 08:01 132344     /lib/i386-linux-gnu/libpcre.so.3.13.1
b397f000-b3984000 r-xp 00000000 08:01 9076       /usr/lib/i386-linux-gnu/libffi.so.6.0.1
b3984000-b3985000 r--p 00005000 08:01 9076       /usr/lib/i386-linux-gnu/libffi.so.6.0.1
b3985000-b3986000 rw-p 00006000 08:01 9076       /usr/lib/i386-linux-gnu/libffi.so.6.0.1
b3986000-b3999000 r-xp 00000000 08:01 158559     /lib/i386-linux-gnu/libresolv-2.19.so
b3999000-b399a000 ---p 00013000 08:01 158559     /lib/i386-linux-gnu/libresolv-2.19.so
b399a000-b399b000 r--p 00013000 08:01 158559     /lib/i386-linux-gnu/libresolv-2.19.so
b399b000-b399c000 rw-p 00014000 08:01 158559     /lib/i386-linux-gnu/libresolv-2.19.so
b399c000-b399e000 rw-p 00000000 00:00 0 
b399e000-b39be000 r-xp 00000000 08:01 131406     /lib/i386-linux-gnu/libselinux.so.1
b39be000-b39bf000 r--p 0001f000 08:01 131406     /lib/i386-linux-gnu/libselinux.so.1
b39bf000-b39c0000 rw-p 00020000 08:01 131406     /lib/i386-linux-gnu/libselinux.so.1
b39c0000-b39c1000 rw-p 00000000 00:00 0 
b39c1000-b3acb000 r-xp 00000000 08:01 136564     /lib/i386-linux-gnu/libglib-2.0.so.0.4002.0
b3acb000-b3acc000 r--p 00109000 08:01 136564     /lib/i386-linux-gnu/libglib-2.0.so.0.4002.0
b3acc000-b3acd000 rw-p 0010a000 08:01 136564     /lib/i386-linux-gnu/libglib-2.0.so.0.4002.0
b3acd000-b3b1d000 r-xp 00000000 08:01 1672       /usr/lib/i386-linux-gnu/libgobject-2.0.so.0.4002.0
b3b1d000-b3b1e000 r--p 0004f000 08:01 1672       /usr/lib/i386-linux-gnu/libgobject-2.0.so.0.4002.0
b3b1e000-b3b1f000 rw-p 00050000 08:01 1672       /usr/lib/i386-linux-gnu/libgobject-2.0.so.0.4002.0
b3b1f000-b3c9c000 r-xp 00000000 08:01 1674       /usr/lib/i386-linux-gnu/libgio-2.0.so.0.4002.0
b3c9c000-b3c9e000 r--p 0017d000 08:01 1674       /usr/lib/i386-linux-gnu/libgio-2.0.so.0.4002.0
b3c9e000-b3c9f000 rw-p 0017f000 08:01 1674       /usr/lib/i386-linux-gnu/libgio-2.0.so.0.4002.0
b3c9f000-b3ca0000 rw-p 00000000 00:00 0 
b3ca0000-b3cb8000 r-xp 00000000 08:01 171836     /usr/lib/jvm/java-7-openjdk-i386/jre/lib/i386/libnet.so
b3cb8000-b3cb9000 r--p 00017000 08:01 171836     /usr/lib/jvm/java-7-openjdk-i386/jre/lib/i386/libnet.so
b3cb9000-b3cba000 rw-p 00018000 08:01 171836     /usr/lib/jvm/java-7-openjdk-i386/jre/lib/i386/libnet.so
b3cba000-b3cbb000 ---p 00000000 00:00 0 
b3cbb000-b3d3b000 rw-p 00000000 00:00 0          [stack:3152]
b3d3b000-b3d3e000 ---p 00000000 00:00 0 
b3d3e000-b3d8c000 rw-p 00000000 00:00 0          [stack:3151]
b3d8c000-b3d8f000 ---p 00000000 00:00 0 
b3d8f000-b3e0d000 rw-p 00000000 00:00 0          [stack:3150]
b3e0d000-b3e10000 ---p 00000000 00:00 0 
b3e10000-b3e5e000 rw-p 00000000 00:00 0          [stack:3149]
b3e5e000-b405e000 r--p 00000000 08:01 369        /usr/lib/locale/locale-archive
b405e000-b4061000 ---p 00000000 00:00 0 
b4061000-b40af000 rw-p 00000000 00:00 0          [stack:3148]
b40af000-b40b2000 ---p 00000000 00:00 0 
b40b2000-b4100000 rw-p 00000000 00:00 0          [stack:3147]
b4100000-b413c000 rw-p 00000000 00:00 0 
b413c000-b4200000 ---p 00000000 00:00 0 
b4200000-b4204000 r--s 00000000 08:01 401842     /var/cache/fontconfig/b47c4e1ecd0709278f4910c18777a504-le32d4.cache-4
b4204000-b420b000 r--s 00000000 08:01 401829     /var/cache/fontconfig/3f7329c5293ffd510edef78f73874cfd-le32d4.cache-4
b420b000-b4214000 r--s 00000000 08:01 401785     /var/cache/fontconfig/d589a48862398ed80a3d6066f4f56f4c-le32d4.cache-4
b4214000-b4216000 r--s 00000000 08:01 394475     /var/cache/fontconfig/e13b20fdb08344e0e664864cc2ede53d-le32d4.cache-4
b4216000-b4219000 r--s 00000000 08:01 394702     /var/cache/fontconfig/7ef2298fde41cc6eeb7af42e48b7d293-le32d4.cache-4
b4219000-b422a000 r-xp 00000000 08:01 171778     /usr/lib/jvm/java-7-openjdk-i386/jre/lib/i386/libnio.so
b422a000-b422b000 r--p 00010000 08:01 171778     /usr/lib/jvm/java-7-openjdk-i386/jre/lib/i386/libnio.so
b422b000-b422c000 rw-p 00011000 08:01 171778     /usr/lib/jvm/java-7-openjdk-i386/jre/lib/i386/libnio.so
b422c000-b422d000 ---p 00000000 00:00 0 
b422d000-b42f6000 rw-p 00000000 00:00 0          [stack:3146]
b42f6000-b44a9000 r--s 01d41000 08:01 136926     /usr/lib/jvm/java-7-openjdk-i386/jre/lib/rt.jar
b44a9000-b44af000 rw-p 00000000 00:00 0 
b44af000-b4554000 rw-p 00000000 00:00 0 
b4554000-b4557000 rw-p 00000000 00:00 0 
b4557000-b45a9000 rw-p 00000000 00:00 0 
b45a9000-b45af000 rw-p 00000000 00:00 0 
b45af000-b4654000 rw-p 00000000 00:00 0 
b4654000-b465a000 rw-p 00000000 00:00 0 
b465a000-b4674000 rw-p 00000000 00:00 0 
b4674000-b468a000 rw-p 00000000 00:00 0 
b468a000-b4700000 rw-p 00000000 00:00 0 
b4700000-b4960000 rwxp 00000000 00:00 0 
b4960000-b67f7000 rw-p 00000000 00:00 0 
b67f7000-b6800000 ---p 00000000 00:00 0 
b6800000-b6803000 r-xp 00000000 08:01 1675       /usr/lib/i386-linux-gnu/libgmodule-2.0.so.0.4002.0
b6803000-b6804000 r--p 00002000 08:01 1675       /usr/lib/i386-linux-gnu/libgmodule-2.0.so.0.4002.0
b6804000-b6805000 rw-p 00003000 08:01 1675       /usr/lib/i386-linux-gnu/libgmodule-2.0.so.0.4002.0
b6805000-b680f000 r--s 000ae000 08:01 136921     /usr/lib/jvm/java-7-openjdk-i386/jre/lib/resources.jar
b680f000-b682c000 r--s 0014f000 08:01 293673     /home/user/Desktop/Dual-radio-simulation/tools/cooja/lib/swingx-all-1.6.4.jar
b682c000-b6833000 r--s 0005b000 08:01 293671     /home/user/Desktop/Dual-radio-simulation/tools/cooja/lib/jsyntaxpane.jar
b6833000-b683a000 r--s 0004f000 08:01 293672     /home/user/Desktop/Dual-radio-simulation/tools/cooja/lib/log4j.jar
b683a000-b683d000 r--s 00022000 08:01 293670     /home/user/Desktop/Dual-radio-simulation/tools/cooja/lib/jdom.jar
b683d000-b6841000 r--s 00085000 08:01 171728     /usr/lib/jvm/java-7-openjdk-i386/jre/lib/ext/localedata.jar
b6841000-b6845000 r--s 00034000 08:01 136936     /usr/lib/jvm/java-7-openjdk-i386/jre/lib/ext/sunjce_provider.jar
b6845000-b6848000 r--s 0000f000 08:01 153628     /usr/lib/jvm/java-7-openjdk-i386/jre/lib/ext/icedtea-sound.jar
b6848000-b685c000 rw-p 00000000 00:00 0 
b685c000-b6876000 rw-p 00000000 00:00 0 
b6876000-b6880000 r-xp 00000000 08:01 159039     /lib/i386-linux-gnu/libnss_files-2.19.so
b6880000-b6881000 r--p 00009000 08:01 159039     /lib/i386-linux-gnu/libnss_files-2.19.so
b6881000-b6882000 rw-p 0000a000 08:01 159039     /lib/i386-linux-gnu/libnss_files-2.19.so
b6882000-b688c000 r-xp 00000000 08:01 158574     /lib/i386-linux-gnu/libnss_nis-2.19.so
b688c000-b688d000 r--p 00009000 08:01 158574     /lib/i386-linux-gnu/libnss_nis-2.19.so
b688d000-b688e000 rw-p 0000a000 08:01 158574     /lib/i386-linux-gnu/libnss_nis-2.19.so
b688e000-b68a3000 r-xp 00000000 08:01 158568     /lib/i386-linux-gnu/libnsl-2.19.so
b68a3000-b68a4000 r--p 00015000 08:01 158568     /lib/i386-linux-gnu/libnsl-2.19.so
b68a4000-b68a5000 rw-p 00016000 08:01 158568     /lib/i386-linux-gnu/libnsl-2.19.so
b68a5000-b68a7000 rw-p 00000000 00:00 0 
b68a7000-b68ae000 r-xp 00000000 08:01 158567     /lib/i386-linux-gnu/libnss_compat-2.19.so
b68ae000-b68af000 r--p 00006000 08:01 158567     /lib/i386-linux-gnu/libnss_compat-2.19.so
b68af000-b68b0000 rw-p 00007000 08:01 158567     /lib/i386-linux-gnu/libnss_compat-2.19.so
b68b0000-b68b1000 r--s 00000000 08:01 401740     /var/cache/fontconfig/0c9eb80ebd1c36541ebe2852d3bb0c49-le32d4.cache-4
b68b1000-b68b2000 r--s 00002000 08:01 136939     /usr/lib/jvm/java-7-openjdk-i386/jre/lib/ext/dnsns.jar
b68b2000-b68b5000 r--s 0003d000 08:01 136934     /usr/lib/jvm/java-7-openjdk-i386/jre/lib/ext/sunpkcs11.jar
b68b5000-b68bd000 r-xp 00000000 08:01 171832     /usr/lib/jvm/java-7-openjdk-i386/jre/lib/i386/libzip.so
b68bd000-b68be000 r--p 00007000 08:01 171832     /usr/lib/jvm/java-7-openjdk-i386/jre/lib/i386/libzip.so
b68be000-b68bf000 rw-p 00008000 08:01 171832     /usr/lib/jvm/java-7-openjdk-i386/jre/lib/i386/libzip.so
b68bf000-b68c7000 rw-s 00000000 08:01 157163     /tmp/hsperfdata_user/3140
b68c7000-b68ee000 r-xp 00000000 08:01 171830     /usr/lib/jvm/java-7-openjdk-i386/jre/lib/i386/libjava.so
b68ee000-b68ef000 r--p 00026000 08:01 171830     /usr/lib/jvm/java-7-openjdk-i386/jre/lib/i386/libjava.so
b68ef000-b68f0000 rw-p 00027000 08:01 171830     /usr/lib/jvm/java-7-openjdk-i386/jre/lib/i386/libjava.so
b68f0000-b68f7000 r-xp 00000000 08:01 158579     /lib/i386-linux-gnu/librt-2.19.so
b68f7000-b68f8000 r--p 00006000 08:01 158579     /lib/i386-linux-gnu/librt-2.19.so
b68f8000-b68f9000 rw-p 00007000 08:01 158579     /lib/i386-linux-gnu/librt-2.19.so
b68f9000-b68fc000 ---p 00000000 00:00 0 
b68fc000-b694a000 rw-p 00000000 00:00 0          [stack:3142]
b694a000-b6966000 r-xp 00000000 08:01 158999     /lib/i386-linux-gnu/libgcc_s.so.1
b6966000-b6967000 rw-p 0001b000 08:01 158999     /lib/i386-linux-gnu/libgcc_s.so.1
b6967000-b69ab000 r-xp 00000000 08:01 158561     /lib/i386-linux-gnu/libm-2.19.so
b69ab000-b69ac000 r--p 00043000 08:01 158561     /lib/i386-linux-gnu/libm-2.19.so
b69ac000-b69ad000 rw-p 00044000 08:01 158561     /lib/i386-linux-gnu/libm-2.19.so
b69ad000-b6a89000 r-xp 00000000 08:01 289        /usr/lib/i386-linux-gnu/libstdc++.so.6.0.19
b6a89000-b6a8d000 r--p 000dc000 08:01 289        /usr/lib/i386-linux-gnu/libstdc++.so.6.0.19
b6a8d000-b6a8e000 rw-p 000e0000 08:01 289        /usr/lib/i386-linux-gnu/libstdc++.so.6.0.19
b6a8e000-b6a95000 rw-p 00000000 00:00 0 
b6a95000-b70cc000 r-xp 00000000 08:01 171806     /usr/lib/jvm/java-7-openjdk-i386/jre/lib/i386/client/libjvm.so
b70cc000-b70cd000 ---p 00637000 08:01 171806     /usr/lib/jvm/java-7-openjdk-i386/jre/lib/i386/client/libjvm.so
b70cd000-b70e3000 r--p 00637000 08:01 171806     /usr/lib/jvm/java-7-openjdk-i386/jre/lib/i386/client/libjvm.so
b70e3000-b70f2000 rw-p 0064d000 08:01 171806     /usr/lib/jvm/java-7-openjdk-i386/jre/lib/i386/client/libjvm.so
b70f2000-b750e000 rw-p 00000000 00:00 0 
b750e000-b7526000 r-xp 00000000 08:01 158556     /lib/i386-linux-gnu/libz.so.1.2.8
b7526000-b7527000 r--p 00017000 08:01 158556     /lib/i386-linux-gnu/libz.so.1.2.8
b7527000-b7528000 rw-p 00018000 08:01 158556     /lib/i386-linux-gnu/libz.so.1.2.8
b7528000-b7540000 r-xp 00000000 08:01 158571     /lib/i386-linux-gnu/libpthread-2.19.so
b7540000-b7541000 r--p 00018000 08:01 158571     /lib/i386-linux-gnu/libpthread-2.19.so
b7541000-b7542000 rw-p 00019000 08:01 158571     /lib/i386-linux-gnu/libpthread-2.19.so
b7542000-b7544000 rw-p 00000000 00:00 0 
b7544000-b7547000 r-xp 00000000 08:01 158563     /lib/i386-linux-gnu/libdl-2.19.so
b7547000-b7548000 r--p 00002000 08:01 158563     /lib/i386-linux-gnu/libdl-2.19.so
b7548000-b7549000 rw-p 00003000 08:01 158563     /lib/i386-linux-gnu/libdl-2.19.so
b7549000-b76f1000 r-xp 00000000 08:01 158580     /lib/i386-linux-gnu/libc-2.19.so
b76f1000-b76f2000 ---p 001a8000 08:01 158580     /lib/i386-linux-gnu/libc-2.19.so
b76f2000-b76f4000 r--p 001a8000 08:01 158580     /lib/i386-linux-gnu/libc-2.19.so
b76f4000-b76f5000 rw-p 001aa000 08:01 158580     /lib/i386-linux-gnu/libc-2.19.so
b76f5000-b76f8000 rw-p 00000000 00:00 0 
b76f8000-b76fa000 r--s 00006000 08:01 276693     /usr/share/java/java-atk-wrapper.jar
b76fa000-b76fc000 r--s 00012000 08:01 136938     /usr/lib/jvm/java-7-openjdk-i386/jre/lib/ext/zipfs.jar
b76fc000-b76fd000 r--p 002c5000 08:01 369        /usr/lib/locale/locale-archive
b76fd000-b76fe000 rw-p 00000000 00:00 0 
b76fe000-b76ff000 r--p 00000000 00:00 0 
b76ff000-b770d000 r-xp 00000000 08:01 171834     /usr/lib/jvm/java-7-openjdk-i386/jre/lib/i386/libverify.so
b770d000-b770e000 r--p 0000d000 08:01 171834     /usr/lib/jvm/java-7-openjdk-i386/jre/lib/i386/libverify.so
b770e000-b770f000 rw-p 0000e000 08:01 171834     /usr/lib/jvm/java-7-openjdk-i386/jre/lib/i386/libverify.so
b770f000-b771b000 r-xp 00000000 08:01 171842     /usr/lib/jvm/java-7-openjdk-i386/jre/lib/i386/jli/libjli.so
b771b000-b771c000 r--p 0000c000 08:01 171842     /usr/lib/jvm/java-7-openjdk-i386/jre/lib/i386/jli/libjli.so
b771c000-b771d000 rw-p 0000d000 08:01 171842     /usr/lib/jvm/java-7-openjdk-i386/jre/lib/i386/jli/libjli.so
b771d000-b7720000 rw-p 00000000 00:00 0 
b7720000-b7721000 r-xp 00000000 00:00 0          [vdso]
b7721000-b7741000 r-xp 00000000 08:01 158572     /lib/i386-linux-gnu/ld-2.19.so
b7741000-b7742000 r--p 0001f000 08:01 158572     /lib/i386-linux-gnu/ld-2.19.so
b7742000-b7743000 rw-p 00020000 08:01 158572     /lib/i386-linux-gnu/ld-2.19.so
bfbd9000-bfbda000 rwxp 00000000 00:00 0 
bfc0c000-bfc2d000 rw-p 00000000 00:00 0          [stack]

VM Arguments:
jvm_args: -Xmx512m -Duser.language=en 
java_command: org.contikios.cooja.Cooja
Launcher Type: SUN_STANDARD

Environment Variables:
JAVA_HOME=/usr/lib/jvm/java-7-openjdk-i386
PATH=/usr/local/sdcc/bin:/usr/local/sbin:/usr/local/bin:/usr/sbin:/usr/bin:/sbin:/bin:/usr/games:/usr/local/games:/home/user/CodeSourcery/Sourcery_G++_Lite/bin:/usr/local/msp430/bin:/home/user/CodeSourcery/Sourcery_G++_Lite/bin
LD_LIBRARY_PATH=.
SHELL=/bin/bash
DISPLAY=:0

Signal Handlers:
SIGSEGV: [libjvm.so+0x4f0b20], sa_mask[0]=0x7ffbfeff, sa_flags=0x10000004
SIGBUS: [libjvm.so+0x4f0b20], sa_mask[0]=0x7ffbfeff, sa_flags=0x10000004
SIGFPE: [libjvm.so+0x3cc460], sa_mask[0]=0x7ffbfeff, sa_flags=0x10000004
SIGPIPE: [libjvm.so+0x3cc460], sa_mask[0]=0x7ffbfeff, sa_flags=0x10000004
SIGXFSZ: [libjvm.so+0x3cc460], sa_mask[0]=0x7ffbfeff, sa_flags=0x10000004
SIGILL: [libjvm.so+0x3cc460], sa_mask[0]=0x7ffbfeff, sa_flags=0x10000004
SIGUSR1: SIG_DFL, sa_mask[0]=0x00000000, sa_flags=0x00000000
SIGUSR2: [libjvm.so+0x3cc5c0], sa_mask[0]=0x00000004, sa_flags=0x10000004
SIGHUP: [libjvm.so+0x3cc520], sa_mask[0]=0x7ffbfeff, sa_flags=0x10000004
SIGINT: [libjvm.so+0x3cc520], sa_mask[0]=0x7ffbfeff, sa_flags=0x10000004
SIGTERM: [libjvm.so+0x3cc520], sa_mask[0]=0x7ffbfeff, sa_flags=0x10000004
SIGQUIT: [libjvm.so+0x3cc520], sa_mask[0]=0x7ffbfeff, sa_flags=0x10000004
SIGTRAP: SIG_DFL, sa_mask[0]=0x00000000, sa_flags=0x00000000


---------------  S Y S T E M  ---------------

OS:Ubuntu 14.04 (trusty)
uname:Linux 3.13.0-107-generic #154-Ubuntu SMP Mon Dec 19 19:20:26 UTC 2016 i686
libc:glibc 2.19 NPTL 2.19 
rlimit: STACK 8192k, CORE 0k, NPROC 32110, NOFILE 4096, AS infinity
load average:0.04 0.41 0.34

/proc/meminfo:
MemTotal:        4130132 kB
MemFree:         2290548 kB
Buffers:          189892 kB
Cached:          1147756 kB
SwapCached:            0 kB
Active:           901480 kB
Inactive:         810952 kB
Active(anon):     375792 kB
Inactive(anon):    25860 kB
Active(file):     525688 kB
Inactive(file):   785092 kB
Unevictable:          32 kB
Mlocked:              32 kB
HighTotal:       3280776 kB
HighFree:        1975032 kB
LowTotal:         849356 kB
LowFree:          315516 kB
SwapTotal:       1046524 kB
SwapFree:        1046524 kB
Dirty:              1484 kB
Writeback:             0 kB
AnonPages:        374816 kB
Mapped:           116944 kB
Shmem:             26872 kB
Slab:              91404 kB
SReclaimable:      77280 kB
SUnreclaim:        14124 kB
KernelStack:        2736 kB
PageTables:         6444 kB
NFS_Unstable:          0 kB
Bounce:                0 kB
WritebackTmp:          0 kB
CommitLimit:     3111588 kB
Committed_AS:    2358820 kB
VmallocTotal:     122880 kB
VmallocUsed:       23580 kB
VmallocChunk:      88436 kB
HardwareCorrupted:     0 kB
AnonHugePages:    163840 kB
HugePages_Total:       0
HugePages_Free:        0
HugePages_Rsvd:        0
HugePages_Surp:        0
Hugepagesize:       2048 kB
DirectMap4k:       12280 kB
DirectMap2M:      901120 kB


CPU:total 1 (1 cores per cpu, 1 threads per core) family 6 model 94 stepping 3, cmov, cx8, fxsr, mmx, sse, sse2, sse3, ssse3, sse4.1, sse4.2, popcnt, avx, aes, tsc, tscinvbit

/proc/cpuinfo:
processor	: 0
vendor_id	: GenuineIntel
cpu family	: 6
model		: 94
model name	: Intel(R) Core(TM) i5-6500 CPU @ 3.20GHz
stepping	: 3
microcode	: 0x76
cpu MHz		: 3600.000
cache size	: 6144 KB
physical id	: 0
siblings	: 1
core id		: 0
cpu cores	: 1
apicid		: 0
initial apicid	: 0
fdiv_bug	: no
f00f_bug	: no
coma_bug	: no
fpu		: yes
fpu_exception	: yes
cpuid level	: 22
wp		: yes
flags		: fpu vme de pse tsc msr pae mce cx8 apic sep mtrr pge mca cmov pat pse36 clflush dts mmx fxsr sse sse2 ss nx rdtscp lm constant_tsc arch_perfmon pebs bts tsc_reliable nonstop_tsc aperfmperf pni pclmulqdq ssse3 fma cx16 sse4_1 sse4_2 movbe popcnt aes xsave avx hypervisor lahf_lm 3dnowprefetch ida arat epb pln pts dtherm
bogomips	: 7200.00
clflush size	: 64
cache_alignment	: 64
address sizes	: 40 bits physical, 48 bits virtual
power management:



Memory: 4k page, physical 4130132k(2290548k free), swap 1046524k(1046524k free)

vm_info: OpenJDK Client VM (24.121-b00) for linux-x86 JRE (1.7.0_121-b00), built on Nov 16 2016 00:51:04 by "buildd" with gcc 4.8.4

time: Wed Jan 25 17:49:00 2017
elapsed time: 25 seconds

