#
# A fatal error has been detected by the Java Runtime Environment:
#
#  SIGSEGV (0xb) at pc=0xb2766730, pid=3183, tid=2998250304
#
# JRE version: OpenJDK Runtime Environment (7.0_111-b01) (build 1.7.0_111-b01)
# Java VM: OpenJDK Client VM (24.111-b01 mixed mode, sharing linux-x86 )
# Derivative: IcedTea 2.6.7
# Distribution: Ubuntu 14.04 LTS, package 7u111-2.6.7-0ubuntu0.14.04.3
# Problematic frame:
# C  [mtype55.cooja+0x16730]  uip_ds6_select_src+0x12f
#
# Failed to write core dump. Core dumps have been disabled. To enable core dumping, try "ulimit -c unlimited" before starting Java again
#
# If you would like to submit a bug report, please include
# instructions on how to reproduce the bug and visit:
#   http://icedtea.classpath.org/bugzilla
# The crash happened outside the Java Virtual Machine in native code.
# See problematic frame for where to report the bug.
#

---------------  T H R E A D  ---------------

Current thread (0x089ca800):  JavaThread "Thread-8" [_thread_in_native, id=3359, stack(0xb2b0a000,0xb2b5b000)]

siginfo:si_signo=SIGSEGV: si_errno=0, si_code=2 (SEGV_ACCERR), si_addr=0xb2760833

Registers:
EAX=0xb2760833, EBX=0xb277f0e0, ECX=0x000080fe, EDX=0xb2786818
ESP=0xb27810ec, EBP=0xb2781114, ESI=0x00000000, EDI=0x00000000
EIP=0xb2766730, EFLAGS=0x00010286, CR2=0xb2760833

Top of Stack: (sp=0xb27810ec)
0xb27810ec:   00000001 b771a000 b278110a b2781104
0xb27810fc:   b27607ba 0000000a b2786818 b2760833
0xb278110c:   0000000a b76a258f b2781134 b27738dd
0xb278111c:   b27869e8 b27869f8 00000010 00000001
0xb278112c:   b27607ba b277f0e0 b2781184 b276dee3
0xb278113c:   b2781168 0000009b 00000000 00000002
0xb278114c:   b2781380 b2781170 0000002c b2781168
0xb278115c:   b278177f 00000000 b2786a0c 000002ff 

Instructions: (pc=0xb2766730)
0xb2766710:   0a 00 00 8b 45 08 66 c7 40 0c 00 00 8b 45 08 66
0xb2766720:   c7 40 0e 00 00 eb 4b 8b 45 f4 8b 55 f0 8b 4a 02
0xb2766730:   89 08 8b 4a 06 89 48 04 8b 4a 0a 89 48 08 8b 52
0xb2766740:   0e 89 50 0c e8 20 ad ff ff 83 f8 01 75 07 8b 45 

Register to memory mapping:

EAX=0xb2760833: log_printf+0x50 in /home/user/Desktop/nfs/examples/ipv6/rpl-udp/obj_cooja/mtype55.cooja at 0xb2750000
EBX=0xb277f0e0: dual_dis_broadcast+0xc in /home/user/Desktop/nfs/examples/ipv6/rpl-udp/obj_cooja/mtype55.cooja at 0xb2750000
ECX=0x000080fe is an unknown value
EDX=0xb2786818: uip_ds6_if+0x58 in /home/user/Desktop/nfs/examples/ipv6/rpl-udp/obj_cooja/mtype55.cooja at 0xb2750000
ESP=0xb27810ec: <offset 0x310ec> in /home/user/Desktop/nfs/examples/ipv6/rpl-udp/obj_cooja/mtype55.cooja at 0xb2750000
EBP=0xb2781114: <offset 0x31114> in /home/user/Desktop/nfs/examples/ipv6/rpl-udp/obj_cooja/mtype55.cooja at 0xb2750000
ESI=0x00000000 is an unknown value
EDI=0x00000000 is an unknown value


Stack: [0xb2b0a000,0xb2b5b000],  sp=0xb27810ec,  free space=4190684k
Native frames: (J=compiled Java code, j=interpreted, Vv=VM code, C=native code)
C  [mtype55.cooja+0x16730]  uip_ds6_select_src+0x12f
C  [mtype55.cooja+0x238dd]  uip_icmp6_send+0x89
C  [mtype55.cooja+0x1dee3]  dis_output+0xbf
C  [mtype55.cooja+0x1161e]  process_thread_dual_dis_broadcast+0x3c
C  [mtype55.cooja+0x1206e]  call_process+0x57
C  [mtype55.cooja+0x123bc]  process_post_synch+0x2e
C  [mtype55.cooja+0x11f2b]  process_start+0x6d
C  [mtype55.cooja+0x116d5]  dis_broadcast+0x1a
C  [mtype55.cooja+0x1ff91]  handle_periodic_timer+0x55
C  [mtype55.cooja+0x11851]  process_thread_ctimer_process+0xe7
C  [mtype55.cooja+0x1206e]  call_process+0x57
C  [mtype55.cooja+0x12292]  do_event+0x141
C  [mtype55.cooja+0x122af]  process_run+0x1b
C  [mtype55.cooja+0xfc85]  process_run_thread_loop+0x2b

Java frames: (J=compiled Java code, j=interpreted, Vv=VM code)
j  org.contikios.cooja.corecomm.Lib2.tick()V+0
j  org.contikios.cooja.contikimote.ContikiMoteType.tick()V+4
j  org.contikios.cooja.contikimote.ContikiMote.execute(J)V+63
j  org.contikios.cooja.motes.AbstractWakeupMote$1.execute(J)V+5
j  org.contikios.cooja.Simulation.run()V+184
j  java.lang.Thread.run()V+11
v  ~StubRoutines::call_stub

---------------  P R O C E S S  ---------------

Java Threads: ( => current thread )
=>0x089ca800 JavaThread "Thread-8" [_thread_in_native, id=3359, stack(0xb2b0a000,0xb2b5b000)]
  0xb3836400 JavaThread "Thread-7" [_thread_blocked, id=3349, stack(0xb2861000,0xb28b2000)]
  0xb3838000 JavaThread "Thread-6" [_thread_blocked, id=3348, stack(0xb27d9000,0xb282a000)]
  0xb3832400 JavaThread "Thread-5" [_thread_blocked, id=3301, stack(0xb2903000,0xb2954000)]
  0xb3830800 JavaThread "Thread-4" [_thread_blocked, id=3300, stack(0xb28b2000,0xb2903000)]
  0x0889cc00 JavaThread "Thread-3" [_thread_blocked, id=3262, stack(0xb298b000,0xb29dc000)]
  0xb38a1800 JavaThread "Thread-2" [_thread_blocked, id=3252, stack(0xb2a2d000,0xb2a7e000)]
  0xb38a3000 JavaThread "Thread-1" [_thread_blocked, id=3251, stack(0xb29dc000,0xb2a2d000)]
  0xb389f800 JavaThread "process reaper" daemon [_thread_blocked, id=3203, stack(0xb2a7e000,0xb2a97000)]
  0x086f6c00 JavaThread "TimerQueue" daemon [_thread_blocked, id=3200, stack(0xb3252000,0xb32a3000)]
  0xb6807800 JavaThread "DestroyJavaVM" [_thread_blocked, id=3188, stack(0xb6921000,0xb6972000)]
  0xb3854400 JavaThread "AWT-EventQueue-0" [_thread_blocked, id=3199, stack(0xb32a3000,0xb32f4000)]
  0xb3874000 JavaThread "AWT-Shutdown" [_thread_blocked, id=3198, stack(0xb32f4000,0xb3345000)]
  0xb3849000 JavaThread "AWT-XAWT" daemon [_thread_in_native, id=3197, stack(0xb33ea000,0xb343b000)]
  0xb383a000 JavaThread "Java2D Disposer" daemon [_thread_blocked, id=3196, stack(0xb344c000,0xb349d000)]
  0xb684cc00 JavaThread "Service Thread" daemon [_thread_blocked, id=3194, stack(0xb3d8c000,0xb3ddd000)]
  0xb684ac00 JavaThread "C1 CompilerThread0" daemon [_thread_blocked, id=3193, stack(0xb3ddd000,0xb3e5e000)]
  0xb6849000 JavaThread "Signal Dispatcher" daemon [_thread_blocked, id=3192, stack(0xb3e5e000,0xb3eaf000)]
  0xb6833400 JavaThread "Finalizer" daemon [_thread_blocked, id=3191, stack(0xb40af000,0xb4100000)]
  0xb6831c00 JavaThread "Reference Handler" daemon [_thread_blocked, id=3190, stack(0xb4250000,0xb42a1000)]

Other Threads:
  0xb6830400 VMThread [stack: 0xb42a1000,0xb4322000] [id=3189]
  0xb684f000 WatcherThread [stack: 0xb3d0b000,0xb3d8c000] [id=3195]

VM state:not at safepoint (normal execution)

VM Mutex/Monitor currently owned by a thread: None

Heap
 def new generation   total 4928K, used 551K [0x6e800000, 0x6ed50000, 0x792a0000)
  eden space 4416K,   8% used [0x6e800000, 0x6e858958, 0x6ec50000)
  from space 512K,  38% used [0x6ec50000, 0x6ec815b8, 0x6ecd0000)
  to   space 512K,   0% used [0x6ecd0000, 0x6ecd0000, 0x6ed50000)
 tenured generation   total 10752K, used 7165K [0x792a0000, 0x79d20000, 0x8e800000)
   the space 10752K,  66% used [0x792a0000, 0x7999f408, 0x7999f600, 0x79d20000)
 compacting perm gen  total 12288K, used 6669K [0x8e800000, 0x8f400000, 0x92800000)
   the space 12288K,  54% used [0x8e800000, 0x8ee83440, 0x8ee83600, 0x8f400000)
    ro space 10240K,  59% used [0x92800000, 0x92dfe3d8, 0x92dfe400, 0x93200000)
    rw space 12288K,  59% used [0x93200000, 0x9391c2b0, 0x9391c400, 0x93e00000)

Card table byte_map: [0xb45f1000,0xb471d000] byte_map_base: 0xb427d000

Polling page: 0xb7724000

Code Cache  [0xb479d000, 0xb4a0d000, 0xb679d000)
 total_blobs=1578 nmethods=1283 adapters=230 free_code_cache=30288Kb largest_free_block=31014912

Compilation events (10 events):
Event: 20.660 Thread 0xb684ac00 1286             java.util.regex.Pattern$Ctype::isSatisfiedBy (24 bytes)
Event: 20.661 Thread 0xb684ac00 nmethod 1286 0xb4a08488 code [0xb4a08580, 0xb4a08680]
Event: 20.661 Thread 0xb684ac00 1287             java.util.regex.ASCII::isType (15 bytes)
Event: 20.661 Thread 0xb684ac00 nmethod 1287 0xb4a08788 code [0xb4a08880, 0xb4a08940]
Event: 20.661 Thread 0xb684ac00 1288             java.util.regex.ASCII::getType (17 bytes)
Event: 20.661 Thread 0xb684ac00 nmethod 1288 0xb4a08a08 code [0xb4a08b00, 0xb4a08bb0]
Event: 20.662 Thread 0xb684ac00 1289             org.contikios.cooja.mote.memory.ArrayMemory::getStartAddr (5 bytes)
Event: 20.663 Thread 0xb684ac00 nmethod 1289 0xb4a08c48 code [0xb4a08d40, 0xb4a08dc0]
Event: 20.664 Thread 0xb684ac00 1290             org.contikios.cooja.mote.memory.ArrayMemory::getTotalSize (6 bytes)
Event: 20.664 Thread 0xb684ac00 nmethod 1290 0xb4a08e08 code [0xb4a08f00, 0xb4a08f90]

GC Heap History (10 events):
Event: 19.434 GC heap before
{Heap before GC invocations=195 (full 2):
 def new generation   total 4928K, used 4928K [0x6e800000, 0x6ed50000, 0x792a0000)
  eden space 4416K, 100% used [0x6e800000, 0x6ec50000, 0x6ec50000)
  from space 512K, 100% used [0x6ecd0000, 0x6ed50000, 0x6ed50000)
  to   space 512K,   0% used [0x6ec50000, 0x6ec50000, 0x6ecd0000)
 tenured generation   total 10752K, used 5989K [0x792a0000, 0x79d20000, 0x8e800000)
   the space 10752K,  55% used [0x792a0000, 0x79879680, 0x79879800, 0x79d20000)
 compacting perm gen  total 12288K, used 6422K [0x8e800000, 0x8f400000, 0x92800000)
   the space 12288K,  52% used [0x8e800000, 0x8ee458f8, 0x8ee45a00, 0x8f400000)
    ro space 10240K,  59% used [0x92800000, 0x92dfe3d8, 0x92dfe400, 0x93200000)
    rw space 12288K,  59% used [0x93200000, 0x9391c2b0, 0x9391c400, 0x93e00000)
Event: 19.436 GC heap after
Heap after GC invocations=196 (full 2):
 def new generation   total 4928K, used 377K [0x6e800000, 0x6ed50000, 0x792a0000)
  eden space 4416K,   0% used [0x6e800000, 0x6e800000, 0x6ec50000)
  from space 512K,  73% used [0x6ec50000, 0x6ecae7d8, 0x6ecd0000)
  to   space 512K,   0% used [0x6ecd0000, 0x6ecd0000, 0x6ed50000)
 tenured generation   total 10752K, used 6476K [0x792a0000, 0x79d20000, 0x8e800000)
   the space 10752K,  60% used [0x792a0000, 0x798f31f0, 0x798f3200, 0x79d20000)
 compacting perm gen  total 12288K, used 6422K [0x8e800000, 0x8f400000, 0x92800000)
   the space 12288K,  52% used [0x8e800000, 0x8ee458f8, 0x8ee45a00, 0x8f400000)
    ro space 10240K,  59% used [0x92800000, 0x92dfe3d8, 0x92dfe400, 0x93200000)
    rw space 12288K,  59% used [0x93200000, 0x9391c2b0, 0x9391c400, 0x93e00000)
}
Event: 19.559 GC heap before
{Heap before GC invocations=196 (full 2):
 def new generation   total 4928K, used 4793K [0x6e800000, 0x6ed50000, 0x792a0000)
  eden space 4416K, 100% used [0x6e800000, 0x6ec50000, 0x6ec50000)
  from space 512K,  73% used [0x6ec50000, 0x6ecae7d8, 0x6ecd0000)
  to   space 512K,   0% used [0x6ecd0000, 0x6ecd0000, 0x6ed50000)
 tenured generation   total 10752K, used 6476K [0x792a0000, 0x79d20000, 0x8e800000)
   the space 10752K,  60% used [0x792a0000, 0x798f31f0, 0x798f3200, 0x79d20000)
 compacting perm gen  total 12288K, used 6613K [0x8e800000, 0x8f400000, 0x92800000)
   the space 12288K,  53% used [0x8e800000, 0x8ee75518, 0x8ee75600, 0x8f400000)
    ro space 10240K,  59% used [0x92800000, 0x92dfe3d8, 0x92dfe400, 0x93200000)
    rw space 12288K,  59% used [0x93200000, 0x9391c2b0, 0x9391c400, 0x93e00000)
Event: 19.561 GC heap after
Heap after GC invocations=197 (full 2):
 def new generation   total 4928K, used 262K [0x6e800000, 0x6ed50000, 0x792a0000)
  eden space 4416K,   0% used [0x6e800000, 0x6e800000, 0x6ec50000)
  from space 512K,  51% used [0x6ecd0000, 0x6ed11aa0, 0x6ed50000)
  to   space 512K,   0% used [0x6ec50000, 0x6ec50000, 0x6ecd0000)
 tenured generation   total 10752K, used 6827K [0x792a0000, 0x79d20000, 0x8e800000)
   the space 10752K,  63% used [0x792a0000, 0x7994ae18, 0x7994b000, 0x79d20000)
 compacting perm gen  total 12288K, used 6613K [0x8e800000, 0x8f400000, 0x92800000)
   the space 12288K,  53% used [0x8e800000, 0x8ee75518, 0x8ee75600, 0x8f400000)
    ro space 10240K,  59% used [0x92800000, 0x92dfe3d8, 0x92dfe400, 0x93200000)
    rw space 12288K,  59% used [0x93200000, 0x9391c2b0, 0x9391c400, 0x93e00000)
}
Event: 19.652 GC heap before
{Heap before GC invocations=197 (full 2):
 def new generation   total 4928K, used 4678K [0x6e800000, 0x6ed50000, 0x792a0000)
  eden space 4416K, 100% used [0x6e800000, 0x6ec50000, 0x6ec50000)
  from space 512K,  51% used [0x6ecd0000, 0x6ed11aa0, 0x6ed50000)
  to   space 512K,   0% used [0x6ec50000, 0x6ec50000, 0x6ecd0000)
 tenured generation   total 10752K, used 6827K [0x792a0000, 0x79d20000, 0x8e800000)
   the space 10752K,  63% used [0x792a0000, 0x7994ae18, 0x7994b000, 0x79d20000)
 compacting perm gen  total 12288K, used 6652K [0x8e800000, 0x8f400000, 0x92800000)
   the space 12288K,  54% used [0x8e800000, 0x8ee7f2d0, 0x8ee7f400, 0x8f400000)
    ro space 10240K,  59% used [0x92800000, 0x92dfe3d8, 0x92dfe400, 0x93200000)
    rw space 12288K,  59% used [0x93200000, 0x9391c2b0, 0x9391c400, 0x93e00000)
Event: 19.654 GC heap after
Heap after GC invocations=198 (full 2):
 def new generation   total 4928K, used 200K [0x6e800000, 0x6ed50000, 0x792a0000)
  eden space 4416K,   0% used [0x6e800000, 0x6e800000, 0x6ec50000)
  from space 512K,  39% used [0x6ec50000, 0x6ec822e0, 0x6ecd0000)
  to   space 512K,   0% used [0x6ecd0000, 0x6ecd0000, 0x6ed50000)
 tenured generation   total 10752K, used 7050K [0x792a0000, 0x79d20000, 0x8e800000)
   the space 10752K,  65% used [0x792a0000, 0x79982ab0, 0x79982c00, 0x79d20000)
 compacting perm gen  total 12288K, used 6652K [0x8e800000, 0x8f400000, 0x92800000)
   the space 12288K,  54% used [0x8e800000, 0x8ee7f2d0, 0x8ee7f400, 0x8f400000)
    ro space 10240K,  59% used [0x92800000, 0x92dfe3d8, 0x92dfe400, 0x93200000)
    rw space 12288K,  59% used [0x93200000, 0x9391c2b0, 0x9391c400, 0x93e00000)
}
Event: 19.752 GC heap before
{Heap before GC invocations=198 (full 2):
 def new generation   total 4928K, used 4616K [0x6e800000, 0x6ed50000, 0x792a0000)
  eden space 4416K, 100% used [0x6e800000, 0x6ec50000, 0x6ec50000)
  from space 512K,  39% used [0x6ec50000, 0x6ec822e0, 0x6ecd0000)
  to   space 512K,   0% used [0x6ecd0000, 0x6ecd0000, 0x6ed50000)
 tenured generation   total 10752K, used 7050K [0x792a0000, 0x79d20000, 0x8e800000)
   the space 10752K,  65% used [0x792a0000, 0x79982ab0, 0x79982c00, 0x79d20000)
 compacting perm gen  total 12288K, used 6652K [0x8e800000, 0x8f400000, 0x92800000)
   the space 12288K,  54% used [0x8e800000, 0x8ee7f370, 0x8ee7f400, 0x8f400000)
    ro space 10240K,  59% used [0x92800000, 0x92dfe3d8, 0x92dfe400, 0x93200000)
    rw space 12288K,  59% used [0x93200000, 0x9391c2b0, 0x9391c400, 0x93e00000)
Event: 19.754 GC heap after
Heap after GC invocations=199 (full 2):
 def new generation   total 4928K, used 262K [0x6e800000, 0x6ed50000, 0x792a0000)
  eden space 4416K,   0% used [0x6e800000, 0x6e800000, 0x6ec50000)
  from space 512K,  51% used [0x6ecd0000, 0x6ed11ad0, 0x6ed50000)
  to   space 512K,   0% used [0x6ec50000, 0x6ec50000, 0x6ecd0000)
 tenured generation   total 10752K, used 7050K [0x792a0000, 0x79d20000, 0x8e800000)
   the space 10752K,  65% used [0x792a0000, 0x79982ab0, 0x79982c00, 0x79d20000)
 compacting perm gen  total 12288K, used 6652K [0x8e800000, 0x8f400000, 0x92800000)
   the space 12288K,  54% used [0x8e800000, 0x8ee7f370, 0x8ee7f400, 0x8f400000)
    ro space 10240K,  59% used [0x92800000, 0x92dfe3d8, 0x92dfe400, 0x93200000)
    rw space 12288K,  59% used [0x93200000, 0x9391c2b0, 0x9391c400, 0x93e00000)
}
Event: 20.626 GC heap before
{Heap before GC invocations=199 (full 2):
 def new generation   total 4928K, used 4678K [0x6e800000, 0x6ed50000, 0x792a0000)
  eden space 4416K, 100% used [0x6e800000, 0x6ec50000, 0x6ec50000)
  from space 512K,  51% used [0x6ecd0000, 0x6ed11ad0, 0x6ed50000)
  to   space 512K,   0% used [0x6ec50000, 0x6ec50000, 0x6ecd0000)
 tenured generation   total 10752K, used 7050K [0x792a0000, 0x79d20000, 0x8e800000)
   the space 10752K,  65% used [0x792a0000, 0x79982ab0, 0x79982c00, 0x79d20000)
 compacting perm gen  total 12288K, used 6653K [0x8e800000, 0x8f400000, 0x92800000)
   the space 12288K,  54% used [0x8e800000, 0x8ee7f778, 0x8ee7f800, 0x8f400000)
    ro space 10240K,  59% used [0x92800000, 0x92dfe3d8, 0x92dfe400, 0x93200000)
    rw space 12288K,  59% used [0x93200000, 0x9391c2b0, 0x9391c400, 0x93e00000)
Event: 20.631 GC heap after
Heap after GC invocations=200 (full 2):
 def new generation   total 4928K, used 197K [0x6e800000, 0x6ed50000, 0x792a0000)
  eden space 4416K,   0% used [0x6e800000, 0x6e800000, 0x6ec50000)
  from space 512K,  38% used [0x6ec50000, 0x6ec815b8, 0x6ecd0000)
  to   space 512K,   0% used [0x6ecd0000, 0x6ecd0000, 0x6ed50000)
 tenured generation   total 10752K, used 7165K [0x792a0000, 0x79d20000, 0x8e800000)
   the space 10752K,  66% used [0x792a0000, 0x7999f408, 0x7999f600, 0x79d20000)
 compacting perm gen  total 12288K, used 6653K [0x8e800000, 0x8f400000, 0x92800000)
   the space 12288K,  54% used [0x8e800000, 0x8ee7f778, 0x8ee7f800, 0x8f400000)
    ro space 10240K,  59% used [0x92800000, 0x92dfe3d8, 0x92dfe400, 0x93200000)
    rw space 12288K,  59% used [0x93200000, 0x9391c2b0, 0x9391c400, 0x93e00000)
}

Deoptimization events (0 events):
No events

Internal exceptions (10 events):
Event: 19.594 Thread 0x088d7000 Threw 0x6e9e8eb8 at /build/openjdk-7-Ylwexc/openjdk-7-7u111-2.6.7/build/openjdk/hotspot/src/share/vm/prims/jvm.cpp:1322
Event: 19.649 Thread 0x088d7000 Threw 0x6ec2a860 at /build/openjdk-7-Ylwexc/openjdk-7-7u111-2.6.7/build/openjdk/hotspot/src/share/vm/prims/jvm.cpp:1322
Event: 19.650 Thread 0x088d7000 Threw 0x6ec2cae0 at /build/openjdk-7-Ylwexc/openjdk-7-7u111-2.6.7/build/openjdk/hotspot/src/share/vm/prims/jvm.cpp:1322
Event: 19.650 Thread 0x088d7000 Threw 0x6ec2f650 at /build/openjdk-7-Ylwexc/openjdk-7-7u111-2.6.7/build/openjdk/hotspot/src/share/vm/prims/jvm.cpp:1322
Event: 20.634 Thread 0x089ca800 Threw 0x6e816a68 at /build/openjdk-7-Ylwexc/openjdk-7-7u111-2.6.7/build/openjdk/hotspot/src/share/vm/prims/jvm.cpp:1322
Event: 20.637 Thread 0x089ca800 Threw 0x6e819438 at /build/openjdk-7-Ylwexc/openjdk-7-7u111-2.6.7/build/openjdk/hotspot/src/share/vm/prims/jvm.cpp:1322
Event: 20.641 Thread 0x089ca800 Threw 0x6e82c220 at /build/openjdk-7-Ylwexc/openjdk-7-7u111-2.6.7/build/openjdk/hotspot/src/share/vm/prims/jvm.cpp:1322
Event: 20.649 Thread 0x089ca800 Threw 0x6e830798 at /build/openjdk-7-Ylwexc/openjdk-7-7u111-2.6.7/build/openjdk/hotspot/src/share/vm/prims/jvm.cpp:1322
Event: 20.654 Thread 0x089ca800 Threw 0x6e833988 at /build/openjdk-7-Ylwexc/openjdk-7-7u111-2.6.7/build/openjdk/hotspot/src/share/vm/prims/jvm.cpp:1322
Event: 20.657 Thread 0x089ca800 Threw 0x6e83bef0 at /build/openjdk-7-Ylwexc/openjdk-7-7u111-2.6.7/build/openjdk/hotspot/src/share/vm/prims/jvm.cpp:1322

Events (10 events):
Event: 20.659 Executing VM operation: RevokeBias
Event: 20.659 Executing VM operation: RevokeBias done
Event: 20.659 Executing VM operation: RevokeBias
Event: 20.659 Executing VM operation: RevokeBias done
Event: 20.659 Executing VM operation: RevokeBias
Event: 20.659 Executing VM operation: RevokeBias done
Event: 20.659 Executing VM operation: RevokeBias
Event: 20.659 Executing VM operation: RevokeBias done
Event: 20.659 Executing VM operation: RevokeBias
Event: 20.659 Executing VM operation: RevokeBias done


Dynamic libraries:
08048000-08049000 r-xp 00000000 08:01 277188     /usr/lib/jvm/java-7-openjdk-i386/jre/bin/java
08049000-0804a000 r--p 00000000 08:01 277188     /usr/lib/jvm/java-7-openjdk-i386/jre/bin/java
0804a000-0804b000 rw-p 00001000 08:01 277188     /usr/lib/jvm/java-7-openjdk-i386/jre/bin/java
085f9000-089d9000 rw-p 00000000 00:00 0          [heap]
6e800000-6ed50000 rw-p 00000000 00:00 0 
6ed50000-792a0000 rw-p 00000000 00:00 0 
792a0000-79d20000 rw-p 00000000 00:00 0 
79d20000-8e800000 rw-p 00000000 00:00 0 
8e800000-8f400000 rw-p 00000000 00:00 0 
8f400000-92800000 rw-p 00000000 00:00 0 
92800000-92dff000 r--p 00001000 08:01 199405     /usr/lib/jvm/java-7-openjdk-i386/jre/lib/i386/client/classes.jsa
92dff000-93200000 rw-p 00000000 00:00 0 
93200000-9391d000 rw-p 00600000 08:01 199405     /usr/lib/jvm/java-7-openjdk-i386/jre/lib/i386/client/classes.jsa
9391d000-93e00000 rw-p 00000000 00:00 0 
93e00000-94114000 rw-p 00d1d000 08:01 199405     /usr/lib/jvm/java-7-openjdk-i386/jre/lib/i386/client/classes.jsa
94114000-94200000 rw-p 00000000 00:00 0 
94200000-94209000 r-xp 01031000 08:01 199405     /usr/lib/jvm/java-7-openjdk-i386/jre/lib/i386/client/classes.jsa
94209000-94600000 rw-p 00000000 00:00 0 
b2650000-b2750000 rw-p 00000000 00:00 0 
b2750000-b277e000 r-xp 00000000 00:1d 3713401    /home/user/Desktop/nfs/examples/ipv6/rpl-udp/obj_cooja/mtype55.cooja
b277e000-b277f000 r--p 0002d000 00:1d 3713401    /home/user/Desktop/nfs/examples/ipv6/rpl-udp/obj_cooja/mtype55.cooja
b277f000-b2780000 rw-p 0002e000 00:1d 3713401    /home/user/Desktop/nfs/examples/ipv6/rpl-udp/obj_cooja/mtype55.cooja
b2780000-b2788000 rw-p 00000000 00:00 0          [stack:3359]
b2788000-b278b000 ---p 00000000 00:00 0 
b278b000-b27d9000 rw-p 00000000 00:00 0 
b27d9000-b27dc000 ---p 00000000 00:00 0 
b27dc000-b282a000 rw-p 00000000 00:00 0          [stack:3348]
b282a000-b2857000 r-xp 00000000 00:1d 3681561    /home/user/Desktop/nfs/examples/ipv6/rpl-udp/obj_cooja/mtype180.cooja
b2857000-b2858000 r--p 0002c000 00:1d 3681561    /home/user/Desktop/nfs/examples/ipv6/rpl-udp/obj_cooja/mtype180.cooja
b2858000-b2859000 rw-p 0002d000 00:1d 3681561    /home/user/Desktop/nfs/examples/ipv6/rpl-udp/obj_cooja/mtype180.cooja
b2859000-b2861000 rw-p 00000000 00:00 0 
b2861000-b2864000 ---p 00000000 00:00 0 
b2864000-b28b2000 rw-p 00000000 00:00 0          [stack:3349]
b28b2000-b28b5000 ---p 00000000 00:00 0 
b28b5000-b2903000 rw-p 00000000 00:00 0          [stack:3300]
b2903000-b2906000 ---p 00000000 00:00 0 
b2906000-b2954000 rw-p 00000000 00:00 0          [stack:3301]
b2954000-b2981000 r-xp 00000000 00:1d 3678172    /home/user/Desktop/nfs/examples/ipv6/rpl-udp/obj_cooja/mtype132.cooja
b2981000-b2982000 r--p 0002c000 00:1d 3678172    /home/user/Desktop/nfs/examples/ipv6/rpl-udp/obj_cooja/mtype132.cooja
b2982000-b2983000 rw-p 0002d000 00:1d 3678172    /home/user/Desktop/nfs/examples/ipv6/rpl-udp/obj_cooja/mtype132.cooja
b2983000-b298b000 rw-p 00000000 00:00 0 
b298b000-b298e000 ---p 00000000 00:00 0 
b298e000-b29dc000 rw-p 00000000 00:00 0          [stack:3262]
b29dc000-b29df000 ---p 00000000 00:00 0 
b29df000-b2a2d000 rw-p 00000000 00:00 0          [stack:3251]
b2a2d000-b2a30000 ---p 00000000 00:00 0 
b2a30000-b2a7e000 rw-p 00000000 00:00 0          [stack:3252]
b2a7e000-b2a81000 ---p 00000000 00:00 0 
b2a81000-b2a97000 rw-p 00000000 00:00 0          [stack:3203]
b2acc000-b2b04000 rw-s 00000000 00:04 2818067    /SYSV00000000 (deleted)
b2b0a000-b2b0d000 ---p 00000000 00:00 0 
b2b0d000-b2b5b000 rw-p 00000000 00:00 0 
b2b65000-b31fa000 rw-s 00000000 00:04 1933330    /SYSV00000000 (deleted)
b31fa000-b31fc000 r--s 00003000 00:1d 6161210    /home/user/Desktop/nfs/tools/cooja/apps/powertracker/lib/powertracker.jar
b31fc000-b31fd000 r--s 00002000 00:1d 3705454    /home/user/Desktop/nfs/tools/cooja/apps/collect-view/cooja-collect-view.jar
b31fd000-b31ff000 r--s 00008000 00:1d 10104686   /home/user/Desktop/nfs/tools/cooja/apps/serial_socket/lib/serial_socket.jar
b31ff000-b3239000 r--s 001e1000 00:1d 9048202    /home/user/Desktop/nfs/tools/cooja/apps/avrora/lib/avrora-small.jar
b3239000-b323a000 r--s 00008000 00:1d 9048113    /home/user/Desktop/nfs/tools/cooja/apps/avrora/lib/cooja_avrora.jar
b323a000-b323c000 r--s 00010000 00:1d 6161792    /home/user/Desktop/nfs/tools/cooja/apps/mspsim/lib/jipv6.jar
b323c000-b323d000 r--s 00004000 00:1d 6162693    /home/user/Desktop/nfs/tools/cooja/apps/mspsim/lib/coffee.jar
b323d000-b3249000 r--s 000ea000 00:1d 6161280    /home/user/Desktop/nfs/tools/cooja/apps/mspsim/lib/mspsim.jar
b3249000-b324f000 r--s 00062000 00:1d 6163184    /home/user/Desktop/nfs/tools/cooja/apps/mspsim/lib/cooja_mspsim.jar
b324f000-b3252000 r--s 0001e000 00:1d 6161370    /home/user/Desktop/nfs/tools/cooja/apps/mrm/lib/mrm.jar
b3252000-b3255000 ---p 00000000 00:00 0 
b3255000-b32a3000 rw-p 00000000 00:00 0          [stack:3200]
b32a3000-b32a6000 ---p 00000000 00:00 0 
b32a6000-b32f4000 rw-p 00000000 00:00 0          [stack:3199]
b32f4000-b32f7000 ---p 00000000 00:00 0 
b32f7000-b3345000 rw-p 00000000 00:00 0          [stack:3198]
b3345000-b3346000 r--s 00000000 08:01 403951     /var/cache/fontconfig/c05880de57d1f5e948fdfacc138775d9-le32d4.cache-4
b3346000-b334e000 r--s 00000000 08:01 395165     /var/cache/fontconfig/945677eb7aeaf62f1d50efc3fb3ec7d8-le32d4.cache-4
b334e000-b3350000 r--s 00000000 08:01 403828     /var/cache/fontconfig/99e8ed0e538f840c565b6ed5dad60d56-le32d4.cache-4
b3350000-b3354000 r--s 00000000 08:01 403701     /var/cache/fontconfig/2cd17615ca594fa2959ae173292e504c-le32d4.cache-4
b3354000-b3355000 r--s 00000000 08:01 403278     /var/cache/fontconfig/e7071f4a29fa870f4323321c154eba04-le32d4.cache-4
b3355000-b3356000 r--s 00000000 08:01 402342     /var/cache/fontconfig/0d8c3b2ac0904cb8a57a757ad11a4a08-le32d4.cache-4
b3356000-b335b000 r--s 00000000 08:01 402341     /var/cache/fontconfig/a755afe4a08bf5b97852ceb7400b47bc-le32d4.cache-4
b335b000-b3364000 r--s 00000000 08:01 401848     /var/cache/fontconfig/6d41288fd70b0be22e8c3a91e032eec0-le32d4.cache-4
b3364000-b3373000 r--s 00000000 08:01 401847     /var/cache/fontconfig/04aabc0a78ac019cf9454389977116d2-le32d4.cache-4
b3373000-b3374000 r--s 00000000 08:01 401846     /var/cache/fontconfig/1ac9eb803944fde146138c791f5cc56a-le32d4.cache-4
b3374000-b3377000 r--s 00000000 08:01 401845     /var/cache/fontconfig/385c0604a188198f04d133e54aba7fe7-le32d4.cache-4
b3377000-b3378000 r--s 00000000 08:01 401843     /var/cache/fontconfig/dc05db6664285cc2f12bf69c139ae4c3-le32d4.cache-4
b3378000-b337a000 r--s 00000000 08:01 393795     /var/cache/fontconfig/767a8244fc0220cfb567a839d0392e0b-le32d4.cache-4
b337a000-b337e000 r--s 00000000 08:01 401841     /var/cache/fontconfig/8801497958630a81b71ace7c5f9b32a8-le32d4.cache-4
b337e000-b3383000 r--s 00000000 08:01 401840     /var/cache/fontconfig/3047814df9a2f067bd2d96a2b9c36e5a-le32d4.cache-4
b3383000-b3387000 r--s 00000000 08:01 401837     /var/cache/fontconfig/b47c4e1ecd0709278f4910c18777a504-le32d4.cache-4
b3387000-b3397000 r--s 00000000 08:01 401836     /var/cache/fontconfig/d52a8644073d54c13679302ca1180695-le32d4.cache-4
b3397000-b33e7000 r-xp 00000000 08:01 177825     /usr/lib/jvm/java-7-openjdk-i386/jre/lib/i386/libfontmanager.so
b33e7000-b33e9000 r--p 0004f000 08:01 177825     /usr/lib/jvm/java-7-openjdk-i386/jre/lib/i386/libfontmanager.so
b33e9000-b33ea000 rw-p 00051000 08:01 177825     /usr/lib/jvm/java-7-openjdk-i386/jre/lib/i386/libfontmanager.so
b33ea000-b33ed000 ---p 00000000 00:00 0 
b33ed000-b343b000 rw-p 00000000 00:00 0          [stack:3197]
b343b000-b343f000 r-xp 00000000 08:01 7640       /usr/lib/i386-linux-gnu/libXfixes.so.3.1.0
b343f000-b3440000 r--p 00003000 08:01 7640       /usr/lib/i386-linux-gnu/libXfixes.so.3.1.0
b3440000-b3441000 rw-p 00004000 08:01 7640       /usr/lib/i386-linux-gnu/libXfixes.so.3.1.0
b3441000-b344a000 r-xp 00000000 08:01 9790       /usr/lib/i386-linux-gnu/libXcursor.so.1.0.2
b344a000-b344b000 r--p 00008000 08:01 9790       /usr/lib/i386-linux-gnu/libXcursor.so.1.0.2
b344b000-b344c000 rw-p 00009000 08:01 9790       /usr/lib/i386-linux-gnu/libXcursor.so.1.0.2
b344c000-b344f000 ---p 00000000 00:00 0 
b344f000-b349d000 rw-p 00000000 00:00 0          [stack:3196]
b349d000-b34c3000 r-xp 00000000 08:01 142122     /lib/i386-linux-gnu/libpng12.so.0.50.0
b34c3000-b34c4000 r--p 00025000 08:01 142122     /lib/i386-linux-gnu/libpng12.so.0.50.0
b34c4000-b34c5000 rw-p 00026000 08:01 142122     /lib/i386-linux-gnu/libpng12.so.0.50.0
b34c5000-b34ca000 r-xp 00000000 08:01 5406       /usr/lib/i386-linux-gnu/libXdmcp.so.6.0.0
b34ca000-b34cb000 r--p 00004000 08:01 5406       /usr/lib/i386-linux-gnu/libXdmcp.so.6.0.0
b34cb000-b34cc000 rw-p 00005000 08:01 5406       /usr/lib/i386-linux-gnu/libXdmcp.so.6.0.0
b34cc000-b34ce000 r-xp 00000000 08:01 5352       /usr/lib/i386-linux-gnu/libXau.so.6.0.0
b34ce000-b34cf000 r--p 00001000 08:01 5352       /usr/lib/i386-linux-gnu/libXau.so.6.0.0
b34cf000-b34d0000 rw-p 00002000 08:01 5352       /usr/lib/i386-linux-gnu/libXau.so.6.0.0
b34d0000-b34f5000 r-xp 00000000 08:01 131117     /lib/i386-linux-gnu/libexpat.so.1.6.0
b34f5000-b34f6000 ---p 00025000 08:01 131117     /lib/i386-linux-gnu/libexpat.so.1.6.0
b34f6000-b34f8000 r--p 00025000 08:01 131117     /lib/i386-linux-gnu/libexpat.so.1.6.0
b34f8000-b34f9000 rw-p 00027000 08:01 131117     /lib/i386-linux-gnu/libexpat.so.1.6.0
b34f9000-b3594000 r-xp 00000000 08:01 9145       /usr/lib/i386-linux-gnu/libfreetype.so.6.11.1
b3594000-b3598000 r--p 0009a000 08:01 9145       /usr/lib/i386-linux-gnu/libfreetype.so.6.11.1
b3598000-b3599000 rw-p 0009e000 08:01 9145       /usr/lib/i386-linux-gnu/libfreetype.so.6.11.1
b3599000-b35b9000 r-xp 00000000 08:01 66655      /usr/lib/i386-linux-gnu/libxcb.so.1.1.0
b35b9000-b35ba000 r--p 0001f000 08:01 66655      /usr/lib/i386-linux-gnu/libxcb.so.1.1.0
b35ba000-b35bb000 rw-p 00020000 08:01 66655      /usr/lib/i386-linux-gnu/libxcb.so.1.1.0
b35bb000-b35f4000 r-xp 00000000 08:01 9181       /usr/lib/i386-linux-gnu/libfontconfig.so.1.8.0
b35f4000-b35f5000 r--p 00039000 08:01 9181       /usr/lib/i386-linux-gnu/libfontconfig.so.1.8.0
b35f5000-b35f6000 rw-p 0003a000 08:01 9181       /usr/lib/i386-linux-gnu/libfontconfig.so.1.8.0
b35f6000-b3604000 r-xp 00000000 08:01 7577       /usr/lib/i386-linux-gnu/libXi.so.6.1.0
b3604000-b3605000 r--p 0000e000 08:01 7577       /usr/lib/i386-linux-gnu/libXi.so.6.1.0
b3605000-b3606000 rw-p 0000f000 08:01 7577       /usr/lib/i386-linux-gnu/libXi.so.6.1.0
b3606000-b360f000 r-xp 00000000 08:01 6199       /usr/lib/i386-linux-gnu/libXrender.so.1.3.0
b360f000-b3610000 r--p 00008000 08:01 6199       /usr/lib/i386-linux-gnu/libXrender.so.1.3.0
b3610000-b3611000 rw-p 00009000 08:01 6199       /usr/lib/i386-linux-gnu/libXrender.so.1.3.0
b3611000-b3741000 r-xp 00000000 08:01 10842      /usr/lib/i386-linux-gnu/libX11.so.6.3.0
b3741000-b3742000 r--p 00130000 08:01 10842      /usr/lib/i386-linux-gnu/libX11.so.6.3.0
b3742000-b3744000 rw-p 00131000 08:01 10842      /usr/lib/i386-linux-gnu/libX11.so.6.3.0
b3744000-b3745000 rw-p 00000000 00:00 0 
b3745000-b37d4000 r-xp 00000000 08:01 177836     /usr/lib/jvm/java-7-openjdk-i386/jre/lib/i386/libawt.so
b37d4000-b37d5000 r--p 0008f000 08:01 177836     /usr/lib/jvm/java-7-openjdk-i386/jre/lib/i386/libawt.so
b37d5000-b37dc000 rw-p 00090000 08:01 177836     /usr/lib/jvm/java-7-openjdk-i386/jre/lib/i386/libawt.so
b37dc000-b3800000 rw-p 00000000 00:00 0 
b3800000-b38bf000 rw-p 00000000 00:00 0 
b38bf000-b3900000 ---p 00000000 00:00 0 
b3900000-b3901000 r--s 00000000 08:01 401842     /var/cache/fontconfig/4794a0821666d79190d59a36cb4f44b5-le32d4.cache-4
b3901000-b3902000 r--s 00000000 08:01 401839     /var/cache/fontconfig/56cf4f4769d0f4abc89a4895d7bd3ae1-le32d4.cache-4
b3902000-b3907000 r-xp 00000000 08:01 10292      /usr/lib/i386-linux-gnu/libXtst.so.6.1.0
b3907000-b3908000 r--p 00004000 08:01 10292      /usr/lib/i386-linux-gnu/libXtst.so.6.1.0
b3908000-b3909000 rw-p 00005000 08:01 10292      /usr/lib/i386-linux-gnu/libXtst.so.6.1.0
b3909000-b391a000 r-xp 00000000 08:01 6183       /usr/lib/i386-linux-gnu/libXext.so.6.4.0
b391a000-b391b000 r--p 00010000 08:01 6183       /usr/lib/i386-linux-gnu/libXext.so.6.4.0
b391b000-b391c000 rw-p 00011000 08:01 6183       /usr/lib/i386-linux-gnu/libXext.so.6.4.0
b391c000-b3964000 r-xp 00000000 08:01 136659     /usr/lib/jvm/java-7-openjdk-i386/jre/lib/i386/xawt/libmawt.so
b3964000-b3965000 r--p 00048000 08:01 136659     /usr/lib/jvm/java-7-openjdk-i386/jre/lib/i386/xawt/libmawt.so
b3965000-b3967000 rw-p 00049000 08:01 136659     /usr/lib/jvm/java-7-openjdk-i386/jre/lib/i386/xawt/libmawt.so
b3967000-b3968000 rw-p 00000000 00:00 0 
b3968000-b39a4000 r-xp 00000000 08:01 132344     /lib/i386-linux-gnu/libpcre.so.3.13.1
b39a4000-b39a5000 r--p 0003b000 08:01 132344     /lib/i386-linux-gnu/libpcre.so.3.13.1
b39a5000-b39a6000 rw-p 0003c000 08:01 132344     /lib/i386-linux-gnu/libpcre.so.3.13.1
b39a6000-b39ab000 r-xp 00000000 08:01 9076       /usr/lib/i386-linux-gnu/libffi.so.6.0.1
b39ab000-b39ac000 r--p 00005000 08:01 9076       /usr/lib/i386-linux-gnu/libffi.so.6.0.1
b39ac000-b39ad000 rw-p 00006000 08:01 9076       /usr/lib/i386-linux-gnu/libffi.so.6.0.1
b39ad000-b39c0000 r-xp 00000000 08:01 158559     /lib/i386-linux-gnu/libresolv-2.19.so
b39c0000-b39c1000 ---p 00013000 08:01 158559     /lib/i386-linux-gnu/libresolv-2.19.so
b39c1000-b39c2000 r--p 00013000 08:01 158559     /lib/i386-linux-gnu/libresolv-2.19.so
b39c2000-b39c3000 rw-p 00014000 08:01 158559     /lib/i386-linux-gnu/libresolv-2.19.so
b39c3000-b39c5000 rw-p 00000000 00:00 0 
b39c5000-b39e5000 r-xp 00000000 08:01 131406     /lib/i386-linux-gnu/libselinux.so.1
b39e5000-b39e6000 r--p 0001f000 08:01 131406     /lib/i386-linux-gnu/libselinux.so.1
b39e6000-b39e7000 rw-p 00020000 08:01 131406     /lib/i386-linux-gnu/libselinux.so.1
b39e7000-b39e8000 rw-p 00000000 00:00 0 
b39e8000-b3af2000 r-xp 00000000 08:01 136564     /lib/i386-linux-gnu/libglib-2.0.so.0.4002.0
b3af2000-b3af3000 r--p 00109000 08:01 136564     /lib/i386-linux-gnu/libglib-2.0.so.0.4002.0
b3af3000-b3af4000 rw-p 0010a000 08:01 136564     /lib/i386-linux-gnu/libglib-2.0.so.0.4002.0
b3af4000-b3b44000 r-xp 00000000 08:01 1672       /usr/lib/i386-linux-gnu/libgobject-2.0.so.0.4002.0
b3b44000-b3b45000 r--p 0004f000 08:01 1672       /usr/lib/i386-linux-gnu/libgobject-2.0.so.0.4002.0
b3b45000-b3b46000 rw-p 00050000 08:01 1672       /usr/lib/i386-linux-gnu/libgobject-2.0.so.0.4002.0
b3b46000-b3cc3000 r-xp 00000000 08:01 1674       /usr/lib/i386-linux-gnu/libgio-2.0.so.0.4002.0
b3cc3000-b3cc5000 r--p 0017d000 08:01 1674       /usr/lib/i386-linux-gnu/libgio-2.0.so.0.4002.0
b3cc5000-b3cc6000 rw-p 0017f000 08:01 1674       /usr/lib/i386-linux-gnu/libgio-2.0.so.0.4002.0
b3cc6000-b3cc7000 rw-p 00000000 00:00 0 
b3cc7000-b3cc8000 r--s 00000000 08:01 401838     /var/cache/fontconfig/b9d506c9ac06c20b433354fa67a72993-le32d4.cache-4
b3cc8000-b3ccf000 r--s 00000000 08:01 401835     /var/cache/fontconfig/3f7329c5293ffd510edef78f73874cfd-le32d4.cache-4
b3ccf000-b3cd8000 r--s 00000000 08:01 401834     /var/cache/fontconfig/d589a48862398ed80a3d6066f4f56f4c-le32d4.cache-4
b3cd8000-b3cd9000 r--s 00000000 08:01 401833     /var/cache/fontconfig/0c9eb80ebd1c36541ebe2852d3bb0c49-le32d4.cache-4
b3cd9000-b3cdb000 r--s 00000000 08:01 394475     /var/cache/fontconfig/e13b20fdb08344e0e664864cc2ede53d-le32d4.cache-4
b3cdb000-b3cde000 r--s 00000000 08:01 394702     /var/cache/fontconfig/7ef2298fde41cc6eeb7af42e48b7d293-le32d4.cache-4
b3cde000-b3cf6000 r-xp 00000000 08:01 153628     /usr/lib/jvm/java-7-openjdk-i386/jre/lib/i386/libnet.so
b3cf6000-b3cf7000 r--p 00017000 08:01 153628     /usr/lib/jvm/java-7-openjdk-i386/jre/lib/i386/libnet.so
b3cf7000-b3cf8000 rw-p 00018000 08:01 153628     /usr/lib/jvm/java-7-openjdk-i386/jre/lib/i386/libnet.so
b3cf8000-b3d09000 r-xp 00000000 08:01 177810     /usr/lib/jvm/java-7-openjdk-i386/jre/lib/i386/libnio.so
b3d09000-b3d0a000 r--p 00010000 08:01 177810     /usr/lib/jvm/java-7-openjdk-i386/jre/lib/i386/libnio.so
b3d0a000-b3d0b000 rw-p 00011000 08:01 177810     /usr/lib/jvm/java-7-openjdk-i386/jre/lib/i386/libnio.so
b3d0b000-b3d0c000 ---p 00000000 00:00 0 
b3d0c000-b3d8c000 rw-p 00000000 00:00 0          [stack:3195]
b3d8c000-b3d8f000 ---p 00000000 00:00 0 
b3d8f000-b3ddd000 rw-p 00000000 00:00 0          [stack:3194]
b3ddd000-b3de0000 ---p 00000000 00:00 0 
b3de0000-b3e5e000 rw-p 00000000 00:00 0          [stack:3193]
b3e5e000-b3e61000 ---p 00000000 00:00 0 
b3e61000-b3eaf000 rw-p 00000000 00:00 0          [stack:3192]
b3eaf000-b40af000 r--p 00000000 08:01 369        /usr/lib/locale/locale-archive
b40af000-b40b2000 ---p 00000000 00:00 0 
b40b2000-b4100000 rw-p 00000000 00:00 0          [stack:3191]
b4100000-b417b000 rw-p 00000000 00:00 0 
b417b000-b4200000 ---p 00000000 00:00 0 
b4200000-b4202000 r-xp 00000000 08:01 3489       /usr/lib/i386-linux-gnu/libXcomposite.so.1.0.0
b4202000-b4203000 r--p 00001000 08:01 3489       /usr/lib/i386-linux-gnu/libXcomposite.so.1.0.0
b4203000-b4204000 rw-p 00002000 08:01 3489       /usr/lib/i386-linux-gnu/libXcomposite.so.1.0.0
b4204000-b4207000 r-xp 00000000 08:01 1675       /usr/lib/i386-linux-gnu/libgmodule-2.0.so.0.4002.0
b4207000-b4208000 r--p 00002000 08:01 1675       /usr/lib/i386-linux-gnu/libgmodule-2.0.so.0.4002.0
b4208000-b4209000 rw-p 00003000 08:01 1675       /usr/lib/i386-linux-gnu/libgmodule-2.0.so.0.4002.0
b4209000-b4213000 r--s 000ae000 08:01 136823     /usr/lib/jvm/java-7-openjdk-i386/jre/lib/resources.jar
b4213000-b4230000 r--s 0014f000 00:1d 3709046    /home/user/Desktop/nfs/tools/cooja/lib/swingx-all-1.6.4.jar
b4230000-b4237000 r--s 0005b000 00:1d 3706283    /home/user/Desktop/nfs/tools/cooja/lib/jsyntaxpane.jar
b4237000-b423e000 r--s 0004f000 00:1d 3702728    /home/user/Desktop/nfs/tools/cooja/lib/log4j.jar
b423e000-b4241000 r--s 00022000 00:1d 3705387    /home/user/Desktop/nfs/tools/cooja/lib/jdom.jar
b4241000-b4245000 r--s 00085000 08:01 177967     /usr/lib/jvm/java-7-openjdk-i386/jre/lib/ext/localedata.jar
b4245000-b4246000 r--s 00002000 08:01 177972     /usr/lib/jvm/java-7-openjdk-i386/jre/lib/ext/dnsns.jar
b4246000-b424a000 r--s 00034000 08:01 177971     /usr/lib/jvm/java-7-openjdk-i386/jre/lib/ext/sunjce_provider.jar
b424a000-b424d000 r--s 0000f000 08:01 177961     /usr/lib/jvm/java-7-openjdk-i386/jre/lib/ext/icedtea-sound.jar
b424d000-b4250000 r--s 0003d000 08:01 177959     /usr/lib/jvm/java-7-openjdk-i386/jre/lib/ext/sunpkcs11.jar
b4250000-b4253000 ---p 00000000 00:00 0 
b4253000-b42a1000 rw-p 00000000 00:00 0          [stack:3190]
b42a1000-b42a2000 ---p 00000000 00:00 0 
b42a2000-b436b000 rw-p 00000000 00:00 0          [stack:3189]
b436b000-b451e000 r--s 01d3d000 08:01 136821     /usr/lib/jvm/java-7-openjdk-i386/jre/lib/rt.jar
b451e000-b452c000 rw-p 00000000 00:00 0 
b452c000-b4546000 rw-p 00000000 00:00 0 
b4546000-b454c000 rw-p 00000000 00:00 0 
b454c000-b45f1000 rw-p 00000000 00:00 0 
b45f1000-b45f4000 rw-p 00000000 00:00 0 
b45f4000-b4646000 rw-p 00000000 00:00 0 
b4646000-b464c000 rw-p 00000000 00:00 0 
b464c000-b46f1000 rw-p 00000000 00:00 0 
b46f1000-b46f7000 rw-p 00000000 00:00 0 
b46f7000-b4711000 rw-p 00000000 00:00 0 
b4711000-b4727000 rw-p 00000000 00:00 0 
b4727000-b479d000 rw-p 00000000 00:00 0 
b479d000-b4a0d000 rwxp 00000000 00:00 0 
b4a0d000-b679d000 rw-p 00000000 00:00 0 
b679d000-b67a7000 r-xp 00000000 08:01 159039     /lib/i386-linux-gnu/libnss_files-2.19.so
b67a7000-b67a8000 r--p 00009000 08:01 159039     /lib/i386-linux-gnu/libnss_files-2.19.so
b67a8000-b67a9000 rw-p 0000a000 08:01 159039     /lib/i386-linux-gnu/libnss_files-2.19.so
b67a9000-b67b3000 r-xp 00000000 08:01 158574     /lib/i386-linux-gnu/libnss_nis-2.19.so
b67b3000-b67b4000 r--p 00009000 08:01 158574     /lib/i386-linux-gnu/libnss_nis-2.19.so
b67b4000-b67b5000 rw-p 0000a000 08:01 158574     /lib/i386-linux-gnu/libnss_nis-2.19.so
b67b5000-b67ca000 r-xp 00000000 08:01 158568     /lib/i386-linux-gnu/libnsl-2.19.so
b67ca000-b67cb000 r--p 00015000 08:01 158568     /lib/i386-linux-gnu/libnsl-2.19.so
b67cb000-b67cc000 rw-p 00016000 08:01 158568     /lib/i386-linux-gnu/libnsl-2.19.so
b67cc000-b67ce000 rw-p 00000000 00:00 0 
b67ce000-b67d5000 r-xp 00000000 08:01 158567     /lib/i386-linux-gnu/libnss_compat-2.19.so
b67d5000-b67d6000 r--p 00006000 08:01 158567     /lib/i386-linux-gnu/libnss_compat-2.19.so
b67d6000-b67d7000 rw-p 00007000 08:01 158567     /lib/i386-linux-gnu/libnss_compat-2.19.so
b67d7000-b67fe000 r-xp 00000000 08:01 136829     /usr/lib/jvm/java-7-openjdk-i386/jre/lib/i386/libjava.so
b67fe000-b67ff000 r--p 00026000 08:01 136829     /usr/lib/jvm/java-7-openjdk-i386/jre/lib/i386/libjava.so
b67ff000-b6800000 rw-p 00027000 08:01 136829     /usr/lib/jvm/java-7-openjdk-i386/jre/lib/i386/libjava.so
b6800000-b68f7000 rw-p 00000000 00:00 0 
b68f7000-b6900000 ---p 00000000 00:00 0 
b6900000-b6906000 rw-p 00000000 00:00 0 
b6906000-b690e000 r-xp 00000000 08:01 177878     /usr/lib/jvm/java-7-openjdk-i386/jre/lib/i386/libzip.so
b690e000-b690f000 r--p 00007000 08:01 177878     /usr/lib/jvm/java-7-openjdk-i386/jre/lib/i386/libzip.so
b690f000-b6910000 rw-p 00008000 08:01 177878     /usr/lib/jvm/java-7-openjdk-i386/jre/lib/i386/libzip.so
b6910000-b6918000 rw-s 00000000 08:01 131893     /tmp/hsperfdata_user/3183
b6918000-b691f000 r-xp 00000000 08:01 158579     /lib/i386-linux-gnu/librt-2.19.so
b691f000-b6920000 r--p 00006000 08:01 158579     /lib/i386-linux-gnu/librt-2.19.so
b6920000-b6921000 rw-p 00007000 08:01 158579     /lib/i386-linux-gnu/librt-2.19.so
b6921000-b6924000 ---p 00000000 00:00 0 
b6924000-b6972000 rw-p 00000000 00:00 0          [stack:3188]
b6972000-b698e000 r-xp 00000000 08:01 158999     /lib/i386-linux-gnu/libgcc_s.so.1
b698e000-b698f000 rw-p 0001b000 08:01 158999     /lib/i386-linux-gnu/libgcc_s.so.1
b698f000-b69d3000 r-xp 00000000 08:01 158561     /lib/i386-linux-gnu/libm-2.19.so
b69d3000-b69d4000 r--p 00043000 08:01 158561     /lib/i386-linux-gnu/libm-2.19.so
b69d4000-b69d5000 rw-p 00044000 08:01 158561     /lib/i386-linux-gnu/libm-2.19.so
b69d5000-b6ab1000 r-xp 00000000 08:01 289        /usr/lib/i386-linux-gnu/libstdc++.so.6.0.19
b6ab1000-b6ab5000 r--p 000dc000 08:01 289        /usr/lib/i386-linux-gnu/libstdc++.so.6.0.19
b6ab5000-b6ab6000 rw-p 000e0000 08:01 289        /usr/lib/i386-linux-gnu/libstdc++.so.6.0.19
b6ab6000-b6abd000 rw-p 00000000 00:00 0 
b6abd000-b70f3000 r-xp 00000000 08:01 177850     /usr/lib/jvm/java-7-openjdk-i386/jre/lib/i386/client/libjvm.so
b70f3000-b7109000 r--p 00635000 08:01 177850     /usr/lib/jvm/java-7-openjdk-i386/jre/lib/i386/client/libjvm.so
b7109000-b7118000 rw-p 0064b000 08:01 177850     /usr/lib/jvm/java-7-openjdk-i386/jre/lib/i386/client/libjvm.so
b7118000-b7534000 rw-p 00000000 00:00 0 
b7534000-b754c000 r-xp 00000000 08:01 158556     /lib/i386-linux-gnu/libz.so.1.2.8
b754c000-b754d000 r--p 00017000 08:01 158556     /lib/i386-linux-gnu/libz.so.1.2.8
b754d000-b754e000 rw-p 00018000 08:01 158556     /lib/i386-linux-gnu/libz.so.1.2.8
b754e000-b7566000 r-xp 00000000 08:01 158571     /lib/i386-linux-gnu/libpthread-2.19.so
b7566000-b7567000 r--p 00018000 08:01 158571     /lib/i386-linux-gnu/libpthread-2.19.so
b7567000-b7568000 rw-p 00019000 08:01 158571     /lib/i386-linux-gnu/libpthread-2.19.so
b7568000-b756a000 rw-p 00000000 00:00 0 
b756a000-b756d000 r-xp 00000000 08:01 158563     /lib/i386-linux-gnu/libdl-2.19.so
b756d000-b756e000 r--p 00002000 08:01 158563     /lib/i386-linux-gnu/libdl-2.19.so
b756e000-b756f000 rw-p 00003000 08:01 158563     /lib/i386-linux-gnu/libdl-2.19.so
b756f000-b7717000 r-xp 00000000 08:01 158580     /lib/i386-linux-gnu/libc-2.19.so
b7717000-b7718000 ---p 001a8000 08:01 158580     /lib/i386-linux-gnu/libc-2.19.so
b7718000-b771a000 r--p 001a8000 08:01 158580     /lib/i386-linux-gnu/libc-2.19.so
b771a000-b771b000 rw-p 001aa000 08:01 158580     /lib/i386-linux-gnu/libc-2.19.so
b771b000-b771e000 rw-p 00000000 00:00 0 
b771e000-b7720000 r--s 00006000 08:01 276693     /usr/share/java/java-atk-wrapper.jar
b7720000-b7722000 r--s 00012000 08:01 177976     /usr/lib/jvm/java-7-openjdk-i386/jre/lib/ext/zipfs.jar
b7722000-b7723000 r--p 002c5000 08:01 369        /usr/lib/locale/locale-archive
b7723000-b7724000 rw-p 00000000 00:00 0 
b7724000-b7725000 r--p 00000000 00:00 0 
b7725000-b7733000 r-xp 00000000 08:01 136825     /usr/lib/jvm/java-7-openjdk-i386/jre/lib/i386/libverify.so
b7733000-b7734000 r--p 0000d000 08:01 136825     /usr/lib/jvm/java-7-openjdk-i386/jre/lib/i386/libverify.so
b7734000-b7735000 rw-p 0000e000 08:01 136825     /usr/lib/jvm/java-7-openjdk-i386/jre/lib/i386/libverify.so
b7735000-b7741000 r-xp 00000000 08:01 136926     /usr/lib/jvm/java-7-openjdk-i386/jre/lib/i386/jli/libjli.so
b7741000-b7742000 r--p 0000c000 08:01 136926     /usr/lib/jvm/java-7-openjdk-i386/jre/lib/i386/jli/libjli.so
b7742000-b7743000 rw-p 0000d000 08:01 136926     /usr/lib/jvm/java-7-openjdk-i386/jre/lib/i386/jli/libjli.so
b7743000-b7746000 rw-p 00000000 00:00 0 
b7746000-b7747000 r-xp 00000000 00:00 0          [vdso]
b7747000-b7767000 r-xp 00000000 08:01 158572     /lib/i386-linux-gnu/ld-2.19.so
b7767000-b7768000 r--p 0001f000 08:01 158572     /lib/i386-linux-gnu/ld-2.19.so
b7768000-b7769000 rw-p 00020000 08:01 158572     /lib/i386-linux-gnu/ld-2.19.so
bfd1c000-bfd1d000 rwxp 00000000 00:00 0 
bfd4f000-bfd70000 rw-p 00000000 00:00 0          [stack]

VM Arguments:
jvm_args: -Xmx512m -Duser.language=en 
java_command: org.contikios.cooja.Cooja
Launcher Type: SUN_STANDARD

Environment Variables:
JAVA_HOME=/usr/lib/jvm/java-7-openjdk-i386
PATH=/usr/local/sdcc/bin:/usr/local/sbin:/usr/local/bin:/usr/sbin:/usr/bin:/sbin:/bin:/usr/games:/usr/local/games:/home/user/CodeSourcery/Sourcery_G++_Lite/bin:/usr/local/msp430/bin:/home/user/CodeSourcery/Sourcery_G++_Lite/bin
LD_LIBRARY_PATH=.
SHELL=/bin/bash
DISPLAY=:0

Signal Handlers:
SIGSEGV: [libjvm.so+0x4efa90], sa_mask[0]=0x7ffbfeff, sa_flags=0x10000004
SIGBUS: [libjvm.so+0x4efa90], sa_mask[0]=0x7ffbfeff, sa_flags=0x10000004
SIGFPE: [libjvm.so+0x3cb5a0], sa_mask[0]=0x7ffbfeff, sa_flags=0x10000004
SIGPIPE: [libjvm.so+0x3cb5a0], sa_mask[0]=0x7ffbfeff, sa_flags=0x10000004
SIGXFSZ: [libjvm.so+0x3cb5a0], sa_mask[0]=0x7ffbfeff, sa_flags=0x10000004
SIGILL: [libjvm.so+0x3cb5a0], sa_mask[0]=0x7ffbfeff, sa_flags=0x10000004
SIGUSR1: SIG_DFL, sa_mask[0]=0x00000000, sa_flags=0x00000000
SIGUSR2: [libjvm.so+0x3cb700], sa_mask[0]=0x00000004, sa_flags=0x10000004
SIGHUP: [libjvm.so+0x3cb660], sa_mask[0]=0x7ffbfeff, sa_flags=0x10000004
SIGINT: [libjvm.so+0x3cb660], sa_mask[0]=0x7ffbfeff, sa_flags=0x10000004
SIGTERM: [libjvm.so+0x3cb660], sa_mask[0]=0x7ffbfeff, sa_flags=0x10000004
SIGQUIT: [libjvm.so+0x3cb660], sa_mask[0]=0x7ffbfeff, sa_flags=0x10000004
SIGTRAP: SIG_DFL, sa_mask[0]=0x00000000, sa_flags=0x00000000


---------------  S Y S T E M  ---------------

OS:Ubuntu 14.04 (trusty)
uname:Linux 3.13.0-96-generic #143-Ubuntu SMP Mon Aug 29 20:15:47 UTC 2016 i686
libc:glibc 2.19 NPTL 2.19 
rlimit: STACK 8192k, CORE 0k, NPROC 7860, NOFILE 4096, AS infinity
load average:0.92 0.62 0.26

/proc/meminfo:
MemTotal:        1025420 kB
MemFree:          163168 kB
Buffers:           91296 kB
Cached:           376692 kB
SwapCached:            0 kB
Active:           472612 kB
Inactive:         319928 kB
Active(anon):     325604 kB
Inactive(anon):    20016 kB
Active(file):     147008 kB
Inactive(file):   299912 kB
Unevictable:          32 kB
Mlocked:              32 kB
HighTotal:        135048 kB
HighFree:          17416 kB
LowTotal:         890372 kB
LowFree:          145752 kB
SwapTotal:       1046524 kB
SwapFree:        1046524 kB
Dirty:               272 kB
Writeback:             0 kB
AnonPages:        324624 kB
Mapped:           100300 kB
Shmem:             21020 kB
Slab:              32112 kB
SReclaimable:      18316 kB
SUnreclaim:        13796 kB
KernelStack:        2960 kB
PageTables:         6396 kB
NFS_Unstable:          0 kB
Bounce:                0 kB
WritebackTmp:          0 kB
CommitLimit:     1559232 kB
Committed_AS:    2262268 kB
VmallocTotal:     122880 kB
VmallocUsed:       24588 kB
VmallocChunk:      87332 kB
HardwareCorrupted:     0 kB
AnonHugePages:    122880 kB
HugePages_Total:       0
HugePages_Free:        0
HugePages_Rsvd:        0
HugePages_Surp:        0
Hugepagesize:       2048 kB
DirectMap4k:       32760 kB
DirectMap2M:      880640 kB


CPU:total 1 (1 cores per cpu, 1 threads per core) family 6 model 94 stepping 3, cmov, cx8, fxsr, mmx, sse, sse2, sse3, ssse3, sse4.1, sse4.2, popcnt, avx, aes, tsc, tscinvbit

/proc/cpuinfo:
processor	: 0
vendor_id	: GenuineIntel
cpu family	: 6
model		: 94
model name	: Intel(R) Core(TM) i5-6500 CPU @ 3.20GHz
stepping	: 3
microcode	: 0x76
cpu MHz		: 3600.000
cache size	: 6144 KB
physical id	: 0
siblings	: 1
core id		: 0
cpu cores	: 1
apicid		: 0
initial apicid	: 0
fdiv_bug	: no
f00f_bug	: no
coma_bug	: no
fpu		: yes
fpu_exception	: yes
cpuid level	: 22
wp		: yes
flags		: fpu vme de pse tsc msr pae mce cx8 apic sep mtrr pge mca cmov pat pse36 clflush dts mmx fxsr sse sse2 ss nx rdtscp lm constant_tsc arch_perfmon pebs bts tsc_reliable nonstop_tsc aperfmperf pni pclmulqdq ssse3 fma cx16 sse4_1 sse4_2 movbe popcnt aes xsave avx hypervisor lahf_lm 3dnowprefetch ida arat epb pln pts dtherm
bogomips	: 7200.00
clflush size	: 64
cache_alignment	: 64
address sizes	: 40 bits physical, 48 bits virtual
power management:



Memory: 4k page, physical 1025420k(163168k free), swap 1046524k(1046524k free)

vm_info: OpenJDK Client VM (24.111-b01) for linux-x86 JRE (1.7.0_111-b01), built on Aug 12 2016 05:36:14 by "buildd" with gcc 4.8.4

time: Thu Oct  6 03:02:28 2016
elapsed time: 20 seconds

