#
# A fatal error has been detected by the Java Runtime Environment:
#
#  SIGSEGV (0xb) at pc=0xb7576817, pid=3917, tid=2997881664
#
# JRE version: OpenJDK Runtime Environment (7.0_121) (build 1.7.0_121-b00)
# Java VM: OpenJDK Client VM (24.121-b00 mixed mode, sharing linux-x86 )
# Derivative: IcedTea 2.6.8
# Distribution: Ubuntu 14.04 LTS, package 7u121-2.6.8-1ubuntu0.14.04.1
# Problematic frame:
# C  [libc.so.6+0x64817]  fwrite+0x27
#
# Failed to write core dump. Core dumps have been disabled. To enable core dumping, try "ulimit -c unlimited" before starting Java again
#
# If you would like to submit a bug report, please include
# instructions on how to reproduce the bug and visit:
#   http://icedtea.classpath.org/bugzilla
# The crash happened outside the Java Virtual Machine in native code.
# See problematic frame for where to report the bug.
#

---------------  T H R E A D  ---------------

Current thread (0x08e8cc00):  JavaThread "Thread-4" [_thread_in_native, id=4008, stack(0xb2ab0000,0xb2b01000)]

siginfo:si_signo=SIGSEGV: si_errno=0, si_code=1 (SEGV_MAPERR), si_addr=0x00000000

Registers:
EAX=0x00000000, EBX=0xb76bd000, ECX=0x00000000, EDX=0x0000004f
ESP=0xb288c1ec, EBP=0xb288c2b4, ESI=0x00000000, EDI=0x00000005
EIP=0xb7576817, EFLAGS=0x00010206, CR2=0x00000000

Top of Stack: (sp=0xb288c1ec)
0xb288c1ec:   0000004f 00000400 b28818e0 b288c220
0xb288c1fc:   b2881e40 b288c220 00000005 00000000
0xb288c20c:   00000000 00000000 b288c2b4 b286c1ce
0xb288c21c:   b28818e0 00000001 00000005 00000000
0xb288c22c:   000003d7 000003d8 000003d9 000003da
0xb288c23c:   000003db 000003dc 000003dd 000003de
0xb288c24c:   000003df 000003e0 000003e1 000003e2
0xb288c25c:   000003e3 000003e4 000003e5 000003e6 

Instructions: (pc=0xb7576817)
0xb75767f7:   8b 7c 24 34 0f af 7c 24 38 e8 d6 1f 0c 00 81 c3
0xb7576807:   fb 67 14 00 8b 74 24 3c 85 ff 0f 84 b1 00 00 00
0xb7576817:   8b 06 25 00 80 00 00 75 35 8b 56 48 65 8b 2d 08
0xb7576827:   00 00 00 3b 6a 08 74 22 b9 01 00 00 00 65 83 3d 

Register to memory mapping:

EAX=0x00000000 is an unknown value
EBX=0xb76bd000: <offset 0x1ab000> in /lib/i386-linux-gnu/libc.so.6 at 0xb7512000
ECX=0x00000000 is an unknown value
EDX=0x0000004f is an unknown value
ESP=0xb288c1ec: <offset 0x2f1ec> in /home/user/Desktop/Dual-radio-simulation/lanada/log_test/obj_cooja/mtype182.cooja at 0xb285d000
EBP=0xb288c2b4: <offset 0x2f2b4> in /home/user/Desktop/Dual-radio-simulation/lanada/log_test/obj_cooja/mtype182.cooja at 0xb285d000
ESI=0x00000000 is an unknown value
EDI=0x00000005 is an unknown value


Stack: [0xb2ab0000,0xb2b01000],  sp=0xb288c1ec,  free space=4192112k
Native frames: (J=compiled Java code, j=interpreted, Vv=VM code, C=native code)
C  [libc.so.6+0x64817]  fwrite+0x27
C  [mtype182.cooja+0xf70f]  process_run_thread_loop+0x1a

Java frames: (J=compiled Java code, j=interpreted, Vv=VM code)
j  org.contikios.cooja.corecomm.Lib1.tick()V+0
j  org.contikios.cooja.contikimote.ContikiMoteType.tick()V+4
j  org.contikios.cooja.contikimote.ContikiMote.execute(J)V+63
j  org.contikios.cooja.motes.AbstractWakeupMote$1.execute(J)V+5
j  org.contikios.cooja.Simulation.run()V+184
j  java.lang.Thread.run()V+11
v  ~StubRoutines::call_stub

---------------  P R O C E S S  ---------------

Java Threads: ( => current thread )
=>0x08e8cc00 JavaThread "Thread-4" [_thread_in_native, id=4008, stack(0xb2ab0000,0xb2b01000)]
  0x08e24000 JavaThread "Thread-3" [_thread_blocked, id=3998, stack(0xb2a04000,0xb2a55000)]
  0x08e24c00 JavaThread "Thread-2" [_thread_blocked, id=3997, stack(0xb2a55000,0xb2aa6000)]
  0x08c0b800 JavaThread "process reaper" daemon [_thread_blocked, id=3952, stack(0xb29b3000,0xb2a04000)]
  0x08ca9000 JavaThread "TimerQueue" daemon [_thread_blocked, id=3934, stack(0xb31f3000,0xb3244000)]
  0xb6707800 JavaThread "DestroyJavaVM" [_thread_blocked, id=3919, stack(0xb68c2000,0xb6913000)]
  0xb385c800 JavaThread "AWT-EventQueue-0" [_thread_blocked, id=3933, stack(0xb3244000,0xb3295000)]
  0xb3874000 JavaThread "AWT-Shutdown" [_thread_blocked, id=3932, stack(0xb3295000,0xb32e6000)]
  0xb3849000 JavaThread "AWT-XAWT" daemon [_thread_in_native, id=3931, stack(0xb3388000,0xb33d9000)]
  0xb383b000 JavaThread "Java2D Disposer" daemon [_thread_blocked, id=3930, stack(0xb33ea000,0xb343b000)]
  0xb674cc00 JavaThread "Service Thread" daemon [_thread_blocked, id=3928, stack(0xb3d3b000,0xb3d8c000)]
  0xb674ac00 JavaThread "C1 CompilerThread0" daemon [_thread_blocked, id=3927, stack(0xb3d8c000,0xb3e0d000)]
  0xb6749000 JavaThread "Signal Dispatcher" daemon [_thread_blocked, id=3926, stack(0xb3e0d000,0xb3e5e000)]
  0xb6733400 JavaThread "Finalizer" daemon [_thread_blocked, id=3925, stack(0xb405e000,0xb40af000)]
  0xb6731c00 JavaThread "Reference Handler" daemon [_thread_blocked, id=3924, stack(0xb40af000,0xb4100000)]

Other Threads:
  0xb6730400 VMThread [stack: 0xb422c000,0xb42ad000] [id=3923]
  0xb674f000 WatcherThread [stack: 0xb3cba000,0xb3d3b000] [id=3929]

VM state:not at safepoint (normal execution)

VM Mutex/Monitor currently owned by a thread: None

Heap
 def new generation   total 4928K, used 1929K [0x6e800000, 0x6ed50000, 0x792a0000)
  eden space 4416K,  42% used [0x6e800000, 0x6e9d43f0, 0x6ec50000)
  from space 512K,  11% used [0x6ecd0000, 0x6ecde278, 0x6ed50000)
  to   space 512K,   0% used [0x6ec50000, 0x6ec50000, 0x6ecd0000)
 tenured generation   total 10944K, used 6694K [0x792a0000, 0x79d50000, 0x8e800000)
   the space 10944K,  61% used [0x792a0000, 0x79929848, 0x79929a00, 0x79d50000)
 compacting perm gen  total 12288K, used 6888K [0x8e800000, 0x8f400000, 0x92800000)
   the space 12288K,  56% used [0x8e800000, 0x8eeba290, 0x8eeba400, 0x8f400000)
    ro space 10240K,  60% used [0x92800000, 0x92e00d38, 0x92e00e00, 0x93200000)
    rw space 12288K,  59% used [0x93200000, 0x9391e858, 0x9391ea00, 0x93e00000)

Card table byte_map: [0xb4554000,0xb4680000] byte_map_base: 0xb41e0000

Polling page: 0xb76c7000

Code Cache  [0xb4700000, 0xb4948000, 0xb6700000)
 total_blobs=1460 nmethods=1158 adapters=237 free_code_cache=30445Kb largest_free_block=31176192

Compilation events (10 events):
Event: 630.344 Thread 0xb674ac00 1158             sun.java2d.pipe.Region::isInsideQuickCheck (57 bytes)
Event: 630.345 Thread 0xb674ac00 nmethod 1158 0xb4943248 code [0xb4943340, 0xb4943420]
Event: 630.371 Thread 0xb674ac00 1159             sun.java2d.loops.CompositeType::equals (29 bytes)
Event: 630.371 Thread 0xb674ac00 nmethod 1159 0xb4943488 code [0xb4943580, 0xb4943680]
Event: 630.372 Thread 0xb674ac00 1160   !         sun.java2d.pipe.DrawImage::renderImageCopy (149 bytes)
Event: 630.373 Thread 0xb674ac00 nmethod 1160 0xb4943708 code [0xb4943850, 0xb4943bb8]
Event: 630.373 Thread 0xb674ac00 1161             sun.java2d.pipe.DrawImage::blitSurfaceData (145 bytes)
Event: 630.373 Thread 0xb674ac00 nmethod 1161 0xb4943f48 code [0xb49440c0, 0xb4944480]
Event: 630.373 Thread 0xb674ac00 1162             javax.swing.RepaintManager::isDoubleBufferingEnabled (5 bytes)
Event: 630.373 Thread 0xb674ac00 nmethod 1162 0xb4944848 code [0xb4944940, 0xb49449c0]

GC Heap History (10 events):
Event: 628.226 GC heap before
{Heap before GC invocations=88 (full 0):
 def new generation   total 4928K, used 4426K [0x6e800000, 0x6ed50000, 0x792a0000)
  eden space 4416K, 100% used [0x6e800000, 0x6ec50000, 0x6ec50000)
  from space 512K,   2% used [0x6ec50000, 0x6ec52960, 0x6ecd0000)
  to   space 512K,   0% used [0x6ecd0000, 0x6ecd0000, 0x6ed50000)
 tenured generation   total 10944K, used 6186K [0x792a0000, 0x79d50000, 0x8e800000)
   the space 10944K,  56% used [0x792a0000, 0x798aabb0, 0x798aac00, 0x79d50000)
 compacting perm gen  total 12288K, used 6749K [0x8e800000, 0x8f400000, 0x92800000)
   the space 12288K,  54% used [0x8e800000, 0x8ee97720, 0x8ee97800, 0x8f400000)
    ro space 10240K,  60% used [0x92800000, 0x92e00d38, 0x92e00e00, 0x93200000)
    rw space 12288K,  59% used [0x93200000, 0x9391e858, 0x9391ea00, 0x93e00000)
Event: 628.227 GC heap after
Heap after GC invocations=89 (full 0):
 def new generation   total 4928K, used 11K [0x6e800000, 0x6ed50000, 0x792a0000)
  eden space 4416K,   0% used [0x6e800000, 0x6e800000, 0x6ec50000)
  from space 512K,   2% used [0x6ecd0000, 0x6ecd2df0, 0x6ed50000)
  to   space 512K,   0% used [0x6ec50000, 0x6ec50000, 0x6ecd0000)
 tenured generation   total 10944K, used 6187K [0x792a0000, 0x79d50000, 0x8e800000)
   the space 10944K,  56% used [0x792a0000, 0x798aad18, 0x798aae00, 0x79d50000)
 compacting perm gen  total 12288K, used 6749K [0x8e800000, 0x8f400000, 0x92800000)
   the space 12288K,  54% used [0x8e800000, 0x8ee97720, 0x8ee97800, 0x8f400000)
    ro space 10240K,  60% used [0x92800000, 0x92e00d38, 0x92e00e00, 0x93200000)
    rw space 12288K,  59% used [0x93200000, 0x9391e858, 0x9391ea00, 0x93e00000)
}
Event: 628.240 GC heap before
{Heap before GC invocations=89 (full 0):
 def new generation   total 4928K, used 4427K [0x6e800000, 0x6ed50000, 0x792a0000)
  eden space 4416K, 100% used [0x6e800000, 0x6ec50000, 0x6ec50000)
  from space 512K,   2% used [0x6ecd0000, 0x6ecd2df0, 0x6ed50000)
  to   space 512K,   0% used [0x6ec50000, 0x6ec50000, 0x6ecd0000)
 tenured generation   total 10944K, used 6187K [0x792a0000, 0x79d50000, 0x8e800000)
   the space 10944K,  56% used [0x792a0000, 0x798aad18, 0x798aae00, 0x79d50000)
 compacting perm gen  total 12288K, used 6749K [0x8e800000, 0x8f400000, 0x92800000)
   the space 12288K,  54% used [0x8e800000, 0x8ee97720, 0x8ee97800, 0x8f400000)
    ro space 10240K,  60% used [0x92800000, 0x92e00d38, 0x92e00e00, 0x93200000)
    rw space 12288K,  59% used [0x93200000, 0x9391e858, 0x9391ea00, 0x93e00000)
Event: 628.240 GC heap after
Heap after GC invocations=90 (full 0):
 def new generation   total 4928K, used 12K [0x6e800000, 0x6ed50000, 0x792a0000)
  eden space 4416K,   0% used [0x6e800000, 0x6e800000, 0x6ec50000)
  from space 512K,   2% used [0x6ec50000, 0x6ec531f8, 0x6ecd0000)
  to   space 512K,   0% used [0x6ecd0000, 0x6ecd0000, 0x6ed50000)
 tenured generation   total 10944K, used 6187K [0x792a0000, 0x79d50000, 0x8e800000)
   the space 10944K,  56% used [0x792a0000, 0x798aae08, 0x798ab000, 0x79d50000)
 compacting perm gen  total 12288K, used 6749K [0x8e800000, 0x8f400000, 0x92800000)
   the space 12288K,  54% used [0x8e800000, 0x8ee97720, 0x8ee97800, 0x8f400000)
    ro space 10240K,  60% used [0x92800000, 0x92e00d38, 0x92e00e00, 0x93200000)
    rw space 12288K,  59% used [0x93200000, 0x9391e858, 0x9391ea00, 0x93e00000)
}
Event: 628.253 GC heap before
{Heap before GC invocations=90 (full 0):
 def new generation   total 4928K, used 4428K [0x6e800000, 0x6ed50000, 0x792a0000)
  eden space 4416K, 100% used [0x6e800000, 0x6ec50000, 0x6ec50000)
  from space 512K,   2% used [0x6ec50000, 0x6ec531f8, 0x6ecd0000)
  to   space 512K,   0% used [0x6ecd0000, 0x6ecd0000, 0x6ed50000)
 tenured generation   total 10944K, used 6187K [0x792a0000, 0x79d50000, 0x8e800000)
   the space 10944K,  56% used [0x792a0000, 0x798aae08, 0x798ab000, 0x79d50000)
 compacting perm gen  total 12288K, used 6749K [0x8e800000, 0x8f400000, 0x92800000)
   the space 12288K,  54% used [0x8e800000, 0x8ee97720, 0x8ee97800, 0x8f400000)
    ro space 10240K,  60% used [0x92800000, 0x92e00d38, 0x92e00e00, 0x93200000)
    rw space 12288K,  59% used [0x93200000, 0x9391e858, 0x9391ea00, 0x93e00000)
Event: 628.253 GC heap after
Heap after GC invocations=91 (full 0):
 def new generation   total 4928K, used 13K [0x6e800000, 0x6ed50000, 0x792a0000)
  eden space 4416K,   0% used [0x6e800000, 0x6e800000, 0x6ec50000)
  from space 512K,   2% used [0x6ecd0000, 0x6ecd37b8, 0x6ed50000)
  to   space 512K,   0% used [0x6ec50000, 0x6ec50000, 0x6ecd0000)
 tenured generation   total 10944K, used 6187K [0x792a0000, 0x79d50000, 0x8e800000)
   the space 10944K,  56% used [0x792a0000, 0x798aaef8, 0x798ab000, 0x79d50000)
 compacting perm gen  total 12288K, used 6749K [0x8e800000, 0x8f400000, 0x92800000)
   the space 12288K,  54% used [0x8e800000, 0x8ee97720, 0x8ee97800, 0x8f400000)
    ro space 10240K,  60% used [0x92800000, 0x92e00d38, 0x92e00e00, 0x93200000)
    rw space 12288K,  59% used [0x93200000, 0x9391e858, 0x9391ea00, 0x93e00000)
}
Event: 629.347 GC heap before
{Heap before GC invocations=91 (full 0):
 def new generation   total 4928K, used 4429K [0x6e800000, 0x6ed50000, 0x792a0000)
  eden space 4416K, 100% used [0x6e800000, 0x6ec50000, 0x6ec50000)
  from space 512K,   2% used [0x6ecd0000, 0x6ecd37b8, 0x6ed50000)
  to   space 512K,   0% used [0x6ec50000, 0x6ec50000, 0x6ecd0000)
 tenured generation   total 10944K, used 6187K [0x792a0000, 0x79d50000, 0x8e800000)
   the space 10944K,  56% used [0x792a0000, 0x798aaef8, 0x798ab000, 0x79d50000)
 compacting perm gen  total 12288K, used 6836K [0x8e800000, 0x8f400000, 0x92800000)
   the space 12288K,  55% used [0x8e800000, 0x8eead398, 0x8eead400, 0x8f400000)
    ro space 10240K,  60% used [0x92800000, 0x92e00d38, 0x92e00e00, 0x93200000)
    rw space 12288K,  59% used [0x93200000, 0x9391e858, 0x9391ea00, 0x93e00000)
Event: 629.352 GC heap after
Heap after GC invocations=92 (full 0):
 def new generation   total 4928K, used 512K [0x6e800000, 0x6ed50000, 0x792a0000)
  eden space 4416K,   0% used [0x6e800000, 0x6e800000, 0x6ec50000)
  from space 512K, 100% used [0x6ec50000, 0x6ecd0000, 0x6ecd0000)
  to   space 512K,   0% used [0x6ecd0000, 0x6ecd0000, 0x6ed50000)
 tenured generation   total 10944K, used 6200K [0x792a0000, 0x79d50000, 0x8e800000)
   the space 10944K,  56% used [0x792a0000, 0x798ae020, 0x798ae200, 0x79d50000)
 compacting perm gen  total 12288K, used 6836K [0x8e800000, 0x8f400000, 0x92800000)
   the space 12288K,  55% used [0x8e800000, 0x8eead398, 0x8eead400, 0x8f400000)
    ro space 10240K,  60% used [0x92800000, 0x92e00d38, 0x92e00e00, 0x93200000)
    rw space 12288K,  59% used [0x93200000, 0x9391e858, 0x9391ea00, 0x93e00000)
}
Event: 629.465 GC heap before
{Heap before GC invocations=92 (full 0):
 def new generation   total 4928K, used 4928K [0x6e800000, 0x6ed50000, 0x792a0000)
  eden space 4416K, 100% used [0x6e800000, 0x6ec50000, 0x6ec50000)
  from space 512K, 100% used [0x6ec50000, 0x6ecd0000, 0x6ecd0000)
  to   space 512K,   0% used [0x6ecd0000, 0x6ecd0000, 0x6ed50000)
 tenured generation   total 10944K, used 6200K [0x792a0000, 0x79d50000, 0x8e800000)
   the space 10944K,  56% used [0x792a0000, 0x798ae020, 0x798ae200, 0x79d50000)
 compacting perm gen  total 12288K, used 6884K [0x8e800000, 0x8f400000, 0x92800000)
   the space 12288K,  56% used [0x8e800000, 0x8eeb9378, 0x8eeb9400, 0x8f400000)
    ro space 10240K,  60% used [0x92800000, 0x92e00d38, 0x92e00e00, 0x93200000)
    rw space 12288K,  59% used [0x93200000, 0x9391e858, 0x9391ea00, 0x93e00000)
Event: 629.467 GC heap after
Heap after GC invocations=93 (full 0):
 def new generation   total 4928K, used 56K [0x6e800000, 0x6ed50000, 0x792a0000)
  eden space 4416K,   0% used [0x6e800000, 0x6e800000, 0x6ec50000)
  from space 512K,  11% used [0x6ecd0000, 0x6ecde278, 0x6ed50000)
  to   space 512K,   0% used [0x6ec50000, 0x6ec50000, 0x6ecd0000)
 tenured generation   total 10944K, used 6694K [0x792a0000, 0x79d50000, 0x8e800000)
   the space 10944K,  61% used [0x792a0000, 0x79929848, 0x79929a00, 0x79d50000)
 compacting perm gen  total 12288K, used 6884K [0x8e800000, 0x8f400000, 0x92800000)
   the space 12288K,  56% used [0x8e800000, 0x8eeb9378, 0x8eeb9400, 0x8f400000)
    ro space 10240K,  60% used [0x92800000, 0x92e00d38, 0x92e00e00, 0x93200000)
    rw space 12288K,  59% used [0x93200000, 0x9391e858, 0x9391ea00, 0x93e00000)
}

Deoptimization events (0 events):
No events

Internal exceptions (10 events):
Event: 629.419 Thread 0xb385c800 Threw 0x6eada620 at /build/openjdk-7-mks0zz/openjdk-7-7u121-2.6.8/build/openjdk/hotspot/src/share/vm/prims/jvm.cpp:1322
Event: 629.419 Thread 0xb385c800 Threw 0x6eaddc88 at /build/openjdk-7-mks0zz/openjdk-7-7u121-2.6.8/build/openjdk/hotspot/src/share/vm/prims/jvm.cpp:1322
Event: 629.419 Thread 0xb385c800 Threw 0x6eae11f8 at /build/openjdk-7-mks0zz/openjdk-7-7u121-2.6.8/build/openjdk/hotspot/src/share/vm/prims/jvm.cpp:1322
Event: 629.420 Thread 0xb385c800 Threw 0x6eae4d88 at /build/openjdk-7-mks0zz/openjdk-7-7u121-2.6.8/build/openjdk/hotspot/src/share/vm/prims/jvm.cpp:1322
Event: 629.420 Thread 0xb385c800 Threw 0x6eae7fc8 at /build/openjdk-7-mks0zz/openjdk-7-7u121-2.6.8/build/openjdk/hotspot/src/share/vm/prims/jvm.cpp:1322
Event: 629.420 Thread 0xb385c800 Threw 0x6eaeb5c0 at /build/openjdk-7-mks0zz/openjdk-7-7u121-2.6.8/build/openjdk/hotspot/src/share/vm/prims/jvm.cpp:1322
Event: 629.420 Thread 0xb385c800 Threw 0x6eaee6d0 at /build/openjdk-7-mks0zz/openjdk-7-7u121-2.6.8/build/openjdk/hotspot/src/share/vm/prims/jvm.cpp:1322
Event: 629.460 Thread 0xb385c800 Threw 0x6ebf4b90 at /build/openjdk-7-mks0zz/openjdk-7-7u121-2.6.8/build/openjdk/hotspot/src/share/vm/prims/jvm.cpp:1322
Event: 630.377 Thread 0x08e8cc00 Threw 0x6e9b1d78 at /build/openjdk-7-mks0zz/openjdk-7-7u121-2.6.8/build/openjdk/hotspot/src/share/vm/prims/jvm.cpp:1322
Event: 630.379 Thread 0x08e8cc00 Threw 0x6e9ce8f0 at /build/openjdk-7-mks0zz/openjdk-7-7u121-2.6.8/build/openjdk/hotspot/src/share/vm/prims/jvm.cpp:1322

Events (10 events):
Event: 630.379 loading class 0x08d43998
Event: 630.379 loading class 0x08d43998 done
Event: 630.379 Executing VM operation: RevokeBias
Event: 630.379 Executing VM operation: RevokeBias done
Event: 630.379 Executing VM operation: RevokeBias
Event: 630.379 Executing VM operation: RevokeBias done
Event: 630.379 Executing VM operation: RevokeBias
Event: 630.379 Executing VM operation: RevokeBias done
Event: 630.379 Executing VM operation: RevokeBias
Event: 630.379 Executing VM operation: RevokeBias done


Dynamic libraries:
08048000-08049000 r-xp 00000000 08:01 277177     /usr/lib/jvm/java-7-openjdk-i386/jre/bin/java
08049000-0804a000 r--p 00000000 08:01 277177     /usr/lib/jvm/java-7-openjdk-i386/jre/bin/java
0804a000-0804b000 rw-p 00001000 08:01 277177     /usr/lib/jvm/java-7-openjdk-i386/jre/bin/java
08bab000-08f7d000 rw-p 00000000 00:00 0          [heap]
6e800000-6ed50000 rw-p 00000000 00:00 0 
6ed50000-792a0000 rw-p 00000000 00:00 0 
792a0000-79d50000 rw-p 00000000 00:00 0 
79d50000-8e800000 rw-p 00000000 00:00 0 
8e800000-8f400000 rw-p 00000000 00:00 0 
8f400000-92800000 rw-p 00000000 00:00 0 
92800000-92e01000 r--p 00001000 08:01 179396     /usr/lib/jvm/java-7-openjdk-i386/jre/lib/i386/client/classes.jsa
92e01000-93200000 rw-p 00000000 00:00 0 
93200000-9391f000 rw-p 00602000 08:01 179396     /usr/lib/jvm/java-7-openjdk-i386/jre/lib/i386/client/classes.jsa
9391f000-93e00000 rw-p 00000000 00:00 0 
93e00000-94115000 rw-p 00d21000 08:01 179396     /usr/lib/jvm/java-7-openjdk-i386/jre/lib/i386/client/classes.jsa
94115000-94200000 rw-p 00000000 00:00 0 
94200000-94209000 r-xp 01036000 08:01 179396     /usr/lib/jvm/java-7-openjdk-i386/jre/lib/i386/client/classes.jsa
94209000-94600000 rw-p 00000000 00:00 0 
b285d000-b2889000 r-xp 00000000 08:01 339721     /home/user/Desktop/Dual-radio-simulation/lanada/log_test/obj_cooja/mtype182.cooja
b2889000-b288a000 r--p 0002b000 08:01 339721     /home/user/Desktop/Dual-radio-simulation/lanada/log_test/obj_cooja/mtype182.cooja
b288a000-b288b000 rw-p 0002c000 08:01 339721     /home/user/Desktop/Dual-radio-simulation/lanada/log_test/obj_cooja/mtype182.cooja
b288b000-b289c000 rw-p 00000000 00:00 0          [stack:4008]
b2927000-b29b3000 rw-s 00000000 00:04 8159248    /SYSV00000000 (deleted)
b29b3000-b29b6000 ---p 00000000 00:00 0 
b29b6000-b2a04000 rw-p 00000000 00:00 0          [stack:3952]
b2a04000-b2a07000 ---p 00000000 00:00 0 
b2a07000-b2a55000 rw-p 00000000 00:00 0          [stack:3998]
b2a55000-b2a58000 ---p 00000000 00:00 0 
b2a58000-b2aa6000 rw-p 00000000 00:00 0          [stack:3997]
b2ab0000-b2ab3000 ---p 00000000 00:00 0 
b2ab3000-b2b01000 rw-p 00000000 00:00 0 
b2b05000-b2b06000 rw-p 00000000 00:00 0 
b2b06000-b319b000 rw-s 00000000 00:04 6684687    /SYSV00000000 (deleted)
b319b000-b319d000 r--s 00003000 08:01 289777     /home/user/Desktop/Dual-radio-simulation/tools/cooja/apps/powertracker/lib/powertracker.jar
b319d000-b319e000 r--s 00002000 08:01 266126     /home/user/Desktop/Dual-radio-simulation/tools/cooja/apps/collect-view/cooja-collect-view.jar
b319e000-b31a0000 r--s 00008000 08:01 289775     /home/user/Desktop/Dual-radio-simulation/tools/cooja/apps/serial_socket/lib/serial_socket.jar
b31a0000-b31da000 r--s 001e1000 08:01 291798     /home/user/Desktop/Dual-radio-simulation/tools/cooja/apps/avrora/lib/avrora-small.jar
b31da000-b31db000 r--s 00008000 08:01 265385     /home/user/Desktop/Dual-radio-simulation/tools/cooja/apps/avrora/lib/cooja_avrora.jar
b31db000-b31dd000 r--s 00010000 08:01 292113     /home/user/Desktop/Dual-radio-simulation/tools/cooja/apps/mspsim/lib/jipv6.jar
b31dd000-b31de000 r--s 00004000 08:01 289779     /home/user/Desktop/Dual-radio-simulation/tools/cooja/apps/mspsim/lib/coffee.jar
b31de000-b31ea000 r--s 000eb000 08:01 269680     /home/user/Desktop/Dual-radio-simulation/tools/cooja/apps/mspsim/lib/mspsim.jar
b31ea000-b31f0000 r--s 00062000 08:01 268623     /home/user/Desktop/Dual-radio-simulation/tools/cooja/apps/mspsim/lib/cooja_mspsim.jar
b31f0000-b31f3000 r--s 0001e000 08:01 266127     /home/user/Desktop/Dual-radio-simulation/tools/cooja/apps/mrm/lib/mrm.jar
b31f3000-b31f6000 ---p 00000000 00:00 0 
b31f6000-b3244000 rw-p 00000000 00:00 0          [stack:3934]
b3244000-b3247000 ---p 00000000 00:00 0 
b3247000-b3295000 rw-p 00000000 00:00 0          [stack:3933]
b3295000-b3298000 ---p 00000000 00:00 0 
b3298000-b32e6000 rw-p 00000000 00:00 0          [stack:3932]
b32e6000-b32e7000 r--s 00000000 08:01 403278     /var/cache/fontconfig/c05880de57d1f5e948fdfacc138775d9-le32d4.cache-4
b32e7000-b32ef000 r--s 00000000 08:01 395165     /var/cache/fontconfig/945677eb7aeaf62f1d50efc3fb3ec7d8-le32d4.cache-4
b32ef000-b32f1000 r--s 00000000 08:01 401858     /var/cache/fontconfig/99e8ed0e538f840c565b6ed5dad60d56-le32d4.cache-4
b32f1000-b32f5000 r--s 00000000 08:01 401857     /var/cache/fontconfig/2cd17615ca594fa2959ae173292e504c-le32d4.cache-4
b32f5000-b32f6000 r--s 00000000 08:01 401856     /var/cache/fontconfig/e7071f4a29fa870f4323321c154eba04-le32d4.cache-4
b32f6000-b32f7000 r--s 00000000 08:01 401855     /var/cache/fontconfig/0d8c3b2ac0904cb8a57a757ad11a4a08-le32d4.cache-4
b32f7000-b32fc000 r--s 00000000 08:01 401853     /var/cache/fontconfig/a755afe4a08bf5b97852ceb7400b47bc-le32d4.cache-4
b32fc000-b3305000 r--s 00000000 08:01 401852     /var/cache/fontconfig/6d41288fd70b0be22e8c3a91e032eec0-le32d4.cache-4
b3305000-b3314000 r--s 00000000 08:01 401851     /var/cache/fontconfig/04aabc0a78ac019cf9454389977116d2-le32d4.cache-4
b3314000-b3315000 r--s 00000000 08:01 401850     /var/cache/fontconfig/1ac9eb803944fde146138c791f5cc56a-le32d4.cache-4
b3315000-b3318000 r--s 00000000 08:01 401849     /var/cache/fontconfig/385c0604a188198f04d133e54aba7fe7-le32d4.cache-4
b3318000-b3319000 r--s 00000000 08:01 401848     /var/cache/fontconfig/dc05db6664285cc2f12bf69c139ae4c3-le32d4.cache-4
b3319000-b331b000 r--s 00000000 08:01 393795     /var/cache/fontconfig/767a8244fc0220cfb567a839d0392e0b-le32d4.cache-4
b331b000-b331c000 r--s 00000000 08:01 401847     /var/cache/fontconfig/4794a0821666d79190d59a36cb4f44b5-le32d4.cache-4
b331c000-b3320000 r--s 00000000 08:01 401846     /var/cache/fontconfig/8801497958630a81b71ace7c5f9b32a8-le32d4.cache-4
b3320000-b3325000 r--s 00000000 08:01 401845     /var/cache/fontconfig/3047814df9a2f067bd2d96a2b9c36e5a-le32d4.cache-4
b3325000-b3335000 r--s 00000000 08:01 401830     /var/cache/fontconfig/d52a8644073d54c13679302ca1180695-le32d4.cache-4
b3335000-b3385000 r-xp 00000000 08:01 171756     /usr/lib/jvm/java-7-openjdk-i386/jre/lib/i386/libfontmanager.so
b3385000-b3387000 r--p 0004f000 08:01 171756     /usr/lib/jvm/java-7-openjdk-i386/jre/lib/i386/libfontmanager.so
b3387000-b3388000 rw-p 00051000 08:01 171756     /usr/lib/jvm/java-7-openjdk-i386/jre/lib/i386/libfontmanager.so
b3388000-b338b000 ---p 00000000 00:00 0 
b338b000-b33d9000 rw-p 00000000 00:00 0          [stack:3931]
b33d9000-b33dd000 r-xp 00000000 08:01 7640       /usr/lib/i386-linux-gnu/libXfixes.so.3.1.0
b33dd000-b33de000 r--p 00003000 08:01 7640       /usr/lib/i386-linux-gnu/libXfixes.so.3.1.0
b33de000-b33df000 rw-p 00004000 08:01 7640       /usr/lib/i386-linux-gnu/libXfixes.so.3.1.0
b33df000-b33e8000 r-xp 00000000 08:01 9790       /usr/lib/i386-linux-gnu/libXcursor.so.1.0.2
b33e8000-b33e9000 r--p 00008000 08:01 9790       /usr/lib/i386-linux-gnu/libXcursor.so.1.0.2
b33e9000-b33ea000 rw-p 00009000 08:01 9790       /usr/lib/i386-linux-gnu/libXcursor.so.1.0.2
b33ea000-b33ed000 ---p 00000000 00:00 0 
b33ed000-b343b000 rw-p 00000000 00:00 0          [stack:3930]
b343b000-b3461000 r-xp 00000000 08:01 142126     /lib/i386-linux-gnu/libpng12.so.0.50.0
b3461000-b3462000 r--p 00025000 08:01 142126     /lib/i386-linux-gnu/libpng12.so.0.50.0
b3462000-b3463000 rw-p 00026000 08:01 142126     /lib/i386-linux-gnu/libpng12.so.0.50.0
b3463000-b3468000 r-xp 00000000 08:01 5406       /usr/lib/i386-linux-gnu/libXdmcp.so.6.0.0
b3468000-b3469000 r--p 00004000 08:01 5406       /usr/lib/i386-linux-gnu/libXdmcp.so.6.0.0
b3469000-b346a000 rw-p 00005000 08:01 5406       /usr/lib/i386-linux-gnu/libXdmcp.so.6.0.0
b346a000-b348f000 r-xp 00000000 08:01 131117     /lib/i386-linux-gnu/libexpat.so.1.6.0
b348f000-b3490000 ---p 00025000 08:01 131117     /lib/i386-linux-gnu/libexpat.so.1.6.0
b3490000-b3492000 r--p 00025000 08:01 131117     /lib/i386-linux-gnu/libexpat.so.1.6.0
b3492000-b3493000 rw-p 00027000 08:01 131117     /lib/i386-linux-gnu/libexpat.so.1.6.0
b3493000-b352e000 r-xp 00000000 08:01 9114       /usr/lib/i386-linux-gnu/libfreetype.so.6.11.1
b352e000-b3532000 r--p 0009a000 08:01 9114       /usr/lib/i386-linux-gnu/libfreetype.so.6.11.1
b3532000-b3533000 rw-p 0009e000 08:01 9114       /usr/lib/i386-linux-gnu/libfreetype.so.6.11.1
b3533000-b3553000 r-xp 00000000 08:01 66655      /usr/lib/i386-linux-gnu/libxcb.so.1.1.0
b3553000-b3554000 r--p 0001f000 08:01 66655      /usr/lib/i386-linux-gnu/libxcb.so.1.1.0
b3554000-b3555000 rw-p 00020000 08:01 66655      /usr/lib/i386-linux-gnu/libxcb.so.1.1.0
b3555000-b358e000 r-xp 00000000 08:01 9177       /usr/lib/i386-linux-gnu/libfontconfig.so.1.8.0
b358e000-b358f000 r--p 00039000 08:01 9177       /usr/lib/i386-linux-gnu/libfontconfig.so.1.8.0
b358f000-b3590000 rw-p 0003a000 08:01 9177       /usr/lib/i386-linux-gnu/libfontconfig.so.1.8.0
b3590000-b359e000 r-xp 00000000 08:01 7577       /usr/lib/i386-linux-gnu/libXi.so.6.1.0
b359e000-b359f000 r--p 0000e000 08:01 7577       /usr/lib/i386-linux-gnu/libXi.so.6.1.0
b359f000-b35a0000 rw-p 0000f000 08:01 7577       /usr/lib/i386-linux-gnu/libXi.so.6.1.0
b35a0000-b35a5000 r-xp 00000000 08:01 10292      /usr/lib/i386-linux-gnu/libXtst.so.6.1.0
b35a5000-b35a6000 r--p 00004000 08:01 10292      /usr/lib/i386-linux-gnu/libXtst.so.6.1.0
b35a6000-b35a7000 rw-p 00005000 08:01 10292      /usr/lib/i386-linux-gnu/libXtst.so.6.1.0
b35a7000-b35b0000 r-xp 00000000 08:01 6199       /usr/lib/i386-linux-gnu/libXrender.so.1.3.0
b35b0000-b35b1000 r--p 00008000 08:01 6199       /usr/lib/i386-linux-gnu/libXrender.so.1.3.0
b35b1000-b35b2000 rw-p 00009000 08:01 6199       /usr/lib/i386-linux-gnu/libXrender.so.1.3.0
b35b2000-b36e2000 r-xp 00000000 08:01 10842      /usr/lib/i386-linux-gnu/libX11.so.6.3.0
b36e2000-b36e3000 r--p 00130000 08:01 10842      /usr/lib/i386-linux-gnu/libX11.so.6.3.0
b36e3000-b36e5000 rw-p 00131000 08:01 10842      /usr/lib/i386-linux-gnu/libX11.so.6.3.0
b36e5000-b36e6000 rw-p 00000000 00:00 0 
b36e6000-b36f7000 r-xp 00000000 08:01 6183       /usr/lib/i386-linux-gnu/libXext.so.6.4.0
b36f7000-b36f8000 r--p 00010000 08:01 6183       /usr/lib/i386-linux-gnu/libXext.so.6.4.0
b36f8000-b36f9000 rw-p 00011000 08:01 6183       /usr/lib/i386-linux-gnu/libXext.so.6.4.0
b36f9000-b3741000 r-xp 00000000 08:01 136650     /usr/lib/jvm/java-7-openjdk-i386/jre/lib/i386/xawt/libmawt.so
b3741000-b3742000 r--p 00048000 08:01 136650     /usr/lib/jvm/java-7-openjdk-i386/jre/lib/i386/xawt/libmawt.so
b3742000-b3744000 rw-p 00049000 08:01 136650     /usr/lib/jvm/java-7-openjdk-i386/jre/lib/i386/xawt/libmawt.so
b3744000-b3745000 rw-p 00000000 00:00 0 
b3745000-b37d4000 r-xp 00000000 08:01 171844     /usr/lib/jvm/java-7-openjdk-i386/jre/lib/i386/libawt.so
b37d4000-b37d5000 r--p 0008f000 08:01 171844     /usr/lib/jvm/java-7-openjdk-i386/jre/lib/i386/libawt.so
b37d5000-b37dc000 rw-p 00090000 08:01 171844     /usr/lib/jvm/java-7-openjdk-i386/jre/lib/i386/libawt.so
b37dc000-b3800000 rw-p 00000000 00:00 0 
b3800000-b388c000 rw-p 00000000 00:00 0 
b388c000-b3900000 ---p 00000000 00:00 0 
b3900000-b3902000 r-xp 00000000 08:01 5352       /usr/lib/i386-linux-gnu/libXau.so.6.0.0
b3902000-b3903000 r--p 00001000 08:01 5352       /usr/lib/i386-linux-gnu/libXau.so.6.0.0
b3903000-b3904000 rw-p 00002000 08:01 5352       /usr/lib/i386-linux-gnu/libXau.so.6.0.0
b3904000-b3906000 r-xp 00000000 08:01 3489       /usr/lib/i386-linux-gnu/libXcomposite.so.1.0.0
b3906000-b3907000 r--p 00001000 08:01 3489       /usr/lib/i386-linux-gnu/libXcomposite.so.1.0.0
b3907000-b3908000 rw-p 00002000 08:01 3489       /usr/lib/i386-linux-gnu/libXcomposite.so.1.0.0
b3908000-b3944000 r-xp 00000000 08:01 132344     /lib/i386-linux-gnu/libpcre.so.3.13.1
b3944000-b3945000 r--p 0003b000 08:01 132344     /lib/i386-linux-gnu/libpcre.so.3.13.1
b3945000-b3946000 rw-p 0003c000 08:01 132344     /lib/i386-linux-gnu/libpcre.so.3.13.1
b3946000-b394b000 r-xp 00000000 08:01 9076       /usr/lib/i386-linux-gnu/libffi.so.6.0.1
b394b000-b394c000 r--p 00005000 08:01 9076       /usr/lib/i386-linux-gnu/libffi.so.6.0.1
b394c000-b394d000 rw-p 00006000 08:01 9076       /usr/lib/i386-linux-gnu/libffi.so.6.0.1
b394d000-b3960000 r-xp 00000000 08:01 158559     /lib/i386-linux-gnu/libresolv-2.19.so
b3960000-b3961000 ---p 00013000 08:01 158559     /lib/i386-linux-gnu/libresolv-2.19.so
b3961000-b3962000 r--p 00013000 08:01 158559     /lib/i386-linux-gnu/libresolv-2.19.so
b3962000-b3963000 rw-p 00014000 08:01 158559     /lib/i386-linux-gnu/libresolv-2.19.so
b3963000-b3965000 rw-p 00000000 00:00 0 
b3965000-b3985000 r-xp 00000000 08:01 131406     /lib/i386-linux-gnu/libselinux.so.1
b3985000-b3986000 r--p 0001f000 08:01 131406     /lib/i386-linux-gnu/libselinux.so.1
b3986000-b3987000 rw-p 00020000 08:01 131406     /lib/i386-linux-gnu/libselinux.so.1
b3987000-b3988000 rw-p 00000000 00:00 0 
b3988000-b398b000 r-xp 00000000 08:01 1675       /usr/lib/i386-linux-gnu/libgmodule-2.0.so.0.4002.0
b398b000-b398c000 r--p 00002000 08:01 1675       /usr/lib/i386-linux-gnu/libgmodule-2.0.so.0.4002.0
b398c000-b398d000 rw-p 00003000 08:01 1675       /usr/lib/i386-linux-gnu/libgmodule-2.0.so.0.4002.0
b398d000-b3a97000 r-xp 00000000 08:01 136564     /lib/i386-linux-gnu/libglib-2.0.so.0.4002.0
b3a97000-b3a98000 r--p 00109000 08:01 136564     /lib/i386-linux-gnu/libglib-2.0.so.0.4002.0
b3a98000-b3a99000 rw-p 0010a000 08:01 136564     /lib/i386-linux-gnu/libglib-2.0.so.0.4002.0
b3a99000-b3ae9000 r-xp 00000000 08:01 1672       /usr/lib/i386-linux-gnu/libgobject-2.0.so.0.4002.0
b3ae9000-b3aea000 r--p 0004f000 08:01 1672       /usr/lib/i386-linux-gnu/libgobject-2.0.so.0.4002.0
b3aea000-b3aeb000 rw-p 00050000 08:01 1672       /usr/lib/i386-linux-gnu/libgobject-2.0.so.0.4002.0
b3aeb000-b3c68000 r-xp 00000000 08:01 1674       /usr/lib/i386-linux-gnu/libgio-2.0.so.0.4002.0
b3c68000-b3c6a000 r--p 0017d000 08:01 1674       /usr/lib/i386-linux-gnu/libgio-2.0.so.0.4002.0
b3c6a000-b3c6b000 rw-p 0017f000 08:01 1674       /usr/lib/i386-linux-gnu/libgio-2.0.so.0.4002.0
b3c6b000-b3c6c000 rw-p 00000000 00:00 0 
b3c6c000-b3c6d000 r--s 00000000 08:01 401844     /var/cache/fontconfig/56cf4f4769d0f4abc89a4895d7bd3ae1-le32d4.cache-4
b3c6d000-b3c71000 r--s 00000000 08:01 401842     /var/cache/fontconfig/b47c4e1ecd0709278f4910c18777a504-le32d4.cache-4
b3c71000-b3c78000 r--s 00000000 08:01 401829     /var/cache/fontconfig/3f7329c5293ffd510edef78f73874cfd-le32d4.cache-4
b3c78000-b3c81000 r--s 00000000 08:01 401785     /var/cache/fontconfig/d589a48862398ed80a3d6066f4f56f4c-le32d4.cache-4
b3c81000-b3c83000 r--s 00000000 08:01 394475     /var/cache/fontconfig/e13b20fdb08344e0e664864cc2ede53d-le32d4.cache-4
b3c83000-b3c9b000 r-xp 00000000 08:01 171836     /usr/lib/jvm/java-7-openjdk-i386/jre/lib/i386/libnet.so
b3c9b000-b3c9c000 r--p 00017000 08:01 171836     /usr/lib/jvm/java-7-openjdk-i386/jre/lib/i386/libnet.so
b3c9c000-b3c9d000 rw-p 00018000 08:01 171836     /usr/lib/jvm/java-7-openjdk-i386/jre/lib/i386/libnet.so
b3c9d000-b3cae000 r-xp 00000000 08:01 171778     /usr/lib/jvm/java-7-openjdk-i386/jre/lib/i386/libnio.so
b3cae000-b3caf000 r--p 00010000 08:01 171778     /usr/lib/jvm/java-7-openjdk-i386/jre/lib/i386/libnio.so
b3caf000-b3cb0000 rw-p 00011000 08:01 171778     /usr/lib/jvm/java-7-openjdk-i386/jre/lib/i386/libnio.so
b3cb0000-b3cba000 r--s 000ae000 08:01 136921     /usr/lib/jvm/java-7-openjdk-i386/jre/lib/resources.jar
b3cba000-b3cbb000 ---p 00000000 00:00 0 
b3cbb000-b3d3b000 rw-p 00000000 00:00 0          [stack:3929]
b3d3b000-b3d3e000 ---p 00000000 00:00 0 
b3d3e000-b3d8c000 rw-p 00000000 00:00 0          [stack:3928]
b3d8c000-b3d8f000 ---p 00000000 00:00 0 
b3d8f000-b3e0d000 rw-p 00000000 00:00 0          [stack:3927]
b3e0d000-b3e10000 ---p 00000000 00:00 0 
b3e10000-b3e5e000 rw-p 00000000 00:00 0          [stack:3926]
b3e5e000-b405e000 r--p 00000000 08:01 369        /usr/lib/locale/locale-archive
b405e000-b4061000 ---p 00000000 00:00 0 
b4061000-b40af000 rw-p 00000000 00:00 0          [stack:3925]
b40af000-b40b2000 ---p 00000000 00:00 0 
b40b2000-b4100000 rw-p 00000000 00:00 0          [stack:3924]
b4100000-b4128000 rw-p 00000000 00:00 0 
b4128000-b4200000 ---p 00000000 00:00 0 
b4200000-b4201000 r--s 00000000 08:01 401843     /var/cache/fontconfig/b9d506c9ac06c20b433354fa67a72993-le32d4.cache-4
b4201000-b421e000 r--s 0014f000 08:01 293673     /home/user/Desktop/Dual-radio-simulation/tools/cooja/lib/swingx-all-1.6.4.jar
b421e000-b4225000 r--s 0005b000 08:01 293671     /home/user/Desktop/Dual-radio-simulation/tools/cooja/lib/jsyntaxpane.jar
b4225000-b422c000 r--s 0004f000 08:01 293672     /home/user/Desktop/Dual-radio-simulation/tools/cooja/lib/log4j.jar
b422c000-b422d000 ---p 00000000 00:00 0 
b422d000-b42f6000 rw-p 00000000 00:00 0          [stack:3923]
b42f6000-b44a9000 r--s 01d41000 08:01 136926     /usr/lib/jvm/java-7-openjdk-i386/jre/lib/rt.jar
b44a9000-b44af000 rw-p 00000000 00:00 0 
b44af000-b4554000 rw-p 00000000 00:00 0 
b4554000-b4557000 rw-p 00000000 00:00 0 
b4557000-b45a9000 rw-p 00000000 00:00 0 
b45a9000-b45af000 rw-p 00000000 00:00 0 
b45af000-b4654000 rw-p 00000000 00:00 0 
b4654000-b465a000 rw-p 00000000 00:00 0 
b465a000-b4674000 rw-p 00000000 00:00 0 
b4674000-b468a000 rw-p 00000000 00:00 0 
b468a000-b4700000 rw-p 00000000 00:00 0 
b4700000-b4948000 rwxp 00000000 00:00 0 
b4948000-b67f7000 rw-p 00000000 00:00 0 
b67f7000-b6800000 ---p 00000000 00:00 0 
b6800000-b6803000 r--s 00000000 08:01 394702     /var/cache/fontconfig/7ef2298fde41cc6eeb7af42e48b7d293-le32d4.cache-4
b6803000-b6806000 r--s 00022000 08:01 293670     /home/user/Desktop/Dual-radio-simulation/tools/cooja/lib/jdom.jar
b6806000-b680a000 r--s 00085000 08:01 171728     /usr/lib/jvm/java-7-openjdk-i386/jre/lib/ext/localedata.jar
b680a000-b680e000 r--s 00034000 08:01 136936     /usr/lib/jvm/java-7-openjdk-i386/jre/lib/ext/sunjce_provider.jar
b680e000-b6811000 r--s 0000f000 08:01 153628     /usr/lib/jvm/java-7-openjdk-i386/jre/lib/ext/icedtea-sound.jar
b6811000-b6825000 rw-p 00000000 00:00 0 
b6825000-b683f000 rw-p 00000000 00:00 0 
b683f000-b6849000 r-xp 00000000 08:01 159039     /lib/i386-linux-gnu/libnss_files-2.19.so
b6849000-b684a000 r--p 00009000 08:01 159039     /lib/i386-linux-gnu/libnss_files-2.19.so
b684a000-b684b000 rw-p 0000a000 08:01 159039     /lib/i386-linux-gnu/libnss_files-2.19.so
b684b000-b6855000 r-xp 00000000 08:01 158574     /lib/i386-linux-gnu/libnss_nis-2.19.so
b6855000-b6856000 r--p 00009000 08:01 158574     /lib/i386-linux-gnu/libnss_nis-2.19.so
b6856000-b6857000 rw-p 0000a000 08:01 158574     /lib/i386-linux-gnu/libnss_nis-2.19.so
b6857000-b686c000 r-xp 00000000 08:01 158568     /lib/i386-linux-gnu/libnsl-2.19.so
b686c000-b686d000 r--p 00015000 08:01 158568     /lib/i386-linux-gnu/libnsl-2.19.so
b686d000-b686e000 rw-p 00016000 08:01 158568     /lib/i386-linux-gnu/libnsl-2.19.so
b686e000-b6870000 rw-p 00000000 00:00 0 
b6870000-b6877000 r-xp 00000000 08:01 158567     /lib/i386-linux-gnu/libnss_compat-2.19.so
b6877000-b6878000 r--p 00006000 08:01 158567     /lib/i386-linux-gnu/libnss_compat-2.19.so
b6878000-b6879000 rw-p 00007000 08:01 158567     /lib/i386-linux-gnu/libnss_compat-2.19.so
b6879000-b687a000 r--s 00000000 08:01 401740     /var/cache/fontconfig/0c9eb80ebd1c36541ebe2852d3bb0c49-le32d4.cache-4
b687a000-b687b000 r--s 00002000 08:01 136939     /usr/lib/jvm/java-7-openjdk-i386/jre/lib/ext/dnsns.jar
b687b000-b687e000 r--s 0003d000 08:01 136934     /usr/lib/jvm/java-7-openjdk-i386/jre/lib/ext/sunpkcs11.jar
b687e000-b6886000 r-xp 00000000 08:01 171832     /usr/lib/jvm/java-7-openjdk-i386/jre/lib/i386/libzip.so
b6886000-b6887000 r--p 00007000 08:01 171832     /usr/lib/jvm/java-7-openjdk-i386/jre/lib/i386/libzip.so
b6887000-b6888000 rw-p 00008000 08:01 171832     /usr/lib/jvm/java-7-openjdk-i386/jre/lib/i386/libzip.so
b6888000-b6890000 rw-s 00000000 08:01 167434     /tmp/hsperfdata_user/3917
b6890000-b68b7000 r-xp 00000000 08:01 171830     /usr/lib/jvm/java-7-openjdk-i386/jre/lib/i386/libjava.so
b68b7000-b68b8000 r--p 00026000 08:01 171830     /usr/lib/jvm/java-7-openjdk-i386/jre/lib/i386/libjava.so
b68b8000-b68b9000 rw-p 00027000 08:01 171830     /usr/lib/jvm/java-7-openjdk-i386/jre/lib/i386/libjava.so
b68b9000-b68c0000 r-xp 00000000 08:01 158579     /lib/i386-linux-gnu/librt-2.19.so
b68c0000-b68c1000 r--p 00006000 08:01 158579     /lib/i386-linux-gnu/librt-2.19.so
b68c1000-b68c2000 rw-p 00007000 08:01 158579     /lib/i386-linux-gnu/librt-2.19.so
b68c2000-b68c5000 ---p 00000000 00:00 0 
b68c5000-b6913000 rw-p 00000000 00:00 0          [stack:3919]
b6913000-b692f000 r-xp 00000000 08:01 158999     /lib/i386-linux-gnu/libgcc_s.so.1
b692f000-b6930000 rw-p 0001b000 08:01 158999     /lib/i386-linux-gnu/libgcc_s.so.1
b6930000-b6974000 r-xp 00000000 08:01 158561     /lib/i386-linux-gnu/libm-2.19.so
b6974000-b6975000 r--p 00043000 08:01 158561     /lib/i386-linux-gnu/libm-2.19.so
b6975000-b6976000 rw-p 00044000 08:01 158561     /lib/i386-linux-gnu/libm-2.19.so
b6976000-b6a52000 r-xp 00000000 08:01 289        /usr/lib/i386-linux-gnu/libstdc++.so.6.0.19
b6a52000-b6a56000 r--p 000dc000 08:01 289        /usr/lib/i386-linux-gnu/libstdc++.so.6.0.19
b6a56000-b6a57000 rw-p 000e0000 08:01 289        /usr/lib/i386-linux-gnu/libstdc++.so.6.0.19
b6a57000-b6a5e000 rw-p 00000000 00:00 0 
b6a5e000-b7095000 r-xp 00000000 08:01 171806     /usr/lib/jvm/java-7-openjdk-i386/jre/lib/i386/client/libjvm.so
b7095000-b7096000 ---p 00637000 08:01 171806     /usr/lib/jvm/java-7-openjdk-i386/jre/lib/i386/client/libjvm.so
b7096000-b70ac000 r--p 00637000 08:01 171806     /usr/lib/jvm/java-7-openjdk-i386/jre/lib/i386/client/libjvm.so
b70ac000-b70bb000 rw-p 0064d000 08:01 171806     /usr/lib/jvm/java-7-openjdk-i386/jre/lib/i386/client/libjvm.so
b70bb000-b74d7000 rw-p 00000000 00:00 0 
b74d7000-b74ef000 r-xp 00000000 08:01 158556     /lib/i386-linux-gnu/libz.so.1.2.8
b74ef000-b74f0000 r--p 00017000 08:01 158556     /lib/i386-linux-gnu/libz.so.1.2.8
b74f0000-b74f1000 rw-p 00018000 08:01 158556     /lib/i386-linux-gnu/libz.so.1.2.8
b74f1000-b7509000 r-xp 00000000 08:01 158571     /lib/i386-linux-gnu/libpthread-2.19.so
b7509000-b750a000 r--p 00018000 08:01 158571     /lib/i386-linux-gnu/libpthread-2.19.so
b750a000-b750b000 rw-p 00019000 08:01 158571     /lib/i386-linux-gnu/libpthread-2.19.so
b750b000-b750d000 rw-p 00000000 00:00 0 
b750d000-b7510000 r-xp 00000000 08:01 158563     /lib/i386-linux-gnu/libdl-2.19.so
b7510000-b7511000 r--p 00002000 08:01 158563     /lib/i386-linux-gnu/libdl-2.19.so
b7511000-b7512000 rw-p 00003000 08:01 158563     /lib/i386-linux-gnu/libdl-2.19.so
b7512000-b76ba000 r-xp 00000000 08:01 158580     /lib/i386-linux-gnu/libc-2.19.so
b76ba000-b76bb000 ---p 001a8000 08:01 158580     /lib/i386-linux-gnu/libc-2.19.so
b76bb000-b76bd000 r--p 001a8000 08:01 158580     /lib/i386-linux-gnu/libc-2.19.so
b76bd000-b76be000 rw-p 001aa000 08:01 158580     /lib/i386-linux-gnu/libc-2.19.so
b76be000-b76c1000 rw-p 00000000 00:00 0 
b76c1000-b76c3000 r--s 00006000 08:01 276693     /usr/share/java/java-atk-wrapper.jar
b76c3000-b76c5000 r--s 00012000 08:01 136938     /usr/lib/jvm/java-7-openjdk-i386/jre/lib/ext/zipfs.jar
b76c5000-b76c6000 r--p 002c5000 08:01 369        /usr/lib/locale/locale-archive
b76c6000-b76c7000 rw-p 00000000 00:00 0 
b76c7000-b76c8000 r--p 00000000 00:00 0 
b76c8000-b76d6000 r-xp 00000000 08:01 171834     /usr/lib/jvm/java-7-openjdk-i386/jre/lib/i386/libverify.so
b76d6000-b76d7000 r--p 0000d000 08:01 171834     /usr/lib/jvm/java-7-openjdk-i386/jre/lib/i386/libverify.so
b76d7000-b76d8000 rw-p 0000e000 08:01 171834     /usr/lib/jvm/java-7-openjdk-i386/jre/lib/i386/libverify.so
b76d8000-b76e4000 r-xp 00000000 08:01 171842     /usr/lib/jvm/java-7-openjdk-i386/jre/lib/i386/jli/libjli.so
b76e4000-b76e5000 r--p 0000c000 08:01 171842     /usr/lib/jvm/java-7-openjdk-i386/jre/lib/i386/jli/libjli.so
b76e5000-b76e6000 rw-p 0000d000 08:01 171842     /usr/lib/jvm/java-7-openjdk-i386/jre/lib/i386/jli/libjli.so
b76e6000-b76e9000 rw-p 00000000 00:00 0 
b76e9000-b76ea000 r-xp 00000000 00:00 0          [vdso]
b76ea000-b770a000 r-xp 00000000 08:01 158572     /lib/i386-linux-gnu/ld-2.19.so
b770a000-b770b000 r--p 0001f000 08:01 158572     /lib/i386-linux-gnu/ld-2.19.so
b770b000-b770c000 rw-p 00020000 08:01 158572     /lib/i386-linux-gnu/ld-2.19.so
bfde0000-bfde1000 rwxp 00000000 00:00 0 
bfe13000-bfe34000 rw-p 00000000 00:00 0          [stack]

VM Arguments:
jvm_args: -Xmx512m -Duser.language=en 
java_command: org.contikios.cooja.Cooja
Launcher Type: SUN_STANDARD

Environment Variables:
JAVA_HOME=/usr/lib/jvm/java-7-openjdk-i386
PATH=/usr/local/sdcc/bin:/usr/local/sbin:/usr/local/bin:/usr/sbin:/usr/bin:/sbin:/bin:/usr/games:/usr/local/games:/home/user/CodeSourcery/Sourcery_G++_Lite/bin:/usr/local/msp430/bin:/home/user/CodeSourcery/Sourcery_G++_Lite/bin
LD_LIBRARY_PATH=.
SHELL=/bin/bash
DISPLAY=:0

Signal Handlers:
SIGSEGV: [libjvm.so+0x4f0b20], sa_mask[0]=0x7ffbfeff, sa_flags=0x10000004
SIGBUS: [libjvm.so+0x4f0b20], sa_mask[0]=0x7ffbfeff, sa_flags=0x10000004
SIGFPE: [libjvm.so+0x3cc460], sa_mask[0]=0x7ffbfeff, sa_flags=0x10000004
SIGPIPE: [libjvm.so+0x3cc460], sa_mask[0]=0x7ffbfeff, sa_flags=0x10000004
SIGXFSZ: [libjvm.so+0x3cc460], sa_mask[0]=0x7ffbfeff, sa_flags=0x10000004
SIGILL: [libjvm.so+0x3cc460], sa_mask[0]=0x7ffbfeff, sa_flags=0x10000004
SIGUSR1: SIG_DFL, sa_mask[0]=0x00000000, sa_flags=0x00000000
SIGUSR2: [libjvm.so+0x3cc5c0], sa_mask[0]=0x00000004, sa_flags=0x10000004
SIGHUP: [libjvm.so+0x3cc520], sa_mask[0]=0x7ffbfeff, sa_flags=0x10000004
SIGINT: [libjvm.so+0x3cc520], sa_mask[0]=0x7ffbfeff, sa_flags=0x10000004
SIGTERM: [libjvm.so+0x3cc520], sa_mask[0]=0x7ffbfeff, sa_flags=0x10000004
SIGQUIT: [libjvm.so+0x3cc520], sa_mask[0]=0x7ffbfeff, sa_flags=0x10000004
SIGTRAP: SIG_DFL, sa_mask[0]=0x00000000, sa_flags=0x00000000


---------------  S Y S T E M  ---------------

OS:Ubuntu 14.04 (trusty)
uname:Linux 3.13.0-107-generic #154-Ubuntu SMP Mon Dec 19 19:20:26 UTC 2016 i686
libc:glibc 2.19 NPTL 2.19 
rlimit: STACK 8192k, CORE 0k, NPROC 32110, NOFILE 4096, AS infinity
load average:0.32 0.10 0.09

/proc/meminfo:
MemTotal:        4130132 kB
MemFree:         2477184 kB
Buffers:          145132 kB
Cached:          1043160 kB
SwapCached:            0 kB
Active:           801244 kB
Inactive:         736352 kB
Active(anon):     350316 kB
Inactive(anon):    25364 kB
Active(file):     450928 kB
Inactive(file):   710988 kB
Unevictable:          32 kB
Mlocked:              32 kB
HighTotal:       3280776 kB
HighFree:        2068388 kB
LowTotal:         849356 kB
LowFree:          408796 kB
SwapTotal:       1046524 kB
SwapFree:        1046524 kB
Dirty:              1112 kB
Writeback:             0 kB
AnonPages:        349332 kB
Mapped:           112520 kB
Shmem:             26380 kB
Slab:              78884 kB
SReclaimable:      65940 kB
SUnreclaim:        12944 kB
KernelStack:        2760 kB
PageTables:         6340 kB
NFS_Unstable:          0 kB
Bounce:                0 kB
WritebackTmp:          0 kB
CommitLimit:     3111588 kB
Committed_AS:    2324972 kB
VmallocTotal:     122880 kB
VmallocUsed:       23428 kB
VmallocChunk:      89088 kB
HardwareCorrupted:     0 kB
AnonHugePages:    165888 kB
HugePages_Total:       0
HugePages_Free:        0
HugePages_Rsvd:        0
HugePages_Surp:        0
Hugepagesize:       2048 kB
DirectMap4k:       14328 kB
DirectMap2M:      899072 kB


CPU:total 1 (1 cores per cpu, 1 threads per core) family 6 model 94 stepping 3, cmov, cx8, fxsr, mmx, sse, sse2, sse3, ssse3, sse4.1, sse4.2, popcnt, avx, aes, tsc, tscinvbit

/proc/cpuinfo:
processor	: 0
vendor_id	: GenuineIntel
cpu family	: 6
model		: 94
model name	: Intel(R) Core(TM) i5-6500 CPU @ 3.20GHz
stepping	: 3
microcode	: 0x76
cpu MHz		: 3600.000
cache size	: 6144 KB
physical id	: 0
siblings	: 1
core id		: 0
cpu cores	: 1
apicid		: 0
initial apicid	: 0
fdiv_bug	: no
f00f_bug	: no
coma_bug	: no
fpu		: yes
fpu_exception	: yes
cpuid level	: 22
wp		: yes
flags		: fpu vme de pse tsc msr pae mce cx8 apic sep mtrr pge mca cmov pat pse36 clflush dts mmx fxsr sse sse2 ss nx rdtscp lm constant_tsc arch_perfmon pebs bts tsc_reliable nonstop_tsc aperfmperf pni pclmulqdq ssse3 fma cx16 sse4_1 sse4_2 movbe popcnt aes xsave avx hypervisor lahf_lm 3dnowprefetch ida arat epb pln pts dtherm
bogomips	: 7200.00
clflush size	: 64
cache_alignment	: 64
address sizes	: 40 bits physical, 48 bits virtual
power management:



Memory: 4k page, physical 4130132k(2477184k free), swap 1046524k(1046524k free)

vm_info: OpenJDK Client VM (24.121-b00) for linux-x86 JRE (1.7.0_121-b00), built on Nov 16 2016 00:51:04 by "buildd" with gcc 4.8.4

time: Thu Jan 26 05:59:09 2017
elapsed time: 630 seconds

