#
# A fatal error has been detected by the Java Runtime Environment:
#
#  SIGSEGV (0xb) at pc=0x0000fdf1, pid=6690, tid=2993908544
#
# JRE version: OpenJDK Runtime Environment (7.0_79-b14) (build 1.7.0_79-b14)
# Java VM: OpenJDK Client VM (24.79-b02 mixed mode, sharing linux-x86 )
# Derivative: IcedTea 2.5.6
# Distribution: Ubuntu 14.04 LTS, package 7u79-2.5.6-0ubuntu1.14.04.1
# Problematic frame:
# C  0x0000fdf1
#
# Failed to write core dump. Core dumps have been disabled. To enable core dumping, try "ulimit -c unlimited" before starting Java again
#
# If you would like to submit a bug report, please include
# instructions on how to reproduce the bug and visit:
#   http://icedtea.classpath.org/bugzilla
# The crash happened outside the Java Virtual Machine in native code.
# See problematic frame for where to report the bug.
#

---------------  T H R E A D  ---------------

Current thread (0x0a11fc00):  JavaThread "Thread-5" [_thread_in_native, id=6825, stack(0xb26e6000,0xb2737000)]

siginfo:si_signo=SIGSEGV: si_errno=0, si_code=1 (SEGV_MAPERR), si_addr=0x0000fdf1

Registers:
EAX=0x0000fdf1, EBX=0xb2546023, ECX=0x00000000, EDX=0x00000069
ESP=0xb25651c8, EBP=0xb25651e4, ESI=0x0000004a, EDI=0x00000000
EIP=0x0000fdf1, EFLAGS=0x00010202, CR2=0x0000fdf1

Top of Stack: (sp=0xb25651c8)
0xb25651c8:   b2557b79 00000000 00000001 00000001
0xb25651d8:   00000052 b2556b61 b2546023 b2565224
0xb25651e8:   b2557deb 0000fdf1 00000000 00000001
0xb25651f8:   00000001 b25686c2 b25686e0 48dc6108
0xb2565208:   00000001 00080008 000e8008 000e000e
0xb2565218:   00000052 000e823a 000e000e 3d029b0e
0xb2565228:   00401e34 0000fdf1 00000000 00000000
0xb2565238:   0000feff 00120501 0000fd80 00000000 

Instructions: (pc=0x0000fdf1)
0x0000fdd1:   
[error occurred during error reporting (printing registers, top of stack, instructions near pc), id 0xb]

Register to memory mapping:

EAX=0x0000fdf1 is an unknown value
EBX=0xb2546023: <offset 0x11023> in /home/user/longrange/Dual-radio-simulation/examples/ipv6/rpl-udp/obj_cooja/mtype367.cooja at 0xb2535000
ECX=0x00000000 is an unknown value
EDX=0x00000069 is an unknown value
ESP=0xb25651c8: <offset 0x301c8> in /home/user/longrange/Dual-radio-simulation/examples/ipv6/rpl-udp/obj_cooja/mtype367.cooja at 0xb2535000
EBP=0xb25651e4: <offset 0x301e4> in /home/user/longrange/Dual-radio-simulation/examples/ipv6/rpl-udp/obj_cooja/mtype367.cooja at 0xb2535000
ESI=0x0000004a is an unknown value
EDI=0x00000000 is an unknown value


Stack: [0xb26e6000,0xb2737000],  sp=0xb25651c8,  free space=4192764k
Native frames: (J=compiled Java code, j=interpreted, Vv=VM code, C=native code)
C  0x0000fdf1
C  [mtype367.cooja+0x22deb]  send_one_packet+0x1f7

Java frames: (J=compiled Java code, j=interpreted, Vv=VM code)
J 1645  org.contikios.cooja.corecomm.Lib2.tick()V (0 bytes) @ 0xb4ad0010 [0xb4acffd0+0x40]
