#
# A fatal error has been detected by the Java Runtime Environment:
#
#  SIGSEGV (0xb) at pc=0x0000fdfd, pid=3919, tid=3001064256
#
# JRE version: OpenJDK Runtime Environment (7.0_111-b01) (build 1.7.0_111-b01)
# Java VM: OpenJDK Client VM (24.111-b01 mixed mode, sharing linux-x86 )
# Derivative: IcedTea 2.6.7
# Distribution: Ubuntu 14.04 LTS, package 7u111-2.6.7-0ubuntu0.14.04.3
# Problematic frame:
# C  0x0000fdfd
#
# Failed to write core dump. Core dumps have been disabled. To enable core dumping, try "ulimit -c unlimited" before starting Java again
#
# If you would like to submit a bug report, please include
# instructions on how to reproduce the bug and visit:
#   http://icedtea.classpath.org/bugzilla
# The crash happened outside the Java Virtual Machine in native code.
# See problematic frame for where to report the bug.
#

---------------  T H R E A D  ---------------

Current thread (0xb2c87c00):  JavaThread "Thread-6" [_thread_in_native, id=4034, stack(0xb2db9000,0xb2e0a000)]

siginfo:si_signo=SIGSEGV: si_errno=0, si_code=1 (SEGV_MAPERR), si_addr=0x0000fdfd

Registers:
EAX=0x0000fdfd, EBX=0xb2f5f23a, ECX=0x00000000, EDX=0x00000069
ESP=0xb2f7e1c8, EBP=0xb2f7e1e4, ESI=0x0000004a, EDI=0x00000000
EIP=0x0000fdfd, EFLAGS=0x00010202, CR2=0x0000fdfd

Top of Stack: (sp=0xb2f7e1c8)
0xb2f7e1c8:   b2f70dcb 00000000 00000001 00000001
0xb2f7e1d8:   00000052 b2f6fd8c b2f5f23a b2f7e224
0xb2f7e1e8:   b2f71050 0000fdfd 00000000 00000001
0xb2f7e1f8:   00000001 b2f816c2 b2f816e0 9bdc6146
0xb2f7e208:   00000001 00080008 00098008 00090009
0xb2f7e218:   00000052 0009823a 00090009 3d029b09
0xb2f7e228:   00401e5e 0000fdfd 00000000 00000000
0xb2f7e238:   0000feff 00120501 0000fd80 00000000 

Instructions: (pc=0x0000fdfd)
0x0000fddd:   
[error occurred during error reporting (printing registers, top of stack, instructions near pc), id 0xb]

Register to memory mapping:

EAX=0x0000fdfd is an unknown value
EBX=0xb2f5f23a: <offset 0x1123a> in /media/user/JK/Dual-radio-simulation/examples/ipv6/rpl-udp/obj_cooja/mtype3.cooja at 0xb2f4e000
ECX=0x00000000 is an unknown value
EDX=0x00000069 is an unknown value
ESP=0xb2f7e1c8: <offset 0x301c8> in /media/user/JK/Dual-radio-simulation/examples/ipv6/rpl-udp/obj_cooja/mtype3.cooja at 0xb2f4e000
EBP=0xb2f7e1e4: <offset 0x301e4> in /media/user/JK/Dual-radio-simulation/examples/ipv6/rpl-udp/obj_cooja/mtype3.cooja at 0xb2f4e000
ESI=0x0000004a is an unknown value
EDI=0x00000000 is an unknown value


Stack: [0xb2db9000,0xb2e0a000],  sp=0xb2f7e1c8,  free space=1812k
Native frames: (J=compiled Java code, j=interpreted, Vv=VM code, C=native code)
C  0x0000fdfd
C  [mtype3.cooja+0x23050]  send_one_packet+0x20a

Java frames: (J=compiled Java code, j=interpreted, Vv=VM code)
J 1174  org.contikios.cooja.corecomm.Lib2.tick()V (0 bytes) @ 0xb4acaa50 [0xb4acaa10+0x40]
