#
# A fatal error has been detected by the Java Runtime Environment:
#
#  SIGSEGV (0xb) at pc=0x00f01000, pid=3308, tid=3001568064
#
# JRE version: OpenJDK Runtime Environment (7.0_111-b01) (build 1.7.0_111-b01)
# Java VM: OpenJDK Client VM (24.111-b01 mixed mode, sharing linux-x86 )
# Derivative: IcedTea 2.6.7
# Distribution: Ubuntu 14.04 LTS, package 7u111-2.6.7-0ubuntu0.14.04.3
# Problematic frame:
# C  0x00f01000
#
# Failed to write core dump. Core dumps have been disabled. To enable core dumping, try "ulimit -c unlimited" before starting Java again
#
# If you would like to submit a bug report, please include
# instructions on how to reproduce the bug and visit:
#   http://icedtea.classpath.org/bugzilla
# The crash happened outside the Java Virtual Machine in native code.
# See problematic frame for where to report the bug.
#

---------------  T H R E A D  ---------------

Current thread (0xb2b7f400):  JavaThread "Thread-6" [_thread_in_native, id=3422, stack(0xb2e34000,0xb2e85000)]

siginfo:si_signo=SIGSEGV: si_errno=0, si_code=1 (SEGV_MAPERR), si_addr=0x00f01000

Registers:
EAX=0x00f01000, EBX=0xb2ef523a, ECX=0x00000000, EDX=0x00000069
ESP=0xb2f141c8, EBP=0xb2f141e4, ESI=0x00000048, EDI=0x00000000
EIP=0x00f01000, EFLAGS=0x00010206, CR2=0x00f01000

Top of Stack: (sp=0xb2f141c8)
0xb2f141c8:   b2f06dcb 0000fd00 00000001 00000001
0xb2f141d8:   0000006c b2f05d8c b2ef523a b2f14224
0xb2f141e8:   b2f07050 00f01000 0000fd00 00000001
0xb2f141f8:   00000001 b2f176c2 b2f176e0 90dc61fe
0xb2f14208:   00000001 00010001 00128001 00120012
0xb2f14218:   0000006c 0012823a 00120012 d7019b12
0xb2f14228:   02f01e80 00f01000 0000fd00 00000000
0xb2f14238:   00000000 0000feff 000e0401 070a0c08 

Instructions: (pc=0x00f01000)
0x00f00fe0:   
[error occurred during error reporting (printing registers, top of stack, instructions near pc), id 0xb]

Register to memory mapping:

EAX=0x00f01000 is an unknown value
EBX=0xb2ef523a: <offset 0x1123a> in /media/user/JK/Dual-radio-simulation/examples/ipv6/rpl-udp/obj_cooja/mtype588.cooja at 0xb2ee4000
ECX=0x00000000 is an unknown value
EDX=0x00000069 is an unknown value
ESP=0xb2f141c8: <offset 0x301c8> in /media/user/JK/Dual-radio-simulation/examples/ipv6/rpl-udp/obj_cooja/mtype588.cooja at 0xb2ee4000
EBP=0xb2f141e4: <offset 0x301e4> in /media/user/JK/Dual-radio-simulation/examples/ipv6/rpl-udp/obj_cooja/mtype588.cooja at 0xb2ee4000
ESI=0x00000048 is an unknown value
EDI=0x00000000 is an unknown value


Stack: [0xb2e34000,0xb2e85000],  sp=0xb2f141c8,  free space=896k
Native frames: (J=compiled Java code, j=interpreted, Vv=VM code, C=native code)
C  0x00f01000
C  [mtype588.cooja+0x23050]  send_one_packet+0x20a

Java frames: (J=compiled Java code, j=interpreted, Vv=VM code)
J 1168  org.contikios.cooja.corecomm.Lib2.tick()V (0 bytes) @ 0xb49d4a50 [0xb49d4a10+0x40]
