#
# A fatal error has been detected by the Java Runtime Environment:
#
#  SIGSEGV (0xb) at pc=0x000000fd, pid=19660, tid=3001072448
#
# JRE version: OpenJDK Runtime Environment (7.0_111-b01) (build 1.7.0_111-b01)
# Java VM: OpenJDK Client VM (24.111-b01 mixed mode, sharing linux-x86 )
# Derivative: IcedTea 2.6.7
# Distribution: Ubuntu 14.04 LTS, package 7u111-2.6.7-0ubuntu0.14.04.3
# Problematic frame:
# C  0x000000fd
#
# Failed to write core dump. Core dumps have been disabled. To enable core dumping, try "ulimit -c unlimited" before starting Java again
#
# If you would like to submit a bug report, please include
# instructions on how to reproduce the bug and visit:
#   http://icedtea.classpath.org/bugzilla
# The crash happened outside the Java Virtual Machine in native code.
# See problematic frame for where to report the bug.
#

---------------  T H R E A D  ---------------

Current thread (0xb2b7c800):  JavaThread "Thread-6" [_thread_in_native, id=19776, stack(0xb2dbb000,0xb2e0c000)]

siginfo:si_signo=SIGSEGV: si_errno=0, si_code=1 (SEGV_MAPERR), si_addr=0x000000fd

Registers:
EAX=0x000000fd, EBX=0xb2f0ffac, ECX=0x00000000, EDX=0x00000069
ESP=0xb2f2df78, EBP=0xb2f2df94, ESI=0x0000004a, EDI=0x00000000
EIP=0x000000fd, EFLAGS=0x00010202, CR2=0x000000fd

Top of Stack: (sp=0xb2f2df78)
0xb2f2df78:   b2f23701 00000000 00000001 00000001
0xb2f2df88:   00000067 b2f20afe b2f0ffac b2f2dfd4
0xb2f2df98:   b2f2159f 000000fd 00000000 00000001
0xb2f2dfa8:   00000001 b2f2dff0 b2f3429e 4dd84117
0xb2f2dfb8:   00000001 000f000f 800f000f 823a1b7a
0xb2f2dfc8:   00000067 1a0f000f f455019b 0005f01e
0xb2f2dfd8:   0000f110 000000fd 00000000 ff000000
0xb2f2dfe8:   010000fe 08000e04 00070a0c 01000001 

Instructions: (pc=0x000000fd)
0x000000dd:   
[error occurred during error reporting (printing registers, top of stack, instructions near pc), id 0xb]

Register to memory mapping:

EAX=